<?xml version="1.0" encoding="UTF-8"?>
<testsuite xmlns:xsi="http://www.w3.org/2001/XMLSchema-instance" xsi:noNamespaceSchemaLocation="https://maven.apache.org/surefire/maven-surefire-plugin/xsd/surefire-test-report-3.0.xsd" version="3.0" name="br.com.espacovista.controller.PrintControllerIntegrationTest" time="3.121" tests="2" errors="0" skipped="0" failures="0">
  <properties>
    <property name="java.specification.version" value="21"/>
    <property name="sun.cpu.isalist" value="amd64"/>
    <property name="sun.jnu.encoding" value="Cp1252"/>
    <property name="java.class.path" value="C:\Users\vista\OneDrive\Área de Trabalho\Desenvolvimento\app-impressora-etiquetas\backend\target\test-classes;C:\Users\vista\OneDrive\Área de Trabalho\Desenvolvimento\app-impressora-etiquetas\backend\target\classes;C:\Users\vista\.m2\repository\io\javalin\javalin\6.1.3\javalin-6.1.3.jar;C:\Users\vista\.m2\repository\org\eclipse\jetty\jetty-server\11.0.20\jetty-server-11.0.20.jar;C:\Users\vista\.m2\repository\org\eclipse\jetty\jetty-http\11.0.20\jetty-http-11.0.20.jar;C:\Users\vista\.m2\repository\org\eclipse\jetty\jetty-util\11.0.20\jetty-util-11.0.20.jar;C:\Users\vista\.m2\repository\org\eclipse\jetty\jetty-io\11.0.20\jetty-io-11.0.20.jar;C:\Users\vista\.m2\repository\org\eclipse\jetty\toolchain\jetty-jakarta-servlet-api\5.0.2\jetty-jakarta-servlet-api-5.0.2.jar;C:\Users\vista\.m2\repository\org\eclipse\jetty\websocket\websocket-jetty-server\11.0.20\websocket-jetty-server-11.0.20.jar;C:\Users\vista\.m2\repository\org\eclipse\jetty\jetty-servlet\11.0.20\jetty-servlet-11.0.20.jar;C:\Users\vista\.m2\repository\org\eclipse\jetty\jetty-security\11.0.20\jetty-security-11.0.20.jar;C:\Users\vista\.m2\repository\org\eclipse\jetty\jetty-webapp\11.0.20\jetty-webapp-11.0.20.jar;C:\Users\vista\.m2\repository\org\eclipse\jetty\jetty-xml\11.0.20\jetty-xml-11.0.20.jar;C:\Users\vista\.m2\repository\org\eclipse\jetty\websocket\websocket-jetty-api\11.0.20\websocket-jetty-api-11.0.20.jar;C:\Users\vista\.m2\repository\org\eclipse\jetty\websocket\websocket-jetty-common\11.0.20\websocket-jetty-common-11.0.20.jar;C:\Users\vista\.m2\repository\org\eclipse\jetty\websocket\websocket-core-common\11.0.20\websocket-core-common-11.0.20.jar;C:\Users\vista\.m2\repository\org\eclipse\jetty\websocket\websocket-servlet\11.0.20\websocket-servlet-11.0.20.jar;C:\Users\vista\.m2\repository\org\eclipse\jetty\websocket\websocket-core-server\11.0.20\websocket-core-server-11.0.20.jar;C:\Users\vista\.m2\repository\org\jetbrains\kotlin\kotlin-stdlib-jdk8\1.9.22\kotlin-stdlib-jdk8-1.9.22.jar;C:\Users\vista\.m2\repository\org\jetbrains\kotlin\kotlin-stdlib\1.9.22\kotlin-stdlib-1.9.22.jar;C:\Users\vista\.m2\repository\org\jetbrains\annotations\13.0\annotations-13.0.jar;C:\Users\vista\.m2\repository\org\jetbrains\kotlin\kotlin-stdlib-jdk7\1.9.22\kotlin-stdlib-jdk7-1.9.22.jar;C:\Users\vista\.m2\repository\org\slf4j\slf4j-api\2.0.13\slf4j-api-2.0.13.jar;C:\Users\vista\.m2\repository\ch\qos\logback\logback-classic\1.5.6\logback-classic-1.5.6.jar;C:\Users\vista\.m2\repository\ch\qos\logback\logback-core\1.5.6\logback-core-1.5.6.jar;C:\Users\vista\.m2\repository\com\google\code\gson\gson\2.11.0\gson-2.11.0.jar;C:\Users\vista\.m2\repository\com\google\errorprone\error_prone_annotations\2.27.0\error_prone_annotations-2.27.0.jar;C:\Users\vista\.m2\repository\org\junit\jupiter\junit-jupiter-api\5.10.2\junit-jupiter-api-5.10.2.jar;C:\Users\vista\.m2\repository\org\opentest4j\opentest4j\1.3.0\opentest4j-1.3.0.jar;C:\Users\vista\.m2\repository\org\junit\platform\junit-platform-commons\1.10.2\junit-platform-commons-1.10.2.jar;C:\Users\vista\.m2\repository\org\apiguardian\apiguardian-api\1.1.2\apiguardian-api-1.1.2.jar;C:\Users\vista\.m2\repository\org\junit\jupiter\junit-jupiter-engine\5.10.2\junit-jupiter-engine-5.10.2.jar;C:\Users\vista\.m2\repository\org\junit\platform\junit-platform-engine\1.10.2\junit-platform-engine-1.10.2.jar;C:\Users\vista\.m2\repository\org\mockito\mockito-core\5.12.0\mockito-core-5.12.0.jar;C:\Users\vista\.m2\repository\net\bytebuddy\byte-buddy\1.14.15\byte-buddy-1.14.15.jar;C:\Users\vista\.m2\repository\net\bytebuddy\byte-buddy-agent\1.14.15\byte-buddy-agent-1.14.15.jar;C:\Users\vista\.m2\repository\org\objenesis\objenesis\3.3\objenesis-3.3.jar;C:\Users\vista\.m2\repository\org\mockito\mockito-junit-jupiter\5.12.0\mockito-junit-jupiter-5.12.0.jar;C:\Users\vista\.m2\repository\fr\w3blog\zebra-zpl\0.0.3\zebra-zpl-0.0.3.jar;C:\Users\vista\.m2\repository\junit\junit\4.13.1\junit-4.13.1.jar;C:\Users\vista\.m2\repository\org\hamcrest\hamcrest-core\1.3\hamcrest-core-1.3.jar;"/>
    <property name="java.vm.vendor" value="Oracle Corporation"/>
    <property name="sun.arch.data.model" value="64"/>
    <property name="user.variant" value=""/>
    <property name="java.vendor.url" value="https://java.oracle.com/"/>
    <property name="user.timezone" value="America/Sao_Paulo"/>
    <property name="os.name" value="Windows 11"/>
    <property name="java.vm.specification.version" value="21"/>
    <property name="user.country" value="BR"/>
    <property name="sun.java.launcher" value="SUN_STANDARD"/>
    <property name="sun.boot.library.path" value="C:\Program Files\Java\jdk-21\bin"/>
    <property name="sun.java.command" value="C:\Users\vista\AppData\Local\Temp\surefire6260374680773583014\surefirebooter-20250811104912632_3.jar C:\Users\vista\AppData\Local\Temp\surefire6260374680773583014 2025-08-11T10-49-12_425-jvmRun1 surefire-20250811104912632_1tmp surefire_0-20250811104912632_2tmp"/>
    <property name="jdk.debug" value="release"/>
    <property name="surefire.test.class.path" value="C:\Users\vista\OneDrive\Área de Trabalho\Desenvolvimento\app-impressora-etiquetas\backend\target\test-classes;C:\Users\vista\OneDrive\Área de Trabalho\Desenvolvimento\app-impressora-etiquetas\backend\target\classes;C:\Users\vista\.m2\repository\io\javalin\javalin\6.1.3\javalin-6.1.3.jar;C:\Users\vista\.m2\repository\org\eclipse\jetty\jetty-server\11.0.20\jetty-server-11.0.20.jar;C:\Users\vista\.m2\repository\org\eclipse\jetty\jetty-http\11.0.20\jetty-http-11.0.20.jar;C:\Users\vista\.m2\repository\org\eclipse\jetty\jetty-util\11.0.20\jetty-util-11.0.20.jar;C:\Users\vista\.m2\repository\org\eclipse\jetty\jetty-io\11.0.20\jetty-io-11.0.20.jar;C:\Users\vista\.m2\repository\org\eclipse\jetty\toolchain\jetty-jakarta-servlet-api\5.0.2\jetty-jakarta-servlet-api-5.0.2.jar;C:\Users\vista\.m2\repository\org\eclipse\jetty\websocket\websocket-jetty-server\11.0.20\websocket-jetty-server-11.0.20.jar;C:\Users\vista\.m2\repository\org\eclipse\jetty\jetty-servlet\11.0.20\jetty-servlet-11.0.20.jar;C:\Users\vista\.m2\repository\org\eclipse\jetty\jetty-security\11.0.20\jetty-security-11.0.20.jar;C:\Users\vista\.m2\repository\org\eclipse\jetty\jetty-webapp\11.0.20\jetty-webapp-11.0.20.jar;C:\Users\vista\.m2\repository\org\eclipse\jetty\jetty-xml\11.0.20\jetty-xml-11.0.20.jar;C:\Users\vista\.m2\repository\org\eclipse\jetty\websocket\websocket-jetty-api\11.0.20\websocket-jetty-api-11.0.20.jar;C:\Users\vista\.m2\repository\org\eclipse\jetty\websocket\websocket-jetty-common\11.0.20\websocket-jetty-common-11.0.20.jar;C:\Users\vista\.m2\repository\org\eclipse\jetty\websocket\websocket-core-common\11.0.20\websocket-core-common-11.0.20.jar;C:\Users\vista\.m2\repository\org\eclipse\jetty\websocket\websocket-servlet\11.0.20\websocket-servlet-11.0.20.jar;C:\Users\vista\.m2\repository\org\eclipse\jetty\websocket\websocket-core-server\11.0.20\websocket-core-server-11.0.20.jar;C:\Users\vista\.m2\repository\org\jetbrains\kotlin\kotlin-stdlib-jdk8\1.9.22\kotlin-stdlib-jdk8-1.9.22.jar;C:\Users\vista\.m2\repository\org\jetbrains\kotlin\kotlin-stdlib\1.9.22\kotlin-stdlib-1.9.22.jar;C:\Users\vista\.m2\repository\org\jetbrains\annotations\13.0\annotations-13.0.jar;C:\Users\vista\.m2\repository\org\jetbrains\kotlin\kotlin-stdlib-jdk7\1.9.22\kotlin-stdlib-jdk7-1.9.22.jar;C:\Users\vista\.m2\repository\org\slf4j\slf4j-api\2.0.13\slf4j-api-2.0.13.jar;C:\Users\vista\.m2\repository\ch\qos\logback\logback-classic\1.5.6\logback-classic-1.5.6.jar;C:\Users\vista\.m2\repository\ch\qos\logback\logback-core\1.5.6\logback-core-1.5.6.jar;C:\Users\vista\.m2\repository\com\google\code\gson\gson\2.11.0\gson-2.11.0.jar;C:\Users\vista\.m2\repository\com\google\errorprone\error_prone_annotations\2.27.0\error_prone_annotations-2.27.0.jar;C:\Users\vista\.m2\repository\org\junit\jupiter\junit-jupiter-api\5.10.2\junit-jupiter-api-5.10.2.jar;C:\Users\vista\.m2\repository\org\opentest4j\opentest4j\1.3.0\opentest4j-1.3.0.jar;C:\Users\vista\.m2\repository\org\junit\platform\junit-platform-commons\1.10.2\junit-platform-commons-1.10.2.jar;C:\Users\vista\.m2\repository\org\apiguardian\apiguardian-api\1.1.2\apiguardian-api-1.1.2.jar;C:\Users\vista\.m2\repository\org\junit\jupiter\junit-jupiter-engine\5.10.2\junit-jupiter-engine-5.10.2.jar;C:\Users\vista\.m2\repository\org\junit\platform\junit-platform-engine\1.10.2\junit-platform-engine-1.10.2.jar;C:\Users\vista\.m2\repository\org\mockito\mockito-core\5.12.0\mockito-core-5.12.0.jar;C:\Users\vista\.m2\repository\net\bytebuddy\byte-buddy\1.14.15\byte-buddy-1.14.15.jar;C:\Users\vista\.m2\repository\net\bytebuddy\byte-buddy-agent\1.14.15\byte-buddy-agent-1.14.15.jar;C:\Users\vista\.m2\repository\org\objenesis\objenesis\3.3\objenesis-3.3.jar;C:\Users\vista\.m2\repository\org\mockito\mockito-junit-jupiter\5.12.0\mockito-junit-jupiter-5.12.0.jar;C:\Users\vista\.m2\repository\fr\w3blog\zebra-zpl\0.0.3\zebra-zpl-0.0.3.jar;C:\Users\vista\.m2\repository\junit\junit\4.13.1\junit-4.13.1.jar;C:\Users\vista\.m2\repository\org\hamcrest\hamcrest-core\1.3\hamcrest-core-1.3.jar;"/>
    <property name="sun.cpu.endian" value="little"/>
    <property name="user.home" value="C:\Users\vista"/>
    <property name="user.language" value="pt"/>
    <property name="java.specification.vendor" value="Oracle Corporation"/>
    <property name="java.version.date" value="2025-04-15"/>
    <property name="java.home" value="C:\Program Files\Java\jdk-21"/>
    <property name="file.separator" value="\"/>
    <property name="basedir" value="C:\Users\vista\OneDrive\Área de Trabalho\Desenvolvimento\app-impressora-etiquetas\backend"/>
    <property name="style.color" value="always"/>
    <property name="java.vm.compressedOopsMode" value="32-bit"/>
    <property name="line.separator" value="&#10;"/>
    <property name="java.vm.specification.vendor" value="Oracle Corporation"/>
    <property name="java.specification.name" value="Java Platform API Specification"/>
    <property name="surefire.real.class.path" value="C:\Users\vista\AppData\Local\Temp\surefire6260374680773583014\surefirebooter-20250811104912632_3.jar"/>
    <property name="user.script" value=""/>
    <property name="sun.management.compiler" value="HotSpot 64-Bit Tiered Compilers"/>
    <property name="java.runtime.version" value="21.0.7+8-LTS-245"/>
    <property name="user.name" value="vista"/>
    <property name="stdout.encoding" value="Cp1252"/>
    <property name="path.separator" value=";"/>
    <property name="os.version" value="10.0"/>
    <property name="java.runtime.name" value="Java(TM) SE Runtime Environment"/>
    <property name="file.encoding" value="UTF-8"/>
    <property name="java.vm.name" value="Java HotSpot(TM) 64-Bit Server VM"/>
    <property name="maven.ext.class.path" value="C:\Program Files\JetBrains\IntelliJ IDEA Community Edition 2025.1.2\plugins\maven\lib\maven-event-listener.jar"/>
    <property name="localRepository" value="C:\Users\vista\.m2\repository"/>
    <property name="java.vendor.url.bug" value="https://bugreport.java.com/bugreport/"/>
    <property name="jetty.git.hash" value="922f8dc188f7011e60d0361de585fd4ac4d63064"/>
    <property name="java.io.tmpdir" value="C:\Users\vista\AppData\Local\Temp\"/>
    <property name="idea.version" value="2025.2"/>
    <property name="java.version" value="21.0.7"/>
    <property name="user.dir" value="C:\Users\vista\OneDrive\Área de Trabalho\Desenvolvimento\app-impressora-etiquetas\backend"/>
    <property name="os.arch" value="amd64"/>
    <property name="jansi.passthrough" value="true"/>
    <property name="java.vm.specification.name" value="Java Virtual Machine Specification"/>
    <property name="sun.os.patch.level" value=""/>
    <property name="native.encoding" value="Cp1252"/>
    <property name="java.library.path" value="C:\Program Files\Java\jdk-21\bin;C:\WINDOWS\Sun\Java\bin;C:\WINDOWS\system32;C:\WINDOWS;C:\Program Files\Common Files\Oracle\Java\javapath;C:\WINDOWS\system32;C:\WINDOWS;C:\WINDOWS\System32\Wbem;C:\WINDOWS\System32\WindowsPowerShell\v1.0\;C:\WINDOWS\System32\OpenSSH\;C:\Program Files\dotnet\;C:\Program Files (x86)\OPOS\Epson3\;C:\Program Files\Git\cmd;C:\Program Files\MySQL\MySQL Shell 8.0\bin\;C:\Users\vista\AppData\Local\Programs\Python\Launcher\;c:\Users\vista\AppData\Local\Programs\Trae\bin;C:\Users\vista\AppData\Local\Microsoft\WindowsApps;C:\Users\vista\AppData\Local\Programs\Microsoft VS Code\bin;."/>
    <property name="java.vm.info" value="mixed mode, sharing"/>
    <property name="stderr.encoding" value="Cp1252"/>
    <property name="java.vendor" value="Oracle Corporation"/>
    <property name="java.vm.version" value="21.0.7+8-LTS-245"/>
    <property name="sun.io.unicode.encoding" value="UnicodeLittle"/>
    <property name="java.class.version" value="65.0"/>
  </properties>
  <testcase name="postToPrint_withValidRequest_shouldReturn200" classname="br.com.espacovista.controller.PrintControllerIntegrationTest" time="2.935">
    <system-out><![CDATA[10:49:14.872 [main] DEBUG org.eclipse.jetty.http.PreEncodedHttpField -- HttpField encoders loaded: [org.eclipse.jetty.http.Http1FieldPreEncoder@78e89bfe]
10:49:14.954 [main] DEBUG org.eclipse.jetty.util.component.ContainerLifeCycle -- QueuedThreadPool[qtp810672306]@3051e0b2{STOPPED,8<=0<=250,i=0,r=-1,t=-3198131ms,q=0}[NO_TRY] added {org.eclipse.jetty.util.thread.ThreadPoolBudget@31e72cbc,POJO}
10:49:14.961 [main] DEBUG org.eclipse.jetty.util.component.ContainerLifeCycle -- Server@67e28be3{STOPPED}[11.0.20,sto=0] added {QueuedThreadPool[JettyServerThreadPool]@3051e0b2{STOPPED,8<=0<=250,i=0,r=-1,t=-3198145ms,q=0}[NO_TRY],AUTO}
10:49:14.972 [main] DEBUG org.eclipse.jetty.util.component.ContainerLifeCycle -- Server@67e28be3{STOPPED}[11.0.20,sto=0] added {AttributeContainerMap@15dd5ac2{size=0},AUTO}
10:49:14.972 [main] DEBUG org.eclipse.jetty.util.component.ContainerLifeCycle -- Server@67e28be3{STOPPED}[11.0.20,sto=0] added {LowResourceMonitor@486bc9a4{STOPPED},AUTO}
10:49:14.980 [main] DEBUG org.eclipse.jetty.util.component.ContainerLifeCycle -- Server@67e28be3{STOPPED}[11.0.20,sto=0] added {StatisticsHandler@37b72ea{STOPPED,r=0,d=0},MANAGED}
10:49:14.980 [main] DEBUG org.eclipse.jetty.util.component.ContainerLifeCycle -- AttributeContainerMap@15dd5ac2{size=1} added {true,POJO}
10:49:15.011 [main] DEBUG org.eclipse.jetty.util.component.ContainerLifeCycle -- o.e.j.s.ServletContextHandler@5136207f{/,null,STOPPED} added {org.eclipse.jetty.server.session.SessionHandler648303898==dftMaxIdleSec=-1,MANAGED}
10:49:15.011 [main] DEBUG org.eclipse.jetty.util.component.ContainerLifeCycle -- org.eclipse.jetty.server.session.SessionHandler648303898==dftMaxIdleSec=-1 added {ServletHandler@69da0b12{STOPPED},MANAGED}
10:49:15.033 [main] DEBUG org.eclipse.jetty.util.component.ContainerLifeCycle -- o.e.j.s.ServletContextHandler@5136207f{/,null,STOPPED} added {ServletContainerInitializerStarter@3900fa71{STOPPED},MANAGED}
10:49:15.033 [main] DEBUG org.eclipse.jetty.util.component.ContainerLifeCycle -- ServletContainerInitializerStarter@3900fa71{STOPPED} added {ContainerInitializer{org.eclipse.jetty.websocket.server.config.JettyWebSocketServletContainerInitializer,interested=[],applicable=[],annotated=[]},MANAGED}
10:49:15.042 [main] DEBUG org.eclipse.jetty.util.component.ContainerLifeCycle -- o.e.j.s.ServletContextHandler@5136207f{/,null,STOPPED} added {org.eclipse.jetty.server.session.SessionHandler418299920==dftMaxIdleSec=-1,MANAGED}
10:49:15.042 [main] DEBUG org.eclipse.jetty.util.component.ContainerLifeCycle -- org.eclipse.jetty.server.session.SessionHandler418299920==dftMaxIdleSec=-1 added {ServletHandler@69da0b12{STOPPED},MANAGED}
10:49:15.042 [main] DEBUG org.eclipse.jetty.util.component.ContainerLifeCycle -- ServletHandler@69da0b12{STOPPED} added {io.javalin.jetty.JavalinJettyServlet-b016b4e==io.javalin.jetty.JavalinJettyServlet@23d44d92{jsp=null,order=-1,inst=false,async=true,src=EMBEDDED:null,STOPPED},AUTO}
10:49:15.051 [main] DEBUG org.eclipse.jetty.util.component.ContainerLifeCycle -- ServletHandler@69da0b12{STOPPED} added {[/*]=>io.javalin.jetty.JavalinJettyServlet-b016b4e,POJO}
10:49:15.051 [main] DEBUG org.eclipse.jetty.util.component.ContainerLifeCycle -- StatisticsHandler@37b72ea{STOPPED,r=0,d=0} added {o.e.j.s.ServletContextHandler@5136207f{/,null,STOPPED},MANAGED}
10:49:15.072 [main] DEBUG org.eclipse.jetty.util.component.ContainerLifeCycle -- HttpConnectionFactory@44841b43[HTTP/1.1] added {HttpConfiguration@7c75db8b{32768/8192,8192/8192,https://:0,[]},POJO}
10:49:15.074 [main] DEBUG org.eclipse.jetty.util.component.ContainerLifeCycle -- ServerConnector@7c1c5936{null, ()}{0.0.0.0:0} added {QueuedThreadPool[JettyServerThreadPool]@3051e0b2{STOPPED,8<=0<=250,i=0,r=-1,t=-3198251ms,q=0}[NO_TRY],AUTO}
10:49:15.081 [main] DEBUG org.eclipse.jetty.util.component.ContainerLifeCycle -- ServerConnector@7c1c5936{null, ()}{0.0.0.0:0} added {ScheduledExecutorScheduler@38018b62{STOPPED},AUTO}
10:49:15.090 [main] DEBUG org.eclipse.jetty.util.component.ContainerLifeCycle -- Server@67e28be3{STOPPED}[11.0.20,sto=0] added {LogarithmicArrayByteBufferPool@6e8a9c30{minBufferCapacity=0, maxBufferCapacity=65536, maxQueueLength=-1, factor=4096},POJO}
10:49:15.090 [main] DEBUG org.eclipse.jetty.util.component.ContainerLifeCycle -- ServerConnector@7c1c5936{null, ()}{0.0.0.0:0} added {LogarithmicArrayByteBufferPool@6e8a9c30{minBufferCapacity=0, maxBufferCapacity=65536, maxQueueLength=-1, factor=4096},UNMANAGED}
10:49:15.090 [main] DEBUG org.eclipse.jetty.util.component.ContainerLifeCycle -- ServerConnector@7c1c5936{null, ()}{0.0.0.0:0} added {org.eclipse.jetty.io.LogarithmicArrayByteBufferPool$LogarithmicRetainablePool@5d01ea21{min=0,max=65536,buckets=17,heap=0/-1,direct=0/-1},POJO}
10:49:15.090 [main] DEBUG org.eclipse.jetty.util.component.ContainerLifeCycle -- ServerConnector@7c1c5936{null, ()}{0.0.0.0:0} added {org.eclipse.jetty.server.AbstractConnector$1@2216effc,POJO}
10:49:15.090 [main] DEBUG org.eclipse.jetty.util.component.ContainerLifeCycle -- ServerConnector@7c1c5936{null, (http/1.1)}{0.0.0.0:0} added {HttpConnectionFactory@44841b43[HTTP/1.1],AUTO}
10:49:15.090 [main] DEBUG org.eclipse.jetty.server.AbstractConnector -- ServerConnector@7c1c5936{HTTP/1.1, (http/1.1)}{0.0.0.0:0} added HttpConnectionFactory@44841b43[HTTP/1.1]
10:49:15.096 [main] DEBUG org.eclipse.jetty.util.component.ContainerLifeCycle -- ServerConnector@7c1c5936{HTTP/1.1, (http/1.1)}{0.0.0.0:0} added {SelectorManager@ServerConnector@7c1c5936{HTTP/1.1, (http/1.1)}{0.0.0.0:0},MANAGED}
10:49:15.096 [main] DEBUG org.eclipse.jetty.util.component.ContainerLifeCycle -- Server@67e28be3{STOPPED}[11.0.20,sto=0] added {ServerConnector@7c1c5936{HTTP/1.1, (http/1.1)}{0.0.0.0:0},AUTO}
10:49:15.100 [main] INFO io.javalin.Javalin -- Starting Javalin ...
10:49:15.100 [main] DEBUG org.eclipse.jetty.util.component.AbstractLifeCycle -- STARTING Server@67e28be3{STOPPED}[11.0.20,sto=0]
10:49:15.102 [main] DEBUG org.eclipse.jetty.util.component.ContainerLifeCycle -- Server@67e28be3{STARTING}[11.0.20,sto=0] added {ErrorHandler@63716833{STOPPED},AUTO}
10:49:15.102 [main] INFO org.eclipse.jetty.server.Server -- jetty-11.0.20; built: 2024-01-29T21:04:22.394Z; git: 922f8dc188f7011e60d0361de585fd4ac4d63064; jvm 21.0.7+8-LTS-245
10:49:15.131 [main] DEBUG org.eclipse.jetty.server.AbstractConnector -- Could not configure SO_REUSEPORT to false on sun.nio.ch.ServerSocketChannelImpl[unbound]
java.lang.UnsupportedOperationException: 'SO_REUSEPORT' not supported
	at java.base/sun.nio.ch.ServerSocketChannelImpl.setOption(ServerSocketChannelImpl.java:219)
	at org.eclipse.jetty.server.ServerConnector.setSocketOption(ServerConnector.java:355)
	at org.eclipse.jetty.server.ServerConnector.openAcceptChannel(ServerConnector.java:336)
	at org.eclipse.jetty.server.ServerConnector.open(ServerConnector.java:304)
	at org.eclipse.jetty.server.Server.lambda$doStart$0(Server.java:402)
	at java.base/java.util.stream.ForEachOps$ForEachOp$OfRef.accept(ForEachOps.java:184)
	at java.base/java.util.stream.ReferencePipeline$3$1.accept(ReferencePipeline.java:197)
	at java.base/java.util.stream.ReferencePipeline$2$1.accept(ReferencePipeline.java:179)
	at java.base/java.util.Spliterators$ArraySpliterator.forEachRemaining(Spliterators.java:1024)
	at java.base/java.util.stream.AbstractPipeline.copyInto(AbstractPipeline.java:509)
	at java.base/java.util.stream.AbstractPipeline.wrapAndCopyInto(AbstractPipeline.java:499)
	at java.base/java.util.stream.ForEachOps$ForEachOp.evaluateSequential(ForEachOps.java:151)
	at java.base/java.util.stream.ForEachOps$ForEachOp$OfRef.evaluateSequential(ForEachOps.java:174)
	at java.base/java.util.stream.AbstractPipeline.evaluate(AbstractPipeline.java:234)
	at java.base/java.util.stream.ReferencePipeline.forEach(ReferencePipeline.java:596)
	at org.eclipse.jetty.server.Server.doStart(Server.java:398)
	at org.eclipse.jetty.util.component.AbstractLifeCycle.start(AbstractLifeCycle.java:93)
	at io.javalin.jetty.JettyServer.start(JettyServer.kt:93)
	at io.javalin.Javalin.start(Javalin.java:123)
	at br.com.espacovista.controller.PrintControllerIntegrationTest.setUp(PrintControllerIntegrationTest.java:40)
	at java.base/jdk.internal.reflect.DirectMethodHandleAccessor.invoke(DirectMethodHandleAccessor.java:103)
	at java.base/java.lang.reflect.Method.invoke(Method.java:580)
	at org.junit.platform.commons.util.ReflectionUtils.invokeMethod(ReflectionUtils.java:728)
	at org.junit.jupiter.engine.execution.MethodInvocation.proceed(MethodInvocation.java:60)
	at org.junit.jupiter.engine.execution.InvocationInterceptorChain$ValidatingInvocation.proceed(InvocationInterceptorChain.java:131)
	at org.junit.jupiter.engine.extension.TimeoutExtension.intercept(TimeoutExtension.java:156)
	at org.junit.jupiter.engine.extension.TimeoutExtension.interceptLifecycleMethod(TimeoutExtension.java:128)
	at org.junit.jupiter.engine.extension.TimeoutExtension.interceptBeforeEachMethod(TimeoutExtension.java:78)
	at org.junit.jupiter.engine.execution.InterceptingExecutableInvoker$ReflectiveInterceptorCall.lambda$ofVoidMethod$0(InterceptingExecutableInvoker.java:103)
	at org.junit.jupiter.engine.execution.InterceptingExecutableInvoker.lambda$invoke$0(InterceptingExecutableInvoker.java:93)
	at org.junit.jupiter.engine.execution.InvocationInterceptorChain$InterceptedInvocation.proceed(InvocationInterceptorChain.java:106)
	at org.junit.jupiter.engine.execution.InvocationInterceptorChain.proceed(InvocationInterceptorChain.java:64)
	at org.junit.jupiter.engine.execution.InvocationInterceptorChain.chainAndInvoke(InvocationInterceptorChain.java:45)
	at org.junit.jupiter.engine.execution.InvocationInterceptorChain.invoke(InvocationInterceptorChain.java:37)
	at org.junit.jupiter.engine.execution.InterceptingExecutableInvoker.invoke(InterceptingExecutableInvoker.java:92)
	at org.junit.jupiter.engine.execution.InterceptingExecutableInvoker.invoke(InterceptingExecutableInvoker.java:86)
	at org.junit.jupiter.engine.descriptor.ClassBasedTestDescriptor.invokeMethodInExtensionContext(ClassBasedTestDescriptor.java:521)
	at org.junit.jupiter.engine.descriptor.ClassBasedTestDescriptor.lambda$synthesizeBeforeEachMethodAdapter$23(ClassBasedTestDescriptor.java:506)
	at org.junit.jupiter.engine.descriptor.TestMethodTestDescriptor.lambda$invokeBeforeEachMethods$3(TestMethodTestDescriptor.java:175)
	at org.junit.jupiter.engine.descriptor.TestMethodTestDescriptor.lambda$invokeBeforeMethodsOrCallbacksUntilExceptionOccurs$6(TestMethodTestDescriptor.java:203)
	at org.junit.platform.engine.support.hierarchical.ThrowableCollector.execute(ThrowableCollector.java:73)
	at org.junit.jupiter.engine.descriptor.TestMethodTestDescriptor.invokeBeforeMethodsOrCallbacksUntilExceptionOccurs(TestMethodTestDescriptor.java:203)
	at org.junit.jupiter.engine.descriptor.TestMethodTestDescriptor.invokeBeforeEachMethods(TestMethodTestDescriptor.java:172)
	at org.junit.jupiter.engine.descriptor.TestMethodTestDescriptor.execute(TestMethodTestDescriptor.java:135)
	at org.junit.jupiter.engine.descriptor.TestMethodTestDescriptor.execute(TestMethodTestDescriptor.java:69)
	at org.junit.platform.engine.support.hierarchical.NodeTestTask.lambda$executeRecursively$6(NodeTestTask.java:151)
	at org.junit.platform.engine.support.hierarchical.ThrowableCollector.execute(ThrowableCollector.java:73)
	at org.junit.platform.engine.support.hierarchical.NodeTestTask.lambda$executeRecursively$8(NodeTestTask.java:141)
	at org.junit.platform.engine.support.hierarchical.Node.around(Node.java:137)
	at org.junit.platform.engine.support.hierarchical.NodeTestTask.lambda$executeRecursively$9(NodeTestTask.java:139)
	at org.junit.platform.engine.support.hierarchical.ThrowableCollector.execute(ThrowableCollector.java:73)
	at org.junit.platform.engine.support.hierarchical.NodeTestTask.executeRecursively(NodeTestTask.java:138)
	at org.junit.platform.engine.support.hierarchical.NodeTestTask.execute(NodeTestTask.java:95)
	at java.base/java.util.ArrayList.forEach(ArrayList.java:1596)
	at org.junit.platform.engine.support.hierarchical.SameThreadHierarchicalTestExecutorService.invokeAll(SameThreadHierarchicalTestExecutorService.java:41)
	at org.junit.platform.engine.support.hierarchical.NodeTestTask.lambda$executeRecursively$6(NodeTestTask.java:155)
	at org.junit.platform.engine.support.hierarchical.ThrowableCollector.execute(ThrowableCollector.java:73)
	at org.junit.platform.engine.support.hierarchical.NodeTestTask.lambda$executeRecursively$8(NodeTestTask.java:141)
	at org.junit.platform.engine.support.hierarchical.Node.around(Node.java:137)
	at org.junit.platform.engine.support.hierarchical.NodeTestTask.lambda$executeRecursively$9(NodeTestTask.java:139)
	at org.junit.platform.engine.support.hierarchical.ThrowableCollector.execute(ThrowableCollector.java:73)
	at org.junit.platform.engine.support.hierarchical.NodeTestTask.executeRecursively(NodeTestTask.java:138)
	at org.junit.platform.engine.support.hierarchical.NodeTestTask.execute(NodeTestTask.java:95)
	at java.base/java.util.ArrayList.forEach(ArrayList.java:1596)
	at org.junit.platform.engine.support.hierarchical.SameThreadHierarchicalTestExecutorService.invokeAll(SameThreadHierarchicalTestExecutorService.java:41)
	at org.junit.platform.engine.support.hierarchical.NodeTestTask.lambda$executeRecursively$6(NodeTestTask.java:155)
	at org.junit.platform.engine.support.hierarchical.ThrowableCollector.execute(ThrowableCollector.java:73)
	at org.junit.platform.engine.support.hierarchical.NodeTestTask.lambda$executeRecursively$8(NodeTestTask.java:141)
	at org.junit.platform.engine.support.hierarchical.Node.around(Node.java:137)
	at org.junit.platform.engine.support.hierarchical.NodeTestTask.lambda$executeRecursively$9(NodeTestTask.java:139)
	at org.junit.platform.engine.support.hierarchical.ThrowableCollector.execute(ThrowableCollector.java:73)
	at org.junit.platform.engine.support.hierarchical.NodeTestTask.executeRecursively(NodeTestTask.java:138)
	at org.junit.platform.engine.support.hierarchical.NodeTestTask.execute(NodeTestTask.java:95)
	at org.junit.platform.engine.support.hierarchical.SameThreadHierarchicalTestExecutorService.submit(SameThreadHierarchicalTestExecutorService.java:35)
	at org.junit.platform.engine.support.hierarchical.HierarchicalTestExecutor.execute(HierarchicalTestExecutor.java:57)
	at org.junit.platform.engine.support.hierarchical.HierarchicalTestEngine.execute(HierarchicalTestEngine.java:54)
	at org.junit.platform.launcher.core.EngineExecutionOrchestrator.execute(EngineExecutionOrchestrator.java:198)
	at org.junit.platform.launcher.core.EngineExecutionOrchestrator.execute(EngineExecutionOrchestrator.java:169)
	at org.junit.platform.launcher.core.EngineExecutionOrchestrator.execute(EngineExecutionOrchestrator.java:93)
	at org.junit.platform.launcher.core.EngineExecutionOrchestrator.lambda$execute$0(EngineExecutionOrchestrator.java:58)
	at org.junit.platform.launcher.core.EngineExecutionOrchestrator.withInterceptedStreams(EngineExecutionOrchestrator.java:141)
	at org.junit.platform.launcher.core.EngineExecutionOrchestrator.execute(EngineExecutionOrchestrator.java:57)
	at org.junit.platform.launcher.core.DefaultLauncher.execute(DefaultLauncher.java:103)
	at org.junit.platform.launcher.core.DefaultLauncher.execute(DefaultLauncher.java:85)
	at org.junit.platform.launcher.core.DelegatingLauncher.execute(DelegatingLauncher.java:47)
	at org.apache.maven.surefire.junitplatform.LazyLauncher.execute(LazyLauncher.java:56)
	at org.apache.maven.surefire.junitplatform.JUnitPlatformProvider.execute(JUnitPlatformProvider.java:184)
	at org.apache.maven.surefire.junitplatform.JUnitPlatformProvider.invokeAllTests(JUnitPlatformProvider.java:148)
	at org.apache.maven.surefire.junitplatform.JUnitPlatformProvider.invoke(JUnitPlatformProvider.java:122)
	at org.apache.maven.surefire.booter.ForkedBooter.runSuitesInProcess(ForkedBooter.java:385)
	at org.apache.maven.surefire.booter.ForkedBooter.execute(ForkedBooter.java:162)
	at org.apache.maven.surefire.booter.ForkedBooter.run(ForkedBooter.java:507)
	at org.apache.maven.surefire.booter.ForkedBooter.main(ForkedBooter.java:495)
10:49:15.145 [main] DEBUG org.eclipse.jetty.util.component.ContainerLifeCycle -- ServerConnector@7c1c5936{HTTP/1.1, (http/1.1)}{0.0.0.0:53844} added {sun.nio.ch.ServerSocketChannelImpl[/[0:0:0:0:0:0:0:0]:53844],POJO}
10:49:15.145 [main] DEBUG org.eclipse.jetty.server.handler.AbstractHandler -- starting Server@67e28be3{STARTING}[11.0.20,sto=0]
10:49:15.145 [main] DEBUG org.eclipse.jetty.util.component.AbstractLifeCycle -- STARTING QueuedThreadPool[JettyServerThreadPool]@3051e0b2{STOPPED,8<=0<=250,i=0,r=-1,t=-3198320ms,q=0}[NO_TRY]
10:49:15.150 [main] DEBUG org.eclipse.jetty.util.thread.ReservedThreadExecutor -- ReservedThreadExecutor@39008c9f{reserved=0/12,pending=0}
10:49:15.152 [main] DEBUG org.eclipse.jetty.util.component.ContainerLifeCycle -- QueuedThreadPool[JettyServerThreadPool]@3051e0b2{STARTING,8<=0<=250,i=0,r=-1,t=-3198323ms,q=0}[ReservedThreadExecutor@39008c9f{reserved=0/12,pending=0}] added {ReservedThreadExecutor@39008c9f{reserved=0/12,pending=0},AUTO}
10:49:15.152 [main] DEBUG org.eclipse.jetty.util.component.AbstractLifeCycle -- STARTING ReservedThreadExecutor@39008c9f{reserved=0/12,pending=0}
10:49:15.152 [main] DEBUG org.eclipse.jetty.util.component.AbstractLifeCycle -- STARTED @2362ms ReservedThreadExecutor@39008c9f{reserved=0/12,pending=0}
10:49:15.161 [main] DEBUG org.eclipse.jetty.util.thread.QueuedThreadPool -- Starting Thread[#35,JettyServerThreadPool-35,5,main]
10:49:15.161 [main] DEBUG org.eclipse.jetty.util.thread.QueuedThreadPool -- Starting Thread[#36,JettyServerThreadPool-36,5,main]
10:49:15.161 [main] DEBUG org.eclipse.jetty.util.thread.QueuedThreadPool -- Starting Thread[#37,JettyServerThreadPool-37,5,main]
10:49:15.161 [JettyServerThreadPool-35] DEBUG org.eclipse.jetty.util.thread.QueuedThreadPool -- Runner started for QueuedThreadPool[JettyServerThreadPool]@3051e0b2{STARTING,8<=3<=250,i=3,r=-1,t=59999ms,q=0}[ReservedThreadExecutor@39008c9f{reserved=0/12,pending=0}]
10:49:15.161 [main] DEBUG org.eclipse.jetty.util.thread.QueuedThreadPool -- Starting Thread[#38,JettyServerThreadPool-38,5,main]
10:49:15.161 [JettyServerThreadPool-36] DEBUG org.eclipse.jetty.util.thread.QueuedThreadPool -- Runner started for QueuedThreadPool[JettyServerThreadPool]@3051e0b2{STARTING,8<=4<=250,i=4,r=-1,t=59999ms,q=0}[ReservedThreadExecutor@39008c9f{reserved=0/12,pending=0}]
10:49:15.161 [main] DEBUG org.eclipse.jetty.util.thread.QueuedThreadPool -- Starting Thread[#39,JettyServerThreadPool-39,5,main]
10:49:15.161 [JettyServerThreadPool-37] DEBUG org.eclipse.jetty.util.thread.QueuedThreadPool -- Runner started for QueuedThreadPool[JettyServerThreadPool]@3051e0b2{STARTING,8<=5<=250,i=5,r=-1,t=59999ms,q=0}[ReservedThreadExecutor@39008c9f{reserved=0/12,pending=0}]
10:49:15.161 [main] DEBUG org.eclipse.jetty.util.thread.QueuedThreadPool -- Starting Thread[#40,JettyServerThreadPool-40,5,main]
10:49:15.161 [JettyServerThreadPool-38] DEBUG org.eclipse.jetty.util.thread.QueuedThreadPool -- Runner started for QueuedThreadPool[JettyServerThreadPool]@3051e0b2{STARTING,8<=6<=250,i=6,r=-1,t=59999ms,q=0}[ReservedThreadExecutor@39008c9f{reserved=0/12,pending=0}]
10:49:15.161 [main] DEBUG org.eclipse.jetty.util.thread.QueuedThreadPool -- Starting Thread[#41,JettyServerThreadPool-41,5,main]
10:49:15.161 [JettyServerThreadPool-39] DEBUG org.eclipse.jetty.util.thread.QueuedThreadPool -- Runner started for QueuedThreadPool[JettyServerThreadPool]@3051e0b2{STARTING,8<=7<=250,i=7,r=-1,t=59999ms,q=0}[ReservedThreadExecutor@39008c9f{reserved=0/12,pending=0}]
10:49:15.161 [main] DEBUG org.eclipse.jetty.util.thread.QueuedThreadPool -- Starting Thread[#42,JettyServerThreadPool-42,5,main]
10:49:15.161 [JettyServerThreadPool-40] DEBUG org.eclipse.jetty.util.thread.QueuedThreadPool -- Runner started for QueuedThreadPool[JettyServerThreadPool]@3051e0b2{STARTING,8<=8<=250,i=8,r=-1,t=59999ms,q=0}[ReservedThreadExecutor@39008c9f{reserved=0/12,pending=0}]
10:49:15.161 [main] DEBUG org.eclipse.jetty.util.component.AbstractLifeCycle -- STARTED @2372ms QueuedThreadPool[JettyServerThreadPool]@3051e0b2{STARTED,8<=8<=250,i=8,r=-1,t=59999ms,q=0}[ReservedThreadExecutor@39008c9f{reserved=0/12,pending=0}]
10:49:15.161 [main] DEBUG org.eclipse.jetty.util.component.AbstractLifeCycle -- STARTING AttributeContainerMap@15dd5ac2{size=1}
10:49:15.161 [JettyServerThreadPool-41] DEBUG org.eclipse.jetty.util.thread.QueuedThreadPool -- Runner started for QueuedThreadPool[JettyServerThreadPool]@3051e0b2{STARTED,8<=8<=250,i=8,r=-1,t=59999ms,q=0}[ReservedThreadExecutor@39008c9f{reserved=0/12,pending=0}]
10:49:15.161 [JettyServerThreadPool-42] DEBUG org.eclipse.jetty.util.thread.QueuedThreadPool -- Runner started for QueuedThreadPool[JettyServerThreadPool]@3051e0b2{STARTED,8<=8<=250,i=8,r=-1,t=59999ms,q=0}[ReservedThreadExecutor@39008c9f{reserved=0/12,pending=0}]
10:49:15.161 [main] DEBUG org.eclipse.jetty.util.component.AbstractLifeCycle -- STARTED @2373ms AttributeContainerMap@15dd5ac2{size=1}
10:49:15.161 [main] DEBUG org.eclipse.jetty.util.component.AbstractLifeCycle -- STARTING LowResourceMonitor@486bc9a4{STOPPED}
10:49:15.170 [main] DEBUG org.eclipse.jetty.util.component.AbstractLifeCycle -- STARTING LRMScheduler@4aaae508{STOPPED}
10:49:15.170 [main] DEBUG org.eclipse.jetty.util.component.AbstractLifeCycle -- STARTED @2375ms LRMScheduler@4aaae508{STARTED}
10:49:15.176 [main] DEBUG org.eclipse.jetty.util.component.AbstractLifeCycle -- STARTED @2381ms LowResourceMonitor@486bc9a4{STARTED}
10:49:15.176 [main] DEBUG org.eclipse.jetty.util.component.AbstractLifeCycle -- STARTING StatisticsHandler@37b72ea{STOPPED,r=0,d=0}
10:49:15.176 [main] DEBUG org.eclipse.jetty.server.handler.AbstractHandler -- starting StatisticsHandler@37b72ea{STARTING,r=0,d=0}
10:49:15.176 [main] DEBUG org.eclipse.jetty.util.component.AbstractLifeCycle -- STARTING o.e.j.s.ServletContextHandler@5136207f{/,null,STOPPED}
10:49:15.176 [main] DEBUG org.eclipse.jetty.util.DecoratedObjectFactory -- Adding Decorator: org.eclipse.jetty.util.DeprecationWarning@713064e8
10:49:15.180 [main] DEBUG org.eclipse.jetty.util.component.AbstractLifeCycle -- STARTING ServletContainerInitializerStarter@3900fa71{STOPPED}
10:49:15.180 [main] DEBUG org.eclipse.jetty.servlet.ServletContextHandler -- Starting SCIs
10:49:15.180 [main] DEBUG org.eclipse.jetty.util.component.AbstractLifeCycle -- STARTING ContainerInitializer{org.eclipse.jetty.websocket.server.config.JettyWebSocketServletContainerInitializer,interested=[],applicable=[],annotated=[]}
10:49:15.181 [main] DEBUG org.eclipse.jetty.util.component.AbstractLifeCycle -- STARTING InflaterPool@30e6a763{STOPPED,size=-1,capacity=250}
10:49:15.181 [main] DEBUG org.eclipse.jetty.util.component.ContainerLifeCycle -- InflaterPool@30e6a763{STARTING,size=0,capacity=250} added {Pool@4c48fe92[inUse=0,size=0,max=250,closed=false],POJO}
10:49:15.181 [main] DEBUG org.eclipse.jetty.util.component.AbstractLifeCycle -- STARTED @2389ms InflaterPool@30e6a763{STARTED,size=0,capacity=250}
10:49:15.181 [main] DEBUG org.eclipse.jetty.util.component.ContainerLifeCycle -- Server@67e28be3{STARTING}[11.0.20,sto=0] added {InflaterPool@30e6a763{STARTED,size=0,capacity=250},MANAGED}
10:49:15.181 [main] DEBUG org.eclipse.jetty.util.component.AbstractLifeCycle -- STARTING DeflaterPool@7c29adc8{STOPPED,size=-1,capacity=250}
10:49:15.181 [main] DEBUG org.eclipse.jetty.util.component.ContainerLifeCycle -- DeflaterPool@7c29adc8{STARTING,size=0,capacity=250} added {Pool@4b2e3e8f[inUse=0,size=0,max=250,closed=false],POJO}
10:49:15.181 [main] DEBUG org.eclipse.jetty.util.component.AbstractLifeCycle -- STARTED @2391ms DeflaterPool@7c29adc8{STARTED,size=0,capacity=250}
10:49:15.181 [main] DEBUG org.eclipse.jetty.util.component.ContainerLifeCycle -- Server@67e28be3{STARTING}[11.0.20,sto=0] added {DeflaterPool@7c29adc8{STARTED,size=0,capacity=250},MANAGED}
10:49:15.208 [main] DEBUG org.eclipse.jetty.util.component.ContainerLifeCycle -- WebSocketServerComponents@61e7bf2f{STOPPED} added {InflaterPool@30e6a763{STARTED,size=0,capacity=250},UNMANAGED}
10:49:15.208 [main] DEBUG org.eclipse.jetty.util.component.ContainerLifeCycle -- WebSocketServerComponents@61e7bf2f{STOPPED} added {DeflaterPool@7c29adc8{STARTED,size=0,capacity=250},UNMANAGED}
10:49:15.208 [main] DEBUG org.eclipse.jetty.util.component.ContainerLifeCycle -- WebSocketServerComponents@61e7bf2f{STOPPED} added {LogarithmicArrayByteBufferPool@6e8a9c30{minBufferCapacity=0, maxBufferCapacity=65536, maxQueueLength=-1, factor=4096},POJO}
10:49:15.208 [main] DEBUG org.eclipse.jetty.util.component.ContainerLifeCycle -- WebSocketServerComponents@61e7bf2f{STOPPED} added {org.eclipse.jetty.websocket.core.WebSocketExtensionRegistry@1a28b346,POJO}
10:49:15.208 [main] DEBUG org.eclipse.jetty.util.component.ContainerLifeCycle -- WebSocketServerComponents@61e7bf2f{STOPPED} added {org.eclipse.jetty.util.DecoratedObjectFactory[decorators=1],POJO}
10:49:15.208 [main] DEBUG org.eclipse.jetty.util.component.ContainerLifeCycle -- WebSocketServerComponents@61e7bf2f{STOPPED} added {QueuedThreadPool[JettyServerThreadPool]@3051e0b2{STARTED,8<=8<=250,i=8,r=-1,t=59958ms,q=0}[ReservedThreadExecutor@39008c9f{reserved=0/12,pending=0}],UNMANAGED}
10:49:15.208 [main] DEBUG org.eclipse.jetty.util.component.ContainerLifeCycle -- o.e.j.s.ServletContextHandler@5136207f{/,null,STARTING} added {WebSocketServerComponents@61e7bf2f{STOPPED},MANAGED}
10:49:15.208 [main] DEBUG org.eclipse.jetty.util.component.AbstractLifeCycle -- STARTING WebSocketServerComponents@61e7bf2f{STOPPED}
10:49:15.208 [main] DEBUG org.eclipse.jetty.util.component.AbstractLifeCycle -- STARTED @2414ms WebSocketServerComponents@61e7bf2f{STARTED}
10:49:15.211 [main] DEBUG org.eclipse.jetty.util.component.ContainerLifeCycle -- o.e.j.s.ServletContextHandler@5136207f{/,null,STARTING} added {WebSocketServerComponentsCleanupListener,POJO}
10:49:15.236 [main] DEBUG org.eclipse.jetty.util.component.ContainerLifeCycle -- JettyWebSocketServerContainer@6bbe50c9{STOPPED} added {JettyServerFrameHandlerFactory@3c46dcbe{STOPPED},AUTO}
10:49:15.236 [main] DEBUG org.eclipse.jetty.util.component.ContainerLifeCycle -- JettyWebSocketServerContainer@6bbe50c9{STOPPED} added {SessionTracker@68577ba8{STOPPED},AUTO}
10:49:15.236 [main] DEBUG org.eclipse.jetty.util.component.ContainerLifeCycle -- o.e.j.s.ServletContextHandler@5136207f{/,null,STARTING} added {JettyWebSocketServerContainer@6bbe50c9{STOPPED},MANAGED}
10:49:15.236 [main] DEBUG org.eclipse.jetty.util.component.AbstractLifeCycle -- STARTING JettyWebSocketServerContainer@6bbe50c9{STOPPED}
10:49:15.236 [main] DEBUG org.eclipse.jetty.util.component.AbstractLifeCycle -- STARTING JettyServerFrameHandlerFactory@3c46dcbe{STOPPED}
10:49:15.236 [main] DEBUG org.eclipse.jetty.util.component.AbstractLifeCycle -- STARTED @2442ms JettyServerFrameHandlerFactory@3c46dcbe{STARTED}
10:49:15.236 [main] DEBUG org.eclipse.jetty.util.component.AbstractLifeCycle -- STARTING SessionTracker@68577ba8{STOPPED}
10:49:15.236 [main] DEBUG org.eclipse.jetty.util.component.AbstractLifeCycle -- STARTED @2442ms SessionTracker@68577ba8{STARTED}
10:49:15.236 [main] DEBUG org.eclipse.jetty.util.component.AbstractLifeCycle -- STARTED @2442ms JettyWebSocketServerContainer@6bbe50c9{STARTED}
10:49:15.238 [main] DEBUG org.eclipse.jetty.util.component.ContainerLifeCycle -- o.e.j.s.ServletContextHandler@5136207f{/,null,STARTING} added {JettyWebSocketServerContainerCleanupListener,POJO}
10:49:15.238 [main] DEBUG org.eclipse.jetty.websocket.server.config.JettyWebSocketServletContainerInitializer -- initialize JettyWebSocketServerContainer@6bbe50c9{STARTED} WebSocketServerComponents@61e7bf2f{STARTED}
10:49:15.238 [main] DEBUG org.eclipse.jetty.websocket.server.config.JettyWebSocketServletContainerInitializer -- onStartup JettyWebSocketServerContainer@6bbe50c9{STARTED}
10:49:15.238 [main] DEBUG org.eclipse.jetty.servlet.ServletContainerInitializerHolder -- ServletContainerInitializer org.eclipse.jetty.websocket.server.config.JettyWebSocketServletContainerInitializer called in 59ms
10:49:15.238 [main] DEBUG org.eclipse.jetty.util.component.AbstractLifeCycle -- STARTED @2444ms ContainerInitializer{org.eclipse.jetty.websocket.server.config.JettyWebSocketServletContainerInitializer,interested=[],applicable=[],annotated=[]}
10:49:15.240 [main] DEBUG org.eclipse.jetty.util.component.AbstractLifeCycle -- STARTED @2444ms ServletContainerInitializerStarter@3900fa71{STARTED}
10:49:15.241 [main] DEBUG org.eclipse.jetty.server.handler.AbstractHandler -- starting o.e.j.s.ServletContextHandler@5136207f{/,null,STARTING}
10:49:15.243 [main] DEBUG org.eclipse.jetty.util.component.AbstractLifeCycle -- STARTING org.eclipse.jetty.server.session.SessionHandler418299920==dftMaxIdleSec=-1
10:49:15.243 [main] DEBUG org.eclipse.jetty.util.component.ContainerLifeCycle -- org.eclipse.jetty.server.session.SessionHandler418299920==dftMaxIdleSec=-1 added {org.eclipse.jetty.server.session.DefaultSessionCache@2eb917d0[evict=-1,removeUnloadable=false,saveOnCreate=false,saveOnInactiveEvict=false],AUTO}
10:49:15.243 [main] DEBUG org.eclipse.jetty.util.component.ContainerLifeCycle -- org.eclipse.jetty.server.session.DefaultSessionCache@2eb917d0[evict=-1,removeUnloadable=false,saveOnCreate=false,saveOnInactiveEvict=false] added {org.eclipse.jetty.server.session.NullSessionDataStore@6c806c8b[passivating=false,graceSec=3600],AUTO}
10:49:15.243 [main] DEBUG org.eclipse.jetty.util.component.AbstractLifeCycle -- STARTING DefaultSessionIdManager@14d8444b{STOPPED}[worker=null]
10:49:15.251 [main] DEBUG org.eclipse.jetty.util.component.ContainerLifeCycle -- DefaultSessionIdManager@14d8444b{STARTING}[worker=node0] added {HouseKeeper@16a49a5d{STOPPED}[interval=600000, ownscheduler=false],MANAGED}
10:49:15.261 [main] INFO org.eclipse.jetty.server.session.DefaultSessionIdManager -- Session workerName=node0
10:49:15.261 [main] DEBUG org.eclipse.jetty.util.component.AbstractLifeCycle -- STARTING HouseKeeper@16a49a5d{STOPPED}[interval=600000, ownscheduler=false]
10:49:15.261 [main] DEBUG org.eclipse.jetty.util.component.AbstractLifeCycle -- STARTING ScheduledExecutorScheduler@31d6f3fe{STOPPED}
10:49:15.261 [main] DEBUG org.eclipse.jetty.util.component.AbstractLifeCycle -- STARTED @2466ms ScheduledExecutorScheduler@31d6f3fe{STARTED}
10:49:15.261 [main] DEBUG org.eclipse.jetty.server.session.HouseKeeper -- node0 using own scheduler for scavenging
10:49:15.261 [main] DEBUG org.eclipse.jetty.server.session.HouseKeeper -- node0 scavenging every 600000ms
10:49:15.261 [main] DEBUG org.eclipse.jetty.util.component.AbstractLifeCycle -- STARTED @2468ms HouseKeeper@16a49a5d{STARTED}[interval=600000, ownscheduler=true]
10:49:15.261 [main] DEBUG org.eclipse.jetty.util.component.AbstractLifeCycle -- STARTED @2468ms DefaultSessionIdManager@14d8444b{STARTED}[worker=node0]
10:49:15.261 [main] DEBUG org.eclipse.jetty.util.component.ContainerLifeCycle -- Server@67e28be3{STARTING}[11.0.20,sto=0] added {DefaultSessionIdManager@14d8444b{STARTED}[worker=node0],MANAGED}
10:49:15.261 [main] DEBUG org.eclipse.jetty.util.component.ContainerLifeCycle -- org.eclipse.jetty.server.session.SessionHandler418299920==dftMaxIdleSec=-1 added {DefaultSessionIdManager@14d8444b{STARTED}[worker=node0],UNMANAGED}
10:49:15.261 [main] DEBUG org.eclipse.jetty.util.component.AbstractLifeCycle -- STARTING ScheduledExecutorScheduler@165e389b{STOPPED}
10:49:15.261 [main] DEBUG org.eclipse.jetty.util.component.AbstractLifeCycle -- STARTED @2469ms ScheduledExecutorScheduler@165e389b{STARTED}
10:49:15.261 [main] DEBUG org.eclipse.jetty.server.handler.AbstractHandler -- starting org.eclipse.jetty.server.session.SessionHandler418299920==dftMaxIdleSec=-1
10:49:15.261 [main] DEBUG org.eclipse.jetty.util.component.AbstractLifeCycle -- STARTING ServletHandler@69da0b12{STOPPED}
10:49:15.261 [main] DEBUG org.eclipse.jetty.servlet.ServletHandler -- Path=/*[EMBEDDED:null] mapped to servlet=io.javalin.jetty.JavalinJettyServlet-b016b4e[EMBEDDED:null]
10:49:15.271 [main] DEBUG org.eclipse.jetty.http.pathmap.ServletPathSpec -- Creating ServletPathSpec[/*] (group: PREFIX_GLOB, prefix: "", suffix: "null")
10:49:15.272 [main] DEBUG org.eclipse.jetty.http.pathmap.PathMappings -- Added MappedResource[pathSpec=ServletPathSpec@9457a78e{/*},resource=MappedServlet5524b72f{/*->io.javalin.jetty.JavalinJettyServlet-b016b4e==io.javalin.jetty.JavalinJettyServlet@23d44d92{jsp=null,order=-1,inst=false,async=true,src=EMBEDDED:null,STOPPED}}] to PathMappings[size=1]
10:49:15.272 [main] DEBUG org.eclipse.jetty.servlet.ServletHandler -- filterNameMap={} pathFilters=[] servletFilterMap={} servletPathMap=PathMappings[size=1] servletNameMap={io.javalin.jetty.JavalinJettyServlet-b016b4e=MappedServlet64f16277{null->io.javalin.jetty.JavalinJettyServlet-b016b4e==io.javalin.jetty.JavalinJettyServlet@23d44d92{jsp=null,order=-1,inst=false,async=true,src=EMBEDDED:null,STOPPED}}}
10:49:15.272 [main] DEBUG org.eclipse.jetty.servlet.ServletHandler -- Adding Default404Servlet to ServletHandler@69da0b12{STARTING}
10:49:15.272 [main] DEBUG org.eclipse.jetty.util.component.ContainerLifeCycle -- ServletHandler@69da0b12{STARTING} added {org.eclipse.jetty.servlet.ServletHandler$Default404Servlet-4e6f2bb5==org.eclipse.jetty.servlet.ServletHandler$Default404Servlet@b7968cf8{jsp=null,order=-1,inst=false,async=true,src=EMBEDDED:null,STOPPED},AUTO}
10:49:15.272 [main] DEBUG org.eclipse.jetty.util.component.ContainerLifeCycle -- ServletHandler@69da0b12{STARTING} added {[/]=>org.eclipse.jetty.servlet.ServletHandler$Default404Servlet-4e6f2bb5,POJO}
10:49:15.272 [main] DEBUG org.eclipse.jetty.servlet.ServletHandler -- Path=/*[EMBEDDED:null] mapped to servlet=io.javalin.jetty.JavalinJettyServlet-b016b4e[EMBEDDED:null]
10:49:15.272 [main] DEBUG org.eclipse.jetty.http.pathmap.ServletPathSpec -- Creating ServletPathSpec[/*] (group: PREFIX_GLOB, prefix: "", suffix: "null")
10:49:15.272 [main] DEBUG org.eclipse.jetty.http.pathmap.PathMappings -- Added MappedResource[pathSpec=ServletPathSpec@9457a78e{/*},resource=MappedServlet35e8316e{/*->io.javalin.jetty.JavalinJettyServlet-b016b4e==io.javalin.jetty.JavalinJettyServlet@23d44d92{jsp=null,order=-1,inst=false,async=true,src=EMBEDDED:null,STOPPED}}] to PathMappings[size=1]
10:49:15.272 [main] DEBUG org.eclipse.jetty.servlet.ServletHandler -- Path=/[EMBEDDED:null] mapped to servlet=org.eclipse.jetty.servlet.ServletHandler$Default404Servlet-4e6f2bb5[EMBEDDED:null]
10:49:15.272 [main] DEBUG org.eclipse.jetty.http.pathmap.PathMappings -- Added MappedResource[pathSpec=ServletPathSpec@9457dcb7{/},resource=MappedServlet26d96e5{/->org.eclipse.jetty.servlet.ServletHandler$Default404Servlet-4e6f2bb5==org.eclipse.jetty.servlet.ServletHandler$Default404Servlet@b7968cf8{jsp=null,order=-1,inst=false,async=true,src=EMBEDDED:null,STOPPED}}] to PathMappings[size=2]
10:49:15.272 [main] DEBUG org.eclipse.jetty.servlet.ServletHandler -- filterNameMap={} pathFilters=[] servletFilterMap={} servletPathMap=PathMappings[size=2] servletNameMap={io.javalin.jetty.JavalinJettyServlet-b016b4e=MappedServlet336880df{null->io.javalin.jetty.JavalinJettyServlet-b016b4e==io.javalin.jetty.JavalinJettyServlet@23d44d92{jsp=null,order=-1,inst=false,async=true,src=EMBEDDED:null,STOPPED}}, org.eclipse.jetty.servlet.ServletHandler$Default404Servlet-4e6f2bb5=MappedServlet1846579f{null->org.eclipse.jetty.servlet.ServletHandler$Default404Servlet-4e6f2bb5==org.eclipse.jetty.servlet.ServletHandler$Default404Servlet@b7968cf8{jsp=null,order=-1,inst=false,async=true,src=EMBEDDED:null,STOPPED}}}
10:49:15.272 [main] DEBUG org.eclipse.jetty.servlet.ServletHandler -- Path=/*[EMBEDDED:null] mapped to servlet=io.javalin.jetty.JavalinJettyServlet-b016b4e[EMBEDDED:null]
10:49:15.272 [main] DEBUG org.eclipse.jetty.http.pathmap.ServletPathSpec -- Creating ServletPathSpec[/*] (group: PREFIX_GLOB, prefix: "", suffix: "null")
10:49:15.272 [main] DEBUG org.eclipse.jetty.http.pathmap.PathMappings -- Added MappedResource[pathSpec=ServletPathSpec@9457a78e{/*},resource=MappedServlet6cd166b8{/*->io.javalin.jetty.JavalinJettyServlet-b016b4e==io.javalin.jetty.JavalinJettyServlet@23d44d92{jsp=null,order=-1,inst=false,async=true,src=EMBEDDED:null,STOPPED}}] to PathMappings[size=1]
10:49:15.272 [main] DEBUG org.eclipse.jetty.servlet.ServletHandler -- Path=/[EMBEDDED:null] mapped to servlet=org.eclipse.jetty.servlet.ServletHandler$Default404Servlet-4e6f2bb5[EMBEDDED:null]
10:49:15.272 [main] DEBUG org.eclipse.jetty.http.pathmap.PathMappings -- Added MappedResource[pathSpec=ServletPathSpec@9457dcb7{/},resource=MappedServlet2650f79{/->org.eclipse.jetty.servlet.ServletHandler$Default404Servlet-4e6f2bb5==org.eclipse.jetty.servlet.ServletHandler$Default404Servlet@b7968cf8{jsp=null,order=-1,inst=false,async=true,src=EMBEDDED:null,STOPPED}}] to PathMappings[size=2]
10:49:15.272 [main] DEBUG org.eclipse.jetty.servlet.ServletHandler -- filterNameMap={} pathFilters=[] servletFilterMap={} servletPathMap=PathMappings[size=2] servletNameMap={io.javalin.jetty.JavalinJettyServlet-b016b4e=MappedServlet336880df{null->io.javalin.jetty.JavalinJettyServlet-b016b4e==io.javalin.jetty.JavalinJettyServlet@23d44d92{jsp=null,order=-1,inst=false,async=true,src=EMBEDDED:null,STOPPED}}, org.eclipse.jetty.servlet.ServletHandler$Default404Servlet-4e6f2bb5=MappedServlet1846579f{null->org.eclipse.jetty.servlet.ServletHandler$Default404Servlet-4e6f2bb5==org.eclipse.jetty.servlet.ServletHandler$Default404Servlet@b7968cf8{jsp=null,order=-1,inst=false,async=true,src=EMBEDDED:null,STOPPED}}}
10:49:15.272 [main] DEBUG org.eclipse.jetty.server.handler.AbstractHandler -- starting ServletHandler@69da0b12{STARTING}
10:49:15.272 [main] DEBUG org.eclipse.jetty.util.component.AbstractLifeCycle -- STARTED @2480ms ServletHandler@69da0b12{STARTED}
10:49:15.272 [main] DEBUG org.eclipse.jetty.util.component.AbstractLifeCycle -- STARTING org.eclipse.jetty.server.session.DefaultSessionCache@2eb917d0[evict=-1,removeUnloadable=false,saveOnCreate=false,saveOnInactiveEvict=false]
10:49:15.272 [main] DEBUG org.eclipse.jetty.util.component.AbstractLifeCycle -- STARTING org.eclipse.jetty.server.session.NullSessionDataStore@6c806c8b[passivating=false,graceSec=3600]
10:49:15.272 [main] DEBUG org.eclipse.jetty.util.component.AbstractLifeCycle -- STARTED @2480ms org.eclipse.jetty.server.session.NullSessionDataStore@6c806c8b[passivating=false,graceSec=3600]
10:49:15.272 [main] DEBUG org.eclipse.jetty.util.component.AbstractLifeCycle -- STARTED @2480ms org.eclipse.jetty.server.session.DefaultSessionCache@2eb917d0[evict=-1,removeUnloadable=false,saveOnCreate=false,saveOnInactiveEvict=false]
10:49:15.272 [main] DEBUG org.eclipse.jetty.util.component.AbstractLifeCycle -- STARTED @2480ms org.eclipse.jetty.server.session.SessionHandler418299920==dftMaxIdleSec=-1
10:49:15.272 [main] DEBUG org.eclipse.jetty.util.component.AbstractLifeCycle -- STARTING io.javalin.jetty.JavalinJettyServlet-b016b4e==io.javalin.jetty.JavalinJettyServlet@23d44d92{jsp=null,order=-1,inst=false,async=true,src=EMBEDDED:null,STOPPED}
10:49:15.300 [main] DEBUG org.eclipse.jetty.util.component.AbstractLifeCycle -- STARTED @2504ms io.javalin.jetty.JavalinJettyServlet-b016b4e==io.javalin.jetty.JavalinJettyServlet@23d44d92{jsp=null,order=-1,inst=false,async=true,src=EMBEDDED:null,STARTED}
10:49:15.301 [main] DEBUG org.eclipse.jetty.servlet.ServletHolder -- Servlet.init null for io.javalin.jetty.JavalinJettyServlet-b016b4e
10:49:15.303 [main] DEBUG org.eclipse.jetty.http.pathmap.PathMappings -- Added MappedResource[pathSpec=ServletPathSpec@9457dcb7{/},resource=CreatorNegotiator@3ab6678b{org.eclipse.jetty.websocket.server.JettyWebSocketServlet$WrappedJettyCreator@7a904f32,JettyServerFrameHandlerFactory@3c46dcbe{STARTED}}] to PathMappings[size=1]
10:49:15.303 [main] DEBUG org.eclipse.jetty.util.component.AbstractLifeCycle -- STARTING org.eclipse.jetty.servlet.ServletHandler$Default404Servlet-4e6f2bb5==org.eclipse.jetty.servlet.ServletHandler$Default404Servlet@b7968cf8{jsp=null,order=-1,inst=false,async=true,src=EMBEDDED:null,STOPPED}
10:49:15.303 [main] DEBUG org.eclipse.jetty.util.component.AbstractLifeCycle -- STARTED @2511ms org.eclipse.jetty.servlet.ServletHandler$Default404Servlet-4e6f2bb5==org.eclipse.jetty.servlet.ServletHandler$Default404Servlet@b7968cf8{jsp=null,order=-1,inst=false,async=true,src=EMBEDDED:null,STARTED}
10:49:15.303 [main] INFO org.eclipse.jetty.server.handler.ContextHandler -- Started o.e.j.s.ServletContextHandler@5136207f{/,null,AVAILABLE}
10:49:15.303 [main] DEBUG org.eclipse.jetty.util.component.AbstractLifeCycle -- STARTED @2511ms o.e.j.s.ServletContextHandler@5136207f{/,null,AVAILABLE}
10:49:15.303 [main] DEBUG org.eclipse.jetty.util.component.AbstractLifeCycle -- STARTED @2512ms StatisticsHandler@37b72ea{STARTED,r=0,d=0}
10:49:15.303 [main] DEBUG org.eclipse.jetty.util.component.AbstractLifeCycle -- STARTING ErrorHandler@63716833{STOPPED}
10:49:15.303 [main] DEBUG org.eclipse.jetty.server.handler.AbstractHandler -- starting ErrorHandler@63716833{STARTING}
10:49:15.303 [main] DEBUG org.eclipse.jetty.util.component.AbstractLifeCycle -- STARTED @2512ms ErrorHandler@63716833{STARTED}
10:49:15.303 [main] DEBUG org.eclipse.jetty.util.component.AbstractLifeCycle -- STARTING ServerConnector@7c1c5936{HTTP/1.1, (http/1.1)}{0.0.0.0:53844}
10:49:15.313 [main] DEBUG org.eclipse.jetty.util.component.AbstractLifeCycle -- STARTING ScheduledExecutorScheduler@38018b62{STOPPED}
10:49:15.313 [main] DEBUG org.eclipse.jetty.util.component.AbstractLifeCycle -- STARTED @2519ms ScheduledExecutorScheduler@38018b62{STARTED}
10:49:15.313 [main] DEBUG org.eclipse.jetty.util.component.AbstractLifeCycle -- STARTING HttpConnectionFactory@44841b43[HTTP/1.1]
10:49:15.313 [main] DEBUG org.eclipse.jetty.util.component.AbstractLifeCycle -- STARTED @2519ms HttpConnectionFactory@44841b43[HTTP/1.1]
10:49:15.313 [main] DEBUG org.eclipse.jetty.util.component.AbstractLifeCycle -- STARTING SelectorManager@ServerConnector@7c1c5936{HTTP/1.1, (http/1.1)}{0.0.0.0:53844}
10:49:15.320 [main] DEBUG org.eclipse.jetty.util.component.ContainerLifeCycle -- AdaptiveExecutionStrategy@6794ac0b/SelectorProducer@7be71476/IDLE/p=false/QueuedThreadPool[JettyServerThreadPool]@3051e0b2{STARTED,8<=8<=250,i=8,r=-1,t=59847ms,q=0}[ReservedThreadExecutor@39008c9f{reserved=0/12,pending=0}][pc=0,pic=0,pec=0,epc=0]@2025-08-11T10:49:15.321083-03:00 added {SelectorProducer@7be71476,POJO}
10:49:15.321 [main] DEBUG org.eclipse.jetty.util.component.ContainerLifeCycle -- AdaptiveExecutionStrategy@6794ac0b/SelectorProducer@7be71476/IDLE/p=false/QueuedThreadPool[JettyServerThreadPool]@3051e0b2{STARTED,8<=8<=250,i=8,r=-1,t=59845ms,q=0}[ReservedThreadExecutor@39008c9f{reserved=0/12,pending=0}][pc=0,pic=0,pec=0,epc=0]@2025-08-11T10:49:15.3225535-03:00 added {QueuedThreadPool[JettyServerThreadPool]@3051e0b2{STARTED,8<=8<=250,i=8,r=-1,t=59845ms,q=0}[ReservedThreadExecutor@39008c9f{reserved=0/12,pending=0}],UNMANAGED}
10:49:15.322 [main] DEBUG org.eclipse.jetty.util.thread.strategy.AdaptiveExecutionStrategy -- AdaptiveExecutionStrategy@6794ac0b/SelectorProducer@7be71476/IDLE/p=false/QueuedThreadPool[JettyServerThreadPool]@3051e0b2{STARTED,8<=8<=250,i=8,r=-1,t=59845ms,q=0}[ReservedThreadExecutor@39008c9f{reserved=0/12,pending=0}][pc=0,pic=0,pec=0,epc=0]@2025-08-11T10:49:15.3225535-03:00 created
10:49:15.322 [main] DEBUG org.eclipse.jetty.util.component.ContainerLifeCycle -- ManagedSelector@5cb5bb88{STOPPED} id=0 keys=-1 selected=-1 updates=0 added {AdaptiveExecutionStrategy@6794ac0b/SelectorProducer@7be71476/IDLE/p=false/QueuedThreadPool[JettyServerThreadPool]@3051e0b2{STARTED,8<=8<=250,i=8,r=-1,t=59845ms,q=0}[ReservedThreadExecutor@39008c9f{reserved=0/12,pending=0}][pc=0,pic=0,pec=0,epc=0]@2025-08-11T10:49:15.3225535-03:00,MANAGED}
10:49:15.322 [main] DEBUG org.eclipse.jetty.util.component.ContainerLifeCycle -- SelectorManager@ServerConnector@7c1c5936{HTTP/1.1, (http/1.1)}{0.0.0.0:53844} added {ManagedSelector@5cb5bb88{STOPPED} id=0 keys=-1 selected=-1 updates=0,AUTO}
10:49:15.322 [main] DEBUG org.eclipse.jetty.util.component.ContainerLifeCycle -- AdaptiveExecutionStrategy@17b6d426/SelectorProducer@5580d62f/IDLE/p=false/QueuedThreadPool[JettyServerThreadPool]@3051e0b2{STARTED,8<=8<=250,i=8,r=-1,t=59844ms,q=0}[ReservedThreadExecutor@39008c9f{reserved=0/12,pending=0}][pc=0,pic=0,pec=0,epc=0]@2025-08-11T10:49:15.3225535-03:00 added {SelectorProducer@5580d62f,POJO}
10:49:15.322 [main] DEBUG org.eclipse.jetty.util.component.ContainerLifeCycle -- AdaptiveExecutionStrategy@17b6d426/SelectorProducer@5580d62f/IDLE/p=false/QueuedThreadPool[JettyServerThreadPool]@3051e0b2{STARTED,8<=8<=250,i=8,r=-1,t=59844ms,q=0}[ReservedThreadExecutor@39008c9f{reserved=0/12,pending=0}][pc=0,pic=0,pec=0,epc=0]@2025-08-11T10:49:15.3225535-03:00 added {QueuedThreadPool[JettyServerThreadPool]@3051e0b2{STARTED,8<=8<=250,i=8,r=-1,t=59844ms,q=0}[ReservedThreadExecutor@39008c9f{reserved=0/12,pending=0}],UNMANAGED}
10:49:15.322 [main] DEBUG org.eclipse.jetty.util.thread.strategy.AdaptiveExecutionStrategy -- AdaptiveExecutionStrategy@17b6d426/SelectorProducer@5580d62f/IDLE/p=false/QueuedThreadPool[JettyServerThreadPool]@3051e0b2{STARTED,8<=8<=250,i=8,r=-1,t=59843ms,q=0}[ReservedThreadExecutor@39008c9f{reserved=0/12,pending=0}][pc=0,pic=0,pec=0,epc=0]@2025-08-11T10:49:15.3225535-03:00 created
10:49:15.322 [main] DEBUG org.eclipse.jetty.util.component.ContainerLifeCycle -- ManagedSelector@16872c4d{STOPPED} id=1 keys=-1 selected=-1 updates=0 added {AdaptiveExecutionStrategy@17b6d426/SelectorProducer@5580d62f/IDLE/p=false/QueuedThreadPool[JettyServerThreadPool]@3051e0b2{STARTED,8<=8<=250,i=8,r=-1,t=59843ms,q=0}[ReservedThreadExecutor@39008c9f{reserved=0/12,pending=0}][pc=0,pic=0,pec=0,epc=0]@2025-08-11T10:49:15.3225535-03:00,MANAGED}
10:49:15.322 [main] DEBUG org.eclipse.jetty.util.component.ContainerLifeCycle -- SelectorManager@ServerConnector@7c1c5936{HTTP/1.1, (http/1.1)}{0.0.0.0:53844} added {ManagedSelector@16872c4d{STOPPED} id=1 keys=-1 selected=-1 updates=0,AUTO}
10:49:15.322 [main] DEBUG org.eclipse.jetty.util.component.ContainerLifeCycle -- AdaptiveExecutionStrategy@671facee/SelectorProducer@46a953cf/IDLE/p=false/QueuedThreadPool[JettyServerThreadPool]@3051e0b2{STARTED,8<=8<=250,i=8,r=-1,t=59843ms,q=0}[ReservedThreadExecutor@39008c9f{reserved=0/12,pending=0}][pc=0,pic=0,pec=0,epc=0]@2025-08-11T10:49:15.3225535-03:00 added {SelectorProducer@46a953cf,POJO}
10:49:15.322 [main] DEBUG org.eclipse.jetty.util.component.ContainerLifeCycle -- AdaptiveExecutionStrategy@671facee/SelectorProducer@46a953cf/IDLE/p=false/QueuedThreadPool[JettyServerThreadPool]@3051e0b2{STARTED,8<=8<=250,i=8,r=-1,t=59842ms,q=0}[ReservedThreadExecutor@39008c9f{reserved=0/12,pending=0}][pc=0,pic=0,pec=0,epc=0]@2025-08-11T10:49:15.3225535-03:00 added {QueuedThreadPool[JettyServerThreadPool]@3051e0b2{STARTED,8<=8<=250,i=8,r=-1,t=59842ms,q=0}[ReservedThreadExecutor@39008c9f{reserved=0/12,pending=0}],UNMANAGED}
10:49:15.322 [main] DEBUG org.eclipse.jetty.util.thread.strategy.AdaptiveExecutionStrategy -- AdaptiveExecutionStrategy@671facee/SelectorProducer@46a953cf/IDLE/p=false/QueuedThreadPool[JettyServerThreadPool]@3051e0b2{STARTED,8<=8<=250,i=8,r=-1,t=59842ms,q=0}[ReservedThreadExecutor@39008c9f{reserved=0/12,pending=0}][pc=0,pic=0,pec=0,epc=0]@2025-08-11T10:49:15.3225535-03:00 created
10:49:15.322 [main] DEBUG org.eclipse.jetty.util.component.ContainerLifeCycle -- ManagedSelector@154bd49b{STOPPED} id=2 keys=-1 selected=-1 updates=0 added {AdaptiveExecutionStrategy@671facee/SelectorProducer@46a953cf/IDLE/p=false/QueuedThreadPool[JettyServerThreadPool]@3051e0b2{STARTED,8<=8<=250,i=8,r=-1,t=59842ms,q=0}[ReservedThreadExecutor@39008c9f{reserved=0/12,pending=0}][pc=0,pic=0,pec=0,epc=0]@2025-08-11T10:49:15.3225535-03:00,MANAGED}
10:49:15.322 [main] DEBUG org.eclipse.jetty.util.component.ContainerLifeCycle -- SelectorManager@ServerConnector@7c1c5936{HTTP/1.1, (http/1.1)}{0.0.0.0:53844} added {ManagedSelector@154bd49b{STOPPED} id=2 keys=-1 selected=-1 updates=0,AUTO}
10:49:15.322 [main] DEBUG org.eclipse.jetty.util.component.ContainerLifeCycle -- AdaptiveExecutionStrategy@3a01773b/SelectorProducer@20e3c449/IDLE/p=false/QueuedThreadPool[JettyServerThreadPool]@3051e0b2{STARTED,8<=8<=250,i=8,r=-1,t=59841ms,q=0}[ReservedThreadExecutor@39008c9f{reserved=0/12,pending=0}][pc=0,pic=0,pec=0,epc=0]@2025-08-11T10:49:15.3225535-03:00 added {SelectorProducer@20e3c449,POJO}
10:49:15.322 [main] DEBUG org.eclipse.jetty.util.component.ContainerLifeCycle -- AdaptiveExecutionStrategy@3a01773b/SelectorProducer@20e3c449/IDLE/p=false/QueuedThreadPool[JettyServerThreadPool]@3051e0b2{STARTED,8<=8<=250,i=8,r=-1,t=59841ms,q=0}[ReservedThreadExecutor@39008c9f{reserved=0/12,pending=0}][pc=0,pic=0,pec=0,epc=0]@2025-08-11T10:49:15.3225535-03:00 added {QueuedThreadPool[JettyServerThreadPool]@3051e0b2{STARTED,8<=8<=250,i=8,r=-1,t=59841ms,q=0}[ReservedThreadExecutor@39008c9f{reserved=0/12,pending=0}],UNMANAGED}
10:49:15.322 [main] DEBUG org.eclipse.jetty.util.thread.strategy.AdaptiveExecutionStrategy -- AdaptiveExecutionStrategy@3a01773b/SelectorProducer@20e3c449/IDLE/p=false/QueuedThreadPool[JettyServerThreadPool]@3051e0b2{STARTED,8<=8<=250,i=8,r=-1,t=59841ms,q=0}[ReservedThreadExecutor@39008c9f{reserved=0/12,pending=0}][pc=0,pic=0,pec=0,epc=0]@2025-08-11T10:49:15.3225535-03:00 created
10:49:15.322 [main] DEBUG org.eclipse.jetty.util.component.ContainerLifeCycle -- ManagedSelector@2c58dcb1{STOPPED} id=3 keys=-1 selected=-1 updates=0 added {AdaptiveExecutionStrategy@3a01773b/SelectorProducer@20e3c449/IDLE/p=false/QueuedThreadPool[JettyServerThreadPool]@3051e0b2{STARTED,8<=8<=250,i=8,r=-1,t=59841ms,q=0}[ReservedThreadExecutor@39008c9f{reserved=0/12,pending=0}][pc=0,pic=0,pec=0,epc=0]@2025-08-11T10:49:15.3225535-03:00,MANAGED}
10:49:15.322 [main] DEBUG org.eclipse.jetty.util.component.ContainerLifeCycle -- SelectorManager@ServerConnector@7c1c5936{HTTP/1.1, (http/1.1)}{0.0.0.0:53844} added {ManagedSelector@2c58dcb1{STOPPED} id=3 keys=-1 selected=-1 updates=0,AUTO}
10:49:15.322 [main] DEBUG org.eclipse.jetty.util.component.ContainerLifeCycle -- AdaptiveExecutionStrategy@67fc2aad/SelectorProducer@56f521c6/IDLE/p=false/QueuedThreadPool[JettyServerThreadPool]@3051e0b2{STARTED,8<=8<=250,i=8,r=-1,t=59840ms,q=0}[ReservedThreadExecutor@39008c9f{reserved=0/12,pending=0}][pc=0,pic=0,pec=0,epc=0]@2025-08-11T10:49:15.3225535-03:00 added {SelectorProducer@56f521c6,POJO}
10:49:15.322 [main] DEBUG org.eclipse.jetty.util.component.ContainerLifeCycle -- AdaptiveExecutionStrategy@67fc2aad/SelectorProducer@56f521c6/IDLE/p=false/QueuedThreadPool[JettyServerThreadPool]@3051e0b2{STARTED,8<=8<=250,i=8,r=-1,t=59840ms,q=0}[ReservedThreadExecutor@39008c9f{reserved=0/12,pending=0}][pc=0,pic=0,pec=0,epc=0]@2025-08-11T10:49:15.3225535-03:00 added {QueuedThreadPool[JettyServerThreadPool]@3051e0b2{STARTED,8<=8<=250,i=8,r=-1,t=59840ms,q=0}[ReservedThreadExecutor@39008c9f{reserved=0/12,pending=0}],UNMANAGED}
10:49:15.322 [main] DEBUG org.eclipse.jetty.util.thread.strategy.AdaptiveExecutionStrategy -- AdaptiveExecutionStrategy@67fc2aad/SelectorProducer@56f521c6/IDLE/p=false/QueuedThreadPool[JettyServerThreadPool]@3051e0b2{STARTED,8<=8<=250,i=8,r=-1,t=59840ms,q=0}[ReservedThreadExecutor@39008c9f{reserved=0/12,pending=0}][pc=0,pic=0,pec=0,epc=0]@2025-08-11T10:49:15.3225535-03:00 created
10:49:15.322 [main] DEBUG org.eclipse.jetty.util.component.ContainerLifeCycle -- ManagedSelector@680a66dd{STOPPED} id=4 keys=-1 selected=-1 updates=0 added {AdaptiveExecutionStrategy@67fc2aad/SelectorProducer@56f521c6/IDLE/p=false/QueuedThreadPool[JettyServerThreadPool]@3051e0b2{STARTED,8<=8<=250,i=8,r=-1,t=59840ms,q=0}[ReservedThreadExecutor@39008c9f{reserved=0/12,pending=0}][pc=0,pic=0,pec=0,epc=0]@2025-08-11T10:49:15.3225535-03:00,MANAGED}
10:49:15.322 [main] DEBUG org.eclipse.jetty.util.component.ContainerLifeCycle -- SelectorManager@ServerConnector@7c1c5936{HTTP/1.1, (http/1.1)}{0.0.0.0:53844} added {ManagedSelector@680a66dd{STOPPED} id=4 keys=-1 selected=-1 updates=0,AUTO}
10:49:15.322 [main] DEBUG org.eclipse.jetty.util.component.ContainerLifeCycle -- AdaptiveExecutionStrategy@2dd8239/SelectorProducer@472698d/IDLE/p=false/QueuedThreadPool[JettyServerThreadPool]@3051e0b2{STARTED,8<=8<=250,i=8,r=-1,t=59839ms,q=0}[ReservedThreadExecutor@39008c9f{reserved=0/12,pending=0}][pc=0,pic=0,pec=0,epc=0]@2025-08-11T10:49:15.3225535-03:00 added {SelectorProducer@472698d,POJO}
10:49:15.322 [main] DEBUG org.eclipse.jetty.util.component.ContainerLifeCycle -- AdaptiveExecutionStrategy@2dd8239/SelectorProducer@472698d/IDLE/p=false/QueuedThreadPool[JettyServerThreadPool]@3051e0b2{STARTED,8<=8<=250,i=8,r=-1,t=59839ms,q=0}[ReservedThreadExecutor@39008c9f{reserved=0/12,pending=0}][pc=0,pic=0,pec=0,epc=0]@2025-08-11T10:49:15.3225535-03:00 added {QueuedThreadPool[JettyServerThreadPool]@3051e0b2{STARTED,8<=8<=250,i=8,r=-1,t=59839ms,q=0}[ReservedThreadExecutor@39008c9f{reserved=0/12,pending=0}],UNMANAGED}
10:49:15.322 [main] DEBUG org.eclipse.jetty.util.thread.strategy.AdaptiveExecutionStrategy -- AdaptiveExecutionStrategy@2dd8239/SelectorProducer@472698d/IDLE/p=false/QueuedThreadPool[JettyServerThreadPool]@3051e0b2{STARTED,8<=8<=250,i=8,r=-1,t=59839ms,q=0}[ReservedThreadExecutor@39008c9f{reserved=0/12,pending=0}][pc=0,pic=0,pec=0,epc=0]@2025-08-11T10:49:15.3225535-03:00 created
10:49:15.322 [main] DEBUG org.eclipse.jetty.util.component.ContainerLifeCycle -- ManagedSelector@7b7683d4{STOPPED} id=5 keys=-1 selected=-1 updates=0 added {AdaptiveExecutionStrategy@2dd8239/SelectorProducer@472698d/IDLE/p=false/QueuedThreadPool[JettyServerThreadPool]@3051e0b2{STARTED,8<=8<=250,i=8,r=-1,t=59838ms,q=0}[ReservedThreadExecutor@39008c9f{reserved=0/12,pending=0}][pc=0,pic=0,pec=0,epc=0]@2025-08-11T10:49:15.3225535-03:00,MANAGED}
10:49:15.322 [main] DEBUG org.eclipse.jetty.util.component.ContainerLifeCycle -- SelectorManager@ServerConnector@7c1c5936{HTTP/1.1, (http/1.1)}{0.0.0.0:53844} added {ManagedSelector@7b7683d4{STOPPED} id=5 keys=-1 selected=-1 updates=0,AUTO}
10:49:15.322 [main] DEBUG org.eclipse.jetty.util.component.AbstractLifeCycle -- STARTING ManagedSelector@5cb5bb88{STOPPED} id=0 keys=-1 selected=-1 updates=0
10:49:15.322 [main] DEBUG org.eclipse.jetty.util.component.AbstractLifeCycle -- STARTING AdaptiveExecutionStrategy@6794ac0b/SelectorProducer@7be71476/IDLE/p=false/QueuedThreadPool[JettyServerThreadPool]@3051e0b2{STARTED,8<=8<=250,i=8,r=-1,t=59838ms,q=0}[ReservedThreadExecutor@39008c9f{reserved=0/12,pending=0}][pc=0,pic=0,pec=0,epc=0]@2025-08-11T10:49:15.3225535-03:00
10:49:15.330 [main] DEBUG org.eclipse.jetty.util.component.AbstractLifeCycle -- STARTED @2534ms AdaptiveExecutionStrategy@6794ac0b/SelectorProducer@7be71476/IDLE/p=false/QueuedThreadPool[JettyServerThreadPool]@3051e0b2{STARTED,8<=8<=250,i=8,r=-1,t=59838ms,q=0}[ReservedThreadExecutor@39008c9f{reserved=0/12,pending=0}][pc=0,pic=0,pec=0,epc=0]@2025-08-11T10:49:15.3302582-03:00
10:49:15.411 [main] DEBUG org.eclipse.jetty.util.thread.QueuedThreadPool -- queue org.eclipse.jetty.io.ManagedSelector$$Lambda/0x000001e326300000@7d199c68 startThread=0
10:49:15.411 [JettyServerThreadPool-35] DEBUG org.eclipse.jetty.util.thread.QueuedThreadPool -- run org.eclipse.jetty.io.ManagedSelector$$Lambda/0x000001e326300000@7d199c68 in QueuedThreadPool[JettyServerThreadPool]@3051e0b2{STARTED,8<=8<=250,i=7,r=-1,t=59756ms,q=0}[ReservedThreadExecutor@39008c9f{reserved=0/12,pending=0}]
10:49:15.411 [JettyServerThreadPool-35] DEBUG org.eclipse.jetty.util.thread.strategy.AdaptiveExecutionStrategy -- AdaptiveExecutionStrategy@6794ac0b/SelectorProducer@7be71476/IDLE/p=false/QueuedThreadPool[JettyServerThreadPool]@3051e0b2{STARTED,8<=8<=250,i=7,r=-1,t=59756ms,q=0}[ReservedThreadExecutor@39008c9f{reserved=0/12,pending=0}][pc=0,pic=0,pec=0,epc=0]@2025-08-11T10:49:15.4111407-03:00 tryProduce false
10:49:15.411 [JettyServerThreadPool-35] DEBUG org.eclipse.jetty.io.ManagedSelector -- updateable 0
10:49:15.411 [JettyServerThreadPool-35] DEBUG org.eclipse.jetty.io.ManagedSelector -- updates 0
10:49:15.411 [JettyServerThreadPool-35] DEBUG org.eclipse.jetty.io.ManagedSelector -- Selector sun.nio.ch.WEPollSelectorImpl@4e07b57e waiting with 0 keys
10:49:15.411 [main] DEBUG org.eclipse.jetty.io.ManagedSelector -- Queued change lazy=false org.eclipse.jetty.io.ManagedSelector$Start@6ba30587 on ManagedSelector@5cb5bb88{STARTING} id=0 keys=0 selected=0 updates=0
10:49:15.411 [main] DEBUG org.eclipse.jetty.io.ManagedSelector -- Wakeup on submit ManagedSelector@5cb5bb88{STARTING} id=0 keys=0 selected=0 updates=1
10:49:15.413 [JettyServerThreadPool-35] DEBUG org.eclipse.jetty.io.ManagedSelector -- Selector sun.nio.ch.WEPollSelectorImpl@4e07b57e woken with none selected
10:49:15.413 [JettyServerThreadPool-35] DEBUG org.eclipse.jetty.io.ManagedSelector -- Selector sun.nio.ch.WEPollSelectorImpl@4e07b57e woken up from select, 0/0/0 selected
10:49:15.413 [JettyServerThreadPool-35] DEBUG org.eclipse.jetty.io.ManagedSelector -- Selector sun.nio.ch.WEPollSelectorImpl@4e07b57e processing 0 keys, 1 updates
10:49:15.413 [JettyServerThreadPool-35] DEBUG org.eclipse.jetty.io.ManagedSelector -- updateable 1
10:49:15.413 [JettyServerThreadPool-35] DEBUG org.eclipse.jetty.io.ManagedSelector -- update org.eclipse.jetty.io.ManagedSelector$Start@6ba30587
10:49:15.413 [JettyServerThreadPool-35] DEBUG org.eclipse.jetty.io.ManagedSelector -- updates 0
10:49:15.413 [JettyServerThreadPool-35] DEBUG org.eclipse.jetty.io.ManagedSelector -- Selector sun.nio.ch.WEPollSelectorImpl@4e07b57e waiting with 0 keys
10:49:15.413 [main] DEBUG org.eclipse.jetty.util.component.AbstractLifeCycle -- STARTED @2619ms ManagedSelector@5cb5bb88{STARTED} id=0 keys=0 selected=0 updates=0
10:49:15.413 [main] DEBUG org.eclipse.jetty.util.component.AbstractLifeCycle -- STARTING ManagedSelector@16872c4d{STOPPED} id=1 keys=-1 selected=-1 updates=0
10:49:15.413 [main] DEBUG org.eclipse.jetty.util.component.AbstractLifeCycle -- STARTING AdaptiveExecutionStrategy@17b6d426/SelectorProducer@5580d62f/IDLE/p=false/QueuedThreadPool[JettyServerThreadPool]@3051e0b2{STARTED,8<=8<=250,i=7,r=-1,t=59752ms,q=0}[ReservedThreadExecutor@39008c9f{reserved=0/12,pending=0}][pc=0,pic=0,pec=0,epc=0]@2025-08-11T10:49:15.4139397-03:00
10:49:15.413 [main] DEBUG org.eclipse.jetty.util.component.AbstractLifeCycle -- STARTED @2620ms AdaptiveExecutionStrategy@17b6d426/SelectorProducer@5580d62f/IDLE/p=false/QueuedThreadPool[JettyServerThreadPool]@3051e0b2{STARTED,8<=8<=250,i=7,r=-1,t=59752ms,q=0}[ReservedThreadExecutor@39008c9f{reserved=0/12,pending=0}][pc=0,pic=0,pec=0,epc=0]@2025-08-11T10:49:15.4139397-03:00
10:49:15.413 [main] DEBUG org.eclipse.jetty.util.thread.QueuedThreadPool -- queue org.eclipse.jetty.io.ManagedSelector$$Lambda/0x000001e326300000@643c334a startThread=0
10:49:15.413 [JettyServerThreadPool-36] DEBUG org.eclipse.jetty.util.thread.QueuedThreadPool -- run org.eclipse.jetty.io.ManagedSelector$$Lambda/0x000001e326300000@643c334a in QueuedThreadPool[JettyServerThreadPool]@3051e0b2{STARTED,8<=8<=250,i=6,r=-1,t=59749ms,q=0}[ReservedThreadExecutor@39008c9f{reserved=0/12,pending=0}]
10:49:15.413 [main] DEBUG org.eclipse.jetty.io.ManagedSelector -- Queued change lazy=false org.eclipse.jetty.io.ManagedSelector$Start@5d5160e6 on ManagedSelector@16872c4d{STARTING} id=1 keys=0 selected=0 updates=0
10:49:15.413 [JettyServerThreadPool-36] DEBUG org.eclipse.jetty.util.thread.strategy.AdaptiveExecutionStrategy -- AdaptiveExecutionStrategy@17b6d426/SelectorProducer@5580d62f/IDLE/p=false/QueuedThreadPool[JettyServerThreadPool]@3051e0b2{STARTED,8<=8<=250,i=6,r=-1,t=59748ms,q=0}[ReservedThreadExecutor@39008c9f{reserved=0/12,pending=0}][pc=0,pic=0,pec=0,epc=0]@2025-08-11T10:49:15.4139397-03:00 tryProduce false
10:49:15.413 [JettyServerThreadPool-36] DEBUG org.eclipse.jetty.io.ManagedSelector -- updateable 1
10:49:15.413 [JettyServerThreadPool-36] DEBUG org.eclipse.jetty.io.ManagedSelector -- update org.eclipse.jetty.io.ManagedSelector$Start@5d5160e6
10:49:15.420 [JettyServerThreadPool-36] DEBUG org.eclipse.jetty.io.ManagedSelector -- updates 0
10:49:15.420 [JettyServerThreadPool-36] DEBUG org.eclipse.jetty.io.ManagedSelector -- Selector sun.nio.ch.WEPollSelectorImpl@6afbd1bd waiting with 0 keys
10:49:15.420 [main] DEBUG org.eclipse.jetty.util.component.AbstractLifeCycle -- STARTED @2624ms ManagedSelector@16872c4d{STARTED} id=1 keys=0 selected=0 updates=0
10:49:15.420 [main] DEBUG org.eclipse.jetty.util.component.AbstractLifeCycle -- STARTING ManagedSelector@154bd49b{STOPPED} id=2 keys=-1 selected=-1 updates=0
10:49:15.420 [main] DEBUG org.eclipse.jetty.util.component.AbstractLifeCycle -- STARTING AdaptiveExecutionStrategy@671facee/SelectorProducer@46a953cf/IDLE/p=false/QueuedThreadPool[JettyServerThreadPool]@3051e0b2{STARTED,8<=8<=250,i=6,r=-1,t=59747ms,q=0}[ReservedThreadExecutor@39008c9f{reserved=0/12,pending=0}][pc=0,pic=0,pec=0,epc=0]@2025-08-11T10:49:15.4202326-03:00
10:49:15.420 [main] DEBUG org.eclipse.jetty.util.component.AbstractLifeCycle -- STARTED @2625ms AdaptiveExecutionStrategy@671facee/SelectorProducer@46a953cf/IDLE/p=false/QueuedThreadPool[JettyServerThreadPool]@3051e0b2{STARTED,8<=8<=250,i=6,r=-1,t=59747ms,q=0}[ReservedThreadExecutor@39008c9f{reserved=0/12,pending=0}][pc=0,pic=0,pec=0,epc=0]@2025-08-11T10:49:15.4202326-03:00
10:49:15.422 [main] DEBUG org.eclipse.jetty.util.thread.QueuedThreadPool -- queue org.eclipse.jetty.io.ManagedSelector$$Lambda/0x000001e326300000@2eadc9f6 startThread=0
10:49:15.422 [JettyServerThreadPool-37] DEBUG org.eclipse.jetty.util.thread.QueuedThreadPool -- run org.eclipse.jetty.io.ManagedSelector$$Lambda/0x000001e326300000@2eadc9f6 in QueuedThreadPool[JettyServerThreadPool]@3051e0b2{STARTED,8<=8<=250,i=5,r=-1,t=59743ms,q=0}[ReservedThreadExecutor@39008c9f{reserved=0/12,pending=0}]
10:49:15.422 [main] DEBUG org.eclipse.jetty.io.ManagedSelector -- Queued change lazy=false org.eclipse.jetty.io.ManagedSelector$Start@2903c6ff on ManagedSelector@154bd49b{STARTING} id=2 keys=0 selected=0 updates=0
10:49:15.422 [JettyServerThreadPool-37] DEBUG org.eclipse.jetty.util.thread.strategy.AdaptiveExecutionStrategy -- AdaptiveExecutionStrategy@671facee/SelectorProducer@46a953cf/IDLE/p=false/QueuedThreadPool[JettyServerThreadPool]@3051e0b2{STARTED,8<=8<=250,i=5,r=-1,t=59743ms,q=0}[ReservedThreadExecutor@39008c9f{reserved=0/12,pending=0}][pc=0,pic=0,pec=0,epc=0]@2025-08-11T10:49:15.4228529-03:00 tryProduce false
10:49:15.422 [JettyServerThreadPool-37] DEBUG org.eclipse.jetty.io.ManagedSelector -- updateable 1
10:49:15.422 [JettyServerThreadPool-37] DEBUG org.eclipse.jetty.io.ManagedSelector -- update org.eclipse.jetty.io.ManagedSelector$Start@2903c6ff
10:49:15.422 [JettyServerThreadPool-37] DEBUG org.eclipse.jetty.io.ManagedSelector -- updates 0
10:49:15.422 [JettyServerThreadPool-37] DEBUG org.eclipse.jetty.io.ManagedSelector -- Selector sun.nio.ch.WEPollSelectorImpl@7342bdca waiting with 0 keys
10:49:15.422 [main] DEBUG org.eclipse.jetty.util.component.AbstractLifeCycle -- STARTED @2630ms ManagedSelector@154bd49b{STARTED} id=2 keys=0 selected=0 updates=0
10:49:15.422 [main] DEBUG org.eclipse.jetty.util.component.AbstractLifeCycle -- STARTING ManagedSelector@2c58dcb1{STOPPED} id=3 keys=-1 selected=-1 updates=0
10:49:15.422 [main] DEBUG org.eclipse.jetty.util.component.AbstractLifeCycle -- STARTING AdaptiveExecutionStrategy@3a01773b/SelectorProducer@20e3c449/IDLE/p=false/QueuedThreadPool[JettyServerThreadPool]@3051e0b2{STARTED,8<=8<=250,i=5,r=-1,t=59742ms,q=0}[ReservedThreadExecutor@39008c9f{reserved=0/12,pending=0}][pc=0,pic=0,pec=0,epc=0]@2025-08-11T10:49:15.4228529-03:00
10:49:15.422 [main] DEBUG org.eclipse.jetty.util.component.AbstractLifeCycle -- STARTED @2630ms AdaptiveExecutionStrategy@3a01773b/SelectorProducer@20e3c449/IDLE/p=false/QueuedThreadPool[JettyServerThreadPool]@3051e0b2{STARTED,8<=8<=250,i=5,r=-1,t=59741ms,q=0}[ReservedThreadExecutor@39008c9f{reserved=0/12,pending=0}][pc=0,pic=0,pec=0,epc=0]@2025-08-11T10:49:15.4228529-03:00
10:49:15.422 [main] DEBUG org.eclipse.jetty.util.thread.QueuedThreadPool -- queue org.eclipse.jetty.io.ManagedSelector$$Lambda/0x000001e326300000@61af1510 startThread=0
10:49:15.422 [JettyServerThreadPool-38] DEBUG org.eclipse.jetty.util.thread.QueuedThreadPool -- run org.eclipse.jetty.io.ManagedSelector$$Lambda/0x000001e326300000@61af1510 in QueuedThreadPool[JettyServerThreadPool]@3051e0b2{STARTED,8<=8<=250,i=4,r=-1,t=59739ms,q=0}[ReservedThreadExecutor@39008c9f{reserved=0/12,pending=0}]
10:49:15.422 [main] DEBUG org.eclipse.jetty.io.ManagedSelector -- Queued change lazy=false org.eclipse.jetty.io.ManagedSelector$Start@37af1f93 on ManagedSelector@2c58dcb1{STARTING} id=3 keys=0 selected=0 updates=0
10:49:15.422 [JettyServerThreadPool-38] DEBUG org.eclipse.jetty.util.thread.strategy.AdaptiveExecutionStrategy -- AdaptiveExecutionStrategy@3a01773b/SelectorProducer@20e3c449/IDLE/p=false/QueuedThreadPool[JettyServerThreadPool]@3051e0b2{STARTED,8<=8<=250,i=4,r=-1,t=59739ms,q=0}[ReservedThreadExecutor@39008c9f{reserved=0/12,pending=0}][pc=0,pic=0,pec=0,epc=0]@2025-08-11T10:49:15.4228529-03:00 tryProduce false
10:49:15.422 [JettyServerThreadPool-38] DEBUG org.eclipse.jetty.io.ManagedSelector -- updateable 1
10:49:15.422 [JettyServerThreadPool-38] DEBUG org.eclipse.jetty.io.ManagedSelector -- update org.eclipse.jetty.io.ManagedSelector$Start@37af1f93
10:49:15.422 [JettyServerThreadPool-38] DEBUG org.eclipse.jetty.io.ManagedSelector -- updates 0
10:49:15.422 [JettyServerThreadPool-38] DEBUG org.eclipse.jetty.io.ManagedSelector -- Selector sun.nio.ch.WEPollSelectorImpl@63a2486b waiting with 0 keys
10:49:15.422 [main] DEBUG org.eclipse.jetty.util.component.AbstractLifeCycle -- STARTED @2634ms ManagedSelector@2c58dcb1{STARTED} id=3 keys=0 selected=0 updates=0
10:49:15.422 [main] DEBUG org.eclipse.jetty.util.component.AbstractLifeCycle -- STARTING ManagedSelector@680a66dd{STOPPED} id=4 keys=-1 selected=-1 updates=0
10:49:15.422 [main] DEBUG org.eclipse.jetty.util.component.AbstractLifeCycle -- STARTING AdaptiveExecutionStrategy@67fc2aad/SelectorProducer@56f521c6/IDLE/p=false/QueuedThreadPool[JettyServerThreadPool]@3051e0b2{STARTED,8<=8<=250,i=4,r=-1,t=59738ms,q=0}[ReservedThreadExecutor@39008c9f{reserved=0/12,pending=0}][pc=0,pic=0,pec=0,epc=0]@2025-08-11T10:49:15.4228529-03:00
10:49:15.430 [main] DEBUG org.eclipse.jetty.util.component.AbstractLifeCycle -- STARTED @2634ms AdaptiveExecutionStrategy@67fc2aad/SelectorProducer@56f521c6/IDLE/p=false/QueuedThreadPool[JettyServerThreadPool]@3051e0b2{STARTED,8<=8<=250,i=4,r=-1,t=59737ms,q=0}[ReservedThreadExecutor@39008c9f{reserved=0/12,pending=0}][pc=0,pic=0,pec=0,epc=0]@2025-08-11T10:49:15.4303117-03:00
10:49:15.432 [main] DEBUG org.eclipse.jetty.util.thread.QueuedThreadPool -- queue org.eclipse.jetty.io.ManagedSelector$$Lambda/0x000001e326300000@778d82e9 startThread=0
10:49:15.432 [JettyServerThreadPool-39] DEBUG org.eclipse.jetty.util.thread.QueuedThreadPool -- run org.eclipse.jetty.io.ManagedSelector$$Lambda/0x000001e326300000@778d82e9 in QueuedThreadPool[JettyServerThreadPool]@3051e0b2{STARTED,8<=8<=250,i=3,r=-1,t=59733ms,q=0}[ReservedThreadExecutor@39008c9f{reserved=0/12,pending=0}]
10:49:15.435 [main] DEBUG org.eclipse.jetty.io.ManagedSelector -- Queued change lazy=false org.eclipse.jetty.io.ManagedSelector$Start@408e96d9 on ManagedSelector@680a66dd{STARTING} id=4 keys=0 selected=0 updates=0
10:49:15.435 [JettyServerThreadPool-39] DEBUG org.eclipse.jetty.util.thread.strategy.AdaptiveExecutionStrategy -- AdaptiveExecutionStrategy@67fc2aad/SelectorProducer@56f521c6/IDLE/p=false/QueuedThreadPool[JettyServerThreadPool]@3051e0b2{STARTED,8<=8<=250,i=3,r=-1,t=59733ms,q=0}[ReservedThreadExecutor@39008c9f{reserved=0/12,pending=0}][pc=0,pic=0,pec=0,epc=0]@2025-08-11T10:49:15.4350069-03:00 tryProduce false
10:49:15.435 [JettyServerThreadPool-39] DEBUG org.eclipse.jetty.io.ManagedSelector -- updateable 1
10:49:15.435 [JettyServerThreadPool-39] DEBUG org.eclipse.jetty.io.ManagedSelector -- update org.eclipse.jetty.io.ManagedSelector$Start@408e96d9
10:49:15.435 [JettyServerThreadPool-39] DEBUG org.eclipse.jetty.io.ManagedSelector -- updates 0
10:49:15.435 [JettyServerThreadPool-39] DEBUG org.eclipse.jetty.io.ManagedSelector -- Selector sun.nio.ch.WEPollSelectorImpl@60f8433c waiting with 0 keys
10:49:15.435 [main] DEBUG org.eclipse.jetty.util.component.AbstractLifeCycle -- STARTED @2640ms ManagedSelector@680a66dd{STARTED} id=4 keys=0 selected=0 updates=0
10:49:15.435 [main] DEBUG org.eclipse.jetty.util.component.AbstractLifeCycle -- STARTING ManagedSelector@7b7683d4{STOPPED} id=5 keys=-1 selected=-1 updates=0
10:49:15.435 [main] DEBUG org.eclipse.jetty.util.component.AbstractLifeCycle -- STARTING AdaptiveExecutionStrategy@2dd8239/SelectorProducer@472698d/IDLE/p=false/QueuedThreadPool[JettyServerThreadPool]@3051e0b2{STARTED,8<=8<=250,i=3,r=-1,t=59732ms,q=0}[ReservedThreadExecutor@39008c9f{reserved=0/12,pending=0}][pc=0,pic=0,pec=0,epc=0]@2025-08-11T10:49:15.4350069-03:00
10:49:15.435 [main] DEBUG org.eclipse.jetty.util.component.AbstractLifeCycle -- STARTED @2640ms AdaptiveExecutionStrategy@2dd8239/SelectorProducer@472698d/IDLE/p=false/QueuedThreadPool[JettyServerThreadPool]@3051e0b2{STARTED,8<=8<=250,i=3,r=-1,t=59731ms,q=0}[ReservedThreadExecutor@39008c9f{reserved=0/12,pending=0}][pc=0,pic=0,pec=0,epc=0]@2025-08-11T10:49:15.4350069-03:00
10:49:15.435 [main] DEBUG org.eclipse.jetty.util.thread.QueuedThreadPool -- queue org.eclipse.jetty.io.ManagedSelector$$Lambda/0x000001e326300000@59901c4d startThread=0
10:49:15.435 [JettyServerThreadPool-40] DEBUG org.eclipse.jetty.util.thread.QueuedThreadPool -- run org.eclipse.jetty.io.ManagedSelector$$Lambda/0x000001e326300000@59901c4d in QueuedThreadPool[JettyServerThreadPool]@3051e0b2{STARTED,8<=8<=250,i=2,r=-1,t=59728ms,q=0}[ReservedThreadExecutor@39008c9f{reserved=0/12,pending=0}]
10:49:15.435 [main] DEBUG org.eclipse.jetty.io.ManagedSelector -- Queued change lazy=false org.eclipse.jetty.io.ManagedSelector$Start@168cd36b on ManagedSelector@7b7683d4{STARTING} id=5 keys=0 selected=0 updates=0
10:49:15.435 [JettyServerThreadPool-40] DEBUG org.eclipse.jetty.util.thread.strategy.AdaptiveExecutionStrategy -- AdaptiveExecutionStrategy@2dd8239/SelectorProducer@472698d/IDLE/p=false/QueuedThreadPool[JettyServerThreadPool]@3051e0b2{STARTED,8<=8<=250,i=2,r=-1,t=59728ms,q=0}[ReservedThreadExecutor@39008c9f{reserved=0/12,pending=0}][pc=0,pic=0,pec=0,epc=0]@2025-08-11T10:49:15.4350069-03:00 tryProduce false
10:49:15.435 [JettyServerThreadPool-40] DEBUG org.eclipse.jetty.io.ManagedSelector -- updateable 1
10:49:15.435 [JettyServerThreadPool-40] DEBUG org.eclipse.jetty.io.ManagedSelector -- update org.eclipse.jetty.io.ManagedSelector$Start@168cd36b
10:49:15.440 [JettyServerThreadPool-40] DEBUG org.eclipse.jetty.io.ManagedSelector -- updates 0
10:49:15.440 [JettyServerThreadPool-40] DEBUG org.eclipse.jetty.io.ManagedSelector -- Selector sun.nio.ch.WEPollSelectorImpl@1596afd5 waiting with 0 keys
10:49:15.440 [main] DEBUG org.eclipse.jetty.util.component.AbstractLifeCycle -- STARTED @2644ms ManagedSelector@7b7683d4{STARTED} id=5 keys=0 selected=0 updates=0
10:49:15.440 [main] DEBUG org.eclipse.jetty.util.component.AbstractLifeCycle -- STARTED @2644ms SelectorManager@ServerConnector@7c1c5936{HTTP/1.1, (http/1.1)}{0.0.0.0:53844}
10:49:15.442 [main] DEBUG org.eclipse.jetty.util.component.ContainerLifeCycle -- ServerConnector@7c1c5936{HTTP/1.1, (http/1.1)}{0.0.0.0:53844} added {acceptor-0@10cd6753,POJO}
10:49:15.442 [main] DEBUG org.eclipse.jetty.util.thread.QueuedThreadPool -- queue acceptor-0@10cd6753 startThread=0
10:49:15.442 [main] INFO org.eclipse.jetty.server.AbstractConnector -- Started ServerConnector@7c1c5936{HTTP/1.1, (http/1.1)}{0.0.0.0:53844}
10:49:15.442 [JettyServerThreadPool-41] DEBUG org.eclipse.jetty.util.thread.QueuedThreadPool -- run acceptor-0@10cd6753 in QueuedThreadPool[JettyServerThreadPool]@3051e0b2{STARTED,8<=8<=250,i=1,r=-1,t=59723ms,q=0}[ReservedThreadExecutor@39008c9f{reserved=0/12,pending=0}]
10:49:15.442 [main] DEBUG org.eclipse.jetty.util.component.AbstractLifeCycle -- STARTED @2648ms ServerConnector@7c1c5936{HTTP/1.1, (http/1.1)}{0.0.0.0:53844}
10:49:15.442 [main] INFO org.eclipse.jetty.server.Server -- Started Server@67e28be3{STARTING}[11.0.20,sto=0] @2649ms
10:49:15.442 [main] DEBUG org.eclipse.jetty.util.component.AbstractLifeCycle -- STARTED @2649ms Server@67e28be3{STARTED}[11.0.20,sto=0]
10:49:15.442 [main] INFO io.javalin.Javalin -- 
       __                  ___           _____
      / /___ __   ______ _/ (_)___      / ___/
 __  / / __ `/ | / / __ `/ / / __ \    / __ \
/ /_/ / /_/ /| |/ / /_/ / / / / / /   / /_/ /
\____/\__,_/ |___/\__,_/_/_/_/ /_/    \____/

       https://javalin.io/documentation

10:49:15.448 [main] INFO io.javalin.Javalin -- Javalin started in 512ms \o/
10:49:15.462 [main] INFO io.javalin.Javalin -- Listening on http://localhost:53844/
10:49:15.494 [main] INFO io.javalin.Javalin -- You are running Javalin 6.1.3 (released March 2, 2024. Your Javalin version is 526 days old. Consider checking for a newer version.).
10:49:15.981 [JettyServerThreadPool-41-acceptor-0@10cd6753-ServerConnector@7c1c5936{HTTP/1.1, (http/1.1)}{0.0.0.0:53844}] DEBUG org.eclipse.jetty.io.ManagedSelector -- Queued change lazy=false Accept@1f7a8d3e[java.nio.channels.SocketChannel[connected local=/127.0.0.1:53844 remote=/127.0.0.1:53848]] on ManagedSelector@16872c4d{STARTED} id=1 keys=0 selected=0 updates=0
10:49:15.984 [JettyServerThreadPool-41-acceptor-0@10cd6753-ServerConnector@7c1c5936{HTTP/1.1, (http/1.1)}{0.0.0.0:53844}] DEBUG org.eclipse.jetty.io.ManagedSelector -- Wakeup on submit ManagedSelector@16872c4d{STARTED} id=1 keys=0 selected=0 updates=1
10:49:15.984 [JettyServerThreadPool-36] DEBUG org.eclipse.jetty.io.ManagedSelector -- Selector sun.nio.ch.WEPollSelectorImpl@6afbd1bd woken with none selected
10:49:15.984 [JettyServerThreadPool-36] DEBUG org.eclipse.jetty.io.ManagedSelector -- Selector sun.nio.ch.WEPollSelectorImpl@6afbd1bd woken up from select, 0/0/0 selected
10:49:15.984 [JettyServerThreadPool-36] DEBUG org.eclipse.jetty.io.ManagedSelector -- Selector sun.nio.ch.WEPollSelectorImpl@6afbd1bd processing 0 keys, 1 updates
10:49:15.984 [JettyServerThreadPool-36] DEBUG org.eclipse.jetty.io.ManagedSelector -- updateable 1
10:49:15.984 [JettyServerThreadPool-36] DEBUG org.eclipse.jetty.io.ManagedSelector -- update Accept@1f7a8d3e[java.nio.channels.SocketChannel[connected local=/127.0.0.1:53844 remote=/127.0.0.1:53848]]
10:49:15.984 [JettyServerThreadPool-36] DEBUG org.eclipse.jetty.util.thread.QueuedThreadPool -- queue Accept@1f7a8d3e[java.nio.channels.SocketChannel[connected local=/127.0.0.1:53844 remote=/127.0.0.1:53848]] startThread=0
10:49:15.986 [JettyServerThreadPool-36] DEBUG org.eclipse.jetty.io.ManagedSelector -- updates 0
10:49:15.986 [JettyServerThreadPool-36] DEBUG org.eclipse.jetty.io.ManagedSelector -- Selector sun.nio.ch.WEPollSelectorImpl@6afbd1bd waiting with 1 keys
10:49:15.984 [JettyServerThreadPool-42] DEBUG org.eclipse.jetty.util.thread.QueuedThreadPool -- run Accept@1f7a8d3e[java.nio.channels.SocketChannel[connected local=/127.0.0.1:53844 remote=/127.0.0.1:53848]] in QueuedThreadPool[JettyServerThreadPool]@3051e0b2{STARTED,8<=8<=250,i=0,r=-1,t=59182ms,q=0}[ReservedThreadExecutor@39008c9f{reserved=0/12,pending=0}]
10:49:16.002 [JettyServerThreadPool-42] DEBUG org.eclipse.jetty.io.IdleTimeout -- Setting idle timeout 0 -> 30000 on SocketChannelEndPoint@154e1583[{l=/127.0.0.1:53844,r=/127.0.0.1:53848,OPEN,fill=-,flush=-,to=10/30000}{io=0/0,kio=0,kro=0}]->[<null>]
10:49:16.002 [JettyServerThreadPool-42] DEBUG org.eclipse.jetty.io.IdleTimeout -- SocketChannelEndPoint@154e1583[{l=/127.0.0.1:53844,r=/127.0.0.1:53848,OPEN,fill=-,flush=-,to=11/30000}{io=0/0,kio=0,kro=0}]->[<null>] idle timeout check, elapsed: 11 ms, remaining: 29989 ms
10:49:16.060 [JettyServerThreadPool-42] DEBUG org.eclipse.jetty.server.HttpChannel -- new HttpChannelOverHttp@670c05e9{s=HttpChannelState@5b669d1f{s=IDLE rs=BLOCKING os=OPEN is=IDLE awp=false se=false i=true al=0},r=0,c=false/false,a=IDLE,uri=null,age=0} -> SocketChannelEndPoint@154e1583[{l=/127.0.0.1:53844,r=/127.0.0.1:53848,OPEN,fill=-,flush=-,to=63/30000}{io=0/0,kio=0,kro=0}]->[<null>],null,HttpChannelState@5b669d1f{s=IDLE rs=BLOCKING os=OPEN is=IDLE awp=false se=false i=true al=0}
10:49:16.072 [JettyServerThreadPool-42] DEBUG org.eclipse.jetty.server.HttpConnection -- New HTTP Connection HttpConnection@512e09c9::SocketChannelEndPoint@154e1583[{l=/127.0.0.1:53844,r=/127.0.0.1:53848,OPEN,fill=-,flush=-,to=79/30000}{io=0/0,kio=0,kro=0}]->[<null>]
10:49:16.072 [JettyServerThreadPool-42] DEBUG org.eclipse.jetty.io.ManagedSelector -- Queued change lazy=true org.eclipse.jetty.io.ManagedSelector$$Lambda/0x000001e3263ba828@7114dae2 on ManagedSelector@16872c4d{STARTED} id=1 keys=1 selected=0 updates=0
10:49:16.072 [JettyServerThreadPool-42] DEBUG org.eclipse.jetty.io.AbstractEndPoint -- onOpen SocketChannelEndPoint@154e1583[{l=/127.0.0.1:53844,r=/127.0.0.1:53848,OPEN,fill=-,flush=-,to=82/30000}{io=0/0,kio=0,kro=0}]->[HttpConnection@512e09c9[p=HttpParser{s=START,0 of -1},g=HttpGenerator@554875cf{s=START}]=>HttpChannelOverHttp@670c05e9{s=HttpChannelState@5b669d1f{s=IDLE rs=BLOCKING os=OPEN is=IDLE awp=false se=false i=true al=0},r=0,c=false/false,a=IDLE,uri=null,age=0}]
10:49:16.072 [JettyServerThreadPool-42] DEBUG org.eclipse.jetty.io.AbstractConnection -- onOpen HttpConnection@512e09c9::SocketChannelEndPoint@154e1583[{l=/127.0.0.1:53844,r=/127.0.0.1:53848,OPEN,fill=-,flush=-,to=82/30000}{io=0/0,kio=0,kro=0}]->[HttpConnection@512e09c9[p=HttpParser{s=START,0 of -1},g=HttpGenerator@554875cf{s=START}]=>HttpChannelOverHttp@670c05e9{s=HttpChannelState@5b669d1f{s=IDLE rs=BLOCKING os=OPEN is=IDLE awp=false se=false i=true al=0},r=0,c=false/false,a=IDLE,uri=null,age=0}]
10:49:16.072 [JettyServerThreadPool-42] DEBUG org.eclipse.jetty.io.AbstractConnection -- fillInterested HttpConnection@512e09c9::SocketChannelEndPoint@154e1583[{l=/127.0.0.1:53844,r=/127.0.0.1:53848,OPEN,fill=-,flush=-,to=82/30000}{io=0/0,kio=0,kro=0}]->[HttpConnection@512e09c9[p=HttpParser{s=START,0 of -1},g=HttpGenerator@554875cf{s=START}]=>HttpChannelOverHttp@670c05e9{s=HttpChannelState@5b669d1f{s=IDLE rs=BLOCKING os=OPEN is=IDLE awp=false se=false i=true al=0},r=0,c=false/false,a=IDLE,uri=null,age=0}]
10:49:16.072 [JettyServerThreadPool-42] DEBUG org.eclipse.jetty.io.FillInterest -- interested FillInterest@5942e740{ReadCallback@24567ada{HttpConnection@512e09c9::SocketChannelEndPoint@154e1583[{l=/127.0.0.1:53844,r=/127.0.0.1:53848,OPEN,fill=FI,flush=-,to=0/30000}{io=0/0,kio=0,kro=0}]->[HttpConnection@512e09c9[p=HttpParser{s=START,0 of -1},g=HttpGenerator@554875cf{s=START}]=>HttpChannelOverHttp@670c05e9{s=HttpChannelState@5b669d1f{s=IDLE rs=BLOCKING os=OPEN is=IDLE awp=false se=false i=true al=0},r=0,c=false/false,a=IDLE,uri=null,age=0}]}}
10:49:16.072 [JettyServerThreadPool-42] DEBUG org.eclipse.jetty.io.SelectableChannelEndPoint -- changeInterests p=false 0->1 for SocketChannelEndPoint@154e1583[{l=/127.0.0.1:53844,r=/127.0.0.1:53848,OPEN,fill=FI,flush=-,to=0/30000}{io=0/1,kio=0,kro=0}]->[HttpConnection@512e09c9[p=HttpParser{s=START,0 of -1},g=HttpGenerator@554875cf{s=START}]=>HttpChannelOverHttp@670c05e9{s=HttpChannelState@5b669d1f{s=IDLE rs=BLOCKING os=OPEN is=IDLE awp=false se=false i=true al=0},r=0,c=false/false,a=IDLE,uri=null,age=0}]
10:49:16.072 [JettyServerThreadPool-42] DEBUG org.eclipse.jetty.io.ManagedSelector -- Queued change lazy=false org.eclipse.jetty.io.SelectableChannelEndPoint$$Lambda/0x000001e32638bc78@73426778 on ManagedSelector@16872c4d{STARTED} id=1 keys=1 selected=0 updates=1
10:49:16.072 [JettyServerThreadPool-42] DEBUG org.eclipse.jetty.io.ManagedSelector -- Wakeup on submit ManagedSelector@16872c4d{STARTED} id=1 keys=1 selected=0 updates=2
10:49:16.080 [JettyServerThreadPool-36] DEBUG org.eclipse.jetty.io.ManagedSelector -- Selector sun.nio.ch.WEPollSelectorImpl@6afbd1bd woken with none selected
10:49:16.080 [JettyServerThreadPool-42] DEBUG org.eclipse.jetty.io.ManagedSelector -- Created SocketChannelEndPoint@154e1583[{l=/127.0.0.1:53844,r=/127.0.0.1:53848,OPEN,fill=FI,flush=-,to=0/30000}{io=0/1,kio=0,kro=0}]->[HttpConnection@512e09c9[p=HttpParser{s=START,0 of -1},g=HttpGenerator@554875cf{s=START}]=>HttpChannelOverHttp@670c05e9{s=HttpChannelState@5b669d1f{s=IDLE rs=BLOCKING os=OPEN is=IDLE awp=false se=false i=true al=0},r=0,c=false/false,a=IDLE,uri=null,age=0}]
10:49:16.080 [JettyServerThreadPool-36] DEBUG org.eclipse.jetty.io.ManagedSelector -- Selector sun.nio.ch.WEPollSelectorImpl@6afbd1bd woken up from select, 0/0/1 selected
10:49:16.080 [JettyServerThreadPool-36] DEBUG org.eclipse.jetty.io.ManagedSelector -- Selector sun.nio.ch.WEPollSelectorImpl@6afbd1bd processing 0 keys, 2 updates
10:49:16.080 [JettyServerThreadPool-42] DEBUG org.eclipse.jetty.util.thread.QueuedThreadPool -- ran Accept@1f7a8d3e[java.nio.channels.SocketChannel[connected local=/127.0.0.1:53844 remote=/127.0.0.1:53848]] in QueuedThreadPool[JettyServerThreadPool]@3051e0b2{STARTED,8<=8<=250,i=0,r=-1,t=59087ms,q=0}[ReservedThreadExecutor@39008c9f{reserved=0/12,pending=0}]
10:49:16.080 [JettyServerThreadPool-36] DEBUG org.eclipse.jetty.io.ManagedSelector -- updateable 2
10:49:16.080 [JettyServerThreadPool-42] DEBUG org.eclipse.jetty.util.thread.QueuedThreadPool -- Evict skipped, no excess threads QueuedThreadPool[JettyServerThreadPool]@3051e0b2{STARTED,8<=8<=250,i=1,r=-1,t=59087ms,q=0}[ReservedThreadExecutor@39008c9f{reserved=0/12,pending=0}]
10:49:16.080 [JettyServerThreadPool-36] DEBUG org.eclipse.jetty.io.ManagedSelector -- update org.eclipse.jetty.io.ManagedSelector$$Lambda/0x000001e3263ba828@7114dae2
10:49:16.080 [JettyServerThreadPool-36] DEBUG org.eclipse.jetty.io.ManagedSelector -- update org.eclipse.jetty.io.SelectableChannelEndPoint$$Lambda/0x000001e32638bc78@73426778
10:49:16.080 [JettyServerThreadPool-36] DEBUG org.eclipse.jetty.io.SelectableChannelEndPoint -- Key interests updated 0 -> 1 on SocketChannelEndPoint@154e1583[{l=/127.0.0.1:53844,r=/127.0.0.1:53848,OPEN,fill=FI,flush=-,to=1/30000}{io=1/1,kio=1,kro=0}]->[HttpConnection@512e09c9[p=HttpParser{s=START,0 of -1},g=HttpGenerator@554875cf{s=START}]=>HttpChannelOverHttp@670c05e9{s=HttpChannelState@5b669d1f{s=IDLE rs=BLOCKING os=OPEN is=IDLE awp=false se=false i=true al=0},r=0,c=false/false,a=IDLE,uri=null,age=0}]
10:49:16.081 [JettyServerThreadPool-36] DEBUG org.eclipse.jetty.io.ManagedSelector -- updates 0
10:49:16.081 [JettyServerThreadPool-36] DEBUG org.eclipse.jetty.io.ManagedSelector -- Selector sun.nio.ch.WEPollSelectorImpl@6afbd1bd waiting with 1 keys
10:49:16.081 [JettyServerThreadPool-36] DEBUG org.eclipse.jetty.io.ManagedSelector -- Selector sun.nio.ch.WEPollSelectorImpl@6afbd1bd woken up from select, 1/1/1 selected
10:49:16.081 [JettyServerThreadPool-36] DEBUG org.eclipse.jetty.io.ManagedSelector -- Selector sun.nio.ch.WEPollSelectorImpl@6afbd1bd processing 1 keys, 0 updates
10:49:16.081 [JettyServerThreadPool-36] DEBUG org.eclipse.jetty.io.ManagedSelector -- selected 1 channel=java.nio.channels.SocketChannel[connected local=/127.0.0.1:53844 remote=/127.0.0.1:53848], selector=sun.nio.ch.WEPollSelectorImpl@6afbd1bd, interestOps=1, readyOps=1 SocketChannelEndPoint@154e1583[{l=/127.0.0.1:53844,r=/127.0.0.1:53848,OPEN,fill=FI,flush=-,to=2/30000}{io=1/1,kio=1,kro=1}]->[HttpConnection@512e09c9[p=HttpParser{s=START,0 of -1},g=HttpGenerator@554875cf{s=START}]=>HttpChannelOverHttp@670c05e9{s=HttpChannelState@5b669d1f{s=IDLE rs=BLOCKING os=OPEN is=IDLE awp=false se=false i=true al=0},r=0,c=false/false,a=IDLE,uri=null,age=0}] 
10:49:16.081 [JettyServerThreadPool-36] DEBUG org.eclipse.jetty.io.SelectableChannelEndPoint -- onSelected 1->0 r=true w=false for SocketChannelEndPoint@154e1583[{l=/127.0.0.1:53844,r=/127.0.0.1:53848,OPEN,fill=FI,flush=-,to=2/30000}{io=1/0,kio=1,kro=1}]->[HttpConnection@512e09c9[p=HttpParser{s=START,0 of -1},g=HttpGenerator@554875cf{s=START}]=>HttpChannelOverHttp@670c05e9{s=HttpChannelState@5b669d1f{s=IDLE rs=BLOCKING os=OPEN is=IDLE awp=false se=false i=true al=0},r=0,c=false/false,a=IDLE,uri=null,age=0}]
10:49:16.081 [JettyServerThreadPool-36] DEBUG org.eclipse.jetty.io.SelectableChannelEndPoint -- task SocketChannelEndPoint@154e1583[{l=/127.0.0.1:53844,r=/127.0.0.1:53848,OPEN,fill=FI,flush=-,to=4/30000}{io=1/0,kio=1,kro=1}]->[HttpConnection@512e09c9[p=HttpParser{s=START,0 of -1},g=HttpGenerator@554875cf{s=START}]=>HttpChannelOverHttp@670c05e9{s=HttpChannelState@5b669d1f{s=IDLE rs=BLOCKING os=OPEN is=IDLE awp=false se=false i=true al=0},r=0,c=false/false,a=IDLE,uri=null,age=0}]:runFillable:BLOCKING
10:49:16.082 [JettyServerThreadPool-36] DEBUG org.eclipse.jetty.util.thread.ReservedThreadExecutor -- ReservedThreadExecutor@39008c9f{reserved=0/12,pending=0} tryExecute AdaptiveExecutionStrategy@17b6d426/SelectorProducer@5580d62f/PRODUCING/p=false/QueuedThreadPool[JettyServerThreadPool]@3051e0b2{STARTED,8<=8<=250,i=1,r=-1,t=59083ms,q=0}[ReservedThreadExecutor@39008c9f{reserved=0/12,pending=0}][pc=0,pic=0,pec=0,epc=0]@2025-08-11T10:49:16.0825109-03:00
10:49:16.082 [JettyServerThreadPool-36] DEBUG org.eclipse.jetty.util.thread.ReservedThreadExecutor -- ReservedThreadExecutor@39008c9f{reserved=0/12,pending=1} startReservedThread p=1
10:49:16.082 [JettyServerThreadPool-36] DEBUG org.eclipse.jetty.util.thread.QueuedThreadPool -- queue ReservedThread@5c7e4e09{PENDING,thread=null} startThread=0
10:49:16.082 [JettyServerThreadPool-42] DEBUG org.eclipse.jetty.util.thread.QueuedThreadPool -- run ReservedThread@5c7e4e09{PENDING,thread=null} in QueuedThreadPool[JettyServerThreadPool]@3051e0b2{STARTED,8<=8<=250,i=0,r=-1,t=59081ms,q=0}[ReservedThreadExecutor@39008c9f{reserved=0/12,pending=1}]
10:49:16.082 [JettyServerThreadPool-42] DEBUG org.eclipse.jetty.util.thread.ReservedThreadExecutor -- ReservedThread@5c7e4e09{PENDING,thread=Thread[#42,JettyServerThreadPool-42,5,main]} was=PENDING next=RESERVED size=0+1 capacity=12
10:49:16.082 [JettyServerThreadPool-42] DEBUG org.eclipse.jetty.util.thread.ReservedThreadExecutor -- ReservedThread@5c7e4e09{RESERVED,thread=Thread[#42,JettyServerThreadPool-42,5,main]} waiting ReservedThreadExecutor@39008c9f{reserved=1/12,pending=0}
10:49:16.087 [JettyServerThreadPool-36] DEBUG org.eclipse.jetty.util.thread.strategy.AdaptiveExecutionStrategy -- ss=PRODUCE_EXECUTE_CONSUME t=SocketChannelEndPoint@154e1583[{l=/127.0.0.1:53844,r=/127.0.0.1:53848,OPEN,fill=FI,flush=-,to=8/30000}{io=1/0,kio=1,kro=1}]->[HttpConnection@512e09c9[p=HttpParser{s=START,0 of -1},g=HttpGenerator@554875cf{s=START}]=>HttpChannelOverHttp@670c05e9{s=HttpChannelState@5b669d1f{s=IDLE rs=BLOCKING os=OPEN is=IDLE awp=false se=false i=true al=0},r=0,c=false/false,a=IDLE,uri=null,age=0}]:runFillable:BLOCKING/BLOCKING AdaptiveExecutionStrategy@17b6d426/SelectorProducer@5580d62f/PRODUCING/p=false/QueuedThreadPool[JettyServerThreadPool]@3051e0b2{STARTED,8<=8<=250,i=0,r=-1,t=59080ms,q=0}[ReservedThreadExecutor@39008c9f{reserved=1/12,pending=0}][pc=0,pic=0,pec=0,epc=0]@2025-08-11T10:49:16.0877266-03:00
10:49:16.087 [JettyServerThreadPool-36] DEBUG org.eclipse.jetty.util.thread.QueuedThreadPool -- queue SocketChannelEndPoint@154e1583[{l=/127.0.0.1:53844,r=/127.0.0.1:53848,OPEN,fill=FI,flush=-,to=9/30000}{io=1/0,kio=1,kro=1}]->[HttpConnection@512e09c9[p=HttpParser{s=START,0 of -1},g=HttpGenerator@554875cf{s=START}]=>HttpChannelOverHttp@670c05e9{s=HttpChannelState@5b669d1f{s=IDLE rs=BLOCKING os=OPEN is=IDLE awp=false se=false i=true al=0},r=0,c=false/false,a=IDLE,uri=null,age=0}]:runFillable:BLOCKING startThread=1
10:49:16.087 [JettyServerThreadPool-36] DEBUG org.eclipse.jetty.util.thread.QueuedThreadPool -- Starting Thread[#52,JettyServerThreadPool-52,5,main]
10:49:16.087 [JettyServerThreadPool-36] DEBUG org.eclipse.jetty.io.ManagedSelector -- updateable 0
10:49:16.087 [JettyServerThreadPool-36] DEBUG org.eclipse.jetty.io.ManagedSelector -- updates 0
10:49:16.087 [JettyServerThreadPool-36] DEBUG org.eclipse.jetty.io.SelectableChannelEndPoint -- Key interests updated 1 -> 0 on SocketChannelEndPoint@154e1583[{l=/127.0.0.1:53844,r=/127.0.0.1:53848,OPEN,fill=FI,flush=-,to=9/30000}{io=0/0,kio=0,kro=1}]->[HttpConnection@512e09c9[p=HttpParser{s=START,0 of -1},g=HttpGenerator@554875cf{s=START}]=>HttpChannelOverHttp@670c05e9{s=HttpChannelState@5b669d1f{s=IDLE rs=BLOCKING os=OPEN is=IDLE awp=false se=false i=true al=0},r=0,c=false/false,a=IDLE,uri=null,age=0}]
10:49:16.087 [JettyServerThreadPool-36] DEBUG org.eclipse.jetty.io.ManagedSelector -- Selector sun.nio.ch.WEPollSelectorImpl@6afbd1bd waiting with 1 keys
10:49:16.087 [JettyServerThreadPool-52] DEBUG org.eclipse.jetty.util.thread.QueuedThreadPool -- Runner started for QueuedThreadPool[JettyServerThreadPool]@3051e0b2{STARTED,8<=9<=250,i=0,r=-1,t=59999ms,q=0}[ReservedThreadExecutor@39008c9f{reserved=1/12,pending=0}]
10:49:16.087 [JettyServerThreadPool-52] DEBUG org.eclipse.jetty.util.thread.QueuedThreadPool -- run SocketChannelEndPoint@154e1583[{l=/127.0.0.1:53844,r=/127.0.0.1:53848,OPEN,fill=FI,flush=-,to=10/30000}{io=0/0,kio=0,kro=1}]->[HttpConnection@512e09c9[p=HttpParser{s=START,0 of -1},g=HttpGenerator@554875cf{s=START}]=>HttpChannelOverHttp@670c05e9{s=HttpChannelState@5b669d1f{s=IDLE rs=BLOCKING os=OPEN is=IDLE awp=false se=false i=true al=0},r=0,c=false/false,a=IDLE,uri=null,age=0}]:runFillable:BLOCKING in QueuedThreadPool[JettyServerThreadPool]@3051e0b2{STARTED,8<=9<=250,i=0,r=-1,t=59999ms,q=0}[ReservedThreadExecutor@39008c9f{reserved=1/12,pending=0}]
10:49:16.087 [JettyServerThreadPool-52] DEBUG org.eclipse.jetty.io.FillInterest -- fillable FillInterest@5942e740{ReadCallback@24567ada{HttpConnection@512e09c9::SocketChannelEndPoint@154e1583[{l=/127.0.0.1:53844,r=/127.0.0.1:53848,OPEN,fill=FI,flush=-,to=10/30000}{io=0/0,kio=0,kro=1}]->[HttpConnection@512e09c9[p=HttpParser{s=START,0 of -1},g=HttpGenerator@554875cf{s=START}]=>HttpChannelOverHttp@670c05e9{s=HttpChannelState@5b669d1f{s=IDLE rs=BLOCKING os=OPEN is=IDLE awp=false se=false i=true al=0},r=0,c=false/false,a=IDLE,uri=null,age=0}]}}
10:49:16.087 [JettyServerThreadPool-52] DEBUG org.eclipse.jetty.server.HttpConnection -- HttpConnection@512e09c9::SocketChannelEndPoint@154e1583[{l=/127.0.0.1:53844,r=/127.0.0.1:53848,OPEN,fill=-,flush=-,to=10/30000}{io=0/0,kio=0,kro=1}]->[HttpConnection@512e09c9[p=HttpParser{s=START,0 of -1},g=HttpGenerator@554875cf{s=START}]=>HttpChannelOverHttp@670c05e9{s=HttpChannelState@5b669d1f{s=IDLE rs=BLOCKING os=OPEN is=IDLE awp=false se=false i=true al=0},r=0,c=false/false,a=IDLE,uri=null,age=0}] onFillable enter HttpChannelState@5b669d1f{s=IDLE rs=BLOCKING os=OPEN is=IDLE awp=false se=false i=true al=0} null
10:49:16.090 [JettyServerThreadPool-52] DEBUG org.eclipse.jetty.util.Pool -- RetainedBucket@161ab638[inUse=0,size=1,max=-1,closed=false]{capacity=8192,inuse=0(0%)} returning new reserved entry MonoEntry@12252023{PENDING,pooled=null}
10:49:16.093 [JettyServerThreadPool-52] DEBUG org.eclipse.jetty.io.SocketChannelEndPoint -- filled 313 DirectByteBuffer@334618fd[p=0,l=313,c=8192,r=313]={<<<POST /print HTTP/1.1\r\nCon..."labelType":"STANDARD"}>>>\x00\x00\x00\x00\x00\x00\x00\x00\x00...\x00\x00\x00\x00\x00\x00\x00}
10:49:16.095 [JettyServerThreadPool-52] DEBUG org.eclipse.jetty.server.HttpConnection -- HttpConnection@512e09c9::SocketChannelEndPoint@154e1583[{l=/127.0.0.1:53844,r=/127.0.0.1:53848,OPEN,fill=-,flush=-,to=0/30000}{io=0/0,kio=0,kro=1}]->[HttpConnection@512e09c9[p=HttpParser{s=START,0 of -1},g=HttpGenerator@554875cf{s=START}]=>HttpChannelOverHttp@670c05e9{s=HttpChannelState@5b669d1f{s=IDLE rs=BLOCKING os=OPEN is=IDLE awp=false se=false i=true al=0},r=0,c=false/false,a=IDLE,uri=null,age=0}] filled 313 RetainableByteBuffer@6c124bdb{DirectByteBuffer@334618fd[p=0,l=313,c=8192,r=313]={<<<POST /print HTTP/1.1\r\nCon..."labelType":"STANDARD"}>>>\x00\x00\x00\x00\x00\x00\x00\x00\x00...\x00\x00\x00\x00\x00\x00\x00},r=1}
10:49:16.095 [JettyServerThreadPool-52] DEBUG org.eclipse.jetty.server.HttpConnection -- HttpConnection@512e09c9::SocketChannelEndPoint@154e1583[{l=/127.0.0.1:53844,r=/127.0.0.1:53848,OPEN,fill=-,flush=-,to=1/30000}{io=0/0,kio=0,kro=1}]->[HttpConnection@512e09c9[p=HttpParser{s=START,0 of -1},g=HttpGenerator@554875cf{s=START}]=>HttpChannelOverHttp@670c05e9{s=HttpChannelState@5b669d1f{s=IDLE rs=BLOCKING os=OPEN is=IDLE awp=false se=false i=true al=0},r=0,c=false/false,a=IDLE,uri=null,age=0}] parse RetainableByteBuffer@6c124bdb{DirectByteBuffer@334618fd[p=0,l=313,c=8192,r=313]={<<<POST /print HTTP/1.1\r\nCon..."labelType":"STANDARD"}>>>\x00\x00\x00\x00\x00\x00\x00\x00\x00...\x00\x00\x00\x00\x00\x00\x00},r=1}
10:49:16.095 [JettyServerThreadPool-52] DEBUG org.eclipse.jetty.http.HttpParser -- parseNext s=START DirectByteBuffer@334618fd[p=0,l=313,c=8192,r=313]={<<<POST /print HTTP/1.1\r\nCon..."labelType":"STANDARD"}>>>\x00\x00\x00\x00\x00\x00\x00\x00\x00...\x00\x00\x00\x00\x00\x00\x00}
10:49:16.095 [JettyServerThreadPool-52] DEBUG org.eclipse.jetty.http.HttpParser -- START --> SPACE1
10:49:16.100 [JettyServerThreadPool-52] DEBUG org.eclipse.jetty.http.HttpParser -- SPACE1 --> URI
10:49:16.101 [JettyServerThreadPool-52] DEBUG org.eclipse.jetty.http.HttpParser -- URI --> SPACE2
10:49:16.101 [JettyServerThreadPool-52] DEBUG org.eclipse.jetty.http.HttpParser -- SPACE2 --> REQUEST_VERSION
10:49:16.101 [JettyServerThreadPool-52] DEBUG org.eclipse.jetty.http.HttpParser -- REQUEST_VERSION --> HEADER
10:49:16.101 [JettyServerThreadPool-52] DEBUG org.eclipse.jetty.http.HttpParser -- HEADER:Connection --> IN_VALUE
10:49:16.101 [JettyServerThreadPool-52] DEBUG org.eclipse.jetty.http.HttpParser -- HEADER:Connection --> FIELD
10:49:16.101 [JettyServerThreadPool-52] DEBUG org.eclipse.jetty.http.HttpParser -- parsedHeader(Connection: Upgrade, HTTP2-Settings) header=Connection, headerString=[Connection], valueString=[Upgrade, HTTP2-Settings]
10:49:16.101 [JettyServerThreadPool-52] DEBUG org.eclipse.jetty.http.HttpParser -- HEADER:Content-Length --> VALUE
10:49:16.101 [JettyServerThreadPool-52] DEBUG org.eclipse.jetty.http.HttpParser -- HEADER:Content-Length --> IN_VALUE
10:49:16.101 [JettyServerThreadPool-52] DEBUG org.eclipse.jetty.http.HttpParser -- HEADER:Content-Length --> FIELD
10:49:16.101 [JettyServerThreadPool-52] DEBUG org.eclipse.jetty.http.HttpParser -- parsedHeader(null) header=Content-Length, headerString=[Content-Length], valueString=[60]
10:49:16.103 [JettyServerThreadPool-52] DEBUG org.eclipse.jetty.http.HttpParser -- HEADER:Host --> VALUE
10:49:16.103 [JettyServerThreadPool-52] DEBUG org.eclipse.jetty.http.HttpParser -- HEADER:Host --> IN_VALUE
10:49:16.103 [JettyServerThreadPool-52] DEBUG org.eclipse.jetty.http.HttpParser -- HEADER:Host --> FIELD
10:49:16.103 [JettyServerThreadPool-52] DEBUG org.eclipse.jetty.http.HttpParser -- parsedHeader(Host: localhost:53844) header=Host, headerString=[Host], valueString=[localhost:53844]
10:49:16.103 [JettyServerThreadPool-52] DEBUG org.eclipse.jetty.http.HttpParser -- HEADER:HTTP2-Settings --> VALUE
10:49:16.103 [JettyServerThreadPool-52] DEBUG org.eclipse.jetty.http.HttpParser -- HEADER:HTTP2-Settings --> IN_VALUE
10:49:16.103 [JettyServerThreadPool-52] DEBUG org.eclipse.jetty.http.HttpParser -- HEADER:HTTP2-Settings --> FIELD
10:49:16.103 [JettyServerThreadPool-52] DEBUG org.eclipse.jetty.http.HttpParser -- parsedHeader(null) header=HTTP2-Settings, headerString=[HTTP2-Settings], valueString=[AAEAAEAAAAIAAAAAAAMAAAAAAAQBAAAAAAUAAEAAAAYABgAA]
10:49:16.103 [JettyServerThreadPool-52] DEBUG org.eclipse.jetty.http.HttpParser -- HEADER:Upgrade --> VALUE
10:49:16.103 [JettyServerThreadPool-52] DEBUG org.eclipse.jetty.http.HttpParser -- HEADER:Upgrade --> IN_VALUE
10:49:16.103 [JettyServerThreadPool-52] DEBUG org.eclipse.jetty.http.HttpParser -- HEADER:Upgrade --> FIELD
10:49:16.103 [JettyServerThreadPool-52] DEBUG org.eclipse.jetty.http.HttpParser -- parsedHeader(null) header=Upgrade, headerString=[Upgrade], valueString=[h2c]
10:49:16.103 [JettyServerThreadPool-52] DEBUG org.eclipse.jetty.http.HttpParser -- HEADER:User-Agent --> VALUE
10:49:16.103 [JettyServerThreadPool-52] DEBUG org.eclipse.jetty.http.HttpParser -- HEADER:User-Agent --> IN_VALUE
10:49:16.103 [JettyServerThreadPool-52] DEBUG org.eclipse.jetty.http.HttpParser -- HEADER:User-Agent --> FIELD
10:49:16.107 [JettyServerThreadPool-52] DEBUG org.eclipse.jetty.http.HttpParser -- parsedHeader(User-Agent: Java-http-client/21.0.7) header=User-Agent, headerString=[User-Agent], valueString=[Java-http-client/21.0.7]
10:49:16.107 [JettyServerThreadPool-52] DEBUG org.eclipse.jetty.http.HttpParser -- HEADER:Content-Type: application/json --> IN_VALUE
10:49:16.107 [JettyServerThreadPool-52] DEBUG org.eclipse.jetty.http.HttpParser -- HEADER:Content-Type: application/json --> FIELD
10:49:16.107 [JettyServerThreadPool-52] DEBUG org.eclipse.jetty.http.HttpParser -- parsedHeader(Content-Type: application/json) header=Content-Type, headerString=[Content-Type], valueString=[application/json]
10:49:16.107 [JettyServerThreadPool-52] DEBUG org.eclipse.jetty.http.HttpParser -- HEADER --> CONTENT
10:49:16.110 [JettyServerThreadPool-52] DEBUG org.eclipse.jetty.server.HttpInput -- reopen HttpInput@1419921198 cs=HttpChannelState@5b669d1f{s=IDLE rs=BLOCKING os=OPEN is=IDLE awp=false se=false i=true al=0} cp=org.eclipse.jetty.server.BlockingContentProducer@7e6b86af eof=false
10:49:16.112 [JettyServerThreadPool-52] DEBUG org.eclipse.jetty.server.BlockingContentProducer -- reopening org.eclipse.jetty.server.BlockingContentProducer@7e6b86af
10:49:16.112 [JettyServerThreadPool-52] DEBUG org.eclipse.jetty.server.AsyncContentProducer -- reopening AsyncContentProducer@8edd3a4[r=null,t=null,i=null,error=false,c=HttpChannelOverHttp@670c05e9{s=HttpChannelState@5b669d1f{s=IDLE rs=BLOCKING os=OPEN is=IDLE awp=false se=false i=true al=0},r=1,c=false/false,a=IDLE,uri=null,age=5}]
10:49:16.112 [JettyServerThreadPool-52] DEBUG org.eclipse.jetty.server.HttpChannel -- REQUEST for /print on HttpChannelOverHttp@670c05e9{s=HttpChannelState@5b669d1f{s=IDLE rs=BLOCKING os=OPEN is=IDLE awp=false se=false i=true al=0},r=1,c=false/false,a=IDLE,uri=http://localhost:53844/print,age=5}
POST /print HTTP/1.1
Connection: Upgrade, HTTP2-Settings
Content-Length: 60
Host: localhost:53844
HTTP2-Settings: AAEAAEAAAAIAAAAAAAMAAAAAAAQBAAAAAAUAAEAAAAYABgAA
Upgrade: h2c
User-Agent: Java-http-client/21.0.7
Content-Type: application/json


10:49:16.120 [JettyServerThreadPool-52] DEBUG org.eclipse.jetty.server.HttpChannelOverHttp -- upgrade HttpChannelOverHttp@670c05e9{s=HttpChannelState@5b669d1f{s=IDLE rs=BLOCKING os=OPEN is=IDLE awp=false se=false i=true al=0},r=1,c=false/false,a=IDLE,uri=http://localhost:53844/print,age=13} Upgrade: h2c
10:49:16.120 [JettyServerThreadPool-52] DEBUG org.eclipse.jetty.server.HttpChannelOverHttp -- No factory for Upgrade: h2c in ServerConnector@7c1c5936{HTTP/1.1, (http/1.1)}{0.0.0.0:53844}
10:49:16.120 [JettyServerThreadPool-52] DEBUG org.eclipse.jetty.server.HttpConnection -- HttpConnection@512e09c9::SocketChannelEndPoint@154e1583[{l=/127.0.0.1:53844,r=/127.0.0.1:53848,OPEN,fill=-,flush=-,to=33/30000}{io=0/0,kio=0,kro=1}]->[HttpConnection@512e09c9[p=HttpParser{s=CONTENT,0 of 60},g=HttpGenerator@554875cf{s=START}]=>HttpChannelOverHttp@670c05e9{s=HttpChannelState@5b669d1f{s=IDLE rs=BLOCKING os=OPEN is=IDLE awp=false se=false i=true al=0},r=1,c=false/false,a=IDLE,uri=http://localhost:53844/print,age=13}] parsed true HttpParser{s=CONTENT,0 of 60}
10:49:16.120 [JettyServerThreadPool-52] DEBUG org.eclipse.jetty.server.HttpChannel -- handle http://localhost:53844/print HttpChannelOverHttp@670c05e9{s=HttpChannelState@5b669d1f{s=IDLE rs=BLOCKING os=OPEN is=IDLE awp=false se=false i=true al=0},r=1,c=false/false,a=IDLE,uri=http://localhost:53844/print,age=13} 
10:49:16.120 [JettyServerThreadPool-52] DEBUG org.eclipse.jetty.server.HttpChannelState -- handling HttpChannelState@5b669d1f{s=IDLE rs=BLOCKING os=OPEN is=IDLE awp=false se=false i=true al=0}
10:49:16.120 [JettyServerThreadPool-52] DEBUG org.eclipse.jetty.server.HttpChannel -- action DISPATCH HttpChannelOverHttp@670c05e9{s=HttpChannelState@5b669d1f{s=HANDLING rs=BLOCKING os=OPEN is=IDLE awp=false se=false i=true al=0},r=1,c=false/false,a=HANDLING,uri=http://localhost:53844/print,age=13}
10:49:16.130 [JettyServerThreadPool-52] DEBUG org.eclipse.jetty.server.Server -- REQUEST POST /print ?null on HttpChannelOverHttp@670c05e9{s=HttpChannelState@5b669d1f{s=HANDLING rs=BLOCKING os=OPEN is=IDLE awp=false se=false i=true al=0},r=1,c=false/false,a=HANDLING,uri=http://localhost:53844/print,age=23}
10:49:16.131 [JettyServerThreadPool-52] DEBUG org.eclipse.jetty.server.handler.ContextHandler -- scope null||/print @ o.e.j.s.ServletContextHandler@5136207f{/,null,AVAILABLE}
10:49:16.131 [JettyServerThreadPool-52] DEBUG org.eclipse.jetty.server.handler.ContextHandler -- context=||/print @ o.e.j.s.ServletContextHandler@5136207f{/,null,AVAILABLE}
10:49:16.131 [JettyServerThreadPool-52] DEBUG org.eclipse.jetty.server.session.SessionHandler -- Entering scope org.eclipse.jetty.server.session.SessionHandler418299920==dftMaxIdleSec=-1, dispatch=REQUEST asyncstarted=false
10:49:16.132 [JettyServerThreadPool-52] DEBUG org.eclipse.jetty.server.session.SessionHandler -- sessionHandler=org.eclipse.jetty.server.session.SessionHandler418299920==dftMaxIdleSec=-1 session=null
10:49:16.136 [JettyServerThreadPool-52] DEBUG org.eclipse.jetty.servlet.ServletHandler -- servlet ||/print|ServletPathMapping{matchValue=, pattern=/*, servletName=io.javalin.jetty.JavalinJettyServlet-b016b4e, mappingMatch=PATH, servletPath=, pathInfo=/print} -> io.javalin.jetty.JavalinJettyServlet-b016b4e==io.javalin.jetty.JavalinJettyServlet@23d44d92{jsp=null,order=-1,inst=true,async=true,src=EMBEDDED:null,STARTED}
10:49:16.141 [JettyServerThreadPool-52] DEBUG org.eclipse.jetty.servlet.ServletHandler -- chain=null
10:49:16.182 [JettyServerThreadPool-52] DEBUG org.eclipse.jetty.server.AsyncContentProducer -- nextTransformedContent AsyncContentProducer@8edd3a4[r=null,t=null,i=null,error=false,c=HttpChannelOverHttp@670c05e9{s=HttpChannelState@5b669d1f{s=HANDLING rs=BLOCKING os=OPEN is=IDLE awp=false se=false i=true al=0},r=1,c=false/false,a=HANDLING,uri=http://localhost:53844/print,age=75}]
10:49:16.184 [JettyServerThreadPool-52] DEBUG org.eclipse.jetty.server.AsyncContentProducer -- producing new raw content AsyncContentProducer@8edd3a4[r=null,t=null,i=null,error=false,c=HttpChannelOverHttp@670c05e9{s=HttpChannelState@5b669d1f{s=HANDLING rs=BLOCKING os=OPEN is=IDLE awp=false se=false i=true al=0},r=1,c=false/false,a=HANDLING,uri=http://localhost:53844/print,age=77}]
10:49:16.184 [JettyServerThreadPool-52] DEBUG org.eclipse.jetty.server.HttpChannelOverHttp -- produceContent has no content, parsing and filling
10:49:16.184 [JettyServerThreadPool-52] DEBUG org.eclipse.jetty.server.HttpConnection -- HttpConnection@512e09c9::SocketChannelEndPoint@154e1583[{l=/127.0.0.1:53844,r=/127.0.0.1:53848,OPEN,fill=-,flush=-,to=90/30000}{io=0/0,kio=0,kro=1}]->[HttpConnection@512e09c9[p=HttpParser{s=CONTENT,0 of 60},g=HttpGenerator@554875cf{s=START}]=>HttpChannelOverHttp@670c05e9{s=HttpChannelState@5b669d1f{s=HANDLING rs=BLOCKING os=OPEN is=IDLE awp=false se=false i=true al=0},r=1,c=false/false,a=HANDLING,uri=http://localhost:53844/print,age=77}] parse RetainableByteBuffer@6c124bdb{DirectByteBuffer@334618fd[p=253,l=313,c=8192,r=60]={POST /pri...son\r\n\r\n<<<{"text":"TESTE-SIMPLES","..."labelType":"STANDARD"}>>>\x00\x00\x00\x00\x00\x00\x00\x00\x00...\x00\x00\x00\x00\x00\x00\x00},r=1}
10:49:16.192 [JettyServerThreadPool-52] DEBUG org.eclipse.jetty.http.HttpParser -- parseNext s=CONTENT DirectByteBuffer@334618fd[p=253,l=313,c=8192,r=60]={POST /pri...son\r\n\r\n<<<{"text":"TESTE-SIMPLES","..."labelType":"STANDARD"}>>>\x00\x00\x00\x00\x00\x00\x00\x00\x00...\x00\x00\x00\x00\x00\x00\x00}
10:49:16.192 [JettyServerThreadPool-52] DEBUG org.eclipse.jetty.server.HttpChannel -- onContent HttpChannelOverHttp@670c05e9{s=HttpChannelState@5b669d1f{s=HANDLING rs=BLOCKING os=OPEN is=IDLE awp=false se=false i=true al=0},r=1,c=false/false,a=HANDLING,uri=http://localhost:53844/print,age=85} Content@12d8ed73{DirectByteBufferR@1e81fed6[p=253,l=313,c=8192,r=60]={POST /pri...son\r\n\r\n<<<{"text":"TESTE-SIMPLES","..."labelType":"STANDARD"}>>>\x00\x00\x00\x00\x00\x00\x00\x00\x00...\x00\x00\x00\x00\x00\x00\x00},spc=false,eof=false,err=null}
10:49:16.192 [JettyServerThreadPool-52] DEBUG org.eclipse.jetty.server.HttpConnection -- HttpConnection@512e09c9::SocketChannelEndPoint@154e1583[{l=/127.0.0.1:53844,r=/127.0.0.1:53848,OPEN,fill=-,flush=-,to=103/30000}{io=0/0,kio=0,kro=1}]->[HttpConnection@512e09c9[p=HttpParser{s=CONTENT,60 of 60},g=HttpGenerator@554875cf{s=START}]=>HttpChannelOverHttp@670c05e9{s=HttpChannelState@5b669d1f{s=HANDLING rs=BLOCKING os=OPEN is=IDLE awp=false se=false i=true al=0},r=1,c=false/false,a=HANDLING,uri=http://localhost:53844/print,age=85}] parsed true HttpParser{s=CONTENT,60 of 60}
10:49:16.192 [JettyServerThreadPool-52] DEBUG org.eclipse.jetty.server.HttpChannelOverHttp -- produceContent produced Content@12d8ed73{DirectByteBufferR@1e81fed6[p=253,l=313,c=8192,r=60]={POST /pri...son\r\n\r\n<<<{"text":"TESTE-SIMPLES","..."labelType":"STANDARD"}>>>\x00\x00\x00\x00\x00\x00\x00\x00\x00...\x00\x00\x00\x00\x00\x00\x00},spc=false,eof=false,err=null}
10:49:16.192 [JettyServerThreadPool-52] DEBUG org.eclipse.jetty.server.AsyncContentProducer -- produceRawContent updated rawContentArrived to 60 and firstByteTimeStamp to 3199370492200 AsyncContentProducer@8edd3a4[r=null,t=null,i=null,error=false,c=HttpChannelOverHttp@670c05e9{s=HttpChannelState@5b669d1f{s=HANDLING rs=BLOCKING os=OPEN is=IDLE awp=false se=false i=true al=0},r=1,c=false/false,a=HANDLING,uri=http://localhost:53844/print,age=85}]
10:49:16.192 [JettyServerThreadPool-52] DEBUG org.eclipse.jetty.server.AsyncContentProducer -- produceRawContent produced Content@12d8ed73{DirectByteBufferR@1e81fed6[p=253,l=313,c=8192,r=60]={POST /pri...son\r\n\r\n<<<{"text":"TESTE-SIMPLES","..."labelType":"STANDARD"}>>>\x00\x00\x00\x00\x00\x00\x00\x00\x00...\x00\x00\x00\x00\x00\x00\x00},spc=false,eof=false,err=null} AsyncContentProducer@8edd3a4[r=null,t=null,i=null,error=false,c=HttpChannelOverHttp@670c05e9{s=HttpChannelState@5b669d1f{s=HANDLING rs=BLOCKING os=OPEN is=IDLE awp=false se=false i=true al=0},r=1,c=false/false,a=HANDLING,uri=http://localhost:53844/print,age=85}]
10:49:16.192 [JettyServerThreadPool-52] DEBUG org.eclipse.jetty.server.AsyncContentProducer -- transforming raw content AsyncContentProducer@8edd3a4[r=Content@12d8ed73{DirectByteBufferR@1e81fed6[p=253,l=313,c=8192,r=60]={POST /pri...son\r\n\r\n<<<{"text":"TESTE-SIMPLES","..."labelType":"STANDARD"}>>>\x00\x00\x00\x00\x00\x00\x00\x00\x00...\x00\x00\x00\x00\x00\x00\x00},spc=false,eof=false,err=null},t=null,i=null,error=false,c=HttpChannelOverHttp@670c05e9{s=HttpChannelState@5b669d1f{s=HANDLING rs=BLOCKING os=OPEN is=IDLE awp=false se=false i=true al=0},r=1,c=false/false,a=HANDLING,uri=http://localhost:53844/print,age=85}]
10:49:16.192 [JettyServerThreadPool-52] DEBUG org.eclipse.jetty.server.AsyncContentProducer -- no interceptor, transformed content is raw content AsyncContentProducer@8edd3a4[r=Content@12d8ed73{DirectByteBufferR@1e81fed6[p=253,l=313,c=8192,r=60]={POST /pri...son\r\n\r\n<<<{"text":"TESTE-SIMPLES","..."labelType":"STANDARD"}>>>\x00\x00\x00\x00\x00\x00\x00\x00\x00...\x00\x00\x00\x00\x00\x00\x00},spc=false,eof=false,err=null},t=null,i=null,error=false,c=HttpChannelOverHttp@670c05e9{s=HttpChannelState@5b669d1f{s=HANDLING rs=BLOCKING os=OPEN is=IDLE awp=false se=false i=true al=0},r=1,c=false/false,a=HANDLING,uri=http://localhost:53844/print,age=85}]
10:49:16.192 [JettyServerThreadPool-52] DEBUG org.eclipse.jetty.server.AsyncContentProducer -- transformed content not yet depleted, returning it AsyncContentProducer@8edd3a4[r=Content@12d8ed73{DirectByteBufferR@1e81fed6[p=253,l=313,c=8192,r=60]={POST /pri...son\r\n\r\n<<<{"text":"TESTE-SIMPLES","..."labelType":"STANDARD"}>>>\x00\x00\x00\x00\x00\x00\x00\x00\x00...\x00\x00\x00\x00\x00\x00\x00},spc=false,eof=false,err=null},t=Content@12d8ed73{DirectByteBufferR@1e81fed6[p=253,l=313,c=8192,r=60]={POST /pri...son\r\n\r\n<<<{"text":"TESTE-SIMPLES","..."labelType":"STANDARD"}>>>\x00\x00\x00\x00\x00\x00\x00\x00\x00...\x00\x00\x00\x00\x00\x00\x00},spc=false,eof=false,err=null},i=null,error=false,c=HttpChannelOverHttp@670c05e9{s=HttpChannelState@5b669d1f{s=HANDLING rs=BLOCKING os=OPEN is=IDLE awp=false se=false i=true al=0},r=1,c=false/false,a=HANDLING,uri=http://localhost:53844/print,age=85}]
10:49:16.192 [JettyServerThreadPool-52] DEBUG org.eclipse.jetty.server.AsyncContentProducer -- available = 60 AsyncContentProducer@8edd3a4[r=Content@12d8ed73{DirectByteBufferR@1e81fed6[p=253,l=313,c=8192,r=60]={POST /pri...son\r\n\r\n<<<{"text":"TESTE-SIMPLES","..."labelType":"STANDARD"}>>>\x00\x00\x00\x00\x00\x00\x00\x00\x00...\x00\x00\x00\x00\x00\x00\x00},spc=false,eof=false,err=null},t=Content@12d8ed73{DirectByteBufferR@1e81fed6[p=253,l=313,c=8192,r=60]={POST /pri...son\r\n\r\n<<<{"text":"TESTE-SIMPLES","..."labelType":"STANDARD"}>>>\x00\x00\x00\x00\x00\x00\x00\x00\x00...\x00\x00\x00\x00\x00\x00\x00},spc=false,eof=false,err=null},i=null,error=false,c=HttpChannelOverHttp@670c05e9{s=HttpChannelState@5b669d1f{s=HANDLING rs=BLOCKING os=OPEN is=IDLE awp=false se=false i=true al=0},r=1,c=false/false,a=HANDLING,uri=http://localhost:53844/print,age=85}]
10:49:16.192 [JettyServerThreadPool-52] DEBUG org.eclipse.jetty.server.HttpInput -- available=60 HttpInput@1419921198 cs=HttpChannelState@5b669d1f{s=HANDLING rs=BLOCKING os=OPEN is=IDLE awp=false se=false i=true al=0} cp=org.eclipse.jetty.server.BlockingContentProducer@7e6b86af eof=false
10:49:16.192 [JettyServerThreadPool-52] DEBUG org.eclipse.jetty.server.AsyncContentProducer -- checkMinDataRate [m=0,t=3199370492200] AsyncContentProducer@8edd3a4[r=Content@12d8ed73{DirectByteBufferR@1e81fed6[p=253,l=313,c=8192,r=60]={POST /pri...son\r\n\r\n<<<{"text":"TESTE-SIMPLES","..."labelType":"STANDARD"}>>>\x00\x00\x00\x00\x00\x00\x00\x00\x00...\x00\x00\x00\x00\x00\x00\x00},spc=false,eof=false,err=null},t=Content@12d8ed73{DirectByteBufferR@1e81fed6[p=253,l=313,c=8192,r=60]={POST /pri...son\r\n\r\n<<<{"text":"TESTE-SIMPLES","..."labelType":"STANDARD"}>>>\x00\x00\x00\x00\x00\x00\x00\x00\x00...\x00\x00\x00\x00\x00\x00\x00},spc=false,eof=false,err=null},i=null,error=false,c=HttpChannelOverHttp@670c05e9{s=HttpChannelState@5b669d1f{s=HANDLING rs=BLOCKING os=OPEN is=IDLE awp=false se=false i=true al=0},r=1,c=false/false,a=HANDLING,uri=http://localhost:53844/print,age=85}]
10:49:16.192 [JettyServerThreadPool-52] DEBUG org.eclipse.jetty.server.AsyncContentProducer -- nextTransformedContent AsyncContentProducer@8edd3a4[r=Content@12d8ed73{DirectByteBufferR@1e81fed6[p=253,l=313,c=8192,r=60]={POST /pri...son\r\n\r\n<<<{"text":"TESTE-SIMPLES","..."labelType":"STANDARD"}>>>\x00\x00\x00\x00\x00\x00\x00\x00\x00...\x00\x00\x00\x00\x00\x00\x00},spc=false,eof=false,err=null},t=Content@12d8ed73{DirectByteBufferR@1e81fed6[p=253,l=313,c=8192,r=60]={POST /pri...son\r\n\r\n<<<{"text":"TESTE-SIMPLES","..."labelType":"STANDARD"}>>>\x00\x00\x00\x00\x00\x00\x00\x00\x00...\x00\x00\x00\x00\x00\x00\x00},spc=false,eof=false,err=null},i=null,error=false,c=HttpChannelOverHttp@670c05e9{s=HttpChannelState@5b669d1f{s=HANDLING rs=BLOCKING os=OPEN is=IDLE awp=false se=false i=true al=0},r=1,c=false/false,a=HANDLING,uri=http://localhost:53844/print,age=93}]
10:49:16.200 [JettyServerThreadPool-52] DEBUG org.eclipse.jetty.server.AsyncContentProducer -- transformed content not yet depleted, returning it AsyncContentProducer@8edd3a4[r=Content@12d8ed73{DirectByteBufferR@1e81fed6[p=253,l=313,c=8192,r=60]={POST /pri...son\r\n\r\n<<<{"text":"TESTE-SIMPLES","..."labelType":"STANDARD"}>>>\x00\x00\x00\x00\x00\x00\x00\x00\x00...\x00\x00\x00\x00\x00\x00\x00},spc=false,eof=false,err=null},t=Content@12d8ed73{DirectByteBufferR@1e81fed6[p=253,l=313,c=8192,r=60]={POST /pri...son\r\n\r\n<<<{"text":"TESTE-SIMPLES","..."labelType":"STANDARD"}>>>\x00\x00\x00\x00\x00\x00\x00\x00\x00...\x00\x00\x00\x00\x00\x00\x00},spc=false,eof=false,err=null},i=null,error=false,c=HttpChannelOverHttp@670c05e9{s=HttpChannelState@5b669d1f{s=HANDLING rs=BLOCKING os=OPEN is=IDLE awp=false se=false i=true al=0},r=1,c=false/false,a=HANDLING,uri=http://localhost:53844/print,age=94}]
10:49:16.201 [JettyServerThreadPool-52] DEBUG org.eclipse.jetty.server.AsyncContentProducer -- nextContent = Content@12d8ed73{DirectByteBufferR@1e81fed6[p=253,l=313,c=8192,r=60]={POST /pri...son\r\n\r\n<<<{"text":"TESTE-SIMPLES","..."labelType":"STANDARD"}>>>\x00\x00\x00\x00\x00\x00\x00\x00\x00...\x00\x00\x00\x00\x00\x00\x00},spc=false,eof=false,err=null} AsyncContentProducer@8edd3a4[r=Content@12d8ed73{DirectByteBufferR@1e81fed6[p=253,l=313,c=8192,r=60]={POST /pri...son\r\n\r\n<<<{"text":"TESTE-SIMPLES","..."labelType":"STANDARD"}>>>\x00\x00\x00\x00\x00\x00\x00\x00\x00...\x00\x00\x00\x00\x00\x00\x00},spc=false,eof=false,err=null},t=Content@12d8ed73{DirectByteBufferR@1e81fed6[p=253,l=313,c=8192,r=60]={POST /pri...son\r\n\r\n<<<{"text":"TESTE-SIMPLES","..."labelType":"STANDARD"}>>>\x00\x00\x00\x00\x00\x00\x00\x00\x00...\x00\x00\x00\x00\x00\x00\x00},spc=false,eof=false,err=null},i=null,error=false,c=HttpChannelOverHttp@670c05e9{s=HttpChannelState@5b669d1f{s=HANDLING rs=BLOCKING os=OPEN is=IDLE awp=false se=false i=true al=0},r=1,c=false/false,a=HANDLING,uri=http://localhost:53844/print,age=94}]
10:49:16.201 [JettyServerThreadPool-52] DEBUG org.eclipse.jetty.server.HttpChannelState -- onReadIdle HttpChannelState@5b669d1f{s=HANDLING rs=BLOCKING os=OPEN is=IDLE awp=false se=false i=true al=0}
10:49:16.201 [JettyServerThreadPool-52] DEBUG org.eclipse.jetty.server.BlockingContentProducer -- nextContent async producer returned Content@12d8ed73{DirectByteBufferR@1e81fed6[p=253,l=313,c=8192,r=60]={POST /pri...son\r\n\r\n<<<{"text":"TESTE-SIMPLES","..."labelType":"STANDARD"}>>>\x00\x00\x00\x00\x00\x00\x00\x00\x00...\x00\x00\x00\x00\x00\x00\x00},spc=false,eof=false,err=null}
10:49:16.201 [JettyServerThreadPool-52] DEBUG org.eclipse.jetty.server.HttpInput -- read produced 60 byte(s) HttpInput@1419921198 cs=HttpChannelState@5b669d1f{s=HANDLING rs=BLOCKING os=OPEN is=IDLE awp=false se=false i=true al=0} cp=org.eclipse.jetty.server.BlockingContentProducer@7e6b86af eof=false
10:49:16.201 [JettyServerThreadPool-52] DEBUG org.eclipse.jetty.server.AsyncContentProducer -- reclaim Content@12d8ed73{DirectByteBufferR@1e81fed6[p=313,l=313,c=8192,r=0]={POST /pri...NDARD"}<<<>>>\x00\x00\x00\x00\x00\x00\x00\x00\x00...\x00\x00\x00\x00\x00\x00\x00},spc=false,eof=false,err=null} AsyncContentProducer@8edd3a4[r=Content@12d8ed73{DirectByteBufferR@1e81fed6[p=313,l=313,c=8192,r=0]={POST /pri...NDARD"}<<<>>>\x00\x00\x00\x00\x00\x00\x00\x00\x00...\x00\x00\x00\x00\x00\x00\x00},spc=false,eof=false,err=null},t=Content@12d8ed73{DirectByteBufferR@1e81fed6[p=313,l=313,c=8192,r=0]={POST /pri...NDARD"}<<<>>>\x00\x00\x00\x00\x00\x00\x00\x00\x00...\x00\x00\x00\x00\x00\x00\x00},spc=false,eof=false,err=null},i=null,error=false,c=HttpChannelOverHttp@670c05e9{s=HttpChannelState@5b669d1f{s=HANDLING rs=BLOCKING os=OPEN is=IDLE awp=false se=false i=true al=0},r=1,c=false/false,a=HANDLING,uri=http://localhost:53844/print,age=94}]
10:49:16.201 [JettyServerThreadPool-52] DEBUG org.eclipse.jetty.server.AsyncContentProducer -- checkMinDataRate [m=0,t=3199370492200] AsyncContentProducer@8edd3a4[r=null,t=null,i=null,error=false,c=HttpChannelOverHttp@670c05e9{s=HttpChannelState@5b669d1f{s=HANDLING rs=BLOCKING os=OPEN is=IDLE awp=false se=false i=true al=0},r=1,c=false/false,a=HANDLING,uri=http://localhost:53844/print,age=94}]
10:49:16.201 [JettyServerThreadPool-52] DEBUG org.eclipse.jetty.server.AsyncContentProducer -- nextTransformedContent AsyncContentProducer@8edd3a4[r=null,t=null,i=null,error=false,c=HttpChannelOverHttp@670c05e9{s=HttpChannelState@5b669d1f{s=HANDLING rs=BLOCKING os=OPEN is=IDLE awp=false se=false i=true al=0},r=1,c=false/false,a=HANDLING,uri=http://localhost:53844/print,age=94}]
10:49:16.201 [JettyServerThreadPool-52] DEBUG org.eclipse.jetty.server.AsyncContentProducer -- producing new raw content AsyncContentProducer@8edd3a4[r=null,t=null,i=null,error=false,c=HttpChannelOverHttp@670c05e9{s=HttpChannelState@5b669d1f{s=HANDLING rs=BLOCKING os=OPEN is=IDLE awp=false se=false i=true al=0},r=1,c=false/false,a=HANDLING,uri=http://localhost:53844/print,age=94}]
10:49:16.201 [JettyServerThreadPool-52] DEBUG org.eclipse.jetty.server.HttpChannelOverHttp -- produceContent has no content, parsing and filling
10:49:16.201 [JettyServerThreadPool-52] DEBUG org.eclipse.jetty.server.HttpConnection -- HttpConnection@512e09c9::SocketChannelEndPoint@154e1583[{l=/127.0.0.1:53844,r=/127.0.0.1:53848,OPEN,fill=-,flush=-,to=110/30000}{io=0/0,kio=0,kro=1}]->[HttpConnection@512e09c9[p=HttpParser{s=CONTENT,60 of 60},g=HttpGenerator@554875cf{s=START}]=>HttpChannelOverHttp@670c05e9{s=HttpChannelState@5b669d1f{s=HANDLING rs=BLOCKING os=OPEN is=IDLE awp=false se=false i=true al=0},r=1,c=false/false,a=HANDLING,uri=http://localhost:53844/print,age=94}] parse RetainableByteBuffer@6c124bdb{DirectByteBuffer@334618fd[p=313,l=313,c=8192,r=0]={POST /pri...NDARD"}<<<>>>\x00\x00\x00\x00\x00\x00\x00\x00\x00...\x00\x00\x00\x00\x00\x00\x00},r=1}
10:49:16.201 [JettyServerThreadPool-52] DEBUG org.eclipse.jetty.http.HttpParser -- parseNext s=CONTENT DirectByteBuffer@334618fd[p=313,l=313,c=8192,r=0]={POST /pri...NDARD"}<<<>>>\x00\x00\x00\x00\x00\x00\x00\x00\x00...\x00\x00\x00\x00\x00\x00\x00}
10:49:16.201 [JettyServerThreadPool-52] DEBUG org.eclipse.jetty.http.HttpParser -- CONTENT --> CONTENT_END
10:49:16.201 [JettyServerThreadPool-52] DEBUG org.eclipse.jetty.server.HttpChannel -- onContentComplete HttpChannelOverHttp@670c05e9{s=HttpChannelState@5b669d1f{s=HANDLING rs=BLOCKING os=OPEN is=IDLE awp=false se=false i=true al=0},r=1,c=false/false,a=HANDLING,uri=http://localhost:53844/print,age=94}
10:49:16.201 [JettyServerThreadPool-52] DEBUG org.eclipse.jetty.http.HttpParser -- CONTENT_END --> END
10:49:16.201 [JettyServerThreadPool-52] DEBUG org.eclipse.jetty.server.HttpChannel -- onRequestComplete HttpChannelOverHttp@670c05e9{s=HttpChannelState@5b669d1f{s=HANDLING rs=BLOCKING os=OPEN is=IDLE awp=false se=false i=true al=0},r=1,c=false/false,a=HANDLING,uri=http://localhost:53844/print,age=94}
10:49:16.201 [JettyServerThreadPool-52] DEBUG org.eclipse.jetty.server.HttpChannelOverHttp -- received EOF, content = null
10:49:16.201 [JettyServerThreadPool-52] DEBUG org.eclipse.jetty.server.HttpConnection -- HttpConnection@512e09c9::SocketChannelEndPoint@154e1583[{l=/127.0.0.1:53844,r=/127.0.0.1:53848,OPEN,fill=-,flush=-,to=111/30000}{io=0/0,kio=0,kro=1}]->[HttpConnection@512e09c9[p=HttpParser{s=END,60 of 60},g=HttpGenerator@554875cf{s=START}]=>HttpChannelOverHttp@670c05e9{s=HttpChannelState@5b669d1f{s=HANDLING rs=BLOCKING os=OPEN is=IDLE awp=false se=false i=true al=0},r=1,c=false/false,a=HANDLING,uri=http://localhost:53844/print,age=94}] parsed false HttpParser{s=END,60 of 60}
10:49:16.201 [JettyServerThreadPool-52] DEBUG org.eclipse.jetty.server.HttpConnection -- releaseRequestBuffer HttpConnection@512e09c9::SocketChannelEndPoint@154e1583[{l=/127.0.0.1:53844,r=/127.0.0.1:53848,OPEN,fill=-,flush=-,to=111/30000}{io=0/0,kio=0,kro=1}]->[HttpConnection@512e09c9[p=HttpParser{s=END,60 of 60},g=HttpGenerator@554875cf{s=START}]=>HttpChannelOverHttp@670c05e9{s=HttpChannelState@5b669d1f{s=HANDLING rs=BLOCKING os=OPEN is=IDLE awp=false se=false i=true al=0},r=1,c=false/false,a=HANDLING,uri=http://localhost:53844/print,age=94}]
10:49:16.201 [JettyServerThreadPool-52] DEBUG org.eclipse.jetty.server.HttpChannelOverHttp -- produceContent produced EofContent
10:49:16.201 [JettyServerThreadPool-52] DEBUG org.eclipse.jetty.server.AsyncContentProducer -- produceRawContent updated rawContentArrived to 60 and firstByteTimeStamp to 3199370492200 AsyncContentProducer@8edd3a4[r=null,t=null,i=null,error=false,c=HttpChannelOverHttp@670c05e9{s=HttpChannelState@5b669d1f{s=HANDLING rs=BLOCKING os=OPEN is=IDLE awp=false se=false i=true al=0},r=1,c=false/false,a=HANDLING,uri=http://localhost:53844/print,age=94}]
10:49:16.201 [JettyServerThreadPool-52] DEBUG org.eclipse.jetty.server.AsyncContentProducer -- produceRawContent produced EofContent AsyncContentProducer@8edd3a4[r=null,t=null,i=null,error=false,c=HttpChannelOverHttp@670c05e9{s=HttpChannelState@5b669d1f{s=HANDLING rs=BLOCKING os=OPEN is=IDLE awp=false se=false i=true al=0},r=1,c=false/false,a=HANDLING,uri=http://localhost:53844/print,age=94}]
10:49:16.201 [JettyServerThreadPool-52] DEBUG org.eclipse.jetty.server.AsyncContentProducer -- transforming raw content AsyncContentProducer@8edd3a4[r=EofContent,t=null,i=null,error=false,c=HttpChannelOverHttp@670c05e9{s=HttpChannelState@5b669d1f{s=HANDLING rs=BLOCKING os=OPEN is=IDLE awp=false se=false i=true al=0},r=1,c=false/false,a=HANDLING,uri=http://localhost:53844/print,age=94}]
10:49:16.201 [JettyServerThreadPool-52] DEBUG org.eclipse.jetty.server.AsyncContentProducer -- no interceptor, transformed content is raw content AsyncContentProducer@8edd3a4[r=EofContent,t=null,i=null,error=false,c=HttpChannelOverHttp@670c05e9{s=HttpChannelState@5b669d1f{s=HANDLING rs=BLOCKING os=OPEN is=IDLE awp=false se=false i=true al=0},r=1,c=false/false,a=HANDLING,uri=http://localhost:53844/print,age=94}]
10:49:16.201 [JettyServerThreadPool-52] DEBUG org.eclipse.jetty.server.AsyncContentProducer -- transformed content not yet depleted, returning it AsyncContentProducer@8edd3a4[r=EofContent,t=EofContent,i=null,error=false,c=HttpChannelOverHttp@670c05e9{s=HttpChannelState@5b669d1f{s=HANDLING rs=BLOCKING os=OPEN is=IDLE awp=false se=false i=true al=0},r=1,c=false/false,a=HANDLING,uri=http://localhost:53844/print,age=94}]
10:49:16.201 [JettyServerThreadPool-52] DEBUG org.eclipse.jetty.server.AsyncContentProducer -- nextContent = EofContent AsyncContentProducer@8edd3a4[r=EofContent,t=EofContent,i=null,error=false,c=HttpChannelOverHttp@670c05e9{s=HttpChannelState@5b669d1f{s=HANDLING rs=BLOCKING os=OPEN is=IDLE awp=false se=false i=true al=0},r=1,c=false/false,a=HANDLING,uri=http://localhost:53844/print,age=94}]
10:49:16.201 [JettyServerThreadPool-52] DEBUG org.eclipse.jetty.server.HttpChannelState -- onReadIdle HttpChannelState@5b669d1f{s=HANDLING rs=BLOCKING os=OPEN is=IDLE awp=false se=false i=true al=0}
10:49:16.201 [JettyServerThreadPool-52] DEBUG org.eclipse.jetty.server.BlockingContentProducer -- nextContent async producer returned EofContent
10:49:16.201 [JettyServerThreadPool-52] DEBUG org.eclipse.jetty.server.HttpInput -- read error=null HttpInput@1419921198 cs=HttpChannelState@5b669d1f{s=HANDLING rs=BLOCKING os=OPEN is=IDLE awp=false se=false i=true al=0} cp=org.eclipse.jetty.server.BlockingContentProducer@7e6b86af eof=false
10:49:16.201 [JettyServerThreadPool-52] DEBUG org.eclipse.jetty.server.HttpInput -- read at EOF, setting consumed EOF to true HttpInput@1419921198 cs=HttpChannelState@5b669d1f{s=HANDLING rs=BLOCKING os=OPEN is=IDLE awp=false se=false i=true al=0} cp=org.eclipse.jetty.server.BlockingContentProducer@7e6b86af eof=false
10:49:16.201 [JettyServerThreadPool-52] DEBUG org.eclipse.jetty.server.BlockingContentProducer -- onContentProducible releasing semaphore LockedSemaphore permits=0 unready=false
10:49:16.216 [JettyServerThreadPool-52] INFO controller.PrintController -- Recebida requisição para /print: {"text":"TESTE-SIMPLES","quantity":1,"labelType":"STANDARD"}
10:49:16.261 [JettyServerThreadPool-52] DEBUG org.eclipse.jetty.server.HttpOutput -- write(array HeapByteBuffer@7fdc91a5[p=0,l=31,c=4096,r=31]={<<<Impress\xC3\xA3o enviada com sucesso!>>>\x00\x00\x00\x00\x00\x00\x00\x00\x00...\x00\x00\x00\x00\x00\x00\x00})
10:49:16.263 [JettyServerThreadPool-52] DEBUG org.eclipse.jetty.server.HttpOutput -- write(array) s=OPEN,api=BLOCKING,sc=false,e=null aggregated !flush DirectByteBuffer@4a870802[p=0,l=31,c=32768,r=31]={<<<Impress\xC3\xA3o enviada com sucesso!>>>\x00\x00\x00\x00\x00\x00\x00\x00\x00...\x00\x00\x00\x00\x00\x00\x00}
10:49:16.263 [JettyServerThreadPool-52] DEBUG org.eclipse.jetty.server.session.SessionHandler -- Leaving scope org.eclipse.jetty.server.session.SessionHandler418299920==dftMaxIdleSec=-1 dispatch=REQUEST, async=false, session=null, oldsession=null, oldsessionhandler=null
10:49:16.263 [JettyServerThreadPool-52] DEBUG org.eclipse.jetty.server.Server -- handled=true async=false committed=false on HttpChannelOverHttp@670c05e9{s=HttpChannelState@5b669d1f{s=HANDLING rs=BLOCKING os=OPEN is=IDLE awp=false se=false i=true al=0},r=1,c=false/false,a=HANDLING,uri=http://localhost:53844/print,age=156}
10:49:16.263 [JettyServerThreadPool-52] DEBUG org.eclipse.jetty.server.HttpChannelState -- unhandle HttpChannelState@5b669d1f{s=HANDLING rs=BLOCKING os=OPEN is=IDLE awp=false se=false i=true al=0}
10:49:16.263 [JettyServerThreadPool-52] DEBUG org.eclipse.jetty.server.HttpChannelState -- nextAction(false) COMPLETE HttpChannelState@5b669d1f{s=HANDLING rs=COMPLETING os=OPEN is=IDLE awp=false se=false i=false al=0}
10:49:16.263 [JettyServerThreadPool-52] DEBUG org.eclipse.jetty.server.HttpChannel -- action COMPLETE HttpChannelOverHttp@670c05e9{s=HttpChannelState@5b669d1f{s=HANDLING rs=COMPLETING os=OPEN is=IDLE awp=false se=false i=false al=0},r=1,c=false/false,a=HANDLING,uri=http://localhost:53844/print,age=156}
10:49:16.263 [JettyServerThreadPool-52] DEBUG org.eclipse.jetty.server.HttpInput -- consumeAll HttpInput@1419921198 cs=HttpChannelState@5b669d1f{s=HANDLING rs=COMPLETING os=OPEN is=IDLE awp=false se=false i=false al=0} cp=org.eclipse.jetty.server.BlockingContentProducer@7e6b86af eof=true
10:49:16.263 [JettyServerThreadPool-52] DEBUG org.eclipse.jetty.server.HttpChannelOverHttp -- failing all content with org.eclipse.jetty.util.StaticException: Unconsumed content HttpChannelOverHttp@670c05e9{s=HttpChannelState@5b669d1f{s=HANDLING rs=COMPLETING os=OPEN is=IDLE awp=false se=false i=false al=0},r=1,c=false/false,a=HANDLING,uri=http://localhost:53844/print,age=156}
10:49:16.263 [JettyServerThreadPool-52] DEBUG org.eclipse.jetty.server.AsyncContentProducer -- failed all content of http channel EOF=true AsyncContentProducer@8edd3a4[r=ErrorContent [org.eclipse.jetty.util.StaticException: Unconsumed content],t=ErrorContent [org.eclipse.jetty.util.StaticException: Unconsumed content],i=null,error=false,c=HttpChannelOverHttp@670c05e9{s=HttpChannelState@5b669d1f{s=HANDLING rs=COMPLETING os=OPEN is=IDLE awp=false se=false i=false al=0},r=1,c=false/false,a=HANDLING,uri=http://localhost:53844/print,age=163}]
10:49:16.270 [JettyServerThreadPool-52] DEBUG org.eclipse.jetty.server.HttpInput -- isFinished=true HttpInput@1419921198 cs=HttpChannelState@5b669d1f{s=HANDLING rs=COMPLETING os=OPEN is=IDLE awp=false se=false i=false al=0} cp=org.eclipse.jetty.server.BlockingContentProducer@7e6b86af eof=true
10:49:16.270 [JettyServerThreadPool-52] DEBUG org.eclipse.jetty.server.AsyncContentProducer -- isError = false AsyncContentProducer@8edd3a4[r=ErrorContent [org.eclipse.jetty.util.StaticException: Unconsumed content],t=ErrorContent [org.eclipse.jetty.util.StaticException: Unconsumed content],i=null,error=false,c=HttpChannelOverHttp@670c05e9{s=HttpChannelState@5b669d1f{s=HANDLING rs=COMPLETING os=OPEN is=IDLE awp=false se=false i=false al=0},r=1,c=false/false,a=HANDLING,uri=http://localhost:53844/print,age=163}]
10:49:16.270 [JettyServerThreadPool-52] DEBUG org.eclipse.jetty.server.HttpInput -- isError=false HttpInput@1419921198 cs=HttpChannelState@5b669d1f{s=HANDLING rs=COMPLETING os=OPEN is=IDLE awp=false se=false i=false al=0} cp=org.eclipse.jetty.server.BlockingContentProducer@7e6b86af eof=true
10:49:16.273 [JettyServerThreadPool-52] DEBUG org.eclipse.jetty.server.HttpOutput -- complete(org.eclipse.jetty.util.Callback$3@5a32d784) s=CLOSING,api=BLOCKED,sc=false,e=null s=false e=null, c=DirectByteBuffer@4a870802[p=0,l=31,c=32768,r=31]={<<<Impress\xC3\xA3o enviada com sucesso!>>>\x00\x00\x00\x00\x00\x00\x00\x00\x00...\x00\x00\x00\x00\x00\x00\x00}
10:49:16.273 [JettyServerThreadPool-52] DEBUG org.eclipse.jetty.server.HttpChannel -- sendResponse info=null content=DirectByteBuffer@4a870802[p=0,l=31,c=32768,r=31]={<<<Impress\xC3\xA3o enviada com sucesso!>>>\x00\x00\x00\x00\x00\x00\x00\x00\x00...\x00\x00\x00\x00\x00\x00\x00} complete=true committing=true callback=org.eclipse.jetty.server.HttpOutput$WriteCompleteCB@62bc15ce
10:49:16.275 [JettyServerThreadPool-52] DEBUG org.eclipse.jetty.server.HttpChannel -- COMMIT for /print on HttpChannelOverHttp@670c05e9{s=HttpChannelState@5b669d1f{s=HANDLING rs=COMPLETING os=COMMITTED is=IDLE awp=false se=false i=false al=0},r=1,c=false/false,a=HANDLING,uri=http://localhost:53844/print,age=168}
200 null HTTP/1.1
Date: Mon, 11 Aug 2025 13:49:16 GMT
Content-Type: text/plain


10:49:16.282 [JettyServerThreadPool-52] DEBUG org.eclipse.jetty.server.HttpConnection -- generate: NEED_HEADER for SendCallback@467e5dc2[PROCESSING][i=HTTP/1.1{s=200,h=2,cl=-1},cb=org.eclipse.jetty.server.HttpChannel$SendCallback@68c4730f] (null,[p=0,l=31,c=32768,r=31],true)@START
10:49:16.282 [JettyServerThreadPool-52] DEBUG org.eclipse.jetty.http.HttpGenerator -- generateHeaders HTTP/1.1{s=200,h=2,cl=-1} last=true content=DirectByteBuffer@4a870802[p=0,l=31,c=32768,r=31]={<<<Impress\xC3\xA3o enviada com sucesso!>>>\x00\x00\x00\x00\x00\x00\x00\x00\x00...\x00\x00\x00\x00\x00\x00\x00}
10:49:16.282 [JettyServerThreadPool-52] DEBUG org.eclipse.jetty.http.HttpGenerator -- Date: Mon, 11 Aug 2025 13:49:16 GMT
Content-Type: text/plain


10:49:16.282 [JettyServerThreadPool-52] DEBUG org.eclipse.jetty.http.HttpGenerator -- CONTENT_LENGTH
10:49:16.282 [JettyServerThreadPool-52] DEBUG org.eclipse.jetty.server.HttpConnection -- generate: FLUSH for SendCallback@467e5dc2[PROCESSING][i=HTTP/1.1{s=200,h=2,cl=-1},cb=org.eclipse.jetty.server.HttpChannel$SendCallback@68c4730f] ([p=0,l=102,c=8192,r=102],[p=0,l=31,c=32768,r=31],true)@COMPLETING
10:49:16.282 [JettyServerThreadPool-52] DEBUG org.eclipse.jetty.io.WriteFlusher -- write: WriteFlusher@29e4d6d5{IDLE}->null [DirectByteBuffer@2b778e5a[p=0,l=102,c=8192,r=102]={<<<HTTP/1.1 200 OK\r\nDate: Mo...\nContent-Length: 31\r\n\r\n>>>\x00\x00\x00\x00\x00\x00\x00\x00\x00...\x00\x00\x00\x00\x00\x00\x00},DirectByteBuffer@4a870802[p=0,l=31,c=32768,r=31]={<<<Impress\xC3\xA3o enviada com sucesso!>>>\x00\x00\x00\x00\x00\x00\x00\x00\x00...\x00\x00\x00\x00\x00\x00\x00}]
10:49:16.282 [JettyServerThreadPool-52] DEBUG org.eclipse.jetty.io.WriteFlusher -- update WriteFlusher@29e4d6d5{WRITING}->null:IDLE-->WRITING
10:49:16.282 [JettyServerThreadPool-52] DEBUG org.eclipse.jetty.io.SocketChannelEndPoint -- flushed 133 SocketChannelEndPoint@154e1583[{l=/127.0.0.1:53844,r=/127.0.0.1:53848,OPEN,fill=-,flush=W,to=193/30000}{io=0/0,kio=0,kro=1}]->[HttpConnection@512e09c9[p=HttpParser{s=END,60 of 60},g=HttpGenerator@554875cf{s=COMPLETING}]=>HttpChannelOverHttp@670c05e9{s=HttpChannelState@5b669d1f{s=HANDLING rs=COMPLETING os=COMMITTED is=IDLE awp=false se=false i=false al=0},r=1,c=false/false,a=HANDLING,uri=http://localhost:53844/print,age=175}]
10:49:16.282 [JettyServerThreadPool-52] DEBUG org.eclipse.jetty.io.WriteFlusher -- Flushed=true written=133 remaining=0 WriteFlusher@29e4d6d5{WRITING}->null
10:49:16.288 [JettyServerThreadPool-52] DEBUG org.eclipse.jetty.io.WriteFlusher -- update WriteFlusher@29e4d6d5{IDLE}->null:WRITING-->IDLE
10:49:16.291 [JettyServerThreadPool-52] DEBUG org.eclipse.jetty.server.HttpConnection -- generate: DONE for SendCallback@467e5dc2[PROCESSING][i=HTTP/1.1{s=200,h=2,cl=-1},cb=org.eclipse.jetty.server.HttpChannel$SendCallback@68c4730f] ([p=102,l=102,c=8192,r=0],[p=31,l=31,c=32768,r=0],true)@END
10:49:16.291 [JettyServerThreadPool-52] DEBUG org.eclipse.jetty.server.HttpOutput -- onWriteComplete(true,null) s=CLOSING,api=BLOCKED,sc=false,e=null->s=CLOSED,api=BLOCKING,sc=false,e=null c=null cb=org.eclipse.jetty.util.Callback$3@5a32d784 w=false
10:49:16.291 [JettyServerThreadPool-52] DEBUG org.eclipse.jetty.server.HttpChannelState -- completed HttpChannelState@5b669d1f{s=HANDLING rs=COMPLETING os=COMPLETED is=IDLE awp=false se=false i=false al=0}
10:49:16.291 [JettyServerThreadPool-52] DEBUG org.eclipse.jetty.server.HttpChannelState -- unhandle HttpChannelState@5b669d1f{s=HANDLING rs=COMPLETED os=COMPLETED is=IDLE awp=false se=false i=false al=0}
10:49:16.291 [JettyServerThreadPool-52] DEBUG org.eclipse.jetty.server.HttpChannelState -- nextAction(false) TERMINATED HttpChannelState@5b669d1f{s=IDLE rs=COMPLETED os=COMPLETED is=IDLE awp=false se=false i=false al=0}
10:49:16.291 [JettyServerThreadPool-52] DEBUG org.eclipse.jetty.server.HttpChannel -- action TERMINATED HttpChannelOverHttp@670c05e9{s=HttpChannelState@5b669d1f{s=IDLE rs=COMPLETED os=COMPLETED is=IDLE awp=false se=false i=false al=0},r=1,c=true/true,a=IDLE,uri=http://localhost:53844/print,age=184}
10:49:16.295 [JettyServerThreadPool-52] DEBUG org.eclipse.jetty.server.HttpChannel -- onCompleted for /print written=31
10:49:16.295 [JettyServerThreadPool-52] DEBUG org.eclipse.jetty.server.HttpInput -- consumeAll HttpInput@1419921198 cs=HttpChannelState@5b669d1f{s=IDLE rs=COMPLETED os=COMPLETED is=IDLE awp=false se=false i=false al=0} cp=org.eclipse.jetty.server.BlockingContentProducer@7e6b86af eof=true
10:49:16.295 [JettyServerThreadPool-52] DEBUG org.eclipse.jetty.server.HttpChannelOverHttp -- failing all content with org.eclipse.jetty.util.StaticException: Unconsumed content HttpChannelOverHttp@670c05e9{s=HttpChannelState@5b669d1f{s=IDLE rs=COMPLETED os=COMPLETED is=IDLE awp=false se=false i=false al=0},r=1,c=true/true,a=IDLE,uri=http://localhost:53844/print,age=188}
10:49:16.295 [JettyServerThreadPool-52] DEBUG org.eclipse.jetty.server.AsyncContentProducer -- failed all content of http channel EOF=true AsyncContentProducer@8edd3a4[r=ErrorContent [org.eclipse.jetty.util.StaticException: Unconsumed content],t=ErrorContent [org.eclipse.jetty.util.StaticException: Unconsumed content],i=null,error=false,c=HttpChannelOverHttp@670c05e9{s=HttpChannelState@5b669d1f{s=IDLE rs=COMPLETED os=COMPLETED is=IDLE awp=false se=false i=false al=0},r=1,c=true/true,a=IDLE,uri=http://localhost:53844/print,age=188}]
10:49:16.295 [JettyServerThreadPool-52] DEBUG org.eclipse.jetty.server.HttpInput -- isFinished=true HttpInput@1419921198 cs=HttpChannelState@5b669d1f{s=IDLE rs=COMPLETED os=COMPLETED is=IDLE awp=false se=false i=false al=0} cp=org.eclipse.jetty.server.BlockingContentProducer@7e6b86af eof=true
10:49:16.295 [JettyServerThreadPool-52] DEBUG org.eclipse.jetty.server.AsyncContentProducer -- isError = false AsyncContentProducer@8edd3a4[r=ErrorContent [org.eclipse.jetty.util.StaticException: Unconsumed content],t=ErrorContent [org.eclipse.jetty.util.StaticException: Unconsumed content],i=null,error=false,c=HttpChannelOverHttp@670c05e9{s=HttpChannelState@5b669d1f{s=IDLE rs=COMPLETED os=COMPLETED is=IDLE awp=false se=false i=false al=0},r=1,c=true/true,a=IDLE,uri=http://localhost:53844/print,age=188}]
10:49:16.295 [JettyServerThreadPool-52] DEBUG org.eclipse.jetty.server.HttpInput -- isError=false HttpInput@1419921198 cs=HttpChannelState@5b669d1f{s=IDLE rs=COMPLETED os=COMPLETED is=IDLE awp=false se=false i=false al=0} cp=org.eclipse.jetty.server.BlockingContentProducer@7e6b86af eof=true
10:49:16.295 [JettyServerThreadPool-52] DEBUG org.eclipse.jetty.server.HttpChannelState -- recycle HttpChannelState@5b669d1f{s=IDLE rs=COMPLETED os=COMPLETED is=IDLE awp=false se=false i=false al=0}
10:49:16.295 [JettyServerThreadPool-52] DEBUG org.eclipse.jetty.server.HttpInput -- recycle HttpInput@1419921198 cs=HttpChannelState@5b669d1f{s=IDLE rs=BLOCKING os=OPEN is=IDLE awp=false se=false i=true al=0} cp=org.eclipse.jetty.server.BlockingContentProducer@7e6b86af eof=true
10:49:16.295 [JettyServerThreadPool-52] DEBUG org.eclipse.jetty.server.BlockingContentProducer -- recycling org.eclipse.jetty.server.BlockingContentProducer@7e6b86af
10:49:16.295 [JettyServerThreadPool-52] DEBUG org.eclipse.jetty.server.AsyncContentProducer -- recycling AsyncContentProducer@8edd3a4[r=ErrorContent [org.eclipse.jetty.util.StaticException: Unconsumed content],t=ErrorContent [org.eclipse.jetty.util.StaticException: Unconsumed content],i=null,error=false,c=HttpChannelOverHttp@670c05e9{s=HttpChannelState@5b669d1f{s=IDLE rs=BLOCKING os=OPEN is=IDLE awp=false se=false i=true al=0},r=1,c=false/false,a=IDLE,uri=http://localhost:53844/print,age=188}]
10:49:16.302 [JettyServerThreadPool-52] DEBUG org.eclipse.jetty.http.HttpParser -- reset HttpParser{s=END,60 of 60}
10:49:16.302 [JettyServerThreadPool-52] DEBUG org.eclipse.jetty.http.HttpParser -- END --> START
10:49:16.302 [JettyServerThreadPool-52] DEBUG org.eclipse.jetty.server.HttpChannel -- !handle TERMINATED HttpChannelOverHttp@670c05e9{s=HttpChannelState@5b669d1f{s=IDLE rs=BLOCKING os=OPEN is=IDLE awp=false se=false i=true al=0},r=1,c=false/false,a=IDLE,uri=null,age=0}
10:49:16.302 [JettyServerThreadPool-52] DEBUG org.eclipse.jetty.io.SocketChannelEndPoint -- filled 0 DirectByteBuffer@334618fd[p=0,l=0,c=8192,r=0]={<<<>>>POST /pri...\x00\x00\x00\x00\x00\x00\x00}
10:49:16.302 [JettyServerThreadPool-52] DEBUG org.eclipse.jetty.io.SocketChannelEndPoint -- filled 0 DirectByteBuffer@334618fd[p=0,l=0,c=8192,r=0]={<<<>>>POST /pri...\x00\x00\x00\x00\x00\x00\x00}
10:49:16.302 [JettyServerThreadPool-52] DEBUG org.eclipse.jetty.server.HttpConnection -- HttpConnection@512e09c9::SocketChannelEndPoint@154e1583[{l=/127.0.0.1:53844,r=/127.0.0.1:53848,OPEN,fill=-,flush=-,to=16/30000}{io=0/0,kio=0,kro=1}]->[HttpConnection@512e09c9[p=HttpParser{s=START,0 of -1},g=HttpGenerator@554875cf{s=START}]=>HttpChannelOverHttp@670c05e9{s=HttpChannelState@5b669d1f{s=IDLE rs=BLOCKING os=OPEN is=IDLE awp=false se=false i=true al=0},r=1,c=false/false,a=IDLE,uri=null,age=0}] filled 0 RetainableByteBuffer@6c124bdb{DirectByteBuffer@334618fd[p=0,l=0,c=8192,r=0]={<<<>>>POST /pri...\x00\x00\x00\x00\x00\x00\x00},r=1}
10:49:16.302 [JettyServerThreadPool-52] DEBUG org.eclipse.jetty.server.HttpConnection -- HttpConnection@512e09c9::SocketChannelEndPoint@154e1583[{l=/127.0.0.1:53844,r=/127.0.0.1:53848,OPEN,fill=-,flush=-,to=16/30000}{io=0/0,kio=0,kro=1}]->[HttpConnection@512e09c9[p=HttpParser{s=START,0 of -1},g=HttpGenerator@554875cf{s=START}]=>HttpChannelOverHttp@670c05e9{s=HttpChannelState@5b669d1f{s=IDLE rs=BLOCKING os=OPEN is=IDLE awp=false se=false i=true al=0},r=1,c=false/false,a=IDLE,uri=null,age=0}] parse RetainableByteBuffer@6c124bdb{DirectByteBuffer@334618fd[p=0,l=0,c=8192,r=0]={<<<>>>POST /pri...\x00\x00\x00\x00\x00\x00\x00},r=1}
10:49:16.302 [JettyServerThreadPool-52] DEBUG org.eclipse.jetty.http.HttpParser -- parseNext s=START DirectByteBuffer@334618fd[p=0,l=0,c=8192,r=0]={<<<>>>POST /pri...\x00\x00\x00\x00\x00\x00\x00}
10:49:16.302 [JettyServerThreadPool-52] DEBUG org.eclipse.jetty.server.HttpConnection -- HttpConnection@512e09c9::SocketChannelEndPoint@154e1583[{l=/127.0.0.1:53844,r=/127.0.0.1:53848,OPEN,fill=-,flush=-,to=16/30000}{io=0/0,kio=0,kro=1}]->[HttpConnection@512e09c9[p=HttpParser{s=START,0 of -1},g=HttpGenerator@554875cf{s=START}]=>HttpChannelOverHttp@670c05e9{s=HttpChannelState@5b669d1f{s=IDLE rs=BLOCKING os=OPEN is=IDLE awp=false se=false i=true al=0},r=1,c=false/false,a=IDLE,uri=null,age=0}] parsed false HttpParser{s=START,0 of -1}
10:49:16.302 [JettyServerThreadPool-52] DEBUG org.eclipse.jetty.server.HttpConnection -- releaseRequestBuffer HttpConnection@512e09c9::SocketChannelEndPoint@154e1583[{l=/127.0.0.1:53844,r=/127.0.0.1:53848,OPEN,fill=-,flush=-,to=17/30000}{io=0/0,kio=0,kro=1}]->[HttpConnection@512e09c9[p=HttpParser{s=START,0 of -1},g=HttpGenerator@554875cf{s=START}]=>HttpChannelOverHttp@670c05e9{s=HttpChannelState@5b669d1f{s=IDLE rs=BLOCKING os=OPEN is=IDLE awp=false se=false i=true al=0},r=1,c=false/false,a=IDLE,uri=null,age=0}]
10:49:16.302 [JettyServerThreadPool-52] DEBUG org.eclipse.jetty.io.AbstractConnection -- fillInterested HttpConnection@512e09c9::SocketChannelEndPoint@154e1583[{l=/127.0.0.1:53844,r=/127.0.0.1:53848,OPEN,fill=-,flush=-,to=17/30000}{io=0/0,kio=0,kro=1}]->[HttpConnection@512e09c9[p=HttpParser{s=START,0 of -1},g=HttpGenerator@554875cf{s=START}]=>HttpChannelOverHttp@670c05e9{s=HttpChannelState@5b669d1f{s=IDLE rs=BLOCKING os=OPEN is=IDLE awp=false se=false i=true al=0},r=1,c=false/false,a=IDLE,uri=null,age=0}]
10:49:16.302 [JettyServerThreadPool-52] DEBUG org.eclipse.jetty.io.FillInterest -- interested FillInterest@5942e740{ReadCallback@24567ada{HttpConnection@512e09c9::SocketChannelEndPoint@154e1583[{l=/127.0.0.1:53844,r=/127.0.0.1:53848,OPEN,fill=FI,flush=-,to=0/30000}{io=0/0,kio=0,kro=1}]->[HttpConnection@512e09c9[p=HttpParser{s=START,0 of -1},g=HttpGenerator@554875cf{s=START}]=>HttpChannelOverHttp@670c05e9{s=HttpChannelState@5b669d1f{s=IDLE rs=BLOCKING os=OPEN is=IDLE awp=false se=false i=true al=0},r=1,c=false/false,a=IDLE,uri=null,age=0}]}}
10:49:16.302 [JettyServerThreadPool-52] DEBUG org.eclipse.jetty.io.SelectableChannelEndPoint -- changeInterests p=false 0->1 for SocketChannelEndPoint@154e1583[{l=/127.0.0.1:53844,r=/127.0.0.1:53848,OPEN,fill=FI,flush=-,to=0/30000}{io=0/1,kio=0,kro=1}]->[HttpConnection@512e09c9[p=HttpParser{s=START,0 of -1},g=HttpGenerator@554875cf{s=START}]=>HttpChannelOverHttp@670c05e9{s=HttpChannelState@5b669d1f{s=IDLE rs=BLOCKING os=OPEN is=IDLE awp=false se=false i=true al=0},r=1,c=false/false,a=IDLE,uri=null,age=0}]
10:49:16.302 [JettyServerThreadPool-52] DEBUG org.eclipse.jetty.io.ManagedSelector -- Queued change lazy=false org.eclipse.jetty.io.SelectableChannelEndPoint$$Lambda/0x000001e32638bc78@73426778 on ManagedSelector@16872c4d{STARTED} id=1 keys=1 selected=0 updates=0
10:49:16.302 [JettyServerThreadPool-52] DEBUG org.eclipse.jetty.io.ManagedSelector -- Wakeup on submit ManagedSelector@16872c4d{STARTED} id=1 keys=1 selected=0 updates=1
10:49:16.302 [JettyServerThreadPool-52] DEBUG org.eclipse.jetty.server.HttpConnection -- HttpConnection@512e09c9::SocketChannelEndPoint@154e1583[{l=/127.0.0.1:53844,r=/127.0.0.1:53848,OPEN,fill=FI,flush=-,to=0/30000}{io=0/1,kio=0,kro=1}]->[HttpConnection@512e09c9[p=HttpParser{s=START,0 of -1},g=HttpGenerator@554875cf{s=START}]=>HttpChannelOverHttp@670c05e9{s=HttpChannelState@5b669d1f{s=IDLE rs=BLOCKING os=OPEN is=IDLE awp=false se=false i=true al=0},r=1,c=false/false,a=IDLE,uri=null,age=0}] onFillable exit HttpChannelState@5b669d1f{s=IDLE rs=BLOCKING os=OPEN is=IDLE awp=false se=false i=true al=0} null
10:49:16.302 [JettyServerThreadPool-36] DEBUG org.eclipse.jetty.io.ManagedSelector -- Selector sun.nio.ch.WEPollSelectorImpl@6afbd1bd woken with none selected
10:49:16.302 [JettyServerThreadPool-52] DEBUG org.eclipse.jetty.util.thread.QueuedThreadPool -- ran SocketChannelEndPoint@154e1583[{l=/127.0.0.1:53844,r=/127.0.0.1:53848,OPEN,fill=FI,flush=-,to=0/30000}{io=0/1,kio=0,kro=1}]->[HttpConnection@512e09c9[p=HttpParser{s=START,0 of -1},g=HttpGenerator@554875cf{s=START}]=>HttpChannelOverHttp@670c05e9{s=HttpChannelState@5b669d1f{s=IDLE rs=BLOCKING os=OPEN is=IDLE awp=false se=false i=true al=0},r=1,c=false/false,a=IDLE,uri=null,age=0}]:runFillable:BLOCKING in QueuedThreadPool[JettyServerThreadPool]@3051e0b2{STARTED,8<=9<=250,i=0,r=-1,t=59782ms,q=0}[ReservedThreadExecutor@39008c9f{reserved=1/12,pending=0}]
10:49:16.302 [JettyServerThreadPool-36] DEBUG org.eclipse.jetty.io.ManagedSelector -- Selector sun.nio.ch.WEPollSelectorImpl@6afbd1bd woken up from select, 0/0/1 selected
10:49:16.302 [JettyServerThreadPool-52] DEBUG org.eclipse.jetty.util.thread.QueuedThreadPool -- Evict check, period=60000ms QueuedThreadPool[JettyServerThreadPool]@3051e0b2{STARTED,8<=9<=250,i=1,r=-1,t=59782ms,q=0}[ReservedThreadExecutor@39008c9f{reserved=1/12,pending=0}]
10:49:16.302 [JettyServerThreadPool-36] DEBUG org.eclipse.jetty.io.ManagedSelector -- Selector sun.nio.ch.WEPollSelectorImpl@6afbd1bd processing 0 keys, 1 updates
10:49:16.302 [JettyServerThreadPool-52] DEBUG org.eclipse.jetty.util.thread.QueuedThreadPool -- Evict skipped, threshold=119782ms in the future QueuedThreadPool[JettyServerThreadPool]@3051e0b2{STARTED,8<=9<=250,i=1,r=-1,t=59782ms,q=0}[ReservedThreadExecutor@39008c9f{reserved=1/12,pending=0}]
10:49:16.302 [JettyServerThreadPool-36] DEBUG org.eclipse.jetty.io.ManagedSelector -- updateable 1
10:49:16.302 [JettyServerThreadPool-36] DEBUG org.eclipse.jetty.io.ManagedSelector -- update org.eclipse.jetty.io.SelectableChannelEndPoint$$Lambda/0x000001e32638bc78@73426778
10:49:16.302 [JettyServerThreadPool-36] DEBUG org.eclipse.jetty.io.SelectableChannelEndPoint -- Key interests updated 0 -> 1 on SocketChannelEndPoint@154e1583[{l=/127.0.0.1:53844,r=/127.0.0.1:53848,OPEN,fill=FI,flush=-,to=1/30000}{io=1/1,kio=1,kro=1}]->[HttpConnection@512e09c9[p=HttpParser{s=START,0 of -1},g=HttpGenerator@554875cf{s=START}]=>HttpChannelOverHttp@670c05e9{s=HttpChannelState@5b669d1f{s=IDLE rs=BLOCKING os=OPEN is=IDLE awp=false se=false i=true al=0},r=1,c=false/false,a=IDLE,uri=null,age=0}]
10:49:16.302 [JettyServerThreadPool-36] DEBUG org.eclipse.jetty.io.ManagedSelector -- updates 0
10:49:16.302 [JettyServerThreadPool-36] DEBUG org.eclipse.jetty.io.ManagedSelector -- Selector sun.nio.ch.WEPollSelectorImpl@6afbd1bd waiting with 1 keys
10:49:16.342 [main] INFO io.javalin.Javalin -- Stopping Javalin ...
10:49:16.342 [main] DEBUG org.eclipse.jetty.util.component.AbstractLifeCycle -- STOPPING Server@67e28be3{STARTED}[11.0.20,sto=0]
10:49:16.342 [main] INFO org.eclipse.jetty.server.Server -- Stopped Server@67e28be3{STOPPING}[11.0.20,sto=0]
10:49:16.342 [main] DEBUG org.eclipse.jetty.server.Server -- doStop Server@67e28be3{STOPPING}[11.0.20,sto=0]
10:49:16.342 [main] DEBUG org.eclipse.jetty.util.component.AbstractLifeCycle -- STOPPING ServerConnector@7c1c5936{HTTP/1.1, (http/1.1)}{0.0.0.0:53844}
10:49:16.342 [main] DEBUG org.eclipse.jetty.util.component.AbstractLifeCycle -- STOPPING SelectorManager@ServerConnector@7c1c5936{HTTP/1.1, (http/1.1)}{0.0.0.0:0}
10:49:16.342 [main] DEBUG org.eclipse.jetty.util.component.AbstractLifeCycle -- STOPPING ManagedSelector@7b7683d4{STARTED} id=5 keys=0 selected=0 updates=0
10:49:16.342 [JettyServerThreadPool-41] DEBUG org.eclipse.jetty.util.thread.QueuedThreadPool -- ran JettyServerThreadPool-41-acceptor-0@10cd6753-ServerConnector@7c1c5936{HTTP/1.1, (http/1.1)}{0.0.0.0:53844} in QueuedThreadPool[JettyServerThreadPool]@3051e0b2{STARTED,8<=9<=250,i=1,r=-1,t=59742ms,q=0}[ReservedThreadExecutor@39008c9f{reserved=1/12,pending=0}]
10:49:16.342 [JettyServerThreadPool-41] DEBUG org.eclipse.jetty.util.thread.QueuedThreadPool -- Evict check, period=60000ms QueuedThreadPool[JettyServerThreadPool]@3051e0b2{STARTED,8<=9<=250,i=2,r=-1,t=59741ms,q=0}[ReservedThreadExecutor@39008c9f{reserved=1/12,pending=0}]
10:49:16.342 [JettyServerThreadPool-41] DEBUG org.eclipse.jetty.util.thread.QueuedThreadPool -- Evict skipped, threshold=119742ms in the future QueuedThreadPool[JettyServerThreadPool]@3051e0b2{STARTED,8<=9<=250,i=2,r=-1,t=59741ms,q=0}[ReservedThreadExecutor@39008c9f{reserved=1/12,pending=0}]
10:49:16.342 [main] DEBUG org.eclipse.jetty.io.ManagedSelector -- Queued change lazy=false org.eclipse.jetty.io.ManagedSelector$CloseConnections@26350ea2 on ManagedSelector@7b7683d4{STOPPING} id=5 keys=0 selected=0 updates=0
10:49:16.342 [main] DEBUG org.eclipse.jetty.io.ManagedSelector -- Wakeup on submit ManagedSelector@7b7683d4{STOPPING} id=5 keys=0 selected=0 updates=1
10:49:16.342 [JettyServerThreadPool-40] DEBUG org.eclipse.jetty.io.ManagedSelector -- Selector sun.nio.ch.WEPollSelectorImpl@1596afd5 woken with none selected
10:49:16.342 [JettyServerThreadPool-40] DEBUG org.eclipse.jetty.io.ManagedSelector -- Selector sun.nio.ch.WEPollSelectorImpl@1596afd5 woken up from select, 0/0/0 selected
10:49:16.342 [JettyServerThreadPool-40] DEBUG org.eclipse.jetty.io.ManagedSelector -- Selector sun.nio.ch.WEPollSelectorImpl@1596afd5 processing 0 keys, 1 updates
10:49:16.342 [JettyServerThreadPool-40] DEBUG org.eclipse.jetty.io.ManagedSelector -- updateable 1
10:49:16.342 [JettyServerThreadPool-40] DEBUG org.eclipse.jetty.io.ManagedSelector -- update org.eclipse.jetty.io.ManagedSelector$CloseConnections@26350ea2
10:49:16.342 [JettyServerThreadPool-40] DEBUG org.eclipse.jetty.io.ManagedSelector -- Closing 0 connections on ManagedSelector@7b7683d4{STOPPING} id=5 keys=0 selected=0 updates=0
10:49:16.342 [JettyServerThreadPool-40] DEBUG org.eclipse.jetty.io.ManagedSelector -- updates 0
10:49:16.342 [JettyServerThreadPool-40] DEBUG org.eclipse.jetty.io.ManagedSelector -- Selector sun.nio.ch.WEPollSelectorImpl@1596afd5 waiting with 0 keys
10:49:16.342 [main] DEBUG org.eclipse.jetty.io.ManagedSelector -- Queued change lazy=false org.eclipse.jetty.io.ManagedSelector$StopSelector@59696551 on ManagedSelector@7b7683d4{STOPPING} id=5 keys=0 selected=0 updates=0
10:49:16.342 [main] DEBUG org.eclipse.jetty.io.ManagedSelector -- Wakeup on submit ManagedSelector@7b7683d4{STOPPING} id=5 keys=0 selected=0 updates=1
10:49:16.342 [JettyServerThreadPool-40] DEBUG org.eclipse.jetty.io.ManagedSelector -- Selector sun.nio.ch.WEPollSelectorImpl@1596afd5 woken with none selected
10:49:16.342 [JettyServerThreadPool-40] DEBUG org.eclipse.jetty.io.ManagedSelector -- Selector sun.nio.ch.WEPollSelectorImpl@1596afd5 woken up from select, 0/0/0 selected
10:49:16.342 [JettyServerThreadPool-40] DEBUG org.eclipse.jetty.io.ManagedSelector -- Selector sun.nio.ch.WEPollSelectorImpl@1596afd5 processing 0 keys, 1 updates
10:49:16.342 [JettyServerThreadPool-40] DEBUG org.eclipse.jetty.io.ManagedSelector -- updateable 1
10:49:16.342 [JettyServerThreadPool-40] DEBUG org.eclipse.jetty.io.ManagedSelector -- update org.eclipse.jetty.io.ManagedSelector$StopSelector@59696551
10:49:16.350 [JettyServerThreadPool-40] DEBUG org.eclipse.jetty.io.ManagedSelector -- updates 0
10:49:16.350 [main] DEBUG org.eclipse.jetty.util.component.AbstractLifeCycle -- STOPPING AdaptiveExecutionStrategy@2dd8239/SelectorProducer@472698d/PRODUCING/p=false/QueuedThreadPool[JettyServerThreadPool]@3051e0b2{STARTED,8<=9<=250,i=2,r=-1,t=59736ms,q=0}[ReservedThreadExecutor@39008c9f{reserved=1/12,pending=0}][pc=0,pic=0,pec=0,epc=0]@2025-08-11T10:49:16.3509091-03:00
10:49:16.350 [JettyServerThreadPool-40] DEBUG org.eclipse.jetty.util.thread.QueuedThreadPool -- ran org.eclipse.jetty.io.ManagedSelector$$Lambda/0x000001e326300000@59901c4d in QueuedThreadPool[JettyServerThreadPool]@3051e0b2{STARTED,8<=9<=250,i=2,r=-1,t=59736ms,q=0}[ReservedThreadExecutor@39008c9f{reserved=1/12,pending=0}]
10:49:16.350 [JettyServerThreadPool-40] DEBUG org.eclipse.jetty.util.thread.QueuedThreadPool -- Evict check, period=60000ms QueuedThreadPool[JettyServerThreadPool]@3051e0b2{STARTED,8<=9<=250,i=3,r=-1,t=59736ms,q=0}[ReservedThreadExecutor@39008c9f{reserved=1/12,pending=0}]
10:49:16.350 [JettyServerThreadPool-40] DEBUG org.eclipse.jetty.util.thread.QueuedThreadPool -- Evict skipped, threshold=119736ms in the future QueuedThreadPool[JettyServerThreadPool]@3051e0b2{STARTED,8<=9<=250,i=3,r=-1,t=59736ms,q=0}[ReservedThreadExecutor@39008c9f{reserved=1/12,pending=0}]
10:49:16.350 [main] DEBUG org.eclipse.jetty.util.component.AbstractLifeCycle -- STOPPED AdaptiveExecutionStrategy@2dd8239/SelectorProducer@472698d/IDLE/p=false/QueuedThreadPool[JettyServerThreadPool]@3051e0b2{STARTED,8<=9<=250,i=3,r=-1,t=59736ms,q=0}[ReservedThreadExecutor@39008c9f{reserved=1/12,pending=0}][pc=0,pic=0,pec=0,epc=0]@2025-08-11T10:49:16.3509091-03:00
10:49:16.350 [main] DEBUG org.eclipse.jetty.util.component.AbstractLifeCycle -- STOPPED ManagedSelector@7b7683d4{STOPPED} id=5 keys=-1 selected=-1 updates=0
10:49:16.350 [main] DEBUG org.eclipse.jetty.util.component.AbstractLifeCycle -- STOPPING ManagedSelector@680a66dd{STARTED} id=4 keys=0 selected=0 updates=0
10:49:16.350 [main] DEBUG org.eclipse.jetty.io.ManagedSelector -- Queued change lazy=false org.eclipse.jetty.io.ManagedSelector$CloseConnections@648d0e6d on ManagedSelector@680a66dd{STOPPING} id=4 keys=0 selected=0 updates=0
10:49:16.350 [main] DEBUG org.eclipse.jetty.io.ManagedSelector -- Wakeup on submit ManagedSelector@680a66dd{STOPPING} id=4 keys=0 selected=0 updates=1
10:49:16.350 [JettyServerThreadPool-39] DEBUG org.eclipse.jetty.io.ManagedSelector -- Selector sun.nio.ch.WEPollSelectorImpl@60f8433c woken with none selected
10:49:16.350 [JettyServerThreadPool-39] DEBUG org.eclipse.jetty.io.ManagedSelector -- Selector sun.nio.ch.WEPollSelectorImpl@60f8433c woken up from select, 0/0/0 selected
10:49:16.350 [JettyServerThreadPool-39] DEBUG org.eclipse.jetty.io.ManagedSelector -- Selector sun.nio.ch.WEPollSelectorImpl@60f8433c processing 0 keys, 1 updates
10:49:16.350 [JettyServerThreadPool-39] DEBUG org.eclipse.jetty.io.ManagedSelector -- updateable 1
10:49:16.350 [JettyServerThreadPool-39] DEBUG org.eclipse.jetty.io.ManagedSelector -- update org.eclipse.jetty.io.ManagedSelector$CloseConnections@648d0e6d
10:49:16.350 [JettyServerThreadPool-39] DEBUG org.eclipse.jetty.io.ManagedSelector -- Closing 0 connections on ManagedSelector@680a66dd{STOPPING} id=4 keys=0 selected=0 updates=0
10:49:16.350 [JettyServerThreadPool-39] DEBUG org.eclipse.jetty.io.ManagedSelector -- updates 0
10:49:16.350 [JettyServerThreadPool-39] DEBUG org.eclipse.jetty.io.ManagedSelector -- Selector sun.nio.ch.WEPollSelectorImpl@60f8433c waiting with 0 keys
10:49:16.350 [main] DEBUG org.eclipse.jetty.io.ManagedSelector -- Queued change lazy=false org.eclipse.jetty.io.ManagedSelector$StopSelector@79e66b2f on ManagedSelector@680a66dd{STOPPING} id=4 keys=0 selected=0 updates=0
10:49:16.350 [main] DEBUG org.eclipse.jetty.io.ManagedSelector -- Wakeup on submit ManagedSelector@680a66dd{STOPPING} id=4 keys=0 selected=0 updates=1
10:49:16.350 [JettyServerThreadPool-39] DEBUG org.eclipse.jetty.io.ManagedSelector -- Selector sun.nio.ch.WEPollSelectorImpl@60f8433c woken with none selected
10:49:16.350 [JettyServerThreadPool-39] DEBUG org.eclipse.jetty.io.ManagedSelector -- Selector sun.nio.ch.WEPollSelectorImpl@60f8433c woken up from select, 0/0/0 selected
10:49:16.350 [JettyServerThreadPool-39] DEBUG org.eclipse.jetty.io.ManagedSelector -- Selector sun.nio.ch.WEPollSelectorImpl@60f8433c processing 0 keys, 1 updates
10:49:16.350 [JettyServerThreadPool-39] DEBUG org.eclipse.jetty.io.ManagedSelector -- updateable 1
10:49:16.350 [JettyServerThreadPool-39] DEBUG org.eclipse.jetty.io.ManagedSelector -- update org.eclipse.jetty.io.ManagedSelector$StopSelector@79e66b2f
10:49:16.350 [JettyServerThreadPool-39] DEBUG org.eclipse.jetty.io.ManagedSelector -- updates 0
10:49:16.350 [JettyServerThreadPool-39] DEBUG org.eclipse.jetty.util.thread.QueuedThreadPool -- ran org.eclipse.jetty.io.ManagedSelector$$Lambda/0x000001e326300000@778d82e9 in QueuedThreadPool[JettyServerThreadPool]@3051e0b2{STARTED,8<=9<=250,i=3,r=-1,t=59735ms,q=0}[ReservedThreadExecutor@39008c9f{reserved=1/12,pending=0}]
10:49:16.350 [JettyServerThreadPool-39] DEBUG org.eclipse.jetty.util.thread.QueuedThreadPool -- Evict check, period=60000ms QueuedThreadPool[JettyServerThreadPool]@3051e0b2{STARTED,8<=9<=250,i=4,r=-1,t=59735ms,q=0}[ReservedThreadExecutor@39008c9f{reserved=1/12,pending=0}]
10:49:16.350 [main] DEBUG org.eclipse.jetty.util.component.AbstractLifeCycle -- STOPPING AdaptiveExecutionStrategy@67fc2aad/SelectorProducer@56f521c6/IDLE/p=false/QueuedThreadPool[JettyServerThreadPool]@3051e0b2{STARTED,8<=9<=250,i=3,r=-1,t=59735ms,q=0}[ReservedThreadExecutor@39008c9f{reserved=1/12,pending=0}][pc=0,pic=0,pec=0,epc=0]@2025-08-11T10:49:16.3509091-03:00
10:49:16.350 [JettyServerThreadPool-39] DEBUG org.eclipse.jetty.util.thread.QueuedThreadPool -- Evict skipped, threshold=119735ms in the future QueuedThreadPool[JettyServerThreadPool]@3051e0b2{STARTED,8<=9<=250,i=4,r=-1,t=59734ms,q=0}[ReservedThreadExecutor@39008c9f{reserved=1/12,pending=0}]
10:49:16.350 [main] DEBUG org.eclipse.jetty.util.component.AbstractLifeCycle -- STOPPED AdaptiveExecutionStrategy@67fc2aad/SelectorProducer@56f521c6/IDLE/p=false/QueuedThreadPool[JettyServerThreadPool]@3051e0b2{STARTED,8<=9<=250,i=4,r=-1,t=59734ms,q=0}[ReservedThreadExecutor@39008c9f{reserved=1/12,pending=0}][pc=0,pic=0,pec=0,epc=0]@2025-08-11T10:49:16.3509091-03:00
10:49:16.350 [main] DEBUG org.eclipse.jetty.util.component.AbstractLifeCycle -- STOPPED ManagedSelector@680a66dd{STOPPED} id=4 keys=-1 selected=-1 updates=0
10:49:16.350 [main] DEBUG org.eclipse.jetty.util.component.AbstractLifeCycle -- STOPPING ManagedSelector@2c58dcb1{STARTED} id=3 keys=0 selected=0 updates=0
10:49:16.350 [main] DEBUG org.eclipse.jetty.io.ManagedSelector -- Queued change lazy=false org.eclipse.jetty.io.ManagedSelector$CloseConnections@17273273 on ManagedSelector@2c58dcb1{STOPPING} id=3 keys=0 selected=0 updates=0
10:49:16.350 [main] DEBUG org.eclipse.jetty.io.ManagedSelector -- Wakeup on submit ManagedSelector@2c58dcb1{STOPPING} id=3 keys=0 selected=0 updates=1
10:49:16.350 [JettyServerThreadPool-38] DEBUG org.eclipse.jetty.io.ManagedSelector -- Selector sun.nio.ch.WEPollSelectorImpl@63a2486b woken with none selected
10:49:16.350 [JettyServerThreadPool-38] DEBUG org.eclipse.jetty.io.ManagedSelector -- Selector sun.nio.ch.WEPollSelectorImpl@63a2486b woken up from select, 0/0/0 selected
10:49:16.350 [JettyServerThreadPool-38] DEBUG org.eclipse.jetty.io.ManagedSelector -- Selector sun.nio.ch.WEPollSelectorImpl@63a2486b processing 0 keys, 1 updates
10:49:16.350 [JettyServerThreadPool-38] DEBUG org.eclipse.jetty.io.ManagedSelector -- updateable 1
10:49:16.350 [JettyServerThreadPool-38] DEBUG org.eclipse.jetty.io.ManagedSelector -- update org.eclipse.jetty.io.ManagedSelector$CloseConnections@17273273
10:49:16.350 [JettyServerThreadPool-38] DEBUG org.eclipse.jetty.io.ManagedSelector -- Closing 0 connections on ManagedSelector@2c58dcb1{STOPPING} id=3 keys=0 selected=0 updates=0
10:49:16.350 [JettyServerThreadPool-38] DEBUG org.eclipse.jetty.io.ManagedSelector -- updates 0
10:49:16.350 [JettyServerThreadPool-38] DEBUG org.eclipse.jetty.io.ManagedSelector -- Selector sun.nio.ch.WEPollSelectorImpl@63a2486b waiting with 0 keys
10:49:16.350 [main] DEBUG org.eclipse.jetty.io.ManagedSelector -- Queued change lazy=false org.eclipse.jetty.io.ManagedSelector$StopSelector@5f69e2b on ManagedSelector@2c58dcb1{STOPPING} id=3 keys=0 selected=0 updates=0
10:49:16.350 [main] DEBUG org.eclipse.jetty.io.ManagedSelector -- Wakeup on submit ManagedSelector@2c58dcb1{STOPPING} id=3 keys=0 selected=0 updates=1
10:49:16.350 [JettyServerThreadPool-38] DEBUG org.eclipse.jetty.io.ManagedSelector -- Selector sun.nio.ch.WEPollSelectorImpl@63a2486b woken with none selected
10:49:16.350 [JettyServerThreadPool-38] DEBUG org.eclipse.jetty.io.ManagedSelector -- Selector sun.nio.ch.WEPollSelectorImpl@63a2486b woken up from select, 0/0/0 selected
10:49:16.350 [JettyServerThreadPool-38] DEBUG org.eclipse.jetty.io.ManagedSelector -- Selector sun.nio.ch.WEPollSelectorImpl@63a2486b processing 0 keys, 1 updates
10:49:16.350 [JettyServerThreadPool-38] DEBUG org.eclipse.jetty.io.ManagedSelector -- updateable 1
10:49:16.350 [JettyServerThreadPool-38] DEBUG org.eclipse.jetty.io.ManagedSelector -- update org.eclipse.jetty.io.ManagedSelector$StopSelector@5f69e2b
10:49:16.350 [JettyServerThreadPool-38] DEBUG org.eclipse.jetty.io.ManagedSelector -- updates 0
10:49:16.350 [JettyServerThreadPool-38] DEBUG org.eclipse.jetty.util.thread.QueuedThreadPool -- ran org.eclipse.jetty.io.ManagedSelector$$Lambda/0x000001e326300000@61af1510 in QueuedThreadPool[JettyServerThreadPool]@3051e0b2{STARTED,8<=9<=250,i=4,r=-1,t=59733ms,q=0}[ReservedThreadExecutor@39008c9f{reserved=1/12,pending=0}]
10:49:16.350 [JettyServerThreadPool-38] DEBUG org.eclipse.jetty.util.thread.QueuedThreadPool -- Evict check, period=60000ms QueuedThreadPool[JettyServerThreadPool]@3051e0b2{STARTED,8<=9<=250,i=5,r=-1,t=59733ms,q=0}[ReservedThreadExecutor@39008c9f{reserved=1/12,pending=0}]
10:49:16.350 [JettyServerThreadPool-38] DEBUG org.eclipse.jetty.util.thread.QueuedThreadPool -- Evict skipped, threshold=119733ms in the future QueuedThreadPool[JettyServerThreadPool]@3051e0b2{STARTED,8<=9<=250,i=5,r=-1,t=59733ms,q=0}[ReservedThreadExecutor@39008c9f{reserved=1/12,pending=0}]
10:49:16.350 [main] DEBUG org.eclipse.jetty.util.component.AbstractLifeCycle -- STOPPING AdaptiveExecutionStrategy@3a01773b/SelectorProducer@20e3c449/IDLE/p=false/QueuedThreadPool[JettyServerThreadPool]@3051e0b2{STARTED,8<=9<=250,i=4,r=-1,t=59733ms,q=0}[ReservedThreadExecutor@39008c9f{reserved=1/12,pending=0}][pc=0,pic=0,pec=0,epc=0]@2025-08-11T10:49:16.3509091-03:00
10:49:16.350 [main] DEBUG org.eclipse.jetty.util.component.AbstractLifeCycle -- STOPPED AdaptiveExecutionStrategy@3a01773b/SelectorProducer@20e3c449/IDLE/p=false/QueuedThreadPool[JettyServerThreadPool]@3051e0b2{STARTED,8<=9<=250,i=5,r=-1,t=59733ms,q=0}[ReservedThreadExecutor@39008c9f{reserved=1/12,pending=0}][pc=0,pic=0,pec=0,epc=0]@2025-08-11T10:49:16.3509091-03:00
10:49:16.350 [main] DEBUG org.eclipse.jetty.util.component.AbstractLifeCycle -- STOPPED ManagedSelector@2c58dcb1{STOPPED} id=3 keys=-1 selected=-1 updates=0
10:49:16.350 [main] DEBUG org.eclipse.jetty.util.component.AbstractLifeCycle -- STOPPING ManagedSelector@154bd49b{STARTED} id=2 keys=0 selected=0 updates=0
10:49:16.350 [main] DEBUG org.eclipse.jetty.io.ManagedSelector -- Queued change lazy=false org.eclipse.jetty.io.ManagedSelector$CloseConnections@984169e on ManagedSelector@154bd49b{STOPPING} id=2 keys=0 selected=0 updates=0
10:49:16.350 [main] DEBUG org.eclipse.jetty.io.ManagedSelector -- Wakeup on submit ManagedSelector@154bd49b{STOPPING} id=2 keys=0 selected=0 updates=1
10:49:16.350 [JettyServerThreadPool-37] DEBUG org.eclipse.jetty.io.ManagedSelector -- Selector sun.nio.ch.WEPollSelectorImpl@7342bdca woken with none selected
10:49:16.350 [JettyServerThreadPool-37] DEBUG org.eclipse.jetty.io.ManagedSelector -- Selector sun.nio.ch.WEPollSelectorImpl@7342bdca woken up from select, 0/0/0 selected
10:49:16.350 [JettyServerThreadPool-37] DEBUG org.eclipse.jetty.io.ManagedSelector -- Selector sun.nio.ch.WEPollSelectorImpl@7342bdca processing 0 keys, 1 updates
10:49:16.350 [JettyServerThreadPool-37] DEBUG org.eclipse.jetty.io.ManagedSelector -- updateable 1
10:49:16.350 [JettyServerThreadPool-37] DEBUG org.eclipse.jetty.io.ManagedSelector -- update org.eclipse.jetty.io.ManagedSelector$CloseConnections@984169e
10:49:16.350 [JettyServerThreadPool-37] DEBUG org.eclipse.jetty.io.ManagedSelector -- Closing 0 connections on ManagedSelector@154bd49b{STOPPING} id=2 keys=0 selected=0 updates=0
10:49:16.350 [JettyServerThreadPool-37] DEBUG org.eclipse.jetty.io.ManagedSelector -- updates 0
10:49:16.350 [JettyServerThreadPool-37] DEBUG org.eclipse.jetty.io.ManagedSelector -- Selector sun.nio.ch.WEPollSelectorImpl@7342bdca waiting with 0 keys
10:49:16.350 [main] DEBUG org.eclipse.jetty.io.ManagedSelector -- Queued change lazy=false org.eclipse.jetty.io.ManagedSelector$StopSelector@43f1bb92 on ManagedSelector@154bd49b{STOPPING} id=2 keys=0 selected=0 updates=0
10:49:16.350 [main] DEBUG org.eclipse.jetty.io.ManagedSelector -- Wakeup on submit ManagedSelector@154bd49b{STOPPING} id=2 keys=0 selected=0 updates=1
10:49:16.350 [JettyServerThreadPool-37] DEBUG org.eclipse.jetty.io.ManagedSelector -- Selector sun.nio.ch.WEPollSelectorImpl@7342bdca woken with none selected
10:49:16.350 [JettyServerThreadPool-37] DEBUG org.eclipse.jetty.io.ManagedSelector -- Selector sun.nio.ch.WEPollSelectorImpl@7342bdca woken up from select, 0/0/0 selected
10:49:16.350 [JettyServerThreadPool-37] DEBUG org.eclipse.jetty.io.ManagedSelector -- Selector sun.nio.ch.WEPollSelectorImpl@7342bdca processing 0 keys, 1 updates
10:49:16.350 [JettyServerThreadPool-37] DEBUG org.eclipse.jetty.io.ManagedSelector -- updateable 1
10:49:16.350 [JettyServerThreadPool-37] DEBUG org.eclipse.jetty.io.ManagedSelector -- update org.eclipse.jetty.io.ManagedSelector$StopSelector@43f1bb92
10:49:16.350 [JettyServerThreadPool-37] DEBUG org.eclipse.jetty.io.ManagedSelector -- updates 0
10:49:16.350 [JettyServerThreadPool-37] DEBUG org.eclipse.jetty.util.thread.QueuedThreadPool -- ran org.eclipse.jetty.io.ManagedSelector$$Lambda/0x000001e326300000@2eadc9f6 in QueuedThreadPool[JettyServerThreadPool]@3051e0b2{STARTED,8<=9<=250,i=5,r=-1,t=59732ms,q=0}[ReservedThreadExecutor@39008c9f{reserved=1/12,pending=0}]
10:49:16.350 [JettyServerThreadPool-37] DEBUG org.eclipse.jetty.util.thread.QueuedThreadPool -- Evict check, period=60000ms QueuedThreadPool[JettyServerThreadPool]@3051e0b2{STARTED,8<=9<=250,i=6,r=-1,t=59732ms,q=0}[ReservedThreadExecutor@39008c9f{reserved=1/12,pending=0}]
10:49:16.350 [main] DEBUG org.eclipse.jetty.util.component.AbstractLifeCycle -- STOPPING AdaptiveExecutionStrategy@671facee/SelectorProducer@46a953cf/IDLE/p=false/QueuedThreadPool[JettyServerThreadPool]@3051e0b2{STARTED,8<=9<=250,i=5,r=-1,t=59732ms,q=0}[ReservedThreadExecutor@39008c9f{reserved=1/12,pending=0}][pc=0,pic=0,pec=0,epc=0]@2025-08-11T10:49:16.3509091-03:00
10:49:16.350 [JettyServerThreadPool-37] DEBUG org.eclipse.jetty.util.thread.QueuedThreadPool -- Evict skipped, threshold=119732ms in the future QueuedThreadPool[JettyServerThreadPool]@3051e0b2{STARTED,8<=9<=250,i=6,r=-1,t=59731ms,q=0}[ReservedThreadExecutor@39008c9f{reserved=1/12,pending=0}]
10:49:16.350 [main] DEBUG org.eclipse.jetty.util.component.AbstractLifeCycle -- STOPPED AdaptiveExecutionStrategy@671facee/SelectorProducer@46a953cf/IDLE/p=false/QueuedThreadPool[JettyServerThreadPool]@3051e0b2{STARTED,8<=9<=250,i=6,r=-1,t=59731ms,q=0}[ReservedThreadExecutor@39008c9f{reserved=1/12,pending=0}][pc=0,pic=0,pec=0,epc=0]@2025-08-11T10:49:16.3509091-03:00
10:49:16.350 [main] DEBUG org.eclipse.jetty.util.component.AbstractLifeCycle -- STOPPED ManagedSelector@154bd49b{STOPPED} id=2 keys=-1 selected=-1 updates=0
10:49:16.350 [main] DEBUG org.eclipse.jetty.util.component.AbstractLifeCycle -- STOPPING ManagedSelector@16872c4d{STARTED} id=1 keys=1 selected=0 updates=0
10:49:16.350 [main] DEBUG org.eclipse.jetty.io.ManagedSelector -- Queued change lazy=false org.eclipse.jetty.io.ManagedSelector$CloseConnections@6d6bbd35 on ManagedSelector@16872c4d{STOPPING} id=1 keys=1 selected=0 updates=0
10:49:16.350 [main] DEBUG org.eclipse.jetty.io.ManagedSelector -- Wakeup on submit ManagedSelector@16872c4d{STOPPING} id=1 keys=1 selected=0 updates=1
10:49:16.350 [JettyServerThreadPool-36] DEBUG org.eclipse.jetty.io.ManagedSelector -- Selector sun.nio.ch.WEPollSelectorImpl@6afbd1bd woken with none selected
10:49:16.350 [JettyServerThreadPool-36] DEBUG org.eclipse.jetty.io.ManagedSelector -- Selector sun.nio.ch.WEPollSelectorImpl@6afbd1bd woken up from select, 0/0/1 selected
10:49:16.350 [JettyServerThreadPool-36] DEBUG org.eclipse.jetty.io.ManagedSelector -- Selector sun.nio.ch.WEPollSelectorImpl@6afbd1bd processing 0 keys, 1 updates
10:49:16.350 [JettyServerThreadPool-36] DEBUG org.eclipse.jetty.io.ManagedSelector -- updateable 1
10:49:16.350 [JettyServerThreadPool-36] DEBUG org.eclipse.jetty.io.ManagedSelector -- update org.eclipse.jetty.io.ManagedSelector$CloseConnections@6d6bbd35
10:49:16.350 [JettyServerThreadPool-36] DEBUG org.eclipse.jetty.io.ManagedSelector -- Closing 1 connections on ManagedSelector@16872c4d{STOPPING} id=1 keys=1 selected=0 updates=0
10:49:16.350 [JettyServerThreadPool-36] DEBUG org.eclipse.jetty.io.AbstractEndPoint -- close SocketChannelEndPoint@154e1583[{l=/127.0.0.1:53844,r=/127.0.0.1:53848,OPEN,fill=FI,flush=-,to=52/30000}{io=1/1,kio=1,kro=1}]->[HttpConnection@512e09c9[p=HttpParser{s=START,0 of -1},g=HttpGenerator@554875cf{s=START}]=>HttpChannelOverHttp@670c05e9{s=HttpChannelState@5b669d1f{s=IDLE rs=BLOCKING os=OPEN is=IDLE awp=false se=false i=true al=0},r=1,c=false/false,a=IDLE,uri=null,age=0}]
10:49:16.350 [JettyServerThreadPool-36] DEBUG org.eclipse.jetty.io.AbstractEndPoint -- close(null) SocketChannelEndPoint@154e1583[{l=/127.0.0.1:53844,r=/127.0.0.1:53848,OPEN,fill=FI,flush=-,to=52/30000}{io=1/1,kio=1,kro=1}]->[HttpConnection@512e09c9[p=HttpParser{s=START,0 of -1},g=HttpGenerator@554875cf{s=START}]=>HttpChannelOverHttp@670c05e9{s=HttpChannelState@5b669d1f{s=IDLE rs=BLOCKING os=OPEN is=IDLE awp=false se=false i=true al=0},r=1,c=false/false,a=IDLE,uri=null,age=0}]
10:49:16.350 [JettyServerThreadPool-36] DEBUG org.eclipse.jetty.io.SelectableChannelEndPoint -- doClose SocketChannelEndPoint@154e1583[{l=/127.0.0.1:53844,r=/127.0.0.1:53848,CLOSED,fill=FI,flush=-,to=52/30000}{io=1/1,kio=1,kro=1}]->[HttpConnection@512e09c9[p=HttpParser{s=START,0 of -1},g=HttpGenerator@554875cf{s=START}]=>HttpChannelOverHttp@670c05e9{s=HttpChannelState@5b669d1f{s=IDLE rs=BLOCKING os=OPEN is=IDLE awp=false se=false i=true al=0},r=1,c=false/false,a=IDLE,uri=null,age=0}]
10:49:16.358 [JettyServerThreadPool-36] DEBUG org.eclipse.jetty.io.FillInterest -- onClose FillInterest@5942e740{ReadCallback@24567ada{HttpConnection@512e09c9::SocketChannelEndPoint@154e1583[{l=null,r=null,CLOSED,fill=FI,flush=-,to=53/30000}{io=1/1,kio=-1,kro=-1}]->[HttpConnection@512e09c9[p=HttpParser{s=START,0 of -1},g=HttpGenerator@554875cf{s=START}]=>HttpChannelOverHttp@670c05e9{s=HttpChannelState@5b669d1f{s=IDLE rs=BLOCKING os=OPEN is=IDLE awp=false se=false i=true al=0},r=1,c=false/false,a=IDLE,uri=null,age=0}]}}
10:49:16.358 [JettyServerThreadPool-36] DEBUG org.eclipse.jetty.http.HttpParser -- close HttpParser{s=START,0 of -1}
10:49:16.358 [JettyServerThreadPool-36] DEBUG org.eclipse.jetty.http.HttpParser -- START --> CLOSE
10:49:16.358 [JettyServerThreadPool-36] DEBUG org.eclipse.jetty.io.AbstractConnection -- HttpConnection@512e09c9::SocketChannelEndPoint@154e1583[{l=null,r=null,CLOSED,fill=-,flush=-,to=53/30000}{io=1/1,kio=-1,kro=-1}]->[HttpConnection@512e09c9[p=HttpParser{s=CLOSE,0 of -1},g=HttpGenerator@554875cf{s=START}]=>HttpChannelOverHttp@670c05e9{s=HttpChannelState@5b669d1f{s=IDLE rs=BLOCKING os=OPEN is=IDLE awp=false se=false i=true al=0},r=1,c=false/false,a=IDLE,uri=null,age=0}] onFillInterestedFailed {}
java.nio.channels.ClosedChannelException: null
	at org.eclipse.jetty.io.FillInterest.onClose(FillInterest.java:147)
	at org.eclipse.jetty.io.AbstractEndPoint.onClose(AbstractEndPoint.java:354)
	at org.eclipse.jetty.io.SelectableChannelEndPoint.onClose(SelectableChannelEndPoint.java:165)
	at org.eclipse.jetty.io.AbstractEndPoint.onClose(AbstractEndPoint.java:344)
	at org.eclipse.jetty.io.AbstractEndPoint.doOnClose(AbstractEndPoint.java:263)
	at org.eclipse.jetty.io.AbstractEndPoint.close(AbstractEndPoint.java:227)
	at org.eclipse.jetty.io.AbstractEndPoint.close(AbstractEndPoint.java:210)
	at org.eclipse.jetty.io.AbstractConnection.close(AbstractConnection.java:257)
	at org.eclipse.jetty.util.IO.close(IO.java:407)
	at org.eclipse.jetty.io.ManagedSelector$CloseConnections.update(ManagedSelector.java:1016)
	at org.eclipse.jetty.io.ManagedSelector$SelectorProducer.processUpdates(ManagedSelector.java:568)
	at org.eclipse.jetty.io.ManagedSelector$SelectorProducer.produce(ManagedSelector.java:538)
	at org.eclipse.jetty.util.thread.strategy.AdaptiveExecutionStrategy.produceTask(AdaptiveExecutionStrategy.java:455)
	at org.eclipse.jetty.util.thread.strategy.AdaptiveExecutionStrategy.tryProduce(AdaptiveExecutionStrategy.java:248)
	at org.eclipse.jetty.util.thread.strategy.AdaptiveExecutionStrategy.produce(AdaptiveExecutionStrategy.java:193)
	at org.eclipse.jetty.util.thread.QueuedThreadPool.runJob(QueuedThreadPool.java:969)
	at org.eclipse.jetty.util.thread.QueuedThreadPool$Runner.doRunJob(QueuedThreadPool.java:1194)
	at org.eclipse.jetty.util.thread.QueuedThreadPool$Runner.run(QueuedThreadPool.java:1149)
	at java.base/java.lang.Thread.run(Thread.java:1583)
10:49:16.358 [JettyServerThreadPool-36] DEBUG org.eclipse.jetty.io.ManagedSelector -- Wakeup ManagedSelector@16872c4d{STOPPING} id=1 keys=1 selected=0 updates=0
10:49:16.360 [JettyServerThreadPool-36] DEBUG org.eclipse.jetty.util.thread.QueuedThreadPool -- queue org.eclipse.jetty.io.ManagedSelector$DestroyEndPoint@7da5a5d8 startThread=0
10:49:16.360 [JettyServerThreadPool-52] DEBUG org.eclipse.jetty.util.thread.QueuedThreadPool -- run org.eclipse.jetty.io.ManagedSelector$DestroyEndPoint@7da5a5d8 in QueuedThreadPool[JettyServerThreadPool]@3051e0b2{STARTED,8<=9<=250,i=5,r=-1,t=59728ms,q=0}[ReservedThreadExecutor@39008c9f{reserved=1/12,pending=0}]
10:49:16.360 [JettyServerThreadPool-36] DEBUG org.eclipse.jetty.io.ManagedSelector -- updates 0
10:49:16.360 [main] DEBUG org.eclipse.jetty.io.ManagedSelector -- Queued change lazy=false org.eclipse.jetty.io.ManagedSelector$StopSelector@5c5d6175 on ManagedSelector@16872c4d{STOPPING} id=1 keys=1 selected=0 updates=0
10:49:16.360 [JettyServerThreadPool-52] DEBUG org.eclipse.jetty.io.ManagedSelector -- Destroyed SocketChannelEndPoint@154e1583[{l=null,r=null,CLOSED,fill=-,flush=-,to=55/30000}{io=1/1,kio=-1,kro=-1}]->[HttpConnection@512e09c9[p=HttpParser{s=CLOSE,0 of -1},g=HttpGenerator@554875cf{s=START}]=>HttpChannelOverHttp@670c05e9{s=HttpChannelState@5b669d1f{s=IDLE rs=BLOCKING os=OPEN is=IDLE awp=false se=false i=true al=0},r=1,c=false/false,a=IDLE,uri=null,age=0}]
10:49:16.360 [JettyServerThreadPool-36] DEBUG org.eclipse.jetty.io.ManagedSelector -- Selector sun.nio.ch.WEPollSelectorImpl@6afbd1bd waiting with 1 keys
10:49:16.360 [main] DEBUG org.eclipse.jetty.io.ManagedSelector -- Wakeup on submit ManagedSelector@16872c4d{STOPPING} id=1 keys=1 selected=0 updates=1
10:49:16.361 [JettyServerThreadPool-52] DEBUG org.eclipse.jetty.io.AbstractConnection -- onClose HttpConnection@512e09c9::SocketChannelEndPoint@154e1583[{l=null,r=null,CLOSED,fill=-,flush=-,to=55/30000}{io=1/1,kio=-1,kro=-1}]->[HttpConnection@512e09c9[p=HttpParser{s=CLOSE,0 of -1},g=HttpGenerator@554875cf{s=START}]=>HttpChannelOverHttp@670c05e9{s=HttpChannelState@5b669d1f{s=IDLE rs=BLOCKING os=OPEN is=IDLE awp=false se=false i=true al=0},r=1,c=false/false,a=IDLE,uri=null,age=0}]
10:49:16.361 [JettyServerThreadPool-36] DEBUG org.eclipse.jetty.io.ManagedSelector -- Selector sun.nio.ch.WEPollSelectorImpl@6afbd1bd woken with none selected
10:49:16.361 [JettyServerThreadPool-52] DEBUG org.eclipse.jetty.util.thread.QueuedThreadPool -- ran org.eclipse.jetty.io.ManagedSelector$DestroyEndPoint@7da5a5d8 in QueuedThreadPool[JettyServerThreadPool]@3051e0b2{STARTED,8<=9<=250,i=5,r=-1,t=59727ms,q=0}[ReservedThreadExecutor@39008c9f{reserved=1/12,pending=0}]
10:49:16.361 [JettyServerThreadPool-36] DEBUG org.eclipse.jetty.io.ManagedSelector -- Selector sun.nio.ch.WEPollSelectorImpl@6afbd1bd woken up from select, 0/0/0 selected
10:49:16.361 [JettyServerThreadPool-52] DEBUG org.eclipse.jetty.util.thread.QueuedThreadPool -- Evict check, period=60000ms QueuedThreadPool[JettyServerThreadPool]@3051e0b2{STARTED,8<=9<=250,i=6,r=-1,t=59727ms,q=0}[ReservedThreadExecutor@39008c9f{reserved=1/12,pending=0}]
10:49:16.361 [JettyServerThreadPool-36] DEBUG org.eclipse.jetty.io.ManagedSelector -- Selector sun.nio.ch.WEPollSelectorImpl@6afbd1bd processing 0 keys, 1 updates
10:49:16.361 [JettyServerThreadPool-52] DEBUG org.eclipse.jetty.util.thread.QueuedThreadPool -- Evict skipped, threshold=119727ms in the future QueuedThreadPool[JettyServerThreadPool]@3051e0b2{STARTED,8<=9<=250,i=6,r=-1,t=59727ms,q=0}[ReservedThreadExecutor@39008c9f{reserved=1/12,pending=0}]
10:49:16.361 [JettyServerThreadPool-36] DEBUG org.eclipse.jetty.io.ManagedSelector -- updateable 1
10:49:16.361 [JettyServerThreadPool-36] DEBUG org.eclipse.jetty.io.ManagedSelector -- update org.eclipse.jetty.io.ManagedSelector$StopSelector@5c5d6175
10:49:16.361 [JettyServerThreadPool-36] DEBUG org.eclipse.jetty.io.ManagedSelector -- updates 0
10:49:16.361 [JettyServerThreadPool-36] DEBUG org.eclipse.jetty.util.thread.QueuedThreadPool -- ran org.eclipse.jetty.io.ManagedSelector$$Lambda/0x000001e326300000@643c334a in QueuedThreadPool[JettyServerThreadPool]@3051e0b2{STARTED,8<=9<=250,i=6,r=-1,t=59726ms,q=0}[ReservedThreadExecutor@39008c9f{reserved=1/12,pending=0}]
10:49:16.361 [JettyServerThreadPool-36] DEBUG org.eclipse.jetty.util.thread.QueuedThreadPool -- Evict check, period=60000ms QueuedThreadPool[JettyServerThreadPool]@3051e0b2{STARTED,8<=9<=250,i=7,r=-1,t=59726ms,q=0}[ReservedThreadExecutor@39008c9f{reserved=1/12,pending=0}]
10:49:16.361 [JettyServerThreadPool-36] DEBUG org.eclipse.jetty.util.thread.QueuedThreadPool -- Evict skipped, threshold=119726ms in the future QueuedThreadPool[JettyServerThreadPool]@3051e0b2{STARTED,8<=9<=250,i=7,r=-1,t=59726ms,q=0}[ReservedThreadExecutor@39008c9f{reserved=1/12,pending=0}]
10:49:16.361 [main] DEBUG org.eclipse.jetty.util.component.AbstractLifeCycle -- STOPPING AdaptiveExecutionStrategy@17b6d426/SelectorProducer@5580d62f/IDLE/p=false/QueuedThreadPool[JettyServerThreadPool]@3051e0b2{STARTED,8<=9<=250,i=6,r=-1,t=59726ms,q=0}[ReservedThreadExecutor@39008c9f{reserved=1/12,pending=0}][pc=0,pic=0,pec=1,epc=0]@2025-08-11T10:49:16.3618287-03:00
10:49:16.361 [main] DEBUG org.eclipse.jetty.util.component.AbstractLifeCycle -- STOPPED AdaptiveExecutionStrategy@17b6d426/SelectorProducer@5580d62f/IDLE/p=false/QueuedThreadPool[JettyServerThreadPool]@3051e0b2{STARTED,8<=9<=250,i=7,r=-1,t=59726ms,q=0}[ReservedThreadExecutor@39008c9f{reserved=1/12,pending=0}][pc=0,pic=0,pec=1,epc=0]@2025-08-11T10:49:16.3618287-03:00
10:49:16.361 [main] DEBUG org.eclipse.jetty.util.component.AbstractLifeCycle -- STOPPED ManagedSelector@16872c4d{STOPPED} id=1 keys=-1 selected=-1 updates=0
10:49:16.361 [main] DEBUG org.eclipse.jetty.util.component.AbstractLifeCycle -- STOPPING ManagedSelector@5cb5bb88{STARTED} id=0 keys=0 selected=0 updates=0
10:49:16.362 [main] DEBUG org.eclipse.jetty.io.ManagedSelector -- Queued change lazy=false org.eclipse.jetty.io.ManagedSelector$CloseConnections@7544ac86 on ManagedSelector@5cb5bb88{STOPPING} id=0 keys=0 selected=0 updates=0
10:49:16.362 [main] DEBUG org.eclipse.jetty.io.ManagedSelector -- Wakeup on submit ManagedSelector@5cb5bb88{STOPPING} id=0 keys=0 selected=0 updates=1
10:49:16.362 [JettyServerThreadPool-35] DEBUG org.eclipse.jetty.io.ManagedSelector -- Selector sun.nio.ch.WEPollSelectorImpl@4e07b57e woken with none selected
10:49:16.362 [JettyServerThreadPool-35] DEBUG org.eclipse.jetty.io.ManagedSelector -- Selector sun.nio.ch.WEPollSelectorImpl@4e07b57e woken up from select, 0/0/0 selected
10:49:16.362 [JettyServerThreadPool-35] DEBUG org.eclipse.jetty.io.ManagedSelector -- Selector sun.nio.ch.WEPollSelectorImpl@4e07b57e processing 0 keys, 1 updates
10:49:16.362 [JettyServerThreadPool-35] DEBUG org.eclipse.jetty.io.ManagedSelector -- updateable 1
10:49:16.362 [JettyServerThreadPool-35] DEBUG org.eclipse.jetty.io.ManagedSelector -- update org.eclipse.jetty.io.ManagedSelector$CloseConnections@7544ac86
10:49:16.362 [JettyServerThreadPool-35] DEBUG org.eclipse.jetty.io.ManagedSelector -- Closing 0 connections on ManagedSelector@5cb5bb88{STOPPING} id=0 keys=0 selected=0 updates=0
10:49:16.362 [JettyServerThreadPool-35] DEBUG org.eclipse.jetty.io.ManagedSelector -- updates 0
10:49:16.362 [JettyServerThreadPool-35] DEBUG org.eclipse.jetty.io.ManagedSelector -- Selector sun.nio.ch.WEPollSelectorImpl@4e07b57e waiting with 0 keys
10:49:16.362 [main] DEBUG org.eclipse.jetty.io.ManagedSelector -- Queued change lazy=false org.eclipse.jetty.io.ManagedSelector$StopSelector@3b27b497 on ManagedSelector@5cb5bb88{STOPPING} id=0 keys=0 selected=0 updates=0
10:49:16.362 [main] DEBUG org.eclipse.jetty.io.ManagedSelector -- Wakeup on submit ManagedSelector@5cb5bb88{STOPPING} id=0 keys=0 selected=0 updates=1
10:49:16.362 [JettyServerThreadPool-35] DEBUG org.eclipse.jetty.io.ManagedSelector -- Selector sun.nio.ch.WEPollSelectorImpl@4e07b57e woken with none selected
10:49:16.362 [JettyServerThreadPool-35] DEBUG org.eclipse.jetty.io.ManagedSelector -- Selector sun.nio.ch.WEPollSelectorImpl@4e07b57e woken up from select, 0/0/0 selected
10:49:16.362 [JettyServerThreadPool-35] DEBUG org.eclipse.jetty.io.ManagedSelector -- Selector sun.nio.ch.WEPollSelectorImpl@4e07b57e processing 0 keys, 1 updates
10:49:16.362 [JettyServerThreadPool-35] DEBUG org.eclipse.jetty.io.ManagedSelector -- updateable 1
10:49:16.362 [JettyServerThreadPool-35] DEBUG org.eclipse.jetty.io.ManagedSelector -- update org.eclipse.jetty.io.ManagedSelector$StopSelector@3b27b497
10:49:16.362 [JettyServerThreadPool-35] DEBUG org.eclipse.jetty.io.ManagedSelector -- updates 0
10:49:16.362 [JettyServerThreadPool-35] DEBUG org.eclipse.jetty.util.thread.QueuedThreadPool -- ran org.eclipse.jetty.io.ManagedSelector$$Lambda/0x000001e326300000@7d199c68 in QueuedThreadPool[JettyServerThreadPool]@3051e0b2{STARTED,8<=9<=250,i=7,r=-1,t=59725ms,q=0}[ReservedThreadExecutor@39008c9f{reserved=1/12,pending=0}]
10:49:16.362 [JettyServerThreadPool-35] DEBUG org.eclipse.jetty.util.thread.QueuedThreadPool -- Evict check, period=60000ms QueuedThreadPool[JettyServerThreadPool]@3051e0b2{STARTED,8<=9<=250,i=8,r=-1,t=59725ms,q=0}[ReservedThreadExecutor@39008c9f{reserved=1/12,pending=0}]
10:49:16.362 [JettyServerThreadPool-35] DEBUG org.eclipse.jetty.util.thread.QueuedThreadPool -- Evict skipped, threshold=119725ms in the future QueuedThreadPool[JettyServerThreadPool]@3051e0b2{STARTED,8<=9<=250,i=8,r=-1,t=59725ms,q=0}[ReservedThreadExecutor@39008c9f{reserved=1/12,pending=0}]
10:49:16.362 [main] DEBUG org.eclipse.jetty.util.component.AbstractLifeCycle -- STOPPING AdaptiveExecutionStrategy@6794ac0b/SelectorProducer@7be71476/IDLE/p=false/QueuedThreadPool[JettyServerThreadPool]@3051e0b2{STARTED,8<=9<=250,i=7,r=-1,t=59725ms,q=0}[ReservedThreadExecutor@39008c9f{reserved=1/12,pending=0}][pc=0,pic=0,pec=0,epc=0]@2025-08-11T10:49:16.3625406-03:00
10:49:16.362 [main] DEBUG org.eclipse.jetty.util.component.AbstractLifeCycle -- STOPPED AdaptiveExecutionStrategy@6794ac0b/SelectorProducer@7be71476/IDLE/p=false/QueuedThreadPool[JettyServerThreadPool]@3051e0b2{STARTED,8<=9<=250,i=8,r=-1,t=59724ms,q=0}[ReservedThreadExecutor@39008c9f{reserved=1/12,pending=0}][pc=0,pic=0,pec=0,epc=0]@2025-08-11T10:49:16.3625406-03:00
10:49:16.362 [main] DEBUG org.eclipse.jetty.util.component.AbstractLifeCycle -- STOPPED ManagedSelector@5cb5bb88{STOPPED} id=0 keys=-1 selected=-1 updates=0
10:49:16.362 [main] DEBUG org.eclipse.jetty.util.component.AbstractLifeCycle -- STOPPED SelectorManager@ServerConnector@7c1c5936{HTTP/1.1, (http/1.1)}{0.0.0.0:0}
10:49:16.362 [main] DEBUG org.eclipse.jetty.util.component.AbstractLifeCycle -- STOPPING HttpConnectionFactory@44841b43[HTTP/1.1]
10:49:16.362 [main] DEBUG org.eclipse.jetty.util.component.AbstractLifeCycle -- STOPPED HttpConnectionFactory@44841b43[HTTP/1.1]
10:49:16.362 [main] DEBUG org.eclipse.jetty.util.component.AbstractLifeCycle -- STOPPING ScheduledExecutorScheduler@38018b62{STARTED}
10:49:16.362 [main] DEBUG org.eclipse.jetty.util.component.AbstractLifeCycle -- STOPPED ScheduledExecutorScheduler@38018b62{STOPPED}
10:49:16.362 [main] INFO org.eclipse.jetty.server.AbstractConnector -- Stopped ServerConnector@7c1c5936{HTTP/1.1, (http/1.1)}{0.0.0.0:0}
10:49:16.362 [main] DEBUG org.eclipse.jetty.util.component.AbstractLifeCycle -- STOPPED ServerConnector@7c1c5936{HTTP/1.1, (http/1.1)}{0.0.0.0:0}
10:49:16.362 [main] DEBUG org.eclipse.jetty.server.handler.AbstractHandler -- stopping Server@67e28be3{STOPPING}[11.0.20,sto=0]
10:49:16.362 [main] DEBUG org.eclipse.jetty.util.component.AbstractLifeCycle -- STOPPING DefaultSessionIdManager@14d8444b{STARTED}[worker=node0]
10:49:16.362 [main] DEBUG org.eclipse.jetty.util.component.AbstractLifeCycle -- STOPPING HouseKeeper@16a49a5d{STARTED}[interval=600000, ownscheduler=true]
10:49:16.362 [main] DEBUG org.eclipse.jetty.server.session.HouseKeeper -- node0 stopped scavenging
10:49:16.362 [main] DEBUG org.eclipse.jetty.util.component.AbstractLifeCycle -- STOPPING ScheduledExecutorScheduler@31d6f3fe{STARTED}
10:49:16.362 [main] DEBUG org.eclipse.jetty.util.component.AbstractLifeCycle -- STOPPED ScheduledExecutorScheduler@31d6f3fe{STOPPED}
10:49:16.362 [main] DEBUG org.eclipse.jetty.util.component.AbstractLifeCycle -- STOPPED HouseKeeper@16a49a5d{STOPPED}[interval=600000, ownscheduler=false]
10:49:16.362 [main] DEBUG org.eclipse.jetty.util.component.AbstractLifeCycle -- STOPPED DefaultSessionIdManager@14d8444b{STOPPED}[worker=node0]
10:49:16.362 [main] DEBUG org.eclipse.jetty.util.component.AbstractLifeCycle -- STOPPING DeflaterPool@7c29adc8{STARTED,size=0,capacity=250}
10:49:16.362 [main] DEBUG org.eclipse.jetty.util.Pool -- Closing Pool@4b2e3e8f[inUse=0,size=0,max=250,closed=false]
10:49:16.362 [main] DEBUG org.eclipse.jetty.util.component.AbstractLifeCycle -- STOPPED DeflaterPool@7c29adc8{STOPPED,size=-1,capacity=250}
10:49:16.362 [main] DEBUG org.eclipse.jetty.util.component.AbstractLifeCycle -- STOPPING InflaterPool@30e6a763{STARTED,size=0,capacity=250}
10:49:16.362 [main] DEBUG org.eclipse.jetty.util.Pool -- Closing Pool@4c48fe92[inUse=0,size=0,max=250,closed=false]
10:49:16.362 [main] DEBUG org.eclipse.jetty.util.component.AbstractLifeCycle -- STOPPED InflaterPool@30e6a763{STOPPED,size=-1,capacity=250}
10:49:16.362 [main] DEBUG org.eclipse.jetty.util.component.AbstractLifeCycle -- STOPPING ErrorHandler@63716833{STARTED}
10:49:16.362 [main] DEBUG org.eclipse.jetty.server.handler.AbstractHandler -- stopping ErrorHandler@63716833{STOPPING}
10:49:16.362 [main] DEBUG org.eclipse.jetty.util.component.AbstractLifeCycle -- STOPPED ErrorHandler@63716833{STOPPED}
10:49:16.362 [main] DEBUG org.eclipse.jetty.util.component.AbstractLifeCycle -- STOPPING StatisticsHandler@37b72ea{STARTED,r=0,d=0}
10:49:16.362 [main] DEBUG org.eclipse.jetty.server.handler.AbstractHandler -- stopping StatisticsHandler@37b72ea{STOPPING,r=0,d=0}
10:49:16.362 [main] DEBUG org.eclipse.jetty.util.component.AbstractLifeCycle -- STOPPING o.e.j.s.ServletContextHandler@5136207f{/,null,AVAILABLE}
10:49:16.362 [main] DEBUG org.eclipse.jetty.util.component.AbstractLifeCycle -- STOPPING WebSocketServerComponents@61e7bf2f{STARTED}
10:49:16.362 [main] DEBUG org.eclipse.jetty.util.component.AbstractLifeCycle -- STOPPED WebSocketServerComponents@61e7bf2f{STOPPED}
10:49:16.362 [main] DEBUG org.eclipse.jetty.util.component.AbstractLifeCycle -- STOPPING JettyWebSocketServerContainer@6bbe50c9{STARTED}
10:49:16.362 [main] DEBUG org.eclipse.jetty.util.component.AbstractLifeCycle -- STOPPING SessionTracker@68577ba8{STARTED}
10:49:16.362 [main] DEBUG org.eclipse.jetty.util.component.AbstractLifeCycle -- STOPPED SessionTracker@68577ba8{STOPPED}
10:49:16.362 [main] DEBUG org.eclipse.jetty.util.component.AbstractLifeCycle -- STOPPING JettyServerFrameHandlerFactory@3c46dcbe{STARTED}
10:49:16.362 [main] DEBUG org.eclipse.jetty.util.component.AbstractLifeCycle -- STOPPED JettyServerFrameHandlerFactory@3c46dcbe{STOPPED}
10:49:16.362 [main] DEBUG org.eclipse.jetty.util.component.AbstractLifeCycle -- STOPPED JettyWebSocketServerContainer@6bbe50c9{STOPPED}
10:49:16.362 [main] DEBUG org.eclipse.jetty.server.handler.AbstractHandler -- stopping o.e.j.s.ServletContextHandler@5136207f{/,null,STOPPED}
10:49:16.362 [main] DEBUG org.eclipse.jetty.util.component.AbstractLifeCycle -- STOPPING org.eclipse.jetty.server.session.SessionHandler418299920==dftMaxIdleSec=-1
10:49:16.362 [main] DEBUG org.eclipse.jetty.server.session.DefaultSessionCache -- Shutdown sessions, invalidating = false
10:49:16.362 [main] DEBUG org.eclipse.jetty.util.component.AbstractLifeCycle -- STOPPING org.eclipse.jetty.server.session.DefaultSessionCache@2eb917d0[evict=-1,removeUnloadable=false,saveOnCreate=false,saveOnInactiveEvict=false]
10:49:16.362 [main] DEBUG org.eclipse.jetty.util.component.AbstractLifeCycle -- STOPPING org.eclipse.jetty.server.session.NullSessionDataStore@6c806c8b[passivating=false,graceSec=3600]
10:49:16.362 [main] DEBUG org.eclipse.jetty.util.component.AbstractLifeCycle -- STOPPED org.eclipse.jetty.server.session.NullSessionDataStore@6c806c8b[passivating=false,graceSec=3600]
10:49:16.362 [main] DEBUG org.eclipse.jetty.util.component.AbstractLifeCycle -- STOPPED org.eclipse.jetty.server.session.DefaultSessionCache@2eb917d0[evict=-1,removeUnloadable=false,saveOnCreate=false,saveOnInactiveEvict=false]
10:49:16.362 [main] DEBUG org.eclipse.jetty.util.component.AbstractLifeCycle -- STOPPING ScheduledExecutorScheduler@165e389b{STARTED}
10:49:16.362 [main] DEBUG org.eclipse.jetty.util.component.AbstractLifeCycle -- STOPPED ScheduledExecutorScheduler@165e389b{STOPPED}
10:49:16.362 [main] DEBUG org.eclipse.jetty.server.handler.AbstractHandler -- stopping org.eclipse.jetty.server.session.SessionHandler418299920==dftMaxIdleSec=-1
10:49:16.362 [main] DEBUG org.eclipse.jetty.util.component.AbstractLifeCycle -- STOPPING ServletHandler@69da0b12{STARTED}
10:49:16.362 [main] DEBUG org.eclipse.jetty.server.handler.AbstractHandler -- stopping ServletHandler@69da0b12{STOPPING}
10:49:16.362 [main] DEBUG org.eclipse.jetty.util.component.AbstractLifeCycle -- STOPPING org.eclipse.jetty.servlet.ServletHandler$Default404Servlet-4e6f2bb5==org.eclipse.jetty.servlet.ServletHandler$Default404Servlet@b7968cf8{jsp=null,order=-1,inst=false,async=true,src=EMBEDDED:null,STARTED}
10:49:16.362 [main] DEBUG org.eclipse.jetty.util.component.AbstractLifeCycle -- STOPPED org.eclipse.jetty.servlet.ServletHandler$Default404Servlet-4e6f2bb5==org.eclipse.jetty.servlet.ServletHandler$Default404Servlet@b7968cf8{jsp=null,order=-1,inst=false,async=true,src=EMBEDDED:null,STOPPED}
10:49:16.362 [main] DEBUG org.eclipse.jetty.util.component.AbstractLifeCycle -- STOPPING io.javalin.jetty.JavalinJettyServlet-b016b4e==io.javalin.jetty.JavalinJettyServlet@23d44d92{jsp=null,order=-1,inst=true,async=true,src=EMBEDDED:null,STARTED}
10:49:16.362 [main] DEBUG org.eclipse.jetty.util.component.AbstractLifeCycle -- STOPPED io.javalin.jetty.JavalinJettyServlet-b016b4e==io.javalin.jetty.JavalinJettyServlet@23d44d92{jsp=null,order=-1,inst=false,async=true,src=EMBEDDED:null,STOPPED}
10:49:16.367 [main] DEBUG org.eclipse.jetty.servlet.ServletHandler -- Path=/*[EMBEDDED:null] mapped to servlet=io.javalin.jetty.JavalinJettyServlet-b016b4e[EMBEDDED:null]
10:49:16.367 [main] DEBUG org.eclipse.jetty.http.pathmap.ServletPathSpec -- Creating ServletPathSpec[/*] (group: PREFIX_GLOB, prefix: "", suffix: "null")
10:49:16.367 [main] DEBUG org.eclipse.jetty.http.pathmap.PathMappings -- Added MappedResource[pathSpec=ServletPathSpec@9457a78e{/*},resource=MappedServlet1645f294{/*->io.javalin.jetty.JavalinJettyServlet-b016b4e==io.javalin.jetty.JavalinJettyServlet@23d44d92{jsp=null,order=-1,inst=false,async=true,src=EMBEDDED:null,STOPPED}}] to PathMappings[size=1]
10:49:16.367 [main] DEBUG org.eclipse.jetty.servlet.ServletHandler -- filterNameMap={} pathFilters=[] servletFilterMap={} servletPathMap=PathMappings[size=1] servletNameMap={io.javalin.jetty.JavalinJettyServlet-b016b4e=MappedServlet6325f352{null->io.javalin.jetty.JavalinJettyServlet-b016b4e==io.javalin.jetty.JavalinJettyServlet@23d44d92{jsp=null,order=-1,inst=false,async=true,src=EMBEDDED:null,STOPPED}}}
10:49:16.367 [main] DEBUG org.eclipse.jetty.util.component.AbstractLifeCycle -- STOPPED ServletHandler@69da0b12{STOPPED}
10:49:16.367 [main] DEBUG org.eclipse.jetty.util.component.AbstractLifeCycle -- STOPPED org.eclipse.jetty.server.session.SessionHandler418299920==dftMaxIdleSec=-1
10:49:16.367 [main] DEBUG org.eclipse.jetty.util.component.AbstractLifeCycle -- STOPPING ServletContainerInitializerStarter@3900fa71{STARTED}
10:49:16.367 [main] DEBUG org.eclipse.jetty.util.component.AbstractLifeCycle -- STOPPING ContainerInitializer{org.eclipse.jetty.websocket.server.config.JettyWebSocketServletContainerInitializer,interested=[],applicable=[],annotated=[]}
10:49:16.367 [main] DEBUG org.eclipse.jetty.util.component.AbstractLifeCycle -- STOPPED ContainerInitializer{org.eclipse.jetty.websocket.server.config.JettyWebSocketServletContainerInitializer,interested=[],applicable=[],annotated=[]}
10:49:16.367 [main] DEBUG org.eclipse.jetty.util.component.AbstractLifeCycle -- STOPPED ServletContainerInitializerStarter@3900fa71{STOPPED}
10:49:16.367 [main] INFO org.eclipse.jetty.server.handler.ContextHandler -- Stopped o.e.j.s.ServletContextHandler@5136207f{/,null,STOPPED}
10:49:16.367 [main] DEBUG org.eclipse.jetty.util.component.AbstractLifeCycle -- STOPPED o.e.j.s.ServletContextHandler@5136207f{/,null,STOPPED}
10:49:16.367 [main] DEBUG org.eclipse.jetty.util.component.AbstractLifeCycle -- STOPPED StatisticsHandler@37b72ea{STOPPED,r=0,d=0}
10:49:16.367 [main] DEBUG org.eclipse.jetty.util.component.AbstractLifeCycle -- STOPPING LowResourceMonitor@486bc9a4{STARTED}
10:49:16.367 [main] DEBUG org.eclipse.jetty.util.component.AbstractLifeCycle -- STOPPING LRMScheduler@4aaae508{STARTED}
10:49:16.367 [main] DEBUG org.eclipse.jetty.util.component.AbstractLifeCycle -- STOPPED LRMScheduler@4aaae508{STOPPED}
10:49:16.367 [main] DEBUG org.eclipse.jetty.util.component.AbstractLifeCycle -- STOPPED LowResourceMonitor@486bc9a4{STOPPED}
10:49:16.367 [main] DEBUG org.eclipse.jetty.util.component.AbstractLifeCycle -- STOPPING AttributeContainerMap@15dd5ac2{size=1}
10:49:16.367 [main] DEBUG org.eclipse.jetty.util.component.AbstractLifeCycle -- STOPPED AttributeContainerMap@15dd5ac2{size=1}
10:49:16.367 [main] DEBUG org.eclipse.jetty.util.component.AbstractLifeCycle -- STOPPING QueuedThreadPool[JettyServerThreadPool]@3051e0b2{STARTED,8<=9<=250,i=8,r=-1,t=59719ms,q=0}[ReservedThreadExecutor@39008c9f{reserved=1/12,pending=0}]
10:49:16.367 [main] DEBUG org.eclipse.jetty.util.thread.QueuedThreadPool -- Stopping QueuedThreadPool[JettyServerThreadPool]@3051e0b2{STOPPING,8<=9<=250,i=8,r=-1,t=59719ms,q=0}[ReservedThreadExecutor@39008c9f{reserved=1/12,pending=0}]
10:49:16.367 [main] DEBUG org.eclipse.jetty.util.component.AbstractLifeCycle -- STOPPING ReservedThreadExecutor@39008c9f{reserved=1/12,pending=0}
10:49:16.367 [JettyServerThreadPool-42] DEBUG org.eclipse.jetty.util.thread.ReservedThreadExecutor -- ReservedThread@5c7e4e09{RESERVED,thread=Thread[#42,JettyServerThreadPool-42,5,main]} task=STOP ReservedThreadExecutor@39008c9f{reserved=-1/12,pending=0}
10:49:16.367 [JettyServerThreadPool-42] DEBUG org.eclipse.jetty.util.thread.ReservedThreadExecutor -- ReservedThread@5c7e4e09{RESERVED,thread=Thread[#42,JettyServerThreadPool-42,5,main]} exited ReservedThreadExecutor@39008c9f{reserved=-1/12,pending=0}
10:49:16.367 [JettyServerThreadPool-42] DEBUG org.eclipse.jetty.util.thread.QueuedThreadPool -- ran ReservedThread@5c7e4e09{RESERVED,thread=null} in QueuedThreadPool[JettyServerThreadPool]@3051e0b2{STOPPING,8<=9<=250,i=8,r=-1,t=59719ms,q=0}[ReservedThreadExecutor@39008c9f{reserved=-1/12,pending=0}]
10:49:16.367 [JettyServerThreadPool-42] DEBUG org.eclipse.jetty.util.thread.QueuedThreadPool -- Evict check, period=60000ms QueuedThreadPool[JettyServerThreadPool]@3051e0b2{STOPPING,8<=9<=250,i=9,r=-1,t=59719ms,q=0}[ReservedThreadExecutor@39008c9f{reserved=-1/12,pending=0}]
10:49:16.367 [JettyServerThreadPool-42] DEBUG org.eclipse.jetty.util.thread.QueuedThreadPool -- Evict skipped, threshold=119719ms in the future QueuedThreadPool[JettyServerThreadPool]@3051e0b2{STOPPING,8<=9<=250,i=9,r=-1,t=59719ms,q=0}[ReservedThreadExecutor@39008c9f{reserved=-1/12,pending=0}]
10:49:16.371 [main] DEBUG org.eclipse.jetty.util.component.AbstractLifeCycle -- STOPPED ReservedThreadExecutor@39008c9f{reserved=-1/12,pending=0}
10:49:16.371 [JettyServerThreadPool-39] DEBUG org.eclipse.jetty.util.thread.QueuedThreadPool -- run org.eclipse.jetty.util.thread.QueuedThreadPool$$Lambda/0x000001e3262a6cd0@348d1aa3 in QueuedThreadPool[JettyServerThreadPool]@3051e0b2{STOPPING,8<=0<=250,i=9,r=-1,t=59716ms,q=0}[NO_TRY]
10:49:16.371 [JettyServerThreadPool-37] DEBUG org.eclipse.jetty.util.thread.QueuedThreadPool -- run org.eclipse.jetty.util.thread.QueuedThreadPool$$Lambda/0x000001e3262a6cd0@348d1aa3 in QueuedThreadPool[JettyServerThreadPool]@3051e0b2{STOPPING,8<=0<=250,i=9,r=-1,t=59716ms,q=0}[NO_TRY]
10:49:16.371 [JettyServerThreadPool-39] DEBUG org.eclipse.jetty.util.thread.QueuedThreadPool -- ran org.eclipse.jetty.util.thread.QueuedThreadPool$$Lambda/0x000001e3262a6cd0@348d1aa3 in QueuedThreadPool[JettyServerThreadPool]@3051e0b2{STOPPING,8<=0<=250,i=9,r=-1,t=59716ms,q=0}[NO_TRY]
10:49:16.371 [JettyServerThreadPool-40] DEBUG org.eclipse.jetty.util.thread.QueuedThreadPool -- run org.eclipse.jetty.util.thread.QueuedThreadPool$$Lambda/0x000001e3262a6cd0@348d1aa3 in QueuedThreadPool[JettyServerThreadPool]@3051e0b2{STOPPING,8<=0<=250,i=9,r=-1,t=59716ms,q=0}[NO_TRY]
10:49:16.371 [JettyServerThreadPool-38] DEBUG org.eclipse.jetty.util.thread.QueuedThreadPool -- run org.eclipse.jetty.util.thread.QueuedThreadPool$$Lambda/0x000001e3262a6cd0@348d1aa3 in QueuedThreadPool[JettyServerThreadPool]@3051e0b2{STOPPING,8<=0<=250,i=9,r=-1,t=59716ms,q=0}[NO_TRY]
10:49:16.371 [JettyServerThreadPool-40] DEBUG org.eclipse.jetty.util.thread.QueuedThreadPool -- ran org.eclipse.jetty.util.thread.QueuedThreadPool$$Lambda/0x000001e3262a6cd0@348d1aa3 in QueuedThreadPool[JettyServerThreadPool]@3051e0b2{STOPPING,8<=0<=250,i=10,r=-1,t=59716ms,q=0}[NO_TRY]
10:49:16.371 [JettyServerThreadPool-40] DEBUG org.eclipse.jetty.util.thread.QueuedThreadPool -- Evict skipped, no excess threads QueuedThreadPool[JettyServerThreadPool]@3051e0b2{STOPPING,8<=0<=250,i=11,r=-1,t=59716ms,q=0}[NO_TRY]
10:49:16.371 [JettyServerThreadPool-38] DEBUG org.eclipse.jetty.util.thread.QueuedThreadPool -- ran org.eclipse.jetty.util.thread.QueuedThreadPool$$Lambda/0x000001e3262a6cd0@348d1aa3 in QueuedThreadPool[JettyServerThreadPool]@3051e0b2{STOPPING,8<=0<=250,i=11,r=-1,t=59716ms,q=0}[NO_TRY]
10:49:16.371 [JettyServerThreadPool-38] DEBUG org.eclipse.jetty.util.thread.QueuedThreadPool -- Evict skipped, no excess threads QueuedThreadPool[JettyServerThreadPool]@3051e0b2{STOPPING,8<=0<=250,i=12,r=-1,t=59716ms,q=0}[NO_TRY]
10:49:16.371 [JettyServerThreadPool-38] DEBUG org.eclipse.jetty.util.thread.QueuedThreadPool -- Thread[#38,JettyServerThreadPool-38,5,main] exited for QueuedThreadPool[JettyServerThreadPool]@3051e0b2{STOPPING,8<=0<=250,i=12,r=-1,t=59716ms,q=0}[NO_TRY]
10:49:16.371 [main] DEBUG org.eclipse.jetty.util.thread.QueuedThreadPool -- Waiting for Thread[#35,JettyServerThreadPool-35,5,main] for 2499
10:49:16.371 [JettyServerThreadPool-35] DEBUG org.eclipse.jetty.util.thread.QueuedThreadPool -- run org.eclipse.jetty.util.thread.QueuedThreadPool$$Lambda/0x000001e3262a6cd0@348d1aa3 in QueuedThreadPool[JettyServerThreadPool]@3051e0b2{STOPPING,8<=0<=250,i=9,r=-1,t=59716ms,q=0}[NO_TRY]
10:49:16.374 [JettyServerThreadPool-35] DEBUG org.eclipse.jetty.util.thread.QueuedThreadPool -- ran org.eclipse.jetty.util.thread.QueuedThreadPool$$Lambda/0x000001e3262a6cd0@348d1aa3 in QueuedThreadPool[JettyServerThreadPool]@3051e0b2{STOPPING,8<=0<=250,i=12,r=-1,t=59714ms,q=0}[NO_TRY]
10:49:16.371 [JettyServerThreadPool-52] DEBUG org.eclipse.jetty.util.thread.QueuedThreadPool -- run org.eclipse.jetty.util.thread.QueuedThreadPool$$Lambda/0x000001e3262a6cd0@348d1aa3 in QueuedThreadPool[JettyServerThreadPool]@3051e0b2{STOPPING,8<=0<=250,i=9,r=-1,t=59716ms,q=0}[NO_TRY]
10:49:16.374 [JettyServerThreadPool-35] DEBUG org.eclipse.jetty.util.thread.QueuedThreadPool -- Evict skipped, no excess threads QueuedThreadPool[JettyServerThreadPool]@3051e0b2{STOPPING,8<=0<=250,i=13,r=-1,t=59713ms,q=0}[NO_TRY]
10:49:16.374 [JettyServerThreadPool-52] DEBUG org.eclipse.jetty.util.thread.QueuedThreadPool -- ran org.eclipse.jetty.util.thread.QueuedThreadPool$$Lambda/0x000001e3262a6cd0@348d1aa3 in QueuedThreadPool[JettyServerThreadPool]@3051e0b2{STOPPING,8<=0<=250,i=13,r=-1,t=59713ms,q=0}[NO_TRY]
10:49:16.374 [JettyServerThreadPool-35] DEBUG org.eclipse.jetty.util.thread.QueuedThreadPool -- Thread[#35,JettyServerThreadPool-35,5,main] exited for QueuedThreadPool[JettyServerThreadPool]@3051e0b2{STOPPING,8<=0<=250,i=13,r=-1,t=59713ms,q=0}[NO_TRY]
10:49:16.371 [JettyServerThreadPool-41] DEBUG org.eclipse.jetty.util.thread.QueuedThreadPool -- run org.eclipse.jetty.util.thread.QueuedThreadPool$$Lambda/0x000001e3262a6cd0@348d1aa3 in QueuedThreadPool[JettyServerThreadPool]@3051e0b2{STOPPING,8<=0<=250,i=9,r=-1,t=59716ms,q=0}[NO_TRY]
10:49:16.371 [JettyServerThreadPool-36] DEBUG org.eclipse.jetty.util.thread.QueuedThreadPool -- run org.eclipse.jetty.util.thread.QueuedThreadPool$$Lambda/0x000001e3262a6cd0@348d1aa3 in QueuedThreadPool[JettyServerThreadPool]@3051e0b2{STOPPING,8<=0<=250,i=9,r=-1,t=59716ms,q=0}[NO_TRY]
10:49:16.375 [JettyServerThreadPool-41] DEBUG org.eclipse.jetty.util.thread.QueuedThreadPool -- ran org.eclipse.jetty.util.thread.QueuedThreadPool$$Lambda/0x000001e3262a6cd0@348d1aa3 in QueuedThreadPool[JettyServerThreadPool]@3051e0b2{STOPPING,8<=0<=250,i=14,r=-1,t=59713ms,q=0}[NO_TRY]
10:49:16.375 [JettyServerThreadPool-41] DEBUG org.eclipse.jetty.util.thread.QueuedThreadPool -- Evict skipped, no excess threads QueuedThreadPool[JettyServerThreadPool]@3051e0b2{STOPPING,8<=0<=250,i=15,r=-1,t=59713ms,q=0}[NO_TRY]
10:49:16.371 [JettyServerThreadPool-37] DEBUG org.eclipse.jetty.util.thread.QueuedThreadPool -- ran org.eclipse.jetty.util.thread.QueuedThreadPool$$Lambda/0x000001e3262a6cd0@348d1aa3 in QueuedThreadPool[JettyServerThreadPool]@3051e0b2{STOPPING,8<=0<=250,i=9,r=-1,t=59716ms,q=0}[NO_TRY]
10:49:16.371 [JettyServerThreadPool-39] DEBUG org.eclipse.jetty.util.thread.QueuedThreadPool -- Evict skipped, no excess threads QueuedThreadPool[JettyServerThreadPool]@3051e0b2{STOPPING,8<=0<=250,i=10,r=-1,t=59716ms,q=0}[NO_TRY]
10:49:16.375 [JettyServerThreadPool-37] DEBUG org.eclipse.jetty.util.thread.QueuedThreadPool -- Evict skipped, no excess threads QueuedThreadPool[JettyServerThreadPool]@3051e0b2{STOPPING,8<=0<=250,i=16,r=-1,t=59712ms,q=0}[NO_TRY]
10:49:16.375 [JettyServerThreadPool-37] DEBUG org.eclipse.jetty.util.thread.QueuedThreadPool -- Thread[#37,JettyServerThreadPool-37,5,main] exited for QueuedThreadPool[JettyServerThreadPool]@3051e0b2{STOPPING,8<=0<=250,i=16,r=-1,t=59712ms,q=0}[NO_TRY]
10:49:16.375 [JettyServerThreadPool-39] DEBUG org.eclipse.jetty.util.thread.QueuedThreadPool -- Thread[#39,JettyServerThreadPool-39,5,main] exited for QueuedThreadPool[JettyServerThreadPool]@3051e0b2{STOPPING,8<=0<=250,i=16,r=-1,t=59712ms,q=0}[NO_TRY]
10:49:16.371 [JettyServerThreadPool-42] DEBUG org.eclipse.jetty.util.thread.QueuedThreadPool -- run org.eclipse.jetty.util.thread.QueuedThreadPool$$Lambda/0x000001e3262a6cd0@348d1aa3 in QueuedThreadPool[JettyServerThreadPool]@3051e0b2{STOPPING,8<=0<=250,i=10,r=-1,t=59716ms,q=0}[NO_TRY]
10:49:16.371 [JettyServerThreadPool-40] DEBUG org.eclipse.jetty.util.thread.QueuedThreadPool -- Thread[#40,JettyServerThreadPool-40,5,main] exited for QueuedThreadPool[JettyServerThreadPool]@3051e0b2{STOPPING,8<=0<=250,i=11,r=-1,t=59716ms,q=0}[NO_TRY]
10:49:16.375 [JettyServerThreadPool-42] DEBUG org.eclipse.jetty.util.thread.QueuedThreadPool -- ran org.eclipse.jetty.util.thread.QueuedThreadPool$$Lambda/0x000001e3262a6cd0@348d1aa3 in QueuedThreadPool[JettyServerThreadPool]@3051e0b2{STOPPING,8<=0<=250,i=16,r=-1,t=59712ms,q=0}[NO_TRY]
10:49:16.375 [JettyServerThreadPool-42] DEBUG org.eclipse.jetty.util.thread.QueuedThreadPool -- Evict skipped, no excess threads QueuedThreadPool[JettyServerThreadPool]@3051e0b2{STOPPING,8<=0<=250,i=17,r=-1,t=59711ms,q=0}[NO_TRY]
10:49:16.375 [JettyServerThreadPool-42] DEBUG org.eclipse.jetty.util.thread.QueuedThreadPool -- Thread[#42,JettyServerThreadPool-42,5,main] exited for QueuedThreadPool[JettyServerThreadPool]@3051e0b2{STOPPING,8<=0<=250,i=17,r=-1,t=59711ms,q=0}[NO_TRY]
10:49:16.374 [JettyServerThreadPool-52] DEBUG org.eclipse.jetty.util.thread.QueuedThreadPool -- Evict skipped, no excess threads QueuedThreadPool[JettyServerThreadPool]@3051e0b2{STOPPING,8<=0<=250,i=14,r=-1,t=59713ms,q=0}[NO_TRY]
10:49:16.375 [JettyServerThreadPool-36] DEBUG org.eclipse.jetty.util.thread.QueuedThreadPool -- ran org.eclipse.jetty.util.thread.QueuedThreadPool$$Lambda/0x000001e3262a6cd0@348d1aa3 in QueuedThreadPool[JettyServerThreadPool]@3051e0b2{STOPPING,8<=0<=250,i=14,r=-1,t=59713ms,q=0}[NO_TRY]
10:49:16.377 [JettyServerThreadPool-52] DEBUG org.eclipse.jetty.util.thread.QueuedThreadPool -- Thread[#52,JettyServerThreadPool-52,5,main] exited for QueuedThreadPool[JettyServerThreadPool]@3051e0b2{STOPPING,8<=0<=250,i=17,r=-1,t=59710ms,q=0}[NO_TRY]
10:49:16.375 [JettyServerThreadPool-41] DEBUG org.eclipse.jetty.util.thread.QueuedThreadPool -- Thread[#41,JettyServerThreadPool-41,5,main] exited for QueuedThreadPool[JettyServerThreadPool]@3051e0b2{STOPPING,8<=0<=250,i=15,r=-1,t=59713ms,q=0}[NO_TRY]
10:49:16.375 [main] DEBUG org.eclipse.jetty.util.thread.QueuedThreadPool -- Waiting for Thread[#38,JettyServerThreadPool-38,5,] for 2495
10:49:16.377 [JettyServerThreadPool-36] DEBUG org.eclipse.jetty.util.thread.QueuedThreadPool -- Evict skipped, no excess threads QueuedThreadPool[JettyServerThreadPool]@3051e0b2{STOPPING,8<=0<=250,i=18,r=-1,t=59710ms,q=0}[NO_TRY]
10:49:16.377 [main] DEBUG org.eclipse.jetty.util.thread.QueuedThreadPool -- Waiting for Thread[#36,JettyServerThreadPool-36,5,main] for 2493
10:49:16.377 [JettyServerThreadPool-36] DEBUG org.eclipse.jetty.util.thread.QueuedThreadPool -- Thread[#36,JettyServerThreadPool-36,5,main] exited for QueuedThreadPool[JettyServerThreadPool]@3051e0b2{STOPPING,8<=0<=250,i=18,r=-1,t=59710ms,q=0}[NO_TRY]
10:49:16.379 [main] DEBUG org.eclipse.jetty.util.component.AbstractLifeCycle -- STOPPED QueuedThreadPool[JettyServerThreadPool]@3051e0b2{STOPPED,8<=0<=250,i=18,r=-1,t=59709ms,q=0}[NO_TRY]
10:49:16.379 [main] DEBUG org.eclipse.jetty.util.component.AbstractLifeCycle -- STOPPED Server@67e28be3{STOPPED}[11.0.20,sto=0]
10:49:16.379 [main] INFO io.javalin.Javalin -- Javalin has stopped
]]></system-out>
    <system-err><![CDATA[WARNING: A Java agent has been loaded dynamically (C:\Users\vista\.m2\repository\net\bytebuddy\byte-buddy-agent\1.14.15\byte-buddy-agent-1.14.15.jar)
WARNING: If a serviceability tool is in use, please run with -XX:+EnableDynamicAgentLoading to hide this warning
WARNING: If a serviceability tool is not in use, please run with -Djdk.instrument.traceUsage for more information
WARNING: Dynamic loading of agents will be disallowed by default in a future release
]]></system-err>
  </testcase>
  <testcase name="postToPrintValidade_withValidRequest_shouldReturn200" classname="br.com.espacovista.controller.PrintControllerIntegrationTest" time="0.09">
    <system-out><![CDATA[10:49:16.421 [main] DEBUG org.eclipse.jetty.util.component.ContainerLifeCycle -- QueuedThreadPool[qtp1218496682]@48a0c8aa{STOPPED,8<=0<=250,i=0,r=-1,t=-3199595ms,q=0}[NO_TRY] added {org.eclipse.jetty.util.thread.ThreadPoolBudget@6192a5d5,POJO}
10:49:16.421 [main] DEBUG org.eclipse.jetty.util.component.ContainerLifeCycle -- Server@3722c145{STOPPED}[11.0.20,sto=0] added {QueuedThreadPool[JettyServerThreadPool]@48a0c8aa{STOPPED,8<=0<=250,i=0,r=-1,t=-3199595ms,q=0}[NO_TRY],AUTO}
10:49:16.421 [main] DEBUG org.eclipse.jetty.util.component.ContainerLifeCycle -- Server@3722c145{STOPPED}[11.0.20,sto=0] added {AttributeContainerMap@4cbc2e3b{size=0},AUTO}
10:49:16.421 [main] DEBUG org.eclipse.jetty.util.component.ContainerLifeCycle -- Server@3722c145{STOPPED}[11.0.20,sto=0] added {LowResourceMonitor@2975a9e{STOPPED},AUTO}
10:49:16.421 [main] DEBUG org.eclipse.jetty.util.component.ContainerLifeCycle -- Server@3722c145{STOPPED}[11.0.20,sto=0] added {StatisticsHandler@765ffb14{STOPPED,r=0,d=0},MANAGED}
10:49:16.421 [main] DEBUG org.eclipse.jetty.util.component.ContainerLifeCycle -- AttributeContainerMap@4cbc2e3b{size=1} added {true,POJO}
10:49:16.421 [main] DEBUG org.eclipse.jetty.util.component.ContainerLifeCycle -- o.e.j.s.ServletContextHandler@57562473{/,null,STOPPED} added {org.eclipse.jetty.server.session.SessionHandler2050360660==dftMaxIdleSec=-1,MANAGED}
10:49:16.421 [main] DEBUG org.eclipse.jetty.util.component.ContainerLifeCycle -- org.eclipse.jetty.server.session.SessionHandler2050360660==dftMaxIdleSec=-1 added {ServletHandler@424de326{STOPPED},MANAGED}
10:49:16.421 [main] DEBUG org.eclipse.jetty.util.component.ContainerLifeCycle -- o.e.j.s.ServletContextHandler@57562473{/,null,STOPPED} added {ServletContainerInitializerStarter@4bc33720{STOPPED},MANAGED}
10:49:16.421 [main] DEBUG org.eclipse.jetty.util.component.ContainerLifeCycle -- ServletContainerInitializerStarter@4bc33720{STOPPED} added {ContainerInitializer{org.eclipse.jetty.websocket.server.config.JettyWebSocketServletContainerInitializer,interested=[],applicable=[],annotated=[]},MANAGED}
10:49:16.421 [main] DEBUG org.eclipse.jetty.util.component.ContainerLifeCycle -- o.e.j.s.ServletContextHandler@57562473{/,null,STOPPED} added {org.eclipse.jetty.server.session.SessionHandler1249890505==dftMaxIdleSec=-1,MANAGED}
10:49:16.421 [main] DEBUG org.eclipse.jetty.util.component.ContainerLifeCycle -- org.eclipse.jetty.server.session.SessionHandler1249890505==dftMaxIdleSec=-1 added {ServletHandler@424de326{STOPPED},MANAGED}
10:49:16.421 [main] DEBUG org.eclipse.jetty.util.component.ContainerLifeCycle -- ServletHandler@424de326{STOPPED} added {io.javalin.jetty.JavalinJettyServlet-18578491==io.javalin.jetty.JavalinJettyServlet@229c054b{jsp=null,order=-1,inst=false,async=true,src=EMBEDDED:null,STOPPED},AUTO}
10:49:16.421 [main] DEBUG org.eclipse.jetty.util.component.ContainerLifeCycle -- ServletHandler@424de326{STOPPED} added {[/*]=>io.javalin.jetty.JavalinJettyServlet-18578491,POJO}
10:49:16.421 [main] DEBUG org.eclipse.jetty.util.component.ContainerLifeCycle -- StatisticsHandler@765ffb14{STOPPED,r=0,d=0} added {o.e.j.s.ServletContextHandler@57562473{/,null,STOPPED},MANAGED}
10:49:16.421 [main] DEBUG org.eclipse.jetty.util.component.ContainerLifeCycle -- HttpConnectionFactory@3291b443[HTTP/1.1] added {HttpConfiguration@671c4166{32768/8192,8192/8192,https://:0,[]},POJO}
10:49:16.421 [main] DEBUG org.eclipse.jetty.util.component.ContainerLifeCycle -- ServerConnector@53d13cd4{null, ()}{0.0.0.0:0} added {QueuedThreadPool[JettyServerThreadPool]@48a0c8aa{STOPPED,8<=0<=250,i=0,r=-1,t=-3199596ms,q=0}[NO_TRY],AUTO}
10:49:16.421 [main] DEBUG org.eclipse.jetty.util.component.ContainerLifeCycle -- ServerConnector@53d13cd4{null, ()}{0.0.0.0:0} added {ScheduledExecutorScheduler@77865933{STOPPED},AUTO}
10:49:16.421 [main] DEBUG org.eclipse.jetty.util.component.ContainerLifeCycle -- Server@3722c145{STOPPED}[11.0.20,sto=0] added {LogarithmicArrayByteBufferPool@480ad82c{minBufferCapacity=0, maxBufferCapacity=65536, maxQueueLength=-1, factor=4096},POJO}
10:49:16.421 [main] DEBUG org.eclipse.jetty.util.component.ContainerLifeCycle -- ServerConnector@53d13cd4{null, ()}{0.0.0.0:0} added {LogarithmicArrayByteBufferPool@480ad82c{minBufferCapacity=0, maxBufferCapacity=65536, maxQueueLength=-1, factor=4096},UNMANAGED}
10:49:16.421 [main] DEBUG org.eclipse.jetty.util.component.ContainerLifeCycle -- ServerConnector@53d13cd4{null, ()}{0.0.0.0:0} added {org.eclipse.jetty.io.LogarithmicArrayByteBufferPool$LogarithmicRetainablePool@4d18b73a{min=0,max=65536,buckets=17,heap=0/-1,direct=0/-1},POJO}
10:49:16.421 [main] DEBUG org.eclipse.jetty.util.component.ContainerLifeCycle -- ServerConnector@53d13cd4{null, ()}{0.0.0.0:0} added {org.eclipse.jetty.server.AbstractConnector$1@177515d1,POJO}
10:49:16.421 [main] DEBUG org.eclipse.jetty.util.component.ContainerLifeCycle -- ServerConnector@53d13cd4{null, (http/1.1)}{0.0.0.0:0} added {HttpConnectionFactory@3291b443[HTTP/1.1],AUTO}
10:49:16.421 [main] DEBUG org.eclipse.jetty.server.AbstractConnector -- ServerConnector@53d13cd4{HTTP/1.1, (http/1.1)}{0.0.0.0:0} added HttpConnectionFactory@3291b443[HTTP/1.1]
10:49:16.421 [main] DEBUG org.eclipse.jetty.util.component.ContainerLifeCycle -- ServerConnector@53d13cd4{HTTP/1.1, (http/1.1)}{0.0.0.0:0} added {SelectorManager@ServerConnector@53d13cd4{HTTP/1.1, (http/1.1)}{0.0.0.0:0},MANAGED}
10:49:16.421 [main] DEBUG org.eclipse.jetty.util.component.ContainerLifeCycle -- Server@3722c145{STOPPED}[11.0.20,sto=0] added {ServerConnector@53d13cd4{HTTP/1.1, (http/1.1)}{0.0.0.0:0},AUTO}
10:49:16.421 [main] INFO io.javalin.Javalin -- Starting Javalin ...
10:49:16.421 [main] DEBUG org.eclipse.jetty.util.component.AbstractLifeCycle -- STARTING Server@3722c145{STOPPED}[11.0.20,sto=0]
10:49:16.421 [main] DEBUG org.eclipse.jetty.util.component.ContainerLifeCycle -- Server@3722c145{STARTING}[11.0.20,sto=0] added {ErrorHandler@52ff99cd{STOPPED},AUTO}
10:49:16.421 [main] INFO org.eclipse.jetty.server.Server -- jetty-11.0.20; built: 2024-01-29T21:04:22.394Z; git: 922f8dc188f7011e60d0361de585fd4ac4d63064; jvm 21.0.7+8-LTS-245
10:49:16.421 [main] DEBUG org.eclipse.jetty.server.AbstractConnector -- Could not configure SO_REUSEPORT to false on sun.nio.ch.ServerSocketChannelImpl[unbound]
java.lang.UnsupportedOperationException: 'SO_REUSEPORT' not supported
	at java.base/sun.nio.ch.ServerSocketChannelImpl.setOption(ServerSocketChannelImpl.java:219)
	at org.eclipse.jetty.server.ServerConnector.setSocketOption(ServerConnector.java:355)
	at org.eclipse.jetty.server.ServerConnector.openAcceptChannel(ServerConnector.java:336)
	at org.eclipse.jetty.server.ServerConnector.open(ServerConnector.java:304)
	at org.eclipse.jetty.server.Server.lambda$doStart$0(Server.java:402)
	at java.base/java.util.stream.ForEachOps$ForEachOp$OfRef.accept(ForEachOps.java:184)
	at java.base/java.util.stream.ReferencePipeline$3$1.accept(ReferencePipeline.java:197)
	at java.base/java.util.stream.ReferencePipeline$2$1.accept(ReferencePipeline.java:179)
	at java.base/java.util.Spliterators$ArraySpliterator.forEachRemaining(Spliterators.java:1024)
	at java.base/java.util.stream.AbstractPipeline.copyInto(AbstractPipeline.java:509)
	at java.base/java.util.stream.AbstractPipeline.wrapAndCopyInto(AbstractPipeline.java:499)
	at java.base/java.util.stream.ForEachOps$ForEachOp.evaluateSequential(ForEachOps.java:151)
	at java.base/java.util.stream.ForEachOps$ForEachOp$OfRef.evaluateSequential(ForEachOps.java:174)
	at java.base/java.util.stream.AbstractPipeline.evaluate(AbstractPipeline.java:234)
	at java.base/java.util.stream.ReferencePipeline.forEach(ReferencePipeline.java:596)
	at org.eclipse.jetty.server.Server.doStart(Server.java:398)
	at org.eclipse.jetty.util.component.AbstractLifeCycle.start(AbstractLifeCycle.java:93)
	at io.javalin.jetty.JettyServer.start(JettyServer.kt:93)
	at io.javalin.Javalin.start(Javalin.java:123)
	at br.com.espacovista.controller.PrintControllerIntegrationTest.setUp(PrintControllerIntegrationTest.java:40)
	at java.base/jdk.internal.reflect.DirectMethodHandleAccessor.invoke(DirectMethodHandleAccessor.java:103)
	at java.base/java.lang.reflect.Method.invoke(Method.java:580)
	at org.junit.platform.commons.util.ReflectionUtils.invokeMethod(ReflectionUtils.java:728)
	at org.junit.jupiter.engine.execution.MethodInvocation.proceed(MethodInvocation.java:60)
	at org.junit.jupiter.engine.execution.InvocationInterceptorChain$ValidatingInvocation.proceed(InvocationInterceptorChain.java:131)
	at org.junit.jupiter.engine.extension.TimeoutExtension.intercept(TimeoutExtension.java:156)
	at org.junit.jupiter.engine.extension.TimeoutExtension.interceptLifecycleMethod(TimeoutExtension.java:128)
	at org.junit.jupiter.engine.extension.TimeoutExtension.interceptBeforeEachMethod(TimeoutExtension.java:78)
	at org.junit.jupiter.engine.execution.InterceptingExecutableInvoker$ReflectiveInterceptorCall.lambda$ofVoidMethod$0(InterceptingExecutableInvoker.java:103)
	at org.junit.jupiter.engine.execution.InterceptingExecutableInvoker.lambda$invoke$0(InterceptingExecutableInvoker.java:93)
	at org.junit.jupiter.engine.execution.InvocationInterceptorChain$InterceptedInvocation.proceed(InvocationInterceptorChain.java:106)
	at org.junit.jupiter.engine.execution.InvocationInterceptorChain.proceed(InvocationInterceptorChain.java:64)
	at org.junit.jupiter.engine.execution.InvocationInterceptorChain.chainAndInvoke(InvocationInterceptorChain.java:45)
	at org.junit.jupiter.engine.execution.InvocationInterceptorChain.invoke(InvocationInterceptorChain.java:37)
	at org.junit.jupiter.engine.execution.InterceptingExecutableInvoker.invoke(InterceptingExecutableInvoker.java:92)
	at org.junit.jupiter.engine.execution.InterceptingExecutableInvoker.invoke(InterceptingExecutableInvoker.java:86)
	at org.junit.jupiter.engine.descriptor.ClassBasedTestDescriptor.invokeMethodInExtensionContext(ClassBasedTestDescriptor.java:521)
	at org.junit.jupiter.engine.descriptor.ClassBasedTestDescriptor.lambda$synthesizeBeforeEachMethodAdapter$23(ClassBasedTestDescriptor.java:506)
	at org.junit.jupiter.engine.descriptor.TestMethodTestDescriptor.lambda$invokeBeforeEachMethods$3(TestMethodTestDescriptor.java:175)
	at org.junit.jupiter.engine.descriptor.TestMethodTestDescriptor.lambda$invokeBeforeMethodsOrCallbacksUntilExceptionOccurs$6(TestMethodTestDescriptor.java:203)
	at org.junit.platform.engine.support.hierarchical.ThrowableCollector.execute(ThrowableCollector.java:73)
	at org.junit.jupiter.engine.descriptor.TestMethodTestDescriptor.invokeBeforeMethodsOrCallbacksUntilExceptionOccurs(TestMethodTestDescriptor.java:203)
	at org.junit.jupiter.engine.descriptor.TestMethodTestDescriptor.invokeBeforeEachMethods(TestMethodTestDescriptor.java:172)
	at org.junit.jupiter.engine.descriptor.TestMethodTestDescriptor.execute(TestMethodTestDescriptor.java:135)
	at org.junit.jupiter.engine.descriptor.TestMethodTestDescriptor.execute(TestMethodTestDescriptor.java:69)
	at org.junit.platform.engine.support.hierarchical.NodeTestTask.lambda$executeRecursively$6(NodeTestTask.java:151)
	at org.junit.platform.engine.support.hierarchical.ThrowableCollector.execute(ThrowableCollector.java:73)
	at org.junit.platform.engine.support.hierarchical.NodeTestTask.lambda$executeRecursively$8(NodeTestTask.java:141)
	at org.junit.platform.engine.support.hierarchical.Node.around(Node.java:137)
	at org.junit.platform.engine.support.hierarchical.NodeTestTask.lambda$executeRecursively$9(NodeTestTask.java:139)
	at org.junit.platform.engine.support.hierarchical.ThrowableCollector.execute(ThrowableCollector.java:73)
	at org.junit.platform.engine.support.hierarchical.NodeTestTask.executeRecursively(NodeTestTask.java:138)
	at org.junit.platform.engine.support.hierarchical.NodeTestTask.execute(NodeTestTask.java:95)
	at java.base/java.util.ArrayList.forEach(ArrayList.java:1596)
	at org.junit.platform.engine.support.hierarchical.SameThreadHierarchicalTestExecutorService.invokeAll(SameThreadHierarchicalTestExecutorService.java:41)
	at org.junit.platform.engine.support.hierarchical.NodeTestTask.lambda$executeRecursively$6(NodeTestTask.java:155)
	at org.junit.platform.engine.support.hierarchical.ThrowableCollector.execute(ThrowableCollector.java:73)
	at org.junit.platform.engine.support.hierarchical.NodeTestTask.lambda$executeRecursively$8(NodeTestTask.java:141)
	at org.junit.platform.engine.support.hierarchical.Node.around(Node.java:137)
	at org.junit.platform.engine.support.hierarchical.NodeTestTask.lambda$executeRecursively$9(NodeTestTask.java:139)
	at org.junit.platform.engine.support.hierarchical.ThrowableCollector.execute(ThrowableCollector.java:73)
	at org.junit.platform.engine.support.hierarchical.NodeTestTask.executeRecursively(NodeTestTask.java:138)
	at org.junit.platform.engine.support.hierarchical.NodeTestTask.execute(NodeTestTask.java:95)
	at java.base/java.util.ArrayList.forEach(ArrayList.java:1596)
	at org.junit.platform.engine.support.hierarchical.SameThreadHierarchicalTestExecutorService.invokeAll(SameThreadHierarchicalTestExecutorService.java:41)
	at org.junit.platform.engine.support.hierarchical.NodeTestTask.lambda$executeRecursively$6(NodeTestTask.java:155)
	at org.junit.platform.engine.support.hierarchical.ThrowableCollector.execute(ThrowableCollector.java:73)
	at org.junit.platform.engine.support.hierarchical.NodeTestTask.lambda$executeRecursively$8(NodeTestTask.java:141)
	at org.junit.platform.engine.support.hierarchical.Node.around(Node.java:137)
	at org.junit.platform.engine.support.hierarchical.NodeTestTask.lambda$executeRecursively$9(NodeTestTask.java:139)
	at org.junit.platform.engine.support.hierarchical.ThrowableCollector.execute(ThrowableCollector.java:73)
	at org.junit.platform.engine.support.hierarchical.NodeTestTask.executeRecursively(NodeTestTask.java:138)
	at org.junit.platform.engine.support.hierarchical.NodeTestTask.execute(NodeTestTask.java:95)
	at org.junit.platform.engine.support.hierarchical.SameThreadHierarchicalTestExecutorService.submit(SameThreadHierarchicalTestExecutorService.java:35)
	at org.junit.platform.engine.support.hierarchical.HierarchicalTestExecutor.execute(HierarchicalTestExecutor.java:57)
	at org.junit.platform.engine.support.hierarchical.HierarchicalTestEngine.execute(HierarchicalTestEngine.java:54)
	at org.junit.platform.launcher.core.EngineExecutionOrchestrator.execute(EngineExecutionOrchestrator.java:198)
	at org.junit.platform.launcher.core.EngineExecutionOrchestrator.execute(EngineExecutionOrchestrator.java:169)
	at org.junit.platform.launcher.core.EngineExecutionOrchestrator.execute(EngineExecutionOrchestrator.java:93)
	at org.junit.platform.launcher.core.EngineExecutionOrchestrator.lambda$execute$0(EngineExecutionOrchestrator.java:58)
	at org.junit.platform.launcher.core.EngineExecutionOrchestrator.withInterceptedStreams(EngineExecutionOrchestrator.java:141)
	at org.junit.platform.launcher.core.EngineExecutionOrchestrator.execute(EngineExecutionOrchestrator.java:57)
	at org.junit.platform.launcher.core.DefaultLauncher.execute(DefaultLauncher.java:103)
	at org.junit.platform.launcher.core.DefaultLauncher.execute(DefaultLauncher.java:85)
	at org.junit.platform.launcher.core.DelegatingLauncher.execute(DelegatingLauncher.java:47)
	at org.apache.maven.surefire.junitplatform.LazyLauncher.execute(LazyLauncher.java:56)
	at org.apache.maven.surefire.junitplatform.JUnitPlatformProvider.execute(JUnitPlatformProvider.java:184)
	at org.apache.maven.surefire.junitplatform.JUnitPlatformProvider.invokeAllTests(JUnitPlatformProvider.java:148)
	at org.apache.maven.surefire.junitplatform.JUnitPlatformProvider.invoke(JUnitPlatformProvider.java:122)
	at org.apache.maven.surefire.booter.ForkedBooter.runSuitesInProcess(ForkedBooter.java:385)
	at org.apache.maven.surefire.booter.ForkedBooter.execute(ForkedBooter.java:162)
	at org.apache.maven.surefire.booter.ForkedBooter.run(ForkedBooter.java:507)
	at org.apache.maven.surefire.booter.ForkedBooter.main(ForkedBooter.java:495)
10:49:16.425 [main] DEBUG org.eclipse.jetty.util.component.ContainerLifeCycle -- ServerConnector@53d13cd4{HTTP/1.1, (http/1.1)}{0.0.0.0:53849} added {sun.nio.ch.ServerSocketChannelImpl[/[0:0:0:0:0:0:0:0]:53849],POJO}
10:49:16.425 [main] DEBUG org.eclipse.jetty.server.handler.AbstractHandler -- starting Server@3722c145{STARTING}[11.0.20,sto=0]
10:49:16.425 [main] DEBUG org.eclipse.jetty.util.component.AbstractLifeCycle -- STARTING QueuedThreadPool[JettyServerThreadPool]@48a0c8aa{STOPPED,8<=0<=250,i=0,r=-1,t=-3199598ms,q=0}[NO_TRY]
10:49:16.425 [main] DEBUG org.eclipse.jetty.util.thread.ReservedThreadExecutor -- ReservedThreadExecutor@44032fde{reserved=0/12,pending=0}
10:49:16.425 [main] DEBUG org.eclipse.jetty.util.component.ContainerLifeCycle -- QueuedThreadPool[JettyServerThreadPool]@48a0c8aa{STARTING,8<=0<=250,i=0,r=-1,t=-3199598ms,q=0}[ReservedThreadExecutor@44032fde{reserved=0/12,pending=0}] added {ReservedThreadExecutor@44032fde{reserved=0/12,pending=0},AUTO}
10:49:16.425 [main] DEBUG org.eclipse.jetty.util.component.AbstractLifeCycle -- STARTING ReservedThreadExecutor@44032fde{reserved=0/12,pending=0}
10:49:16.425 [main] DEBUG org.eclipse.jetty.util.component.AbstractLifeCycle -- STARTED @3631ms ReservedThreadExecutor@44032fde{reserved=0/12,pending=0}
10:49:16.425 [main] DEBUG org.eclipse.jetty.util.thread.QueuedThreadPool -- Starting Thread[#54,JettyServerThreadPool-54,5,main]
10:49:16.425 [main] DEBUG org.eclipse.jetty.util.thread.QueuedThreadPool -- Starting Thread[#55,JettyServerThreadPool-55,5,main]
10:49:16.425 [JettyServerThreadPool-54] DEBUG org.eclipse.jetty.util.thread.QueuedThreadPool -- Runner started for QueuedThreadPool[JettyServerThreadPool]@48a0c8aa{STARTING,8<=2<=250,i=2,r=-1,t=59999ms,q=0}[ReservedThreadExecutor@44032fde{reserved=0/12,pending=0}]
10:49:16.425 [main] DEBUG org.eclipse.jetty.util.thread.QueuedThreadPool -- Starting Thread[#56,JettyServerThreadPool-56,5,main]
10:49:16.425 [main] DEBUG org.eclipse.jetty.util.thread.QueuedThreadPool -- Starting Thread[#57,JettyServerThreadPool-57,5,main]
10:49:16.425 [main] DEBUG org.eclipse.jetty.util.thread.QueuedThreadPool -- Starting Thread[#58,JettyServerThreadPool-58,5,main]
10:49:16.425 [main] DEBUG org.eclipse.jetty.util.thread.QueuedThreadPool -- Starting Thread[#59,JettyServerThreadPool-59,5,main]
10:49:16.425 [JettyServerThreadPool-55] DEBUG org.eclipse.jetty.util.thread.QueuedThreadPool -- Runner started for QueuedThreadPool[JettyServerThreadPool]@48a0c8aa{STARTING,8<=6<=250,i=6,r=-1,t=59999ms,q=0}[ReservedThreadExecutor@44032fde{reserved=0/12,pending=0}]
10:49:16.425 [main] DEBUG org.eclipse.jetty.util.thread.QueuedThreadPool -- Starting Thread[#60,JettyServerThreadPool-60,5,main]
10:49:16.425 [main] DEBUG org.eclipse.jetty.util.thread.QueuedThreadPool -- Starting Thread[#61,JettyServerThreadPool-61,5,main]
10:49:16.425 [JettyServerThreadPool-56] DEBUG org.eclipse.jetty.util.thread.QueuedThreadPool -- Runner started for QueuedThreadPool[JettyServerThreadPool]@48a0c8aa{STARTING,8<=7<=250,i=7,r=-1,t=59999ms,q=0}[ReservedThreadExecutor@44032fde{reserved=0/12,pending=0}]
10:49:16.425 [main] DEBUG org.eclipse.jetty.util.component.AbstractLifeCycle -- STARTED @3633ms QueuedThreadPool[JettyServerThreadPool]@48a0c8aa{STARTED,8<=8<=250,i=8,r=-1,t=59999ms,q=0}[ReservedThreadExecutor@44032fde{reserved=0/12,pending=0}]
10:49:16.425 [main] DEBUG org.eclipse.jetty.util.component.AbstractLifeCycle -- STARTING AttributeContainerMap@4cbc2e3b{size=1}
10:49:16.425 [main] DEBUG org.eclipse.jetty.util.component.AbstractLifeCycle -- STARTED @3633ms AttributeContainerMap@4cbc2e3b{size=1}
10:49:16.425 [main] DEBUG org.eclipse.jetty.util.component.AbstractLifeCycle -- STARTING LowResourceMonitor@2975a9e{STOPPED}
10:49:16.425 [JettyServerThreadPool-58] DEBUG org.eclipse.jetty.util.thread.QueuedThreadPool -- Runner started for QueuedThreadPool[JettyServerThreadPool]@48a0c8aa{STARTED,8<=8<=250,i=8,r=-1,t=59999ms,q=0}[ReservedThreadExecutor@44032fde{reserved=0/12,pending=0}]
10:49:16.425 [main] DEBUG org.eclipse.jetty.util.component.AbstractLifeCycle -- STARTING LRMScheduler@7f93dd4e{STOPPED}
10:49:16.425 [main] DEBUG org.eclipse.jetty.util.component.AbstractLifeCycle -- STARTED @3633ms LRMScheduler@7f93dd4e{STARTED}
10:49:16.425 [JettyServerThreadPool-60] DEBUG org.eclipse.jetty.util.thread.QueuedThreadPool -- Runner started for QueuedThreadPool[JettyServerThreadPool]@48a0c8aa{STARTED,8<=8<=250,i=8,r=-1,t=59999ms,q=0}[ReservedThreadExecutor@44032fde{reserved=0/12,pending=0}]
10:49:16.425 [main] DEBUG org.eclipse.jetty.util.component.AbstractLifeCycle -- STARTED @3633ms LowResourceMonitor@2975a9e{STARTED}
10:49:16.425 [main] DEBUG org.eclipse.jetty.util.component.AbstractLifeCycle -- STARTING StatisticsHandler@765ffb14{STOPPED,r=0,d=0}
10:49:16.425 [main] DEBUG org.eclipse.jetty.server.handler.AbstractHandler -- starting StatisticsHandler@765ffb14{STARTING,r=0,d=0}
10:49:16.425 [JettyServerThreadPool-59] DEBUG org.eclipse.jetty.util.thread.QueuedThreadPool -- Runner started for QueuedThreadPool[JettyServerThreadPool]@48a0c8aa{STARTED,8<=8<=250,i=8,r=-1,t=59999ms,q=0}[ReservedThreadExecutor@44032fde{reserved=0/12,pending=0}]
10:49:16.425 [main] DEBUG org.eclipse.jetty.util.component.AbstractLifeCycle -- STARTING o.e.j.s.ServletContextHandler@57562473{/,null,STOPPED}
10:49:16.425 [main] DEBUG org.eclipse.jetty.util.DecoratedObjectFactory -- Adding Decorator: org.eclipse.jetty.util.DeprecationWarning@12e5da86
10:49:16.425 [JettyServerThreadPool-57] DEBUG org.eclipse.jetty.util.thread.QueuedThreadPool -- Runner started for QueuedThreadPool[JettyServerThreadPool]@48a0c8aa{STARTED,8<=8<=250,i=8,r=-1,t=59999ms,q=0}[ReservedThreadExecutor@44032fde{reserved=0/12,pending=0}]
10:49:16.425 [main] DEBUG org.eclipse.jetty.util.component.AbstractLifeCycle -- STARTING ServletContainerInitializerStarter@4bc33720{STOPPED}
10:49:16.425 [main] DEBUG org.eclipse.jetty.servlet.ServletContextHandler -- Starting SCIs
10:49:16.425 [main] DEBUG org.eclipse.jetty.util.component.AbstractLifeCycle -- STARTING ContainerInitializer{org.eclipse.jetty.websocket.server.config.JettyWebSocketServletContainerInitializer,interested=[],applicable=[],annotated=[]}
10:49:16.425 [main] DEBUG org.eclipse.jetty.util.component.AbstractLifeCycle -- STARTING InflaterPool@6535117e{STOPPED,size=-1,capacity=250}
10:49:16.425 [main] DEBUG org.eclipse.jetty.util.component.ContainerLifeCycle -- InflaterPool@6535117e{STARTING,size=0,capacity=250} added {Pool@1d1cbd0f[inUse=0,size=0,max=250,closed=false],POJO}
10:49:16.425 [main] DEBUG org.eclipse.jetty.util.component.AbstractLifeCycle -- STARTED @3633ms InflaterPool@6535117e{STARTED,size=0,capacity=250}
10:49:16.425 [main] DEBUG org.eclipse.jetty.util.component.ContainerLifeCycle -- Server@3722c145{STARTING}[11.0.20,sto=0] added {InflaterPool@6535117e{STARTED,size=0,capacity=250},MANAGED}
10:49:16.425 [JettyServerThreadPool-61] DEBUG org.eclipse.jetty.util.thread.QueuedThreadPool -- Runner started for QueuedThreadPool[JettyServerThreadPool]@48a0c8aa{STARTED,8<=8<=250,i=8,r=-1,t=59999ms,q=0}[ReservedThreadExecutor@44032fde{reserved=0/12,pending=0}]
10:49:16.425 [main] DEBUG org.eclipse.jetty.util.component.AbstractLifeCycle -- STARTING DeflaterPool@6fa13e6{STOPPED,size=-1,capacity=250}
10:49:16.425 [main] DEBUG org.eclipse.jetty.util.component.ContainerLifeCycle -- DeflaterPool@6fa13e6{STARTING,size=0,capacity=250} added {Pool@3af7d855[inUse=0,size=0,max=250,closed=false],POJO}
10:49:16.425 [main] DEBUG org.eclipse.jetty.util.component.AbstractLifeCycle -- STARTED @3633ms DeflaterPool@6fa13e6{STARTED,size=0,capacity=250}
10:49:16.425 [main] DEBUG org.eclipse.jetty.util.component.ContainerLifeCycle -- Server@3722c145{STARTING}[11.0.20,sto=0] added {DeflaterPool@6fa13e6{STARTED,size=0,capacity=250},MANAGED}
10:49:16.430 [main] DEBUG org.eclipse.jetty.util.component.ContainerLifeCycle -- WebSocketServerComponents@446626a7{STOPPED} added {InflaterPool@6535117e{STARTED,size=0,capacity=250},UNMANAGED}
10:49:16.430 [main] DEBUG org.eclipse.jetty.util.component.ContainerLifeCycle -- WebSocketServerComponents@446626a7{STOPPED} added {DeflaterPool@6fa13e6{STARTED,size=0,capacity=250},UNMANAGED}
10:49:16.430 [main] DEBUG org.eclipse.jetty.util.component.ContainerLifeCycle -- WebSocketServerComponents@446626a7{STOPPED} added {LogarithmicArrayByteBufferPool@480ad82c{minBufferCapacity=0, maxBufferCapacity=65536, maxQueueLength=-1, factor=4096},POJO}
10:49:16.430 [main] DEBUG org.eclipse.jetty.util.component.ContainerLifeCycle -- WebSocketServerComponents@446626a7{STOPPED} added {org.eclipse.jetty.websocket.core.WebSocketExtensionRegistry@429f7919,POJO}
10:49:16.430 [main] DEBUG org.eclipse.jetty.util.component.ContainerLifeCycle -- WebSocketServerComponents@446626a7{STOPPED} added {org.eclipse.jetty.util.DecoratedObjectFactory[decorators=1],POJO}
10:49:16.430 [main] DEBUG org.eclipse.jetty.util.component.ContainerLifeCycle -- WebSocketServerComponents@446626a7{STOPPED} added {QueuedThreadPool[JettyServerThreadPool]@48a0c8aa{STARTED,8<=8<=250,i=8,r=-1,t=59997ms,q=0}[ReservedThreadExecutor@44032fde{reserved=0/12,pending=0}],UNMANAGED}
10:49:16.430 [main] DEBUG org.eclipse.jetty.util.component.ContainerLifeCycle -- o.e.j.s.ServletContextHandler@57562473{/,null,STARTING} added {WebSocketServerComponents@446626a7{STOPPED},MANAGED}
10:49:16.430 [main] DEBUG org.eclipse.jetty.util.component.AbstractLifeCycle -- STARTING WebSocketServerComponents@446626a7{STOPPED}
10:49:16.430 [main] DEBUG org.eclipse.jetty.util.component.AbstractLifeCycle -- STARTED @3635ms WebSocketServerComponents@446626a7{STARTED}
10:49:16.430 [main] DEBUG org.eclipse.jetty.util.component.ContainerLifeCycle -- o.e.j.s.ServletContextHandler@57562473{/,null,STARTING} added {WebSocketServerComponentsCleanupListener,POJO}
10:49:16.430 [main] DEBUG org.eclipse.jetty.util.component.ContainerLifeCycle -- JettyWebSocketServerContainer@cda6019{STOPPED} added {JettyServerFrameHandlerFactory@797c3c3b{STOPPED},AUTO}
10:49:16.430 [main] DEBUG org.eclipse.jetty.util.component.ContainerLifeCycle -- JettyWebSocketServerContainer@cda6019{STOPPED} added {SessionTracker@4012d5bc{STOPPED},AUTO}
10:49:16.430 [main] DEBUG org.eclipse.jetty.util.component.ContainerLifeCycle -- o.e.j.s.ServletContextHandler@57562473{/,null,STARTING} added {JettyWebSocketServerContainer@cda6019{STOPPED},MANAGED}
10:49:16.430 [main] DEBUG org.eclipse.jetty.util.component.AbstractLifeCycle -- STARTING JettyWebSocketServerContainer@cda6019{STOPPED}
10:49:16.430 [main] DEBUG org.eclipse.jetty.util.component.AbstractLifeCycle -- STARTING JettyServerFrameHandlerFactory@797c3c3b{STOPPED}
10:49:16.430 [main] DEBUG org.eclipse.jetty.util.component.AbstractLifeCycle -- STARTED @3636ms JettyServerFrameHandlerFactory@797c3c3b{STARTED}
10:49:16.432 [main] DEBUG org.eclipse.jetty.util.component.AbstractLifeCycle -- STARTING SessionTracker@4012d5bc{STOPPED}
10:49:16.432 [main] DEBUG org.eclipse.jetty.util.component.AbstractLifeCycle -- STARTED @3636ms SessionTracker@4012d5bc{STARTED}
10:49:16.432 [main] DEBUG org.eclipse.jetty.util.component.AbstractLifeCycle -- STARTED @3636ms JettyWebSocketServerContainer@cda6019{STARTED}
10:49:16.432 [main] DEBUG org.eclipse.jetty.util.component.ContainerLifeCycle -- o.e.j.s.ServletContextHandler@57562473{/,null,STARTING} added {JettyWebSocketServerContainerCleanupListener,POJO}
10:49:16.432 [main] DEBUG org.eclipse.jetty.websocket.server.config.JettyWebSocketServletContainerInitializer -- initialize JettyWebSocketServerContainer@cda6019{STARTED} WebSocketServerComponents@446626a7{STARTED}
10:49:16.432 [main] DEBUG org.eclipse.jetty.websocket.server.config.JettyWebSocketServletContainerInitializer -- onStartup JettyWebSocketServerContainer@cda6019{STARTED}
10:49:16.432 [main] DEBUG org.eclipse.jetty.servlet.ServletContainerInitializerHolder -- ServletContainerInitializer org.eclipse.jetty.websocket.server.config.JettyWebSocketServletContainerInitializer called in 2ms
10:49:16.432 [main] DEBUG org.eclipse.jetty.util.component.AbstractLifeCycle -- STARTED @3636ms ContainerInitializer{org.eclipse.jetty.websocket.server.config.JettyWebSocketServletContainerInitializer,interested=[],applicable=[],annotated=[]}
10:49:16.432 [main] DEBUG org.eclipse.jetty.util.component.AbstractLifeCycle -- STARTED @3636ms ServletContainerInitializerStarter@4bc33720{STARTED}
10:49:16.432 [main] DEBUG org.eclipse.jetty.server.handler.AbstractHandler -- starting o.e.j.s.ServletContextHandler@57562473{/,null,STARTING}
10:49:16.432 [main] DEBUG org.eclipse.jetty.util.component.AbstractLifeCycle -- STARTING org.eclipse.jetty.server.session.SessionHandler1249890505==dftMaxIdleSec=-1
10:49:16.432 [main] DEBUG org.eclipse.jetty.util.component.ContainerLifeCycle -- org.eclipse.jetty.server.session.SessionHandler1249890505==dftMaxIdleSec=-1 added {org.eclipse.jetty.server.session.DefaultSessionCache@1cf0cacc[evict=-1,removeUnloadable=false,saveOnCreate=false,saveOnInactiveEvict=false],AUTO}
10:49:16.432 [main] DEBUG org.eclipse.jetty.util.component.ContainerLifeCycle -- org.eclipse.jetty.server.session.DefaultSessionCache@1cf0cacc[evict=-1,removeUnloadable=false,saveOnCreate=false,saveOnInactiveEvict=false] added {org.eclipse.jetty.server.session.NullSessionDataStore@4f5b08d[passivating=false,graceSec=3600],AUTO}
10:49:16.432 [main] DEBUG org.eclipse.jetty.util.component.AbstractLifeCycle -- STARTING DefaultSessionIdManager@529c2a9a{STOPPED}[worker=null]
10:49:16.432 [main] DEBUG org.eclipse.jetty.util.component.ContainerLifeCycle -- DefaultSessionIdManager@529c2a9a{STARTING}[worker=node0] added {HouseKeeper@3c87fdf2{STOPPED}[interval=600000, ownscheduler=false],MANAGED}
10:49:16.432 [main] INFO org.eclipse.jetty.server.session.DefaultSessionIdManager -- Session workerName=node0
10:49:16.432 [main] DEBUG org.eclipse.jetty.util.component.AbstractLifeCycle -- STARTING HouseKeeper@3c87fdf2{STOPPED}[interval=600000, ownscheduler=false]
10:49:16.432 [main] DEBUG org.eclipse.jetty.util.component.AbstractLifeCycle -- STARTING ScheduledExecutorScheduler@26bbe604{STOPPED}
10:49:16.432 [main] DEBUG org.eclipse.jetty.util.component.AbstractLifeCycle -- STARTED @3637ms ScheduledExecutorScheduler@26bbe604{STARTED}
10:49:16.432 [main] DEBUG org.eclipse.jetty.server.session.HouseKeeper -- node0 using own scheduler for scavenging
10:49:16.432 [main] DEBUG org.eclipse.jetty.server.session.HouseKeeper -- node0 scavenging every 660000ms
10:49:16.432 [main] DEBUG org.eclipse.jetty.util.component.AbstractLifeCycle -- STARTED @3637ms HouseKeeper@3c87fdf2{STARTED}[interval=660000, ownscheduler=true]
10:49:16.432 [main] DEBUG org.eclipse.jetty.util.component.AbstractLifeCycle -- STARTED @3637ms DefaultSessionIdManager@529c2a9a{STARTED}[worker=node0]
10:49:16.432 [main] DEBUG org.eclipse.jetty.util.component.ContainerLifeCycle -- Server@3722c145{STARTING}[11.0.20,sto=0] added {DefaultSessionIdManager@529c2a9a{STARTED}[worker=node0],MANAGED}
10:49:16.432 [main] DEBUG org.eclipse.jetty.util.component.ContainerLifeCycle -- org.eclipse.jetty.server.session.SessionHandler1249890505==dftMaxIdleSec=-1 added {DefaultSessionIdManager@529c2a9a{STARTED}[worker=node0],UNMANAGED}
10:49:16.432 [main] DEBUG org.eclipse.jetty.util.component.AbstractLifeCycle -- STARTING ScheduledExecutorScheduler@4601203a{STOPPED}
10:49:16.432 [main] DEBUG org.eclipse.jetty.util.component.AbstractLifeCycle -- STARTED @3637ms ScheduledExecutorScheduler@4601203a{STARTED}
10:49:16.432 [main] DEBUG org.eclipse.jetty.server.handler.AbstractHandler -- starting org.eclipse.jetty.server.session.SessionHandler1249890505==dftMaxIdleSec=-1
10:49:16.432 [main] DEBUG org.eclipse.jetty.util.component.AbstractLifeCycle -- STARTING ServletHandler@424de326{STOPPED}
10:49:16.432 [main] DEBUG org.eclipse.jetty.servlet.ServletHandler -- Path=/*[EMBEDDED:null] mapped to servlet=io.javalin.jetty.JavalinJettyServlet-18578491[EMBEDDED:null]
10:49:16.432 [main] DEBUG org.eclipse.jetty.http.pathmap.ServletPathSpec -- Creating ServletPathSpec[/*] (group: PREFIX_GLOB, prefix: "", suffix: "null")
10:49:16.432 [main] DEBUG org.eclipse.jetty.http.pathmap.PathMappings -- Added MappedResource[pathSpec=ServletPathSpec@9457a78e{/*},resource=MappedServlet80bfa9d{/*->io.javalin.jetty.JavalinJettyServlet-18578491==io.javalin.jetty.JavalinJettyServlet@229c054b{jsp=null,order=-1,inst=false,async=true,src=EMBEDDED:null,STOPPED}}] to PathMappings[size=1]
10:49:16.432 [main] DEBUG org.eclipse.jetty.servlet.ServletHandler -- filterNameMap={} pathFilters=[] servletFilterMap={} servletPathMap=PathMappings[size=1] servletNameMap={io.javalin.jetty.JavalinJettyServlet-18578491=MappedServlet47c40b56{null->io.javalin.jetty.JavalinJettyServlet-18578491==io.javalin.jetty.JavalinJettyServlet@229c054b{jsp=null,order=-1,inst=false,async=true,src=EMBEDDED:null,STOPPED}}}
10:49:16.432 [main] DEBUG org.eclipse.jetty.servlet.ServletHandler -- Adding Default404Servlet to ServletHandler@424de326{STARTING}
10:49:16.432 [main] DEBUG org.eclipse.jetty.util.component.ContainerLifeCycle -- ServletHandler@424de326{STARTING} added {org.eclipse.jetty.servlet.ServletHandler$Default404Servlet-4b039c6d==org.eclipse.jetty.servlet.ServletHandler$Default404Servlet@bdb45fd{jsp=null,order=-1,inst=false,async=true,src=EMBEDDED:null,STOPPED},AUTO}
10:49:16.432 [main] DEBUG org.eclipse.jetty.util.component.ContainerLifeCycle -- ServletHandler@424de326{STARTING} added {[/]=>org.eclipse.jetty.servlet.ServletHandler$Default404Servlet-4b039c6d,POJO}
10:49:16.432 [main] DEBUG org.eclipse.jetty.servlet.ServletHandler -- Path=/*[EMBEDDED:null] mapped to servlet=io.javalin.jetty.JavalinJettyServlet-18578491[EMBEDDED:null]
10:49:16.432 [main] DEBUG org.eclipse.jetty.http.pathmap.ServletPathSpec -- Creating ServletPathSpec[/*] (group: PREFIX_GLOB, prefix: "", suffix: "null")
10:49:16.432 [main] DEBUG org.eclipse.jetty.http.pathmap.PathMappings -- Added MappedResource[pathSpec=ServletPathSpec@9457a78e{/*},resource=MappedServlet37045b48{/*->io.javalin.jetty.JavalinJettyServlet-18578491==io.javalin.jetty.JavalinJettyServlet@229c054b{jsp=null,order=-1,inst=false,async=true,src=EMBEDDED:null,STOPPED}}] to PathMappings[size=1]
10:49:16.432 [main] DEBUG org.eclipse.jetty.servlet.ServletHandler -- Path=/[EMBEDDED:null] mapped to servlet=org.eclipse.jetty.servlet.ServletHandler$Default404Servlet-4b039c6d[EMBEDDED:null]
10:49:16.432 [main] DEBUG org.eclipse.jetty.http.pathmap.PathMappings -- Added MappedResource[pathSpec=ServletPathSpec@9457dcb7{/},resource=MappedServlet60b34931{/->org.eclipse.jetty.servlet.ServletHandler$Default404Servlet-4b039c6d==org.eclipse.jetty.servlet.ServletHandler$Default404Servlet@bdb45fd{jsp=null,order=-1,inst=false,async=true,src=EMBEDDED:null,STOPPED}}] to PathMappings[size=2]
10:49:16.432 [main] DEBUG org.eclipse.jetty.servlet.ServletHandler -- filterNameMap={} pathFilters=[] servletFilterMap={} servletPathMap=PathMappings[size=2] servletNameMap={org.eclipse.jetty.servlet.ServletHandler$Default404Servlet-4b039c6d=MappedServlet4aa21f9d{null->org.eclipse.jetty.servlet.ServletHandler$Default404Servlet-4b039c6d==org.eclipse.jetty.servlet.ServletHandler$Default404Servlet@bdb45fd{jsp=null,order=-1,inst=false,async=true,src=EMBEDDED:null,STOPPED}}, io.javalin.jetty.JavalinJettyServlet-18578491=MappedServlet71c17a57{null->io.javalin.jetty.JavalinJettyServlet-18578491==io.javalin.jetty.JavalinJettyServlet@229c054b{jsp=null,order=-1,inst=false,async=true,src=EMBEDDED:null,STOPPED}}}
10:49:16.432 [main] DEBUG org.eclipse.jetty.servlet.ServletHandler -- Path=/*[EMBEDDED:null] mapped to servlet=io.javalin.jetty.JavalinJettyServlet-18578491[EMBEDDED:null]
10:49:16.432 [main] DEBUG org.eclipse.jetty.http.pathmap.ServletPathSpec -- Creating ServletPathSpec[/*] (group: PREFIX_GLOB, prefix: "", suffix: "null")
10:49:16.432 [main] DEBUG org.eclipse.jetty.http.pathmap.PathMappings -- Added MappedResource[pathSpec=ServletPathSpec@9457a78e{/*},resource=MappedServlet640ab13c{/*->io.javalin.jetty.JavalinJettyServlet-18578491==io.javalin.jetty.JavalinJettyServlet@229c054b{jsp=null,order=-1,inst=false,async=true,src=EMBEDDED:null,STOPPED}}] to PathMappings[size=1]
10:49:16.432 [main] DEBUG org.eclipse.jetty.servlet.ServletHandler -- Path=/[EMBEDDED:null] mapped to servlet=org.eclipse.jetty.servlet.ServletHandler$Default404Servlet-4b039c6d[EMBEDDED:null]
10:49:16.432 [main] DEBUG org.eclipse.jetty.http.pathmap.PathMappings -- Added MappedResource[pathSpec=ServletPathSpec@9457dcb7{/},resource=MappedServlet1e0a864d{/->org.eclipse.jetty.servlet.ServletHandler$Default404Servlet-4b039c6d==org.eclipse.jetty.servlet.ServletHandler$Default404Servlet@bdb45fd{jsp=null,order=-1,inst=false,async=true,src=EMBEDDED:null,STOPPED}}] to PathMappings[size=2]
10:49:16.432 [main] DEBUG org.eclipse.jetty.servlet.ServletHandler -- filterNameMap={} pathFilters=[] servletFilterMap={} servletPathMap=PathMappings[size=2] servletNameMap={org.eclipse.jetty.servlet.ServletHandler$Default404Servlet-4b039c6d=MappedServlet4aa21f9d{null->org.eclipse.jetty.servlet.ServletHandler$Default404Servlet-4b039c6d==org.eclipse.jetty.servlet.ServletHandler$Default404Servlet@bdb45fd{jsp=null,order=-1,inst=false,async=true,src=EMBEDDED:null,STOPPED}}, io.javalin.jetty.JavalinJettyServlet-18578491=MappedServlet71c17a57{null->io.javalin.jetty.JavalinJettyServlet-18578491==io.javalin.jetty.JavalinJettyServlet@229c054b{jsp=null,order=-1,inst=false,async=true,src=EMBEDDED:null,STOPPED}}}
10:49:16.432 [main] DEBUG org.eclipse.jetty.server.handler.AbstractHandler -- starting ServletHandler@424de326{STARTING}
10:49:16.432 [main] DEBUG org.eclipse.jetty.util.component.AbstractLifeCycle -- STARTED @3639ms ServletHandler@424de326{STARTED}
10:49:16.432 [main] DEBUG org.eclipse.jetty.util.component.AbstractLifeCycle -- STARTING org.eclipse.jetty.server.session.DefaultSessionCache@1cf0cacc[evict=-1,removeUnloadable=false,saveOnCreate=false,saveOnInactiveEvict=false]
10:49:16.432 [main] DEBUG org.eclipse.jetty.util.component.AbstractLifeCycle -- STARTING org.eclipse.jetty.server.session.NullSessionDataStore@4f5b08d[passivating=false,graceSec=3600]
10:49:16.432 [main] DEBUG org.eclipse.jetty.util.component.AbstractLifeCycle -- STARTED @3639ms org.eclipse.jetty.server.session.NullSessionDataStore@4f5b08d[passivating=false,graceSec=3600]
10:49:16.432 [main] DEBUG org.eclipse.jetty.util.component.AbstractLifeCycle -- STARTED @3639ms org.eclipse.jetty.server.session.DefaultSessionCache@1cf0cacc[evict=-1,removeUnloadable=false,saveOnCreate=false,saveOnInactiveEvict=false]
10:49:16.432 [main] DEBUG org.eclipse.jetty.util.component.AbstractLifeCycle -- STARTED @3639ms org.eclipse.jetty.server.session.SessionHandler1249890505==dftMaxIdleSec=-1
10:49:16.432 [main] DEBUG org.eclipse.jetty.util.component.AbstractLifeCycle -- STARTING io.javalin.jetty.JavalinJettyServlet-18578491==io.javalin.jetty.JavalinJettyServlet@229c054b{jsp=null,order=-1,inst=false,async=true,src=EMBEDDED:null,STOPPED}
10:49:16.432 [main] DEBUG org.eclipse.jetty.util.component.AbstractLifeCycle -- STARTED @3639ms io.javalin.jetty.JavalinJettyServlet-18578491==io.javalin.jetty.JavalinJettyServlet@229c054b{jsp=null,order=-1,inst=false,async=true,src=EMBEDDED:null,STARTED}
10:49:16.432 [main] DEBUG org.eclipse.jetty.servlet.ServletHolder -- Servlet.init null for io.javalin.jetty.JavalinJettyServlet-18578491
10:49:16.432 [main] DEBUG org.eclipse.jetty.http.pathmap.PathMappings -- Added MappedResource[pathSpec=ServletPathSpec@9457dcb7{/},resource=CreatorNegotiator@440e3ce6{org.eclipse.jetty.websocket.server.JettyWebSocketServlet$WrappedJettyCreator@3e67f5f2,JettyServerFrameHandlerFactory@797c3c3b{STARTED}}] to PathMappings[size=1]
10:49:16.432 [main] DEBUG org.eclipse.jetty.util.component.AbstractLifeCycle -- STARTING org.eclipse.jetty.servlet.ServletHandler$Default404Servlet-4b039c6d==org.eclipse.jetty.servlet.ServletHandler$Default404Servlet@bdb45fd{jsp=null,order=-1,inst=false,async=true,src=EMBEDDED:null,STOPPED}
10:49:16.432 [main] DEBUG org.eclipse.jetty.util.component.AbstractLifeCycle -- STARTED @3639ms org.eclipse.jetty.servlet.ServletHandler$Default404Servlet-4b039c6d==org.eclipse.jetty.servlet.ServletHandler$Default404Servlet@bdb45fd{jsp=null,order=-1,inst=false,async=true,src=EMBEDDED:null,STARTED}
10:49:16.432 [main] INFO org.eclipse.jetty.server.handler.ContextHandler -- Started o.e.j.s.ServletContextHandler@57562473{/,null,AVAILABLE}
10:49:16.432 [main] DEBUG org.eclipse.jetty.util.component.AbstractLifeCycle -- STARTED @3639ms o.e.j.s.ServletContextHandler@57562473{/,null,AVAILABLE}
10:49:16.432 [main] DEBUG org.eclipse.jetty.util.component.AbstractLifeCycle -- STARTED @3639ms StatisticsHandler@765ffb14{STARTED,r=0,d=0}
10:49:16.432 [main] DEBUG org.eclipse.jetty.util.component.AbstractLifeCycle -- STARTING ErrorHandler@52ff99cd{STOPPED}
10:49:16.432 [main] DEBUG org.eclipse.jetty.server.handler.AbstractHandler -- starting ErrorHandler@52ff99cd{STARTING}
10:49:16.432 [main] DEBUG org.eclipse.jetty.util.component.AbstractLifeCycle -- STARTED @3639ms ErrorHandler@52ff99cd{STARTED}
10:49:16.432 [main] DEBUG org.eclipse.jetty.util.component.AbstractLifeCycle -- STARTING ServerConnector@53d13cd4{HTTP/1.1, (http/1.1)}{0.0.0.0:53849}
10:49:16.432 [main] DEBUG org.eclipse.jetty.util.component.AbstractLifeCycle -- STARTING ScheduledExecutorScheduler@77865933{STOPPED}
10:49:16.432 [main] DEBUG org.eclipse.jetty.util.component.AbstractLifeCycle -- STARTED @3639ms ScheduledExecutorScheduler@77865933{STARTED}
10:49:16.432 [main] DEBUG org.eclipse.jetty.util.component.AbstractLifeCycle -- STARTING HttpConnectionFactory@3291b443[HTTP/1.1]
10:49:16.432 [main] DEBUG org.eclipse.jetty.util.component.AbstractLifeCycle -- STARTED @3639ms HttpConnectionFactory@3291b443[HTTP/1.1]
10:49:16.432 [main] DEBUG org.eclipse.jetty.util.component.AbstractLifeCycle -- STARTING SelectorManager@ServerConnector@53d13cd4{HTTP/1.1, (http/1.1)}{0.0.0.0:53849}
10:49:16.432 [main] DEBUG org.eclipse.jetty.util.component.ContainerLifeCycle -- AdaptiveExecutionStrategy@57435801/SelectorProducer@2da66a44/IDLE/p=false/QueuedThreadPool[JettyServerThreadPool]@48a0c8aa{STARTED,8<=8<=250,i=8,r=-1,t=59992ms,q=0}[ReservedThreadExecutor@44032fde{reserved=0/12,pending=0}][pc=0,pic=0,pec=0,epc=0]@2025-08-11T10:49:16.4321174-03:00 added {SelectorProducer@2da66a44,POJO}
10:49:16.432 [main] DEBUG org.eclipse.jetty.util.component.ContainerLifeCycle -- AdaptiveExecutionStrategy@57435801/SelectorProducer@2da66a44/IDLE/p=false/QueuedThreadPool[JettyServerThreadPool]@48a0c8aa{STARTED,8<=8<=250,i=8,r=-1,t=59992ms,q=0}[ReservedThreadExecutor@44032fde{reserved=0/12,pending=0}][pc=0,pic=0,pec=0,epc=0]@2025-08-11T10:49:16.4321174-03:00 added {QueuedThreadPool[JettyServerThreadPool]@48a0c8aa{STARTED,8<=8<=250,i=8,r=-1,t=59992ms,q=0}[ReservedThreadExecutor@44032fde{reserved=0/12,pending=0}],UNMANAGED}
10:49:16.432 [main] DEBUG org.eclipse.jetty.util.thread.strategy.AdaptiveExecutionStrategy -- AdaptiveExecutionStrategy@57435801/SelectorProducer@2da66a44/IDLE/p=false/QueuedThreadPool[JettyServerThreadPool]@48a0c8aa{STARTED,8<=8<=250,i=8,r=-1,t=59992ms,q=0}[ReservedThreadExecutor@44032fde{reserved=0/12,pending=0}][pc=0,pic=0,pec=0,epc=0]@2025-08-11T10:49:16.4321174-03:00 created
10:49:16.432 [main] DEBUG org.eclipse.jetty.util.component.ContainerLifeCycle -- ManagedSelector@527fc8e{STOPPED} id=0 keys=-1 selected=-1 updates=0 added {AdaptiveExecutionStrategy@57435801/SelectorProducer@2da66a44/IDLE/p=false/QueuedThreadPool[JettyServerThreadPool]@48a0c8aa{STARTED,8<=8<=250,i=8,r=-1,t=59992ms,q=0}[ReservedThreadExecutor@44032fde{reserved=0/12,pending=0}][pc=0,pic=0,pec=0,epc=0]@2025-08-11T10:49:16.4321174-03:00,MANAGED}
10:49:16.432 [main] DEBUG org.eclipse.jetty.util.component.ContainerLifeCycle -- SelectorManager@ServerConnector@53d13cd4{HTTP/1.1, (http/1.1)}{0.0.0.0:53849} added {ManagedSelector@527fc8e{STOPPED} id=0 keys=-1 selected=-1 updates=0,AUTO}
10:49:16.432 [main] DEBUG org.eclipse.jetty.util.component.ContainerLifeCycle -- AdaptiveExecutionStrategy@61bfc9bf/SelectorProducer@2c7106d9/IDLE/p=false/QueuedThreadPool[JettyServerThreadPool]@48a0c8aa{STARTED,8<=8<=250,i=8,r=-1,t=59992ms,q=0}[ReservedThreadExecutor@44032fde{reserved=0/12,pending=0}][pc=0,pic=0,pec=0,epc=0]@2025-08-11T10:49:16.4321174-03:00 added {SelectorProducer@2c7106d9,POJO}
10:49:16.432 [main] DEBUG org.eclipse.jetty.util.component.ContainerLifeCycle -- AdaptiveExecutionStrategy@61bfc9bf/SelectorProducer@2c7106d9/IDLE/p=false/QueuedThreadPool[JettyServerThreadPool]@48a0c8aa{STARTED,8<=8<=250,i=8,r=-1,t=59992ms,q=0}[ReservedThreadExecutor@44032fde{reserved=0/12,pending=0}][pc=0,pic=0,pec=0,epc=0]@2025-08-11T10:49:16.4321174-03:00 added {QueuedThreadPool[JettyServerThreadPool]@48a0c8aa{STARTED,8<=8<=250,i=8,r=-1,t=59992ms,q=0}[ReservedThreadExecutor@44032fde{reserved=0/12,pending=0}],UNMANAGED}
10:49:16.432 [main] DEBUG org.eclipse.jetty.util.thread.strategy.AdaptiveExecutionStrategy -- AdaptiveExecutionStrategy@61bfc9bf/SelectorProducer@2c7106d9/IDLE/p=false/QueuedThreadPool[JettyServerThreadPool]@48a0c8aa{STARTED,8<=8<=250,i=8,r=-1,t=59992ms,q=0}[ReservedThreadExecutor@44032fde{reserved=0/12,pending=0}][pc=0,pic=0,pec=0,epc=0]@2025-08-11T10:49:16.4321174-03:00 created
10:49:16.432 [main] DEBUG org.eclipse.jetty.util.component.ContainerLifeCycle -- ManagedSelector@329bad59{STOPPED} id=1 keys=-1 selected=-1 updates=0 added {AdaptiveExecutionStrategy@61bfc9bf/SelectorProducer@2c7106d9/IDLE/p=false/QueuedThreadPool[JettyServerThreadPool]@48a0c8aa{STARTED,8<=8<=250,i=8,r=-1,t=59992ms,q=0}[ReservedThreadExecutor@44032fde{reserved=0/12,pending=0}][pc=0,pic=0,pec=0,epc=0]@2025-08-11T10:49:16.4321174-03:00,MANAGED}
10:49:16.432 [main] DEBUG org.eclipse.jetty.util.component.ContainerLifeCycle -- SelectorManager@ServerConnector@53d13cd4{HTTP/1.1, (http/1.1)}{0.0.0.0:53849} added {ManagedSelector@329bad59{STOPPED} id=1 keys=-1 selected=-1 updates=0,AUTO}
10:49:16.432 [main] DEBUG org.eclipse.jetty.util.component.ContainerLifeCycle -- AdaptiveExecutionStrategy@862f408/SelectorProducer@178f268a/IDLE/p=false/QueuedThreadPool[JettyServerThreadPool]@48a0c8aa{STARTED,8<=8<=250,i=8,r=-1,t=59992ms,q=0}[ReservedThreadExecutor@44032fde{reserved=0/12,pending=0}][pc=0,pic=0,pec=0,epc=0]@2025-08-11T10:49:16.4321174-03:00 added {SelectorProducer@178f268a,POJO}
10:49:16.432 [main] DEBUG org.eclipse.jetty.util.component.ContainerLifeCycle -- AdaptiveExecutionStrategy@862f408/SelectorProducer@178f268a/IDLE/p=false/QueuedThreadPool[JettyServerThreadPool]@48a0c8aa{STARTED,8<=8<=250,i=8,r=-1,t=59992ms,q=0}[ReservedThreadExecutor@44032fde{reserved=0/12,pending=0}][pc=0,pic=0,pec=0,epc=0]@2025-08-11T10:49:16.4321174-03:00 added {QueuedThreadPool[JettyServerThreadPool]@48a0c8aa{STARTED,8<=8<=250,i=8,r=-1,t=59992ms,q=0}[ReservedThreadExecutor@44032fde{reserved=0/12,pending=0}],UNMANAGED}
10:49:16.432 [main] DEBUG org.eclipse.jetty.util.thread.strategy.AdaptiveExecutionStrategy -- AdaptiveExecutionStrategy@862f408/SelectorProducer@178f268a/IDLE/p=false/QueuedThreadPool[JettyServerThreadPool]@48a0c8aa{STARTED,8<=8<=250,i=8,r=-1,t=59992ms,q=0}[ReservedThreadExecutor@44032fde{reserved=0/12,pending=0}][pc=0,pic=0,pec=0,epc=0]@2025-08-11T10:49:16.4321174-03:00 created
10:49:16.432 [main] DEBUG org.eclipse.jetty.util.component.ContainerLifeCycle -- ManagedSelector@33ecbd6c{STOPPED} id=2 keys=-1 selected=-1 updates=0 added {AdaptiveExecutionStrategy@862f408/SelectorProducer@178f268a/IDLE/p=false/QueuedThreadPool[JettyServerThreadPool]@48a0c8aa{STARTED,8<=8<=250,i=8,r=-1,t=59992ms,q=0}[ReservedThreadExecutor@44032fde{reserved=0/12,pending=0}][pc=0,pic=0,pec=0,epc=0]@2025-08-11T10:49:16.4321174-03:00,MANAGED}
10:49:16.432 [main] DEBUG org.eclipse.jetty.util.component.ContainerLifeCycle -- SelectorManager@ServerConnector@53d13cd4{HTTP/1.1, (http/1.1)}{0.0.0.0:53849} added {ManagedSelector@33ecbd6c{STOPPED} id=2 keys=-1 selected=-1 updates=0,AUTO}
10:49:16.432 [main] DEBUG org.eclipse.jetty.util.component.ContainerLifeCycle -- AdaptiveExecutionStrategy@5c723f2d/SelectorProducer@432f521f/IDLE/p=false/QueuedThreadPool[JettyServerThreadPool]@48a0c8aa{STARTED,8<=8<=250,i=8,r=-1,t=59992ms,q=0}[ReservedThreadExecutor@44032fde{reserved=0/12,pending=0}][pc=0,pic=0,pec=0,epc=0]@2025-08-11T10:49:16.4321174-03:00 added {SelectorProducer@432f521f,POJO}
10:49:16.432 [main] DEBUG org.eclipse.jetty.util.component.ContainerLifeCycle -- AdaptiveExecutionStrategy@5c723f2d/SelectorProducer@432f521f/IDLE/p=false/QueuedThreadPool[JettyServerThreadPool]@48a0c8aa{STARTED,8<=8<=250,i=8,r=-1,t=59991ms,q=0}[ReservedThreadExecutor@44032fde{reserved=0/12,pending=0}][pc=0,pic=0,pec=0,epc=0]@2025-08-11T10:49:16.4321174-03:00 added {QueuedThreadPool[JettyServerThreadPool]@48a0c8aa{STARTED,8<=8<=250,i=8,r=-1,t=59991ms,q=0}[ReservedThreadExecutor@44032fde{reserved=0/12,pending=0}],UNMANAGED}
10:49:16.432 [main] DEBUG org.eclipse.jetty.util.thread.strategy.AdaptiveExecutionStrategy -- AdaptiveExecutionStrategy@5c723f2d/SelectorProducer@432f521f/IDLE/p=false/QueuedThreadPool[JettyServerThreadPool]@48a0c8aa{STARTED,8<=8<=250,i=8,r=-1,t=59991ms,q=0}[ReservedThreadExecutor@44032fde{reserved=0/12,pending=0}][pc=0,pic=0,pec=0,epc=0]@2025-08-11T10:49:16.4321174-03:00 created
10:49:16.432 [main] DEBUG org.eclipse.jetty.util.component.ContainerLifeCycle -- ManagedSelector@2d7a9786{STOPPED} id=3 keys=-1 selected=-1 updates=0 added {AdaptiveExecutionStrategy@5c723f2d/SelectorProducer@432f521f/IDLE/p=false/QueuedThreadPool[JettyServerThreadPool]@48a0c8aa{STARTED,8<=8<=250,i=8,r=-1,t=59991ms,q=0}[ReservedThreadExecutor@44032fde{reserved=0/12,pending=0}][pc=0,pic=0,pec=0,epc=0]@2025-08-11T10:49:16.4321174-03:00,MANAGED}
10:49:16.432 [main] DEBUG org.eclipse.jetty.util.component.ContainerLifeCycle -- SelectorManager@ServerConnector@53d13cd4{HTTP/1.1, (http/1.1)}{0.0.0.0:53849} added {ManagedSelector@2d7a9786{STOPPED} id=3 keys=-1 selected=-1 updates=0,AUTO}
10:49:16.432 [main] DEBUG org.eclipse.jetty.util.component.ContainerLifeCycle -- AdaptiveExecutionStrategy@7bab5898/SelectorProducer@366d8b97/IDLE/p=false/QueuedThreadPool[JettyServerThreadPool]@48a0c8aa{STARTED,8<=8<=250,i=8,r=-1,t=59991ms,q=0}[ReservedThreadExecutor@44032fde{reserved=0/12,pending=0}][pc=0,pic=0,pec=0,epc=0]@2025-08-11T10:49:16.4321174-03:00 added {SelectorProducer@366d8b97,POJO}
10:49:16.432 [main] DEBUG org.eclipse.jetty.util.component.ContainerLifeCycle -- AdaptiveExecutionStrategy@7bab5898/SelectorProducer@366d8b97/IDLE/p=false/QueuedThreadPool[JettyServerThreadPool]@48a0c8aa{STARTED,8<=8<=250,i=8,r=-1,t=59991ms,q=0}[ReservedThreadExecutor@44032fde{reserved=0/12,pending=0}][pc=0,pic=0,pec=0,epc=0]@2025-08-11T10:49:16.4321174-03:00 added {QueuedThreadPool[JettyServerThreadPool]@48a0c8aa{STARTED,8<=8<=250,i=8,r=-1,t=59991ms,q=0}[ReservedThreadExecutor@44032fde{reserved=0/12,pending=0}],UNMANAGED}
10:49:16.432 [main] DEBUG org.eclipse.jetty.util.thread.strategy.AdaptiveExecutionStrategy -- AdaptiveExecutionStrategy@7bab5898/SelectorProducer@366d8b97/IDLE/p=false/QueuedThreadPool[JettyServerThreadPool]@48a0c8aa{STARTED,8<=8<=250,i=8,r=-1,t=59991ms,q=0}[ReservedThreadExecutor@44032fde{reserved=0/12,pending=0}][pc=0,pic=0,pec=0,epc=0]@2025-08-11T10:49:16.4321174-03:00 created
10:49:16.432 [main] DEBUG org.eclipse.jetty.util.component.ContainerLifeCycle -- ManagedSelector@feb98ef{STOPPED} id=4 keys=-1 selected=-1 updates=0 added {AdaptiveExecutionStrategy@7bab5898/SelectorProducer@366d8b97/IDLE/p=false/QueuedThreadPool[JettyServerThreadPool]@48a0c8aa{STARTED,8<=8<=250,i=8,r=-1,t=59991ms,q=0}[ReservedThreadExecutor@44032fde{reserved=0/12,pending=0}][pc=0,pic=0,pec=0,epc=0]@2025-08-11T10:49:16.4321174-03:00,MANAGED}
10:49:16.432 [main] DEBUG org.eclipse.jetty.util.component.ContainerLifeCycle -- SelectorManager@ServerConnector@53d13cd4{HTTP/1.1, (http/1.1)}{0.0.0.0:53849} added {ManagedSelector@feb98ef{STOPPED} id=4 keys=-1 selected=-1 updates=0,AUTO}
10:49:16.432 [main] DEBUG org.eclipse.jetty.util.component.ContainerLifeCycle -- AdaptiveExecutionStrategy@7654f833/SelectorProducer@571a01f9/IDLE/p=false/QueuedThreadPool[JettyServerThreadPool]@48a0c8aa{STARTED,8<=8<=250,i=8,r=-1,t=59991ms,q=0}[ReservedThreadExecutor@44032fde{reserved=0/12,pending=0}][pc=0,pic=0,pec=0,epc=0]@2025-08-11T10:49:16.4321174-03:00 added {SelectorProducer@571a01f9,POJO}
10:49:16.432 [main] DEBUG org.eclipse.jetty.util.component.ContainerLifeCycle -- AdaptiveExecutionStrategy@7654f833/SelectorProducer@571a01f9/IDLE/p=false/QueuedThreadPool[JettyServerThreadPool]@48a0c8aa{STARTED,8<=8<=250,i=8,r=-1,t=59991ms,q=0}[ReservedThreadExecutor@44032fde{reserved=0/12,pending=0}][pc=0,pic=0,pec=0,epc=0]@2025-08-11T10:49:16.4321174-03:00 added {QueuedThreadPool[JettyServerThreadPool]@48a0c8aa{STARTED,8<=8<=250,i=8,r=-1,t=59991ms,q=0}[ReservedThreadExecutor@44032fde{reserved=0/12,pending=0}],UNMANAGED}
10:49:16.432 [main] DEBUG org.eclipse.jetty.util.thread.strategy.AdaptiveExecutionStrategy -- AdaptiveExecutionStrategy@7654f833/SelectorProducer@571a01f9/IDLE/p=false/QueuedThreadPool[JettyServerThreadPool]@48a0c8aa{STARTED,8<=8<=250,i=8,r=-1,t=59991ms,q=0}[ReservedThreadExecutor@44032fde{reserved=0/12,pending=0}][pc=0,pic=0,pec=0,epc=0]@2025-08-11T10:49:16.4321174-03:00 created
10:49:16.432 [main] DEBUG org.eclipse.jetty.util.component.ContainerLifeCycle -- ManagedSelector@d7109be{STOPPED} id=5 keys=-1 selected=-1 updates=0 added {AdaptiveExecutionStrategy@7654f833/SelectorProducer@571a01f9/IDLE/p=false/QueuedThreadPool[JettyServerThreadPool]@48a0c8aa{STARTED,8<=8<=250,i=8,r=-1,t=59991ms,q=0}[ReservedThreadExecutor@44032fde{reserved=0/12,pending=0}][pc=0,pic=0,pec=0,epc=0]@2025-08-11T10:49:16.4321174-03:00,MANAGED}
10:49:16.432 [main] DEBUG org.eclipse.jetty.util.component.ContainerLifeCycle -- SelectorManager@ServerConnector@53d13cd4{HTTP/1.1, (http/1.1)}{0.0.0.0:53849} added {ManagedSelector@d7109be{STOPPED} id=5 keys=-1 selected=-1 updates=0,AUTO}
10:49:16.432 [main] DEBUG org.eclipse.jetty.util.component.AbstractLifeCycle -- STARTING ManagedSelector@527fc8e{STOPPED} id=0 keys=-1 selected=-1 updates=0
10:49:16.432 [main] DEBUG org.eclipse.jetty.util.component.AbstractLifeCycle -- STARTING AdaptiveExecutionStrategy@57435801/SelectorProducer@2da66a44/IDLE/p=false/QueuedThreadPool[JettyServerThreadPool]@48a0c8aa{STARTED,8<=8<=250,i=8,r=-1,t=59991ms,q=0}[ReservedThreadExecutor@44032fde{reserved=0/12,pending=0}][pc=0,pic=0,pec=0,epc=0]@2025-08-11T10:49:16.4321174-03:00
10:49:16.432 [main] DEBUG org.eclipse.jetty.util.component.AbstractLifeCycle -- STARTED @3641ms AdaptiveExecutionStrategy@57435801/SelectorProducer@2da66a44/IDLE/p=false/QueuedThreadPool[JettyServerThreadPool]@48a0c8aa{STARTED,8<=8<=250,i=8,r=-1,t=59991ms,q=0}[ReservedThreadExecutor@44032fde{reserved=0/12,pending=0}][pc=0,pic=0,pec=0,epc=0]@2025-08-11T10:49:16.4321174-03:00
10:49:16.432 [main] DEBUG org.eclipse.jetty.util.thread.QueuedThreadPool -- queue org.eclipse.jetty.io.ManagedSelector$$Lambda/0x000001e326300000@5e0ec41f startThread=0
10:49:16.432 [main] DEBUG org.eclipse.jetty.io.ManagedSelector -- Queued change lazy=false org.eclipse.jetty.io.ManagedSelector$Start@f4a3a8d on ManagedSelector@527fc8e{STARTING} id=0 keys=0 selected=0 updates=0
10:49:16.432 [JettyServerThreadPool-54] DEBUG org.eclipse.jetty.util.thread.QueuedThreadPool -- run org.eclipse.jetty.io.ManagedSelector$$Lambda/0x000001e326300000@5e0ec41f in QueuedThreadPool[JettyServerThreadPool]@48a0c8aa{STARTED,8<=8<=250,i=7,r=-1,t=59988ms,q=0}[ReservedThreadExecutor@44032fde{reserved=0/12,pending=0}]
10:49:16.432 [JettyServerThreadPool-54] DEBUG org.eclipse.jetty.util.thread.strategy.AdaptiveExecutionStrategy -- AdaptiveExecutionStrategy@57435801/SelectorProducer@2da66a44/IDLE/p=false/QueuedThreadPool[JettyServerThreadPool]@48a0c8aa{STARTED,8<=8<=250,i=7,r=-1,t=59988ms,q=0}[ReservedThreadExecutor@44032fde{reserved=0/12,pending=0}][pc=0,pic=0,pec=0,epc=0]@2025-08-11T10:49:16.4321174-03:00 tryProduce false
10:49:16.440 [JettyServerThreadPool-54] DEBUG org.eclipse.jetty.io.ManagedSelector -- updateable 1
10:49:16.440 [JettyServerThreadPool-54] DEBUG org.eclipse.jetty.io.ManagedSelector -- update org.eclipse.jetty.io.ManagedSelector$Start@f4a3a8d
10:49:16.440 [JettyServerThreadPool-54] DEBUG org.eclipse.jetty.io.ManagedSelector -- updates 0
10:49:16.440 [JettyServerThreadPool-54] DEBUG org.eclipse.jetty.io.ManagedSelector -- Selector sun.nio.ch.WEPollSelectorImpl@6019157f waiting with 0 keys
10:49:16.440 [main] DEBUG org.eclipse.jetty.util.component.AbstractLifeCycle -- STARTED @3644ms ManagedSelector@527fc8e{STARTED} id=0 keys=0 selected=0 updates=0
10:49:16.440 [main] DEBUG org.eclipse.jetty.util.component.AbstractLifeCycle -- STARTING ManagedSelector@329bad59{STOPPED} id=1 keys=-1 selected=-1 updates=0
10:49:16.440 [main] DEBUG org.eclipse.jetty.util.component.AbstractLifeCycle -- STARTING AdaptiveExecutionStrategy@61bfc9bf/SelectorProducer@2c7106d9/IDLE/p=false/QueuedThreadPool[JettyServerThreadPool]@48a0c8aa{STARTED,8<=8<=250,i=7,r=-1,t=59988ms,q=0}[ReservedThreadExecutor@44032fde{reserved=0/12,pending=0}][pc=0,pic=0,pec=0,epc=0]@2025-08-11T10:49:16.4403146-03:00
10:49:16.440 [main] DEBUG org.eclipse.jetty.util.component.AbstractLifeCycle -- STARTED @3645ms AdaptiveExecutionStrategy@61bfc9bf/SelectorProducer@2c7106d9/IDLE/p=false/QueuedThreadPool[JettyServerThreadPool]@48a0c8aa{STARTED,8<=8<=250,i=7,r=-1,t=59987ms,q=0}[ReservedThreadExecutor@44032fde{reserved=0/12,pending=0}][pc=0,pic=0,pec=0,epc=0]@2025-08-11T10:49:16.4408662-03:00
10:49:16.443 [main] DEBUG org.eclipse.jetty.util.thread.QueuedThreadPool -- queue org.eclipse.jetty.io.ManagedSelector$$Lambda/0x000001e326300000@8d8f754 startThread=0
10:49:16.443 [JettyServerThreadPool-55] DEBUG org.eclipse.jetty.util.thread.QueuedThreadPool -- run org.eclipse.jetty.io.ManagedSelector$$Lambda/0x000001e326300000@8d8f754 in QueuedThreadPool[JettyServerThreadPool]@48a0c8aa{STARTED,8<=8<=250,i=6,r=-1,t=59983ms,q=0}[ReservedThreadExecutor@44032fde{reserved=0/12,pending=0}]
10:49:16.443 [main] DEBUG org.eclipse.jetty.io.ManagedSelector -- Queued change lazy=false org.eclipse.jetty.io.ManagedSelector$Start@d613308 on ManagedSelector@329bad59{STARTING} id=1 keys=0 selected=0 updates=0
10:49:16.443 [JettyServerThreadPool-55] DEBUG org.eclipse.jetty.util.thread.strategy.AdaptiveExecutionStrategy -- AdaptiveExecutionStrategy@61bfc9bf/SelectorProducer@2c7106d9/IDLE/p=false/QueuedThreadPool[JettyServerThreadPool]@48a0c8aa{STARTED,8<=8<=250,i=6,r=-1,t=59983ms,q=0}[ReservedThreadExecutor@44032fde{reserved=0/12,pending=0}][pc=0,pic=0,pec=0,epc=0]@2025-08-11T10:49:16.4439303-03:00 tryProduce false
10:49:16.443 [JettyServerThreadPool-55] DEBUG org.eclipse.jetty.io.ManagedSelector -- updateable 1
10:49:16.443 [JettyServerThreadPool-55] DEBUG org.eclipse.jetty.io.ManagedSelector -- update org.eclipse.jetty.io.ManagedSelector$Start@d613308
10:49:16.443 [JettyServerThreadPool-55] DEBUG org.eclipse.jetty.io.ManagedSelector -- updates 0
10:49:16.443 [JettyServerThreadPool-55] DEBUG org.eclipse.jetty.io.ManagedSelector -- Selector sun.nio.ch.WEPollSelectorImpl@504fe60e waiting with 0 keys
10:49:16.443 [main] DEBUG org.eclipse.jetty.util.component.AbstractLifeCycle -- STARTED @3649ms ManagedSelector@329bad59{STARTED} id=1 keys=0 selected=0 updates=0
10:49:16.443 [main] DEBUG org.eclipse.jetty.util.component.AbstractLifeCycle -- STARTING ManagedSelector@33ecbd6c{STOPPED} id=2 keys=-1 selected=-1 updates=0
10:49:16.443 [main] DEBUG org.eclipse.jetty.util.component.AbstractLifeCycle -- STARTING AdaptiveExecutionStrategy@862f408/SelectorProducer@178f268a/IDLE/p=false/QueuedThreadPool[JettyServerThreadPool]@48a0c8aa{STARTED,8<=8<=250,i=6,r=-1,t=59982ms,q=0}[ReservedThreadExecutor@44032fde{reserved=0/12,pending=0}][pc=0,pic=0,pec=0,epc=0]@2025-08-11T10:49:16.4439303-03:00
10:49:16.443 [main] DEBUG org.eclipse.jetty.util.component.AbstractLifeCycle -- STARTED @3650ms AdaptiveExecutionStrategy@862f408/SelectorProducer@178f268a/IDLE/p=false/QueuedThreadPool[JettyServerThreadPool]@48a0c8aa{STARTED,8<=8<=250,i=6,r=-1,t=59982ms,q=0}[ReservedThreadExecutor@44032fde{reserved=0/12,pending=0}][pc=0,pic=0,pec=0,epc=0]@2025-08-11T10:49:16.4439303-03:00
10:49:16.450 [main] DEBUG org.eclipse.jetty.util.thread.QueuedThreadPool -- queue org.eclipse.jetty.io.ManagedSelector$$Lambda/0x000001e326300000@25673087 startThread=0
10:49:16.450 [JettyServerThreadPool-56] DEBUG org.eclipse.jetty.util.thread.QueuedThreadPool -- run org.eclipse.jetty.io.ManagedSelector$$Lambda/0x000001e326300000@25673087 in QueuedThreadPool[JettyServerThreadPool]@48a0c8aa{STARTED,8<=8<=250,i=5,r=-1,t=59978ms,q=0}[ReservedThreadExecutor@44032fde{reserved=0/12,pending=0}]
10:49:16.450 [main] DEBUG org.eclipse.jetty.io.ManagedSelector -- Queued change lazy=false org.eclipse.jetty.io.ManagedSelector$Start@7b27e8f4 on ManagedSelector@33ecbd6c{STARTING} id=2 keys=0 selected=0 updates=0
10:49:16.450 [JettyServerThreadPool-56] DEBUG org.eclipse.jetty.util.thread.strategy.AdaptiveExecutionStrategy -- AdaptiveExecutionStrategy@862f408/SelectorProducer@178f268a/IDLE/p=false/QueuedThreadPool[JettyServerThreadPool]@48a0c8aa{STARTED,8<=8<=250,i=5,r=-1,t=59977ms,q=0}[ReservedThreadExecutor@44032fde{reserved=0/12,pending=0}][pc=0,pic=0,pec=0,epc=0]@2025-08-11T10:49:16.4509308-03:00 tryProduce false
10:49:16.450 [JettyServerThreadPool-56] DEBUG org.eclipse.jetty.io.ManagedSelector -- updateable 1
10:49:16.450 [JettyServerThreadPool-56] DEBUG org.eclipse.jetty.io.ManagedSelector -- update org.eclipse.jetty.io.ManagedSelector$Start@7b27e8f4
10:49:16.450 [JettyServerThreadPool-56] DEBUG org.eclipse.jetty.io.ManagedSelector -- updates 0
10:49:16.450 [JettyServerThreadPool-56] DEBUG org.eclipse.jetty.io.ManagedSelector -- Selector sun.nio.ch.WEPollSelectorImpl@27fb3d16 waiting with 0 keys
10:49:16.450 [main] DEBUG org.eclipse.jetty.util.component.AbstractLifeCycle -- STARTED @3655ms ManagedSelector@33ecbd6c{STARTED} id=2 keys=0 selected=0 updates=0
10:49:16.450 [main] DEBUG org.eclipse.jetty.util.component.AbstractLifeCycle -- STARTING ManagedSelector@2d7a9786{STOPPED} id=3 keys=-1 selected=-1 updates=0
10:49:16.450 [main] DEBUG org.eclipse.jetty.util.component.AbstractLifeCycle -- STARTING AdaptiveExecutionStrategy@5c723f2d/SelectorProducer@432f521f/IDLE/p=false/QueuedThreadPool[JettyServerThreadPool]@48a0c8aa{STARTED,8<=8<=250,i=5,r=-1,t=59977ms,q=0}[ReservedThreadExecutor@44032fde{reserved=0/12,pending=0}][pc=0,pic=0,pec=0,epc=0]@2025-08-11T10:49:16.4509308-03:00
10:49:16.450 [main] DEBUG org.eclipse.jetty.util.component.AbstractLifeCycle -- STARTED @3655ms AdaptiveExecutionStrategy@5c723f2d/SelectorProducer@432f521f/IDLE/p=false/QueuedThreadPool[JettyServerThreadPool]@48a0c8aa{STARTED,8<=8<=250,i=5,r=-1,t=59977ms,q=0}[ReservedThreadExecutor@44032fde{reserved=0/12,pending=0}][pc=0,pic=0,pec=0,epc=0]@2025-08-11T10:49:16.4509308-03:00
10:49:16.452 [main] DEBUG org.eclipse.jetty.util.thread.QueuedThreadPool -- queue org.eclipse.jetty.io.ManagedSelector$$Lambda/0x000001e326300000@348ad293 startThread=0
10:49:16.452 [JettyServerThreadPool-58] DEBUG org.eclipse.jetty.util.thread.QueuedThreadPool -- run org.eclipse.jetty.io.ManagedSelector$$Lambda/0x000001e326300000@348ad293 in QueuedThreadPool[JettyServerThreadPool]@48a0c8aa{STARTED,8<=8<=250,i=4,r=-1,t=59973ms,q=0}[ReservedThreadExecutor@44032fde{reserved=0/12,pending=0}]
10:49:16.452 [main] DEBUG org.eclipse.jetty.io.ManagedSelector -- Queued change lazy=false org.eclipse.jetty.io.ManagedSelector$Start@30f74e79 on ManagedSelector@2d7a9786{STARTING} id=3 keys=0 selected=0 updates=0
10:49:16.452 [JettyServerThreadPool-58] DEBUG org.eclipse.jetty.util.thread.strategy.AdaptiveExecutionStrategy -- AdaptiveExecutionStrategy@5c723f2d/SelectorProducer@432f521f/IDLE/p=false/QueuedThreadPool[JettyServerThreadPool]@48a0c8aa{STARTED,8<=8<=250,i=4,r=-1,t=59973ms,q=0}[ReservedThreadExecutor@44032fde{reserved=0/12,pending=0}][pc=0,pic=0,pec=0,epc=0]@2025-08-11T10:49:16.4524054-03:00 tryProduce false
10:49:16.452 [JettyServerThreadPool-58] DEBUG org.eclipse.jetty.io.ManagedSelector -- updateable 1
10:49:16.452 [JettyServerThreadPool-58] DEBUG org.eclipse.jetty.io.ManagedSelector -- update org.eclipse.jetty.io.ManagedSelector$Start@30f74e79
10:49:16.452 [JettyServerThreadPool-58] DEBUG org.eclipse.jetty.io.ManagedSelector -- updates 0
10:49:16.452 [JettyServerThreadPool-58] DEBUG org.eclipse.jetty.io.ManagedSelector -- Selector sun.nio.ch.WEPollSelectorImpl@50013c9f waiting with 0 keys
10:49:16.452 [main] DEBUG org.eclipse.jetty.util.component.AbstractLifeCycle -- STARTED @3659ms ManagedSelector@2d7a9786{STARTED} id=3 keys=0 selected=0 updates=0
10:49:16.452 [main] DEBUG org.eclipse.jetty.util.component.AbstractLifeCycle -- STARTING ManagedSelector@feb98ef{STOPPED} id=4 keys=-1 selected=-1 updates=0
10:49:16.452 [main] DEBUG org.eclipse.jetty.util.component.AbstractLifeCycle -- STARTING AdaptiveExecutionStrategy@7bab5898/SelectorProducer@366d8b97/IDLE/p=false/QueuedThreadPool[JettyServerThreadPool]@48a0c8aa{STARTED,8<=8<=250,i=4,r=-1,t=59973ms,q=0}[ReservedThreadExecutor@44032fde{reserved=0/12,pending=0}][pc=0,pic=0,pec=0,epc=0]@2025-08-11T10:49:16.4524054-03:00
10:49:16.452 [main] DEBUG org.eclipse.jetty.util.component.AbstractLifeCycle -- STARTED @3659ms AdaptiveExecutionStrategy@7bab5898/SelectorProducer@366d8b97/IDLE/p=false/QueuedThreadPool[JettyServerThreadPool]@48a0c8aa{STARTED,8<=8<=250,i=4,r=-1,t=59973ms,q=0}[ReservedThreadExecutor@44032fde{reserved=0/12,pending=0}][pc=0,pic=0,pec=0,epc=0]@2025-08-11T10:49:16.4524054-03:00
10:49:16.452 [main] DEBUG org.eclipse.jetty.util.thread.QueuedThreadPool -- queue org.eclipse.jetty.io.ManagedSelector$$Lambda/0x000001e326300000@2c88a3e8 startThread=0
10:49:16.452 [JettyServerThreadPool-60] DEBUG org.eclipse.jetty.util.thread.QueuedThreadPool -- run org.eclipse.jetty.io.ManagedSelector$$Lambda/0x000001e326300000@2c88a3e8 in QueuedThreadPool[JettyServerThreadPool]@48a0c8aa{STARTED,8<=8<=250,i=3,r=-1,t=59970ms,q=0}[ReservedThreadExecutor@44032fde{reserved=0/12,pending=0}]
10:49:16.452 [main] DEBUG org.eclipse.jetty.io.ManagedSelector -- Queued change lazy=false org.eclipse.jetty.io.ManagedSelector$Start@68ac9ec5 on ManagedSelector@feb98ef{STARTING} id=4 keys=0 selected=0 updates=0
10:49:16.452 [JettyServerThreadPool-60] DEBUG org.eclipse.jetty.util.thread.strategy.AdaptiveExecutionStrategy -- AdaptiveExecutionStrategy@7bab5898/SelectorProducer@366d8b97/IDLE/p=false/QueuedThreadPool[JettyServerThreadPool]@48a0c8aa{STARTED,8<=8<=250,i=3,r=-1,t=59970ms,q=0}[ReservedThreadExecutor@44032fde{reserved=0/12,pending=0}][pc=0,pic=0,pec=0,epc=0]@2025-08-11T10:49:16.4524054-03:00 tryProduce false
10:49:16.452 [JettyServerThreadPool-60] DEBUG org.eclipse.jetty.io.ManagedSelector -- updateable 1
10:49:16.452 [JettyServerThreadPool-60] DEBUG org.eclipse.jetty.io.ManagedSelector -- update org.eclipse.jetty.io.ManagedSelector$Start@68ac9ec5
10:49:16.452 [JettyServerThreadPool-60] DEBUG org.eclipse.jetty.io.ManagedSelector -- updates 0
10:49:16.452 [JettyServerThreadPool-60] DEBUG org.eclipse.jetty.io.ManagedSelector -- Selector sun.nio.ch.WEPollSelectorImpl@3a1bbb88 waiting with 0 keys
10:49:16.452 [main] DEBUG org.eclipse.jetty.util.component.AbstractLifeCycle -- STARTED @3662ms ManagedSelector@feb98ef{STARTED} id=4 keys=0 selected=0 updates=0
10:49:16.452 [main] DEBUG org.eclipse.jetty.util.component.AbstractLifeCycle -- STARTING ManagedSelector@d7109be{STOPPED} id=5 keys=-1 selected=-1 updates=0
10:49:16.452 [main] DEBUG org.eclipse.jetty.util.component.AbstractLifeCycle -- STARTING AdaptiveExecutionStrategy@7654f833/SelectorProducer@571a01f9/IDLE/p=false/QueuedThreadPool[JettyServerThreadPool]@48a0c8aa{STARTED,8<=8<=250,i=3,r=-1,t=59969ms,q=0}[ReservedThreadExecutor@44032fde{reserved=0/12,pending=0}][pc=0,pic=0,pec=0,epc=0]@2025-08-11T10:49:16.4524054-03:00
10:49:16.452 [main] DEBUG org.eclipse.jetty.util.component.AbstractLifeCycle -- STARTED @3663ms AdaptiveExecutionStrategy@7654f833/SelectorProducer@571a01f9/IDLE/p=false/QueuedThreadPool[JettyServerThreadPool]@48a0c8aa{STARTED,8<=8<=250,i=3,r=-1,t=59969ms,q=0}[ReservedThreadExecutor@44032fde{reserved=0/12,pending=0}][pc=0,pic=0,pec=0,epc=0]@2025-08-11T10:49:16.4524054-03:00
10:49:16.461 [JettyServerThreadPool-59] DEBUG org.eclipse.jetty.util.thread.QueuedThreadPool -- run org.eclipse.jetty.io.ManagedSelector$$Lambda/0x000001e326300000@a50d709 in QueuedThreadPool[JettyServerThreadPool]@48a0c8aa{STARTED,8<=8<=250,i=2,r=-1,t=59966ms,q=0}[ReservedThreadExecutor@44032fde{reserved=0/12,pending=0}]
10:49:16.461 [main] DEBUG org.eclipse.jetty.util.thread.QueuedThreadPool -- queue org.eclipse.jetty.io.ManagedSelector$$Lambda/0x000001e326300000@a50d709 startThread=0
10:49:16.462 [JettyServerThreadPool-59] DEBUG org.eclipse.jetty.util.thread.strategy.AdaptiveExecutionStrategy -- AdaptiveExecutionStrategy@7654f833/SelectorProducer@571a01f9/IDLE/p=false/QueuedThreadPool[JettyServerThreadPool]@48a0c8aa{STARTED,8<=8<=250,i=2,r=-1,t=59966ms,q=0}[ReservedThreadExecutor@44032fde{reserved=0/12,pending=0}][pc=0,pic=0,pec=0,epc=0]@2025-08-11T10:49:16.4620813-03:00 tryProduce false
10:49:16.462 [main] DEBUG org.eclipse.jetty.io.ManagedSelector -- Queued change lazy=false org.eclipse.jetty.io.ManagedSelector$Start@5ed4bc on ManagedSelector@d7109be{STARTING} id=5 keys=0 selected=0 updates=0
10:49:16.462 [JettyServerThreadPool-59] DEBUG org.eclipse.jetty.io.ManagedSelector -- updateable 0
10:49:16.462 [JettyServerThreadPool-59] DEBUG org.eclipse.jetty.io.ManagedSelector -- updates 1
10:49:16.462 [JettyServerThreadPool-59] DEBUG org.eclipse.jetty.io.ManagedSelector -- wakeup on updates SelectorProducer@571a01f9
10:49:16.462 [JettyServerThreadPool-59] DEBUG org.eclipse.jetty.io.ManagedSelector -- Selector sun.nio.ch.WEPollSelectorImpl@6446127a waiting with 0 keys
10:49:16.462 [JettyServerThreadPool-59] DEBUG org.eclipse.jetty.io.ManagedSelector -- Selector sun.nio.ch.WEPollSelectorImpl@6446127a woken with none selected
10:49:16.462 [JettyServerThreadPool-59] DEBUG org.eclipse.jetty.io.ManagedSelector -- Selector sun.nio.ch.WEPollSelectorImpl@6446127a woken up from select, 0/0/0 selected
10:49:16.462 [JettyServerThreadPool-59] DEBUG org.eclipse.jetty.io.ManagedSelector -- Selector sun.nio.ch.WEPollSelectorImpl@6446127a processing 0 keys, 1 updates
10:49:16.462 [JettyServerThreadPool-59] DEBUG org.eclipse.jetty.io.ManagedSelector -- updateable 1
10:49:16.462 [JettyServerThreadPool-59] DEBUG org.eclipse.jetty.io.ManagedSelector -- update org.eclipse.jetty.io.ManagedSelector$Start@5ed4bc
10:49:16.462 [JettyServerThreadPool-59] DEBUG org.eclipse.jetty.io.ManagedSelector -- updates 0
10:49:16.462 [JettyServerThreadPool-59] DEBUG org.eclipse.jetty.io.ManagedSelector -- Selector sun.nio.ch.WEPollSelectorImpl@6446127a waiting with 0 keys
10:49:16.462 [main] DEBUG org.eclipse.jetty.util.component.AbstractLifeCycle -- STARTED @3667ms ManagedSelector@d7109be{STARTED} id=5 keys=0 selected=0 updates=0
10:49:16.462 [main] DEBUG org.eclipse.jetty.util.component.AbstractLifeCycle -- STARTED @3667ms SelectorManager@ServerConnector@53d13cd4{HTTP/1.1, (http/1.1)}{0.0.0.0:53849}
10:49:16.462 [main] DEBUG org.eclipse.jetty.util.component.ContainerLifeCycle -- ServerConnector@53d13cd4{HTTP/1.1, (http/1.1)}{0.0.0.0:53849} added {acceptor-0@6920b0bc,POJO}
10:49:16.462 [main] DEBUG org.eclipse.jetty.util.thread.QueuedThreadPool -- queue acceptor-0@6920b0bc startThread=0
10:49:16.462 [main] INFO org.eclipse.jetty.server.AbstractConnector -- Started ServerConnector@53d13cd4{HTTP/1.1, (http/1.1)}{0.0.0.0:53849}
10:49:16.462 [main] DEBUG org.eclipse.jetty.util.component.AbstractLifeCycle -- STARTED @3667ms ServerConnector@53d13cd4{HTTP/1.1, (http/1.1)}{0.0.0.0:53849}
10:49:16.462 [JettyServerThreadPool-57] DEBUG org.eclipse.jetty.util.thread.QueuedThreadPool -- run acceptor-0@6920b0bc in QueuedThreadPool[JettyServerThreadPool]@48a0c8aa{STARTED,8<=8<=250,i=1,r=-1,t=59965ms,q=0}[ReservedThreadExecutor@44032fde{reserved=0/12,pending=0}]
10:49:16.462 [main] INFO org.eclipse.jetty.server.Server -- Started Server@3722c145{STARTING}[11.0.20,sto=0] @3667ms
10:49:16.462 [main] DEBUG org.eclipse.jetty.util.component.AbstractLifeCycle -- STARTED @3667ms Server@3722c145{STARTED}[11.0.20,sto=0]
10:49:16.462 [main] INFO io.javalin.Javalin -- 
       __                  ___           _____
      / /___ __   ______ _/ (_)___      / ___/
 __  / / __ `/ | / / __ `/ / / __ \    / __ \
/ /_/ / /_/ /| |/ / /_/ / / / / / /   / /_/ /
\____/\__,_/ |___/\__,_/_/_/_/ /_/    \____/

       https://javalin.io/documentation

10:49:16.462 [main] INFO io.javalin.Javalin -- Javalin started in 41ms \o/
10:49:16.462 [main] INFO io.javalin.Javalin -- Listening on http://localhost:53849/
10:49:16.462 [main] INFO io.javalin.Javalin -- You are running Javalin 6.1.3 (released March 2, 2024. Your Javalin version is 526 days old. Consider checking for a newer version.).
10:49:16.470 [JettyServerThreadPool-57-acceptor-0@6920b0bc-ServerConnector@53d13cd4{HTTP/1.1, (http/1.1)}{0.0.0.0:53849}] DEBUG org.eclipse.jetty.io.ManagedSelector -- Queued change lazy=false Accept@420d6ea2[java.nio.channels.SocketChannel[connected local=/127.0.0.1:53849 remote=/127.0.0.1:53850]] on ManagedSelector@329bad59{STARTED} id=1 keys=0 selected=0 updates=0
10:49:16.471 [JettyServerThreadPool-57-acceptor-0@6920b0bc-ServerConnector@53d13cd4{HTTP/1.1, (http/1.1)}{0.0.0.0:53849}] DEBUG org.eclipse.jetty.io.ManagedSelector -- Wakeup on submit ManagedSelector@329bad59{STARTED} id=1 keys=0 selected=0 updates=1
10:49:16.471 [JettyServerThreadPool-55] DEBUG org.eclipse.jetty.io.ManagedSelector -- Selector sun.nio.ch.WEPollSelectorImpl@504fe60e woken with none selected
10:49:16.471 [JettyServerThreadPool-55] DEBUG org.eclipse.jetty.io.ManagedSelector -- Selector sun.nio.ch.WEPollSelectorImpl@504fe60e woken up from select, 0/0/0 selected
10:49:16.471 [JettyServerThreadPool-55] DEBUG org.eclipse.jetty.io.ManagedSelector -- Selector sun.nio.ch.WEPollSelectorImpl@504fe60e processing 0 keys, 1 updates
10:49:16.471 [JettyServerThreadPool-55] DEBUG org.eclipse.jetty.io.ManagedSelector -- updateable 1
10:49:16.471 [JettyServerThreadPool-55] DEBUG org.eclipse.jetty.io.ManagedSelector -- update Accept@420d6ea2[java.nio.channels.SocketChannel[connected local=/127.0.0.1:53849 remote=/127.0.0.1:53850]]
10:49:16.471 [JettyServerThreadPool-55] DEBUG org.eclipse.jetty.util.thread.QueuedThreadPool -- queue Accept@420d6ea2[java.nio.channels.SocketChannel[connected local=/127.0.0.1:53849 remote=/127.0.0.1:53850]] startThread=0
10:49:16.471 [JettyServerThreadPool-55] DEBUG org.eclipse.jetty.io.ManagedSelector -- updates 0
10:49:16.471 [JettyServerThreadPool-55] DEBUG org.eclipse.jetty.io.ManagedSelector -- Selector sun.nio.ch.WEPollSelectorImpl@504fe60e waiting with 1 keys
10:49:16.471 [JettyServerThreadPool-61] DEBUG org.eclipse.jetty.util.thread.QueuedThreadPool -- run Accept@420d6ea2[java.nio.channels.SocketChannel[connected local=/127.0.0.1:53849 remote=/127.0.0.1:53850]] in QueuedThreadPool[JettyServerThreadPool]@48a0c8aa{STARTED,8<=8<=250,i=0,r=-1,t=59956ms,q=0}[ReservedThreadExecutor@44032fde{reserved=0/12,pending=0}]
10:49:16.471 [JettyServerThreadPool-61] DEBUG org.eclipse.jetty.io.IdleTimeout -- Setting idle timeout 0 -> 30000 on SocketChannelEndPoint@50878746[{l=/127.0.0.1:53849,r=/127.0.0.1:53850,OPEN,fill=-,flush=-,to=0/30000}{io=0/0,kio=0,kro=0}]->[<null>]
10:49:16.471 [JettyServerThreadPool-61] DEBUG org.eclipse.jetty.io.IdleTimeout -- SocketChannelEndPoint@50878746[{l=/127.0.0.1:53849,r=/127.0.0.1:53850,OPEN,fill=-,flush=-,to=0/30000}{io=0/0,kio=0,kro=0}]->[<null>] idle timeout check, elapsed: 0 ms, remaining: 30000 ms
10:49:16.472 [JettyServerThreadPool-61] DEBUG org.eclipse.jetty.server.HttpChannel -- new HttpChannelOverHttp@5a7fec36{s=HttpChannelState@1f7d791d{s=IDLE rs=BLOCKING os=OPEN is=IDLE awp=false se=false i=true al=0},r=0,c=false/false,a=IDLE,uri=null,age=0} -> SocketChannelEndPoint@50878746[{l=/127.0.0.1:53849,r=/127.0.0.1:53850,OPEN,fill=-,flush=-,to=0/30000}{io=0/0,kio=0,kro=0}]->[<null>],null,HttpChannelState@1f7d791d{s=IDLE rs=BLOCKING os=OPEN is=IDLE awp=false se=false i=true al=0}
10:49:16.472 [JettyServerThreadPool-61] DEBUG org.eclipse.jetty.server.HttpConnection -- New HTTP Connection HttpConnection@73ac6003::SocketChannelEndPoint@50878746[{l=/127.0.0.1:53849,r=/127.0.0.1:53850,OPEN,fill=-,flush=-,to=1/30000}{io=0/0,kio=0,kro=0}]->[<null>]
10:49:16.472 [JettyServerThreadPool-61] DEBUG org.eclipse.jetty.io.ManagedSelector -- Queued change lazy=true org.eclipse.jetty.io.ManagedSelector$$Lambda/0x000001e3263ba828@2ea8e413 on ManagedSelector@329bad59{STARTED} id=1 keys=1 selected=0 updates=0
10:49:16.472 [JettyServerThreadPool-61] DEBUG org.eclipse.jetty.io.AbstractEndPoint -- onOpen SocketChannelEndPoint@50878746[{l=/127.0.0.1:53849,r=/127.0.0.1:53850,OPEN,fill=-,flush=-,to=1/30000}{io=0/0,kio=0,kro=0}]->[HttpConnection@73ac6003[p=HttpParser{s=START,0 of -1},g=HttpGenerator@b93a3ac{s=START}]=>HttpChannelOverHttp@5a7fec36{s=HttpChannelState@1f7d791d{s=IDLE rs=BLOCKING os=OPEN is=IDLE awp=false se=false i=true al=0},r=0,c=false/false,a=IDLE,uri=null,age=0}]
10:49:16.472 [JettyServerThreadPool-61] DEBUG org.eclipse.jetty.io.AbstractConnection -- onOpen HttpConnection@73ac6003::SocketChannelEndPoint@50878746[{l=/127.0.0.1:53849,r=/127.0.0.1:53850,OPEN,fill=-,flush=-,to=1/30000}{io=0/0,kio=0,kro=0}]->[HttpConnection@73ac6003[p=HttpParser{s=START,0 of -1},g=HttpGenerator@b93a3ac{s=START}]=>HttpChannelOverHttp@5a7fec36{s=HttpChannelState@1f7d791d{s=IDLE rs=BLOCKING os=OPEN is=IDLE awp=false se=false i=true al=0},r=0,c=false/false,a=IDLE,uri=null,age=0}]
10:49:16.472 [JettyServerThreadPool-61] DEBUG org.eclipse.jetty.io.AbstractConnection -- fillInterested HttpConnection@73ac6003::SocketChannelEndPoint@50878746[{l=/127.0.0.1:53849,r=/127.0.0.1:53850,OPEN,fill=-,flush=-,to=1/30000}{io=0/0,kio=0,kro=0}]->[HttpConnection@73ac6003[p=HttpParser{s=START,0 of -1},g=HttpGenerator@b93a3ac{s=START}]=>HttpChannelOverHttp@5a7fec36{s=HttpChannelState@1f7d791d{s=IDLE rs=BLOCKING os=OPEN is=IDLE awp=false se=false i=true al=0},r=0,c=false/false,a=IDLE,uri=null,age=0}]
10:49:16.472 [JettyServerThreadPool-61] DEBUG org.eclipse.jetty.io.FillInterest -- interested FillInterest@7f528652{ReadCallback@6f6e5dc3{HttpConnection@73ac6003::SocketChannelEndPoint@50878746[{l=/127.0.0.1:53849,r=/127.0.0.1:53850,OPEN,fill=FI,flush=-,to=0/30000}{io=0/0,kio=0,kro=0}]->[HttpConnection@73ac6003[p=HttpParser{s=START,0 of -1},g=HttpGenerator@b93a3ac{s=START}]=>HttpChannelOverHttp@5a7fec36{s=HttpChannelState@1f7d791d{s=IDLE rs=BLOCKING os=OPEN is=IDLE awp=false se=false i=true al=0},r=0,c=false/false,a=IDLE,uri=null,age=0}]}}
10:49:16.472 [JettyServerThreadPool-61] DEBUG org.eclipse.jetty.io.SelectableChannelEndPoint -- changeInterests p=false 0->1 for SocketChannelEndPoint@50878746[{l=/127.0.0.1:53849,r=/127.0.0.1:53850,OPEN,fill=FI,flush=-,to=0/30000}{io=0/1,kio=0,kro=0}]->[HttpConnection@73ac6003[p=HttpParser{s=START,0 of -1},g=HttpGenerator@b93a3ac{s=START}]=>HttpChannelOverHttp@5a7fec36{s=HttpChannelState@1f7d791d{s=IDLE rs=BLOCKING os=OPEN is=IDLE awp=false se=false i=true al=0},r=0,c=false/false,a=IDLE,uri=null,age=0}]
10:49:16.472 [JettyServerThreadPool-61] DEBUG org.eclipse.jetty.io.ManagedSelector -- Queued change lazy=false org.eclipse.jetty.io.SelectableChannelEndPoint$$Lambda/0x000001e32638bc78@68fb441 on ManagedSelector@329bad59{STARTED} id=1 keys=1 selected=0 updates=1
10:49:16.472 [JettyServerThreadPool-61] DEBUG org.eclipse.jetty.io.ManagedSelector -- Wakeup on submit ManagedSelector@329bad59{STARTED} id=1 keys=1 selected=0 updates=2
10:49:16.472 [JettyServerThreadPool-61] DEBUG org.eclipse.jetty.io.ManagedSelector -- Created SocketChannelEndPoint@50878746[{l=/127.0.0.1:53849,r=/127.0.0.1:53850,OPEN,fill=FI,flush=-,to=0/30000}{io=0/1,kio=0,kro=0}]->[HttpConnection@73ac6003[p=HttpParser{s=START,0 of -1},g=HttpGenerator@b93a3ac{s=START}]=>HttpChannelOverHttp@5a7fec36{s=HttpChannelState@1f7d791d{s=IDLE rs=BLOCKING os=OPEN is=IDLE awp=false se=false i=true al=0},r=0,c=false/false,a=IDLE,uri=null,age=0}]
10:49:16.472 [JettyServerThreadPool-55] DEBUG org.eclipse.jetty.io.ManagedSelector -- Selector sun.nio.ch.WEPollSelectorImpl@504fe60e woken with none selected
10:49:16.472 [JettyServerThreadPool-61] DEBUG org.eclipse.jetty.util.thread.QueuedThreadPool -- ran Accept@420d6ea2[java.nio.channels.SocketChannel[connected local=/127.0.0.1:53849 remote=/127.0.0.1:53850]] in QueuedThreadPool[JettyServerThreadPool]@48a0c8aa{STARTED,8<=8<=250,i=0,r=-1,t=59954ms,q=0}[ReservedThreadExecutor@44032fde{reserved=0/12,pending=0}]
10:49:16.472 [JettyServerThreadPool-55] DEBUG org.eclipse.jetty.io.ManagedSelector -- Selector sun.nio.ch.WEPollSelectorImpl@504fe60e woken up from select, 0/0/1 selected
10:49:16.472 [JettyServerThreadPool-61] DEBUG org.eclipse.jetty.util.thread.QueuedThreadPool -- Evict skipped, no excess threads QueuedThreadPool[JettyServerThreadPool]@48a0c8aa{STARTED,8<=8<=250,i=1,r=-1,t=59954ms,q=0}[ReservedThreadExecutor@44032fde{reserved=0/12,pending=0}]
10:49:16.472 [JettyServerThreadPool-55] DEBUG org.eclipse.jetty.io.ManagedSelector -- Selector sun.nio.ch.WEPollSelectorImpl@504fe60e processing 0 keys, 2 updates
10:49:16.472 [JettyServerThreadPool-55] DEBUG org.eclipse.jetty.io.ManagedSelector -- updateable 2
10:49:16.472 [JettyServerThreadPool-55] DEBUG org.eclipse.jetty.io.ManagedSelector -- update org.eclipse.jetty.io.ManagedSelector$$Lambda/0x000001e3263ba828@2ea8e413
10:49:16.472 [JettyServerThreadPool-55] DEBUG org.eclipse.jetty.io.ManagedSelector -- update org.eclipse.jetty.io.SelectableChannelEndPoint$$Lambda/0x000001e32638bc78@68fb441
10:49:16.472 [JettyServerThreadPool-55] DEBUG org.eclipse.jetty.io.SelectableChannelEndPoint -- Key interests updated 0 -> 1 on SocketChannelEndPoint@50878746[{l=/127.0.0.1:53849,r=/127.0.0.1:53850,OPEN,fill=FI,flush=-,to=0/30000}{io=1/1,kio=1,kro=0}]->[HttpConnection@73ac6003[p=HttpParser{s=START,0 of -1},g=HttpGenerator@b93a3ac{s=START}]=>HttpChannelOverHttp@5a7fec36{s=HttpChannelState@1f7d791d{s=IDLE rs=BLOCKING os=OPEN is=IDLE awp=false se=false i=true al=0},r=0,c=false/false,a=IDLE,uri=null,age=0}]
10:49:16.472 [JettyServerThreadPool-55] DEBUG org.eclipse.jetty.io.ManagedSelector -- updates 0
10:49:16.472 [JettyServerThreadPool-55] DEBUG org.eclipse.jetty.io.ManagedSelector -- Selector sun.nio.ch.WEPollSelectorImpl@504fe60e waiting with 1 keys
10:49:16.472 [JettyServerThreadPool-55] DEBUG org.eclipse.jetty.io.ManagedSelector -- Selector sun.nio.ch.WEPollSelectorImpl@504fe60e woken up from select, 1/1/1 selected
10:49:16.472 [JettyServerThreadPool-55] DEBUG org.eclipse.jetty.io.ManagedSelector -- Selector sun.nio.ch.WEPollSelectorImpl@504fe60e processing 1 keys, 0 updates
10:49:16.472 [JettyServerThreadPool-55] DEBUG org.eclipse.jetty.io.ManagedSelector -- selected 1 channel=java.nio.channels.SocketChannel[connected local=/127.0.0.1:53849 remote=/127.0.0.1:53850], selector=sun.nio.ch.WEPollSelectorImpl@504fe60e, interestOps=1, readyOps=1 SocketChannelEndPoint@50878746[{l=/127.0.0.1:53849,r=/127.0.0.1:53850,OPEN,fill=FI,flush=-,to=0/30000}{io=1/1,kio=1,kro=1}]->[HttpConnection@73ac6003[p=HttpParser{s=START,0 of -1},g=HttpGenerator@b93a3ac{s=START}]=>HttpChannelOverHttp@5a7fec36{s=HttpChannelState@1f7d791d{s=IDLE rs=BLOCKING os=OPEN is=IDLE awp=false se=false i=true al=0},r=0,c=false/false,a=IDLE,uri=null,age=0}] 
10:49:16.472 [JettyServerThreadPool-55] DEBUG org.eclipse.jetty.io.SelectableChannelEndPoint -- onSelected 1->0 r=true w=false for SocketChannelEndPoint@50878746[{l=/127.0.0.1:53849,r=/127.0.0.1:53850,OPEN,fill=FI,flush=-,to=0/30000}{io=1/0,kio=1,kro=1}]->[HttpConnection@73ac6003[p=HttpParser{s=START,0 of -1},g=HttpGenerator@b93a3ac{s=START}]=>HttpChannelOverHttp@5a7fec36{s=HttpChannelState@1f7d791d{s=IDLE rs=BLOCKING os=OPEN is=IDLE awp=false se=false i=true al=0},r=0,c=false/false,a=IDLE,uri=null,age=0}]
10:49:16.472 [JettyServerThreadPool-55] DEBUG org.eclipse.jetty.io.SelectableChannelEndPoint -- task SocketChannelEndPoint@50878746[{l=/127.0.0.1:53849,r=/127.0.0.1:53850,OPEN,fill=FI,flush=-,to=1/30000}{io=1/0,kio=1,kro=1}]->[HttpConnection@73ac6003[p=HttpParser{s=START,0 of -1},g=HttpGenerator@b93a3ac{s=START}]=>HttpChannelOverHttp@5a7fec36{s=HttpChannelState@1f7d791d{s=IDLE rs=BLOCKING os=OPEN is=IDLE awp=false se=false i=true al=0},r=0,c=false/false,a=IDLE,uri=null,age=0}]:runFillable:BLOCKING
10:49:16.472 [JettyServerThreadPool-55] DEBUG org.eclipse.jetty.util.thread.ReservedThreadExecutor -- ReservedThreadExecutor@44032fde{reserved=0/12,pending=0} tryExecute AdaptiveExecutionStrategy@61bfc9bf/SelectorProducer@2c7106d9/PRODUCING/p=false/QueuedThreadPool[JettyServerThreadPool]@48a0c8aa{STARTED,8<=8<=250,i=1,r=-1,t=59954ms,q=0}[ReservedThreadExecutor@44032fde{reserved=0/12,pending=0}][pc=0,pic=0,pec=0,epc=0]@2025-08-11T10:49:16.4727745-03:00
10:49:16.472 [JettyServerThreadPool-55] DEBUG org.eclipse.jetty.util.thread.ReservedThreadExecutor -- ReservedThreadExecutor@44032fde{reserved=0/12,pending=1} startReservedThread p=1
10:49:16.472 [JettyServerThreadPool-55] DEBUG org.eclipse.jetty.util.thread.QueuedThreadPool -- queue ReservedThread@1172ec35{PENDING,thread=null} startThread=0
10:49:16.472 [JettyServerThreadPool-61] DEBUG org.eclipse.jetty.util.thread.QueuedThreadPool -- run ReservedThread@1172ec35{PENDING,thread=null} in QueuedThreadPool[JettyServerThreadPool]@48a0c8aa{STARTED,8<=8<=250,i=0,r=-1,t=59953ms,q=0}[ReservedThreadExecutor@44032fde{reserved=0/12,pending=1}]
10:49:16.472 [JettyServerThreadPool-55] DEBUG org.eclipse.jetty.util.thread.strategy.AdaptiveExecutionStrategy -- ss=PRODUCE_EXECUTE_CONSUME t=SocketChannelEndPoint@50878746[{l=/127.0.0.1:53849,r=/127.0.0.1:53850,OPEN,fill=FI,flush=-,to=1/30000}{io=1/0,kio=1,kro=1}]->[HttpConnection@73ac6003[p=HttpParser{s=START,0 of -1},g=HttpGenerator@b93a3ac{s=START}]=>HttpChannelOverHttp@5a7fec36{s=HttpChannelState@1f7d791d{s=IDLE rs=BLOCKING os=OPEN is=IDLE awp=false se=false i=true al=0},r=0,c=false/false,a=IDLE,uri=null,age=0}]:runFillable:BLOCKING/BLOCKING AdaptiveExecutionStrategy@61bfc9bf/SelectorProducer@2c7106d9/PRODUCING/p=false/QueuedThreadPool[JettyServerThreadPool]@48a0c8aa{STARTED,8<=8<=250,i=0,r=-1,t=59953ms,q=0}[ReservedThreadExecutor@44032fde{reserved=0/12,pending=1}][pc=0,pic=0,pec=0,epc=0]@2025-08-11T10:49:16.4727745-03:00
10:49:16.472 [JettyServerThreadPool-61] DEBUG org.eclipse.jetty.util.thread.ReservedThreadExecutor -- ReservedThread@1172ec35{PENDING,thread=Thread[#61,JettyServerThreadPool-61,5,main]} was=PENDING next=RESERVED size=0+1 capacity=12
10:49:16.472 [JettyServerThreadPool-61] DEBUG org.eclipse.jetty.util.thread.ReservedThreadExecutor -- ReservedThread@1172ec35{RESERVED,thread=Thread[#61,JettyServerThreadPool-61,5,main]} waiting ReservedThreadExecutor@44032fde{reserved=1/12,pending=0}
10:49:16.472 [JettyServerThreadPool-55] DEBUG org.eclipse.jetty.util.thread.QueuedThreadPool -- queue SocketChannelEndPoint@50878746[{l=/127.0.0.1:53849,r=/127.0.0.1:53850,OPEN,fill=FI,flush=-,to=1/30000}{io=1/0,kio=1,kro=1}]->[HttpConnection@73ac6003[p=HttpParser{s=START,0 of -1},g=HttpGenerator@b93a3ac{s=START}]=>HttpChannelOverHttp@5a7fec36{s=HttpChannelState@1f7d791d{s=IDLE rs=BLOCKING os=OPEN is=IDLE awp=false se=false i=true al=0},r=0,c=false/false,a=IDLE,uri=null,age=0}]:runFillable:BLOCKING startThread=1
10:49:16.472 [JettyServerThreadPool-55] DEBUG org.eclipse.jetty.util.thread.QueuedThreadPool -- Starting Thread[#69,JettyServerThreadPool-69,5,main]
10:49:16.472 [JettyServerThreadPool-55] DEBUG org.eclipse.jetty.io.ManagedSelector -- updateable 0
10:49:16.472 [JettyServerThreadPool-55] DEBUG org.eclipse.jetty.io.ManagedSelector -- updates 0
10:49:16.472 [JettyServerThreadPool-55] DEBUG org.eclipse.jetty.io.SelectableChannelEndPoint -- Key interests updated 1 -> 0 on SocketChannelEndPoint@50878746[{l=/127.0.0.1:53849,r=/127.0.0.1:53850,OPEN,fill=FI,flush=-,to=2/30000}{io=0/0,kio=0,kro=1}]->[HttpConnection@73ac6003[p=HttpParser{s=START,0 of -1},g=HttpGenerator@b93a3ac{s=START}]=>HttpChannelOverHttp@5a7fec36{s=HttpChannelState@1f7d791d{s=IDLE rs=BLOCKING os=OPEN is=IDLE awp=false se=false i=true al=0},r=0,c=false/false,a=IDLE,uri=null,age=0}]
10:49:16.472 [JettyServerThreadPool-55] DEBUG org.eclipse.jetty.io.ManagedSelector -- Selector sun.nio.ch.WEPollSelectorImpl@504fe60e waiting with 1 keys
10:49:16.472 [JettyServerThreadPool-69] DEBUG org.eclipse.jetty.util.thread.QueuedThreadPool -- Runner started for QueuedThreadPool[JettyServerThreadPool]@48a0c8aa{STARTED,8<=9<=250,i=0,r=-1,t=59999ms,q=0}[ReservedThreadExecutor@44032fde{reserved=1/12,pending=0}]
10:49:16.472 [JettyServerThreadPool-69] DEBUG org.eclipse.jetty.util.thread.QueuedThreadPool -- run SocketChannelEndPoint@50878746[{l=/127.0.0.1:53849,r=/127.0.0.1:53850,OPEN,fill=FI,flush=-,to=2/30000}{io=0/0,kio=0,kro=1}]->[HttpConnection@73ac6003[p=HttpParser{s=START,0 of -1},g=HttpGenerator@b93a3ac{s=START}]=>HttpChannelOverHttp@5a7fec36{s=HttpChannelState@1f7d791d{s=IDLE rs=BLOCKING os=OPEN is=IDLE awp=false se=false i=true al=0},r=0,c=false/false,a=IDLE,uri=null,age=0}]:runFillable:BLOCKING in QueuedThreadPool[JettyServerThreadPool]@48a0c8aa{STARTED,8<=9<=250,i=0,r=-1,t=59999ms,q=0}[ReservedThreadExecutor@44032fde{reserved=1/12,pending=0}]
10:49:16.472 [JettyServerThreadPool-69] DEBUG org.eclipse.jetty.io.FillInterest -- fillable FillInterest@7f528652{ReadCallback@6f6e5dc3{HttpConnection@73ac6003::SocketChannelEndPoint@50878746[{l=/127.0.0.1:53849,r=/127.0.0.1:53850,OPEN,fill=FI,flush=-,to=2/30000}{io=0/0,kio=0,kro=1}]->[HttpConnection@73ac6003[p=HttpParser{s=START,0 of -1},g=HttpGenerator@b93a3ac{s=START}]=>HttpChannelOverHttp@5a7fec36{s=HttpChannelState@1f7d791d{s=IDLE rs=BLOCKING os=OPEN is=IDLE awp=false se=false i=true al=0},r=0,c=false/false,a=IDLE,uri=null,age=0}]}}
10:49:16.472 [JettyServerThreadPool-69] DEBUG org.eclipse.jetty.server.HttpConnection -- HttpConnection@73ac6003::SocketChannelEndPoint@50878746[{l=/127.0.0.1:53849,r=/127.0.0.1:53850,OPEN,fill=-,flush=-,to=2/30000}{io=0/0,kio=0,kro=1}]->[HttpConnection@73ac6003[p=HttpParser{s=START,0 of -1},g=HttpGenerator@b93a3ac{s=START}]=>HttpChannelOverHttp@5a7fec36{s=HttpChannelState@1f7d791d{s=IDLE rs=BLOCKING os=OPEN is=IDLE awp=false se=false i=true al=0},r=0,c=false/false,a=IDLE,uri=null,age=0}] onFillable enter HttpChannelState@1f7d791d{s=IDLE rs=BLOCKING os=OPEN is=IDLE awp=false se=false i=true al=0} null
10:49:16.472 [JettyServerThreadPool-69] DEBUG org.eclipse.jetty.util.Pool -- RetainedBucket@243389ea[inUse=0,size=1,max=-1,closed=false]{capacity=8192,inuse=0(0%)} returning new reserved entry MonoEntry@2af4631c{PENDING,pooled=null}
10:49:16.472 [JettyServerThreadPool-69] DEBUG org.eclipse.jetty.io.SocketChannelEndPoint -- filled 374 DirectByteBuffer@2ecbe29a[p=0,l=374,c=8192,r=374]={<<<POST /print-validade HTTP...elType":"SIXTY_TWO_MM"}>>>\x00\x00\x00\x00\x00\x00\x00\x00\x00...\x00\x00\x00\x00\x00\x00\x00}
10:49:16.472 [JettyServerThreadPool-69] DEBUG org.eclipse.jetty.server.HttpConnection -- HttpConnection@73ac6003::SocketChannelEndPoint@50878746[{l=/127.0.0.1:53849,r=/127.0.0.1:53850,OPEN,fill=-,flush=-,to=0/30000}{io=0/0,kio=0,kro=1}]->[HttpConnection@73ac6003[p=HttpParser{s=START,0 of -1},g=HttpGenerator@b93a3ac{s=START}]=>HttpChannelOverHttp@5a7fec36{s=HttpChannelState@1f7d791d{s=IDLE rs=BLOCKING os=OPEN is=IDLE awp=false se=false i=true al=0},r=0,c=false/false,a=IDLE,uri=null,age=0}] filled 374 RetainableByteBuffer@6bc96927{DirectByteBuffer@2ecbe29a[p=0,l=374,c=8192,r=374]={<<<POST /print-validade HTTP...elType":"SIXTY_TWO_MM"}>>>\x00\x00\x00\x00\x00\x00\x00\x00\x00...\x00\x00\x00\x00\x00\x00\x00},r=1}
10:49:16.472 [JettyServerThreadPool-69] DEBUG org.eclipse.jetty.server.HttpConnection -- HttpConnection@73ac6003::SocketChannelEndPoint@50878746[{l=/127.0.0.1:53849,r=/127.0.0.1:53850,OPEN,fill=-,flush=-,to=0/30000}{io=0/0,kio=0,kro=1}]->[HttpConnection@73ac6003[p=HttpParser{s=START,0 of -1},g=HttpGenerator@b93a3ac{s=START}]=>HttpChannelOverHttp@5a7fec36{s=HttpChannelState@1f7d791d{s=IDLE rs=BLOCKING os=OPEN is=IDLE awp=false se=false i=true al=0},r=0,c=false/false,a=IDLE,uri=null,age=0}] parse RetainableByteBuffer@6bc96927{DirectByteBuffer@2ecbe29a[p=0,l=374,c=8192,r=374]={<<<POST /print-validade HTTP...elType":"SIXTY_TWO_MM"}>>>\x00\x00\x00\x00\x00\x00\x00\x00\x00...\x00\x00\x00\x00\x00\x00\x00},r=1}
10:49:16.472 [JettyServerThreadPool-69] DEBUG org.eclipse.jetty.http.HttpParser -- parseNext s=START DirectByteBuffer@2ecbe29a[p=0,l=374,c=8192,r=374]={<<<POST /print-validade HTTP...elType":"SIXTY_TWO_MM"}>>>\x00\x00\x00\x00\x00\x00\x00\x00\x00...\x00\x00\x00\x00\x00\x00\x00}
10:49:16.472 [JettyServerThreadPool-69] DEBUG org.eclipse.jetty.http.HttpParser -- START --> SPACE1
10:49:16.472 [JettyServerThreadPool-69] DEBUG org.eclipse.jetty.http.HttpParser -- SPACE1 --> URI
10:49:16.472 [JettyServerThreadPool-69] DEBUG org.eclipse.jetty.http.HttpParser -- URI --> SPACE2
10:49:16.472 [JettyServerThreadPool-69] DEBUG org.eclipse.jetty.http.HttpParser -- SPACE2 --> REQUEST_VERSION
10:49:16.472 [JettyServerThreadPool-69] DEBUG org.eclipse.jetty.http.HttpParser -- REQUEST_VERSION --> HEADER
10:49:16.472 [JettyServerThreadPool-69] DEBUG org.eclipse.jetty.http.HttpParser -- HEADER:Connection --> IN_VALUE
10:49:16.472 [JettyServerThreadPool-69] DEBUG org.eclipse.jetty.http.HttpParser -- HEADER:Connection --> FIELD
10:49:16.472 [JettyServerThreadPool-69] DEBUG org.eclipse.jetty.http.HttpParser -- parsedHeader(Connection: Upgrade, HTTP2-Settings) header=Connection, headerString=[Connection], valueString=[Upgrade, HTTP2-Settings]
10:49:16.472 [JettyServerThreadPool-69] DEBUG org.eclipse.jetty.http.HttpParser -- HEADER:Content-Length --> VALUE
10:49:16.472 [JettyServerThreadPool-69] DEBUG org.eclipse.jetty.http.HttpParser -- HEADER:Content-Length --> IN_VALUE
10:49:16.472 [JettyServerThreadPool-69] DEBUG org.eclipse.jetty.http.HttpParser -- HEADER:Content-Length --> FIELD
10:49:16.472 [JettyServerThreadPool-69] DEBUG org.eclipse.jetty.http.HttpParser -- parsedHeader(null) header=Content-Length, headerString=[Content-Length], valueString=[111]
10:49:16.472 [JettyServerThreadPool-69] DEBUG org.eclipse.jetty.http.HttpParser -- HEADER:Host --> VALUE
10:49:16.472 [JettyServerThreadPool-69] DEBUG org.eclipse.jetty.http.HttpParser -- HEADER:Host --> IN_VALUE
10:49:16.472 [JettyServerThreadPool-69] DEBUG org.eclipse.jetty.http.HttpParser -- HEADER:Host --> FIELD
10:49:16.472 [JettyServerThreadPool-69] DEBUG org.eclipse.jetty.http.HttpParser -- parsedHeader(Host: localhost:53849) header=Host, headerString=[Host], valueString=[localhost:53849]
10:49:16.472 [JettyServerThreadPool-69] DEBUG org.eclipse.jetty.http.HttpParser -- HEADER:HTTP2-Settings --> VALUE
10:49:16.472 [JettyServerThreadPool-69] DEBUG org.eclipse.jetty.http.HttpParser -- HEADER:HTTP2-Settings --> IN_VALUE
10:49:16.472 [JettyServerThreadPool-69] DEBUG org.eclipse.jetty.http.HttpParser -- HEADER:HTTP2-Settings --> FIELD
10:49:16.472 [JettyServerThreadPool-69] DEBUG org.eclipse.jetty.http.HttpParser -- parsedHeader(null) header=HTTP2-Settings, headerString=[HTTP2-Settings], valueString=[AAEAAEAAAAIAAAAAAAMAAAAAAAQBAAAAAAUAAEAAAAYABgAA]
10:49:16.472 [JettyServerThreadPool-69] DEBUG org.eclipse.jetty.http.HttpParser -- HEADER:Upgrade --> VALUE
10:49:16.472 [JettyServerThreadPool-69] DEBUG org.eclipse.jetty.http.HttpParser -- HEADER:Upgrade --> IN_VALUE
10:49:16.472 [JettyServerThreadPool-69] DEBUG org.eclipse.jetty.http.HttpParser -- HEADER:Upgrade --> FIELD
10:49:16.472 [JettyServerThreadPool-69] DEBUG org.eclipse.jetty.http.HttpParser -- parsedHeader(null) header=Upgrade, headerString=[Upgrade], valueString=[h2c]
10:49:16.472 [JettyServerThreadPool-69] DEBUG org.eclipse.jetty.http.HttpParser -- HEADER:User-Agent --> VALUE
10:49:16.472 [JettyServerThreadPool-69] DEBUG org.eclipse.jetty.http.HttpParser -- HEADER:User-Agent --> IN_VALUE
10:49:16.472 [JettyServerThreadPool-69] DEBUG org.eclipse.jetty.http.HttpParser -- HEADER:User-Agent --> FIELD
10:49:16.472 [JettyServerThreadPool-69] DEBUG org.eclipse.jetty.http.HttpParser -- parsedHeader(User-Agent: Java-http-client/21.0.7) header=User-Agent, headerString=[User-Agent], valueString=[Java-http-client/21.0.7]
10:49:16.472 [JettyServerThreadPool-69] DEBUG org.eclipse.jetty.http.HttpParser -- HEADER:Content-Type: application/json --> IN_VALUE
10:49:16.472 [JettyServerThreadPool-69] DEBUG org.eclipse.jetty.http.HttpParser -- HEADER:Content-Type: application/json --> FIELD
10:49:16.472 [JettyServerThreadPool-69] DEBUG org.eclipse.jetty.http.HttpParser -- parsedHeader(Content-Type: application/json) header=Content-Type, headerString=[Content-Type], valueString=[application/json]
10:49:16.472 [JettyServerThreadPool-69] DEBUG org.eclipse.jetty.http.HttpParser -- HEADER --> CONTENT
10:49:16.472 [JettyServerThreadPool-69] DEBUG org.eclipse.jetty.server.HttpInput -- reopen HttpInput@1401799021 cs=HttpChannelState@1f7d791d{s=IDLE rs=BLOCKING os=OPEN is=IDLE awp=false se=false i=true al=0} cp=org.eclipse.jetty.server.BlockingContentProducer@5ae8a483 eof=false
10:49:16.472 [JettyServerThreadPool-69] DEBUG org.eclipse.jetty.server.BlockingContentProducer -- reopening org.eclipse.jetty.server.BlockingContentProducer@5ae8a483
10:49:16.472 [JettyServerThreadPool-69] DEBUG org.eclipse.jetty.server.AsyncContentProducer -- reopening AsyncContentProducer@2b465276[r=null,t=null,i=null,error=false,c=HttpChannelOverHttp@5a7fec36{s=HttpChannelState@1f7d791d{s=IDLE rs=BLOCKING os=OPEN is=IDLE awp=false se=false i=true al=0},r=1,c=false/false,a=IDLE,uri=null,age=0}]
10:49:16.472 [JettyServerThreadPool-69] DEBUG org.eclipse.jetty.server.HttpChannel -- REQUEST for /print-validade on HttpChannelOverHttp@5a7fec36{s=HttpChannelState@1f7d791d{s=IDLE rs=BLOCKING os=OPEN is=IDLE awp=false se=false i=true al=0},r=1,c=false/false,a=IDLE,uri=http://localhost:53849/print-validade,age=0}
POST /print-validade HTTP/1.1
Connection: Upgrade, HTTP2-Settings
Content-Length: 111
Host: localhost:53849
HTTP2-Settings: AAEAAEAAAAIAAAAAAAMAAAAAAAQBAAAAAAUAAEAAAAYABgAA
Upgrade: h2c
User-Agent: Java-http-client/21.0.7
Content-Type: application/json


10:49:16.472 [JettyServerThreadPool-69] DEBUG org.eclipse.jetty.server.HttpChannelOverHttp -- upgrade HttpChannelOverHttp@5a7fec36{s=HttpChannelState@1f7d791d{s=IDLE rs=BLOCKING os=OPEN is=IDLE awp=false se=false i=true al=0},r=1,c=false/false,a=IDLE,uri=http://localhost:53849/print-validade,age=0} Upgrade: h2c
10:49:16.472 [JettyServerThreadPool-69] DEBUG org.eclipse.jetty.server.HttpChannelOverHttp -- No factory for Upgrade: h2c in ServerConnector@53d13cd4{HTTP/1.1, (http/1.1)}{0.0.0.0:53849}
10:49:16.472 [JettyServerThreadPool-69] DEBUG org.eclipse.jetty.server.HttpConnection -- HttpConnection@73ac6003::SocketChannelEndPoint@50878746[{l=/127.0.0.1:53849,r=/127.0.0.1:53850,OPEN,fill=-,flush=-,to=1/30000}{io=0/0,kio=0,kro=1}]->[HttpConnection@73ac6003[p=HttpParser{s=CONTENT,0 of 111},g=HttpGenerator@b93a3ac{s=START}]=>HttpChannelOverHttp@5a7fec36{s=HttpChannelState@1f7d791d{s=IDLE rs=BLOCKING os=OPEN is=IDLE awp=false se=false i=true al=0},r=1,c=false/false,a=IDLE,uri=http://localhost:53849/print-validade,age=0}] parsed true HttpParser{s=CONTENT,0 of 111}
10:49:16.472 [JettyServerThreadPool-69] DEBUG org.eclipse.jetty.server.HttpChannel -- handle http://localhost:53849/print-validade HttpChannelOverHttp@5a7fec36{s=HttpChannelState@1f7d791d{s=IDLE rs=BLOCKING os=OPEN is=IDLE awp=false se=false i=true al=0},r=1,c=false/false,a=IDLE,uri=http://localhost:53849/print-validade,age=0} 
10:49:16.472 [JettyServerThreadPool-69] DEBUG org.eclipse.jetty.server.HttpChannelState -- handling HttpChannelState@1f7d791d{s=IDLE rs=BLOCKING os=OPEN is=IDLE awp=false se=false i=true al=0}
10:49:16.472 [JettyServerThreadPool-69] DEBUG org.eclipse.jetty.server.HttpChannel -- action DISPATCH HttpChannelOverHttp@5a7fec36{s=HttpChannelState@1f7d791d{s=HANDLING rs=BLOCKING os=OPEN is=IDLE awp=false se=false i=true al=0},r=1,c=false/false,a=HANDLING,uri=http://localhost:53849/print-validade,age=0}
10:49:16.472 [JettyServerThreadPool-69] DEBUG org.eclipse.jetty.server.Server -- REQUEST POST /print-validade ?null on HttpChannelOverHttp@5a7fec36{s=HttpChannelState@1f7d791d{s=HANDLING rs=BLOCKING os=OPEN is=IDLE awp=false se=false i=true al=0},r=1,c=false/false,a=HANDLING,uri=http://localhost:53849/print-validade,age=0}
10:49:16.472 [JettyServerThreadPool-69] DEBUG org.eclipse.jetty.server.handler.ContextHandler -- scope null||/print-validade @ o.e.j.s.ServletContextHandler@57562473{/,null,AVAILABLE}
10:49:16.472 [JettyServerThreadPool-69] DEBUG org.eclipse.jetty.server.handler.ContextHandler -- context=||/print-validade @ o.e.j.s.ServletContextHandler@57562473{/,null,AVAILABLE}
10:49:16.472 [JettyServerThreadPool-69] DEBUG org.eclipse.jetty.server.session.SessionHandler -- Entering scope org.eclipse.jetty.server.session.SessionHandler1249890505==dftMaxIdleSec=-1, dispatch=REQUEST asyncstarted=false
10:49:16.472 [JettyServerThreadPool-69] DEBUG org.eclipse.jetty.server.session.SessionHandler -- sessionHandler=org.eclipse.jetty.server.session.SessionHandler1249890505==dftMaxIdleSec=-1 session=null
10:49:16.472 [JettyServerThreadPool-69] DEBUG org.eclipse.jetty.servlet.ServletHandler -- servlet ||/print-validade|ServletPathMapping{matchValue=, pattern=/*, servletName=io.javalin.jetty.JavalinJettyServlet-18578491, mappingMatch=PATH, servletPath=, pathInfo=/print-validade} -> io.javalin.jetty.JavalinJettyServlet-18578491==io.javalin.jetty.JavalinJettyServlet@229c054b{jsp=null,order=-1,inst=true,async=true,src=EMBEDDED:null,STARTED}
10:49:16.472 [JettyServerThreadPool-69] DEBUG org.eclipse.jetty.servlet.ServletHandler -- chain=null
10:49:16.472 [JettyServerThreadPool-69] DEBUG org.eclipse.jetty.server.AsyncContentProducer -- nextTransformedContent AsyncContentProducer@2b465276[r=null,t=null,i=null,error=false,c=HttpChannelOverHttp@5a7fec36{s=HttpChannelState@1f7d791d{s=HANDLING rs=BLOCKING os=OPEN is=IDLE awp=false se=false i=true al=0},r=1,c=false/false,a=HANDLING,uri=http://localhost:53849/print-validade,age=0}]
10:49:16.472 [JettyServerThreadPool-69] DEBUG org.eclipse.jetty.server.AsyncContentProducer -- producing new raw content AsyncContentProducer@2b465276[r=null,t=null,i=null,error=false,c=HttpChannelOverHttp@5a7fec36{s=HttpChannelState@1f7d791d{s=HANDLING rs=BLOCKING os=OPEN is=IDLE awp=false se=false i=true al=0},r=1,c=false/false,a=HANDLING,uri=http://localhost:53849/print-validade,age=0}]
10:49:16.472 [JettyServerThreadPool-69] DEBUG org.eclipse.jetty.server.HttpChannelOverHttp -- produceContent has no content, parsing and filling
10:49:16.472 [JettyServerThreadPool-69] DEBUG org.eclipse.jetty.server.HttpConnection -- HttpConnection@73ac6003::SocketChannelEndPoint@50878746[{l=/127.0.0.1:53849,r=/127.0.0.1:53850,OPEN,fill=-,flush=-,to=2/30000}{io=0/0,kio=0,kro=1}]->[HttpConnection@73ac6003[p=HttpParser{s=CONTENT,0 of 111},g=HttpGenerator@b93a3ac{s=START}]=>HttpChannelOverHttp@5a7fec36{s=HttpChannelState@1f7d791d{s=HANDLING rs=BLOCKING os=OPEN is=IDLE awp=false se=false i=true al=0},r=1,c=false/false,a=HANDLING,uri=http://localhost:53849/print-validade,age=0}] parse RetainableByteBuffer@6bc96927{DirectByteBuffer@2ecbe29a[p=263,l=374,c=8192,r=111]={POST /pri...son\r\n\r\n<<<{"productName":"Bolo de T...elType":"SIXTY_TWO_MM"}>>>\x00\x00\x00\x00\x00\x00\x00\x00\x00...\x00\x00\x00\x00\x00\x00\x00},r=1}
10:49:16.472 [JettyServerThreadPool-69] DEBUG org.eclipse.jetty.http.HttpParser -- parseNext s=CONTENT DirectByteBuffer@2ecbe29a[p=263,l=374,c=8192,r=111]={POST /pri...son\r\n\r\n<<<{"productName":"Bolo de T...elType":"SIXTY_TWO_MM"}>>>\x00\x00\x00\x00\x00\x00\x00\x00\x00...\x00\x00\x00\x00\x00\x00\x00}
10:49:16.472 [JettyServerThreadPool-69] DEBUG org.eclipse.jetty.server.HttpChannel -- onContent HttpChannelOverHttp@5a7fec36{s=HttpChannelState@1f7d791d{s=HANDLING rs=BLOCKING os=OPEN is=IDLE awp=false se=false i=true al=0},r=1,c=false/false,a=HANDLING,uri=http://localhost:53849/print-validade,age=0} Content@be69668{DirectByteBufferR@365da8d0[p=263,l=374,c=8192,r=111]={POST /pri...son\r\n\r\n<<<{"productName":"Bolo de T...elType":"SIXTY_TWO_MM"}>>>\x00\x00\x00\x00\x00\x00\x00\x00\x00...\x00\x00\x00\x00\x00\x00\x00},spc=false,eof=false,err=null}
10:49:16.472 [JettyServerThreadPool-69] DEBUG org.eclipse.jetty.server.HttpConnection -- HttpConnection@73ac6003::SocketChannelEndPoint@50878746[{l=/127.0.0.1:53849,r=/127.0.0.1:53850,OPEN,fill=-,flush=-,to=2/30000}{io=0/0,kio=0,kro=1}]->[HttpConnection@73ac6003[p=HttpParser{s=CONTENT,111 of 111},g=HttpGenerator@b93a3ac{s=START}]=>HttpChannelOverHttp@5a7fec36{s=HttpChannelState@1f7d791d{s=HANDLING rs=BLOCKING os=OPEN is=IDLE awp=false se=false i=true al=0},r=1,c=false/false,a=HANDLING,uri=http://localhost:53849/print-validade,age=0}] parsed true HttpParser{s=CONTENT,111 of 111}
10:49:16.472 [JettyServerThreadPool-69] DEBUG org.eclipse.jetty.server.HttpChannelOverHttp -- produceContent produced Content@be69668{DirectByteBufferR@365da8d0[p=263,l=374,c=8192,r=111]={POST /pri...son\r\n\r\n<<<{"productName":"Bolo de T...elType":"SIXTY_TWO_MM"}>>>\x00\x00\x00\x00\x00\x00\x00\x00\x00...\x00\x00\x00\x00\x00\x00\x00},spc=false,eof=false,err=null}
10:49:16.472 [JettyServerThreadPool-69] DEBUG org.eclipse.jetty.server.AsyncContentProducer -- produceRawContent updated rawContentArrived to 111 and firstByteTimeStamp to 3199650472600 AsyncContentProducer@2b465276[r=null,t=null,i=null,error=false,c=HttpChannelOverHttp@5a7fec36{s=HttpChannelState@1f7d791d{s=HANDLING rs=BLOCKING os=OPEN is=IDLE awp=false se=false i=true al=0},r=1,c=false/false,a=HANDLING,uri=http://localhost:53849/print-validade,age=0}]
10:49:16.472 [JettyServerThreadPool-69] DEBUG org.eclipse.jetty.server.AsyncContentProducer -- produceRawContent produced Content@be69668{DirectByteBufferR@365da8d0[p=263,l=374,c=8192,r=111]={POST /pri...son\r\n\r\n<<<{"productName":"Bolo de T...elType":"SIXTY_TWO_MM"}>>>\x00\x00\x00\x00\x00\x00\x00\x00\x00...\x00\x00\x00\x00\x00\x00\x00},spc=false,eof=false,err=null} AsyncContentProducer@2b465276[r=null,t=null,i=null,error=false,c=HttpChannelOverHttp@5a7fec36{s=HttpChannelState@1f7d791d{s=HANDLING rs=BLOCKING os=OPEN is=IDLE awp=false se=false i=true al=0},r=1,c=false/false,a=HANDLING,uri=http://localhost:53849/print-validade,age=0}]
10:49:16.472 [JettyServerThreadPool-69] DEBUG org.eclipse.jetty.server.AsyncContentProducer -- transforming raw content AsyncContentProducer@2b465276[r=Content@be69668{DirectByteBufferR@365da8d0[p=263,l=374,c=8192,r=111]={POST /pri...son\r\n\r\n<<<{"productName":"Bolo de T...elType":"SIXTY_TWO_MM"}>>>\x00\x00\x00\x00\x00\x00\x00\x00\x00...\x00\x00\x00\x00\x00\x00\x00},spc=false,eof=false,err=null},t=null,i=null,error=false,c=HttpChannelOverHttp@5a7fec36{s=HttpChannelState@1f7d791d{s=HANDLING rs=BLOCKING os=OPEN is=IDLE awp=false se=false i=true al=0},r=1,c=false/false,a=HANDLING,uri=http://localhost:53849/print-validade,age=0}]
10:49:16.472 [JettyServerThreadPool-69] DEBUG org.eclipse.jetty.server.AsyncContentProducer -- no interceptor, transformed content is raw content AsyncContentProducer@2b465276[r=Content@be69668{DirectByteBufferR@365da8d0[p=263,l=374,c=8192,r=111]={POST /pri...son\r\n\r\n<<<{"productName":"Bolo de T...elType":"SIXTY_TWO_MM"}>>>\x00\x00\x00\x00\x00\x00\x00\x00\x00...\x00\x00\x00\x00\x00\x00\x00},spc=false,eof=false,err=null},t=null,i=null,error=false,c=HttpChannelOverHttp@5a7fec36{s=HttpChannelState@1f7d791d{s=HANDLING rs=BLOCKING os=OPEN is=IDLE awp=false se=false i=true al=0},r=1,c=false/false,a=HANDLING,uri=http://localhost:53849/print-validade,age=0}]
10:49:16.472 [JettyServerThreadPool-69] DEBUG org.eclipse.jetty.server.AsyncContentProducer -- transformed content not yet depleted, returning it AsyncContentProducer@2b465276[r=Content@be69668{DirectByteBufferR@365da8d0[p=263,l=374,c=8192,r=111]={POST /pri...son\r\n\r\n<<<{"productName":"Bolo de T...elType":"SIXTY_TWO_MM"}>>>\x00\x00\x00\x00\x00\x00\x00\x00\x00...\x00\x00\x00\x00\x00\x00\x00},spc=false,eof=false,err=null},t=Content@be69668{DirectByteBufferR@365da8d0[p=263,l=374,c=8192,r=111]={POST /pri...son\r\n\r\n<<<{"productName":"Bolo de T...elType":"SIXTY_TWO_MM"}>>>\x00\x00\x00\x00\x00\x00\x00\x00\x00...\x00\x00\x00\x00\x00\x00\x00},spc=false,eof=false,err=null},i=null,error=false,c=HttpChannelOverHttp@5a7fec36{s=HttpChannelState@1f7d791d{s=HANDLING rs=BLOCKING os=OPEN is=IDLE awp=false se=false i=true al=0},r=1,c=false/false,a=HANDLING,uri=http://localhost:53849/print-validade,age=0}]
10:49:16.472 [JettyServerThreadPool-69] DEBUG org.eclipse.jetty.server.AsyncContentProducer -- available = 111 AsyncContentProducer@2b465276[r=Content@be69668{DirectByteBufferR@365da8d0[p=263,l=374,c=8192,r=111]={POST /pri...son\r\n\r\n<<<{"productName":"Bolo de T...elType":"SIXTY_TWO_MM"}>>>\x00\x00\x00\x00\x00\x00\x00\x00\x00...\x00\x00\x00\x00\x00\x00\x00},spc=false,eof=false,err=null},t=Content@be69668{DirectByteBufferR@365da8d0[p=263,l=374,c=8192,r=111]={POST /pri...son\r\n\r\n<<<{"productName":"Bolo de T...elType":"SIXTY_TWO_MM"}>>>\x00\x00\x00\x00\x00\x00\x00\x00\x00...\x00\x00\x00\x00\x00\x00\x00},spc=false,eof=false,err=null},i=null,error=false,c=HttpChannelOverHttp@5a7fec36{s=HttpChannelState@1f7d791d{s=HANDLING rs=BLOCKING os=OPEN is=IDLE awp=false se=false i=true al=0},r=1,c=false/false,a=HANDLING,uri=http://localhost:53849/print-validade,age=0}]
10:49:16.472 [JettyServerThreadPool-69] DEBUG org.eclipse.jetty.server.HttpInput -- available=111 HttpInput@1401799021 cs=HttpChannelState@1f7d791d{s=HANDLING rs=BLOCKING os=OPEN is=IDLE awp=false se=false i=true al=0} cp=org.eclipse.jetty.server.BlockingContentProducer@5ae8a483 eof=false
10:49:16.472 [JettyServerThreadPool-69] DEBUG org.eclipse.jetty.server.AsyncContentProducer -- checkMinDataRate [m=0,t=3199650472600] AsyncContentProducer@2b465276[r=Content@be69668{DirectByteBufferR@365da8d0[p=263,l=374,c=8192,r=111]={POST /pri...son\r\n\r\n<<<{"productName":"Bolo de T...elType":"SIXTY_TWO_MM"}>>>\x00\x00\x00\x00\x00\x00\x00\x00\x00...\x00\x00\x00\x00\x00\x00\x00},spc=false,eof=false,err=null},t=Content@be69668{DirectByteBufferR@365da8d0[p=263,l=374,c=8192,r=111]={POST /pri...son\r\n\r\n<<<{"productName":"Bolo de T...elType":"SIXTY_TWO_MM"}>>>\x00\x00\x00\x00\x00\x00\x00\x00\x00...\x00\x00\x00\x00\x00\x00\x00},spc=false,eof=false,err=null},i=null,error=false,c=HttpChannelOverHttp@5a7fec36{s=HttpChannelState@1f7d791d{s=HANDLING rs=BLOCKING os=OPEN is=IDLE awp=false se=false i=true al=0},r=1,c=false/false,a=HANDLING,uri=http://localhost:53849/print-validade,age=0}]
10:49:16.472 [JettyServerThreadPool-69] DEBUG org.eclipse.jetty.server.AsyncContentProducer -- nextTransformedContent AsyncContentProducer@2b465276[r=Content@be69668{DirectByteBufferR@365da8d0[p=263,l=374,c=8192,r=111]={POST /pri...son\r\n\r\n<<<{"productName":"Bolo de T...elType":"SIXTY_TWO_MM"}>>>\x00\x00\x00\x00\x00\x00\x00\x00\x00...\x00\x00\x00\x00\x00\x00\x00},spc=false,eof=false,err=null},t=Content@be69668{DirectByteBufferR@365da8d0[p=263,l=374,c=8192,r=111]={POST /pri...son\r\n\r\n<<<{"productName":"Bolo de T...elType":"SIXTY_TWO_MM"}>>>\x00\x00\x00\x00\x00\x00\x00\x00\x00...\x00\x00\x00\x00\x00\x00\x00},spc=false,eof=false,err=null},i=null,error=false,c=HttpChannelOverHttp@5a7fec36{s=HttpChannelState@1f7d791d{s=HANDLING rs=BLOCKING os=OPEN is=IDLE awp=false se=false i=true al=0},r=1,c=false/false,a=HANDLING,uri=http://localhost:53849/print-validade,age=0}]
10:49:16.472 [JettyServerThreadPool-69] DEBUG org.eclipse.jetty.server.AsyncContentProducer -- transformed content not yet depleted, returning it AsyncContentProducer@2b465276[r=Content@be69668{DirectByteBufferR@365da8d0[p=263,l=374,c=8192,r=111]={POST /pri...son\r\n\r\n<<<{"productName":"Bolo de T...elType":"SIXTY_TWO_MM"}>>>\x00\x00\x00\x00\x00\x00\x00\x00\x00...\x00\x00\x00\x00\x00\x00\x00},spc=false,eof=false,err=null},t=Content@be69668{DirectByteBufferR@365da8d0[p=263,l=374,c=8192,r=111]={POST /pri...son\r\n\r\n<<<{"productName":"Bolo de T...elType":"SIXTY_TWO_MM"}>>>\x00\x00\x00\x00\x00\x00\x00\x00\x00...\x00\x00\x00\x00\x00\x00\x00},spc=false,eof=false,err=null},i=null,error=false,c=HttpChannelOverHttp@5a7fec36{s=HttpChannelState@1f7d791d{s=HANDLING rs=BLOCKING os=OPEN is=IDLE awp=false se=false i=true al=0},r=1,c=false/false,a=HANDLING,uri=http://localhost:53849/print-validade,age=0}]
10:49:16.472 [JettyServerThreadPool-69] DEBUG org.eclipse.jetty.server.AsyncContentProducer -- nextContent = Content@be69668{DirectByteBufferR@365da8d0[p=263,l=374,c=8192,r=111]={POST /pri...son\r\n\r\n<<<{"productName":"Bolo de T...elType":"SIXTY_TWO_MM"}>>>\x00\x00\x00\x00\x00\x00\x00\x00\x00...\x00\x00\x00\x00\x00\x00\x00},spc=false,eof=false,err=null} AsyncContentProducer@2b465276[r=Content@be69668{DirectByteBufferR@365da8d0[p=263,l=374,c=8192,r=111]={POST /pri...son\r\n\r\n<<<{"productName":"Bolo de T...elType":"SIXTY_TWO_MM"}>>>\x00\x00\x00\x00\x00\x00\x00\x00\x00...\x00\x00\x00\x00\x00\x00\x00},spc=false,eof=false,err=null},t=Content@be69668{DirectByteBufferR@365da8d0[p=263,l=374,c=8192,r=111]={POST /pri...son\r\n\r\n<<<{"productName":"Bolo de T...elType":"SIXTY_TWO_MM"}>>>\x00\x00\x00\x00\x00\x00\x00\x00\x00...\x00\x00\x00\x00\x00\x00\x00},spc=false,eof=false,err=null},i=null,error=false,c=HttpChannelOverHttp@5a7fec36{s=HttpChannelState@1f7d791d{s=HANDLING rs=BLOCKING os=OPEN is=IDLE awp=false se=false i=true al=0},r=1,c=false/false,a=HANDLING,uri=http://localhost:53849/print-validade,age=0}]
10:49:16.472 [JettyServerThreadPool-69] DEBUG org.eclipse.jetty.server.HttpChannelState -- onReadIdle HttpChannelState@1f7d791d{s=HANDLING rs=BLOCKING os=OPEN is=IDLE awp=false se=false i=true al=0}
10:49:16.472 [JettyServerThreadPool-69] DEBUG org.eclipse.jetty.server.BlockingContentProducer -- nextContent async producer returned Content@be69668{DirectByteBufferR@365da8d0[p=263,l=374,c=8192,r=111]={POST /pri...son\r\n\r\n<<<{"productName":"Bolo de T...elType":"SIXTY_TWO_MM"}>>>\x00\x00\x00\x00\x00\x00\x00\x00\x00...\x00\x00\x00\x00\x00\x00\x00},spc=false,eof=false,err=null}
10:49:16.472 [JettyServerThreadPool-69] DEBUG org.eclipse.jetty.server.HttpInput -- read produced 111 byte(s) HttpInput@1401799021 cs=HttpChannelState@1f7d791d{s=HANDLING rs=BLOCKING os=OPEN is=IDLE awp=false se=false i=true al=0} cp=org.eclipse.jetty.server.BlockingContentProducer@5ae8a483 eof=false
10:49:16.472 [JettyServerThreadPool-69] DEBUG org.eclipse.jetty.server.AsyncContentProducer -- reclaim Content@be69668{DirectByteBufferR@365da8d0[p=374,l=374,c=8192,r=0]={POST /pri...WO_MM"}<<<>>>\x00\x00\x00\x00\x00\x00\x00\x00\x00...\x00\x00\x00\x00\x00\x00\x00},spc=false,eof=false,err=null} AsyncContentProducer@2b465276[r=Content@be69668{DirectByteBufferR@365da8d0[p=374,l=374,c=8192,r=0]={POST /pri...WO_MM"}<<<>>>\x00\x00\x00\x00\x00\x00\x00\x00\x00...\x00\x00\x00\x00\x00\x00\x00},spc=false,eof=false,err=null},t=Content@be69668{DirectByteBufferR@365da8d0[p=374,l=374,c=8192,r=0]={POST /pri...WO_MM"}<<<>>>\x00\x00\x00\x00\x00\x00\x00\x00\x00...\x00\x00\x00\x00\x00\x00\x00},spc=false,eof=false,err=null},i=null,error=false,c=HttpChannelOverHttp@5a7fec36{s=HttpChannelState@1f7d791d{s=HANDLING rs=BLOCKING os=OPEN is=IDLE awp=false se=false i=true al=0},r=1,c=false/false,a=HANDLING,uri=http://localhost:53849/print-validade,age=0}]
10:49:16.472 [JettyServerThreadPool-69] DEBUG org.eclipse.jetty.server.AsyncContentProducer -- checkMinDataRate [m=0,t=3199650472600] AsyncContentProducer@2b465276[r=null,t=null,i=null,error=false,c=HttpChannelOverHttp@5a7fec36{s=HttpChannelState@1f7d791d{s=HANDLING rs=BLOCKING os=OPEN is=IDLE awp=false se=false i=true al=0},r=1,c=false/false,a=HANDLING,uri=http://localhost:53849/print-validade,age=0}]
10:49:16.472 [JettyServerThreadPool-69] DEBUG org.eclipse.jetty.server.AsyncContentProducer -- nextTransformedContent AsyncContentProducer@2b465276[r=null,t=null,i=null,error=false,c=HttpChannelOverHttp@5a7fec36{s=HttpChannelState@1f7d791d{s=HANDLING rs=BLOCKING os=OPEN is=IDLE awp=false se=false i=true al=0},r=1,c=false/false,a=HANDLING,uri=http://localhost:53849/print-validade,age=0}]
10:49:16.472 [JettyServerThreadPool-69] DEBUG org.eclipse.jetty.server.AsyncContentProducer -- producing new raw content AsyncContentProducer@2b465276[r=null,t=null,i=null,error=false,c=HttpChannelOverHttp@5a7fec36{s=HttpChannelState@1f7d791d{s=HANDLING rs=BLOCKING os=OPEN is=IDLE awp=false se=false i=true al=0},r=1,c=false/false,a=HANDLING,uri=http://localhost:53849/print-validade,age=0}]
10:49:16.472 [JettyServerThreadPool-69] DEBUG org.eclipse.jetty.server.HttpChannelOverHttp -- produceContent has no content, parsing and filling
10:49:16.472 [JettyServerThreadPool-69] DEBUG org.eclipse.jetty.server.HttpConnection -- HttpConnection@73ac6003::SocketChannelEndPoint@50878746[{l=/127.0.0.1:53849,r=/127.0.0.1:53850,OPEN,fill=-,flush=-,to=3/30000}{io=0/0,kio=0,kro=1}]->[HttpConnection@73ac6003[p=HttpParser{s=CONTENT,111 of 111},g=HttpGenerator@b93a3ac{s=START}]=>HttpChannelOverHttp@5a7fec36{s=HttpChannelState@1f7d791d{s=HANDLING rs=BLOCKING os=OPEN is=IDLE awp=false se=false i=true al=0},r=1,c=false/false,a=HANDLING,uri=http://localhost:53849/print-validade,age=0}] parse RetainableByteBuffer@6bc96927{DirectByteBuffer@2ecbe29a[p=374,l=374,c=8192,r=0]={POST /pri...WO_MM"}<<<>>>\x00\x00\x00\x00\x00\x00\x00\x00\x00...\x00\x00\x00\x00\x00\x00\x00},r=1}
10:49:16.472 [JettyServerThreadPool-69] DEBUG org.eclipse.jetty.http.HttpParser -- parseNext s=CONTENT DirectByteBuffer@2ecbe29a[p=374,l=374,c=8192,r=0]={POST /pri...WO_MM"}<<<>>>\x00\x00\x00\x00\x00\x00\x00\x00\x00...\x00\x00\x00\x00\x00\x00\x00}
10:49:16.472 [JettyServerThreadPool-69] DEBUG org.eclipse.jetty.http.HttpParser -- CONTENT --> CONTENT_END
10:49:16.472 [JettyServerThreadPool-69] DEBUG org.eclipse.jetty.server.HttpChannel -- onContentComplete HttpChannelOverHttp@5a7fec36{s=HttpChannelState@1f7d791d{s=HANDLING rs=BLOCKING os=OPEN is=IDLE awp=false se=false i=true al=0},r=1,c=false/false,a=HANDLING,uri=http://localhost:53849/print-validade,age=0}
10:49:16.472 [JettyServerThreadPool-69] DEBUG org.eclipse.jetty.http.HttpParser -- CONTENT_END --> END
10:49:16.472 [JettyServerThreadPool-69] DEBUG org.eclipse.jetty.server.HttpChannel -- onRequestComplete HttpChannelOverHttp@5a7fec36{s=HttpChannelState@1f7d791d{s=HANDLING rs=BLOCKING os=OPEN is=IDLE awp=false se=false i=true al=0},r=1,c=false/false,a=HANDLING,uri=http://localhost:53849/print-validade,age=0}
10:49:16.472 [JettyServerThreadPool-69] DEBUG org.eclipse.jetty.server.HttpChannelOverHttp -- received EOF, content = null
10:49:16.472 [JettyServerThreadPool-69] DEBUG org.eclipse.jetty.server.HttpConnection -- HttpConnection@73ac6003::SocketChannelEndPoint@50878746[{l=/127.0.0.1:53849,r=/127.0.0.1:53850,OPEN,fill=-,flush=-,to=3/30000}{io=0/0,kio=0,kro=1}]->[HttpConnection@73ac6003[p=HttpParser{s=END,111 of 111},g=HttpGenerator@b93a3ac{s=START}]=>HttpChannelOverHttp@5a7fec36{s=HttpChannelState@1f7d791d{s=HANDLING rs=BLOCKING os=OPEN is=IDLE awp=false se=false i=true al=0},r=1,c=false/false,a=HANDLING,uri=http://localhost:53849/print-validade,age=0}] parsed false HttpParser{s=END,111 of 111}
10:49:16.472 [JettyServerThreadPool-69] DEBUG org.eclipse.jetty.server.HttpConnection -- releaseRequestBuffer HttpConnection@73ac6003::SocketChannelEndPoint@50878746[{l=/127.0.0.1:53849,r=/127.0.0.1:53850,OPEN,fill=-,flush=-,to=3/30000}{io=0/0,kio=0,kro=1}]->[HttpConnection@73ac6003[p=HttpParser{s=END,111 of 111},g=HttpGenerator@b93a3ac{s=START}]=>HttpChannelOverHttp@5a7fec36{s=HttpChannelState@1f7d791d{s=HANDLING rs=BLOCKING os=OPEN is=IDLE awp=false se=false i=true al=0},r=1,c=false/false,a=HANDLING,uri=http://localhost:53849/print-validade,age=8}]
10:49:16.480 [JettyServerThreadPool-69] DEBUG org.eclipse.jetty.server.HttpChannelOverHttp -- produceContent produced EofContent
10:49:16.480 [JettyServerThreadPool-69] DEBUG org.eclipse.jetty.server.AsyncContentProducer -- produceRawContent updated rawContentArrived to 111 and firstByteTimeStamp to 3199650472600 AsyncContentProducer@2b465276[r=null,t=null,i=null,error=false,c=HttpChannelOverHttp@5a7fec36{s=HttpChannelState@1f7d791d{s=HANDLING rs=BLOCKING os=OPEN is=IDLE awp=false se=false i=true al=0},r=1,c=false/false,a=HANDLING,uri=http://localhost:53849/print-validade,age=8}]
10:49:16.480 [JettyServerThreadPool-69] DEBUG org.eclipse.jetty.server.AsyncContentProducer -- produceRawContent produced EofContent AsyncContentProducer@2b465276[r=null,t=null,i=null,error=false,c=HttpChannelOverHttp@5a7fec36{s=HttpChannelState@1f7d791d{s=HANDLING rs=BLOCKING os=OPEN is=IDLE awp=false se=false i=true al=0},r=1,c=false/false,a=HANDLING,uri=http://localhost:53849/print-validade,age=8}]
10:49:16.480 [JettyServerThreadPool-69] DEBUG org.eclipse.jetty.server.AsyncContentProducer -- transforming raw content AsyncContentProducer@2b465276[r=EofContent,t=null,i=null,error=false,c=HttpChannelOverHttp@5a7fec36{s=HttpChannelState@1f7d791d{s=HANDLING rs=BLOCKING os=OPEN is=IDLE awp=false se=false i=true al=0},r=1,c=false/false,a=HANDLING,uri=http://localhost:53849/print-validade,age=8}]
10:49:16.480 [JettyServerThreadPool-69] DEBUG org.eclipse.jetty.server.AsyncContentProducer -- no interceptor, transformed content is raw content AsyncContentProducer@2b465276[r=EofContent,t=null,i=null,error=false,c=HttpChannelOverHttp@5a7fec36{s=HttpChannelState@1f7d791d{s=HANDLING rs=BLOCKING os=OPEN is=IDLE awp=false se=false i=true al=0},r=1,c=false/false,a=HANDLING,uri=http://localhost:53849/print-validade,age=8}]
10:49:16.480 [JettyServerThreadPool-69] DEBUG org.eclipse.jetty.server.AsyncContentProducer -- transformed content not yet depleted, returning it AsyncContentProducer@2b465276[r=EofContent,t=EofContent,i=null,error=false,c=HttpChannelOverHttp@5a7fec36{s=HttpChannelState@1f7d791d{s=HANDLING rs=BLOCKING os=OPEN is=IDLE awp=false se=false i=true al=0},r=1,c=false/false,a=HANDLING,uri=http://localhost:53849/print-validade,age=8}]
10:49:16.480 [JettyServerThreadPool-69] DEBUG org.eclipse.jetty.server.AsyncContentProducer -- nextContent = EofContent AsyncContentProducer@2b465276[r=EofContent,t=EofContent,i=null,error=false,c=HttpChannelOverHttp@5a7fec36{s=HttpChannelState@1f7d791d{s=HANDLING rs=BLOCKING os=OPEN is=IDLE awp=false se=false i=true al=0},r=1,c=false/false,a=HANDLING,uri=http://localhost:53849/print-validade,age=8}]
10:49:16.480 [JettyServerThreadPool-69] DEBUG org.eclipse.jetty.server.HttpChannelState -- onReadIdle HttpChannelState@1f7d791d{s=HANDLING rs=BLOCKING os=OPEN is=IDLE awp=false se=false i=true al=0}
10:49:16.480 [JettyServerThreadPool-69] DEBUG org.eclipse.jetty.server.BlockingContentProducer -- nextContent async producer returned EofContent
10:49:16.480 [JettyServerThreadPool-69] DEBUG org.eclipse.jetty.server.HttpInput -- read error=null HttpInput@1401799021 cs=HttpChannelState@1f7d791d{s=HANDLING rs=BLOCKING os=OPEN is=IDLE awp=false se=false i=true al=0} cp=org.eclipse.jetty.server.BlockingContentProducer@5ae8a483 eof=false
10:49:16.480 [JettyServerThreadPool-69] DEBUG org.eclipse.jetty.server.HttpInput -- read at EOF, setting consumed EOF to true HttpInput@1401799021 cs=HttpChannelState@1f7d791d{s=HANDLING rs=BLOCKING os=OPEN is=IDLE awp=false se=false i=true al=0} cp=org.eclipse.jetty.server.BlockingContentProducer@5ae8a483 eof=false
10:49:16.480 [JettyServerThreadPool-69] DEBUG org.eclipse.jetty.server.BlockingContentProducer -- onContentProducible releasing semaphore LockedSemaphore permits=0 unready=false
10:49:16.483 [JettyServerThreadPool-69] INFO controller.PrintController -- Recebida requisição para /print-validade: {"productName":"Bolo de Teste","mfgDate":"2025-08-04","validityDays":5,"quantity":2,"labelType":"SIXTY_TWO_MM"}
10:49:16.483 [JettyServerThreadPool-69] DEBUG org.eclipse.jetty.server.HttpOutput -- write(array HeapByteBuffer@290ece24[p=0,l=41,c=4096,r=41]={<<<Etiqueta de validade enviada com sucesso!>>>\x00\x00\x00\x00\x00\x00\x00\x00\x00...\x00\x00\x00\x00\x00\x00\x00})
10:49:16.485 [JettyServerThreadPool-69] DEBUG org.eclipse.jetty.server.HttpOutput -- write(array) s=OPEN,api=BLOCKING,sc=false,e=null aggregated !flush DirectByteBuffer@3042fc91[p=0,l=41,c=32768,r=41]={<<<Etiqueta de validade enviada com sucesso!>>>\x00\x00\x00\x00\x00\x00\x00\x00\x00...\x00\x00\x00\x00\x00\x00\x00}
10:49:16.485 [JettyServerThreadPool-69] DEBUG org.eclipse.jetty.server.session.SessionHandler -- Leaving scope org.eclipse.jetty.server.session.SessionHandler1249890505==dftMaxIdleSec=-1 dispatch=REQUEST, async=false, session=null, oldsession=null, oldsessionhandler=null
10:49:16.485 [JettyServerThreadPool-69] DEBUG org.eclipse.jetty.server.Server -- handled=true async=false committed=false on HttpChannelOverHttp@5a7fec36{s=HttpChannelState@1f7d791d{s=HANDLING rs=BLOCKING os=OPEN is=IDLE awp=false se=false i=true al=0},r=1,c=false/false,a=HANDLING,uri=http://localhost:53849/print-validade,age=13}
10:49:16.485 [JettyServerThreadPool-69] DEBUG org.eclipse.jetty.server.HttpChannelState -- unhandle HttpChannelState@1f7d791d{s=HANDLING rs=BLOCKING os=OPEN is=IDLE awp=false se=false i=true al=0}
10:49:16.485 [JettyServerThreadPool-69] DEBUG org.eclipse.jetty.server.HttpChannelState -- nextAction(false) COMPLETE HttpChannelState@1f7d791d{s=HANDLING rs=COMPLETING os=OPEN is=IDLE awp=false se=false i=false al=0}
10:49:16.485 [JettyServerThreadPool-69] DEBUG org.eclipse.jetty.server.HttpChannel -- action COMPLETE HttpChannelOverHttp@5a7fec36{s=HttpChannelState@1f7d791d{s=HANDLING rs=COMPLETING os=OPEN is=IDLE awp=false se=false i=false al=0},r=1,c=false/false,a=HANDLING,uri=http://localhost:53849/print-validade,age=13}
10:49:16.485 [JettyServerThreadPool-69] DEBUG org.eclipse.jetty.server.HttpInput -- consumeAll HttpInput@1401799021 cs=HttpChannelState@1f7d791d{s=HANDLING rs=COMPLETING os=OPEN is=IDLE awp=false se=false i=false al=0} cp=org.eclipse.jetty.server.BlockingContentProducer@5ae8a483 eof=true
10:49:16.485 [JettyServerThreadPool-69] DEBUG org.eclipse.jetty.server.HttpChannelOverHttp -- failing all content with org.eclipse.jetty.util.StaticException: Unconsumed content HttpChannelOverHttp@5a7fec36{s=HttpChannelState@1f7d791d{s=HANDLING rs=COMPLETING os=OPEN is=IDLE awp=false se=false i=false al=0},r=1,c=false/false,a=HANDLING,uri=http://localhost:53849/print-validade,age=13}
10:49:16.485 [JettyServerThreadPool-69] DEBUG org.eclipse.jetty.server.AsyncContentProducer -- failed all content of http channel EOF=true AsyncContentProducer@2b465276[r=ErrorContent [org.eclipse.jetty.util.StaticException: Unconsumed content],t=ErrorContent [org.eclipse.jetty.util.StaticException: Unconsumed content],i=null,error=false,c=HttpChannelOverHttp@5a7fec36{s=HttpChannelState@1f7d791d{s=HANDLING rs=COMPLETING os=OPEN is=IDLE awp=false se=false i=false al=0},r=1,c=false/false,a=HANDLING,uri=http://localhost:53849/print-validade,age=13}]
10:49:16.485 [JettyServerThreadPool-69] DEBUG org.eclipse.jetty.server.HttpInput -- isFinished=true HttpInput@1401799021 cs=HttpChannelState@1f7d791d{s=HANDLING rs=COMPLETING os=OPEN is=IDLE awp=false se=false i=false al=0} cp=org.eclipse.jetty.server.BlockingContentProducer@5ae8a483 eof=true
10:49:16.485 [JettyServerThreadPool-69] DEBUG org.eclipse.jetty.server.AsyncContentProducer -- isError = false AsyncContentProducer@2b465276[r=ErrorContent [org.eclipse.jetty.util.StaticException: Unconsumed content],t=ErrorContent [org.eclipse.jetty.util.StaticException: Unconsumed content],i=null,error=false,c=HttpChannelOverHttp@5a7fec36{s=HttpChannelState@1f7d791d{s=HANDLING rs=COMPLETING os=OPEN is=IDLE awp=false se=false i=false al=0},r=1,c=false/false,a=HANDLING,uri=http://localhost:53849/print-validade,age=13}]
10:49:16.485 [JettyServerThreadPool-69] DEBUG org.eclipse.jetty.server.HttpInput -- isError=false HttpInput@1401799021 cs=HttpChannelState@1f7d791d{s=HANDLING rs=COMPLETING os=OPEN is=IDLE awp=false se=false i=false al=0} cp=org.eclipse.jetty.server.BlockingContentProducer@5ae8a483 eof=true
10:49:16.485 [JettyServerThreadPool-69] DEBUG org.eclipse.jetty.server.HttpOutput -- complete(org.eclipse.jetty.util.Callback$3@fa86927) s=CLOSING,api=BLOCKED,sc=false,e=null s=false e=null, c=DirectByteBuffer@3042fc91[p=0,l=41,c=32768,r=41]={<<<Etiqueta de validade enviada com sucesso!>>>\x00\x00\x00\x00\x00\x00\x00\x00\x00...\x00\x00\x00\x00\x00\x00\x00}
10:49:16.485 [JettyServerThreadPool-69] DEBUG org.eclipse.jetty.server.HttpChannel -- sendResponse info=null content=DirectByteBuffer@3042fc91[p=0,l=41,c=32768,r=41]={<<<Etiqueta de validade enviada com sucesso!>>>\x00\x00\x00\x00\x00\x00\x00\x00\x00...\x00\x00\x00\x00\x00\x00\x00} complete=true committing=true callback=org.eclipse.jetty.server.HttpOutput$WriteCompleteCB@54e85b2a
10:49:16.485 [JettyServerThreadPool-69] DEBUG org.eclipse.jetty.server.HttpChannel -- COMMIT for /print-validade on HttpChannelOverHttp@5a7fec36{s=HttpChannelState@1f7d791d{s=HANDLING rs=COMPLETING os=COMMITTED is=IDLE awp=false se=false i=false al=0},r=1,c=false/false,a=HANDLING,uri=http://localhost:53849/print-validade,age=13}
200 null HTTP/1.1
Date: Mon, 11 Aug 2025 13:49:16 GMT
Content-Type: text/plain


10:49:16.485 [JettyServerThreadPool-69] DEBUG org.eclipse.jetty.server.HttpConnection -- generate: NEED_HEADER for SendCallback@bc8c07d[PROCESSING][i=HTTP/1.1{s=200,h=2,cl=-1},cb=org.eclipse.jetty.server.HttpChannel$SendCallback@2cc913e1] (null,[p=0,l=41,c=32768,r=41],true)@START
10:49:16.485 [JettyServerThreadPool-69] DEBUG org.eclipse.jetty.http.HttpGenerator -- generateHeaders HTTP/1.1{s=200,h=2,cl=-1} last=true content=DirectByteBuffer@3042fc91[p=0,l=41,c=32768,r=41]={<<<Etiqueta de validade enviada com sucesso!>>>\x00\x00\x00\x00\x00\x00\x00\x00\x00...\x00\x00\x00\x00\x00\x00\x00}
10:49:16.485 [JettyServerThreadPool-69] DEBUG org.eclipse.jetty.http.HttpGenerator -- Date: Mon, 11 Aug 2025 13:49:16 GMT
Content-Type: text/plain


10:49:16.485 [JettyServerThreadPool-69] DEBUG org.eclipse.jetty.http.HttpGenerator -- CONTENT_LENGTH
10:49:16.485 [JettyServerThreadPool-69] DEBUG org.eclipse.jetty.server.HttpConnection -- generate: FLUSH for SendCallback@bc8c07d[PROCESSING][i=HTTP/1.1{s=200,h=2,cl=-1},cb=org.eclipse.jetty.server.HttpChannel$SendCallback@2cc913e1] ([p=0,l=102,c=8192,r=102],[p=0,l=41,c=32768,r=41],true)@COMPLETING
10:49:16.485 [JettyServerThreadPool-69] DEBUG org.eclipse.jetty.io.WriteFlusher -- write: WriteFlusher@76439023{IDLE}->null [DirectByteBuffer@6064b60e[p=0,l=102,c=8192,r=102]={<<<HTTP/1.1 200 OK\r\nDate: Mo...\nContent-Length: 41\r\n\r\n>>>\x00\x00\x00\x00\x00\x00\x00\x00\x00...\x00\x00\x00\x00\x00\x00\x00},DirectByteBuffer@3042fc91[p=0,l=41,c=32768,r=41]={<<<Etiqueta de validade enviada com sucesso!>>>\x00\x00\x00\x00\x00\x00\x00\x00\x00...\x00\x00\x00\x00\x00\x00\x00}]
10:49:16.485 [JettyServerThreadPool-69] DEBUG org.eclipse.jetty.io.WriteFlusher -- update WriteFlusher@76439023{WRITING}->null:IDLE-->WRITING
10:49:16.485 [JettyServerThreadPool-69] DEBUG org.eclipse.jetty.io.SocketChannelEndPoint -- flushed 143 SocketChannelEndPoint@50878746[{l=/127.0.0.1:53849,r=/127.0.0.1:53850,OPEN,fill=-,flush=W,to=10/30000}{io=0/0,kio=0,kro=1}]->[HttpConnection@73ac6003[p=HttpParser{s=END,111 of 111},g=HttpGenerator@b93a3ac{s=COMPLETING}]=>HttpChannelOverHttp@5a7fec36{s=HttpChannelState@1f7d791d{s=HANDLING rs=COMPLETING os=COMMITTED is=IDLE awp=false se=false i=false al=0},r=1,c=false/false,a=HANDLING,uri=http://localhost:53849/print-validade,age=15}]
10:49:16.487 [JettyServerThreadPool-69] DEBUG org.eclipse.jetty.io.WriteFlusher -- Flushed=true written=143 remaining=0 WriteFlusher@76439023{WRITING}->null
10:49:16.487 [JettyServerThreadPool-69] DEBUG org.eclipse.jetty.io.WriteFlusher -- update WriteFlusher@76439023{IDLE}->null:WRITING-->IDLE
10:49:16.487 [JettyServerThreadPool-69] DEBUG org.eclipse.jetty.server.HttpConnection -- generate: DONE for SendCallback@bc8c07d[PROCESSING][i=HTTP/1.1{s=200,h=2,cl=-1},cb=org.eclipse.jetty.server.HttpChannel$SendCallback@2cc913e1] ([p=102,l=102,c=8192,r=0],[p=41,l=41,c=32768,r=0],true)@END
10:49:16.487 [JettyServerThreadPool-69] DEBUG org.eclipse.jetty.server.HttpOutput -- onWriteComplete(true,null) s=CLOSING,api=BLOCKED,sc=false,e=null->s=CLOSED,api=BLOCKING,sc=false,e=null c=null cb=org.eclipse.jetty.util.Callback$3@fa86927 w=false
10:49:16.487 [JettyServerThreadPool-69] DEBUG org.eclipse.jetty.server.HttpChannelState -- completed HttpChannelState@1f7d791d{s=HANDLING rs=COMPLETING os=COMPLETED is=IDLE awp=false se=false i=false al=0}
10:49:16.487 [JettyServerThreadPool-69] DEBUG org.eclipse.jetty.server.HttpChannelState -- unhandle HttpChannelState@1f7d791d{s=HANDLING rs=COMPLETED os=COMPLETED is=IDLE awp=false se=false i=false al=0}
10:49:16.487 [JettyServerThreadPool-69] DEBUG org.eclipse.jetty.server.HttpChannelState -- nextAction(false) TERMINATED HttpChannelState@1f7d791d{s=IDLE rs=COMPLETED os=COMPLETED is=IDLE awp=false se=false i=false al=0}
10:49:16.487 [JettyServerThreadPool-69] DEBUG org.eclipse.jetty.server.HttpChannel -- action TERMINATED HttpChannelOverHttp@5a7fec36{s=HttpChannelState@1f7d791d{s=IDLE rs=COMPLETED os=COMPLETED is=IDLE awp=false se=false i=false al=0},r=1,c=true/true,a=IDLE,uri=http://localhost:53849/print-validade,age=15}
10:49:16.487 [JettyServerThreadPool-69] DEBUG org.eclipse.jetty.server.HttpChannel -- onCompleted for /print-validade written=41
10:49:16.487 [JettyServerThreadPool-69] DEBUG org.eclipse.jetty.server.HttpInput -- consumeAll HttpInput@1401799021 cs=HttpChannelState@1f7d791d{s=IDLE rs=COMPLETED os=COMPLETED is=IDLE awp=false se=false i=false al=0} cp=org.eclipse.jetty.server.BlockingContentProducer@5ae8a483 eof=true
10:49:16.487 [JettyServerThreadPool-69] DEBUG org.eclipse.jetty.server.HttpChannelOverHttp -- failing all content with org.eclipse.jetty.util.StaticException: Unconsumed content HttpChannelOverHttp@5a7fec36{s=HttpChannelState@1f7d791d{s=IDLE rs=COMPLETED os=COMPLETED is=IDLE awp=false se=false i=false al=0},r=1,c=true/true,a=IDLE,uri=http://localhost:53849/print-validade,age=15}
10:49:16.487 [JettyServerThreadPool-69] DEBUG org.eclipse.jetty.server.AsyncContentProducer -- failed all content of http channel EOF=true AsyncContentProducer@2b465276[r=ErrorContent [org.eclipse.jetty.util.StaticException: Unconsumed content],t=ErrorContent [org.eclipse.jetty.util.StaticException: Unconsumed content],i=null,error=false,c=HttpChannelOverHttp@5a7fec36{s=HttpChannelState@1f7d791d{s=IDLE rs=COMPLETED os=COMPLETED is=IDLE awp=false se=false i=false al=0},r=1,c=true/true,a=IDLE,uri=http://localhost:53849/print-validade,age=15}]
10:49:16.487 [JettyServerThreadPool-69] DEBUG org.eclipse.jetty.server.HttpInput -- isFinished=true HttpInput@1401799021 cs=HttpChannelState@1f7d791d{s=IDLE rs=COMPLETED os=COMPLETED is=IDLE awp=false se=false i=false al=0} cp=org.eclipse.jetty.server.BlockingContentProducer@5ae8a483 eof=true
10:49:16.487 [JettyServerThreadPool-69] DEBUG org.eclipse.jetty.server.AsyncContentProducer -- isError = false AsyncContentProducer@2b465276[r=ErrorContent [org.eclipse.jetty.util.StaticException: Unconsumed content],t=ErrorContent [org.eclipse.jetty.util.StaticException: Unconsumed content],i=null,error=false,c=HttpChannelOverHttp@5a7fec36{s=HttpChannelState@1f7d791d{s=IDLE rs=COMPLETED os=COMPLETED is=IDLE awp=false se=false i=false al=0},r=1,c=true/true,a=IDLE,uri=http://localhost:53849/print-validade,age=15}]
10:49:16.487 [JettyServerThreadPool-69] DEBUG org.eclipse.jetty.server.HttpInput -- isError=false HttpInput@1401799021 cs=HttpChannelState@1f7d791d{s=IDLE rs=COMPLETED os=COMPLETED is=IDLE awp=false se=false i=false al=0} cp=org.eclipse.jetty.server.BlockingContentProducer@5ae8a483 eof=true
10:49:16.487 [JettyServerThreadPool-69] DEBUG org.eclipse.jetty.server.HttpChannelState -- recycle HttpChannelState@1f7d791d{s=IDLE rs=COMPLETED os=COMPLETED is=IDLE awp=false se=false i=false al=0}
10:49:16.487 [JettyServerThreadPool-69] DEBUG org.eclipse.jetty.server.HttpInput -- recycle HttpInput@1401799021 cs=HttpChannelState@1f7d791d{s=IDLE rs=BLOCKING os=OPEN is=IDLE awp=false se=false i=true al=0} cp=org.eclipse.jetty.server.BlockingContentProducer@5ae8a483 eof=true
10:49:16.487 [JettyServerThreadPool-69] DEBUG org.eclipse.jetty.server.BlockingContentProducer -- recycling org.eclipse.jetty.server.BlockingContentProducer@5ae8a483
10:49:16.487 [JettyServerThreadPool-69] DEBUG org.eclipse.jetty.server.AsyncContentProducer -- recycling AsyncContentProducer@2b465276[r=ErrorContent [org.eclipse.jetty.util.StaticException: Unconsumed content],t=ErrorContent [org.eclipse.jetty.util.StaticException: Unconsumed content],i=null,error=false,c=HttpChannelOverHttp@5a7fec36{s=HttpChannelState@1f7d791d{s=IDLE rs=BLOCKING os=OPEN is=IDLE awp=false se=false i=true al=0},r=1,c=false/false,a=IDLE,uri=http://localhost:53849/print-validade,age=15}]
10:49:16.487 [JettyServerThreadPool-69] DEBUG org.eclipse.jetty.http.HttpParser -- reset HttpParser{s=END,111 of 111}
10:49:16.487 [JettyServerThreadPool-69] DEBUG org.eclipse.jetty.http.HttpParser -- END --> START
10:49:16.487 [JettyServerThreadPool-69] DEBUG org.eclipse.jetty.server.HttpChannel -- !handle TERMINATED HttpChannelOverHttp@5a7fec36{s=HttpChannelState@1f7d791d{s=IDLE rs=BLOCKING os=OPEN is=IDLE awp=false se=false i=true al=0},r=1,c=false/false,a=IDLE,uri=null,age=0}
10:49:16.487 [JettyServerThreadPool-69] DEBUG org.eclipse.jetty.io.SocketChannelEndPoint -- filled 0 DirectByteBuffer@2ecbe29a[p=0,l=0,c=8192,r=0]={<<<>>>POST /pri...\x00\x00\x00\x00\x00\x00\x00}
10:49:16.487 [JettyServerThreadPool-69] DEBUG org.eclipse.jetty.io.SocketChannelEndPoint -- filled 0 DirectByteBuffer@2ecbe29a[p=0,l=0,c=8192,r=0]={<<<>>>POST /pri...\x00\x00\x00\x00\x00\x00\x00}
10:49:16.487 [JettyServerThreadPool-69] DEBUG org.eclipse.jetty.server.HttpConnection -- HttpConnection@73ac6003::SocketChannelEndPoint@50878746[{l=/127.0.0.1:53849,r=/127.0.0.1:53850,OPEN,fill=-,flush=-,to=1/30000}{io=0/0,kio=0,kro=1}]->[HttpConnection@73ac6003[p=HttpParser{s=START,0 of -1},g=HttpGenerator@b93a3ac{s=START}]=>HttpChannelOverHttp@5a7fec36{s=HttpChannelState@1f7d791d{s=IDLE rs=BLOCKING os=OPEN is=IDLE awp=false se=false i=true al=0},r=1,c=false/false,a=IDLE,uri=null,age=0}] filled 0 RetainableByteBuffer@6bc96927{DirectByteBuffer@2ecbe29a[p=0,l=0,c=8192,r=0]={<<<>>>POST /pri...\x00\x00\x00\x00\x00\x00\x00},r=1}
10:49:16.487 [JettyServerThreadPool-69] DEBUG org.eclipse.jetty.server.HttpConnection -- HttpConnection@73ac6003::SocketChannelEndPoint@50878746[{l=/127.0.0.1:53849,r=/127.0.0.1:53850,OPEN,fill=-,flush=-,to=1/30000}{io=0/0,kio=0,kro=1}]->[HttpConnection@73ac6003[p=HttpParser{s=START,0 of -1},g=HttpGenerator@b93a3ac{s=START}]=>HttpChannelOverHttp@5a7fec36{s=HttpChannelState@1f7d791d{s=IDLE rs=BLOCKING os=OPEN is=IDLE awp=false se=false i=true al=0},r=1,c=false/false,a=IDLE,uri=null,age=0}] parse RetainableByteBuffer@6bc96927{DirectByteBuffer@2ecbe29a[p=0,l=0,c=8192,r=0]={<<<>>>POST /pri...\x00\x00\x00\x00\x00\x00\x00},r=1}
10:49:16.487 [JettyServerThreadPool-69] DEBUG org.eclipse.jetty.http.HttpParser -- parseNext s=START DirectByteBuffer@2ecbe29a[p=0,l=0,c=8192,r=0]={<<<>>>POST /pri...\x00\x00\x00\x00\x00\x00\x00}
10:49:16.487 [JettyServerThreadPool-69] DEBUG org.eclipse.jetty.server.HttpConnection -- HttpConnection@73ac6003::SocketChannelEndPoint@50878746[{l=/127.0.0.1:53849,r=/127.0.0.1:53850,OPEN,fill=-,flush=-,to=1/30000}{io=0/0,kio=0,kro=1}]->[HttpConnection@73ac6003[p=HttpParser{s=START,0 of -1},g=HttpGenerator@b93a3ac{s=START}]=>HttpChannelOverHttp@5a7fec36{s=HttpChannelState@1f7d791d{s=IDLE rs=BLOCKING os=OPEN is=IDLE awp=false se=false i=true al=0},r=1,c=false/false,a=IDLE,uri=null,age=0}] parsed false HttpParser{s=START,0 of -1}
10:49:16.487 [JettyServerThreadPool-69] DEBUG org.eclipse.jetty.server.HttpConnection -- releaseRequestBuffer HttpConnection@73ac6003::SocketChannelEndPoint@50878746[{l=/127.0.0.1:53849,r=/127.0.0.1:53850,OPEN,fill=-,flush=-,to=1/30000}{io=0/0,kio=0,kro=1}]->[HttpConnection@73ac6003[p=HttpParser{s=START,0 of -1},g=HttpGenerator@b93a3ac{s=START}]=>HttpChannelOverHttp@5a7fec36{s=HttpChannelState@1f7d791d{s=IDLE rs=BLOCKING os=OPEN is=IDLE awp=false se=false i=true al=0},r=1,c=false/false,a=IDLE,uri=null,age=0}]
10:49:16.487 [JettyServerThreadPool-69] DEBUG org.eclipse.jetty.io.AbstractConnection -- fillInterested HttpConnection@73ac6003::SocketChannelEndPoint@50878746[{l=/127.0.0.1:53849,r=/127.0.0.1:53850,OPEN,fill=-,flush=-,to=1/30000}{io=0/0,kio=0,kro=1}]->[HttpConnection@73ac6003[p=HttpParser{s=START,0 of -1},g=HttpGenerator@b93a3ac{s=START}]=>HttpChannelOverHttp@5a7fec36{s=HttpChannelState@1f7d791d{s=IDLE rs=BLOCKING os=OPEN is=IDLE awp=false se=false i=true al=0},r=1,c=false/false,a=IDLE,uri=null,age=0}]
10:49:16.487 [JettyServerThreadPool-69] DEBUG org.eclipse.jetty.io.FillInterest -- interested FillInterest@7f528652{ReadCallback@6f6e5dc3{HttpConnection@73ac6003::SocketChannelEndPoint@50878746[{l=/127.0.0.1:53849,r=/127.0.0.1:53850,OPEN,fill=FI,flush=-,to=0/30000}{io=0/0,kio=0,kro=1}]->[HttpConnection@73ac6003[p=HttpParser{s=START,0 of -1},g=HttpGenerator@b93a3ac{s=START}]=>HttpChannelOverHttp@5a7fec36{s=HttpChannelState@1f7d791d{s=IDLE rs=BLOCKING os=OPEN is=IDLE awp=false se=false i=true al=0},r=1,c=false/false,a=IDLE,uri=null,age=0}]}}
10:49:16.487 [JettyServerThreadPool-69] DEBUG org.eclipse.jetty.io.SelectableChannelEndPoint -- changeInterests p=false 0->1 for SocketChannelEndPoint@50878746[{l=/127.0.0.1:53849,r=/127.0.0.1:53850,OPEN,fill=FI,flush=-,to=0/30000}{io=0/1,kio=0,kro=1}]->[HttpConnection@73ac6003[p=HttpParser{s=START,0 of -1},g=HttpGenerator@b93a3ac{s=START}]=>HttpChannelOverHttp@5a7fec36{s=HttpChannelState@1f7d791d{s=IDLE rs=BLOCKING os=OPEN is=IDLE awp=false se=false i=true al=0},r=1,c=false/false,a=IDLE,uri=null,age=0}]
10:49:16.489 [JettyServerThreadPool-69] DEBUG org.eclipse.jetty.io.ManagedSelector -- Queued change lazy=false org.eclipse.jetty.io.SelectableChannelEndPoint$$Lambda/0x000001e32638bc78@68fb441 on ManagedSelector@329bad59{STARTED} id=1 keys=1 selected=0 updates=0
10:49:16.489 [JettyServerThreadPool-69] DEBUG org.eclipse.jetty.io.ManagedSelector -- Wakeup on submit ManagedSelector@329bad59{STARTED} id=1 keys=1 selected=0 updates=1
10:49:16.489 [JettyServerThreadPool-55] DEBUG org.eclipse.jetty.io.ManagedSelector -- Selector sun.nio.ch.WEPollSelectorImpl@504fe60e woken with none selected
10:49:16.489 [JettyServerThreadPool-69] DEBUG org.eclipse.jetty.server.HttpConnection -- HttpConnection@73ac6003::SocketChannelEndPoint@50878746[{l=/127.0.0.1:53849,r=/127.0.0.1:53850,OPEN,fill=FI,flush=-,to=0/30000}{io=0/1,kio=0,kro=1}]->[HttpConnection@73ac6003[p=HttpParser{s=START,0 of -1},g=HttpGenerator@b93a3ac{s=START}]=>HttpChannelOverHttp@5a7fec36{s=HttpChannelState@1f7d791d{s=IDLE rs=BLOCKING os=OPEN is=IDLE awp=false se=false i=true al=0},r=1,c=false/false,a=IDLE,uri=null,age=0}] onFillable exit HttpChannelState@1f7d791d{s=IDLE rs=BLOCKING os=OPEN is=IDLE awp=false se=false i=true al=0} null
10:49:16.489 [JettyServerThreadPool-55] DEBUG org.eclipse.jetty.io.ManagedSelector -- Selector sun.nio.ch.WEPollSelectorImpl@504fe60e woken up from select, 0/0/1 selected
10:49:16.489 [JettyServerThreadPool-55] DEBUG org.eclipse.jetty.io.ManagedSelector -- Selector sun.nio.ch.WEPollSelectorImpl@504fe60e processing 0 keys, 1 updates
10:49:16.489 [JettyServerThreadPool-55] DEBUG org.eclipse.jetty.io.ManagedSelector -- updateable 1
10:49:16.489 [JettyServerThreadPool-55] DEBUG org.eclipse.jetty.io.ManagedSelector -- update org.eclipse.jetty.io.SelectableChannelEndPoint$$Lambda/0x000001e32638bc78@68fb441
10:49:16.489 [JettyServerThreadPool-69] DEBUG org.eclipse.jetty.util.thread.QueuedThreadPool -- ran SocketChannelEndPoint@50878746[{l=/127.0.0.1:53849,r=/127.0.0.1:53850,OPEN,fill=FI,flush=-,to=0/30000}{io=0/1,kio=0,kro=1}]->[HttpConnection@73ac6003[p=HttpParser{s=START,0 of -1},g=HttpGenerator@b93a3ac{s=START}]=>HttpChannelOverHttp@5a7fec36{s=HttpChannelState@1f7d791d{s=IDLE rs=BLOCKING os=OPEN is=IDLE awp=false se=false i=true al=0},r=1,c=false/false,a=IDLE,uri=null,age=0}]:runFillable:BLOCKING in QueuedThreadPool[JettyServerThreadPool]@48a0c8aa{STARTED,8<=9<=250,i=0,r=-1,t=59985ms,q=0}[ReservedThreadExecutor@44032fde{reserved=1/12,pending=0}]
10:49:16.489 [JettyServerThreadPool-69] DEBUG org.eclipse.jetty.util.thread.QueuedThreadPool -- Evict check, period=60000ms QueuedThreadPool[JettyServerThreadPool]@48a0c8aa{STARTED,8<=9<=250,i=1,r=-1,t=59985ms,q=0}[ReservedThreadExecutor@44032fde{reserved=1/12,pending=0}]
10:49:16.489 [JettyServerThreadPool-69] DEBUG org.eclipse.jetty.util.thread.QueuedThreadPool -- Evict skipped, threshold=119985ms in the future QueuedThreadPool[JettyServerThreadPool]@48a0c8aa{STARTED,8<=9<=250,i=1,r=-1,t=59985ms,q=0}[ReservedThreadExecutor@44032fde{reserved=1/12,pending=0}]
10:49:16.489 [JettyServerThreadPool-55] DEBUG org.eclipse.jetty.io.SelectableChannelEndPoint -- Key interests updated 0 -> 1 on SocketChannelEndPoint@50878746[{l=/127.0.0.1:53849,r=/127.0.0.1:53850,OPEN,fill=FI,flush=-,to=0/30000}{io=1/1,kio=1,kro=1}]->[HttpConnection@73ac6003[p=HttpParser{s=START,0 of -1},g=HttpGenerator@b93a3ac{s=START}]=>HttpChannelOverHttp@5a7fec36{s=HttpChannelState@1f7d791d{s=IDLE rs=BLOCKING os=OPEN is=IDLE awp=false se=false i=true al=0},r=1,c=false/false,a=IDLE,uri=null,age=0}]
10:49:16.489 [JettyServerThreadPool-55] DEBUG org.eclipse.jetty.io.ManagedSelector -- updates 0
10:49:16.489 [main] INFO io.javalin.Javalin -- Stopping Javalin ...
10:49:16.489 [JettyServerThreadPool-55] DEBUG org.eclipse.jetty.io.ManagedSelector -- Selector sun.nio.ch.WEPollSelectorImpl@504fe60e waiting with 1 keys
10:49:16.489 [main] DEBUG org.eclipse.jetty.util.component.AbstractLifeCycle -- STOPPING Server@3722c145{STARTED}[11.0.20,sto=0]
10:49:16.489 [main] INFO org.eclipse.jetty.server.Server -- Stopped Server@3722c145{STOPPING}[11.0.20,sto=0]
10:49:16.489 [main] DEBUG org.eclipse.jetty.server.Server -- doStop Server@3722c145{STOPPING}[11.0.20,sto=0]
10:49:16.489 [main] DEBUG org.eclipse.jetty.util.component.AbstractLifeCycle -- STOPPING ServerConnector@53d13cd4{HTTP/1.1, (http/1.1)}{0.0.0.0:53849}
10:49:16.489 [main] DEBUG org.eclipse.jetty.util.component.AbstractLifeCycle -- STOPPING SelectorManager@ServerConnector@53d13cd4{HTTP/1.1, (http/1.1)}{0.0.0.0:0}
10:49:16.490 [main] DEBUG org.eclipse.jetty.util.component.AbstractLifeCycle -- STOPPING ManagedSelector@d7109be{STARTED} id=5 keys=0 selected=0 updates=0
10:49:16.490 [main] DEBUG org.eclipse.jetty.io.ManagedSelector -- Queued change lazy=false org.eclipse.jetty.io.ManagedSelector$CloseConnections@3c78e551 on ManagedSelector@d7109be{STOPPING} id=5 keys=0 selected=0 updates=0
10:49:16.490 [main] DEBUG org.eclipse.jetty.io.ManagedSelector -- Wakeup on submit ManagedSelector@d7109be{STOPPING} id=5 keys=0 selected=0 updates=1
10:49:16.490 [JettyServerThreadPool-57] DEBUG org.eclipse.jetty.util.thread.QueuedThreadPool -- ran JettyServerThreadPool-57-acceptor-0@6920b0bc-ServerConnector@53d13cd4{HTTP/1.1, (http/1.1)}{0.0.0.0:53849} in QueuedThreadPool[JettyServerThreadPool]@48a0c8aa{STARTED,8<=9<=250,i=1,r=-1,t=59984ms,q=0}[ReservedThreadExecutor@44032fde{reserved=1/12,pending=0}]
10:49:16.490 [JettyServerThreadPool-59] DEBUG org.eclipse.jetty.io.ManagedSelector -- Selector sun.nio.ch.WEPollSelectorImpl@6446127a woken with none selected
10:49:16.490 [JettyServerThreadPool-57] DEBUG org.eclipse.jetty.util.thread.QueuedThreadPool -- Evict check, period=60000ms QueuedThreadPool[JettyServerThreadPool]@48a0c8aa{STARTED,8<=9<=250,i=2,r=-1,t=59984ms,q=0}[ReservedThreadExecutor@44032fde{reserved=1/12,pending=0}]
10:49:16.490 [JettyServerThreadPool-59] DEBUG org.eclipse.jetty.io.ManagedSelector -- Selector sun.nio.ch.WEPollSelectorImpl@6446127a woken up from select, 0/0/0 selected
10:49:16.490 [JettyServerThreadPool-59] DEBUG org.eclipse.jetty.io.ManagedSelector -- Selector sun.nio.ch.WEPollSelectorImpl@6446127a processing 0 keys, 1 updates
10:49:16.490 [JettyServerThreadPool-57] DEBUG org.eclipse.jetty.util.thread.QueuedThreadPool -- Evict skipped, threshold=119984ms in the future QueuedThreadPool[JettyServerThreadPool]@48a0c8aa{STARTED,8<=9<=250,i=2,r=-1,t=59984ms,q=0}[ReservedThreadExecutor@44032fde{reserved=1/12,pending=0}]
10:49:16.490 [JettyServerThreadPool-59] DEBUG org.eclipse.jetty.io.ManagedSelector -- updateable 1
10:49:16.490 [JettyServerThreadPool-59] DEBUG org.eclipse.jetty.io.ManagedSelector -- update org.eclipse.jetty.io.ManagedSelector$CloseConnections@3c78e551
10:49:16.490 [JettyServerThreadPool-59] DEBUG org.eclipse.jetty.io.ManagedSelector -- Closing 0 connections on ManagedSelector@d7109be{STOPPING} id=5 keys=0 selected=0 updates=0
10:49:16.490 [JettyServerThreadPool-59] DEBUG org.eclipse.jetty.io.ManagedSelector -- updates 0
10:49:16.490 [JettyServerThreadPool-59] DEBUG org.eclipse.jetty.io.ManagedSelector -- Selector sun.nio.ch.WEPollSelectorImpl@6446127a waiting with 0 keys
10:49:16.490 [main] DEBUG org.eclipse.jetty.io.ManagedSelector -- Queued change lazy=false org.eclipse.jetty.io.ManagedSelector$StopSelector@7f1ef916 on ManagedSelector@d7109be{STOPPING} id=5 keys=0 selected=0 updates=0
10:49:16.490 [main] DEBUG org.eclipse.jetty.io.ManagedSelector -- Wakeup on submit ManagedSelector@d7109be{STOPPING} id=5 keys=0 selected=0 updates=1
10:49:16.490 [JettyServerThreadPool-59] DEBUG org.eclipse.jetty.io.ManagedSelector -- Selector sun.nio.ch.WEPollSelectorImpl@6446127a woken with none selected
10:49:16.490 [JettyServerThreadPool-59] DEBUG org.eclipse.jetty.io.ManagedSelector -- Selector sun.nio.ch.WEPollSelectorImpl@6446127a woken up from select, 0/0/0 selected
10:49:16.490 [JettyServerThreadPool-59] DEBUG org.eclipse.jetty.io.ManagedSelector -- Selector sun.nio.ch.WEPollSelectorImpl@6446127a processing 0 keys, 1 updates
10:49:16.490 [JettyServerThreadPool-59] DEBUG org.eclipse.jetty.io.ManagedSelector -- updateable 1
10:49:16.490 [JettyServerThreadPool-59] DEBUG org.eclipse.jetty.io.ManagedSelector -- update org.eclipse.jetty.io.ManagedSelector$StopSelector@7f1ef916
10:49:16.490 [JettyServerThreadPool-59] DEBUG org.eclipse.jetty.io.ManagedSelector -- updates 0
10:49:16.490 [JettyServerThreadPool-59] DEBUG org.eclipse.jetty.util.thread.QueuedThreadPool -- ran org.eclipse.jetty.io.ManagedSelector$$Lambda/0x000001e326300000@a50d709 in QueuedThreadPool[JettyServerThreadPool]@48a0c8aa{STARTED,8<=9<=250,i=2,r=-1,t=59984ms,q=0}[ReservedThreadExecutor@44032fde{reserved=1/12,pending=0}]
10:49:16.490 [main] DEBUG org.eclipse.jetty.util.component.AbstractLifeCycle -- STOPPING AdaptiveExecutionStrategy@7654f833/SelectorProducer@571a01f9/IDLE/p=false/QueuedThreadPool[JettyServerThreadPool]@48a0c8aa{STARTED,8<=9<=250,i=2,r=-1,t=59984ms,q=0}[ReservedThreadExecutor@44032fde{reserved=1/12,pending=0}][pc=0,pic=0,pec=0,epc=0]@2025-08-11T10:49:16.4902452-03:00
10:49:16.490 [JettyServerThreadPool-59] DEBUG org.eclipse.jetty.util.thread.QueuedThreadPool -- Evict check, period=60000ms QueuedThreadPool[JettyServerThreadPool]@48a0c8aa{STARTED,8<=9<=250,i=3,r=-1,t=59984ms,q=0}[ReservedThreadExecutor@44032fde{reserved=1/12,pending=0}]
10:49:16.491 [JettyServerThreadPool-59] DEBUG org.eclipse.jetty.util.thread.QueuedThreadPool -- Evict skipped, threshold=119984ms in the future QueuedThreadPool[JettyServerThreadPool]@48a0c8aa{STARTED,8<=9<=250,i=3,r=-1,t=59984ms,q=0}[ReservedThreadExecutor@44032fde{reserved=1/12,pending=0}]
10:49:16.491 [main] DEBUG org.eclipse.jetty.util.component.AbstractLifeCycle -- STOPPED AdaptiveExecutionStrategy@7654f833/SelectorProducer@571a01f9/IDLE/p=false/QueuedThreadPool[JettyServerThreadPool]@48a0c8aa{STARTED,8<=9<=250,i=3,r=-1,t=59984ms,q=0}[ReservedThreadExecutor@44032fde{reserved=1/12,pending=0}][pc=0,pic=0,pec=0,epc=0]@2025-08-11T10:49:16.4913105-03:00
10:49:16.491 [main] DEBUG org.eclipse.jetty.util.component.AbstractLifeCycle -- STOPPED ManagedSelector@d7109be{STOPPED} id=5 keys=-1 selected=-1 updates=0
10:49:16.491 [main] DEBUG org.eclipse.jetty.util.component.AbstractLifeCycle -- STOPPING ManagedSelector@feb98ef{STARTED} id=4 keys=0 selected=0 updates=0
10:49:16.491 [main] DEBUG org.eclipse.jetty.io.ManagedSelector -- Queued change lazy=false org.eclipse.jetty.io.ManagedSelector$CloseConnections@1886991b on ManagedSelector@feb98ef{STOPPING} id=4 keys=0 selected=0 updates=0
10:49:16.491 [main] DEBUG org.eclipse.jetty.io.ManagedSelector -- Wakeup on submit ManagedSelector@feb98ef{STOPPING} id=4 keys=0 selected=0 updates=1
10:49:16.491 [JettyServerThreadPool-60] DEBUG org.eclipse.jetty.io.ManagedSelector -- Selector sun.nio.ch.WEPollSelectorImpl@3a1bbb88 woken with none selected
10:49:16.491 [JettyServerThreadPool-60] DEBUG org.eclipse.jetty.io.ManagedSelector -- Selector sun.nio.ch.WEPollSelectorImpl@3a1bbb88 woken up from select, 0/0/0 selected
10:49:16.491 [JettyServerThreadPool-60] DEBUG org.eclipse.jetty.io.ManagedSelector -- Selector sun.nio.ch.WEPollSelectorImpl@3a1bbb88 processing 0 keys, 1 updates
10:49:16.491 [JettyServerThreadPool-60] DEBUG org.eclipse.jetty.io.ManagedSelector -- updateable 1
10:49:16.491 [JettyServerThreadPool-60] DEBUG org.eclipse.jetty.io.ManagedSelector -- update org.eclipse.jetty.io.ManagedSelector$CloseConnections@1886991b
10:49:16.491 [JettyServerThreadPool-60] DEBUG org.eclipse.jetty.io.ManagedSelector -- Closing 0 connections on ManagedSelector@feb98ef{STOPPING} id=4 keys=0 selected=0 updates=0
10:49:16.491 [JettyServerThreadPool-60] DEBUG org.eclipse.jetty.io.ManagedSelector -- updates 0
10:49:16.491 [JettyServerThreadPool-60] DEBUG org.eclipse.jetty.io.ManagedSelector -- Selector sun.nio.ch.WEPollSelectorImpl@3a1bbb88 waiting with 0 keys
10:49:16.491 [main] DEBUG org.eclipse.jetty.io.ManagedSelector -- Queued change lazy=false org.eclipse.jetty.io.ManagedSelector$StopSelector@64aad809 on ManagedSelector@feb98ef{STOPPING} id=4 keys=0 selected=0 updates=0
10:49:16.491 [main] DEBUG org.eclipse.jetty.io.ManagedSelector -- Wakeup on submit ManagedSelector@feb98ef{STOPPING} id=4 keys=0 selected=0 updates=1
10:49:16.491 [JettyServerThreadPool-60] DEBUG org.eclipse.jetty.io.ManagedSelector -- Selector sun.nio.ch.WEPollSelectorImpl@3a1bbb88 woken with none selected
10:49:16.491 [JettyServerThreadPool-60] DEBUG org.eclipse.jetty.io.ManagedSelector -- Selector sun.nio.ch.WEPollSelectorImpl@3a1bbb88 woken up from select, 0/0/0 selected
10:49:16.491 [JettyServerThreadPool-60] DEBUG org.eclipse.jetty.io.ManagedSelector -- Selector sun.nio.ch.WEPollSelectorImpl@3a1bbb88 processing 0 keys, 1 updates
10:49:16.491 [JettyServerThreadPool-60] DEBUG org.eclipse.jetty.io.ManagedSelector -- updateable 1
10:49:16.491 [JettyServerThreadPool-60] DEBUG org.eclipse.jetty.io.ManagedSelector -- update org.eclipse.jetty.io.ManagedSelector$StopSelector@64aad809
10:49:16.491 [JettyServerThreadPool-60] DEBUG org.eclipse.jetty.io.ManagedSelector -- updates 0
10:49:16.491 [JettyServerThreadPool-60] DEBUG org.eclipse.jetty.util.thread.QueuedThreadPool -- ran org.eclipse.jetty.io.ManagedSelector$$Lambda/0x000001e326300000@2c88a3e8 in QueuedThreadPool[JettyServerThreadPool]@48a0c8aa{STARTED,8<=9<=250,i=3,r=-1,t=59982ms,q=0}[ReservedThreadExecutor@44032fde{reserved=1/12,pending=0}]
10:49:16.492 [JettyServerThreadPool-60] DEBUG org.eclipse.jetty.util.thread.QueuedThreadPool -- Evict check, period=60000ms QueuedThreadPool[JettyServerThreadPool]@48a0c8aa{STARTED,8<=9<=250,i=4,r=-1,t=59982ms,q=0}[ReservedThreadExecutor@44032fde{reserved=1/12,pending=0}]
10:49:16.492 [main] DEBUG org.eclipse.jetty.util.component.AbstractLifeCycle -- STOPPING AdaptiveExecutionStrategy@7bab5898/SelectorProducer@366d8b97/IDLE/p=false/QueuedThreadPool[JettyServerThreadPool]@48a0c8aa{STARTED,8<=9<=250,i=3,r=-1,t=59982ms,q=0}[ReservedThreadExecutor@44032fde{reserved=1/12,pending=0}][pc=0,pic=0,pec=0,epc=0]@2025-08-11T10:49:16.4927786-03:00
10:49:16.492 [JettyServerThreadPool-60] DEBUG org.eclipse.jetty.util.thread.QueuedThreadPool -- Evict skipped, threshold=119982ms in the future QueuedThreadPool[JettyServerThreadPool]@48a0c8aa{STARTED,8<=9<=250,i=4,r=-1,t=59982ms,q=0}[ReservedThreadExecutor@44032fde{reserved=1/12,pending=0}]
10:49:16.492 [main] DEBUG org.eclipse.jetty.util.component.AbstractLifeCycle -- STOPPED AdaptiveExecutionStrategy@7bab5898/SelectorProducer@366d8b97/IDLE/p=false/QueuedThreadPool[JettyServerThreadPool]@48a0c8aa{STARTED,8<=9<=250,i=4,r=-1,t=59982ms,q=0}[ReservedThreadExecutor@44032fde{reserved=1/12,pending=0}][pc=0,pic=0,pec=0,epc=0]@2025-08-11T10:49:16.4927786-03:00
10:49:16.492 [main] DEBUG org.eclipse.jetty.util.component.AbstractLifeCycle -- STOPPED ManagedSelector@feb98ef{STOPPED} id=4 keys=-1 selected=-1 updates=0
10:49:16.492 [main] DEBUG org.eclipse.jetty.util.component.AbstractLifeCycle -- STOPPING ManagedSelector@2d7a9786{STARTED} id=3 keys=0 selected=0 updates=0
10:49:16.492 [main] DEBUG org.eclipse.jetty.io.ManagedSelector -- Queued change lazy=false org.eclipse.jetty.io.ManagedSelector$CloseConnections@1f03fba0 on ManagedSelector@2d7a9786{STOPPING} id=3 keys=0 selected=0 updates=0
10:49:16.492 [main] DEBUG org.eclipse.jetty.io.ManagedSelector -- Wakeup on submit ManagedSelector@2d7a9786{STOPPING} id=3 keys=0 selected=0 updates=1
10:49:16.492 [JettyServerThreadPool-58] DEBUG org.eclipse.jetty.io.ManagedSelector -- Selector sun.nio.ch.WEPollSelectorImpl@50013c9f woken with none selected
10:49:16.492 [JettyServerThreadPool-58] DEBUG org.eclipse.jetty.io.ManagedSelector -- Selector sun.nio.ch.WEPollSelectorImpl@50013c9f woken up from select, 0/0/0 selected
10:49:16.492 [JettyServerThreadPool-58] DEBUG org.eclipse.jetty.io.ManagedSelector -- Selector sun.nio.ch.WEPollSelectorImpl@50013c9f processing 0 keys, 1 updates
10:49:16.492 [JettyServerThreadPool-58] DEBUG org.eclipse.jetty.io.ManagedSelector -- updateable 1
10:49:16.492 [JettyServerThreadPool-58] DEBUG org.eclipse.jetty.io.ManagedSelector -- update org.eclipse.jetty.io.ManagedSelector$CloseConnections@1f03fba0
10:49:16.492 [JettyServerThreadPool-58] DEBUG org.eclipse.jetty.io.ManagedSelector -- Closing 0 connections on ManagedSelector@2d7a9786{STOPPING} id=3 keys=0 selected=0 updates=0
10:49:16.492 [JettyServerThreadPool-58] DEBUG org.eclipse.jetty.io.ManagedSelector -- updates 0
10:49:16.492 [JettyServerThreadPool-58] DEBUG org.eclipse.jetty.io.ManagedSelector -- Selector sun.nio.ch.WEPollSelectorImpl@50013c9f waiting with 0 keys
10:49:16.492 [main] DEBUG org.eclipse.jetty.io.ManagedSelector -- Queued change lazy=false org.eclipse.jetty.io.ManagedSelector$StopSelector@17dd671f on ManagedSelector@2d7a9786{STOPPING} id=3 keys=0 selected=0 updates=0
10:49:16.492 [main] DEBUG org.eclipse.jetty.io.ManagedSelector -- Wakeup on submit ManagedSelector@2d7a9786{STOPPING} id=3 keys=0 selected=0 updates=1
10:49:16.492 [JettyServerThreadPool-58] DEBUG org.eclipse.jetty.io.ManagedSelector -- Selector sun.nio.ch.WEPollSelectorImpl@50013c9f woken with none selected
10:49:16.492 [JettyServerThreadPool-58] DEBUG org.eclipse.jetty.io.ManagedSelector -- Selector sun.nio.ch.WEPollSelectorImpl@50013c9f woken up from select, 0/0/0 selected
10:49:16.492 [JettyServerThreadPool-58] DEBUG org.eclipse.jetty.io.ManagedSelector -- Selector sun.nio.ch.WEPollSelectorImpl@50013c9f processing 0 keys, 1 updates
10:49:16.492 [JettyServerThreadPool-58] DEBUG org.eclipse.jetty.io.ManagedSelector -- updateable 1
10:49:16.492 [JettyServerThreadPool-58] DEBUG org.eclipse.jetty.io.ManagedSelector -- update org.eclipse.jetty.io.ManagedSelector$StopSelector@17dd671f
10:49:16.492 [JettyServerThreadPool-58] DEBUG org.eclipse.jetty.io.ManagedSelector -- updates 0
10:49:16.492 [JettyServerThreadPool-58] DEBUG org.eclipse.jetty.util.thread.QueuedThreadPool -- ran org.eclipse.jetty.io.ManagedSelector$$Lambda/0x000001e326300000@348ad293 in QueuedThreadPool[JettyServerThreadPool]@48a0c8aa{STARTED,8<=9<=250,i=4,r=-1,t=59981ms,q=0}[ReservedThreadExecutor@44032fde{reserved=1/12,pending=0}]
10:49:16.492 [JettyServerThreadPool-58] DEBUG org.eclipse.jetty.util.thread.QueuedThreadPool -- Evict check, period=60000ms QueuedThreadPool[JettyServerThreadPool]@48a0c8aa{STARTED,8<=9<=250,i=5,r=-1,t=59981ms,q=0}[ReservedThreadExecutor@44032fde{reserved=1/12,pending=0}]
10:49:16.492 [JettyServerThreadPool-58] DEBUG org.eclipse.jetty.util.thread.QueuedThreadPool -- Evict skipped, threshold=119981ms in the future QueuedThreadPool[JettyServerThreadPool]@48a0c8aa{STARTED,8<=9<=250,i=5,r=-1,t=59981ms,q=0}[ReservedThreadExecutor@44032fde{reserved=1/12,pending=0}]
10:49:16.492 [main] DEBUG org.eclipse.jetty.util.component.AbstractLifeCycle -- STOPPING AdaptiveExecutionStrategy@5c723f2d/SelectorProducer@432f521f/IDLE/p=false/QueuedThreadPool[JettyServerThreadPool]@48a0c8aa{STARTED,8<=9<=250,i=5,r=-1,t=59981ms,q=0}[ReservedThreadExecutor@44032fde{reserved=1/12,pending=0}][pc=0,pic=0,pec=0,epc=0]@2025-08-11T10:49:16.4927786-03:00
10:49:16.492 [main] DEBUG org.eclipse.jetty.util.component.AbstractLifeCycle -- STOPPED AdaptiveExecutionStrategy@5c723f2d/SelectorProducer@432f521f/IDLE/p=false/QueuedThreadPool[JettyServerThreadPool]@48a0c8aa{STARTED,8<=9<=250,i=5,r=-1,t=59981ms,q=0}[ReservedThreadExecutor@44032fde{reserved=1/12,pending=0}][pc=0,pic=0,pec=0,epc=0]@2025-08-11T10:49:16.4927786-03:00
10:49:16.492 [main] DEBUG org.eclipse.jetty.util.component.AbstractLifeCycle -- STOPPED ManagedSelector@2d7a9786{STOPPED} id=3 keys=-1 selected=-1 updates=0
10:49:16.492 [main] DEBUG org.eclipse.jetty.util.component.AbstractLifeCycle -- STOPPING ManagedSelector@33ecbd6c{STARTED} id=2 keys=0 selected=0 updates=0
10:49:16.492 [main] DEBUG org.eclipse.jetty.io.ManagedSelector -- Queued change lazy=false org.eclipse.jetty.io.ManagedSelector$CloseConnections@3bbf6abe on ManagedSelector@33ecbd6c{STOPPING} id=2 keys=0 selected=0 updates=0
10:49:16.492 [main] DEBUG org.eclipse.jetty.io.ManagedSelector -- Wakeup on submit ManagedSelector@33ecbd6c{STOPPING} id=2 keys=0 selected=0 updates=1
10:49:16.492 [JettyServerThreadPool-56] DEBUG org.eclipse.jetty.io.ManagedSelector -- Selector sun.nio.ch.WEPollSelectorImpl@27fb3d16 woken with none selected
10:49:16.492 [JettyServerThreadPool-56] DEBUG org.eclipse.jetty.io.ManagedSelector -- Selector sun.nio.ch.WEPollSelectorImpl@27fb3d16 woken up from select, 0/0/0 selected
10:49:16.492 [JettyServerThreadPool-56] DEBUG org.eclipse.jetty.io.ManagedSelector -- Selector sun.nio.ch.WEPollSelectorImpl@27fb3d16 processing 0 keys, 1 updates
10:49:16.492 [JettyServerThreadPool-56] DEBUG org.eclipse.jetty.io.ManagedSelector -- updateable 1
10:49:16.492 [JettyServerThreadPool-56] DEBUG org.eclipse.jetty.io.ManagedSelector -- update org.eclipse.jetty.io.ManagedSelector$CloseConnections@3bbf6abe
10:49:16.492 [JettyServerThreadPool-56] DEBUG org.eclipse.jetty.io.ManagedSelector -- Closing 0 connections on ManagedSelector@33ecbd6c{STOPPING} id=2 keys=0 selected=0 updates=0
10:49:16.492 [JettyServerThreadPool-56] DEBUG org.eclipse.jetty.io.ManagedSelector -- updates 0
10:49:16.492 [JettyServerThreadPool-56] DEBUG org.eclipse.jetty.io.ManagedSelector -- Selector sun.nio.ch.WEPollSelectorImpl@27fb3d16 waiting with 0 keys
10:49:16.492 [main] DEBUG org.eclipse.jetty.io.ManagedSelector -- Queued change lazy=false org.eclipse.jetty.io.ManagedSelector$StopSelector@9679750 on ManagedSelector@33ecbd6c{STOPPING} id=2 keys=0 selected=0 updates=0
10:49:16.492 [main] DEBUG org.eclipse.jetty.io.ManagedSelector -- Wakeup on submit ManagedSelector@33ecbd6c{STOPPING} id=2 keys=0 selected=0 updates=1
10:49:16.492 [JettyServerThreadPool-56] DEBUG org.eclipse.jetty.io.ManagedSelector -- Selector sun.nio.ch.WEPollSelectorImpl@27fb3d16 woken with none selected
10:49:16.492 [JettyServerThreadPool-56] DEBUG org.eclipse.jetty.io.ManagedSelector -- Selector sun.nio.ch.WEPollSelectorImpl@27fb3d16 woken up from select, 0/0/0 selected
10:49:16.492 [JettyServerThreadPool-56] DEBUG org.eclipse.jetty.io.ManagedSelector -- Selector sun.nio.ch.WEPollSelectorImpl@27fb3d16 processing 0 keys, 1 updates
10:49:16.492 [JettyServerThreadPool-56] DEBUG org.eclipse.jetty.io.ManagedSelector -- updateable 1
10:49:16.492 [JettyServerThreadPool-56] DEBUG org.eclipse.jetty.io.ManagedSelector -- update org.eclipse.jetty.io.ManagedSelector$StopSelector@9679750
10:49:16.492 [JettyServerThreadPool-56] DEBUG org.eclipse.jetty.io.ManagedSelector -- updates 0
10:49:16.492 [JettyServerThreadPool-56] DEBUG org.eclipse.jetty.util.thread.QueuedThreadPool -- ran org.eclipse.jetty.io.ManagedSelector$$Lambda/0x000001e326300000@25673087 in QueuedThreadPool[JettyServerThreadPool]@48a0c8aa{STARTED,8<=9<=250,i=5,r=-1,t=59979ms,q=0}[ReservedThreadExecutor@44032fde{reserved=1/12,pending=0}]
10:49:16.492 [JettyServerThreadPool-56] DEBUG org.eclipse.jetty.util.thread.QueuedThreadPool -- Evict check, period=60000ms QueuedThreadPool[JettyServerThreadPool]@48a0c8aa{STARTED,8<=9<=250,i=6,r=-1,t=59979ms,q=0}[ReservedThreadExecutor@44032fde{reserved=1/12,pending=0}]
10:49:16.492 [main] DEBUG org.eclipse.jetty.util.component.AbstractLifeCycle -- STOPPING AdaptiveExecutionStrategy@862f408/SelectorProducer@178f268a/IDLE/p=false/QueuedThreadPool[JettyServerThreadPool]@48a0c8aa{STARTED,8<=9<=250,i=5,r=-1,t=59979ms,q=0}[ReservedThreadExecutor@44032fde{reserved=1/12,pending=0}][pc=0,pic=0,pec=0,epc=0]@2025-08-11T10:49:16.4927786-03:00
10:49:16.492 [JettyServerThreadPool-56] DEBUG org.eclipse.jetty.util.thread.QueuedThreadPool -- Evict skipped, threshold=119979ms in the future QueuedThreadPool[JettyServerThreadPool]@48a0c8aa{STARTED,8<=9<=250,i=6,r=-1,t=59979ms,q=0}[ReservedThreadExecutor@44032fde{reserved=1/12,pending=0}]
10:49:16.492 [main] DEBUG org.eclipse.jetty.util.component.AbstractLifeCycle -- STOPPED AdaptiveExecutionStrategy@862f408/SelectorProducer@178f268a/IDLE/p=false/QueuedThreadPool[JettyServerThreadPool]@48a0c8aa{STARTED,8<=9<=250,i=6,r=-1,t=59979ms,q=0}[ReservedThreadExecutor@44032fde{reserved=1/12,pending=0}][pc=0,pic=0,pec=0,epc=0]@2025-08-11T10:49:16.4927786-03:00
10:49:16.492 [main] DEBUG org.eclipse.jetty.util.component.AbstractLifeCycle -- STOPPED ManagedSelector@33ecbd6c{STOPPED} id=2 keys=-1 selected=-1 updates=0
10:49:16.492 [main] DEBUG org.eclipse.jetty.util.component.AbstractLifeCycle -- STOPPING ManagedSelector@329bad59{STARTED} id=1 keys=1 selected=0 updates=0
10:49:16.492 [main] DEBUG org.eclipse.jetty.io.ManagedSelector -- Queued change lazy=false org.eclipse.jetty.io.ManagedSelector$CloseConnections@9b9a327 on ManagedSelector@329bad59{STOPPING} id=1 keys=1 selected=0 updates=0
10:49:16.492 [main] DEBUG org.eclipse.jetty.io.ManagedSelector -- Wakeup on submit ManagedSelector@329bad59{STOPPING} id=1 keys=1 selected=0 updates=1
10:49:16.492 [JettyServerThreadPool-55] DEBUG org.eclipse.jetty.io.ManagedSelector -- Selector sun.nio.ch.WEPollSelectorImpl@504fe60e woken with none selected
10:49:16.492 [JettyServerThreadPool-55] DEBUG org.eclipse.jetty.io.ManagedSelector -- Selector sun.nio.ch.WEPollSelectorImpl@504fe60e woken up from select, 0/0/1 selected
10:49:16.492 [JettyServerThreadPool-55] DEBUG org.eclipse.jetty.io.ManagedSelector -- Selector sun.nio.ch.WEPollSelectorImpl@504fe60e processing 0 keys, 1 updates
10:49:16.492 [JettyServerThreadPool-55] DEBUG org.eclipse.jetty.io.ManagedSelector -- updateable 1
10:49:16.492 [JettyServerThreadPool-55] DEBUG org.eclipse.jetty.io.ManagedSelector -- update org.eclipse.jetty.io.ManagedSelector$CloseConnections@9b9a327
10:49:16.492 [JettyServerThreadPool-55] DEBUG org.eclipse.jetty.io.ManagedSelector -- Closing 1 connections on ManagedSelector@329bad59{STOPPING} id=1 keys=1 selected=0 updates=0
10:49:16.492 [JettyServerThreadPool-55] DEBUG org.eclipse.jetty.io.AbstractEndPoint -- close SocketChannelEndPoint@50878746[{l=/127.0.0.1:53849,r=/127.0.0.1:53850,OPEN,fill=FI,flush=-,to=7/30000}{io=1/1,kio=1,kro=1}]->[HttpConnection@73ac6003[p=HttpParser{s=START,0 of -1},g=HttpGenerator@b93a3ac{s=START}]=>HttpChannelOverHttp@5a7fec36{s=HttpChannelState@1f7d791d{s=IDLE rs=BLOCKING os=OPEN is=IDLE awp=false se=false i=true al=0},r=1,c=false/false,a=IDLE,uri=null,age=0}]
10:49:16.492 [JettyServerThreadPool-55] DEBUG org.eclipse.jetty.io.AbstractEndPoint -- close(null) SocketChannelEndPoint@50878746[{l=/127.0.0.1:53849,r=/127.0.0.1:53850,OPEN,fill=FI,flush=-,to=7/30000}{io=1/1,kio=1,kro=1}]->[HttpConnection@73ac6003[p=HttpParser{s=START,0 of -1},g=HttpGenerator@b93a3ac{s=START}]=>HttpChannelOverHttp@5a7fec36{s=HttpChannelState@1f7d791d{s=IDLE rs=BLOCKING os=OPEN is=IDLE awp=false se=false i=true al=0},r=1,c=false/false,a=IDLE,uri=null,age=0}]
10:49:16.492 [JettyServerThreadPool-55] DEBUG org.eclipse.jetty.io.SelectableChannelEndPoint -- doClose SocketChannelEndPoint@50878746[{l=/127.0.0.1:53849,r=/127.0.0.1:53850,CLOSED,fill=FI,flush=-,to=7/30000}{io=1/1,kio=1,kro=1}]->[HttpConnection@73ac6003[p=HttpParser{s=START,0 of -1},g=HttpGenerator@b93a3ac{s=START}]=>HttpChannelOverHttp@5a7fec36{s=HttpChannelState@1f7d791d{s=IDLE rs=BLOCKING os=OPEN is=IDLE awp=false se=false i=true al=0},r=1,c=false/false,a=IDLE,uri=null,age=0}]
10:49:16.496 [JettyServerThreadPool-55] DEBUG org.eclipse.jetty.io.FillInterest -- onClose FillInterest@7f528652{ReadCallback@6f6e5dc3{HttpConnection@73ac6003::SocketChannelEndPoint@50878746[{l=null,r=null,CLOSED,fill=FI,flush=-,to=8/30000}{io=1/1,kio=-1,kro=-1}]->[HttpConnection@73ac6003[p=HttpParser{s=START,0 of -1},g=HttpGenerator@b93a3ac{s=START}]=>HttpChannelOverHttp@5a7fec36{s=HttpChannelState@1f7d791d{s=IDLE rs=BLOCKING os=OPEN is=IDLE awp=false se=false i=true al=0},r=1,c=false/false,a=IDLE,uri=null,age=0}]}}
10:49:16.496 [JettyServerThreadPool-55] DEBUG org.eclipse.jetty.http.HttpParser -- close HttpParser{s=START,0 of -1}
10:49:16.496 [JettyServerThreadPool-55] DEBUG org.eclipse.jetty.http.HttpParser -- START --> CLOSE
10:49:16.496 [JettyServerThreadPool-55] DEBUG org.eclipse.jetty.io.AbstractConnection -- HttpConnection@73ac6003::SocketChannelEndPoint@50878746[{l=null,r=null,CLOSED,fill=-,flush=-,to=9/30000}{io=1/1,kio=-1,kro=-1}]->[HttpConnection@73ac6003[p=HttpParser{s=CLOSE,0 of -1},g=HttpGenerator@b93a3ac{s=START}]=>HttpChannelOverHttp@5a7fec36{s=HttpChannelState@1f7d791d{s=IDLE rs=BLOCKING os=OPEN is=IDLE awp=false se=false i=true al=0},r=1,c=false/false,a=IDLE,uri=null,age=0}] onFillInterestedFailed {}
java.nio.channels.ClosedChannelException: null
	at org.eclipse.jetty.io.FillInterest.onClose(FillInterest.java:147)
	at org.eclipse.jetty.io.AbstractEndPoint.onClose(AbstractEndPoint.java:354)
	at org.eclipse.jetty.io.SelectableChannelEndPoint.onClose(SelectableChannelEndPoint.java:165)
	at org.eclipse.jetty.io.AbstractEndPoint.onClose(AbstractEndPoint.java:344)
	at org.eclipse.jetty.io.AbstractEndPoint.doOnClose(AbstractEndPoint.java:263)
	at org.eclipse.jetty.io.AbstractEndPoint.close(AbstractEndPoint.java:227)
	at org.eclipse.jetty.io.AbstractEndPoint.close(AbstractEndPoint.java:210)
	at org.eclipse.jetty.io.AbstractConnection.close(AbstractConnection.java:257)
	at org.eclipse.jetty.util.IO.close(IO.java:407)
	at org.eclipse.jetty.io.ManagedSelector$CloseConnections.update(ManagedSelector.java:1016)
	at org.eclipse.jetty.io.ManagedSelector$SelectorProducer.processUpdates(ManagedSelector.java:568)
	at org.eclipse.jetty.io.ManagedSelector$SelectorProducer.produce(ManagedSelector.java:538)
	at org.eclipse.jetty.util.thread.strategy.AdaptiveExecutionStrategy.produceTask(AdaptiveExecutionStrategy.java:455)
	at org.eclipse.jetty.util.thread.strategy.AdaptiveExecutionStrategy.tryProduce(AdaptiveExecutionStrategy.java:248)
	at org.eclipse.jetty.util.thread.strategy.AdaptiveExecutionStrategy.produce(AdaptiveExecutionStrategy.java:193)
	at org.eclipse.jetty.util.thread.QueuedThreadPool.runJob(QueuedThreadPool.java:969)
	at org.eclipse.jetty.util.thread.QueuedThreadPool$Runner.doRunJob(QueuedThreadPool.java:1194)
	at org.eclipse.jetty.util.thread.QueuedThreadPool$Runner.run(QueuedThreadPool.java:1149)
	at java.base/java.lang.Thread.run(Thread.java:1583)
10:49:16.496 [JettyServerThreadPool-55] DEBUG org.eclipse.jetty.io.ManagedSelector -- Wakeup ManagedSelector@329bad59{STOPPING} id=1 keys=1 selected=0 updates=0
10:49:16.496 [JettyServerThreadPool-55] DEBUG org.eclipse.jetty.util.thread.QueuedThreadPool -- queue org.eclipse.jetty.io.ManagedSelector$DestroyEndPoint@77484ae2 startThread=0
10:49:16.496 [JettyServerThreadPool-55] DEBUG org.eclipse.jetty.io.ManagedSelector -- updates 0
10:49:16.496 [JettyServerThreadPool-69] DEBUG org.eclipse.jetty.util.thread.QueuedThreadPool -- run org.eclipse.jetty.io.ManagedSelector$DestroyEndPoint@77484ae2 in QueuedThreadPool[JettyServerThreadPool]@48a0c8aa{STARTED,8<=9<=250,i=5,r=-1,t=59976ms,q=0}[ReservedThreadExecutor@44032fde{reserved=1/12,pending=0}]
10:49:16.496 [JettyServerThreadPool-55] DEBUG org.eclipse.jetty.io.ManagedSelector -- Selector sun.nio.ch.WEPollSelectorImpl@504fe60e waiting with 1 keys
10:49:16.496 [main] DEBUG org.eclipse.jetty.io.ManagedSelector -- Queued change lazy=false org.eclipse.jetty.io.ManagedSelector$StopSelector@75a0c890 on ManagedSelector@329bad59{STOPPING} id=1 keys=1 selected=0 updates=0
10:49:16.496 [main] DEBUG org.eclipse.jetty.io.ManagedSelector -- Wakeup on submit ManagedSelector@329bad59{STOPPING} id=1 keys=1 selected=0 updates=1
10:49:16.496 [JettyServerThreadPool-69] DEBUG org.eclipse.jetty.io.ManagedSelector -- Destroyed SocketChannelEndPoint@50878746[{l=null,r=null,CLOSED,fill=-,flush=-,to=10/30000}{io=1/1,kio=-1,kro=-1}]->[HttpConnection@73ac6003[p=HttpParser{s=CLOSE,0 of -1},g=HttpGenerator@b93a3ac{s=START}]=>HttpChannelOverHttp@5a7fec36{s=HttpChannelState@1f7d791d{s=IDLE rs=BLOCKING os=OPEN is=IDLE awp=false se=false i=true al=0},r=1,c=false/false,a=IDLE,uri=null,age=0}]
10:49:16.496 [JettyServerThreadPool-55] DEBUG org.eclipse.jetty.io.ManagedSelector -- Selector sun.nio.ch.WEPollSelectorImpl@504fe60e woken with none selected
10:49:16.496 [JettyServerThreadPool-69] DEBUG org.eclipse.jetty.io.AbstractConnection -- onClose HttpConnection@73ac6003::SocketChannelEndPoint@50878746[{l=null,r=null,CLOSED,fill=-,flush=-,to=10/30000}{io=1/1,kio=-1,kro=-1}]->[HttpConnection@73ac6003[p=HttpParser{s=CLOSE,0 of -1},g=HttpGenerator@b93a3ac{s=START}]=>HttpChannelOverHttp@5a7fec36{s=HttpChannelState@1f7d791d{s=IDLE rs=BLOCKING os=OPEN is=IDLE awp=false se=false i=true al=0},r=1,c=false/false,a=IDLE,uri=null,age=0}]
10:49:16.496 [JettyServerThreadPool-55] DEBUG org.eclipse.jetty.io.ManagedSelector -- Selector sun.nio.ch.WEPollSelectorImpl@504fe60e woken up from select, 0/0/0 selected
10:49:16.496 [JettyServerThreadPool-55] DEBUG org.eclipse.jetty.io.ManagedSelector -- Selector sun.nio.ch.WEPollSelectorImpl@504fe60e processing 0 keys, 1 updates
10:49:16.496 [JettyServerThreadPool-69] DEBUG org.eclipse.jetty.util.thread.QueuedThreadPool -- ran org.eclipse.jetty.io.ManagedSelector$DestroyEndPoint@77484ae2 in QueuedThreadPool[JettyServerThreadPool]@48a0c8aa{STARTED,8<=9<=250,i=5,r=-1,t=59975ms,q=0}[ReservedThreadExecutor@44032fde{reserved=1/12,pending=0}]
10:49:16.496 [JettyServerThreadPool-55] DEBUG org.eclipse.jetty.io.ManagedSelector -- updateable 1
10:49:16.496 [JettyServerThreadPool-55] DEBUG org.eclipse.jetty.io.ManagedSelector -- update org.eclipse.jetty.io.ManagedSelector$StopSelector@75a0c890
10:49:16.496 [JettyServerThreadPool-69] DEBUG org.eclipse.jetty.util.thread.QueuedThreadPool -- Evict check, period=60000ms QueuedThreadPool[JettyServerThreadPool]@48a0c8aa{STARTED,8<=9<=250,i=6,r=-1,t=59975ms,q=0}[ReservedThreadExecutor@44032fde{reserved=1/12,pending=0}]
10:49:16.496 [JettyServerThreadPool-69] DEBUG org.eclipse.jetty.util.thread.QueuedThreadPool -- Evict skipped, threshold=119975ms in the future QueuedThreadPool[JettyServerThreadPool]@48a0c8aa{STARTED,8<=9<=250,i=6,r=-1,t=59975ms,q=0}[ReservedThreadExecutor@44032fde{reserved=1/12,pending=0}]
10:49:16.500 [JettyServerThreadPool-55] DEBUG org.eclipse.jetty.io.ManagedSelector -- updates 0
10:49:16.500 [main] DEBUG org.eclipse.jetty.util.component.AbstractLifeCycle -- STOPPING AdaptiveExecutionStrategy@61bfc9bf/SelectorProducer@2c7106d9/PRODUCING/p=false/QueuedThreadPool[JettyServerThreadPool]@48a0c8aa{STARTED,8<=9<=250,i=6,r=-1,t=59975ms,q=0}[ReservedThreadExecutor@44032fde{reserved=1/12,pending=0}][pc=0,pic=0,pec=1,epc=0]@2025-08-11T10:49:16.5000896-03:00
10:49:16.500 [JettyServerThreadPool-55] DEBUG org.eclipse.jetty.util.thread.QueuedThreadPool -- ran org.eclipse.jetty.io.ManagedSelector$$Lambda/0x000001e326300000@8d8f754 in QueuedThreadPool[JettyServerThreadPool]@48a0c8aa{STARTED,8<=9<=250,i=6,r=-1,t=59975ms,q=0}[ReservedThreadExecutor@44032fde{reserved=1/12,pending=0}]
10:49:16.500 [main] DEBUG org.eclipse.jetty.util.component.AbstractLifeCycle -- STOPPED AdaptiveExecutionStrategy@61bfc9bf/SelectorProducer@2c7106d9/IDLE/p=false/QueuedThreadPool[JettyServerThreadPool]@48a0c8aa{STARTED,8<=9<=250,i=6,r=-1,t=59974ms,q=0}[ReservedThreadExecutor@44032fde{reserved=1/12,pending=0}][pc=0,pic=0,pec=1,epc=0]@2025-08-11T10:49:16.5000896-03:00
10:49:16.500 [JettyServerThreadPool-55] DEBUG org.eclipse.jetty.util.thread.QueuedThreadPool -- Evict check, period=60000ms QueuedThreadPool[JettyServerThreadPool]@48a0c8aa{STARTED,8<=9<=250,i=7,r=-1,t=59974ms,q=0}[ReservedThreadExecutor@44032fde{reserved=1/12,pending=0}]
10:49:16.500 [main] DEBUG org.eclipse.jetty.util.component.AbstractLifeCycle -- STOPPED ManagedSelector@329bad59{STOPPED} id=1 keys=-1 selected=-1 updates=0
10:49:16.500 [JettyServerThreadPool-55] DEBUG org.eclipse.jetty.util.thread.QueuedThreadPool -- Evict skipped, threshold=119974ms in the future QueuedThreadPool[JettyServerThreadPool]@48a0c8aa{STARTED,8<=9<=250,i=7,r=-1,t=59974ms,q=0}[ReservedThreadExecutor@44032fde{reserved=1/12,pending=0}]
10:49:16.500 [main] DEBUG org.eclipse.jetty.util.component.AbstractLifeCycle -- STOPPING ManagedSelector@527fc8e{STARTED} id=0 keys=0 selected=0 updates=0
10:49:16.500 [main] DEBUG org.eclipse.jetty.io.ManagedSelector -- Queued change lazy=false org.eclipse.jetty.io.ManagedSelector$CloseConnections@358ab600 on ManagedSelector@527fc8e{STOPPING} id=0 keys=0 selected=0 updates=0
10:49:16.500 [main] DEBUG org.eclipse.jetty.io.ManagedSelector -- Wakeup on submit ManagedSelector@527fc8e{STOPPING} id=0 keys=0 selected=0 updates=1
10:49:16.500 [JettyServerThreadPool-54] DEBUG org.eclipse.jetty.io.ManagedSelector -- Selector sun.nio.ch.WEPollSelectorImpl@6019157f woken with none selected
10:49:16.500 [JettyServerThreadPool-54] DEBUG org.eclipse.jetty.io.ManagedSelector -- Selector sun.nio.ch.WEPollSelectorImpl@6019157f woken up from select, 0/0/0 selected
10:49:16.500 [JettyServerThreadPool-54] DEBUG org.eclipse.jetty.io.ManagedSelector -- Selector sun.nio.ch.WEPollSelectorImpl@6019157f processing 0 keys, 1 updates
10:49:16.500 [JettyServerThreadPool-54] DEBUG org.eclipse.jetty.io.ManagedSelector -- updateable 1
10:49:16.500 [JettyServerThreadPool-54] DEBUG org.eclipse.jetty.io.ManagedSelector -- update org.eclipse.jetty.io.ManagedSelector$CloseConnections@358ab600
10:49:16.500 [JettyServerThreadPool-54] DEBUG org.eclipse.jetty.io.ManagedSelector -- Closing 0 connections on ManagedSelector@527fc8e{STOPPING} id=0 keys=0 selected=0 updates=0
10:49:16.500 [JettyServerThreadPool-54] DEBUG org.eclipse.jetty.io.ManagedSelector -- updates 0
10:49:16.500 [JettyServerThreadPool-54] DEBUG org.eclipse.jetty.io.ManagedSelector -- Selector sun.nio.ch.WEPollSelectorImpl@6019157f waiting with 0 keys
10:49:16.500 [main] DEBUG org.eclipse.jetty.io.ManagedSelector -- Queued change lazy=false org.eclipse.jetty.io.ManagedSelector$StopSelector@e26af6 on ManagedSelector@527fc8e{STOPPING} id=0 keys=0 selected=0 updates=0
10:49:16.500 [main] DEBUG org.eclipse.jetty.io.ManagedSelector -- Wakeup on submit ManagedSelector@527fc8e{STOPPING} id=0 keys=0 selected=0 updates=1
10:49:16.501 [JettyServerThreadPool-54] DEBUG org.eclipse.jetty.io.ManagedSelector -- Selector sun.nio.ch.WEPollSelectorImpl@6019157f woken with none selected
10:49:16.501 [JettyServerThreadPool-54] DEBUG org.eclipse.jetty.io.ManagedSelector -- Selector sun.nio.ch.WEPollSelectorImpl@6019157f woken up from select, 0/0/0 selected
10:49:16.501 [JettyServerThreadPool-54] DEBUG org.eclipse.jetty.io.ManagedSelector -- Selector sun.nio.ch.WEPollSelectorImpl@6019157f processing 0 keys, 1 updates
10:49:16.501 [JettyServerThreadPool-54] DEBUG org.eclipse.jetty.io.ManagedSelector -- updateable 1
10:49:16.501 [JettyServerThreadPool-54] DEBUG org.eclipse.jetty.io.ManagedSelector -- update org.eclipse.jetty.io.ManagedSelector$StopSelector@e26af6
10:49:16.501 [JettyServerThreadPool-54] DEBUG org.eclipse.jetty.io.ManagedSelector -- updates 0
10:49:16.501 [JettyServerThreadPool-54] DEBUG org.eclipse.jetty.util.thread.QueuedThreadPool -- ran org.eclipse.jetty.io.ManagedSelector$$Lambda/0x000001e326300000@5e0ec41f in QueuedThreadPool[JettyServerThreadPool]@48a0c8aa{STARTED,8<=9<=250,i=7,r=-1,t=59973ms,q=0}[ReservedThreadExecutor@44032fde{reserved=1/12,pending=0}]
10:49:16.501 [JettyServerThreadPool-54] DEBUG org.eclipse.jetty.util.thread.QueuedThreadPool -- Evict check, period=60000ms QueuedThreadPool[JettyServerThreadPool]@48a0c8aa{STARTED,8<=9<=250,i=8,r=-1,t=59973ms,q=0}[ReservedThreadExecutor@44032fde{reserved=1/12,pending=0}]
10:49:16.501 [main] DEBUG org.eclipse.jetty.util.component.AbstractLifeCycle -- STOPPING AdaptiveExecutionStrategy@57435801/SelectorProducer@2da66a44/IDLE/p=false/QueuedThreadPool[JettyServerThreadPool]@48a0c8aa{STARTED,8<=9<=250,i=7,r=-1,t=59973ms,q=0}[ReservedThreadExecutor@44032fde{reserved=1/12,pending=0}][pc=0,pic=0,pec=0,epc=0]@2025-08-11T10:49:16.5011209-03:00
10:49:16.501 [JettyServerThreadPool-54] DEBUG org.eclipse.jetty.util.thread.QueuedThreadPool -- Evict skipped, threshold=119973ms in the future QueuedThreadPool[JettyServerThreadPool]@48a0c8aa{STARTED,8<=9<=250,i=8,r=-1,t=59973ms,q=0}[ReservedThreadExecutor@44032fde{reserved=1/12,pending=0}]
10:49:16.501 [main] DEBUG org.eclipse.jetty.util.component.AbstractLifeCycle -- STOPPED AdaptiveExecutionStrategy@57435801/SelectorProducer@2da66a44/IDLE/p=false/QueuedThreadPool[JettyServerThreadPool]@48a0c8aa{STARTED,8<=9<=250,i=8,r=-1,t=59973ms,q=0}[ReservedThreadExecutor@44032fde{reserved=1/12,pending=0}][pc=0,pic=0,pec=0,epc=0]@2025-08-11T10:49:16.5011209-03:00
10:49:16.501 [main] DEBUG org.eclipse.jetty.util.component.AbstractLifeCycle -- STOPPED ManagedSelector@527fc8e{STOPPED} id=0 keys=-1 selected=-1 updates=0
10:49:16.501 [main] DEBUG org.eclipse.jetty.util.component.AbstractLifeCycle -- STOPPED SelectorManager@ServerConnector@53d13cd4{HTTP/1.1, (http/1.1)}{0.0.0.0:0}
10:49:16.501 [main] DEBUG org.eclipse.jetty.util.component.AbstractLifeCycle -- STOPPING HttpConnectionFactory@3291b443[HTTP/1.1]
10:49:16.501 [main] DEBUG org.eclipse.jetty.util.component.AbstractLifeCycle -- STOPPED HttpConnectionFactory@3291b443[HTTP/1.1]
10:49:16.501 [main] DEBUG org.eclipse.jetty.util.component.AbstractLifeCycle -- STOPPING ScheduledExecutorScheduler@77865933{STARTED}
10:49:16.501 [main] DEBUG org.eclipse.jetty.util.component.AbstractLifeCycle -- STOPPED ScheduledExecutorScheduler@77865933{STOPPED}
10:49:16.501 [main] INFO org.eclipse.jetty.server.AbstractConnector -- Stopped ServerConnector@53d13cd4{HTTP/1.1, (http/1.1)}{0.0.0.0:0}
10:49:16.501 [main] DEBUG org.eclipse.jetty.util.component.AbstractLifeCycle -- STOPPED ServerConnector@53d13cd4{HTTP/1.1, (http/1.1)}{0.0.0.0:0}
10:49:16.501 [main] DEBUG org.eclipse.jetty.server.handler.AbstractHandler -- stopping Server@3722c145{STOPPING}[11.0.20,sto=0]
10:49:16.501 [main] DEBUG org.eclipse.jetty.util.component.AbstractLifeCycle -- STOPPING DefaultSessionIdManager@529c2a9a{STARTED}[worker=node0]
10:49:16.501 [main] DEBUG org.eclipse.jetty.util.component.AbstractLifeCycle -- STOPPING HouseKeeper@3c87fdf2{STARTED}[interval=660000, ownscheduler=true]
10:49:16.501 [main] DEBUG org.eclipse.jetty.server.session.HouseKeeper -- node0 stopped scavenging
10:49:16.501 [main] DEBUG org.eclipse.jetty.util.component.AbstractLifeCycle -- STOPPING ScheduledExecutorScheduler@26bbe604{STARTED}
10:49:16.501 [main] DEBUG org.eclipse.jetty.util.component.AbstractLifeCycle -- STOPPED ScheduledExecutorScheduler@26bbe604{STOPPED}
10:49:16.501 [main] DEBUG org.eclipse.jetty.util.component.AbstractLifeCycle -- STOPPED HouseKeeper@3c87fdf2{STOPPED}[interval=660000, ownscheduler=false]
10:49:16.501 [main] DEBUG org.eclipse.jetty.util.component.AbstractLifeCycle -- STOPPED DefaultSessionIdManager@529c2a9a{STOPPED}[worker=node0]
10:49:16.501 [main] DEBUG org.eclipse.jetty.util.component.AbstractLifeCycle -- STOPPING DeflaterPool@6fa13e6{STARTED,size=0,capacity=250}
10:49:16.501 [main] DEBUG org.eclipse.jetty.util.Pool -- Closing Pool@3af7d855[inUse=0,size=0,max=250,closed=false]
10:49:16.501 [main] DEBUG org.eclipse.jetty.util.component.AbstractLifeCycle -- STOPPED DeflaterPool@6fa13e6{STOPPED,size=-1,capacity=250}
10:49:16.501 [main] DEBUG org.eclipse.jetty.util.component.AbstractLifeCycle -- STOPPING InflaterPool@6535117e{STARTED,size=0,capacity=250}
10:49:16.501 [main] DEBUG org.eclipse.jetty.util.Pool -- Closing Pool@1d1cbd0f[inUse=0,size=0,max=250,closed=false]
10:49:16.501 [main] DEBUG org.eclipse.jetty.util.component.AbstractLifeCycle -- STOPPED InflaterPool@6535117e{STOPPED,size=-1,capacity=250}
10:49:16.501 [main] DEBUG org.eclipse.jetty.util.component.AbstractLifeCycle -- STOPPING ErrorHandler@52ff99cd{STARTED}
10:49:16.501 [main] DEBUG org.eclipse.jetty.server.handler.AbstractHandler -- stopping ErrorHandler@52ff99cd{STOPPING}
10:49:16.501 [main] DEBUG org.eclipse.jetty.util.component.AbstractLifeCycle -- STOPPED ErrorHandler@52ff99cd{STOPPED}
10:49:16.501 [main] DEBUG org.eclipse.jetty.util.component.AbstractLifeCycle -- STOPPING StatisticsHandler@765ffb14{STARTED,r=0,d=0}
10:49:16.501 [main] DEBUG org.eclipse.jetty.server.handler.AbstractHandler -- stopping StatisticsHandler@765ffb14{STOPPING,r=0,d=0}
10:49:16.501 [main] DEBUG org.eclipse.jetty.util.component.AbstractLifeCycle -- STOPPING o.e.j.s.ServletContextHandler@57562473{/,null,AVAILABLE}
10:49:16.501 [main] DEBUG org.eclipse.jetty.util.component.AbstractLifeCycle -- STOPPING WebSocketServerComponents@446626a7{STARTED}
10:49:16.501 [main] DEBUG org.eclipse.jetty.util.component.AbstractLifeCycle -- STOPPED WebSocketServerComponents@446626a7{STOPPED}
10:49:16.501 [main] DEBUG org.eclipse.jetty.util.component.AbstractLifeCycle -- STOPPING JettyWebSocketServerContainer@cda6019{STARTED}
10:49:16.501 [main] DEBUG org.eclipse.jetty.util.component.AbstractLifeCycle -- STOPPING SessionTracker@4012d5bc{STARTED}
10:49:16.501 [main] DEBUG org.eclipse.jetty.util.component.AbstractLifeCycle -- STOPPED SessionTracker@4012d5bc{STOPPED}
10:49:16.501 [main] DEBUG org.eclipse.jetty.util.component.AbstractLifeCycle -- STOPPING JettyServerFrameHandlerFactory@797c3c3b{STARTED}
10:49:16.501 [main] DEBUG org.eclipse.jetty.util.component.AbstractLifeCycle -- STOPPED JettyServerFrameHandlerFactory@797c3c3b{STOPPED}
10:49:16.501 [main] DEBUG org.eclipse.jetty.util.component.AbstractLifeCycle -- STOPPED JettyWebSocketServerContainer@cda6019{STOPPED}
10:49:16.501 [main] DEBUG org.eclipse.jetty.server.handler.AbstractHandler -- stopping o.e.j.s.ServletContextHandler@57562473{/,null,STOPPED}
10:49:16.501 [main] DEBUG org.eclipse.jetty.util.component.AbstractLifeCycle -- STOPPING org.eclipse.jetty.server.session.SessionHandler1249890505==dftMaxIdleSec=-1
10:49:16.501 [main] DEBUG org.eclipse.jetty.server.session.DefaultSessionCache -- Shutdown sessions, invalidating = false
10:49:16.501 [main] DEBUG org.eclipse.jetty.util.component.AbstractLifeCycle -- STOPPING org.eclipse.jetty.server.session.DefaultSessionCache@1cf0cacc[evict=-1,removeUnloadable=false,saveOnCreate=false,saveOnInactiveEvict=false]
10:49:16.501 [main] DEBUG org.eclipse.jetty.util.component.AbstractLifeCycle -- STOPPING org.eclipse.jetty.server.session.NullSessionDataStore@4f5b08d[passivating=false,graceSec=3600]
10:49:16.501 [main] DEBUG org.eclipse.jetty.util.component.AbstractLifeCycle -- STOPPED org.eclipse.jetty.server.session.NullSessionDataStore@4f5b08d[passivating=false,graceSec=3600]
10:49:16.501 [main] DEBUG org.eclipse.jetty.util.component.AbstractLifeCycle -- STOPPED org.eclipse.jetty.server.session.DefaultSessionCache@1cf0cacc[evict=-1,removeUnloadable=false,saveOnCreate=false,saveOnInactiveEvict=false]
10:49:16.501 [main] DEBUG org.eclipse.jetty.util.component.AbstractLifeCycle -- STOPPING ScheduledExecutorScheduler@4601203a{STARTED}
10:49:16.501 [main] DEBUG org.eclipse.jetty.util.component.AbstractLifeCycle -- STOPPED ScheduledExecutorScheduler@4601203a{STOPPED}
10:49:16.501 [main] DEBUG org.eclipse.jetty.server.handler.AbstractHandler -- stopping org.eclipse.jetty.server.session.SessionHandler1249890505==dftMaxIdleSec=-1
10:49:16.501 [main] DEBUG org.eclipse.jetty.util.component.AbstractLifeCycle -- STOPPING ServletHandler@424de326{STARTED}
10:49:16.501 [main] DEBUG org.eclipse.jetty.server.handler.AbstractHandler -- stopping ServletHandler@424de326{STOPPING}
10:49:16.501 [main] DEBUG org.eclipse.jetty.util.component.AbstractLifeCycle -- STOPPING org.eclipse.jetty.servlet.ServletHandler$Default404Servlet-4b039c6d==org.eclipse.jetty.servlet.ServletHandler$Default404Servlet@bdb45fd{jsp=null,order=-1,inst=false,async=true,src=EMBEDDED:null,STARTED}
10:49:16.501 [main] DEBUG org.eclipse.jetty.util.component.AbstractLifeCycle -- STOPPED org.eclipse.jetty.servlet.ServletHandler$Default404Servlet-4b039c6d==org.eclipse.jetty.servlet.ServletHandler$Default404Servlet@bdb45fd{jsp=null,order=-1,inst=false,async=true,src=EMBEDDED:null,STOPPED}
10:49:16.501 [main] DEBUG org.eclipse.jetty.util.component.AbstractLifeCycle -- STOPPING io.javalin.jetty.JavalinJettyServlet-18578491==io.javalin.jetty.JavalinJettyServlet@229c054b{jsp=null,order=-1,inst=true,async=true,src=EMBEDDED:null,STARTED}
10:49:16.501 [main] DEBUG org.eclipse.jetty.util.component.AbstractLifeCycle -- STOPPED io.javalin.jetty.JavalinJettyServlet-18578491==io.javalin.jetty.JavalinJettyServlet@229c054b{jsp=null,order=-1,inst=false,async=true,src=EMBEDDED:null,STOPPED}
10:49:16.501 [main] DEBUG org.eclipse.jetty.servlet.ServletHandler -- Path=/*[EMBEDDED:null] mapped to servlet=io.javalin.jetty.JavalinJettyServlet-18578491[EMBEDDED:null]
10:49:16.501 [main] DEBUG org.eclipse.jetty.http.pathmap.ServletPathSpec -- Creating ServletPathSpec[/*] (group: PREFIX_GLOB, prefix: "", suffix: "null")
10:49:16.501 [main] DEBUG org.eclipse.jetty.http.pathmap.PathMappings -- Added MappedResource[pathSpec=ServletPathSpec@9457a78e{/*},resource=MappedServlet26c89563{/*->io.javalin.jetty.JavalinJettyServlet-18578491==io.javalin.jetty.JavalinJettyServlet@229c054b{jsp=null,order=-1,inst=false,async=true,src=EMBEDDED:null,STOPPED}}] to PathMappings[size=1]
10:49:16.501 [main] DEBUG org.eclipse.jetty.servlet.ServletHandler -- filterNameMap={} pathFilters=[] servletFilterMap={} servletPathMap=PathMappings[size=1] servletNameMap={io.javalin.jetty.JavalinJettyServlet-18578491=MappedServlet3bd6ba24{null->io.javalin.jetty.JavalinJettyServlet-18578491==io.javalin.jetty.JavalinJettyServlet@229c054b{jsp=null,order=-1,inst=false,async=true,src=EMBEDDED:null,STOPPED}}}
10:49:16.501 [main] DEBUG org.eclipse.jetty.util.component.AbstractLifeCycle -- STOPPED ServletHandler@424de326{STOPPED}
10:49:16.501 [main] DEBUG org.eclipse.jetty.util.component.AbstractLifeCycle -- STOPPED org.eclipse.jetty.server.session.SessionHandler1249890505==dftMaxIdleSec=-1
10:49:16.501 [main] DEBUG org.eclipse.jetty.util.component.AbstractLifeCycle -- STOPPING ServletContainerInitializerStarter@4bc33720{STARTED}
10:49:16.501 [main] DEBUG org.eclipse.jetty.util.component.AbstractLifeCycle -- STOPPING ContainerInitializer{org.eclipse.jetty.websocket.server.config.JettyWebSocketServletContainerInitializer,interested=[],applicable=[],annotated=[]}
10:49:16.501 [main] DEBUG org.eclipse.jetty.util.component.AbstractLifeCycle -- STOPPED ContainerInitializer{org.eclipse.jetty.websocket.server.config.JettyWebSocketServletContainerInitializer,interested=[],applicable=[],annotated=[]}
10:49:16.501 [main] DEBUG org.eclipse.jetty.util.component.AbstractLifeCycle -- STOPPED ServletContainerInitializerStarter@4bc33720{STOPPED}
10:49:16.501 [main] INFO org.eclipse.jetty.server.handler.ContextHandler -- Stopped o.e.j.s.ServletContextHandler@57562473{/,null,STOPPED}
10:49:16.501 [main] DEBUG org.eclipse.jetty.util.component.AbstractLifeCycle -- STOPPED o.e.j.s.ServletContextHandler@57562473{/,null,STOPPED}
10:49:16.501 [main] DEBUG org.eclipse.jetty.util.component.AbstractLifeCycle -- STOPPED StatisticsHandler@765ffb14{STOPPED,r=0,d=0}
10:49:16.501 [main] DEBUG org.eclipse.jetty.util.component.AbstractLifeCycle -- STOPPING LowResourceMonitor@2975a9e{STARTED}
10:49:16.501 [main] DEBUG org.eclipse.jetty.util.component.AbstractLifeCycle -- STOPPING LRMScheduler@7f93dd4e{STARTED}
10:49:16.501 [main] DEBUG org.eclipse.jetty.util.component.AbstractLifeCycle -- STOPPED LRMScheduler@7f93dd4e{STOPPED}
10:49:16.501 [main] DEBUG org.eclipse.jetty.util.component.AbstractLifeCycle -- STOPPED LowResourceMonitor@2975a9e{STOPPED}
10:49:16.501 [main] DEBUG org.eclipse.jetty.util.component.AbstractLifeCycle -- STOPPING AttributeContainerMap@4cbc2e3b{size=1}
10:49:16.501 [main] DEBUG org.eclipse.jetty.util.component.AbstractLifeCycle -- STOPPED AttributeContainerMap@4cbc2e3b{size=1}
10:49:16.501 [main] DEBUG org.eclipse.jetty.util.component.AbstractLifeCycle -- STOPPING QueuedThreadPool[JettyServerThreadPool]@48a0c8aa{STARTED,8<=9<=250,i=8,r=-1,t=59971ms,q=0}[ReservedThreadExecutor@44032fde{reserved=1/12,pending=0}]
10:49:16.501 [main] DEBUG org.eclipse.jetty.util.thread.QueuedThreadPool -- Stopping QueuedThreadPool[JettyServerThreadPool]@48a0c8aa{STOPPING,8<=9<=250,i=8,r=-1,t=59971ms,q=0}[ReservedThreadExecutor@44032fde{reserved=1/12,pending=0}]
10:49:16.501 [main] DEBUG org.eclipse.jetty.util.component.AbstractLifeCycle -- STOPPING ReservedThreadExecutor@44032fde{reserved=1/12,pending=0}
10:49:16.501 [main] DEBUG org.eclipse.jetty.util.component.AbstractLifeCycle -- STOPPED ReservedThreadExecutor@44032fde{reserved=-1/12,pending=0}
10:49:16.501 [JettyServerThreadPool-61] DEBUG org.eclipse.jetty.util.thread.ReservedThreadExecutor -- ReservedThread@1172ec35{RESERVED,thread=Thread[#61,JettyServerThreadPool-61,5,main]} task=STOP ReservedThreadExecutor@44032fde{reserved=-1/12,pending=0}
10:49:16.501 [main] DEBUG org.eclipse.jetty.util.thread.QueuedThreadPool -- Waiting for Thread[#56,JettyServerThreadPool-56,5,main] for 2499
10:49:16.501 [JettyServerThreadPool-61] DEBUG org.eclipse.jetty.util.thread.ReservedThreadExecutor -- ReservedThread@1172ec35{RESERVED,thread=Thread[#61,JettyServerThreadPool-61,5,main]} exited ReservedThreadExecutor@44032fde{reserved=-1/12,pending=0}
10:49:16.501 [JettyServerThreadPool-59] DEBUG org.eclipse.jetty.util.thread.QueuedThreadPool -- run org.eclipse.jetty.util.thread.QueuedThreadPool$$Lambda/0x000001e3262a6cd0@348d1aa3 in QueuedThreadPool[JettyServerThreadPool]@48a0c8aa{STOPPING,8<=0<=250,i=8,r=-1,t=59970ms,q=0}[NO_TRY]
10:49:16.501 [JettyServerThreadPool-57] DEBUG org.eclipse.jetty.util.thread.QueuedThreadPool -- run org.eclipse.jetty.util.thread.QueuedThreadPool$$Lambda/0x000001e3262a6cd0@348d1aa3 in QueuedThreadPool[JettyServerThreadPool]@48a0c8aa{STOPPING,8<=0<=250,i=8,r=-1,t=59970ms,q=0}[NO_TRY]
10:49:16.501 [JettyServerThreadPool-61] DEBUG org.eclipse.jetty.util.thread.QueuedThreadPool -- ran ReservedThread@1172ec35{RESERVED,thread=null} in QueuedThreadPool[JettyServerThreadPool]@48a0c8aa{STOPPING,8<=0<=250,i=8,r=-1,t=59970ms,q=0}[NO_TRY]
10:49:16.501 [JettyServerThreadPool-60] DEBUG org.eclipse.jetty.util.thread.QueuedThreadPool -- run org.eclipse.jetty.util.thread.QueuedThreadPool$$Lambda/0x000001e3262a6cd0@348d1aa3 in QueuedThreadPool[JettyServerThreadPool]@48a0c8aa{STOPPING,8<=0<=250,i=8,r=-1,t=59970ms,q=0}[NO_TRY]
10:49:16.501 [JettyServerThreadPool-59] DEBUG org.eclipse.jetty.util.thread.QueuedThreadPool -- ran org.eclipse.jetty.util.thread.QueuedThreadPool$$Lambda/0x000001e3262a6cd0@348d1aa3 in QueuedThreadPool[JettyServerThreadPool]@48a0c8aa{STOPPING,8<=0<=250,i=8,r=-1,t=59970ms,q=0}[NO_TRY]
10:49:16.501 [JettyServerThreadPool-57] DEBUG org.eclipse.jetty.util.thread.QueuedThreadPool -- ran org.eclipse.jetty.util.thread.QueuedThreadPool$$Lambda/0x000001e3262a6cd0@348d1aa3 in QueuedThreadPool[JettyServerThreadPool]@48a0c8aa{STOPPING,8<=0<=250,i=8,r=-1,t=59970ms,q=0}[NO_TRY]
10:49:16.504 [JettyServerThreadPool-61] DEBUG org.eclipse.jetty.util.thread.QueuedThreadPool -- Evict skipped, no excess threads QueuedThreadPool[JettyServerThreadPool]@48a0c8aa{STOPPING,8<=0<=250,i=9,r=-1,t=59970ms,q=0}[NO_TRY]
10:49:16.504 [JettyServerThreadPool-59] DEBUG org.eclipse.jetty.util.thread.QueuedThreadPool -- Evict skipped, no excess threads QueuedThreadPool[JettyServerThreadPool]@48a0c8aa{STOPPING,8<=0<=250,i=11,r=-1,t=59970ms,q=0}[NO_TRY]
10:49:16.504 [JettyServerThreadPool-60] DEBUG org.eclipse.jetty.util.thread.QueuedThreadPool -- ran org.eclipse.jetty.util.thread.QueuedThreadPool$$Lambda/0x000001e3262a6cd0@348d1aa3 in QueuedThreadPool[JettyServerThreadPool]@48a0c8aa{STOPPING,8<=0<=250,i=9,r=-1,t=59970ms,q=0}[NO_TRY]
10:49:16.504 [JettyServerThreadPool-61] DEBUG org.eclipse.jetty.util.thread.QueuedThreadPool -- Thread[#61,JettyServerThreadPool-61,5,main] exited for QueuedThreadPool[JettyServerThreadPool]@48a0c8aa{STOPPING,8<=0<=250,i=11,r=-1,t=59970ms,q=0}[NO_TRY]
10:49:16.504 [JettyServerThreadPool-54] DEBUG org.eclipse.jetty.util.thread.QueuedThreadPool -- run org.eclipse.jetty.util.thread.QueuedThreadPool$$Lambda/0x000001e3262a6cd0@348d1aa3 in QueuedThreadPool[JettyServerThreadPool]@48a0c8aa{STOPPING,8<=0<=250,i=11,r=-1,t=59970ms,q=0}[NO_TRY]
10:49:16.504 [JettyServerThreadPool-60] DEBUG org.eclipse.jetty.util.thread.QueuedThreadPool -- Evict skipped, no excess threads QueuedThreadPool[JettyServerThreadPool]@48a0c8aa{STOPPING,8<=0<=250,i=12,r=-1,t=59970ms,q=0}[NO_TRY]
10:49:16.504 [JettyServerThreadPool-58] DEBUG org.eclipse.jetty.util.thread.QueuedThreadPool -- run org.eclipse.jetty.util.thread.QueuedThreadPool$$Lambda/0x000001e3262a6cd0@348d1aa3 in QueuedThreadPool[JettyServerThreadPool]@48a0c8aa{STOPPING,8<=0<=250,i=9,r=-1,t=59970ms,q=0}[NO_TRY]
10:49:16.504 [JettyServerThreadPool-60] DEBUG org.eclipse.jetty.util.thread.QueuedThreadPool -- Thread[#60,JettyServerThreadPool-60,5,main] exited for QueuedThreadPool[JettyServerThreadPool]@48a0c8aa{STOPPING,8<=0<=250,i=12,r=-1,t=59970ms,q=0}[NO_TRY]
10:49:16.504 [JettyServerThreadPool-56] DEBUG org.eclipse.jetty.util.thread.QueuedThreadPool -- run org.eclipse.jetty.util.thread.QueuedThreadPool$$Lambda/0x000001e3262a6cd0@348d1aa3 in QueuedThreadPool[JettyServerThreadPool]@48a0c8aa{STOPPING,8<=0<=250,i=9,r=-1,t=59970ms,q=0}[NO_TRY]
10:49:16.504 [JettyServerThreadPool-58] DEBUG org.eclipse.jetty.util.thread.QueuedThreadPool -- ran org.eclipse.jetty.util.thread.QueuedThreadPool$$Lambda/0x000001e3262a6cd0@348d1aa3 in QueuedThreadPool[JettyServerThreadPool]@48a0c8aa{STOPPING,8<=0<=250,i=12,r=-1,t=59970ms,q=0}[NO_TRY]
10:49:16.504 [JettyServerThreadPool-57] DEBUG org.eclipse.jetty.util.thread.QueuedThreadPool -- Evict skipped, no excess threads QueuedThreadPool[JettyServerThreadPool]@48a0c8aa{STOPPING,8<=0<=250,i=11,r=-1,t=59970ms,q=0}[NO_TRY]
10:49:16.504 [JettyServerThreadPool-58] DEBUG org.eclipse.jetty.util.thread.QueuedThreadPool -- Evict skipped, no excess threads QueuedThreadPool[JettyServerThreadPool]@48a0c8aa{STOPPING,8<=0<=250,i=13,r=-1,t=59970ms,q=0}[NO_TRY]
10:49:16.504 [JettyServerThreadPool-69] DEBUG org.eclipse.jetty.util.thread.QueuedThreadPool -- run org.eclipse.jetty.util.thread.QueuedThreadPool$$Lambda/0x000001e3262a6cd0@348d1aa3 in QueuedThreadPool[JettyServerThreadPool]@48a0c8aa{STOPPING,8<=0<=250,i=11,r=-1,t=59970ms,q=0}[NO_TRY]
10:49:16.504 [JettyServerThreadPool-58] DEBUG org.eclipse.jetty.util.thread.QueuedThreadPool -- Thread[#58,JettyServerThreadPool-58,5,main] exited for QueuedThreadPool[JettyServerThreadPool]@48a0c8aa{STOPPING,8<=0<=250,i=13,r=-1,t=59970ms,q=0}[NO_TRY]
10:49:16.504 [JettyServerThreadPool-57] DEBUG org.eclipse.jetty.util.thread.QueuedThreadPool -- Thread[#57,JettyServerThreadPool-57,5,main] exited for QueuedThreadPool[JettyServerThreadPool]@48a0c8aa{STOPPING,8<=0<=250,i=13,r=-1,t=59970ms,q=0}[NO_TRY]
10:49:16.504 [JettyServerThreadPool-55] DEBUG org.eclipse.jetty.util.thread.QueuedThreadPool -- run org.eclipse.jetty.util.thread.QueuedThreadPool$$Lambda/0x000001e3262a6cd0@348d1aa3 in QueuedThreadPool[JettyServerThreadPool]@48a0c8aa{STOPPING,8<=0<=250,i=11,r=-1,t=59970ms,q=0}[NO_TRY]
10:49:16.504 [JettyServerThreadPool-69] DEBUG org.eclipse.jetty.util.thread.QueuedThreadPool -- ran org.eclipse.jetty.util.thread.QueuedThreadPool$$Lambda/0x000001e3262a6cd0@348d1aa3 in QueuedThreadPool[JettyServerThreadPool]@48a0c8aa{STOPPING,8<=0<=250,i=13,r=-1,t=59970ms,q=0}[NO_TRY]
10:49:16.504 [JettyServerThreadPool-59] DEBUG org.eclipse.jetty.util.thread.QueuedThreadPool -- Thread[#59,JettyServerThreadPool-59,5,main] exited for QueuedThreadPool[JettyServerThreadPool]@48a0c8aa{STOPPING,8<=0<=250,i=11,r=-1,t=59970ms,q=0}[NO_TRY]
10:49:16.504 [JettyServerThreadPool-69] DEBUG org.eclipse.jetty.util.thread.QueuedThreadPool -- Evict skipped, no excess threads QueuedThreadPool[JettyServerThreadPool]@48a0c8aa{STOPPING,8<=0<=250,i=14,r=-1,t=59970ms,q=0}[NO_TRY]
10:49:16.504 [JettyServerThreadPool-55] DEBUG org.eclipse.jetty.util.thread.QueuedThreadPool -- ran org.eclipse.jetty.util.thread.QueuedThreadPool$$Lambda/0x000001e3262a6cd0@348d1aa3 in QueuedThreadPool[JettyServerThreadPool]@48a0c8aa{STOPPING,8<=0<=250,i=14,r=-1,t=59970ms,q=0}[NO_TRY]
10:49:16.504 [JettyServerThreadPool-54] DEBUG org.eclipse.jetty.util.thread.QueuedThreadPool -- ran org.eclipse.jetty.util.thread.QueuedThreadPool$$Lambda/0x000001e3262a6cd0@348d1aa3 in QueuedThreadPool[JettyServerThreadPool]@48a0c8aa{STOPPING,8<=0<=250,i=12,r=-1,t=59970ms,q=0}[NO_TRY]
10:49:16.504 [JettyServerThreadPool-55] DEBUG org.eclipse.jetty.util.thread.QueuedThreadPool -- Evict skipped, no excess threads QueuedThreadPool[JettyServerThreadPool]@48a0c8aa{STOPPING,8<=0<=250,i=15,r=-1,t=59970ms,q=0}[NO_TRY]
10:49:16.504 [JettyServerThreadPool-56] DEBUG org.eclipse.jetty.util.thread.QueuedThreadPool -- ran org.eclipse.jetty.util.thread.QueuedThreadPool$$Lambda/0x000001e3262a6cd0@348d1aa3 in QueuedThreadPool[JettyServerThreadPool]@48a0c8aa{STOPPING,8<=0<=250,i=12,r=-1,t=59970ms,q=0}[NO_TRY]
10:49:16.504 [JettyServerThreadPool-54] DEBUG org.eclipse.jetty.util.thread.QueuedThreadPool -- Evict skipped, no excess threads QueuedThreadPool[JettyServerThreadPool]@48a0c8aa{STOPPING,8<=0<=250,i=16,r=-1,t=59970ms,q=0}[NO_TRY]
10:49:16.504 [JettyServerThreadPool-69] DEBUG org.eclipse.jetty.util.thread.QueuedThreadPool -- Thread[#69,JettyServerThreadPool-69,5,main] exited for QueuedThreadPool[JettyServerThreadPool]@48a0c8aa{STOPPING,8<=0<=250,i=15,r=-1,t=59970ms,q=0}[NO_TRY]
10:49:16.504 [JettyServerThreadPool-54] DEBUG org.eclipse.jetty.util.thread.QueuedThreadPool -- Thread[#54,JettyServerThreadPool-54,5,main] exited for QueuedThreadPool[JettyServerThreadPool]@48a0c8aa{STOPPING,8<=0<=250,i=17,r=-1,t=59970ms,q=0}[NO_TRY]
10:49:16.504 [JettyServerThreadPool-56] DEBUG org.eclipse.jetty.util.thread.QueuedThreadPool -- Evict skipped, no excess threads QueuedThreadPool[JettyServerThreadPool]@48a0c8aa{STOPPING,8<=0<=250,i=17,r=-1,t=59970ms,q=0}[NO_TRY]
10:49:16.504 [JettyServerThreadPool-55] DEBUG org.eclipse.jetty.util.thread.QueuedThreadPool -- Thread[#55,JettyServerThreadPool-55,5,main] exited for QueuedThreadPool[JettyServerThreadPool]@48a0c8aa{STOPPING,8<=0<=250,i=16,r=-1,t=59970ms,q=0}[NO_TRY]
10:49:16.504 [JettyServerThreadPool-56] DEBUG org.eclipse.jetty.util.thread.QueuedThreadPool -- Thread[#56,JettyServerThreadPool-56,5,main] exited for QueuedThreadPool[JettyServerThreadPool]@48a0c8aa{STOPPING,8<=0<=250,i=17,r=-1,t=59969ms,q=0}[NO_TRY]
10:49:16.505 [main] DEBUG org.eclipse.jetty.util.thread.QueuedThreadPool -- Waiting for Thread[#54,JettyServerThreadPool-54,5,] for 2498
10:49:16.505 [main] DEBUG org.eclipse.jetty.util.component.AbstractLifeCycle -- STOPPED QueuedThreadPool[JettyServerThreadPool]@48a0c8aa{STOPPED,8<=0<=250,i=17,r=-1,t=59969ms,q=0}[NO_TRY]
10:49:16.505 [main] DEBUG org.eclipse.jetty.util.component.AbstractLifeCycle -- STOPPED Server@3722c145{STOPPED}[11.0.20,sto=0]
10:49:16.505 [main] INFO io.javalin.Javalin -- Javalin has stopped
]]></system-out>
  </testcase>
</testsuite>