<?xml version="1.0" encoding="UTF-8"?>
<testsuite xmlns:xsi="http://www.w3.org/2001/XMLSchema-instance" xsi:noNamespaceSchemaLocation="https://maven.apache.org/surefire/maven-surefire-plugin/xsd/surefire-test-report-3.0.xsd" version="3.0" name="br.com.espacovista.controller.PrintControllerIntegrationTest" time="3.504" tests="2" errors="0" skipped="0" failures="0">
  <properties>
    <property name="java.specification.version" value="21"/>
    <property name="sun.cpu.isalist" value="amd64"/>
    <property name="sun.jnu.encoding" value="Cp1252"/>
    <property name="java.class.path" value="C:\Users\vista\OneDrive\Área de Trabalho\Desenvolvimento\app-impressora-etiquetas\backend\target\test-classes;C:\Users\vista\OneDrive\Área de Trabalho\Desenvolvimento\app-impressora-etiquetas\backend\target\classes;C:\Users\vista\.m2\repository\io\javalin\javalin\6.1.3\javalin-6.1.3.jar;C:\Users\vista\.m2\repository\org\eclipse\jetty\jetty-server\11.0.20\jetty-server-11.0.20.jar;C:\Users\vista\.m2\repository\org\eclipse\jetty\jetty-http\11.0.20\jetty-http-11.0.20.jar;C:\Users\vista\.m2\repository\org\eclipse\jetty\jetty-util\11.0.20\jetty-util-11.0.20.jar;C:\Users\vista\.m2\repository\org\eclipse\jetty\jetty-io\11.0.20\jetty-io-11.0.20.jar;C:\Users\vista\.m2\repository\org\eclipse\jetty\toolchain\jetty-jakarta-servlet-api\5.0.2\jetty-jakarta-servlet-api-5.0.2.jar;C:\Users\vista\.m2\repository\org\eclipse\jetty\websocket\websocket-jetty-server\11.0.20\websocket-jetty-server-11.0.20.jar;C:\Users\vista\.m2\repository\org\eclipse\jetty\jetty-servlet\11.0.20\jetty-servlet-11.0.20.jar;C:\Users\vista\.m2\repository\org\eclipse\jetty\jetty-security\11.0.20\jetty-security-11.0.20.jar;C:\Users\vista\.m2\repository\org\eclipse\jetty\jetty-webapp\11.0.20\jetty-webapp-11.0.20.jar;C:\Users\vista\.m2\repository\org\eclipse\jetty\jetty-xml\11.0.20\jetty-xml-11.0.20.jar;C:\Users\vista\.m2\repository\org\eclipse\jetty\websocket\websocket-jetty-api\11.0.20\websocket-jetty-api-11.0.20.jar;C:\Users\vista\.m2\repository\org\eclipse\jetty\websocket\websocket-jetty-common\11.0.20\websocket-jetty-common-11.0.20.jar;C:\Users\vista\.m2\repository\org\eclipse\jetty\websocket\websocket-core-common\11.0.20\websocket-core-common-11.0.20.jar;C:\Users\vista\.m2\repository\org\eclipse\jetty\websocket\websocket-servlet\11.0.20\websocket-servlet-11.0.20.jar;C:\Users\vista\.m2\repository\org\eclipse\jetty\websocket\websocket-core-server\11.0.20\websocket-core-server-11.0.20.jar;C:\Users\vista\.m2\repository\org\jetbrains\kotlin\kotlin-stdlib-jdk8\1.9.22\kotlin-stdlib-jdk8-1.9.22.jar;C:\Users\vista\.m2\repository\org\jetbrains\kotlin\kotlin-stdlib\1.9.22\kotlin-stdlib-1.9.22.jar;C:\Users\vista\.m2\repository\org\jetbrains\annotations\13.0\annotations-13.0.jar;C:\Users\vista\.m2\repository\org\jetbrains\kotlin\kotlin-stdlib-jdk7\1.9.22\kotlin-stdlib-jdk7-1.9.22.jar;C:\Users\vista\.m2\repository\org\slf4j\slf4j-api\2.0.13\slf4j-api-2.0.13.jar;C:\Users\vista\.m2\repository\ch\qos\logback\logback-classic\1.5.6\logback-classic-1.5.6.jar;C:\Users\vista\.m2\repository\ch\qos\logback\logback-core\1.5.6\logback-core-1.5.6.jar;C:\Users\vista\.m2\repository\com\google\code\gson\gson\2.11.0\gson-2.11.0.jar;C:\Users\vista\.m2\repository\com\google\errorprone\error_prone_annotations\2.27.0\error_prone_annotations-2.27.0.jar;C:\Users\vista\.m2\repository\org\junit\jupiter\junit-jupiter-api\5.10.2\junit-jupiter-api-5.10.2.jar;C:\Users\vista\.m2\repository\org\opentest4j\opentest4j\1.3.0\opentest4j-1.3.0.jar;C:\Users\vista\.m2\repository\org\junit\platform\junit-platform-commons\1.10.2\junit-platform-commons-1.10.2.jar;C:\Users\vista\.m2\repository\org\apiguardian\apiguardian-api\1.1.2\apiguardian-api-1.1.2.jar;C:\Users\vista\.m2\repository\org\junit\jupiter\junit-jupiter-engine\5.10.2\junit-jupiter-engine-5.10.2.jar;C:\Users\vista\.m2\repository\org\junit\platform\junit-platform-engine\1.10.2\junit-platform-engine-1.10.2.jar;C:\Users\vista\.m2\repository\org\mockito\mockito-core\5.12.0\mockito-core-5.12.0.jar;C:\Users\vista\.m2\repository\net\bytebuddy\byte-buddy\1.14.15\byte-buddy-1.14.15.jar;C:\Users\vista\.m2\repository\net\bytebuddy\byte-buddy-agent\1.14.15\byte-buddy-agent-1.14.15.jar;C:\Users\vista\.m2\repository\org\objenesis\objenesis\3.3\objenesis-3.3.jar;C:\Users\vista\.m2\repository\org\mockito\mockito-junit-jupiter\5.12.0\mockito-junit-jupiter-5.12.0.jar;C:\Users\vista\.m2\repository\fr\w3blog\zebra-zpl\0.0.3\zebra-zpl-0.0.3.jar;C:\Users\vista\.m2\repository\junit\junit\4.13.1\junit-4.13.1.jar;C:\Users\vista\.m2\repository\org\hamcrest\hamcrest-core\1.3\hamcrest-core-1.3.jar;"/>
    <property name="java.vm.vendor" value="Oracle Corporation"/>
    <property name="sun.arch.data.model" value="64"/>
    <property name="user.variant" value=""/>
    <property name="java.vendor.url" value="https://java.oracle.com/"/>
    <property name="user.timezone" value="America/Sao_Paulo"/>
    <property name="os.name" value="Windows 11"/>
    <property name="java.vm.specification.version" value="21"/>
    <property name="user.country" value="BR"/>
    <property name="sun.java.launcher" value="SUN_STANDARD"/>
    <property name="sun.boot.library.path" value="C:\Program Files\Java\jdk-21\bin"/>
    <property name="sun.java.command" value="C:\Users\vista\AppData\Local\Temp\surefire1490320661092000312\surefirebooter-20250819134608352_3.jar C:\Users\vista\AppData\Local\Temp\surefire1490320661092000312 2025-08-19T13-46-08_177-jvmRun1 surefire-20250819134608352_1tmp surefire_0-20250819134608352_2tmp"/>
    <property name="jdk.debug" value="release"/>
    <property name="surefire.test.class.path" value="C:\Users\vista\OneDrive\Área de Trabalho\Desenvolvimento\app-impressora-etiquetas\backend\target\test-classes;C:\Users\vista\OneDrive\Área de Trabalho\Desenvolvimento\app-impressora-etiquetas\backend\target\classes;C:\Users\vista\.m2\repository\io\javalin\javalin\6.1.3\javalin-6.1.3.jar;C:\Users\vista\.m2\repository\org\eclipse\jetty\jetty-server\11.0.20\jetty-server-11.0.20.jar;C:\Users\vista\.m2\repository\org\eclipse\jetty\jetty-http\11.0.20\jetty-http-11.0.20.jar;C:\Users\vista\.m2\repository\org\eclipse\jetty\jetty-util\11.0.20\jetty-util-11.0.20.jar;C:\Users\vista\.m2\repository\org\eclipse\jetty\jetty-io\11.0.20\jetty-io-11.0.20.jar;C:\Users\vista\.m2\repository\org\eclipse\jetty\toolchain\jetty-jakarta-servlet-api\5.0.2\jetty-jakarta-servlet-api-5.0.2.jar;C:\Users\vista\.m2\repository\org\eclipse\jetty\websocket\websocket-jetty-server\11.0.20\websocket-jetty-server-11.0.20.jar;C:\Users\vista\.m2\repository\org\eclipse\jetty\jetty-servlet\11.0.20\jetty-servlet-11.0.20.jar;C:\Users\vista\.m2\repository\org\eclipse\jetty\jetty-security\11.0.20\jetty-security-11.0.20.jar;C:\Users\vista\.m2\repository\org\eclipse\jetty\jetty-webapp\11.0.20\jetty-webapp-11.0.20.jar;C:\Users\vista\.m2\repository\org\eclipse\jetty\jetty-xml\11.0.20\jetty-xml-11.0.20.jar;C:\Users\vista\.m2\repository\org\eclipse\jetty\websocket\websocket-jetty-api\11.0.20\websocket-jetty-api-11.0.20.jar;C:\Users\vista\.m2\repository\org\eclipse\jetty\websocket\websocket-jetty-common\11.0.20\websocket-jetty-common-11.0.20.jar;C:\Users\vista\.m2\repository\org\eclipse\jetty\websocket\websocket-core-common\11.0.20\websocket-core-common-11.0.20.jar;C:\Users\vista\.m2\repository\org\eclipse\jetty\websocket\websocket-servlet\11.0.20\websocket-servlet-11.0.20.jar;C:\Users\vista\.m2\repository\org\eclipse\jetty\websocket\websocket-core-server\11.0.20\websocket-core-server-11.0.20.jar;C:\Users\vista\.m2\repository\org\jetbrains\kotlin\kotlin-stdlib-jdk8\1.9.22\kotlin-stdlib-jdk8-1.9.22.jar;C:\Users\vista\.m2\repository\org\jetbrains\kotlin\kotlin-stdlib\1.9.22\kotlin-stdlib-1.9.22.jar;C:\Users\vista\.m2\repository\org\jetbrains\annotations\13.0\annotations-13.0.jar;C:\Users\vista\.m2\repository\org\jetbrains\kotlin\kotlin-stdlib-jdk7\1.9.22\kotlin-stdlib-jdk7-1.9.22.jar;C:\Users\vista\.m2\repository\org\slf4j\slf4j-api\2.0.13\slf4j-api-2.0.13.jar;C:\Users\vista\.m2\repository\ch\qos\logback\logback-classic\1.5.6\logback-classic-1.5.6.jar;C:\Users\vista\.m2\repository\ch\qos\logback\logback-core\1.5.6\logback-core-1.5.6.jar;C:\Users\vista\.m2\repository\com\google\code\gson\gson\2.11.0\gson-2.11.0.jar;C:\Users\vista\.m2\repository\com\google\errorprone\error_prone_annotations\2.27.0\error_prone_annotations-2.27.0.jar;C:\Users\vista\.m2\repository\org\junit\jupiter\junit-jupiter-api\5.10.2\junit-jupiter-api-5.10.2.jar;C:\Users\vista\.m2\repository\org\opentest4j\opentest4j\1.3.0\opentest4j-1.3.0.jar;C:\Users\vista\.m2\repository\org\junit\platform\junit-platform-commons\1.10.2\junit-platform-commons-1.10.2.jar;C:\Users\vista\.m2\repository\org\apiguardian\apiguardian-api\1.1.2\apiguardian-api-1.1.2.jar;C:\Users\vista\.m2\repository\org\junit\jupiter\junit-jupiter-engine\5.10.2\junit-jupiter-engine-5.10.2.jar;C:\Users\vista\.m2\repository\org\junit\platform\junit-platform-engine\1.10.2\junit-platform-engine-1.10.2.jar;C:\Users\vista\.m2\repository\org\mockito\mockito-core\5.12.0\mockito-core-5.12.0.jar;C:\Users\vista\.m2\repository\net\bytebuddy\byte-buddy\1.14.15\byte-buddy-1.14.15.jar;C:\Users\vista\.m2\repository\net\bytebuddy\byte-buddy-agent\1.14.15\byte-buddy-agent-1.14.15.jar;C:\Users\vista\.m2\repository\org\objenesis\objenesis\3.3\objenesis-3.3.jar;C:\Users\vista\.m2\repository\org\mockito\mockito-junit-jupiter\5.12.0\mockito-junit-jupiter-5.12.0.jar;C:\Users\vista\.m2\repository\fr\w3blog\zebra-zpl\0.0.3\zebra-zpl-0.0.3.jar;C:\Users\vista\.m2\repository\junit\junit\4.13.1\junit-4.13.1.jar;C:\Users\vista\.m2\repository\org\hamcrest\hamcrest-core\1.3\hamcrest-core-1.3.jar;"/>
    <property name="sun.cpu.endian" value="little"/>
    <property name="user.home" value="C:\Users\vista"/>
    <property name="user.language" value="pt"/>
    <property name="java.specification.vendor" value="Oracle Corporation"/>
    <property name="java.version.date" value="2025-04-15"/>
    <property name="java.home" value="C:\Program Files\Java\jdk-21"/>
    <property name="file.separator" value="\"/>
    <property name="basedir" value="C:\Users\vista\OneDrive\Área de Trabalho\Desenvolvimento\app-impressora-etiquetas\backend"/>
    <property name="style.color" value="always"/>
    <property name="java.vm.compressedOopsMode" value="32-bit"/>
    <property name="line.separator" value="&#10;"/>
    <property name="java.vm.specification.vendor" value="Oracle Corporation"/>
    <property name="java.specification.name" value="Java Platform API Specification"/>
    <property name="surefire.real.class.path" value="C:\Users\vista\AppData\Local\Temp\surefire1490320661092000312\surefirebooter-20250819134608352_3.jar"/>
    <property name="user.script" value=""/>
    <property name="sun.management.compiler" value="HotSpot 64-Bit Tiered Compilers"/>
    <property name="java.runtime.version" value="21.0.7+8-LTS-245"/>
    <property name="user.name" value="vista"/>
    <property name="stdout.encoding" value="Cp1252"/>
    <property name="path.separator" value=";"/>
    <property name="os.version" value="10.0"/>
    <property name="java.runtime.name" value="Java(TM) SE Runtime Environment"/>
    <property name="file.encoding" value="UTF-8"/>
    <property name="java.vm.name" value="Java HotSpot(TM) 64-Bit Server VM"/>
    <property name="maven.ext.class.path" value="C:\Program Files\JetBrains\IntelliJ IDEA Community Edition 2025.1.2\plugins\maven\lib\maven-event-listener.jar"/>
    <property name="localRepository" value="C:\Users\vista\.m2\repository"/>
    <property name="java.vendor.url.bug" value="https://bugreport.java.com/bugreport/"/>
    <property name="jetty.git.hash" value="922f8dc188f7011e60d0361de585fd4ac4d63064"/>
    <property name="java.io.tmpdir" value="C:\Users\vista\AppData\Local\Temp\"/>
    <property name="idea.version" value="2025.2"/>
    <property name="java.version" value="21.0.7"/>
    <property name="user.dir" value="C:\Users\vista\OneDrive\Área de Trabalho\Desenvolvimento\app-impressora-etiquetas\backend"/>
    <property name="os.arch" value="amd64"/>
    <property name="jansi.passthrough" value="true"/>
    <property name="java.vm.specification.name" value="Java Virtual Machine Specification"/>
    <property name="sun.os.patch.level" value=""/>
    <property name="native.encoding" value="Cp1252"/>
    <property name="java.library.path" value="C:\Program Files\Java\jdk-21\bin;C:\WINDOWS\Sun\Java\bin;C:\WINDOWS\system32;C:\WINDOWS;C:\Program Files\Common Files\Oracle\Java\javapath;C:\WINDOWS\system32;C:\WINDOWS;C:\WINDOWS\System32\Wbem;C:\WINDOWS\System32\WindowsPowerShell\v1.0\;C:\WINDOWS\System32\OpenSSH\;C:\Program Files\dotnet\;C:\Program Files (x86)\OPOS\Epson3\;C:\Program Files\Git\cmd;C:\Program Files\MySQL\MySQL Shell 8.0\bin\;C:\Users\vista\AppData\Local\Programs\Python\Launcher\;c:\Users\vista\AppData\Local\Programs\Trae\bin;C:\Users\vista\AppData\Local\Microsoft\WindowsApps;C:\Users\vista\AppData\Local\Programs\Microsoft VS Code\bin;."/>
    <property name="java.vm.info" value="mixed mode, sharing"/>
    <property name="stderr.encoding" value="Cp1252"/>
    <property name="java.vendor" value="Oracle Corporation"/>
    <property name="java.vm.version" value="21.0.7+8-LTS-245"/>
    <property name="sun.io.unicode.encoding" value="UnicodeLittle"/>
    <property name="java.class.version" value="65.0"/>
  </properties>
  <testcase name="postToPrint_withValidRequest_shouldReturn200" classname="br.com.espacovista.controller.PrintControllerIntegrationTest" time="3.253">
    <system-out><![CDATA[13:46:10.942 [main] DEBUG org.eclipse.jetty.http.PreEncodedHttpField -- HttpField encoders loaded: [org.eclipse.jetty.http.Http1FieldPreEncoder@78e89bfe]
13:46:11.021 [main] DEBUG org.eclipse.jetty.util.component.ContainerLifeCycle -- QueuedThreadPool[qtp810672306]@3051e0b2{STOPPED,8<=0<=250,i=0,r=-1,t=-5157209ms,q=0}[NO_TRY] added {org.eclipse.jetty.util.thread.ThreadPoolBudget@31e72cbc,POJO}
13:46:11.037 [main] DEBUG org.eclipse.jetty.util.component.ContainerLifeCycle -- Server@67e28be3{STOPPED}[11.0.20,sto=0] added {QueuedThreadPool[JettyServerThreadPool]@3051e0b2{STOPPED,8<=0<=250,i=0,r=-1,t=-5157223ms,q=0}[NO_TRY],AUTO}
13:46:11.037 [main] DEBUG org.eclipse.jetty.util.component.ContainerLifeCycle -- Server@67e28be3{STOPPED}[11.0.20,sto=0] added {AttributeContainerMap@15dd5ac2{size=0},AUTO}
13:46:11.061 [main] DEBUG org.eclipse.jetty.util.component.ContainerLifeCycle -- Server@67e28be3{STOPPED}[11.0.20,sto=0] added {LowResourceMonitor@486bc9a4{STOPPED},AUTO}
13:46:11.065 [main] DEBUG org.eclipse.jetty.util.component.ContainerLifeCycle -- Server@67e28be3{STOPPED}[11.0.20,sto=0] added {StatisticsHandler@37b72ea{STOPPED,r=0,d=0},MANAGED}
13:46:11.065 [main] DEBUG org.eclipse.jetty.util.component.ContainerLifeCycle -- AttributeContainerMap@15dd5ac2{size=1} added {true,POJO}
13:46:11.095 [main] DEBUG org.eclipse.jetty.util.component.ContainerLifeCycle -- o.e.j.s.ServletContextHandler@5136207f{/,null,STOPPED} added {org.eclipse.jetty.server.session.SessionHandler648303898==dftMaxIdleSec=-1,MANAGED}
13:46:11.097 [main] DEBUG org.eclipse.jetty.util.component.ContainerLifeCycle -- org.eclipse.jetty.server.session.SessionHandler648303898==dftMaxIdleSec=-1 added {ServletHandler@69da0b12{STOPPED},MANAGED}
13:46:11.101 [main] DEBUG org.eclipse.jetty.util.component.ContainerLifeCycle -- o.e.j.s.ServletContextHandler@5136207f{/,null,STOPPED} added {ServletContainerInitializerStarter@3900fa71{STOPPED},MANAGED}
13:46:11.101 [main] DEBUG org.eclipse.jetty.util.component.ContainerLifeCycle -- ServletContainerInitializerStarter@3900fa71{STOPPED} added {ContainerInitializer{org.eclipse.jetty.websocket.server.config.JettyWebSocketServletContainerInitializer,interested=[],applicable=[],annotated=[]},MANAGED}
13:46:11.123 [main] DEBUG org.eclipse.jetty.util.component.ContainerLifeCycle -- o.e.j.s.ServletContextHandler@5136207f{/,null,STOPPED} added {org.eclipse.jetty.server.session.SessionHandler418299920==dftMaxIdleSec=-1,MANAGED}
13:46:11.125 [main] DEBUG org.eclipse.jetty.util.component.ContainerLifeCycle -- org.eclipse.jetty.server.session.SessionHandler418299920==dftMaxIdleSec=-1 added {ServletHandler@69da0b12{STOPPED},MANAGED}
13:46:11.131 [main] DEBUG org.eclipse.jetty.util.component.ContainerLifeCycle -- ServletHandler@69da0b12{STOPPED} added {io.javalin.jetty.JavalinJettyServlet-b016b4e==io.javalin.jetty.JavalinJettyServlet@23d44d92{jsp=null,order=-1,inst=false,async=true,src=EMBEDDED:null,STOPPED},AUTO}
13:46:11.132 [main] DEBUG org.eclipse.jetty.util.component.ContainerLifeCycle -- ServletHandler@69da0b12{STOPPED} added {[/*]=>io.javalin.jetty.JavalinJettyServlet-b016b4e,POJO}
13:46:11.132 [main] DEBUG org.eclipse.jetty.util.component.ContainerLifeCycle -- StatisticsHandler@37b72ea{STOPPED,r=0,d=0} added {o.e.j.s.ServletContextHandler@5136207f{/,null,STOPPED},MANAGED}
13:46:11.164 [main] DEBUG org.eclipse.jetty.util.component.ContainerLifeCycle -- HttpConnectionFactory@44841b43[HTTP/1.1] added {HttpConfiguration@7c75db8b{32768/8192,8192/8192,https://:0,[]},POJO}
13:46:11.180 [main] DEBUG org.eclipse.jetty.util.component.ContainerLifeCycle -- ServerConnector@7c1c5936{null, ()}{0.0.0.0:0} added {QueuedThreadPool[JettyServerThreadPool]@3051e0b2{STOPPED,8<=0<=250,i=0,r=-1,t=-5157354ms,q=0}[NO_TRY],AUTO}
13:46:11.184 [main] DEBUG org.eclipse.jetty.util.component.ContainerLifeCycle -- ServerConnector@7c1c5936{null, ()}{0.0.0.0:0} added {ScheduledExecutorScheduler@38018b62{STOPPED},AUTO}
13:46:11.212 [main] DEBUG org.eclipse.jetty.util.component.ContainerLifeCycle -- Server@67e28be3{STOPPED}[11.0.20,sto=0] added {LogarithmicArrayByteBufferPool@6e8a9c30{minBufferCapacity=0, maxBufferCapacity=65536, maxQueueLength=-1, factor=4096},POJO}
13:46:11.212 [main] DEBUG org.eclipse.jetty.util.component.ContainerLifeCycle -- ServerConnector@7c1c5936{null, ()}{0.0.0.0:0} added {LogarithmicArrayByteBufferPool@6e8a9c30{minBufferCapacity=0, maxBufferCapacity=65536, maxQueueLength=-1, factor=4096},UNMANAGED}
13:46:11.212 [main] DEBUG org.eclipse.jetty.util.component.ContainerLifeCycle -- ServerConnector@7c1c5936{null, ()}{0.0.0.0:0} added {org.eclipse.jetty.io.LogarithmicArrayByteBufferPool$LogarithmicRetainablePool@5d01ea21{min=0,max=65536,buckets=17,heap=0/-1,direct=0/-1},POJO}
13:46:11.216 [main] DEBUG org.eclipse.jetty.util.component.ContainerLifeCycle -- ServerConnector@7c1c5936{null, ()}{0.0.0.0:0} added {org.eclipse.jetty.server.AbstractConnector$1@2216effc,POJO}
13:46:11.218 [main] DEBUG org.eclipse.jetty.util.component.ContainerLifeCycle -- ServerConnector@7c1c5936{null, (http/1.1)}{0.0.0.0:0} added {HttpConnectionFactory@44841b43[HTTP/1.1],AUTO}
13:46:11.218 [main] DEBUG org.eclipse.jetty.server.AbstractConnector -- ServerConnector@7c1c5936{HTTP/1.1, (http/1.1)}{0.0.0.0:0} added HttpConnectionFactory@44841b43[HTTP/1.1]
13:46:11.226 [main] DEBUG org.eclipse.jetty.util.component.ContainerLifeCycle -- ServerConnector@7c1c5936{HTTP/1.1, (http/1.1)}{0.0.0.0:0} added {SelectorManager@ServerConnector@7c1c5936{HTTP/1.1, (http/1.1)}{0.0.0.0:0},MANAGED}
13:46:11.226 [main] DEBUG org.eclipse.jetty.util.component.ContainerLifeCycle -- Server@67e28be3{STOPPED}[11.0.20,sto=0] added {ServerConnector@7c1c5936{HTTP/1.1, (http/1.1)}{0.0.0.0:0},AUTO}
13:46:11.227 [main] INFO io.javalin.Javalin -- Starting Javalin ...
13:46:11.227 [main] DEBUG org.eclipse.jetty.util.component.AbstractLifeCycle -- STARTING Server@67e28be3{STOPPED}[11.0.20,sto=0]
13:46:11.234 [main] DEBUG org.eclipse.jetty.util.component.ContainerLifeCycle -- Server@67e28be3{STARTING}[11.0.20,sto=0] added {ErrorHandler@63716833{STOPPED},AUTO}
13:46:11.239 [main] INFO org.eclipse.jetty.server.Server -- jetty-11.0.20; built: 2024-01-29T21:04:22.394Z; git: 922f8dc188f7011e60d0361de585fd4ac4d63064; jvm 21.0.7+8-LTS-245
13:46:11.282 [main] DEBUG org.eclipse.jetty.server.AbstractConnector -- Could not configure SO_REUSEPORT to false on sun.nio.ch.ServerSocketChannelImpl[unbound]
java.lang.UnsupportedOperationException: 'SO_REUSEPORT' not supported
	at java.base/sun.nio.ch.ServerSocketChannelImpl.setOption(ServerSocketChannelImpl.java:219)
	at org.eclipse.jetty.server.ServerConnector.setSocketOption(ServerConnector.java:355)
	at org.eclipse.jetty.server.ServerConnector.openAcceptChannel(ServerConnector.java:336)
	at org.eclipse.jetty.server.ServerConnector.open(ServerConnector.java:304)
	at org.eclipse.jetty.server.Server.lambda$doStart$0(Server.java:402)
	at java.base/java.util.stream.ForEachOps$ForEachOp$OfRef.accept(ForEachOps.java:184)
	at java.base/java.util.stream.ReferencePipeline$3$1.accept(ReferencePipeline.java:197)
	at java.base/java.util.stream.ReferencePipeline$2$1.accept(ReferencePipeline.java:179)
	at java.base/java.util.Spliterators$ArraySpliterator.forEachRemaining(Spliterators.java:1024)
	at java.base/java.util.stream.AbstractPipeline.copyInto(AbstractPipeline.java:509)
	at java.base/java.util.stream.AbstractPipeline.wrapAndCopyInto(AbstractPipeline.java:499)
	at java.base/java.util.stream.ForEachOps$ForEachOp.evaluateSequential(ForEachOps.java:151)
	at java.base/java.util.stream.ForEachOps$ForEachOp$OfRef.evaluateSequential(ForEachOps.java:174)
	at java.base/java.util.stream.AbstractPipeline.evaluate(AbstractPipeline.java:234)
	at java.base/java.util.stream.ReferencePipeline.forEach(ReferencePipeline.java:596)
	at org.eclipse.jetty.server.Server.doStart(Server.java:398)
	at org.eclipse.jetty.util.component.AbstractLifeCycle.start(AbstractLifeCycle.java:93)
	at io.javalin.jetty.JettyServer.start(JettyServer.kt:93)
	at io.javalin.Javalin.start(Javalin.java:123)
	at br.com.espacovista.controller.PrintControllerIntegrationTest.setUp(PrintControllerIntegrationTest.java:40)
	at java.base/jdk.internal.reflect.DirectMethodHandleAccessor.invoke(DirectMethodHandleAccessor.java:103)
	at java.base/java.lang.reflect.Method.invoke(Method.java:580)
	at org.junit.platform.commons.util.ReflectionUtils.invokeMethod(ReflectionUtils.java:728)
	at org.junit.jupiter.engine.execution.MethodInvocation.proceed(MethodInvocation.java:60)
	at org.junit.jupiter.engine.execution.InvocationInterceptorChain$ValidatingInvocation.proceed(InvocationInterceptorChain.java:131)
	at org.junit.jupiter.engine.extension.TimeoutExtension.intercept(TimeoutExtension.java:156)
	at org.junit.jupiter.engine.extension.TimeoutExtension.interceptLifecycleMethod(TimeoutExtension.java:128)
	at org.junit.jupiter.engine.extension.TimeoutExtension.interceptBeforeEachMethod(TimeoutExtension.java:78)
	at org.junit.jupiter.engine.execution.InterceptingExecutableInvoker$ReflectiveInterceptorCall.lambda$ofVoidMethod$0(InterceptingExecutableInvoker.java:103)
	at org.junit.jupiter.engine.execution.InterceptingExecutableInvoker.lambda$invoke$0(InterceptingExecutableInvoker.java:93)
	at org.junit.jupiter.engine.execution.InvocationInterceptorChain$InterceptedInvocation.proceed(InvocationInterceptorChain.java:106)
	at org.junit.jupiter.engine.execution.InvocationInterceptorChain.proceed(InvocationInterceptorChain.java:64)
	at org.junit.jupiter.engine.execution.InvocationInterceptorChain.chainAndInvoke(InvocationInterceptorChain.java:45)
	at org.junit.jupiter.engine.execution.InvocationInterceptorChain.invoke(InvocationInterceptorChain.java:37)
	at org.junit.jupiter.engine.execution.InterceptingExecutableInvoker.invoke(InterceptingExecutableInvoker.java:92)
	at org.junit.jupiter.engine.execution.InterceptingExecutableInvoker.invoke(InterceptingExecutableInvoker.java:86)
	at org.junit.jupiter.engine.descriptor.ClassBasedTestDescriptor.invokeMethodInExtensionContext(ClassBasedTestDescriptor.java:521)
	at org.junit.jupiter.engine.descriptor.ClassBasedTestDescriptor.lambda$synthesizeBeforeEachMethodAdapter$23(ClassBasedTestDescriptor.java:506)
	at org.junit.jupiter.engine.descriptor.TestMethodTestDescriptor.lambda$invokeBeforeEachMethods$3(TestMethodTestDescriptor.java:175)
	at org.junit.jupiter.engine.descriptor.TestMethodTestDescriptor.lambda$invokeBeforeMethodsOrCallbacksUntilExceptionOccurs$6(TestMethodTestDescriptor.java:203)
	at org.junit.platform.engine.support.hierarchical.ThrowableCollector.execute(ThrowableCollector.java:73)
	at org.junit.jupiter.engine.descriptor.TestMethodTestDescriptor.invokeBeforeMethodsOrCallbacksUntilExceptionOccurs(TestMethodTestDescriptor.java:203)
	at org.junit.jupiter.engine.descriptor.TestMethodTestDescriptor.invokeBeforeEachMethods(TestMethodTestDescriptor.java:172)
	at org.junit.jupiter.engine.descriptor.TestMethodTestDescriptor.execute(TestMethodTestDescriptor.java:135)
	at org.junit.jupiter.engine.descriptor.TestMethodTestDescriptor.execute(TestMethodTestDescriptor.java:69)
	at org.junit.platform.engine.support.hierarchical.NodeTestTask.lambda$executeRecursively$6(NodeTestTask.java:151)
	at org.junit.platform.engine.support.hierarchical.ThrowableCollector.execute(ThrowableCollector.java:73)
	at org.junit.platform.engine.support.hierarchical.NodeTestTask.lambda$executeRecursively$8(NodeTestTask.java:141)
	at org.junit.platform.engine.support.hierarchical.Node.around(Node.java:137)
	at org.junit.platform.engine.support.hierarchical.NodeTestTask.lambda$executeRecursively$9(NodeTestTask.java:139)
	at org.junit.platform.engine.support.hierarchical.ThrowableCollector.execute(ThrowableCollector.java:73)
	at org.junit.platform.engine.support.hierarchical.NodeTestTask.executeRecursively(NodeTestTask.java:138)
	at org.junit.platform.engine.support.hierarchical.NodeTestTask.execute(NodeTestTask.java:95)
	at java.base/java.util.ArrayList.forEach(ArrayList.java:1596)
	at org.junit.platform.engine.support.hierarchical.SameThreadHierarchicalTestExecutorService.invokeAll(SameThreadHierarchicalTestExecutorService.java:41)
	at org.junit.platform.engine.support.hierarchical.NodeTestTask.lambda$executeRecursively$6(NodeTestTask.java:155)
	at org.junit.platform.engine.support.hierarchical.ThrowableCollector.execute(ThrowableCollector.java:73)
	at org.junit.platform.engine.support.hierarchical.NodeTestTask.lambda$executeRecursively$8(NodeTestTask.java:141)
	at org.junit.platform.engine.support.hierarchical.Node.around(Node.java:137)
	at org.junit.platform.engine.support.hierarchical.NodeTestTask.lambda$executeRecursively$9(NodeTestTask.java:139)
	at org.junit.platform.engine.support.hierarchical.ThrowableCollector.execute(ThrowableCollector.java:73)
	at org.junit.platform.engine.support.hierarchical.NodeTestTask.executeRecursively(NodeTestTask.java:138)
	at org.junit.platform.engine.support.hierarchical.NodeTestTask.execute(NodeTestTask.java:95)
	at java.base/java.util.ArrayList.forEach(ArrayList.java:1596)
	at org.junit.platform.engine.support.hierarchical.SameThreadHierarchicalTestExecutorService.invokeAll(SameThreadHierarchicalTestExecutorService.java:41)
	at org.junit.platform.engine.support.hierarchical.NodeTestTask.lambda$executeRecursively$6(NodeTestTask.java:155)
	at org.junit.platform.engine.support.hierarchical.ThrowableCollector.execute(ThrowableCollector.java:73)
	at org.junit.platform.engine.support.hierarchical.NodeTestTask.lambda$executeRecursively$8(NodeTestTask.java:141)
	at org.junit.platform.engine.support.hierarchical.Node.around(Node.java:137)
	at org.junit.platform.engine.support.hierarchical.NodeTestTask.lambda$executeRecursively$9(NodeTestTask.java:139)
	at org.junit.platform.engine.support.hierarchical.ThrowableCollector.execute(ThrowableCollector.java:73)
	at org.junit.platform.engine.support.hierarchical.NodeTestTask.executeRecursively(NodeTestTask.java:138)
	at org.junit.platform.engine.support.hierarchical.NodeTestTask.execute(NodeTestTask.java:95)
	at org.junit.platform.engine.support.hierarchical.SameThreadHierarchicalTestExecutorService.submit(SameThreadHierarchicalTestExecutorService.java:35)
	at org.junit.platform.engine.support.hierarchical.HierarchicalTestExecutor.execute(HierarchicalTestExecutor.java:57)
	at org.junit.platform.engine.support.hierarchical.HierarchicalTestEngine.execute(HierarchicalTestEngine.java:54)
	at org.junit.platform.launcher.core.EngineExecutionOrchestrator.execute(EngineExecutionOrchestrator.java:198)
	at org.junit.platform.launcher.core.EngineExecutionOrchestrator.execute(EngineExecutionOrchestrator.java:169)
	at org.junit.platform.launcher.core.EngineExecutionOrchestrator.execute(EngineExecutionOrchestrator.java:93)
	at org.junit.platform.launcher.core.EngineExecutionOrchestrator.lambda$execute$0(EngineExecutionOrchestrator.java:58)
	at org.junit.platform.launcher.core.EngineExecutionOrchestrator.withInterceptedStreams(EngineExecutionOrchestrator.java:141)
	at org.junit.platform.launcher.core.EngineExecutionOrchestrator.execute(EngineExecutionOrchestrator.java:57)
	at org.junit.platform.launcher.core.DefaultLauncher.execute(DefaultLauncher.java:103)
	at org.junit.platform.launcher.core.DefaultLauncher.execute(DefaultLauncher.java:85)
	at org.junit.platform.launcher.core.DelegatingLauncher.execute(DelegatingLauncher.java:47)
	at org.apache.maven.surefire.junitplatform.LazyLauncher.execute(LazyLauncher.java:56)
	at org.apache.maven.surefire.junitplatform.JUnitPlatformProvider.execute(JUnitPlatformProvider.java:184)
	at org.apache.maven.surefire.junitplatform.JUnitPlatformProvider.invokeAllTests(JUnitPlatformProvider.java:148)
	at org.apache.maven.surefire.junitplatform.JUnitPlatformProvider.invoke(JUnitPlatformProvider.java:122)
	at org.apache.maven.surefire.booter.ForkedBooter.runSuitesInProcess(ForkedBooter.java:385)
	at org.apache.maven.surefire.booter.ForkedBooter.execute(ForkedBooter.java:162)
	at org.apache.maven.surefire.booter.ForkedBooter.run(ForkedBooter.java:507)
	at org.apache.maven.surefire.booter.ForkedBooter.main(ForkedBooter.java:495)
13:46:11.291 [main] DEBUG org.eclipse.jetty.util.component.ContainerLifeCycle -- ServerConnector@7c1c5936{HTTP/1.1, (http/1.1)}{0.0.0.0:50243} added {sun.nio.ch.ServerSocketChannelImpl[/[0:0:0:0:0:0:0:0]:50243],POJO}
13:46:11.291 [main] DEBUG org.eclipse.jetty.server.handler.AbstractHandler -- starting Server@67e28be3{STARTING}[11.0.20,sto=0]
13:46:11.291 [main] DEBUG org.eclipse.jetty.util.component.AbstractLifeCycle -- STARTING QueuedThreadPool[JettyServerThreadPool]@3051e0b2{STOPPED,8<=0<=250,i=0,r=-1,t=-5157467ms,q=0}[NO_TRY]
13:46:11.291 [main] DEBUG org.eclipse.jetty.util.thread.ReservedThreadExecutor -- ReservedThreadExecutor@39008c9f{reserved=0/12,pending=0}
13:46:11.291 [main] DEBUG org.eclipse.jetty.util.component.ContainerLifeCycle -- QueuedThreadPool[JettyServerThreadPool]@3051e0b2{STARTING,8<=0<=250,i=0,r=-1,t=-5157472ms,q=0}[ReservedThreadExecutor@39008c9f{reserved=0/12,pending=0}] added {ReservedThreadExecutor@39008c9f{reserved=0/12,pending=0},AUTO}
13:46:11.291 [main] DEBUG org.eclipse.jetty.util.component.AbstractLifeCycle -- STARTING ReservedThreadExecutor@39008c9f{reserved=0/12,pending=0}
13:46:11.307 [main] DEBUG org.eclipse.jetty.util.component.AbstractLifeCycle -- STARTED @2796ms ReservedThreadExecutor@39008c9f{reserved=0/12,pending=0}
13:46:11.313 [main] DEBUG org.eclipse.jetty.util.thread.QueuedThreadPool -- Starting Thread[#35,JettyServerThreadPool-35,5,main]
13:46:11.317 [main] DEBUG org.eclipse.jetty.util.thread.QueuedThreadPool -- Starting Thread[#36,JettyServerThreadPool-36,5,main]
13:46:11.317 [JettyServerThreadPool-35] DEBUG org.eclipse.jetty.util.thread.QueuedThreadPool -- Runner started for QueuedThreadPool[JettyServerThreadPool]@3051e0b2{STARTING,8<=2<=250,i=2,r=-1,t=59999ms,q=0}[ReservedThreadExecutor@39008c9f{reserved=0/12,pending=0}]
13:46:11.317 [main] DEBUG org.eclipse.jetty.util.thread.QueuedThreadPool -- Starting Thread[#37,JettyServerThreadPool-37,5,main]
13:46:11.317 [main] DEBUG org.eclipse.jetty.util.thread.QueuedThreadPool -- Starting Thread[#38,JettyServerThreadPool-38,5,main]
13:46:11.317 [JettyServerThreadPool-36] DEBUG org.eclipse.jetty.util.thread.QueuedThreadPool -- Runner started for QueuedThreadPool[JettyServerThreadPool]@3051e0b2{STARTING,8<=4<=250,i=4,r=-1,t=59999ms,q=0}[ReservedThreadExecutor@39008c9f{reserved=0/12,pending=0}]
13:46:11.317 [JettyServerThreadPool-37] DEBUG org.eclipse.jetty.util.thread.QueuedThreadPool -- Runner started for QueuedThreadPool[JettyServerThreadPool]@3051e0b2{STARTING,8<=4<=250,i=4,r=-1,t=59999ms,q=0}[ReservedThreadExecutor@39008c9f{reserved=0/12,pending=0}]
13:46:11.317 [main] DEBUG org.eclipse.jetty.util.thread.QueuedThreadPool -- Starting Thread[#39,JettyServerThreadPool-39,5,main]
13:46:11.317 [JettyServerThreadPool-38] DEBUG org.eclipse.jetty.util.thread.QueuedThreadPool -- Runner started for QueuedThreadPool[JettyServerThreadPool]@3051e0b2{STARTING,8<=5<=250,i=5,r=-1,t=59999ms,q=0}[ReservedThreadExecutor@39008c9f{reserved=0/12,pending=0}]
13:46:11.317 [main] DEBUG org.eclipse.jetty.util.thread.QueuedThreadPool -- Starting Thread[#40,JettyServerThreadPool-40,5,main]
13:46:11.317 [main] DEBUG org.eclipse.jetty.util.thread.QueuedThreadPool -- Starting Thread[#41,JettyServerThreadPool-41,5,main]
13:46:11.317 [JettyServerThreadPool-39] DEBUG org.eclipse.jetty.util.thread.QueuedThreadPool -- Runner started for QueuedThreadPool[JettyServerThreadPool]@3051e0b2{STARTING,8<=7<=250,i=7,r=-1,t=59999ms,q=0}[ReservedThreadExecutor@39008c9f{reserved=0/12,pending=0}]
13:46:11.317 [main] DEBUG org.eclipse.jetty.util.thread.QueuedThreadPool -- Starting Thread[#42,JettyServerThreadPool-42,5,main]
13:46:11.317 [JettyServerThreadPool-40] DEBUG org.eclipse.jetty.util.thread.QueuedThreadPool -- Runner started for QueuedThreadPool[JettyServerThreadPool]@3051e0b2{STARTING,8<=8<=250,i=8,r=-1,t=59999ms,q=0}[ReservedThreadExecutor@39008c9f{reserved=0/12,pending=0}]
13:46:11.317 [main] DEBUG org.eclipse.jetty.util.component.AbstractLifeCycle -- STARTED @2807ms QueuedThreadPool[JettyServerThreadPool]@3051e0b2{STARTED,8<=8<=250,i=8,r=-1,t=59999ms,q=0}[ReservedThreadExecutor@39008c9f{reserved=0/12,pending=0}]
13:46:11.317 [JettyServerThreadPool-42] DEBUG org.eclipse.jetty.util.thread.QueuedThreadPool -- Runner started for QueuedThreadPool[JettyServerThreadPool]@3051e0b2{STARTED,8<=8<=250,i=8,r=-1,t=59999ms,q=0}[ReservedThreadExecutor@39008c9f{reserved=0/12,pending=0}]
13:46:11.317 [JettyServerThreadPool-41] DEBUG org.eclipse.jetty.util.thread.QueuedThreadPool -- Runner started for QueuedThreadPool[JettyServerThreadPool]@3051e0b2{STARTED,8<=8<=250,i=8,r=-1,t=59999ms,q=0}[ReservedThreadExecutor@39008c9f{reserved=0/12,pending=0}]
13:46:11.317 [main] DEBUG org.eclipse.jetty.util.component.AbstractLifeCycle -- STARTING AttributeContainerMap@15dd5ac2{size=1}
13:46:11.320 [main] DEBUG org.eclipse.jetty.util.component.AbstractLifeCycle -- STARTED @2808ms AttributeContainerMap@15dd5ac2{size=1}
13:46:11.320 [main] DEBUG org.eclipse.jetty.util.component.AbstractLifeCycle -- STARTING LowResourceMonitor@486bc9a4{STOPPED}
13:46:11.323 [main] DEBUG org.eclipse.jetty.util.component.AbstractLifeCycle -- STARTING LRMScheduler@4aaae508{STOPPED}
13:46:11.325 [main] DEBUG org.eclipse.jetty.util.component.AbstractLifeCycle -- STARTED @2812ms LRMScheduler@4aaae508{STARTED}
13:46:11.329 [main] DEBUG org.eclipse.jetty.util.component.AbstractLifeCycle -- STARTED @2818ms LowResourceMonitor@486bc9a4{STARTED}
13:46:11.329 [main] DEBUG org.eclipse.jetty.util.component.AbstractLifeCycle -- STARTING StatisticsHandler@37b72ea{STOPPED,r=0,d=0}
13:46:11.329 [main] DEBUG org.eclipse.jetty.server.handler.AbstractHandler -- starting StatisticsHandler@37b72ea{STARTING,r=0,d=0}
13:46:11.329 [main] DEBUG org.eclipse.jetty.util.component.AbstractLifeCycle -- STARTING o.e.j.s.ServletContextHandler@5136207f{/,null,STOPPED}
13:46:11.329 [main] DEBUG org.eclipse.jetty.util.DecoratedObjectFactory -- Adding Decorator: org.eclipse.jetty.util.DeprecationWarning@713064e8
13:46:11.329 [main] DEBUG org.eclipse.jetty.util.component.AbstractLifeCycle -- STARTING ServletContainerInitializerStarter@3900fa71{STOPPED}
13:46:11.329 [main] DEBUG org.eclipse.jetty.servlet.ServletContextHandler -- Starting SCIs
13:46:11.329 [main] DEBUG org.eclipse.jetty.util.component.AbstractLifeCycle -- STARTING ContainerInitializer{org.eclipse.jetty.websocket.server.config.JettyWebSocketServletContainerInitializer,interested=[],applicable=[],annotated=[]}
13:46:11.329 [main] DEBUG org.eclipse.jetty.util.component.AbstractLifeCycle -- STARTING InflaterPool@30e6a763{STOPPED,size=-1,capacity=250}
13:46:11.329 [main] DEBUG org.eclipse.jetty.util.component.ContainerLifeCycle -- InflaterPool@30e6a763{STARTING,size=0,capacity=250} added {Pool@4c48fe92[inUse=0,size=0,max=250,closed=false],POJO}
13:46:11.329 [main] DEBUG org.eclipse.jetty.util.component.AbstractLifeCycle -- STARTED @2826ms InflaterPool@30e6a763{STARTED,size=0,capacity=250}
13:46:11.329 [main] DEBUG org.eclipse.jetty.util.component.ContainerLifeCycle -- Server@67e28be3{STARTING}[11.0.20,sto=0] added {InflaterPool@30e6a763{STARTED,size=0,capacity=250},MANAGED}
13:46:11.329 [main] DEBUG org.eclipse.jetty.util.component.AbstractLifeCycle -- STARTING DeflaterPool@7c29adc8{STOPPED,size=-1,capacity=250}
13:46:11.329 [main] DEBUG org.eclipse.jetty.util.component.ContainerLifeCycle -- DeflaterPool@7c29adc8{STARTING,size=0,capacity=250} added {Pool@4b2e3e8f[inUse=0,size=0,max=250,closed=false],POJO}
13:46:11.329 [main] DEBUG org.eclipse.jetty.util.component.AbstractLifeCycle -- STARTED @2827ms DeflaterPool@7c29adc8{STARTED,size=0,capacity=250}
13:46:11.329 [main] DEBUG org.eclipse.jetty.util.component.ContainerLifeCycle -- Server@67e28be3{STARTING}[11.0.20,sto=0] added {DeflaterPool@7c29adc8{STARTED,size=0,capacity=250},MANAGED}
13:46:11.360 [main] DEBUG org.eclipse.jetty.util.component.ContainerLifeCycle -- WebSocketServerComponents@61e7bf2f{STOPPED} added {InflaterPool@30e6a763{STARTED,size=0,capacity=250},UNMANAGED}
13:46:11.360 [main] DEBUG org.eclipse.jetty.util.component.ContainerLifeCycle -- WebSocketServerComponents@61e7bf2f{STOPPED} added {DeflaterPool@7c29adc8{STARTED,size=0,capacity=250},UNMANAGED}
13:46:11.360 [main] DEBUG org.eclipse.jetty.util.component.ContainerLifeCycle -- WebSocketServerComponents@61e7bf2f{STOPPED} added {LogarithmicArrayByteBufferPool@6e8a9c30{minBufferCapacity=0, maxBufferCapacity=65536, maxQueueLength=-1, factor=4096},POJO}
13:46:11.360 [main] DEBUG org.eclipse.jetty.util.component.ContainerLifeCycle -- WebSocketServerComponents@61e7bf2f{STOPPED} added {org.eclipse.jetty.websocket.core.WebSocketExtensionRegistry@1a28b346,POJO}
13:46:11.360 [main] DEBUG org.eclipse.jetty.util.component.ContainerLifeCycle -- WebSocketServerComponents@61e7bf2f{STOPPED} added {org.eclipse.jetty.util.DecoratedObjectFactory[decorators=1],POJO}
13:46:11.360 [main] DEBUG org.eclipse.jetty.util.component.ContainerLifeCycle -- WebSocketServerComponents@61e7bf2f{STOPPED} added {QueuedThreadPool[JettyServerThreadPool]@3051e0b2{STARTED,8<=8<=250,i=8,r=-1,t=59945ms,q=0}[ReservedThreadExecutor@39008c9f{reserved=0/12,pending=0}],UNMANAGED}
13:46:11.360 [main] DEBUG org.eclipse.jetty.util.component.ContainerLifeCycle -- o.e.j.s.ServletContextHandler@5136207f{/,null,STARTING} added {WebSocketServerComponents@61e7bf2f{STOPPED},MANAGED}
13:46:11.360 [main] DEBUG org.eclipse.jetty.util.component.AbstractLifeCycle -- STARTING WebSocketServerComponents@61e7bf2f{STOPPED}
13:46:11.360 [main] DEBUG org.eclipse.jetty.util.component.AbstractLifeCycle -- STARTED @2862ms WebSocketServerComponents@61e7bf2f{STARTED}
13:46:11.376 [main] DEBUG org.eclipse.jetty.util.component.ContainerLifeCycle -- o.e.j.s.ServletContextHandler@5136207f{/,null,STARTING} added {WebSocketServerComponentsCleanupListener,POJO}
13:46:11.392 [main] DEBUG org.eclipse.jetty.util.component.ContainerLifeCycle -- JettyWebSocketServerContainer@6bbe50c9{STOPPED} added {JettyServerFrameHandlerFactory@3c46dcbe{STOPPED},AUTO}
13:46:11.392 [main] DEBUG org.eclipse.jetty.util.component.ContainerLifeCycle -- JettyWebSocketServerContainer@6bbe50c9{STOPPED} added {SessionTracker@68577ba8{STOPPED},AUTO}
13:46:11.392 [main] DEBUG org.eclipse.jetty.util.component.ContainerLifeCycle -- o.e.j.s.ServletContextHandler@5136207f{/,null,STARTING} added {JettyWebSocketServerContainer@6bbe50c9{STOPPED},MANAGED}
13:46:11.392 [main] DEBUG org.eclipse.jetty.util.component.AbstractLifeCycle -- STARTING JettyWebSocketServerContainer@6bbe50c9{STOPPED}
13:46:11.392 [main] DEBUG org.eclipse.jetty.util.component.AbstractLifeCycle -- STARTING JettyServerFrameHandlerFactory@3c46dcbe{STOPPED}
13:46:11.392 [main] DEBUG org.eclipse.jetty.util.component.AbstractLifeCycle -- STARTED @2886ms JettyServerFrameHandlerFactory@3c46dcbe{STARTED}
13:46:11.392 [main] DEBUG org.eclipse.jetty.util.component.AbstractLifeCycle -- STARTING SessionTracker@68577ba8{STOPPED}
13:46:11.392 [main] DEBUG org.eclipse.jetty.util.component.AbstractLifeCycle -- STARTED @2887ms SessionTracker@68577ba8{STARTED}
13:46:11.392 [main] DEBUG org.eclipse.jetty.util.component.AbstractLifeCycle -- STARTED @2887ms JettyWebSocketServerContainer@6bbe50c9{STARTED}
13:46:11.392 [main] DEBUG org.eclipse.jetty.util.component.ContainerLifeCycle -- o.e.j.s.ServletContextHandler@5136207f{/,null,STARTING} added {JettyWebSocketServerContainerCleanupListener,POJO}
13:46:11.392 [main] DEBUG org.eclipse.jetty.websocket.server.config.JettyWebSocketServletContainerInitializer -- initialize JettyWebSocketServerContainer@6bbe50c9{STARTED} WebSocketServerComponents@61e7bf2f{STARTED}
13:46:11.392 [main] DEBUG org.eclipse.jetty.websocket.server.config.JettyWebSocketServletContainerInitializer -- onStartup JettyWebSocketServerContainer@6bbe50c9{STARTED}
13:46:11.392 [main] DEBUG org.eclipse.jetty.servlet.ServletContainerInitializerHolder -- ServletContainerInitializer org.eclipse.jetty.websocket.server.config.JettyWebSocketServletContainerInitializer called in 65ms
13:46:11.392 [main] DEBUG org.eclipse.jetty.util.component.AbstractLifeCycle -- STARTED @2887ms ContainerInitializer{org.eclipse.jetty.websocket.server.config.JettyWebSocketServletContainerInitializer,interested=[],applicable=[],annotated=[]}
13:46:11.392 [main] DEBUG org.eclipse.jetty.util.component.AbstractLifeCycle -- STARTED @2888ms ServletContainerInitializerStarter@3900fa71{STARTED}
13:46:11.392 [main] DEBUG org.eclipse.jetty.server.handler.AbstractHandler -- starting o.e.j.s.ServletContextHandler@5136207f{/,null,STARTING}
13:46:11.392 [main] DEBUG org.eclipse.jetty.util.component.AbstractLifeCycle -- STARTING org.eclipse.jetty.server.session.SessionHandler418299920==dftMaxIdleSec=-1
13:46:11.408 [main] DEBUG org.eclipse.jetty.util.component.ContainerLifeCycle -- org.eclipse.jetty.server.session.SessionHandler418299920==dftMaxIdleSec=-1 added {org.eclipse.jetty.server.session.DefaultSessionCache@2eb917d0[evict=-1,removeUnloadable=false,saveOnCreate=false,saveOnInactiveEvict=false],AUTO}
13:46:11.417 [main] DEBUG org.eclipse.jetty.util.component.ContainerLifeCycle -- org.eclipse.jetty.server.session.DefaultSessionCache@2eb917d0[evict=-1,removeUnloadable=false,saveOnCreate=false,saveOnInactiveEvict=false] added {org.eclipse.jetty.server.session.NullSessionDataStore@6c806c8b[passivating=false,graceSec=3600],AUTO}
13:46:11.417 [main] DEBUG org.eclipse.jetty.util.component.AbstractLifeCycle -- STARTING DefaultSessionIdManager@14d8444b{STOPPED}[worker=null]
13:46:11.417 [main] DEBUG org.eclipse.jetty.util.component.ContainerLifeCycle -- DefaultSessionIdManager@14d8444b{STARTING}[worker=node0] added {HouseKeeper@16a49a5d{STOPPED}[interval=600000, ownscheduler=false],MANAGED}
13:46:11.428 [main] INFO org.eclipse.jetty.server.session.DefaultSessionIdManager -- Session workerName=node0
13:46:11.428 [main] DEBUG org.eclipse.jetty.util.component.AbstractLifeCycle -- STARTING HouseKeeper@16a49a5d{STOPPED}[interval=600000, ownscheduler=false]
13:46:11.428 [main] DEBUG org.eclipse.jetty.util.component.AbstractLifeCycle -- STARTING ScheduledExecutorScheduler@31d6f3fe{STOPPED}
13:46:11.428 [main] DEBUG org.eclipse.jetty.util.component.AbstractLifeCycle -- STARTED @2917ms ScheduledExecutorScheduler@31d6f3fe{STARTED}
13:46:11.428 [main] DEBUG org.eclipse.jetty.server.session.HouseKeeper -- node0 using own scheduler for scavenging
13:46:11.428 [main] DEBUG org.eclipse.jetty.server.session.HouseKeeper -- node0 scavenging every 660000ms
13:46:11.428 [main] DEBUG org.eclipse.jetty.util.component.AbstractLifeCycle -- STARTED @2919ms HouseKeeper@16a49a5d{STARTED}[interval=660000, ownscheduler=true]
13:46:11.428 [main] DEBUG org.eclipse.jetty.util.component.AbstractLifeCycle -- STARTED @2920ms DefaultSessionIdManager@14d8444b{STARTED}[worker=node0]
13:46:11.428 [main] DEBUG org.eclipse.jetty.util.component.ContainerLifeCycle -- Server@67e28be3{STARTING}[11.0.20,sto=0] added {DefaultSessionIdManager@14d8444b{STARTED}[worker=node0],MANAGED}
13:46:11.428 [main] DEBUG org.eclipse.jetty.util.component.ContainerLifeCycle -- org.eclipse.jetty.server.session.SessionHandler418299920==dftMaxIdleSec=-1 added {DefaultSessionIdManager@14d8444b{STARTED}[worker=node0],UNMANAGED}
13:46:11.428 [main] DEBUG org.eclipse.jetty.util.component.AbstractLifeCycle -- STARTING ScheduledExecutorScheduler@165e389b{STOPPED}
13:46:11.428 [main] DEBUG org.eclipse.jetty.util.component.AbstractLifeCycle -- STARTED @2920ms ScheduledExecutorScheduler@165e389b{STARTED}
13:46:11.428 [main] DEBUG org.eclipse.jetty.server.handler.AbstractHandler -- starting org.eclipse.jetty.server.session.SessionHandler418299920==dftMaxIdleSec=-1
13:46:11.428 [main] DEBUG org.eclipse.jetty.util.component.AbstractLifeCycle -- STARTING ServletHandler@69da0b12{STOPPED}
13:46:11.428 [main] DEBUG org.eclipse.jetty.servlet.ServletHandler -- Path=/*[EMBEDDED:null] mapped to servlet=io.javalin.jetty.JavalinJettyServlet-b016b4e[EMBEDDED:null]
13:46:11.440 [main] DEBUG org.eclipse.jetty.http.pathmap.ServletPathSpec -- Creating ServletPathSpec[/*] (group: PREFIX_GLOB, prefix: "", suffix: "null")
13:46:11.440 [main] DEBUG org.eclipse.jetty.http.pathmap.PathMappings -- Added MappedResource[pathSpec=ServletPathSpec@9457a78e{/*},resource=MappedServlet5524b72f{/*->io.javalin.jetty.JavalinJettyServlet-b016b4e==io.javalin.jetty.JavalinJettyServlet@23d44d92{jsp=null,order=-1,inst=false,async=true,src=EMBEDDED:null,STOPPED}}] to PathMappings[size=1]
13:46:11.444 [main] DEBUG org.eclipse.jetty.servlet.ServletHandler -- filterNameMap={} pathFilters=[] servletFilterMap={} servletPathMap=PathMappings[size=1] servletNameMap={io.javalin.jetty.JavalinJettyServlet-b016b4e=MappedServlet64f16277{null->io.javalin.jetty.JavalinJettyServlet-b016b4e==io.javalin.jetty.JavalinJettyServlet@23d44d92{jsp=null,order=-1,inst=false,async=true,src=EMBEDDED:null,STOPPED}}}
13:46:11.444 [main] DEBUG org.eclipse.jetty.servlet.ServletHandler -- Adding Default404Servlet to ServletHandler@69da0b12{STARTING}
13:46:11.444 [main] DEBUG org.eclipse.jetty.util.component.ContainerLifeCycle -- ServletHandler@69da0b12{STARTING} added {org.eclipse.jetty.servlet.ServletHandler$Default404Servlet-4e6f2bb5==org.eclipse.jetty.servlet.ServletHandler$Default404Servlet@b7968cf8{jsp=null,order=-1,inst=false,async=true,src=EMBEDDED:null,STOPPED},AUTO}
13:46:11.444 [main] DEBUG org.eclipse.jetty.util.component.ContainerLifeCycle -- ServletHandler@69da0b12{STARTING} added {[/]=>org.eclipse.jetty.servlet.ServletHandler$Default404Servlet-4e6f2bb5,POJO}
13:46:11.444 [main] DEBUG org.eclipse.jetty.servlet.ServletHandler -- Path=/*[EMBEDDED:null] mapped to servlet=io.javalin.jetty.JavalinJettyServlet-b016b4e[EMBEDDED:null]
13:46:11.444 [main] DEBUG org.eclipse.jetty.http.pathmap.ServletPathSpec -- Creating ServletPathSpec[/*] (group: PREFIX_GLOB, prefix: "", suffix: "null")
13:46:11.444 [main] DEBUG org.eclipse.jetty.http.pathmap.PathMappings -- Added MappedResource[pathSpec=ServletPathSpec@9457a78e{/*},resource=MappedServlet35e8316e{/*->io.javalin.jetty.JavalinJettyServlet-b016b4e==io.javalin.jetty.JavalinJettyServlet@23d44d92{jsp=null,order=-1,inst=false,async=true,src=EMBEDDED:null,STOPPED}}] to PathMappings[size=1]
13:46:11.444 [main] DEBUG org.eclipse.jetty.servlet.ServletHandler -- Path=/[EMBEDDED:null] mapped to servlet=org.eclipse.jetty.servlet.ServletHandler$Default404Servlet-4e6f2bb5[EMBEDDED:null]
13:46:11.444 [main] DEBUG org.eclipse.jetty.http.pathmap.PathMappings -- Added MappedResource[pathSpec=ServletPathSpec@9457dcb7{/},resource=MappedServlet26d96e5{/->org.eclipse.jetty.servlet.ServletHandler$Default404Servlet-4e6f2bb5==org.eclipse.jetty.servlet.ServletHandler$Default404Servlet@b7968cf8{jsp=null,order=-1,inst=false,async=true,src=EMBEDDED:null,STOPPED}}] to PathMappings[size=2]
13:46:11.444 [main] DEBUG org.eclipse.jetty.servlet.ServletHandler -- filterNameMap={} pathFilters=[] servletFilterMap={} servletPathMap=PathMappings[size=2] servletNameMap={io.javalin.jetty.JavalinJettyServlet-b016b4e=MappedServlet336880df{null->io.javalin.jetty.JavalinJettyServlet-b016b4e==io.javalin.jetty.JavalinJettyServlet@23d44d92{jsp=null,order=-1,inst=false,async=true,src=EMBEDDED:null,STOPPED}}, org.eclipse.jetty.servlet.ServletHandler$Default404Servlet-4e6f2bb5=MappedServlet1846579f{null->org.eclipse.jetty.servlet.ServletHandler$Default404Servlet-4e6f2bb5==org.eclipse.jetty.servlet.ServletHandler$Default404Servlet@b7968cf8{jsp=null,order=-1,inst=false,async=true,src=EMBEDDED:null,STOPPED}}}
13:46:11.444 [main] DEBUG org.eclipse.jetty.servlet.ServletHandler -- Path=/*[EMBEDDED:null] mapped to servlet=io.javalin.jetty.JavalinJettyServlet-b016b4e[EMBEDDED:null]
13:46:11.444 [main] DEBUG org.eclipse.jetty.http.pathmap.ServletPathSpec -- Creating ServletPathSpec[/*] (group: PREFIX_GLOB, prefix: "", suffix: "null")
13:46:11.444 [main] DEBUG org.eclipse.jetty.http.pathmap.PathMappings -- Added MappedResource[pathSpec=ServletPathSpec@9457a78e{/*},resource=MappedServlet6cd166b8{/*->io.javalin.jetty.JavalinJettyServlet-b016b4e==io.javalin.jetty.JavalinJettyServlet@23d44d92{jsp=null,order=-1,inst=false,async=true,src=EMBEDDED:null,STOPPED}}] to PathMappings[size=1]
13:46:11.444 [main] DEBUG org.eclipse.jetty.servlet.ServletHandler -- Path=/[EMBEDDED:null] mapped to servlet=org.eclipse.jetty.servlet.ServletHandler$Default404Servlet-4e6f2bb5[EMBEDDED:null]
13:46:11.444 [main] DEBUG org.eclipse.jetty.http.pathmap.PathMappings -- Added MappedResource[pathSpec=ServletPathSpec@9457dcb7{/},resource=MappedServlet2650f79{/->org.eclipse.jetty.servlet.ServletHandler$Default404Servlet-4e6f2bb5==org.eclipse.jetty.servlet.ServletHandler$Default404Servlet@b7968cf8{jsp=null,order=-1,inst=false,async=true,src=EMBEDDED:null,STOPPED}}] to PathMappings[size=2]
13:46:11.444 [main] DEBUG org.eclipse.jetty.servlet.ServletHandler -- filterNameMap={} pathFilters=[] servletFilterMap={} servletPathMap=PathMappings[size=2] servletNameMap={io.javalin.jetty.JavalinJettyServlet-b016b4e=MappedServlet336880df{null->io.javalin.jetty.JavalinJettyServlet-b016b4e==io.javalin.jetty.JavalinJettyServlet@23d44d92{jsp=null,order=-1,inst=false,async=true,src=EMBEDDED:null,STOPPED}}, org.eclipse.jetty.servlet.ServletHandler$Default404Servlet-4e6f2bb5=MappedServlet1846579f{null->org.eclipse.jetty.servlet.ServletHandler$Default404Servlet-4e6f2bb5==org.eclipse.jetty.servlet.ServletHandler$Default404Servlet@b7968cf8{jsp=null,order=-1,inst=false,async=true,src=EMBEDDED:null,STOPPED}}}
13:46:11.444 [main] DEBUG org.eclipse.jetty.server.handler.AbstractHandler -- starting ServletHandler@69da0b12{STARTING}
13:46:11.444 [main] DEBUG org.eclipse.jetty.util.component.AbstractLifeCycle -- STARTED @2934ms ServletHandler@69da0b12{STARTED}
13:46:11.444 [main] DEBUG org.eclipse.jetty.util.component.AbstractLifeCycle -- STARTING org.eclipse.jetty.server.session.DefaultSessionCache@2eb917d0[evict=-1,removeUnloadable=false,saveOnCreate=false,saveOnInactiveEvict=false]
13:46:11.444 [main] DEBUG org.eclipse.jetty.util.component.AbstractLifeCycle -- STARTING org.eclipse.jetty.server.session.NullSessionDataStore@6c806c8b[passivating=false,graceSec=3600]
13:46:11.444 [main] DEBUG org.eclipse.jetty.util.component.AbstractLifeCycle -- STARTED @2934ms org.eclipse.jetty.server.session.NullSessionDataStore@6c806c8b[passivating=false,graceSec=3600]
13:46:11.444 [main] DEBUG org.eclipse.jetty.util.component.AbstractLifeCycle -- STARTED @2935ms org.eclipse.jetty.server.session.DefaultSessionCache@2eb917d0[evict=-1,removeUnloadable=false,saveOnCreate=false,saveOnInactiveEvict=false]
13:46:11.444 [main] DEBUG org.eclipse.jetty.util.component.AbstractLifeCycle -- STARTED @2935ms org.eclipse.jetty.server.session.SessionHandler418299920==dftMaxIdleSec=-1
13:46:11.444 [main] DEBUG org.eclipse.jetty.util.component.AbstractLifeCycle -- STARTING io.javalin.jetty.JavalinJettyServlet-b016b4e==io.javalin.jetty.JavalinJettyServlet@23d44d92{jsp=null,order=-1,inst=false,async=true,src=EMBEDDED:null,STOPPED}
13:46:11.472 [main] DEBUG org.eclipse.jetty.util.component.AbstractLifeCycle -- STARTED @2970ms io.javalin.jetty.JavalinJettyServlet-b016b4e==io.javalin.jetty.JavalinJettyServlet@23d44d92{jsp=null,order=-1,inst=false,async=true,src=EMBEDDED:null,STARTED}
13:46:11.472 [main] DEBUG org.eclipse.jetty.servlet.ServletHolder -- Servlet.init null for io.javalin.jetty.JavalinJettyServlet-b016b4e
13:46:11.488 [main] DEBUG org.eclipse.jetty.http.pathmap.PathMappings -- Added MappedResource[pathSpec=ServletPathSpec@9457dcb7{/},resource=CreatorNegotiator@3ab6678b{org.eclipse.jetty.websocket.server.JettyWebSocketServlet$WrappedJettyCreator@7a904f32,JettyServerFrameHandlerFactory@3c46dcbe{STARTED}}] to PathMappings[size=1]
13:46:11.488 [main] DEBUG org.eclipse.jetty.util.component.AbstractLifeCycle -- STARTING org.eclipse.jetty.servlet.ServletHandler$Default404Servlet-4e6f2bb5==org.eclipse.jetty.servlet.ServletHandler$Default404Servlet@b7968cf8{jsp=null,order=-1,inst=false,async=true,src=EMBEDDED:null,STOPPED}
13:46:11.488 [main] DEBUG org.eclipse.jetty.util.component.AbstractLifeCycle -- STARTED @2978ms org.eclipse.jetty.servlet.ServletHandler$Default404Servlet-4e6f2bb5==org.eclipse.jetty.servlet.ServletHandler$Default404Servlet@b7968cf8{jsp=null,order=-1,inst=false,async=true,src=EMBEDDED:null,STARTED}
13:46:11.488 [main] INFO org.eclipse.jetty.server.handler.ContextHandler -- Started o.e.j.s.ServletContextHandler@5136207f{/,null,AVAILABLE}
13:46:11.488 [main] DEBUG org.eclipse.jetty.util.component.AbstractLifeCycle -- STARTED @2978ms o.e.j.s.ServletContextHandler@5136207f{/,null,AVAILABLE}
13:46:11.488 [main] DEBUG org.eclipse.jetty.util.component.AbstractLifeCycle -- STARTED @2979ms StatisticsHandler@37b72ea{STARTED,r=0,d=0}
13:46:11.488 [main] DEBUG org.eclipse.jetty.util.component.AbstractLifeCycle -- STARTING ErrorHandler@63716833{STOPPED}
13:46:11.488 [main] DEBUG org.eclipse.jetty.server.handler.AbstractHandler -- starting ErrorHandler@63716833{STARTING}
13:46:11.488 [main] DEBUG org.eclipse.jetty.util.component.AbstractLifeCycle -- STARTED @2979ms ErrorHandler@63716833{STARTED}
13:46:11.488 [main] DEBUG org.eclipse.jetty.util.component.AbstractLifeCycle -- STARTING ServerConnector@7c1c5936{HTTP/1.1, (http/1.1)}{0.0.0.0:50243}
13:46:11.496 [main] DEBUG org.eclipse.jetty.util.component.AbstractLifeCycle -- STARTING ScheduledExecutorScheduler@38018b62{STOPPED}
13:46:11.496 [main] DEBUG org.eclipse.jetty.util.component.AbstractLifeCycle -- STARTED @2983ms ScheduledExecutorScheduler@38018b62{STARTED}
13:46:11.496 [main] DEBUG org.eclipse.jetty.util.component.AbstractLifeCycle -- STARTING HttpConnectionFactory@44841b43[HTTP/1.1]
13:46:11.496 [main] DEBUG org.eclipse.jetty.util.component.AbstractLifeCycle -- STARTED @2984ms HttpConnectionFactory@44841b43[HTTP/1.1]
13:46:11.496 [main] DEBUG org.eclipse.jetty.util.component.AbstractLifeCycle -- STARTING SelectorManager@ServerConnector@7c1c5936{HTTP/1.1, (http/1.1)}{0.0.0.0:50243}
13:46:11.498 [main] DEBUG org.eclipse.jetty.util.component.ContainerLifeCycle -- AdaptiveExecutionStrategy@6794ac0b/SelectorProducer@7be71476/IDLE/p=false/QueuedThreadPool[JettyServerThreadPool]@3051e0b2{STARTED,8<=8<=250,i=8,r=-1,t=59819ms,q=0}[ReservedThreadExecutor@39008c9f{reserved=0/12,pending=0}][pc=0,pic=0,pec=0,epc=0]@2025-08-19T13:46:11.4986247-03:00 added {SelectorProducer@7be71476,POJO}
13:46:11.498 [main] DEBUG org.eclipse.jetty.util.component.ContainerLifeCycle -- AdaptiveExecutionStrategy@6794ac0b/SelectorProducer@7be71476/IDLE/p=false/QueuedThreadPool[JettyServerThreadPool]@3051e0b2{STARTED,8<=8<=250,i=8,r=-1,t=59818ms,q=0}[ReservedThreadExecutor@39008c9f{reserved=0/12,pending=0}][pc=0,pic=0,pec=0,epc=0]@2025-08-19T13:46:11.4986247-03:00 added {QueuedThreadPool[JettyServerThreadPool]@3051e0b2{STARTED,8<=8<=250,i=8,r=-1,t=59818ms,q=0}[ReservedThreadExecutor@39008c9f{reserved=0/12,pending=0}],UNMANAGED}
13:46:11.498 [main] DEBUG org.eclipse.jetty.util.thread.strategy.AdaptiveExecutionStrategy -- AdaptiveExecutionStrategy@6794ac0b/SelectorProducer@7be71476/IDLE/p=false/QueuedThreadPool[JettyServerThreadPool]@3051e0b2{STARTED,8<=8<=250,i=8,r=-1,t=59818ms,q=0}[ReservedThreadExecutor@39008c9f{reserved=0/12,pending=0}][pc=0,pic=0,pec=0,epc=0]@2025-08-19T13:46:11.4986247-03:00 created
13:46:11.498 [main] DEBUG org.eclipse.jetty.util.component.ContainerLifeCycle -- ManagedSelector@5cb5bb88{STOPPED} id=0 keys=-1 selected=-1 updates=0 added {AdaptiveExecutionStrategy@6794ac0b/SelectorProducer@7be71476/IDLE/p=false/QueuedThreadPool[JettyServerThreadPool]@3051e0b2{STARTED,8<=8<=250,i=8,r=-1,t=59818ms,q=0}[ReservedThreadExecutor@39008c9f{reserved=0/12,pending=0}][pc=0,pic=0,pec=0,epc=0]@2025-08-19T13:46:11.4986247-03:00,MANAGED}
13:46:11.498 [main] DEBUG org.eclipse.jetty.util.component.ContainerLifeCycle -- SelectorManager@ServerConnector@7c1c5936{HTTP/1.1, (http/1.1)}{0.0.0.0:50243} added {ManagedSelector@5cb5bb88{STOPPED} id=0 keys=-1 selected=-1 updates=0,AUTO}
13:46:11.498 [main] DEBUG org.eclipse.jetty.util.component.ContainerLifeCycle -- AdaptiveExecutionStrategy@17b6d426/SelectorProducer@5580d62f/IDLE/p=false/QueuedThreadPool[JettyServerThreadPool]@3051e0b2{STARTED,8<=8<=250,i=8,r=-1,t=59817ms,q=0}[ReservedThreadExecutor@39008c9f{reserved=0/12,pending=0}][pc=0,pic=0,pec=0,epc=0]@2025-08-19T13:46:11.4986247-03:00 added {SelectorProducer@5580d62f,POJO}
13:46:11.498 [main] DEBUG org.eclipse.jetty.util.component.ContainerLifeCycle -- AdaptiveExecutionStrategy@17b6d426/SelectorProducer@5580d62f/IDLE/p=false/QueuedThreadPool[JettyServerThreadPool]@3051e0b2{STARTED,8<=8<=250,i=8,r=-1,t=59817ms,q=0}[ReservedThreadExecutor@39008c9f{reserved=0/12,pending=0}][pc=0,pic=0,pec=0,epc=0]@2025-08-19T13:46:11.4986247-03:00 added {QueuedThreadPool[JettyServerThreadPool]@3051e0b2{STARTED,8<=8<=250,i=8,r=-1,t=59817ms,q=0}[ReservedThreadExecutor@39008c9f{reserved=0/12,pending=0}],UNMANAGED}
13:46:11.498 [main] DEBUG org.eclipse.jetty.util.thread.strategy.AdaptiveExecutionStrategy -- AdaptiveExecutionStrategy@17b6d426/SelectorProducer@5580d62f/IDLE/p=false/QueuedThreadPool[JettyServerThreadPool]@3051e0b2{STARTED,8<=8<=250,i=8,r=-1,t=59817ms,q=0}[ReservedThreadExecutor@39008c9f{reserved=0/12,pending=0}][pc=0,pic=0,pec=0,epc=0]@2025-08-19T13:46:11.4986247-03:00 created
13:46:11.498 [main] DEBUG org.eclipse.jetty.util.component.ContainerLifeCycle -- ManagedSelector@16872c4d{STOPPED} id=1 keys=-1 selected=-1 updates=0 added {AdaptiveExecutionStrategy@17b6d426/SelectorProducer@5580d62f/IDLE/p=false/QueuedThreadPool[JettyServerThreadPool]@3051e0b2{STARTED,8<=8<=250,i=8,r=-1,t=59816ms,q=0}[ReservedThreadExecutor@39008c9f{reserved=0/12,pending=0}][pc=0,pic=0,pec=0,epc=0]@2025-08-19T13:46:11.4986247-03:00,MANAGED}
13:46:11.498 [main] DEBUG org.eclipse.jetty.util.component.ContainerLifeCycle -- SelectorManager@ServerConnector@7c1c5936{HTTP/1.1, (http/1.1)}{0.0.0.0:50243} added {ManagedSelector@16872c4d{STOPPED} id=1 keys=-1 selected=-1 updates=0,AUTO}
13:46:11.498 [main] DEBUG org.eclipse.jetty.util.component.ContainerLifeCycle -- AdaptiveExecutionStrategy@671facee/SelectorProducer@46a953cf/IDLE/p=false/QueuedThreadPool[JettyServerThreadPool]@3051e0b2{STARTED,8<=8<=250,i=8,r=-1,t=59816ms,q=0}[ReservedThreadExecutor@39008c9f{reserved=0/12,pending=0}][pc=0,pic=0,pec=0,epc=0]@2025-08-19T13:46:11.4986247-03:00 added {SelectorProducer@46a953cf,POJO}
13:46:11.498 [main] DEBUG org.eclipse.jetty.util.component.ContainerLifeCycle -- AdaptiveExecutionStrategy@671facee/SelectorProducer@46a953cf/IDLE/p=false/QueuedThreadPool[JettyServerThreadPool]@3051e0b2{STARTED,8<=8<=250,i=8,r=-1,t=59816ms,q=0}[ReservedThreadExecutor@39008c9f{reserved=0/12,pending=0}][pc=0,pic=0,pec=0,epc=0]@2025-08-19T13:46:11.4986247-03:00 added {QueuedThreadPool[JettyServerThreadPool]@3051e0b2{STARTED,8<=8<=250,i=8,r=-1,t=59816ms,q=0}[ReservedThreadExecutor@39008c9f{reserved=0/12,pending=0}],UNMANAGED}
13:46:11.498 [main] DEBUG org.eclipse.jetty.util.thread.strategy.AdaptiveExecutionStrategy -- AdaptiveExecutionStrategy@671facee/SelectorProducer@46a953cf/IDLE/p=false/QueuedThreadPool[JettyServerThreadPool]@3051e0b2{STARTED,8<=8<=250,i=8,r=-1,t=59816ms,q=0}[ReservedThreadExecutor@39008c9f{reserved=0/12,pending=0}][pc=0,pic=0,pec=0,epc=0]@2025-08-19T13:46:11.4986247-03:00 created
13:46:11.498 [main] DEBUG org.eclipse.jetty.util.component.ContainerLifeCycle -- ManagedSelector@154bd49b{STOPPED} id=2 keys=-1 selected=-1 updates=0 added {AdaptiveExecutionStrategy@671facee/SelectorProducer@46a953cf/IDLE/p=false/QueuedThreadPool[JettyServerThreadPool]@3051e0b2{STARTED,8<=8<=250,i=8,r=-1,t=59815ms,q=0}[ReservedThreadExecutor@39008c9f{reserved=0/12,pending=0}][pc=0,pic=0,pec=0,epc=0]@2025-08-19T13:46:11.4986247-03:00,MANAGED}
13:46:11.504 [main] DEBUG org.eclipse.jetty.util.component.ContainerLifeCycle -- SelectorManager@ServerConnector@7c1c5936{HTTP/1.1, (http/1.1)}{0.0.0.0:50243} added {ManagedSelector@154bd49b{STOPPED} id=2 keys=-1 selected=-1 updates=0,AUTO}
13:46:11.504 [main] DEBUG org.eclipse.jetty.util.component.ContainerLifeCycle -- AdaptiveExecutionStrategy@3a01773b/SelectorProducer@20e3c449/IDLE/p=false/QueuedThreadPool[JettyServerThreadPool]@3051e0b2{STARTED,8<=8<=250,i=8,r=-1,t=59814ms,q=0}[ReservedThreadExecutor@39008c9f{reserved=0/12,pending=0}][pc=0,pic=0,pec=0,epc=0]@2025-08-19T13:46:11.5047236-03:00 added {SelectorProducer@20e3c449,POJO}
13:46:11.504 [main] DEBUG org.eclipse.jetty.util.component.ContainerLifeCycle -- AdaptiveExecutionStrategy@3a01773b/SelectorProducer@20e3c449/IDLE/p=false/QueuedThreadPool[JettyServerThreadPool]@3051e0b2{STARTED,8<=8<=250,i=8,r=-1,t=59813ms,q=0}[ReservedThreadExecutor@39008c9f{reserved=0/12,pending=0}][pc=0,pic=0,pec=0,epc=0]@2025-08-19T13:46:11.5047236-03:00 added {QueuedThreadPool[JettyServerThreadPool]@3051e0b2{STARTED,8<=8<=250,i=8,r=-1,t=59813ms,q=0}[ReservedThreadExecutor@39008c9f{reserved=0/12,pending=0}],UNMANAGED}
13:46:11.504 [main] DEBUG org.eclipse.jetty.util.thread.strategy.AdaptiveExecutionStrategy -- AdaptiveExecutionStrategy@3a01773b/SelectorProducer@20e3c449/IDLE/p=false/QueuedThreadPool[JettyServerThreadPool]@3051e0b2{STARTED,8<=8<=250,i=8,r=-1,t=59813ms,q=0}[ReservedThreadExecutor@39008c9f{reserved=0/12,pending=0}][pc=0,pic=0,pec=0,epc=0]@2025-08-19T13:46:11.5047236-03:00 created
13:46:11.504 [main] DEBUG org.eclipse.jetty.util.component.ContainerLifeCycle -- ManagedSelector@2c58dcb1{STOPPED} id=3 keys=-1 selected=-1 updates=0 added {AdaptiveExecutionStrategy@3a01773b/SelectorProducer@20e3c449/IDLE/p=false/QueuedThreadPool[JettyServerThreadPool]@3051e0b2{STARTED,8<=8<=250,i=8,r=-1,t=59813ms,q=0}[ReservedThreadExecutor@39008c9f{reserved=0/12,pending=0}][pc=0,pic=0,pec=0,epc=0]@2025-08-19T13:46:11.5047236-03:00,MANAGED}
13:46:11.504 [main] DEBUG org.eclipse.jetty.util.component.ContainerLifeCycle -- SelectorManager@ServerConnector@7c1c5936{HTTP/1.1, (http/1.1)}{0.0.0.0:50243} added {ManagedSelector@2c58dcb1{STOPPED} id=3 keys=-1 selected=-1 updates=0,AUTO}
13:46:11.504 [main] DEBUG org.eclipse.jetty.util.component.ContainerLifeCycle -- AdaptiveExecutionStrategy@67fc2aad/SelectorProducer@56f521c6/IDLE/p=false/QueuedThreadPool[JettyServerThreadPool]@3051e0b2{STARTED,8<=8<=250,i=8,r=-1,t=59812ms,q=0}[ReservedThreadExecutor@39008c9f{reserved=0/12,pending=0}][pc=0,pic=0,pec=0,epc=0]@2025-08-19T13:46:11.5047236-03:00 added {SelectorProducer@56f521c6,POJO}
13:46:11.504 [main] DEBUG org.eclipse.jetty.util.component.ContainerLifeCycle -- AdaptiveExecutionStrategy@67fc2aad/SelectorProducer@56f521c6/IDLE/p=false/QueuedThreadPool[JettyServerThreadPool]@3051e0b2{STARTED,8<=8<=250,i=8,r=-1,t=59812ms,q=0}[ReservedThreadExecutor@39008c9f{reserved=0/12,pending=0}][pc=0,pic=0,pec=0,epc=0]@2025-08-19T13:46:11.5047236-03:00 added {QueuedThreadPool[JettyServerThreadPool]@3051e0b2{STARTED,8<=8<=250,i=8,r=-1,t=59812ms,q=0}[ReservedThreadExecutor@39008c9f{reserved=0/12,pending=0}],UNMANAGED}
13:46:11.504 [main] DEBUG org.eclipse.jetty.util.thread.strategy.AdaptiveExecutionStrategy -- AdaptiveExecutionStrategy@67fc2aad/SelectorProducer@56f521c6/IDLE/p=false/QueuedThreadPool[JettyServerThreadPool]@3051e0b2{STARTED,8<=8<=250,i=8,r=-1,t=59812ms,q=0}[ReservedThreadExecutor@39008c9f{reserved=0/12,pending=0}][pc=0,pic=0,pec=0,epc=0]@2025-08-19T13:46:11.5047236-03:00 created
13:46:11.504 [main] DEBUG org.eclipse.jetty.util.component.ContainerLifeCycle -- ManagedSelector@680a66dd{STOPPED} id=4 keys=-1 selected=-1 updates=0 added {AdaptiveExecutionStrategy@67fc2aad/SelectorProducer@56f521c6/IDLE/p=false/QueuedThreadPool[JettyServerThreadPool]@3051e0b2{STARTED,8<=8<=250,i=8,r=-1,t=59811ms,q=0}[ReservedThreadExecutor@39008c9f{reserved=0/12,pending=0}][pc=0,pic=0,pec=0,epc=0]@2025-08-19T13:46:11.5047236-03:00,MANAGED}
13:46:11.504 [main] DEBUG org.eclipse.jetty.util.component.ContainerLifeCycle -- SelectorManager@ServerConnector@7c1c5936{HTTP/1.1, (http/1.1)}{0.0.0.0:50243} added {ManagedSelector@680a66dd{STOPPED} id=4 keys=-1 selected=-1 updates=0,AUTO}
13:46:11.504 [main] DEBUG org.eclipse.jetty.util.component.ContainerLifeCycle -- AdaptiveExecutionStrategy@2dd8239/SelectorProducer@472698d/IDLE/p=false/QueuedThreadPool[JettyServerThreadPool]@3051e0b2{STARTED,8<=8<=250,i=8,r=-1,t=59811ms,q=0}[ReservedThreadExecutor@39008c9f{reserved=0/12,pending=0}][pc=0,pic=0,pec=0,epc=0]@2025-08-19T13:46:11.5047236-03:00 added {SelectorProducer@472698d,POJO}
13:46:11.504 [main] DEBUG org.eclipse.jetty.util.component.ContainerLifeCycle -- AdaptiveExecutionStrategy@2dd8239/SelectorProducer@472698d/IDLE/p=false/QueuedThreadPool[JettyServerThreadPool]@3051e0b2{STARTED,8<=8<=250,i=8,r=-1,t=59811ms,q=0}[ReservedThreadExecutor@39008c9f{reserved=0/12,pending=0}][pc=0,pic=0,pec=0,epc=0]@2025-08-19T13:46:11.5047236-03:00 added {QueuedThreadPool[JettyServerThreadPool]@3051e0b2{STARTED,8<=8<=250,i=8,r=-1,t=59811ms,q=0}[ReservedThreadExecutor@39008c9f{reserved=0/12,pending=0}],UNMANAGED}
13:46:11.504 [main] DEBUG org.eclipse.jetty.util.thread.strategy.AdaptiveExecutionStrategy -- AdaptiveExecutionStrategy@2dd8239/SelectorProducer@472698d/IDLE/p=false/QueuedThreadPool[JettyServerThreadPool]@3051e0b2{STARTED,8<=8<=250,i=8,r=-1,t=59811ms,q=0}[ReservedThreadExecutor@39008c9f{reserved=0/12,pending=0}][pc=0,pic=0,pec=0,epc=0]@2025-08-19T13:46:11.5047236-03:00 created
13:46:11.504 [main] DEBUG org.eclipse.jetty.util.component.ContainerLifeCycle -- ManagedSelector@7b7683d4{STOPPED} id=5 keys=-1 selected=-1 updates=0 added {AdaptiveExecutionStrategy@2dd8239/SelectorProducer@472698d/IDLE/p=false/QueuedThreadPool[JettyServerThreadPool]@3051e0b2{STARTED,8<=8<=250,i=8,r=-1,t=59810ms,q=0}[ReservedThreadExecutor@39008c9f{reserved=0/12,pending=0}][pc=0,pic=0,pec=0,epc=0]@2025-08-19T13:46:11.5047236-03:00,MANAGED}
13:46:11.504 [main] DEBUG org.eclipse.jetty.util.component.ContainerLifeCycle -- SelectorManager@ServerConnector@7c1c5936{HTTP/1.1, (http/1.1)}{0.0.0.0:50243} added {ManagedSelector@7b7683d4{STOPPED} id=5 keys=-1 selected=-1 updates=0,AUTO}
13:46:11.504 [main] DEBUG org.eclipse.jetty.util.component.AbstractLifeCycle -- STARTING ManagedSelector@5cb5bb88{STOPPED} id=0 keys=-1 selected=-1 updates=0
13:46:11.504 [main] DEBUG org.eclipse.jetty.util.component.AbstractLifeCycle -- STARTING AdaptiveExecutionStrategy@6794ac0b/SelectorProducer@7be71476/IDLE/p=false/QueuedThreadPool[JettyServerThreadPool]@3051e0b2{STARTED,8<=8<=250,i=8,r=-1,t=59810ms,q=0}[ReservedThreadExecutor@39008c9f{reserved=0/12,pending=0}][pc=0,pic=0,pec=0,epc=0]@2025-08-19T13:46:11.5047236-03:00
13:46:11.504 [main] DEBUG org.eclipse.jetty.util.component.AbstractLifeCycle -- STARTED @2996ms AdaptiveExecutionStrategy@6794ac0b/SelectorProducer@7be71476/IDLE/p=false/QueuedThreadPool[JettyServerThreadPool]@3051e0b2{STARTED,8<=8<=250,i=8,r=-1,t=59810ms,q=0}[ReservedThreadExecutor@39008c9f{reserved=0/12,pending=0}][pc=0,pic=0,pec=0,epc=0]@2025-08-19T13:46:11.5047236-03:00
13:46:11.569 [main] DEBUG org.eclipse.jetty.util.thread.QueuedThreadPool -- queue org.eclipse.jetty.io.ManagedSelector$$Lambda/0x00000223902fcea0@7d199c68 startThread=0
13:46:11.569 [JettyServerThreadPool-35] DEBUG org.eclipse.jetty.util.thread.QueuedThreadPool -- run org.eclipse.jetty.io.ManagedSelector$$Lambda/0x00000223902fcea0@7d199c68 in QueuedThreadPool[JettyServerThreadPool]@3051e0b2{STARTED,8<=8<=250,i=7,r=-1,t=59749ms,q=0}[ReservedThreadExecutor@39008c9f{reserved=0/12,pending=0}]
13:46:11.569 [JettyServerThreadPool-35] DEBUG org.eclipse.jetty.util.thread.strategy.AdaptiveExecutionStrategy -- AdaptiveExecutionStrategy@6794ac0b/SelectorProducer@7be71476/IDLE/p=false/QueuedThreadPool[JettyServerThreadPool]@3051e0b2{STARTED,8<=8<=250,i=7,r=-1,t=59749ms,q=0}[ReservedThreadExecutor@39008c9f{reserved=0/12,pending=0}][pc=0,pic=0,pec=0,epc=0]@2025-08-19T13:46:11.5695812-03:00 tryProduce false
13:46:11.569 [main] DEBUG org.eclipse.jetty.io.ManagedSelector -- Queued change lazy=false org.eclipse.jetty.io.ManagedSelector$Start@6ba30587 on ManagedSelector@5cb5bb88{STARTING} id=0 keys=0 selected=0 updates=0
13:46:11.569 [JettyServerThreadPool-35] DEBUG org.eclipse.jetty.io.ManagedSelector -- updateable 0
13:46:11.569 [JettyServerThreadPool-35] DEBUG org.eclipse.jetty.io.ManagedSelector -- updates 1
13:46:11.569 [JettyServerThreadPool-35] DEBUG org.eclipse.jetty.io.ManagedSelector -- wakeup on updates SelectorProducer@7be71476
13:46:11.571 [JettyServerThreadPool-35] DEBUG org.eclipse.jetty.io.ManagedSelector -- Selector sun.nio.ch.WEPollSelectorImpl@39e487ab waiting with 0 keys
13:46:11.571 [JettyServerThreadPool-35] DEBUG org.eclipse.jetty.io.ManagedSelector -- Selector sun.nio.ch.WEPollSelectorImpl@39e487ab woken with none selected
13:46:11.571 [JettyServerThreadPool-35] DEBUG org.eclipse.jetty.io.ManagedSelector -- Selector sun.nio.ch.WEPollSelectorImpl@39e487ab woken up from select, 0/0/0 selected
13:46:11.571 [JettyServerThreadPool-35] DEBUG org.eclipse.jetty.io.ManagedSelector -- Selector sun.nio.ch.WEPollSelectorImpl@39e487ab processing 0 keys, 1 updates
13:46:11.571 [JettyServerThreadPool-35] DEBUG org.eclipse.jetty.io.ManagedSelector -- updateable 1
13:46:11.571 [JettyServerThreadPool-35] DEBUG org.eclipse.jetty.io.ManagedSelector -- update org.eclipse.jetty.io.ManagedSelector$Start@6ba30587
13:46:11.571 [JettyServerThreadPool-35] DEBUG org.eclipse.jetty.io.ManagedSelector -- updates 0
13:46:11.571 [JettyServerThreadPool-35] DEBUG org.eclipse.jetty.io.ManagedSelector -- Selector sun.nio.ch.WEPollSelectorImpl@39e487ab waiting with 0 keys
13:46:11.571 [main] DEBUG org.eclipse.jetty.util.component.AbstractLifeCycle -- STARTED @3060ms ManagedSelector@5cb5bb88{STARTED} id=0 keys=0 selected=0 updates=0
13:46:11.571 [main] DEBUG org.eclipse.jetty.util.component.AbstractLifeCycle -- STARTING ManagedSelector@16872c4d{STOPPED} id=1 keys=-1 selected=-1 updates=0
13:46:11.571 [main] DEBUG org.eclipse.jetty.util.component.AbstractLifeCycle -- STARTING AdaptiveExecutionStrategy@17b6d426/SelectorProducer@5580d62f/IDLE/p=false/QueuedThreadPool[JettyServerThreadPool]@3051e0b2{STARTED,8<=8<=250,i=7,r=-1,t=59746ms,q=0}[ReservedThreadExecutor@39008c9f{reserved=0/12,pending=0}][pc=0,pic=0,pec=0,epc=0]@2025-08-19T13:46:11.5716084-03:00
13:46:11.571 [main] DEBUG org.eclipse.jetty.util.component.AbstractLifeCycle -- STARTED @3060ms AdaptiveExecutionStrategy@17b6d426/SelectorProducer@5580d62f/IDLE/p=false/QueuedThreadPool[JettyServerThreadPool]@3051e0b2{STARTED,8<=8<=250,i=7,r=-1,t=59746ms,q=0}[ReservedThreadExecutor@39008c9f{reserved=0/12,pending=0}][pc=0,pic=0,pec=0,epc=0]@2025-08-19T13:46:11.5716084-03:00
13:46:11.571 [main] DEBUG org.eclipse.jetty.util.thread.QueuedThreadPool -- queue org.eclipse.jetty.io.ManagedSelector$$Lambda/0x00000223902fcea0@5633dafd startThread=0
13:46:11.571 [JettyServerThreadPool-36] DEBUG org.eclipse.jetty.util.thread.QueuedThreadPool -- run org.eclipse.jetty.io.ManagedSelector$$Lambda/0x00000223902fcea0@5633dafd in QueuedThreadPool[JettyServerThreadPool]@3051e0b2{STARTED,8<=8<=250,i=6,r=-1,t=59743ms,q=0}[ReservedThreadExecutor@39008c9f{reserved=0/12,pending=0}]
13:46:11.571 [main] DEBUG org.eclipse.jetty.io.ManagedSelector -- Queued change lazy=false org.eclipse.jetty.io.ManagedSelector$Start@5d5160e6 on ManagedSelector@16872c4d{STARTING} id=1 keys=0 selected=0 updates=0
13:46:11.571 [JettyServerThreadPool-36] DEBUG org.eclipse.jetty.util.thread.strategy.AdaptiveExecutionStrategy -- AdaptiveExecutionStrategy@17b6d426/SelectorProducer@5580d62f/IDLE/p=false/QueuedThreadPool[JettyServerThreadPool]@3051e0b2{STARTED,8<=8<=250,i=6,r=-1,t=59743ms,q=0}[ReservedThreadExecutor@39008c9f{reserved=0/12,pending=0}][pc=0,pic=0,pec=0,epc=0]@2025-08-19T13:46:11.5716084-03:00 tryProduce false
13:46:11.571 [JettyServerThreadPool-36] DEBUG org.eclipse.jetty.io.ManagedSelector -- updateable 1
13:46:11.571 [JettyServerThreadPool-36] DEBUG org.eclipse.jetty.io.ManagedSelector -- update org.eclipse.jetty.io.ManagedSelector$Start@5d5160e6
13:46:11.571 [JettyServerThreadPool-36] DEBUG org.eclipse.jetty.io.ManagedSelector -- updates 0
13:46:11.571 [JettyServerThreadPool-36] DEBUG org.eclipse.jetty.io.ManagedSelector -- Selector sun.nio.ch.WEPollSelectorImpl@6e9ba078 waiting with 0 keys
13:46:11.571 [main] DEBUG org.eclipse.jetty.util.component.AbstractLifeCycle -- STARTED @3063ms ManagedSelector@16872c4d{STARTED} id=1 keys=0 selected=0 updates=0
13:46:11.571 [main] DEBUG org.eclipse.jetty.util.component.AbstractLifeCycle -- STARTING ManagedSelector@154bd49b{STOPPED} id=2 keys=-1 selected=-1 updates=0
13:46:11.571 [main] DEBUG org.eclipse.jetty.util.component.AbstractLifeCycle -- STARTING AdaptiveExecutionStrategy@671facee/SelectorProducer@46a953cf/IDLE/p=false/QueuedThreadPool[JettyServerThreadPool]@3051e0b2{STARTED,8<=8<=250,i=6,r=-1,t=59743ms,q=0}[ReservedThreadExecutor@39008c9f{reserved=0/12,pending=0}][pc=0,pic=0,pec=0,epc=0]@2025-08-19T13:46:11.5716084-03:00
13:46:11.571 [main] DEBUG org.eclipse.jetty.util.component.AbstractLifeCycle -- STARTED @3064ms AdaptiveExecutionStrategy@671facee/SelectorProducer@46a953cf/IDLE/p=false/QueuedThreadPool[JettyServerThreadPool]@3051e0b2{STARTED,8<=8<=250,i=6,r=-1,t=59742ms,q=0}[ReservedThreadExecutor@39008c9f{reserved=0/12,pending=0}][pc=0,pic=0,pec=0,epc=0]@2025-08-19T13:46:11.5716084-03:00
13:46:11.571 [main] DEBUG org.eclipse.jetty.util.thread.QueuedThreadPool -- queue org.eclipse.jetty.io.ManagedSelector$$Lambda/0x00000223902fcea0@2eadc9f6 startThread=0
13:46:11.571 [main] DEBUG org.eclipse.jetty.io.ManagedSelector -- Queued change lazy=false org.eclipse.jetty.io.ManagedSelector$Start@2903c6ff on ManagedSelector@154bd49b{STARTING} id=2 keys=0 selected=0 updates=0
13:46:11.571 [JettyServerThreadPool-37] DEBUG org.eclipse.jetty.util.thread.QueuedThreadPool -- run org.eclipse.jetty.io.ManagedSelector$$Lambda/0x00000223902fcea0@2eadc9f6 in QueuedThreadPool[JettyServerThreadPool]@3051e0b2{STARTED,8<=8<=250,i=5,r=-1,t=59739ms,q=0}[ReservedThreadExecutor@39008c9f{reserved=0/12,pending=0}]
13:46:11.571 [JettyServerThreadPool-37] DEBUG org.eclipse.jetty.util.thread.strategy.AdaptiveExecutionStrategy -- AdaptiveExecutionStrategy@671facee/SelectorProducer@46a953cf/IDLE/p=false/QueuedThreadPool[JettyServerThreadPool]@3051e0b2{STARTED,8<=8<=250,i=5,r=-1,t=59739ms,q=0}[ReservedThreadExecutor@39008c9f{reserved=0/12,pending=0}][pc=0,pic=0,pec=0,epc=0]@2025-08-19T13:46:11.5716084-03:00 tryProduce false
13:46:11.571 [JettyServerThreadPool-37] DEBUG org.eclipse.jetty.io.ManagedSelector -- updateable 1
13:46:11.571 [JettyServerThreadPool-37] DEBUG org.eclipse.jetty.io.ManagedSelector -- update org.eclipse.jetty.io.ManagedSelector$Start@2903c6ff
13:46:11.571 [JettyServerThreadPool-37] DEBUG org.eclipse.jetty.io.ManagedSelector -- updates 0
13:46:11.571 [JettyServerThreadPool-37] DEBUG org.eclipse.jetty.io.ManagedSelector -- Selector sun.nio.ch.WEPollSelectorImpl@4e07b57e waiting with 0 keys
13:46:11.571 [main] DEBUG org.eclipse.jetty.util.component.AbstractLifeCycle -- STARTED @3068ms ManagedSelector@154bd49b{STARTED} id=2 keys=0 selected=0 updates=0
13:46:11.571 [main] DEBUG org.eclipse.jetty.util.component.AbstractLifeCycle -- STARTING ManagedSelector@2c58dcb1{STOPPED} id=3 keys=-1 selected=-1 updates=0
13:46:11.571 [main] DEBUG org.eclipse.jetty.util.component.AbstractLifeCycle -- STARTING AdaptiveExecutionStrategy@3a01773b/SelectorProducer@20e3c449/IDLE/p=false/QueuedThreadPool[JettyServerThreadPool]@3051e0b2{STARTED,8<=8<=250,i=5,r=-1,t=59738ms,q=0}[ReservedThreadExecutor@39008c9f{reserved=0/12,pending=0}][pc=0,pic=0,pec=0,epc=0]@2025-08-19T13:46:11.5716084-03:00
13:46:11.571 [main] DEBUG org.eclipse.jetty.util.component.AbstractLifeCycle -- STARTED @3068ms AdaptiveExecutionStrategy@3a01773b/SelectorProducer@20e3c449/IDLE/p=false/QueuedThreadPool[JettyServerThreadPool]@3051e0b2{STARTED,8<=8<=250,i=5,r=-1,t=59738ms,q=0}[ReservedThreadExecutor@39008c9f{reserved=0/12,pending=0}][pc=0,pic=0,pec=0,epc=0]@2025-08-19T13:46:11.5716084-03:00
13:46:11.571 [main] DEBUG org.eclipse.jetty.util.thread.QueuedThreadPool -- queue org.eclipse.jetty.io.ManagedSelector$$Lambda/0x00000223902fcea0@61af1510 startThread=0
13:46:11.571 [main] DEBUG org.eclipse.jetty.io.ManagedSelector -- Queued change lazy=false org.eclipse.jetty.io.ManagedSelector$Start@37af1f93 on ManagedSelector@2c58dcb1{STARTING} id=3 keys=0 selected=0 updates=0
13:46:11.571 [JettyServerThreadPool-38] DEBUG org.eclipse.jetty.util.thread.QueuedThreadPool -- run org.eclipse.jetty.io.ManagedSelector$$Lambda/0x00000223902fcea0@61af1510 in QueuedThreadPool[JettyServerThreadPool]@3051e0b2{STARTED,8<=8<=250,i=4,r=-1,t=59736ms,q=0}[ReservedThreadExecutor@39008c9f{reserved=0/12,pending=0}]
13:46:11.583 [JettyServerThreadPool-38] DEBUG org.eclipse.jetty.util.thread.strategy.AdaptiveExecutionStrategy -- AdaptiveExecutionStrategy@3a01773b/SelectorProducer@20e3c449/IDLE/p=false/QueuedThreadPool[JettyServerThreadPool]@3051e0b2{STARTED,8<=8<=250,i=4,r=-1,t=59736ms,q=0}[ReservedThreadExecutor@39008c9f{reserved=0/12,pending=0}][pc=0,pic=0,pec=0,epc=0]@2025-08-19T13:46:11.5835392-03:00 tryProduce false
13:46:11.583 [JettyServerThreadPool-38] DEBUG org.eclipse.jetty.io.ManagedSelector -- updateable 1
13:46:11.583 [JettyServerThreadPool-38] DEBUG org.eclipse.jetty.io.ManagedSelector -- update org.eclipse.jetty.io.ManagedSelector$Start@37af1f93
13:46:11.583 [JettyServerThreadPool-38] DEBUG org.eclipse.jetty.io.ManagedSelector -- updates 0
13:46:11.583 [main] DEBUG org.eclipse.jetty.util.component.AbstractLifeCycle -- STARTED @3071ms ManagedSelector@2c58dcb1{STARTED} id=3 keys=0 selected=0 updates=0
13:46:11.583 [JettyServerThreadPool-38] DEBUG org.eclipse.jetty.io.ManagedSelector -- Selector sun.nio.ch.WEPollSelectorImpl@643c334a waiting with 0 keys
13:46:11.583 [main] DEBUG org.eclipse.jetty.util.component.AbstractLifeCycle -- STARTING ManagedSelector@680a66dd{STOPPED} id=4 keys=-1 selected=-1 updates=0
13:46:11.583 [main] DEBUG org.eclipse.jetty.util.component.AbstractLifeCycle -- STARTING AdaptiveExecutionStrategy@67fc2aad/SelectorProducer@56f521c6/IDLE/p=false/QueuedThreadPool[JettyServerThreadPool]@3051e0b2{STARTED,8<=8<=250,i=4,r=-1,t=59735ms,q=0}[ReservedThreadExecutor@39008c9f{reserved=0/12,pending=0}][pc=0,pic=0,pec=0,epc=0]@2025-08-19T13:46:11.5835392-03:00
13:46:11.583 [main] DEBUG org.eclipse.jetty.util.component.AbstractLifeCycle -- STARTED @3072ms AdaptiveExecutionStrategy@67fc2aad/SelectorProducer@56f521c6/IDLE/p=false/QueuedThreadPool[JettyServerThreadPool]@3051e0b2{STARTED,8<=8<=250,i=4,r=-1,t=59734ms,q=0}[ReservedThreadExecutor@39008c9f{reserved=0/12,pending=0}][pc=0,pic=0,pec=0,epc=0]@2025-08-19T13:46:11.5835392-03:00
13:46:11.583 [main] DEBUG org.eclipse.jetty.util.thread.QueuedThreadPool -- queue org.eclipse.jetty.io.ManagedSelector$$Lambda/0x00000223902fcea0@778d82e9 startThread=0
13:46:11.583 [JettyServerThreadPool-39] DEBUG org.eclipse.jetty.util.thread.QueuedThreadPool -- run org.eclipse.jetty.io.ManagedSelector$$Lambda/0x00000223902fcea0@778d82e9 in QueuedThreadPool[JettyServerThreadPool]@3051e0b2{STARTED,8<=8<=250,i=3,r=-1,t=59731ms,q=0}[ReservedThreadExecutor@39008c9f{reserved=0/12,pending=0}]
13:46:11.583 [JettyServerThreadPool-39] DEBUG org.eclipse.jetty.util.thread.strategy.AdaptiveExecutionStrategy -- AdaptiveExecutionStrategy@67fc2aad/SelectorProducer@56f521c6/IDLE/p=false/QueuedThreadPool[JettyServerThreadPool]@3051e0b2{STARTED,8<=8<=250,i=3,r=-1,t=59731ms,q=0}[ReservedThreadExecutor@39008c9f{reserved=0/12,pending=0}][pc=0,pic=0,pec=0,epc=0]@2025-08-19T13:46:11.5835392-03:00 tryProduce false
13:46:11.583 [main] DEBUG org.eclipse.jetty.io.ManagedSelector -- Queued change lazy=false org.eclipse.jetty.io.ManagedSelector$Start@408e96d9 on ManagedSelector@680a66dd{STARTING} id=4 keys=0 selected=0 updates=0
13:46:11.583 [JettyServerThreadPool-39] DEBUG org.eclipse.jetty.io.ManagedSelector -- updateable 0
13:46:11.583 [JettyServerThreadPool-39] DEBUG org.eclipse.jetty.io.ManagedSelector -- updates 1
13:46:11.589 [JettyServerThreadPool-39] DEBUG org.eclipse.jetty.io.ManagedSelector -- wakeup on updates SelectorProducer@56f521c6
13:46:11.589 [JettyServerThreadPool-39] DEBUG org.eclipse.jetty.io.ManagedSelector -- Selector sun.nio.ch.WEPollSelectorImpl@7342bdca waiting with 0 keys
13:46:11.589 [JettyServerThreadPool-39] DEBUG org.eclipse.jetty.io.ManagedSelector -- Selector sun.nio.ch.WEPollSelectorImpl@7342bdca woken with none selected
13:46:11.589 [JettyServerThreadPool-39] DEBUG org.eclipse.jetty.io.ManagedSelector -- Selector sun.nio.ch.WEPollSelectorImpl@7342bdca woken up from select, 0/0/0 selected
13:46:11.589 [JettyServerThreadPool-39] DEBUG org.eclipse.jetty.io.ManagedSelector -- Selector sun.nio.ch.WEPollSelectorImpl@7342bdca processing 0 keys, 1 updates
13:46:11.589 [JettyServerThreadPool-39] DEBUG org.eclipse.jetty.io.ManagedSelector -- updateable 1
13:46:11.589 [JettyServerThreadPool-39] DEBUG org.eclipse.jetty.io.ManagedSelector -- update org.eclipse.jetty.io.ManagedSelector$Start@408e96d9
13:46:11.589 [JettyServerThreadPool-39] DEBUG org.eclipse.jetty.io.ManagedSelector -- updates 0
13:46:11.589 [JettyServerThreadPool-39] DEBUG org.eclipse.jetty.io.ManagedSelector -- Selector sun.nio.ch.WEPollSelectorImpl@7342bdca waiting with 0 keys
13:46:11.589 [main] DEBUG org.eclipse.jetty.util.component.AbstractLifeCycle -- STARTED @3077ms ManagedSelector@680a66dd{STARTED} id=4 keys=0 selected=0 updates=0
13:46:11.589 [main] DEBUG org.eclipse.jetty.util.component.AbstractLifeCycle -- STARTING ManagedSelector@7b7683d4{STOPPED} id=5 keys=-1 selected=-1 updates=0
13:46:11.589 [main] DEBUG org.eclipse.jetty.util.component.AbstractLifeCycle -- STARTING AdaptiveExecutionStrategy@2dd8239/SelectorProducer@472698d/IDLE/p=false/QueuedThreadPool[JettyServerThreadPool]@3051e0b2{STARTED,8<=8<=250,i=3,r=-1,t=59729ms,q=0}[ReservedThreadExecutor@39008c9f{reserved=0/12,pending=0}][pc=0,pic=0,pec=0,epc=0]@2025-08-19T13:46:11.5895461-03:00
13:46:11.589 [main] DEBUG org.eclipse.jetty.util.component.AbstractLifeCycle -- STARTED @3077ms AdaptiveExecutionStrategy@2dd8239/SelectorProducer@472698d/IDLE/p=false/QueuedThreadPool[JettyServerThreadPool]@3051e0b2{STARTED,8<=8<=250,i=3,r=-1,t=59729ms,q=0}[ReservedThreadExecutor@39008c9f{reserved=0/12,pending=0}][pc=0,pic=0,pec=0,epc=0]@2025-08-19T13:46:11.5895461-03:00
13:46:11.589 [main] DEBUG org.eclipse.jetty.util.thread.QueuedThreadPool -- queue org.eclipse.jetty.io.ManagedSelector$$Lambda/0x00000223902fcea0@59901c4d startThread=0
13:46:11.589 [JettyServerThreadPool-40] DEBUG org.eclipse.jetty.util.thread.QueuedThreadPool -- run org.eclipse.jetty.io.ManagedSelector$$Lambda/0x00000223902fcea0@59901c4d in QueuedThreadPool[JettyServerThreadPool]@3051e0b2{STARTED,8<=8<=250,i=2,r=-1,t=59727ms,q=0}[ReservedThreadExecutor@39008c9f{reserved=0/12,pending=0}]
13:46:11.589 [main] DEBUG org.eclipse.jetty.io.ManagedSelector -- Queued change lazy=false org.eclipse.jetty.io.ManagedSelector$Start@168cd36b on ManagedSelector@7b7683d4{STARTING} id=5 keys=0 selected=0 updates=0
13:46:11.589 [JettyServerThreadPool-40] DEBUG org.eclipse.jetty.util.thread.strategy.AdaptiveExecutionStrategy -- AdaptiveExecutionStrategy@2dd8239/SelectorProducer@472698d/IDLE/p=false/QueuedThreadPool[JettyServerThreadPool]@3051e0b2{STARTED,8<=8<=250,i=2,r=-1,t=59726ms,q=0}[ReservedThreadExecutor@39008c9f{reserved=0/12,pending=0}][pc=0,pic=0,pec=0,epc=0]@2025-08-19T13:46:11.5895461-03:00 tryProduce false
13:46:11.589 [JettyServerThreadPool-40] DEBUG org.eclipse.jetty.io.ManagedSelector -- updateable 1
13:46:11.589 [JettyServerThreadPool-40] DEBUG org.eclipse.jetty.io.ManagedSelector -- update org.eclipse.jetty.io.ManagedSelector$Start@168cd36b
13:46:11.589 [JettyServerThreadPool-40] DEBUG org.eclipse.jetty.io.ManagedSelector -- updates 0
13:46:11.589 [JettyServerThreadPool-40] DEBUG org.eclipse.jetty.io.ManagedSelector -- Selector sun.nio.ch.WEPollSelectorImpl@63a2486b waiting with 0 keys
13:46:11.589 [main] DEBUG org.eclipse.jetty.util.component.AbstractLifeCycle -- STARTED @3080ms ManagedSelector@7b7683d4{STARTED} id=5 keys=0 selected=0 updates=0
13:46:11.589 [main] DEBUG org.eclipse.jetty.util.component.AbstractLifeCycle -- STARTED @3080ms SelectorManager@ServerConnector@7c1c5936{HTTP/1.1, (http/1.1)}{0.0.0.0:50243}
13:46:11.589 [main] DEBUG org.eclipse.jetty.util.component.ContainerLifeCycle -- ServerConnector@7c1c5936{HTTP/1.1, (http/1.1)}{0.0.0.0:50243} added {acceptor-0@10cd6753,POJO}
13:46:11.589 [main] DEBUG org.eclipse.jetty.util.thread.QueuedThreadPool -- queue acceptor-0@10cd6753 startThread=0
13:46:11.589 [main] INFO org.eclipse.jetty.server.AbstractConnector -- Started ServerConnector@7c1c5936{HTTP/1.1, (http/1.1)}{0.0.0.0:50243}
13:46:11.589 [JettyServerThreadPool-42] DEBUG org.eclipse.jetty.util.thread.QueuedThreadPool -- run acceptor-0@10cd6753 in QueuedThreadPool[JettyServerThreadPool]@3051e0b2{STARTED,8<=8<=250,i=1,r=-1,t=59724ms,q=0}[ReservedThreadExecutor@39008c9f{reserved=0/12,pending=0}]
13:46:11.589 [main] DEBUG org.eclipse.jetty.util.component.AbstractLifeCycle -- STARTED @3082ms ServerConnector@7c1c5936{HTTP/1.1, (http/1.1)}{0.0.0.0:50243}
13:46:11.589 [main] INFO org.eclipse.jetty.server.Server -- Started Server@67e28be3{STARTING}[11.0.20,sto=0] @3082ms
13:46:11.589 [main] DEBUG org.eclipse.jetty.util.component.AbstractLifeCycle -- STARTED @3082ms Server@67e28be3{STARTED}[11.0.20,sto=0]
13:46:11.589 [main] INFO io.javalin.Javalin -- 
       __                  ___           _____
      / /___ __   ______ _/ (_)___      / ___/
 __  / / __ `/ | / / __ `/ / / __ \    / __ \
/ /_/ / /_/ /| |/ / /_/ / / / / / /   / /_/ /
\____/\__,_/ |___/\__,_/_/_/_/ /_/    \____/

       https://javalin.io/documentation

13:46:11.589 [main] INFO io.javalin.Javalin -- Javalin started in 582ms \o/
13:46:11.604 [main] INFO io.javalin.Javalin -- Listening on http://localhost:50243/
13:46:11.634 [main] INFO io.javalin.Javalin -- You are running Javalin 6.1.3 (released March 2, 2024. Your Javalin version is 534 days old. Consider checking for a newer version.).
13:46:12.080 [JettyServerThreadPool-42-acceptor-0@10cd6753-ServerConnector@7c1c5936{HTTP/1.1, (http/1.1)}{0.0.0.0:50243}] DEBUG org.eclipse.jetty.io.ManagedSelector -- Queued change lazy=false Accept@5a6c492c[java.nio.channels.SocketChannel[connected local=/127.0.0.1:50243 remote=/127.0.0.1:50247]] on ManagedSelector@16872c4d{STARTED} id=1 keys=0 selected=0 updates=0
13:46:12.080 [JettyServerThreadPool-42-acceptor-0@10cd6753-ServerConnector@7c1c5936{HTTP/1.1, (http/1.1)}{0.0.0.0:50243}] DEBUG org.eclipse.jetty.io.ManagedSelector -- Wakeup on submit ManagedSelector@16872c4d{STARTED} id=1 keys=0 selected=0 updates=1
13:46:12.080 [JettyServerThreadPool-36] DEBUG org.eclipse.jetty.io.ManagedSelector -- Selector sun.nio.ch.WEPollSelectorImpl@6e9ba078 woken with none selected
13:46:12.080 [JettyServerThreadPool-36] DEBUG org.eclipse.jetty.io.ManagedSelector -- Selector sun.nio.ch.WEPollSelectorImpl@6e9ba078 woken up from select, 0/0/0 selected
13:46:12.080 [JettyServerThreadPool-36] DEBUG org.eclipse.jetty.io.ManagedSelector -- Selector sun.nio.ch.WEPollSelectorImpl@6e9ba078 processing 0 keys, 1 updates
13:46:12.080 [JettyServerThreadPool-36] DEBUG org.eclipse.jetty.io.ManagedSelector -- updateable 1
13:46:12.080 [JettyServerThreadPool-36] DEBUG org.eclipse.jetty.io.ManagedSelector -- update Accept@5a6c492c[java.nio.channels.SocketChannel[connected local=/127.0.0.1:50243 remote=/127.0.0.1:50247]]
13:46:12.095 [JettyServerThreadPool-36] DEBUG org.eclipse.jetty.util.thread.QueuedThreadPool -- queue Accept@5a6c492c[java.nio.channels.SocketChannel[connected local=/127.0.0.1:50243 remote=/127.0.0.1:50247]] startThread=0
13:46:12.095 [JettyServerThreadPool-41] DEBUG org.eclipse.jetty.util.thread.QueuedThreadPool -- run Accept@5a6c492c[java.nio.channels.SocketChannel[connected local=/127.0.0.1:50243 remote=/127.0.0.1:50247]] in QueuedThreadPool[JettyServerThreadPool]@3051e0b2{STARTED,8<=8<=250,i=0,r=-1,t=59223ms,q=0}[ReservedThreadExecutor@39008c9f{reserved=0/12,pending=0}]
13:46:12.095 [JettyServerThreadPool-36] DEBUG org.eclipse.jetty.io.ManagedSelector -- updates 0
13:46:12.095 [JettyServerThreadPool-36] DEBUG org.eclipse.jetty.io.ManagedSelector -- Selector sun.nio.ch.WEPollSelectorImpl@6e9ba078 waiting with 1 keys
13:46:12.116 [JettyServerThreadPool-41] DEBUG org.eclipse.jetty.io.IdleTimeout -- Setting idle timeout 0 -> 30000 on SocketChannelEndPoint@376dc932[{l=/127.0.0.1:50243,r=/127.0.0.1:50247,OPEN,fill=-,flush=-,to=10/30000}{io=0/0,kio=0,kro=0}]->[<null>]
13:46:12.116 [JettyServerThreadPool-41] DEBUG org.eclipse.jetty.io.IdleTimeout -- SocketChannelEndPoint@376dc932[{l=/127.0.0.1:50243,r=/127.0.0.1:50247,OPEN,fill=-,flush=-,to=10/30000}{io=0/0,kio=0,kro=0}]->[<null>] idle timeout check, elapsed: 10 ms, remaining: 29990 ms
13:46:12.183 [JettyServerThreadPool-41] DEBUG org.eclipse.jetty.server.HttpChannel -- new HttpChannelOverHttp@2bd1adfd{s=HttpChannelState@53bc62f3{s=IDLE rs=BLOCKING os=OPEN is=IDLE awp=false se=false i=true al=0},r=0,c=false/false,a=IDLE,uri=null,age=0} -> SocketChannelEndPoint@376dc932[{l=/127.0.0.1:50243,r=/127.0.0.1:50247,OPEN,fill=-,flush=-,to=75/30000}{io=0/0,kio=0,kro=0}]->[<null>],null,HttpChannelState@53bc62f3{s=IDLE rs=BLOCKING os=OPEN is=IDLE awp=false se=false i=true al=0}
13:46:12.189 [JettyServerThreadPool-41] DEBUG org.eclipse.jetty.server.HttpConnection -- New HTTP Connection HttpConnection@6d01cb26::SocketChannelEndPoint@376dc932[{l=/127.0.0.1:50243,r=/127.0.0.1:50247,OPEN,fill=-,flush=-,to=91/30000}{io=0/0,kio=0,kro=0}]->[<null>]
13:46:12.205 [JettyServerThreadPool-41] DEBUG org.eclipse.jetty.io.ManagedSelector -- Queued change lazy=true org.eclipse.jetty.io.ManagedSelector$$Lambda/0x00000223903bb790@6597dedc on ManagedSelector@16872c4d{STARTED} id=1 keys=1 selected=0 updates=0
13:46:12.205 [JettyServerThreadPool-41] DEBUG org.eclipse.jetty.io.AbstractEndPoint -- onOpen SocketChannelEndPoint@376dc932[{l=/127.0.0.1:50243,r=/127.0.0.1:50247,OPEN,fill=-,flush=-,to=93/30000}{io=0/0,kio=0,kro=0}]->[HttpConnection@6d01cb26[p=HttpParser{s=START,0 of -1},g=HttpGenerator@72940388{s=START}]=>HttpChannelOverHttp@2bd1adfd{s=HttpChannelState@53bc62f3{s=IDLE rs=BLOCKING os=OPEN is=IDLE awp=false se=false i=true al=0},r=0,c=false/false,a=IDLE,uri=null,age=0}]
13:46:12.205 [JettyServerThreadPool-41] DEBUG org.eclipse.jetty.io.AbstractConnection -- onOpen HttpConnection@6d01cb26::SocketChannelEndPoint@376dc932[{l=/127.0.0.1:50243,r=/127.0.0.1:50247,OPEN,fill=-,flush=-,to=94/30000}{io=0/0,kio=0,kro=0}]->[HttpConnection@6d01cb26[p=HttpParser{s=START,0 of -1},g=HttpGenerator@72940388{s=START}]=>HttpChannelOverHttp@2bd1adfd{s=HttpChannelState@53bc62f3{s=IDLE rs=BLOCKING os=OPEN is=IDLE awp=false se=false i=true al=0},r=0,c=false/false,a=IDLE,uri=null,age=0}]
13:46:12.205 [JettyServerThreadPool-41] DEBUG org.eclipse.jetty.io.AbstractConnection -- fillInterested HttpConnection@6d01cb26::SocketChannelEndPoint@376dc932[{l=/127.0.0.1:50243,r=/127.0.0.1:50247,OPEN,fill=-,flush=-,to=94/30000}{io=0/0,kio=0,kro=0}]->[HttpConnection@6d01cb26[p=HttpParser{s=START,0 of -1},g=HttpGenerator@72940388{s=START}]=>HttpChannelOverHttp@2bd1adfd{s=HttpChannelState@53bc62f3{s=IDLE rs=BLOCKING os=OPEN is=IDLE awp=false se=false i=true al=0},r=0,c=false/false,a=IDLE,uri=null,age=0}]
13:46:12.205 [JettyServerThreadPool-41] DEBUG org.eclipse.jetty.io.FillInterest -- interested FillInterest@5bf12862{ReadCallback@10b1f5d1{HttpConnection@6d01cb26::SocketChannelEndPoint@376dc932[{l=/127.0.0.1:50243,r=/127.0.0.1:50247,OPEN,fill=FI,flush=-,to=0/30000}{io=0/0,kio=0,kro=0}]->[HttpConnection@6d01cb26[p=HttpParser{s=START,0 of -1},g=HttpGenerator@72940388{s=START}]=>HttpChannelOverHttp@2bd1adfd{s=HttpChannelState@53bc62f3{s=IDLE rs=BLOCKING os=OPEN is=IDLE awp=false se=false i=true al=0},r=0,c=false/false,a=IDLE,uri=null,age=0}]}}
13:46:12.205 [JettyServerThreadPool-41] DEBUG org.eclipse.jetty.io.SelectableChannelEndPoint -- changeInterests p=false 0->1 for SocketChannelEndPoint@376dc932[{l=/127.0.0.1:50243,r=/127.0.0.1:50247,OPEN,fill=FI,flush=-,to=0/30000}{io=0/1,kio=0,kro=0}]->[HttpConnection@6d01cb26[p=HttpParser{s=START,0 of -1},g=HttpGenerator@72940388{s=START}]=>HttpChannelOverHttp@2bd1adfd{s=HttpChannelState@53bc62f3{s=IDLE rs=BLOCKING os=OPEN is=IDLE awp=false se=false i=true al=0},r=0,c=false/false,a=IDLE,uri=null,age=0}]
13:46:12.205 [JettyServerThreadPool-41] DEBUG org.eclipse.jetty.io.ManagedSelector -- Queued change lazy=false org.eclipse.jetty.io.SelectableChannelEndPoint$$Lambda/0x00000223903acc50@4b8bb825 on ManagedSelector@16872c4d{STARTED} id=1 keys=1 selected=0 updates=1
13:46:12.205 [JettyServerThreadPool-41] DEBUG org.eclipse.jetty.io.ManagedSelector -- Wakeup on submit ManagedSelector@16872c4d{STARTED} id=1 keys=1 selected=0 updates=2
13:46:12.205 [JettyServerThreadPool-36] DEBUG org.eclipse.jetty.io.ManagedSelector -- Selector sun.nio.ch.WEPollSelectorImpl@6e9ba078 woken with none selected
13:46:12.205 [JettyServerThreadPool-36] DEBUG org.eclipse.jetty.io.ManagedSelector -- Selector sun.nio.ch.WEPollSelectorImpl@6e9ba078 woken up from select, 0/0/1 selected
13:46:12.205 [JettyServerThreadPool-36] DEBUG org.eclipse.jetty.io.ManagedSelector -- Selector sun.nio.ch.WEPollSelectorImpl@6e9ba078 processing 0 keys, 2 updates
13:46:12.205 [JettyServerThreadPool-36] DEBUG org.eclipse.jetty.io.ManagedSelector -- updateable 2
13:46:12.205 [JettyServerThreadPool-41] DEBUG org.eclipse.jetty.io.ManagedSelector -- Created SocketChannelEndPoint@376dc932[{l=/127.0.0.1:50243,r=/127.0.0.1:50247,OPEN,fill=FI,flush=-,to=0/30000}{io=0/1,kio=0,kro=0}]->[HttpConnection@6d01cb26[p=HttpParser{s=START,0 of -1},g=HttpGenerator@72940388{s=START}]=>HttpChannelOverHttp@2bd1adfd{s=HttpChannelState@53bc62f3{s=IDLE rs=BLOCKING os=OPEN is=IDLE awp=false se=false i=true al=0},r=0,c=false/false,a=IDLE,uri=null,age=0}]
13:46:12.205 [JettyServerThreadPool-36] DEBUG org.eclipse.jetty.io.ManagedSelector -- update org.eclipse.jetty.io.ManagedSelector$$Lambda/0x00000223903bb790@6597dedc
13:46:12.205 [JettyServerThreadPool-41] DEBUG org.eclipse.jetty.util.thread.QueuedThreadPool -- ran Accept@5a6c492c[java.nio.channels.SocketChannel[connected local=/127.0.0.1:50243 remote=/127.0.0.1:50247]] in QueuedThreadPool[JettyServerThreadPool]@3051e0b2{STARTED,8<=8<=250,i=0,r=-1,t=59111ms,q=0}[ReservedThreadExecutor@39008c9f{reserved=0/12,pending=0}]
13:46:12.205 [JettyServerThreadPool-36] DEBUG org.eclipse.jetty.io.ManagedSelector -- update org.eclipse.jetty.io.SelectableChannelEndPoint$$Lambda/0x00000223903acc50@4b8bb825
13:46:12.205 [JettyServerThreadPool-41] DEBUG org.eclipse.jetty.util.thread.QueuedThreadPool -- Evict skipped, no excess threads QueuedThreadPool[JettyServerThreadPool]@3051e0b2{STARTED,8<=8<=250,i=1,r=-1,t=59110ms,q=0}[ReservedThreadExecutor@39008c9f{reserved=0/12,pending=0}]
13:46:12.205 [JettyServerThreadPool-36] DEBUG org.eclipse.jetty.io.SelectableChannelEndPoint -- Key interests updated 0 -> 1 on SocketChannelEndPoint@376dc932[{l=/127.0.0.1:50243,r=/127.0.0.1:50247,OPEN,fill=FI,flush=-,to=1/30000}{io=1/1,kio=1,kro=0}]->[HttpConnection@6d01cb26[p=HttpParser{s=START,0 of -1},g=HttpGenerator@72940388{s=START}]=>HttpChannelOverHttp@2bd1adfd{s=HttpChannelState@53bc62f3{s=IDLE rs=BLOCKING os=OPEN is=IDLE awp=false se=false i=true al=0},r=0,c=false/false,a=IDLE,uri=null,age=0}]
13:46:12.205 [JettyServerThreadPool-36] DEBUG org.eclipse.jetty.io.ManagedSelector -- updates 0
13:46:12.205 [JettyServerThreadPool-36] DEBUG org.eclipse.jetty.io.ManagedSelector -- Selector sun.nio.ch.WEPollSelectorImpl@6e9ba078 waiting with 1 keys
13:46:12.205 [JettyServerThreadPool-36] DEBUG org.eclipse.jetty.io.ManagedSelector -- Selector sun.nio.ch.WEPollSelectorImpl@6e9ba078 woken up from select, 1/1/1 selected
13:46:12.205 [JettyServerThreadPool-36] DEBUG org.eclipse.jetty.io.ManagedSelector -- Selector sun.nio.ch.WEPollSelectorImpl@6e9ba078 processing 1 keys, 0 updates
13:46:12.205 [JettyServerThreadPool-36] DEBUG org.eclipse.jetty.io.ManagedSelector -- selected 1 channel=java.nio.channels.SocketChannel[connected local=/127.0.0.1:50243 remote=/127.0.0.1:50247], selector=sun.nio.ch.WEPollSelectorImpl@6e9ba078, interestOps=1, readyOps=1 SocketChannelEndPoint@376dc932[{l=/127.0.0.1:50243,r=/127.0.0.1:50247,OPEN,fill=FI,flush=-,to=1/30000}{io=1/1,kio=1,kro=1}]->[HttpConnection@6d01cb26[p=HttpParser{s=START,0 of -1},g=HttpGenerator@72940388{s=START}]=>HttpChannelOverHttp@2bd1adfd{s=HttpChannelState@53bc62f3{s=IDLE rs=BLOCKING os=OPEN is=IDLE awp=false se=false i=true al=0},r=0,c=false/false,a=IDLE,uri=null,age=0}] 
13:46:12.205 [JettyServerThreadPool-36] DEBUG org.eclipse.jetty.io.SelectableChannelEndPoint -- onSelected 1->0 r=true w=false for SocketChannelEndPoint@376dc932[{l=/127.0.0.1:50243,r=/127.0.0.1:50247,OPEN,fill=FI,flush=-,to=1/30000}{io=1/0,kio=1,kro=1}]->[HttpConnection@6d01cb26[p=HttpParser{s=START,0 of -1},g=HttpGenerator@72940388{s=START}]=>HttpChannelOverHttp@2bd1adfd{s=HttpChannelState@53bc62f3{s=IDLE rs=BLOCKING os=OPEN is=IDLE awp=false se=false i=true al=0},r=0,c=false/false,a=IDLE,uri=null,age=0}]
13:46:12.205 [JettyServerThreadPool-36] DEBUG org.eclipse.jetty.io.SelectableChannelEndPoint -- task SocketChannelEndPoint@376dc932[{l=/127.0.0.1:50243,r=/127.0.0.1:50247,OPEN,fill=FI,flush=-,to=2/30000}{io=1/0,kio=1,kro=1}]->[HttpConnection@6d01cb26[p=HttpParser{s=START,0 of -1},g=HttpGenerator@72940388{s=START}]=>HttpChannelOverHttp@2bd1adfd{s=HttpChannelState@53bc62f3{s=IDLE rs=BLOCKING os=OPEN is=IDLE awp=false se=false i=true al=0},r=0,c=false/false,a=IDLE,uri=null,age=0}]:runFillable:BLOCKING
13:46:12.205 [JettyServerThreadPool-36] DEBUG org.eclipse.jetty.util.thread.ReservedThreadExecutor -- ReservedThreadExecutor@39008c9f{reserved=0/12,pending=0} tryExecute AdaptiveExecutionStrategy@17b6d426/SelectorProducer@5580d62f/PRODUCING/p=false/QueuedThreadPool[JettyServerThreadPool]@3051e0b2{STARTED,8<=8<=250,i=1,r=-1,t=59109ms,q=0}[ReservedThreadExecutor@39008c9f{reserved=0/12,pending=0}][pc=0,pic=0,pec=0,epc=0]@2025-08-19T13:46:12.2056251-03:00
13:46:12.205 [JettyServerThreadPool-36] DEBUG org.eclipse.jetty.util.thread.ReservedThreadExecutor -- ReservedThreadExecutor@39008c9f{reserved=0/12,pending=1} startReservedThread p=1
13:46:12.205 [JettyServerThreadPool-36] DEBUG org.eclipse.jetty.util.thread.QueuedThreadPool -- queue ReservedThread@5530c795{PENDING,thread=null} startThread=0
13:46:12.205 [JettyServerThreadPool-41] DEBUG org.eclipse.jetty.util.thread.QueuedThreadPool -- run ReservedThread@5530c795{PENDING,thread=null} in QueuedThreadPool[JettyServerThreadPool]@3051e0b2{STARTED,8<=8<=250,i=0,r=-1,t=59107ms,q=0}[ReservedThreadExecutor@39008c9f{reserved=0/12,pending=1}]
13:46:12.205 [JettyServerThreadPool-41] DEBUG org.eclipse.jetty.util.thread.ReservedThreadExecutor -- ReservedThread@5530c795{PENDING,thread=Thread[#41,JettyServerThreadPool-41,5,main]} was=PENDING next=RESERVED size=0+1 capacity=12
13:46:12.205 [JettyServerThreadPool-41] DEBUG org.eclipse.jetty.util.thread.ReservedThreadExecutor -- ReservedThread@5530c795{RESERVED,thread=Thread[#41,JettyServerThreadPool-41,5,main]} waiting ReservedThreadExecutor@39008c9f{reserved=1/12,pending=0}
13:46:12.205 [JettyServerThreadPool-36] DEBUG org.eclipse.jetty.util.thread.strategy.AdaptiveExecutionStrategy -- ss=PRODUCE_EXECUTE_CONSUME t=SocketChannelEndPoint@376dc932[{l=/127.0.0.1:50243,r=/127.0.0.1:50247,OPEN,fill=FI,flush=-,to=5/30000}{io=1/0,kio=1,kro=1}]->[HttpConnection@6d01cb26[p=HttpParser{s=START,0 of -1},g=HttpGenerator@72940388{s=START}]=>HttpChannelOverHttp@2bd1adfd{s=HttpChannelState@53bc62f3{s=IDLE rs=BLOCKING os=OPEN is=IDLE awp=false se=false i=true al=0},r=0,c=false/false,a=IDLE,uri=null,age=0}]:runFillable:BLOCKING/BLOCKING AdaptiveExecutionStrategy@17b6d426/SelectorProducer@5580d62f/PRODUCING/p=false/QueuedThreadPool[JettyServerThreadPool]@3051e0b2{STARTED,8<=8<=250,i=0,r=-1,t=59106ms,q=0}[ReservedThreadExecutor@39008c9f{reserved=1/12,pending=0}][pc=0,pic=0,pec=0,epc=0]@2025-08-19T13:46:12.2056251-03:00
13:46:12.205 [JettyServerThreadPool-36] DEBUG org.eclipse.jetty.util.thread.QueuedThreadPool -- queue SocketChannelEndPoint@376dc932[{l=/127.0.0.1:50243,r=/127.0.0.1:50247,OPEN,fill=FI,flush=-,to=5/30000}{io=1/0,kio=1,kro=1}]->[HttpConnection@6d01cb26[p=HttpParser{s=START,0 of -1},g=HttpGenerator@72940388{s=START}]=>HttpChannelOverHttp@2bd1adfd{s=HttpChannelState@53bc62f3{s=IDLE rs=BLOCKING os=OPEN is=IDLE awp=false se=false i=true al=0},r=0,c=false/false,a=IDLE,uri=null,age=0}]:runFillable:BLOCKING startThread=1
13:46:12.205 [JettyServerThreadPool-36] DEBUG org.eclipse.jetty.util.thread.QueuedThreadPool -- Starting Thread[#52,JettyServerThreadPool-52,5,main]
13:46:12.205 [JettyServerThreadPool-36] DEBUG org.eclipse.jetty.io.ManagedSelector -- updateable 0
13:46:12.205 [JettyServerThreadPool-36] DEBUG org.eclipse.jetty.io.ManagedSelector -- updates 0
13:46:12.205 [JettyServerThreadPool-36] DEBUG org.eclipse.jetty.io.SelectableChannelEndPoint -- Key interests updated 1 -> 0 on SocketChannelEndPoint@376dc932[{l=/127.0.0.1:50243,r=/127.0.0.1:50247,OPEN,fill=FI,flush=-,to=7/30000}{io=0/0,kio=0,kro=1}]->[HttpConnection@6d01cb26[p=HttpParser{s=START,0 of -1},g=HttpGenerator@72940388{s=START}]=>HttpChannelOverHttp@2bd1adfd{s=HttpChannelState@53bc62f3{s=IDLE rs=BLOCKING os=OPEN is=IDLE awp=false se=false i=true al=0},r=0,c=false/false,a=IDLE,uri=null,age=0}]
13:46:12.205 [JettyServerThreadPool-36] DEBUG org.eclipse.jetty.io.ManagedSelector -- Selector sun.nio.ch.WEPollSelectorImpl@6e9ba078 waiting with 1 keys
13:46:12.205 [JettyServerThreadPool-52] DEBUG org.eclipse.jetty.util.thread.QueuedThreadPool -- Runner started for QueuedThreadPool[JettyServerThreadPool]@3051e0b2{STARTED,8<=9<=250,i=0,r=-1,t=59998ms,q=0}[ReservedThreadExecutor@39008c9f{reserved=1/12,pending=0}]
13:46:12.205 [JettyServerThreadPool-52] DEBUG org.eclipse.jetty.util.thread.QueuedThreadPool -- run SocketChannelEndPoint@376dc932[{l=/127.0.0.1:50243,r=/127.0.0.1:50247,OPEN,fill=FI,flush=-,to=8/30000}{io=0/0,kio=0,kro=1}]->[HttpConnection@6d01cb26[p=HttpParser{s=START,0 of -1},g=HttpGenerator@72940388{s=START}]=>HttpChannelOverHttp@2bd1adfd{s=HttpChannelState@53bc62f3{s=IDLE rs=BLOCKING os=OPEN is=IDLE awp=false se=false i=true al=0},r=0,c=false/false,a=IDLE,uri=null,age=0}]:runFillable:BLOCKING in QueuedThreadPool[JettyServerThreadPool]@3051e0b2{STARTED,8<=9<=250,i=0,r=-1,t=59998ms,q=0}[ReservedThreadExecutor@39008c9f{reserved=1/12,pending=0}]
13:46:12.205 [JettyServerThreadPool-52] DEBUG org.eclipse.jetty.io.FillInterest -- fillable FillInterest@5bf12862{ReadCallback@10b1f5d1{HttpConnection@6d01cb26::SocketChannelEndPoint@376dc932[{l=/127.0.0.1:50243,r=/127.0.0.1:50247,OPEN,fill=FI,flush=-,to=8/30000}{io=0/0,kio=0,kro=1}]->[HttpConnection@6d01cb26[p=HttpParser{s=START,0 of -1},g=HttpGenerator@72940388{s=START}]=>HttpChannelOverHttp@2bd1adfd{s=HttpChannelState@53bc62f3{s=IDLE rs=BLOCKING os=OPEN is=IDLE awp=false se=false i=true al=0},r=0,c=false/false,a=IDLE,uri=null,age=0}]}}
13:46:12.205 [JettyServerThreadPool-52] DEBUG org.eclipse.jetty.server.HttpConnection -- HttpConnection@6d01cb26::SocketChannelEndPoint@376dc932[{l=/127.0.0.1:50243,r=/127.0.0.1:50247,OPEN,fill=-,flush=-,to=8/30000}{io=0/0,kio=0,kro=1}]->[HttpConnection@6d01cb26[p=HttpParser{s=START,0 of -1},g=HttpGenerator@72940388{s=START}]=>HttpChannelOverHttp@2bd1adfd{s=HttpChannelState@53bc62f3{s=IDLE rs=BLOCKING os=OPEN is=IDLE awp=false se=false i=true al=0},r=0,c=false/false,a=IDLE,uri=null,age=0}] onFillable enter HttpChannelState@53bc62f3{s=IDLE rs=BLOCKING os=OPEN is=IDLE awp=false se=false i=true al=0} null
13:46:12.205 [JettyServerThreadPool-52] DEBUG org.eclipse.jetty.util.Pool -- RetainedBucket@71ea543a[inUse=0,size=1,max=-1,closed=false]{capacity=8192,inuse=0(0%)} returning new reserved entry MonoEntry@75d5dedf{PENDING,pooled=null}
13:46:12.221 [JettyServerThreadPool-52] DEBUG org.eclipse.jetty.io.SocketChannelEndPoint -- filled 313 DirectByteBuffer@54b61d1f[p=0,l=313,c=8192,r=313]={<<<POST /print HTTP/1.1\r\nCon..."labelType":"STANDARD"}>>>\x00\x00\x00\x00\x00\x00\x00\x00\x00...\x00\x00\x00\x00\x00\x00\x00}
13:46:12.221 [JettyServerThreadPool-52] DEBUG org.eclipse.jetty.server.HttpConnection -- HttpConnection@6d01cb26::SocketChannelEndPoint@376dc932[{l=/127.0.0.1:50243,r=/127.0.0.1:50247,OPEN,fill=-,flush=-,to=0/30000}{io=0/0,kio=0,kro=1}]->[HttpConnection@6d01cb26[p=HttpParser{s=START,0 of -1},g=HttpGenerator@72940388{s=START}]=>HttpChannelOverHttp@2bd1adfd{s=HttpChannelState@53bc62f3{s=IDLE rs=BLOCKING os=OPEN is=IDLE awp=false se=false i=true al=0},r=0,c=false/false,a=IDLE,uri=null,age=0}] filled 313 RetainableByteBuffer@6e57ecdc{DirectByteBuffer@54b61d1f[p=0,l=313,c=8192,r=313]={<<<POST /print HTTP/1.1\r\nCon..."labelType":"STANDARD"}>>>\x00\x00\x00\x00\x00\x00\x00\x00\x00...\x00\x00\x00\x00\x00\x00\x00},r=1}
13:46:12.221 [JettyServerThreadPool-52] DEBUG org.eclipse.jetty.server.HttpConnection -- HttpConnection@6d01cb26::SocketChannelEndPoint@376dc932[{l=/127.0.0.1:50243,r=/127.0.0.1:50247,OPEN,fill=-,flush=-,to=0/30000}{io=0/0,kio=0,kro=1}]->[HttpConnection@6d01cb26[p=HttpParser{s=START,0 of -1},g=HttpGenerator@72940388{s=START}]=>HttpChannelOverHttp@2bd1adfd{s=HttpChannelState@53bc62f3{s=IDLE rs=BLOCKING os=OPEN is=IDLE awp=false se=false i=true al=0},r=0,c=false/false,a=IDLE,uri=null,age=0}] parse RetainableByteBuffer@6e57ecdc{DirectByteBuffer@54b61d1f[p=0,l=313,c=8192,r=313]={<<<POST /print HTTP/1.1\r\nCon..."labelType":"STANDARD"}>>>\x00\x00\x00\x00\x00\x00\x00\x00\x00...\x00\x00\x00\x00\x00\x00\x00},r=1}
13:46:12.221 [JettyServerThreadPool-52] DEBUG org.eclipse.jetty.http.HttpParser -- parseNext s=START DirectByteBuffer@54b61d1f[p=0,l=313,c=8192,r=313]={<<<POST /print HTTP/1.1\r\nCon..."labelType":"STANDARD"}>>>\x00\x00\x00\x00\x00\x00\x00\x00\x00...\x00\x00\x00\x00\x00\x00\x00}
13:46:12.221 [JettyServerThreadPool-52] DEBUG org.eclipse.jetty.http.HttpParser -- START --> SPACE1
13:46:12.221 [JettyServerThreadPool-52] DEBUG org.eclipse.jetty.http.HttpParser -- SPACE1 --> URI
13:46:12.221 [JettyServerThreadPool-52] DEBUG org.eclipse.jetty.http.HttpParser -- URI --> SPACE2
13:46:12.221 [JettyServerThreadPool-52] DEBUG org.eclipse.jetty.http.HttpParser -- SPACE2 --> REQUEST_VERSION
13:46:12.221 [JettyServerThreadPool-52] DEBUG org.eclipse.jetty.http.HttpParser -- REQUEST_VERSION --> HEADER
13:46:12.221 [JettyServerThreadPool-52] DEBUG org.eclipse.jetty.http.HttpParser -- HEADER:Connection --> IN_VALUE
13:46:12.221 [JettyServerThreadPool-52] DEBUG org.eclipse.jetty.http.HttpParser -- HEADER:Connection --> FIELD
13:46:12.221 [JettyServerThreadPool-52] DEBUG org.eclipse.jetty.http.HttpParser -- parsedHeader(Connection: Upgrade, HTTP2-Settings) header=Connection, headerString=[Connection], valueString=[Upgrade, HTTP2-Settings]
13:46:12.221 [JettyServerThreadPool-52] DEBUG org.eclipse.jetty.http.HttpParser -- HEADER:Content-Length --> VALUE
13:46:12.221 [JettyServerThreadPool-52] DEBUG org.eclipse.jetty.http.HttpParser -- HEADER:Content-Length --> IN_VALUE
13:46:12.221 [JettyServerThreadPool-52] DEBUG org.eclipse.jetty.http.HttpParser -- HEADER:Content-Length --> FIELD
13:46:12.221 [JettyServerThreadPool-52] DEBUG org.eclipse.jetty.http.HttpParser -- parsedHeader(null) header=Content-Length, headerString=[Content-Length], valueString=[60]
13:46:12.221 [JettyServerThreadPool-52] DEBUG org.eclipse.jetty.http.HttpParser -- HEADER:Host --> VALUE
13:46:12.221 [JettyServerThreadPool-52] DEBUG org.eclipse.jetty.http.HttpParser -- HEADER:Host --> IN_VALUE
13:46:12.221 [JettyServerThreadPool-52] DEBUG org.eclipse.jetty.http.HttpParser -- HEADER:Host --> FIELD
13:46:12.221 [JettyServerThreadPool-52] DEBUG org.eclipse.jetty.http.HttpParser -- parsedHeader(Host: localhost:50243) header=Host, headerString=[Host], valueString=[localhost:50243]
13:46:12.221 [JettyServerThreadPool-52] DEBUG org.eclipse.jetty.http.HttpParser -- HEADER:HTTP2-Settings --> VALUE
13:46:12.221 [JettyServerThreadPool-52] DEBUG org.eclipse.jetty.http.HttpParser -- HEADER:HTTP2-Settings --> IN_VALUE
13:46:12.221 [JettyServerThreadPool-52] DEBUG org.eclipse.jetty.http.HttpParser -- HEADER:HTTP2-Settings --> FIELD
13:46:12.221 [JettyServerThreadPool-52] DEBUG org.eclipse.jetty.http.HttpParser -- parsedHeader(null) header=HTTP2-Settings, headerString=[HTTP2-Settings], valueString=[AAEAAEAAAAIAAAAAAAMAAAAAAAQBAAAAAAUAAEAAAAYABgAA]
13:46:12.221 [JettyServerThreadPool-52] DEBUG org.eclipse.jetty.http.HttpParser -- HEADER:Upgrade --> VALUE
13:46:12.221 [JettyServerThreadPool-52] DEBUG org.eclipse.jetty.http.HttpParser -- HEADER:Upgrade --> IN_VALUE
13:46:12.221 [JettyServerThreadPool-52] DEBUG org.eclipse.jetty.http.HttpParser -- HEADER:Upgrade --> FIELD
13:46:12.221 [JettyServerThreadPool-52] DEBUG org.eclipse.jetty.http.HttpParser -- parsedHeader(null) header=Upgrade, headerString=[Upgrade], valueString=[h2c]
13:46:12.221 [JettyServerThreadPool-52] DEBUG org.eclipse.jetty.http.HttpParser -- HEADER:User-Agent --> VALUE
13:46:12.221 [JettyServerThreadPool-52] DEBUG org.eclipse.jetty.http.HttpParser -- HEADER:User-Agent --> IN_VALUE
13:46:12.221 [JettyServerThreadPool-52] DEBUG org.eclipse.jetty.http.HttpParser -- HEADER:User-Agent --> FIELD
13:46:12.221 [JettyServerThreadPool-52] DEBUG org.eclipse.jetty.http.HttpParser -- parsedHeader(User-Agent: Java-http-client/21.0.7) header=User-Agent, headerString=[User-Agent], valueString=[Java-http-client/21.0.7]
13:46:12.221 [JettyServerThreadPool-52] DEBUG org.eclipse.jetty.http.HttpParser -- HEADER:Content-Type: application/json --> IN_VALUE
13:46:12.221 [JettyServerThreadPool-52] DEBUG org.eclipse.jetty.http.HttpParser -- HEADER:Content-Type: application/json --> FIELD
13:46:12.221 [JettyServerThreadPool-52] DEBUG org.eclipse.jetty.http.HttpParser -- parsedHeader(Content-Type: application/json) header=Content-Type, headerString=[Content-Type], valueString=[application/json]
13:46:12.221 [JettyServerThreadPool-52] DEBUG org.eclipse.jetty.http.HttpParser -- HEADER --> CONTENT
13:46:12.221 [JettyServerThreadPool-52] DEBUG org.eclipse.jetty.server.HttpInput -- reopen HttpInput@1539746783 cs=HttpChannelState@53bc62f3{s=IDLE rs=BLOCKING os=OPEN is=IDLE awp=false se=false i=true al=0} cp=org.eclipse.jetty.server.BlockingContentProducer@7172dc5f eof=false
13:46:12.221 [JettyServerThreadPool-52] DEBUG org.eclipse.jetty.server.BlockingContentProducer -- reopening org.eclipse.jetty.server.BlockingContentProducer@7172dc5f
13:46:12.221 [JettyServerThreadPool-52] DEBUG org.eclipse.jetty.server.AsyncContentProducer -- reopening AsyncContentProducer@17d4aa80[r=null,t=null,i=null,error=false,c=HttpChannelOverHttp@2bd1adfd{s=HttpChannelState@53bc62f3{s=IDLE rs=BLOCKING os=OPEN is=IDLE awp=false se=false i=true al=0},r=1,c=false/false,a=IDLE,uri=null,age=0}]
13:46:12.221 [JettyServerThreadPool-52] DEBUG org.eclipse.jetty.server.HttpChannel -- REQUEST for /print on HttpChannelOverHttp@2bd1adfd{s=HttpChannelState@53bc62f3{s=IDLE rs=BLOCKING os=OPEN is=IDLE awp=false se=false i=true al=0},r=1,c=false/false,a=IDLE,uri=http://localhost:50243/print,age=0}
POST /print HTTP/1.1
Connection: Upgrade, HTTP2-Settings
Content-Length: 60
Host: localhost:50243
HTTP2-Settings: AAEAAEAAAAIAAAAAAAMAAAAAAAQBAAAAAAUAAEAAAAYABgAA
Upgrade: h2c
User-Agent: Java-http-client/21.0.7
Content-Type: application/json


13:46:12.221 [JettyServerThreadPool-52] DEBUG org.eclipse.jetty.server.HttpChannelOverHttp -- upgrade HttpChannelOverHttp@2bd1adfd{s=HttpChannelState@53bc62f3{s=IDLE rs=BLOCKING os=OPEN is=IDLE awp=false se=false i=true al=0},r=1,c=false/false,a=IDLE,uri=http://localhost:50243/print,age=0} Upgrade: h2c
13:46:12.221 [JettyServerThreadPool-52] DEBUG org.eclipse.jetty.server.HttpChannelOverHttp -- No factory for Upgrade: h2c in ServerConnector@7c1c5936{HTTP/1.1, (http/1.1)}{0.0.0.0:50243}
13:46:12.237 [JettyServerThreadPool-52] DEBUG org.eclipse.jetty.server.HttpConnection -- HttpConnection@6d01cb26::SocketChannelEndPoint@376dc932[{l=/127.0.0.1:50243,r=/127.0.0.1:50247,OPEN,fill=-,flush=-,to=13/30000}{io=0/0,kio=0,kro=1}]->[HttpConnection@6d01cb26[p=HttpParser{s=CONTENT,0 of 60},g=HttpGenerator@72940388{s=START}]=>HttpChannelOverHttp@2bd1adfd{s=HttpChannelState@53bc62f3{s=IDLE rs=BLOCKING os=OPEN is=IDLE awp=false se=false i=true al=0},r=1,c=false/false,a=IDLE,uri=http://localhost:50243/print,age=16}] parsed true HttpParser{s=CONTENT,0 of 60}
13:46:12.237 [JettyServerThreadPool-52] DEBUG org.eclipse.jetty.server.HttpChannel -- handle http://localhost:50243/print HttpChannelOverHttp@2bd1adfd{s=HttpChannelState@53bc62f3{s=IDLE rs=BLOCKING os=OPEN is=IDLE awp=false se=false i=true al=0},r=1,c=false/false,a=IDLE,uri=http://localhost:50243/print,age=16} 
13:46:12.237 [JettyServerThreadPool-52] DEBUG org.eclipse.jetty.server.HttpChannelState -- handling HttpChannelState@53bc62f3{s=IDLE rs=BLOCKING os=OPEN is=IDLE awp=false se=false i=true al=0}
13:46:12.237 [JettyServerThreadPool-52] DEBUG org.eclipse.jetty.server.HttpChannel -- action DISPATCH HttpChannelOverHttp@2bd1adfd{s=HttpChannelState@53bc62f3{s=HANDLING rs=BLOCKING os=OPEN is=IDLE awp=false se=false i=true al=0},r=1,c=false/false,a=HANDLING,uri=http://localhost:50243/print,age=16}
13:46:12.237 [JettyServerThreadPool-52] DEBUG org.eclipse.jetty.server.Server -- REQUEST POST /print ?null on HttpChannelOverHttp@2bd1adfd{s=HttpChannelState@53bc62f3{s=HANDLING rs=BLOCKING os=OPEN is=IDLE awp=false se=false i=true al=0},r=1,c=false/false,a=HANDLING,uri=http://localhost:50243/print,age=16}
13:46:12.237 [JettyServerThreadPool-52] DEBUG org.eclipse.jetty.server.handler.ContextHandler -- scope null||/print @ o.e.j.s.ServletContextHandler@5136207f{/,null,AVAILABLE}
13:46:12.237 [JettyServerThreadPool-52] DEBUG org.eclipse.jetty.server.handler.ContextHandler -- context=||/print @ o.e.j.s.ServletContextHandler@5136207f{/,null,AVAILABLE}
13:46:12.237 [JettyServerThreadPool-52] DEBUG org.eclipse.jetty.server.session.SessionHandler -- Entering scope org.eclipse.jetty.server.session.SessionHandler418299920==dftMaxIdleSec=-1, dispatch=REQUEST asyncstarted=false
13:46:12.237 [JettyServerThreadPool-52] DEBUG org.eclipse.jetty.server.session.SessionHandler -- sessionHandler=org.eclipse.jetty.server.session.SessionHandler418299920==dftMaxIdleSec=-1 session=null
13:46:12.241 [JettyServerThreadPool-52] DEBUG org.eclipse.jetty.servlet.ServletHandler -- servlet ||/print|ServletPathMapping{matchValue=, pattern=/*, servletName=io.javalin.jetty.JavalinJettyServlet-b016b4e, mappingMatch=PATH, servletPath=, pathInfo=/print} -> io.javalin.jetty.JavalinJettyServlet-b016b4e==io.javalin.jetty.JavalinJettyServlet@23d44d92{jsp=null,order=-1,inst=true,async=true,src=EMBEDDED:null,STARTED}
13:46:12.248 [JettyServerThreadPool-52] DEBUG org.eclipse.jetty.servlet.ServletHandler -- chain=null
13:46:12.268 [JettyServerThreadPool-52] DEBUG org.eclipse.jetty.server.AsyncContentProducer -- nextTransformedContent AsyncContentProducer@17d4aa80[r=null,t=null,i=null,error=false,c=HttpChannelOverHttp@2bd1adfd{s=HttpChannelState@53bc62f3{s=HANDLING rs=BLOCKING os=OPEN is=IDLE awp=false se=false i=true al=0},r=1,c=false/false,a=HANDLING,uri=http://localhost:50243/print,age=47}]
13:46:12.268 [JettyServerThreadPool-52] DEBUG org.eclipse.jetty.server.AsyncContentProducer -- producing new raw content AsyncContentProducer@17d4aa80[r=null,t=null,i=null,error=false,c=HttpChannelOverHttp@2bd1adfd{s=HttpChannelState@53bc62f3{s=HANDLING rs=BLOCKING os=OPEN is=IDLE awp=false se=false i=true al=0},r=1,c=false/false,a=HANDLING,uri=http://localhost:50243/print,age=47}]
13:46:12.268 [JettyServerThreadPool-52] DEBUG org.eclipse.jetty.server.HttpChannelOverHttp -- produceContent has no content, parsing and filling
13:46:12.268 [JettyServerThreadPool-52] DEBUG org.eclipse.jetty.server.HttpConnection -- HttpConnection@6d01cb26::SocketChannelEndPoint@376dc932[{l=/127.0.0.1:50243,r=/127.0.0.1:50247,OPEN,fill=-,flush=-,to=54/30000}{io=0/0,kio=0,kro=1}]->[HttpConnection@6d01cb26[p=HttpParser{s=CONTENT,0 of 60},g=HttpGenerator@72940388{s=START}]=>HttpChannelOverHttp@2bd1adfd{s=HttpChannelState@53bc62f3{s=HANDLING rs=BLOCKING os=OPEN is=IDLE awp=false se=false i=true al=0},r=1,c=false/false,a=HANDLING,uri=http://localhost:50243/print,age=47}] parse RetainableByteBuffer@6e57ecdc{DirectByteBuffer@54b61d1f[p=253,l=313,c=8192,r=60]={POST /pri...son\r\n\r\n<<<{"text":"TESTE-SIMPLES","..."labelType":"STANDARD"}>>>\x00\x00\x00\x00\x00\x00\x00\x00\x00...\x00\x00\x00\x00\x00\x00\x00},r=1}
13:46:12.268 [JettyServerThreadPool-52] DEBUG org.eclipse.jetty.http.HttpParser -- parseNext s=CONTENT DirectByteBuffer@54b61d1f[p=253,l=313,c=8192,r=60]={POST /pri...son\r\n\r\n<<<{"text":"TESTE-SIMPLES","..."labelType":"STANDARD"}>>>\x00\x00\x00\x00\x00\x00\x00\x00\x00...\x00\x00\x00\x00\x00\x00\x00}
13:46:12.268 [JettyServerThreadPool-52] DEBUG org.eclipse.jetty.server.HttpChannel -- onContent HttpChannelOverHttp@2bd1adfd{s=HttpChannelState@53bc62f3{s=HANDLING rs=BLOCKING os=OPEN is=IDLE awp=false se=false i=true al=0},r=1,c=false/false,a=HANDLING,uri=http://localhost:50243/print,age=47} Content@41a9b538{DirectByteBufferR@328e1bc9[p=253,l=313,c=8192,r=60]={POST /pri...son\r\n\r\n<<<{"text":"TESTE-SIMPLES","..."labelType":"STANDARD"}>>>\x00\x00\x00\x00\x00\x00\x00\x00\x00...\x00\x00\x00\x00\x00\x00\x00},spc=false,eof=false,err=null}
13:46:12.268 [JettyServerThreadPool-52] DEBUG org.eclipse.jetty.server.HttpConnection -- HttpConnection@6d01cb26::SocketChannelEndPoint@376dc932[{l=/127.0.0.1:50243,r=/127.0.0.1:50247,OPEN,fill=-,flush=-,to=55/30000}{io=0/0,kio=0,kro=1}]->[HttpConnection@6d01cb26[p=HttpParser{s=CONTENT,60 of 60},g=HttpGenerator@72940388{s=START}]=>HttpChannelOverHttp@2bd1adfd{s=HttpChannelState@53bc62f3{s=HANDLING rs=BLOCKING os=OPEN is=IDLE awp=false se=false i=true al=0},r=1,c=false/false,a=HANDLING,uri=http://localhost:50243/print,age=47}] parsed true HttpParser{s=CONTENT,60 of 60}
13:46:12.268 [JettyServerThreadPool-52] DEBUG org.eclipse.jetty.server.HttpChannelOverHttp -- produceContent produced Content@41a9b538{DirectByteBufferR@328e1bc9[p=253,l=313,c=8192,r=60]={POST /pri...son\r\n\r\n<<<{"text":"TESTE-SIMPLES","..."labelType":"STANDARD"}>>>\x00\x00\x00\x00\x00\x00\x00\x00\x00...\x00\x00\x00\x00\x00\x00\x00},spc=false,eof=false,err=null}
13:46:12.268 [JettyServerThreadPool-52] DEBUG org.eclipse.jetty.server.AsyncContentProducer -- produceRawContent updated rawContentArrived to 60 and firstByteTimeStamp to 5158449793900 AsyncContentProducer@17d4aa80[r=null,t=null,i=null,error=false,c=HttpChannelOverHttp@2bd1adfd{s=HttpChannelState@53bc62f3{s=HANDLING rs=BLOCKING os=OPEN is=IDLE awp=false se=false i=true al=0},r=1,c=false/false,a=HANDLING,uri=http://localhost:50243/print,age=47}]
13:46:12.268 [JettyServerThreadPool-52] DEBUG org.eclipse.jetty.server.AsyncContentProducer -- produceRawContent produced Content@41a9b538{DirectByteBufferR@328e1bc9[p=253,l=313,c=8192,r=60]={POST /pri...son\r\n\r\n<<<{"text":"TESTE-SIMPLES","..."labelType":"STANDARD"}>>>\x00\x00\x00\x00\x00\x00\x00\x00\x00...\x00\x00\x00\x00\x00\x00\x00},spc=false,eof=false,err=null} AsyncContentProducer@17d4aa80[r=null,t=null,i=null,error=false,c=HttpChannelOverHttp@2bd1adfd{s=HttpChannelState@53bc62f3{s=HANDLING rs=BLOCKING os=OPEN is=IDLE awp=false se=false i=true al=0},r=1,c=false/false,a=HANDLING,uri=http://localhost:50243/print,age=47}]
13:46:12.268 [JettyServerThreadPool-52] DEBUG org.eclipse.jetty.server.AsyncContentProducer -- transforming raw content AsyncContentProducer@17d4aa80[r=Content@41a9b538{DirectByteBufferR@328e1bc9[p=253,l=313,c=8192,r=60]={POST /pri...son\r\n\r\n<<<{"text":"TESTE-SIMPLES","..."labelType":"STANDARD"}>>>\x00\x00\x00\x00\x00\x00\x00\x00\x00...\x00\x00\x00\x00\x00\x00\x00},spc=false,eof=false,err=null},t=null,i=null,error=false,c=HttpChannelOverHttp@2bd1adfd{s=HttpChannelState@53bc62f3{s=HANDLING rs=BLOCKING os=OPEN is=IDLE awp=false se=false i=true al=0},r=1,c=false/false,a=HANDLING,uri=http://localhost:50243/print,age=47}]
13:46:12.268 [JettyServerThreadPool-52] DEBUG org.eclipse.jetty.server.AsyncContentProducer -- no interceptor, transformed content is raw content AsyncContentProducer@17d4aa80[r=Content@41a9b538{DirectByteBufferR@328e1bc9[p=253,l=313,c=8192,r=60]={POST /pri...son\r\n\r\n<<<{"text":"TESTE-SIMPLES","..."labelType":"STANDARD"}>>>\x00\x00\x00\x00\x00\x00\x00\x00\x00...\x00\x00\x00\x00\x00\x00\x00},spc=false,eof=false,err=null},t=null,i=null,error=false,c=HttpChannelOverHttp@2bd1adfd{s=HttpChannelState@53bc62f3{s=HANDLING rs=BLOCKING os=OPEN is=IDLE awp=false se=false i=true al=0},r=1,c=false/false,a=HANDLING,uri=http://localhost:50243/print,age=47}]
13:46:12.268 [JettyServerThreadPool-52] DEBUG org.eclipse.jetty.server.AsyncContentProducer -- transformed content not yet depleted, returning it AsyncContentProducer@17d4aa80[r=Content@41a9b538{DirectByteBufferR@328e1bc9[p=253,l=313,c=8192,r=60]={POST /pri...son\r\n\r\n<<<{"text":"TESTE-SIMPLES","..."labelType":"STANDARD"}>>>\x00\x00\x00\x00\x00\x00\x00\x00\x00...\x00\x00\x00\x00\x00\x00\x00},spc=false,eof=false,err=null},t=Content@41a9b538{DirectByteBufferR@328e1bc9[p=253,l=313,c=8192,r=60]={POST /pri...son\r\n\r\n<<<{"text":"TESTE-SIMPLES","..."labelType":"STANDARD"}>>>\x00\x00\x00\x00\x00\x00\x00\x00\x00...\x00\x00\x00\x00\x00\x00\x00},spc=false,eof=false,err=null},i=null,error=false,c=HttpChannelOverHttp@2bd1adfd{s=HttpChannelState@53bc62f3{s=HANDLING rs=BLOCKING os=OPEN is=IDLE awp=false se=false i=true al=0},r=1,c=false/false,a=HANDLING,uri=http://localhost:50243/print,age=47}]
13:46:12.268 [JettyServerThreadPool-52] DEBUG org.eclipse.jetty.server.AsyncContentProducer -- available = 60 AsyncContentProducer@17d4aa80[r=Content@41a9b538{DirectByteBufferR@328e1bc9[p=253,l=313,c=8192,r=60]={POST /pri...son\r\n\r\n<<<{"text":"TESTE-SIMPLES","..."labelType":"STANDARD"}>>>\x00\x00\x00\x00\x00\x00\x00\x00\x00...\x00\x00\x00\x00\x00\x00\x00},spc=false,eof=false,err=null},t=Content@41a9b538{DirectByteBufferR@328e1bc9[p=253,l=313,c=8192,r=60]={POST /pri...son\r\n\r\n<<<{"text":"TESTE-SIMPLES","..."labelType":"STANDARD"}>>>\x00\x00\x00\x00\x00\x00\x00\x00\x00...\x00\x00\x00\x00\x00\x00\x00},spc=false,eof=false,err=null},i=null,error=false,c=HttpChannelOverHttp@2bd1adfd{s=HttpChannelState@53bc62f3{s=HANDLING rs=BLOCKING os=OPEN is=IDLE awp=false se=false i=true al=0},r=1,c=false/false,a=HANDLING,uri=http://localhost:50243/print,age=47}]
13:46:12.268 [JettyServerThreadPool-52] DEBUG org.eclipse.jetty.server.HttpInput -- available=60 HttpInput@1539746783 cs=HttpChannelState@53bc62f3{s=HANDLING rs=BLOCKING os=OPEN is=IDLE awp=false se=false i=true al=0} cp=org.eclipse.jetty.server.BlockingContentProducer@7172dc5f eof=false
13:46:12.268 [JettyServerThreadPool-52] DEBUG org.eclipse.jetty.server.AsyncContentProducer -- checkMinDataRate [m=0,t=5158449793900] AsyncContentProducer@17d4aa80[r=Content@41a9b538{DirectByteBufferR@328e1bc9[p=253,l=313,c=8192,r=60]={POST /pri...son\r\n\r\n<<<{"text":"TESTE-SIMPLES","..."labelType":"STANDARD"}>>>\x00\x00\x00\x00\x00\x00\x00\x00\x00...\x00\x00\x00\x00\x00\x00\x00},spc=false,eof=false,err=null},t=Content@41a9b538{DirectByteBufferR@328e1bc9[p=253,l=313,c=8192,r=60]={POST /pri...son\r\n\r\n<<<{"text":"TESTE-SIMPLES","..."labelType":"STANDARD"}>>>\x00\x00\x00\x00\x00\x00\x00\x00\x00...\x00\x00\x00\x00\x00\x00\x00},spc=false,eof=false,err=null},i=null,error=false,c=HttpChannelOverHttp@2bd1adfd{s=HttpChannelState@53bc62f3{s=HANDLING rs=BLOCKING os=OPEN is=IDLE awp=false se=false i=true al=0},r=1,c=false/false,a=HANDLING,uri=http://localhost:50243/print,age=47}]
13:46:12.268 [JettyServerThreadPool-52] DEBUG org.eclipse.jetty.server.AsyncContentProducer -- nextTransformedContent AsyncContentProducer@17d4aa80[r=Content@41a9b538{DirectByteBufferR@328e1bc9[p=253,l=313,c=8192,r=60]={POST /pri...son\r\n\r\n<<<{"text":"TESTE-SIMPLES","..."labelType":"STANDARD"}>>>\x00\x00\x00\x00\x00\x00\x00\x00\x00...\x00\x00\x00\x00\x00\x00\x00},spc=false,eof=false,err=null},t=Content@41a9b538{DirectByteBufferR@328e1bc9[p=253,l=313,c=8192,r=60]={POST /pri...son\r\n\r\n<<<{"text":"TESTE-SIMPLES","..."labelType":"STANDARD"}>>>\x00\x00\x00\x00\x00\x00\x00\x00\x00...\x00\x00\x00\x00\x00\x00\x00},spc=false,eof=false,err=null},i=null,error=false,c=HttpChannelOverHttp@2bd1adfd{s=HttpChannelState@53bc62f3{s=HANDLING rs=BLOCKING os=OPEN is=IDLE awp=false se=false i=true al=0},r=1,c=false/false,a=HANDLING,uri=http://localhost:50243/print,age=47}]
13:46:12.268 [JettyServerThreadPool-52] DEBUG org.eclipse.jetty.server.AsyncContentProducer -- transformed content not yet depleted, returning it AsyncContentProducer@17d4aa80[r=Content@41a9b538{DirectByteBufferR@328e1bc9[p=253,l=313,c=8192,r=60]={POST /pri...son\r\n\r\n<<<{"text":"TESTE-SIMPLES","..."labelType":"STANDARD"}>>>\x00\x00\x00\x00\x00\x00\x00\x00\x00...\x00\x00\x00\x00\x00\x00\x00},spc=false,eof=false,err=null},t=Content@41a9b538{DirectByteBufferR@328e1bc9[p=253,l=313,c=8192,r=60]={POST /pri...son\r\n\r\n<<<{"text":"TESTE-SIMPLES","..."labelType":"STANDARD"}>>>\x00\x00\x00\x00\x00\x00\x00\x00\x00...\x00\x00\x00\x00\x00\x00\x00},spc=false,eof=false,err=null},i=null,error=false,c=HttpChannelOverHttp@2bd1adfd{s=HttpChannelState@53bc62f3{s=HANDLING rs=BLOCKING os=OPEN is=IDLE awp=false se=false i=true al=0},r=1,c=false/false,a=HANDLING,uri=http://localhost:50243/print,age=47}]
13:46:12.268 [JettyServerThreadPool-52] DEBUG org.eclipse.jetty.server.AsyncContentProducer -- nextContent = Content@41a9b538{DirectByteBufferR@328e1bc9[p=253,l=313,c=8192,r=60]={POST /pri...son\r\n\r\n<<<{"text":"TESTE-SIMPLES","..."labelType":"STANDARD"}>>>\x00\x00\x00\x00\x00\x00\x00\x00\x00...\x00\x00\x00\x00\x00\x00\x00},spc=false,eof=false,err=null} AsyncContentProducer@17d4aa80[r=Content@41a9b538{DirectByteBufferR@328e1bc9[p=253,l=313,c=8192,r=60]={POST /pri...son\r\n\r\n<<<{"text":"TESTE-SIMPLES","..."labelType":"STANDARD"}>>>\x00\x00\x00\x00\x00\x00\x00\x00\x00...\x00\x00\x00\x00\x00\x00\x00},spc=false,eof=false,err=null},t=Content@41a9b538{DirectByteBufferR@328e1bc9[p=253,l=313,c=8192,r=60]={POST /pri...son\r\n\r\n<<<{"text":"TESTE-SIMPLES","..."labelType":"STANDARD"}>>>\x00\x00\x00\x00\x00\x00\x00\x00\x00...\x00\x00\x00\x00\x00\x00\x00},spc=false,eof=false,err=null},i=null,error=false,c=HttpChannelOverHttp@2bd1adfd{s=HttpChannelState@53bc62f3{s=HANDLING rs=BLOCKING os=OPEN is=IDLE awp=false se=false i=true al=0},r=1,c=false/false,a=HANDLING,uri=http://localhost:50243/print,age=47}]
13:46:12.268 [JettyServerThreadPool-52] DEBUG org.eclipse.jetty.server.HttpChannelState -- onReadIdle HttpChannelState@53bc62f3{s=HANDLING rs=BLOCKING os=OPEN is=IDLE awp=false se=false i=true al=0}
13:46:12.268 [JettyServerThreadPool-52] DEBUG org.eclipse.jetty.server.BlockingContentProducer -- nextContent async producer returned Content@41a9b538{DirectByteBufferR@328e1bc9[p=253,l=313,c=8192,r=60]={POST /pri...son\r\n\r\n<<<{"text":"TESTE-SIMPLES","..."labelType":"STANDARD"}>>>\x00\x00\x00\x00\x00\x00\x00\x00\x00...\x00\x00\x00\x00\x00\x00\x00},spc=false,eof=false,err=null}
13:46:12.268 [JettyServerThreadPool-52] DEBUG org.eclipse.jetty.server.HttpInput -- read produced 60 byte(s) HttpInput@1539746783 cs=HttpChannelState@53bc62f3{s=HANDLING rs=BLOCKING os=OPEN is=IDLE awp=false se=false i=true al=0} cp=org.eclipse.jetty.server.BlockingContentProducer@7172dc5f eof=false
13:46:12.268 [JettyServerThreadPool-52] DEBUG org.eclipse.jetty.server.AsyncContentProducer -- reclaim Content@41a9b538{DirectByteBufferR@328e1bc9[p=313,l=313,c=8192,r=0]={POST /pri...NDARD"}<<<>>>\x00\x00\x00\x00\x00\x00\x00\x00\x00...\x00\x00\x00\x00\x00\x00\x00},spc=false,eof=false,err=null} AsyncContentProducer@17d4aa80[r=Content@41a9b538{DirectByteBufferR@328e1bc9[p=313,l=313,c=8192,r=0]={POST /pri...NDARD"}<<<>>>\x00\x00\x00\x00\x00\x00\x00\x00\x00...\x00\x00\x00\x00\x00\x00\x00},spc=false,eof=false,err=null},t=Content@41a9b538{DirectByteBufferR@328e1bc9[p=313,l=313,c=8192,r=0]={POST /pri...NDARD"}<<<>>>\x00\x00\x00\x00\x00\x00\x00\x00\x00...\x00\x00\x00\x00\x00\x00\x00},spc=false,eof=false,err=null},i=null,error=false,c=HttpChannelOverHttp@2bd1adfd{s=HttpChannelState@53bc62f3{s=HANDLING rs=BLOCKING os=OPEN is=IDLE awp=false se=false i=true al=0},r=1,c=false/false,a=HANDLING,uri=http://localhost:50243/print,age=47}]
13:46:12.268 [JettyServerThreadPool-52] DEBUG org.eclipse.jetty.server.AsyncContentProducer -- checkMinDataRate [m=0,t=5158449793900] AsyncContentProducer@17d4aa80[r=null,t=null,i=null,error=false,c=HttpChannelOverHttp@2bd1adfd{s=HttpChannelState@53bc62f3{s=HANDLING rs=BLOCKING os=OPEN is=IDLE awp=false se=false i=true al=0},r=1,c=false/false,a=HANDLING,uri=http://localhost:50243/print,age=47}]
13:46:12.268 [JettyServerThreadPool-52] DEBUG org.eclipse.jetty.server.AsyncContentProducer -- nextTransformedContent AsyncContentProducer@17d4aa80[r=null,t=null,i=null,error=false,c=HttpChannelOverHttp@2bd1adfd{s=HttpChannelState@53bc62f3{s=HANDLING rs=BLOCKING os=OPEN is=IDLE awp=false se=false i=true al=0},r=1,c=false/false,a=HANDLING,uri=http://localhost:50243/print,age=47}]
13:46:12.268 [JettyServerThreadPool-52] DEBUG org.eclipse.jetty.server.AsyncContentProducer -- producing new raw content AsyncContentProducer@17d4aa80[r=null,t=null,i=null,error=false,c=HttpChannelOverHttp@2bd1adfd{s=HttpChannelState@53bc62f3{s=HANDLING rs=BLOCKING os=OPEN is=IDLE awp=false se=false i=true al=0},r=1,c=false/false,a=HANDLING,uri=http://localhost:50243/print,age=47}]
13:46:12.268 [JettyServerThreadPool-52] DEBUG org.eclipse.jetty.server.HttpChannelOverHttp -- produceContent has no content, parsing and filling
13:46:12.268 [JettyServerThreadPool-52] DEBUG org.eclipse.jetty.server.HttpConnection -- HttpConnection@6d01cb26::SocketChannelEndPoint@376dc932[{l=/127.0.0.1:50243,r=/127.0.0.1:50247,OPEN,fill=-,flush=-,to=57/30000}{io=0/0,kio=0,kro=1}]->[HttpConnection@6d01cb26[p=HttpParser{s=CONTENT,60 of 60},g=HttpGenerator@72940388{s=START}]=>HttpChannelOverHttp@2bd1adfd{s=HttpChannelState@53bc62f3{s=HANDLING rs=BLOCKING os=OPEN is=IDLE awp=false se=false i=true al=0},r=1,c=false/false,a=HANDLING,uri=http://localhost:50243/print,age=47}] parse RetainableByteBuffer@6e57ecdc{DirectByteBuffer@54b61d1f[p=313,l=313,c=8192,r=0]={POST /pri...NDARD"}<<<>>>\x00\x00\x00\x00\x00\x00\x00\x00\x00...\x00\x00\x00\x00\x00\x00\x00},r=1}
13:46:12.268 [JettyServerThreadPool-52] DEBUG org.eclipse.jetty.http.HttpParser -- parseNext s=CONTENT DirectByteBuffer@54b61d1f[p=313,l=313,c=8192,r=0]={POST /pri...NDARD"}<<<>>>\x00\x00\x00\x00\x00\x00\x00\x00\x00...\x00\x00\x00\x00\x00\x00\x00}
13:46:12.268 [JettyServerThreadPool-52] DEBUG org.eclipse.jetty.http.HttpParser -- CONTENT --> CONTENT_END
13:46:12.268 [JettyServerThreadPool-52] DEBUG org.eclipse.jetty.server.HttpChannel -- onContentComplete HttpChannelOverHttp@2bd1adfd{s=HttpChannelState@53bc62f3{s=HANDLING rs=BLOCKING os=OPEN is=IDLE awp=false se=false i=true al=0},r=1,c=false/false,a=HANDLING,uri=http://localhost:50243/print,age=47}
13:46:12.268 [JettyServerThreadPool-52] DEBUG org.eclipse.jetty.http.HttpParser -- CONTENT_END --> END
13:46:12.268 [JettyServerThreadPool-52] DEBUG org.eclipse.jetty.server.HttpChannel -- onRequestComplete HttpChannelOverHttp@2bd1adfd{s=HttpChannelState@53bc62f3{s=HANDLING rs=BLOCKING os=OPEN is=IDLE awp=false se=false i=true al=0},r=1,c=false/false,a=HANDLING,uri=http://localhost:50243/print,age=47}
13:46:12.268 [JettyServerThreadPool-52] DEBUG org.eclipse.jetty.server.HttpChannelOverHttp -- received EOF, content = null
13:46:12.268 [JettyServerThreadPool-52] DEBUG org.eclipse.jetty.server.HttpConnection -- HttpConnection@6d01cb26::SocketChannelEndPoint@376dc932[{l=/127.0.0.1:50243,r=/127.0.0.1:50247,OPEN,fill=-,flush=-,to=57/30000}{io=0/0,kio=0,kro=1}]->[HttpConnection@6d01cb26[p=HttpParser{s=END,60 of 60},g=HttpGenerator@72940388{s=START}]=>HttpChannelOverHttp@2bd1adfd{s=HttpChannelState@53bc62f3{s=HANDLING rs=BLOCKING os=OPEN is=IDLE awp=false se=false i=true al=0},r=1,c=false/false,a=HANDLING,uri=http://localhost:50243/print,age=47}] parsed false HttpParser{s=END,60 of 60}
13:46:12.268 [JettyServerThreadPool-52] DEBUG org.eclipse.jetty.server.HttpConnection -- releaseRequestBuffer HttpConnection@6d01cb26::SocketChannelEndPoint@376dc932[{l=/127.0.0.1:50243,r=/127.0.0.1:50247,OPEN,fill=-,flush=-,to=58/30000}{io=0/0,kio=0,kro=1}]->[HttpConnection@6d01cb26[p=HttpParser{s=END,60 of 60},g=HttpGenerator@72940388{s=START}]=>HttpChannelOverHttp@2bd1adfd{s=HttpChannelState@53bc62f3{s=HANDLING rs=BLOCKING os=OPEN is=IDLE awp=false se=false i=true al=0},r=1,c=false/false,a=HANDLING,uri=http://localhost:50243/print,age=47}]
13:46:12.268 [JettyServerThreadPool-52] DEBUG org.eclipse.jetty.server.HttpChannelOverHttp -- produceContent produced EofContent
13:46:12.268 [JettyServerThreadPool-52] DEBUG org.eclipse.jetty.server.AsyncContentProducer -- produceRawContent updated rawContentArrived to 60 and firstByteTimeStamp to 5158449793900 AsyncContentProducer@17d4aa80[r=null,t=null,i=null,error=false,c=HttpChannelOverHttp@2bd1adfd{s=HttpChannelState@53bc62f3{s=HANDLING rs=BLOCKING os=OPEN is=IDLE awp=false se=false i=true al=0},r=1,c=false/false,a=HANDLING,uri=http://localhost:50243/print,age=47}]
13:46:12.268 [JettyServerThreadPool-52] DEBUG org.eclipse.jetty.server.AsyncContentProducer -- produceRawContent produced EofContent AsyncContentProducer@17d4aa80[r=null,t=null,i=null,error=false,c=HttpChannelOverHttp@2bd1adfd{s=HttpChannelState@53bc62f3{s=HANDLING rs=BLOCKING os=OPEN is=IDLE awp=false se=false i=true al=0},r=1,c=false/false,a=HANDLING,uri=http://localhost:50243/print,age=47}]
13:46:12.268 [JettyServerThreadPool-52] DEBUG org.eclipse.jetty.server.AsyncContentProducer -- transforming raw content AsyncContentProducer@17d4aa80[r=EofContent,t=null,i=null,error=false,c=HttpChannelOverHttp@2bd1adfd{s=HttpChannelState@53bc62f3{s=HANDLING rs=BLOCKING os=OPEN is=IDLE awp=false se=false i=true al=0},r=1,c=false/false,a=HANDLING,uri=http://localhost:50243/print,age=47}]
13:46:12.268 [JettyServerThreadPool-52] DEBUG org.eclipse.jetty.server.AsyncContentProducer -- no interceptor, transformed content is raw content AsyncContentProducer@17d4aa80[r=EofContent,t=null,i=null,error=false,c=HttpChannelOverHttp@2bd1adfd{s=HttpChannelState@53bc62f3{s=HANDLING rs=BLOCKING os=OPEN is=IDLE awp=false se=false i=true al=0},r=1,c=false/false,a=HANDLING,uri=http://localhost:50243/print,age=47}]
13:46:12.268 [JettyServerThreadPool-52] DEBUG org.eclipse.jetty.server.AsyncContentProducer -- transformed content not yet depleted, returning it AsyncContentProducer@17d4aa80[r=EofContent,t=EofContent,i=null,error=false,c=HttpChannelOverHttp@2bd1adfd{s=HttpChannelState@53bc62f3{s=HANDLING rs=BLOCKING os=OPEN is=IDLE awp=false se=false i=true al=0},r=1,c=false/false,a=HANDLING,uri=http://localhost:50243/print,age=47}]
13:46:12.268 [JettyServerThreadPool-52] DEBUG org.eclipse.jetty.server.AsyncContentProducer -- nextContent = EofContent AsyncContentProducer@17d4aa80[r=EofContent,t=EofContent,i=null,error=false,c=HttpChannelOverHttp@2bd1adfd{s=HttpChannelState@53bc62f3{s=HANDLING rs=BLOCKING os=OPEN is=IDLE awp=false se=false i=true al=0},r=1,c=false/false,a=HANDLING,uri=http://localhost:50243/print,age=47}]
13:46:12.268 [JettyServerThreadPool-52] DEBUG org.eclipse.jetty.server.HttpChannelState -- onReadIdle HttpChannelState@53bc62f3{s=HANDLING rs=BLOCKING os=OPEN is=IDLE awp=false se=false i=true al=0}
13:46:12.268 [JettyServerThreadPool-52] DEBUG org.eclipse.jetty.server.BlockingContentProducer -- nextContent async producer returned EofContent
13:46:12.268 [JettyServerThreadPool-52] DEBUG org.eclipse.jetty.server.HttpInput -- read error=null HttpInput@1539746783 cs=HttpChannelState@53bc62f3{s=HANDLING rs=BLOCKING os=OPEN is=IDLE awp=false se=false i=true al=0} cp=org.eclipse.jetty.server.BlockingContentProducer@7172dc5f eof=false
13:46:12.268 [JettyServerThreadPool-52] DEBUG org.eclipse.jetty.server.HttpInput -- read at EOF, setting consumed EOF to true HttpInput@1539746783 cs=HttpChannelState@53bc62f3{s=HANDLING rs=BLOCKING os=OPEN is=IDLE awp=false se=false i=true al=0} cp=org.eclipse.jetty.server.BlockingContentProducer@7172dc5f eof=false
13:46:12.268 [JettyServerThreadPool-52] DEBUG org.eclipse.jetty.server.BlockingContentProducer -- onContentProducible releasing semaphore LockedSemaphore permits=0 unready=false
13:46:12.288 [JettyServerThreadPool-52] INFO controller.PrintController -- Recebida requisição para /print: {"text":"TESTE-SIMPLES","quantity":1,"labelType":"STANDARD"}
13:46:12.347 [JettyServerThreadPool-52] DEBUG org.eclipse.jetty.server.HttpOutput -- write(array HeapByteBuffer@5ec805c9[p=0,l=31,c=4096,r=31]={<<<Impress\xC3\xA3o enviada com sucesso!>>>\x00\x00\x00\x00\x00\x00\x00\x00\x00...\x00\x00\x00\x00\x00\x00\x00})
13:46:12.347 [JettyServerThreadPool-52] DEBUG org.eclipse.jetty.server.HttpOutput -- write(array) s=OPEN,api=BLOCKING,sc=false,e=null aggregated !flush DirectByteBuffer@160b5e4b[p=0,l=31,c=32768,r=31]={<<<Impress\xC3\xA3o enviada com sucesso!>>>\x00\x00\x00\x00\x00\x00\x00\x00\x00...\x00\x00\x00\x00\x00\x00\x00}
13:46:12.353 [JettyServerThreadPool-52] DEBUG org.eclipse.jetty.server.session.SessionHandler -- Leaving scope org.eclipse.jetty.server.session.SessionHandler418299920==dftMaxIdleSec=-1 dispatch=REQUEST, async=false, session=null, oldsession=null, oldsessionhandler=null
13:46:12.353 [JettyServerThreadPool-52] DEBUG org.eclipse.jetty.server.Server -- handled=true async=false committed=false on HttpChannelOverHttp@2bd1adfd{s=HttpChannelState@53bc62f3{s=HANDLING rs=BLOCKING os=OPEN is=IDLE awp=false se=false i=true al=0},r=1,c=false/false,a=HANDLING,uri=http://localhost:50243/print,age=132}
13:46:12.353 [JettyServerThreadPool-52] DEBUG org.eclipse.jetty.server.HttpChannelState -- unhandle HttpChannelState@53bc62f3{s=HANDLING rs=BLOCKING os=OPEN is=IDLE awp=false se=false i=true al=0}
13:46:12.353 [JettyServerThreadPool-52] DEBUG org.eclipse.jetty.server.HttpChannelState -- nextAction(false) COMPLETE HttpChannelState@53bc62f3{s=HANDLING rs=COMPLETING os=OPEN is=IDLE awp=false se=false i=false al=0}
13:46:12.353 [JettyServerThreadPool-52] DEBUG org.eclipse.jetty.server.HttpChannel -- action COMPLETE HttpChannelOverHttp@2bd1adfd{s=HttpChannelState@53bc62f3{s=HANDLING rs=COMPLETING os=OPEN is=IDLE awp=false se=false i=false al=0},r=1,c=false/false,a=HANDLING,uri=http://localhost:50243/print,age=132}
13:46:12.353 [JettyServerThreadPool-52] DEBUG org.eclipse.jetty.server.HttpInput -- consumeAll HttpInput@1539746783 cs=HttpChannelState@53bc62f3{s=HANDLING rs=COMPLETING os=OPEN is=IDLE awp=false se=false i=false al=0} cp=org.eclipse.jetty.server.BlockingContentProducer@7172dc5f eof=true
13:46:12.353 [JettyServerThreadPool-52] DEBUG org.eclipse.jetty.server.HttpChannelOverHttp -- failing all content with org.eclipse.jetty.util.StaticException: Unconsumed content HttpChannelOverHttp@2bd1adfd{s=HttpChannelState@53bc62f3{s=HANDLING rs=COMPLETING os=OPEN is=IDLE awp=false se=false i=false al=0},r=1,c=false/false,a=HANDLING,uri=http://localhost:50243/print,age=132}
13:46:12.353 [JettyServerThreadPool-52] DEBUG org.eclipse.jetty.server.AsyncContentProducer -- failed all content of http channel EOF=true AsyncContentProducer@17d4aa80[r=ErrorContent [org.eclipse.jetty.util.StaticException: Unconsumed content],t=ErrorContent [org.eclipse.jetty.util.StaticException: Unconsumed content],i=null,error=false,c=HttpChannelOverHttp@2bd1adfd{s=HttpChannelState@53bc62f3{s=HANDLING rs=COMPLETING os=OPEN is=IDLE awp=false se=false i=false al=0},r=1,c=false/false,a=HANDLING,uri=http://localhost:50243/print,age=132}]
13:46:12.353 [JettyServerThreadPool-52] DEBUG org.eclipse.jetty.server.HttpInput -- isFinished=true HttpInput@1539746783 cs=HttpChannelState@53bc62f3{s=HANDLING rs=COMPLETING os=OPEN is=IDLE awp=false se=false i=false al=0} cp=org.eclipse.jetty.server.BlockingContentProducer@7172dc5f eof=true
13:46:12.353 [JettyServerThreadPool-52] DEBUG org.eclipse.jetty.server.AsyncContentProducer -- isError = false AsyncContentProducer@17d4aa80[r=ErrorContent [org.eclipse.jetty.util.StaticException: Unconsumed content],t=ErrorContent [org.eclipse.jetty.util.StaticException: Unconsumed content],i=null,error=false,c=HttpChannelOverHttp@2bd1adfd{s=HttpChannelState@53bc62f3{s=HANDLING rs=COMPLETING os=OPEN is=IDLE awp=false se=false i=false al=0},r=1,c=false/false,a=HANDLING,uri=http://localhost:50243/print,age=132}]
13:46:12.353 [JettyServerThreadPool-52] DEBUG org.eclipse.jetty.server.HttpInput -- isError=false HttpInput@1539746783 cs=HttpChannelState@53bc62f3{s=HANDLING rs=COMPLETING os=OPEN is=IDLE awp=false se=false i=false al=0} cp=org.eclipse.jetty.server.BlockingContentProducer@7172dc5f eof=true
13:46:12.353 [JettyServerThreadPool-52] DEBUG org.eclipse.jetty.server.HttpOutput -- complete(org.eclipse.jetty.util.Callback$3@635bd62) s=CLOSING,api=BLOCKED,sc=false,e=null s=false e=null, c=DirectByteBuffer@160b5e4b[p=0,l=31,c=32768,r=31]={<<<Impress\xC3\xA3o enviada com sucesso!>>>\x00\x00\x00\x00\x00\x00\x00\x00\x00...\x00\x00\x00\x00\x00\x00\x00}
13:46:12.353 [JettyServerThreadPool-52] DEBUG org.eclipse.jetty.server.HttpChannel -- sendResponse info=null content=DirectByteBuffer@160b5e4b[p=0,l=31,c=32768,r=31]={<<<Impress\xC3\xA3o enviada com sucesso!>>>\x00\x00\x00\x00\x00\x00\x00\x00\x00...\x00\x00\x00\x00\x00\x00\x00} complete=true committing=true callback=org.eclipse.jetty.server.HttpOutput$WriteCompleteCB@561915d9
13:46:12.353 [JettyServerThreadPool-52] DEBUG org.eclipse.jetty.server.HttpChannel -- COMMIT for /print on HttpChannelOverHttp@2bd1adfd{s=HttpChannelState@53bc62f3{s=HANDLING rs=COMPLETING os=COMMITTED is=IDLE awp=false se=false i=false al=0},r=1,c=false/false,a=HANDLING,uri=http://localhost:50243/print,age=132}
200 null HTTP/1.1
Date: Tue, 19 Aug 2025 16:46:12 GMT
Content-Type: text/plain


13:46:12.353 [JettyServerThreadPool-52] DEBUG org.eclipse.jetty.server.HttpConnection -- generate: NEED_HEADER for SendCallback@7c4ea748[PROCESSING][i=HTTP/1.1{s=200,h=2,cl=-1},cb=org.eclipse.jetty.server.HttpChannel$SendCallback@389345dc] (null,[p=0,l=31,c=32768,r=31],true)@START
13:46:12.353 [JettyServerThreadPool-52] DEBUG org.eclipse.jetty.http.HttpGenerator -- generateHeaders HTTP/1.1{s=200,h=2,cl=-1} last=true content=DirectByteBuffer@160b5e4b[p=0,l=31,c=32768,r=31]={<<<Impress\xC3\xA3o enviada com sucesso!>>>\x00\x00\x00\x00\x00\x00\x00\x00\x00...\x00\x00\x00\x00\x00\x00\x00}
13:46:12.353 [JettyServerThreadPool-52] DEBUG org.eclipse.jetty.http.HttpGenerator -- Date: Tue, 19 Aug 2025 16:46:12 GMT
Content-Type: text/plain


13:46:12.353 [JettyServerThreadPool-52] DEBUG org.eclipse.jetty.http.HttpGenerator -- CONTENT_LENGTH
13:46:12.353 [JettyServerThreadPool-52] DEBUG org.eclipse.jetty.server.HttpConnection -- generate: FLUSH for SendCallback@7c4ea748[PROCESSING][i=HTTP/1.1{s=200,h=2,cl=-1},cb=org.eclipse.jetty.server.HttpChannel$SendCallback@389345dc] ([p=0,l=102,c=8192,r=102],[p=0,l=31,c=32768,r=31],true)@COMPLETING
13:46:12.353 [JettyServerThreadPool-52] DEBUG org.eclipse.jetty.io.WriteFlusher -- write: WriteFlusher@f6b3886{IDLE}->null [DirectByteBuffer@689ca54d[p=0,l=102,c=8192,r=102]={<<<HTTP/1.1 200 OK\r\nDate: Tu...\nContent-Length: 31\r\n\r\n>>>\x00\x00\x00\x00\x00\x00\x00\x00\x00...\x00\x00\x00\x00\x00\x00\x00},DirectByteBuffer@160b5e4b[p=0,l=31,c=32768,r=31]={<<<Impress\xC3\xA3o enviada com sucesso!>>>\x00\x00\x00\x00\x00\x00\x00\x00\x00...\x00\x00\x00\x00\x00\x00\x00}]
13:46:12.353 [JettyServerThreadPool-52] DEBUG org.eclipse.jetty.io.WriteFlusher -- update WriteFlusher@f6b3886{WRITING}->null:IDLE-->WRITING
13:46:12.353 [JettyServerThreadPool-52] DEBUG org.eclipse.jetty.io.SocketChannelEndPoint -- flushed 133 SocketChannelEndPoint@376dc932[{l=/127.0.0.1:50243,r=/127.0.0.1:50247,OPEN,fill=-,flush=W,to=138/30000}{io=0/0,kio=0,kro=1}]->[HttpConnection@6d01cb26[p=HttpParser{s=END,60 of 60},g=HttpGenerator@72940388{s=COMPLETING}]=>HttpChannelOverHttp@2bd1adfd{s=HttpChannelState@53bc62f3{s=HANDLING rs=COMPLETING os=COMMITTED is=IDLE awp=false se=false i=false al=0},r=1,c=false/false,a=HANDLING,uri=http://localhost:50243/print,age=132}]
13:46:12.353 [JettyServerThreadPool-52] DEBUG org.eclipse.jetty.io.WriteFlusher -- Flushed=true written=133 remaining=0 WriteFlusher@f6b3886{WRITING}->null
13:46:12.353 [JettyServerThreadPool-52] DEBUG org.eclipse.jetty.io.WriteFlusher -- update WriteFlusher@f6b3886{IDLE}->null:WRITING-->IDLE
13:46:12.353 [JettyServerThreadPool-52] DEBUG org.eclipse.jetty.server.HttpConnection -- generate: DONE for SendCallback@7c4ea748[PROCESSING][i=HTTP/1.1{s=200,h=2,cl=-1},cb=org.eclipse.jetty.server.HttpChannel$SendCallback@389345dc] ([p=102,l=102,c=8192,r=0],[p=31,l=31,c=32768,r=0],true)@END
13:46:12.365 [JettyServerThreadPool-52] DEBUG org.eclipse.jetty.server.HttpOutput -- onWriteComplete(true,null) s=CLOSING,api=BLOCKED,sc=false,e=null->s=CLOSED,api=BLOCKING,sc=false,e=null c=null cb=org.eclipse.jetty.util.Callback$3@635bd62 w=false
13:46:12.365 [JettyServerThreadPool-52] DEBUG org.eclipse.jetty.server.HttpChannelState -- completed HttpChannelState@53bc62f3{s=HANDLING rs=COMPLETING os=COMPLETED is=IDLE awp=false se=false i=false al=0}
13:46:12.365 [JettyServerThreadPool-52] DEBUG org.eclipse.jetty.server.HttpChannelState -- unhandle HttpChannelState@53bc62f3{s=HANDLING rs=COMPLETED os=COMPLETED is=IDLE awp=false se=false i=false al=0}
13:46:12.365 [JettyServerThreadPool-52] DEBUG org.eclipse.jetty.server.HttpChannelState -- nextAction(false) TERMINATED HttpChannelState@53bc62f3{s=IDLE rs=COMPLETED os=COMPLETED is=IDLE awp=false se=false i=false al=0}
13:46:12.365 [JettyServerThreadPool-52] DEBUG org.eclipse.jetty.server.HttpChannel -- action TERMINATED HttpChannelOverHttp@2bd1adfd{s=HttpChannelState@53bc62f3{s=IDLE rs=COMPLETED os=COMPLETED is=IDLE awp=false se=false i=false al=0},r=1,c=true/true,a=IDLE,uri=http://localhost:50243/print,age=144}
13:46:12.366 [JettyServerThreadPool-52] DEBUG org.eclipse.jetty.server.HttpChannel -- onCompleted for /print written=31
13:46:12.366 [JettyServerThreadPool-52] DEBUG org.eclipse.jetty.server.HttpInput -- consumeAll HttpInput@1539746783 cs=HttpChannelState@53bc62f3{s=IDLE rs=COMPLETED os=COMPLETED is=IDLE awp=false se=false i=false al=0} cp=org.eclipse.jetty.server.BlockingContentProducer@7172dc5f eof=true
13:46:12.367 [JettyServerThreadPool-52] DEBUG org.eclipse.jetty.server.HttpChannelOverHttp -- failing all content with org.eclipse.jetty.util.StaticException: Unconsumed content HttpChannelOverHttp@2bd1adfd{s=HttpChannelState@53bc62f3{s=IDLE rs=COMPLETED os=COMPLETED is=IDLE awp=false se=false i=false al=0},r=1,c=true/true,a=IDLE,uri=http://localhost:50243/print,age=146}
13:46:12.367 [JettyServerThreadPool-52] DEBUG org.eclipse.jetty.server.AsyncContentProducer -- failed all content of http channel EOF=true AsyncContentProducer@17d4aa80[r=ErrorContent [org.eclipse.jetty.util.StaticException: Unconsumed content],t=ErrorContent [org.eclipse.jetty.util.StaticException: Unconsumed content],i=null,error=false,c=HttpChannelOverHttp@2bd1adfd{s=HttpChannelState@53bc62f3{s=IDLE rs=COMPLETED os=COMPLETED is=IDLE awp=false se=false i=false al=0},r=1,c=true/true,a=IDLE,uri=http://localhost:50243/print,age=146}]
13:46:12.367 [JettyServerThreadPool-52] DEBUG org.eclipse.jetty.server.HttpInput -- isFinished=true HttpInput@1539746783 cs=HttpChannelState@53bc62f3{s=IDLE rs=COMPLETED os=COMPLETED is=IDLE awp=false se=false i=false al=0} cp=org.eclipse.jetty.server.BlockingContentProducer@7172dc5f eof=true
13:46:12.367 [JettyServerThreadPool-52] DEBUG org.eclipse.jetty.server.AsyncContentProducer -- isError = false AsyncContentProducer@17d4aa80[r=ErrorContent [org.eclipse.jetty.util.StaticException: Unconsumed content],t=ErrorContent [org.eclipse.jetty.util.StaticException: Unconsumed content],i=null,error=false,c=HttpChannelOverHttp@2bd1adfd{s=HttpChannelState@53bc62f3{s=IDLE rs=COMPLETED os=COMPLETED is=IDLE awp=false se=false i=false al=0},r=1,c=true/true,a=IDLE,uri=http://localhost:50243/print,age=146}]
13:46:12.367 [JettyServerThreadPool-52] DEBUG org.eclipse.jetty.server.HttpInput -- isError=false HttpInput@1539746783 cs=HttpChannelState@53bc62f3{s=IDLE rs=COMPLETED os=COMPLETED is=IDLE awp=false se=false i=false al=0} cp=org.eclipse.jetty.server.BlockingContentProducer@7172dc5f eof=true
13:46:12.367 [JettyServerThreadPool-52] DEBUG org.eclipse.jetty.server.HttpChannelState -- recycle HttpChannelState@53bc62f3{s=IDLE rs=COMPLETED os=COMPLETED is=IDLE awp=false se=false i=false al=0}
13:46:12.367 [JettyServerThreadPool-52] DEBUG org.eclipse.jetty.server.HttpInput -- recycle HttpInput@1539746783 cs=HttpChannelState@53bc62f3{s=IDLE rs=BLOCKING os=OPEN is=IDLE awp=false se=false i=true al=0} cp=org.eclipse.jetty.server.BlockingContentProducer@7172dc5f eof=true
13:46:12.367 [JettyServerThreadPool-52] DEBUG org.eclipse.jetty.server.BlockingContentProducer -- recycling org.eclipse.jetty.server.BlockingContentProducer@7172dc5f
13:46:12.367 [JettyServerThreadPool-52] DEBUG org.eclipse.jetty.server.AsyncContentProducer -- recycling AsyncContentProducer@17d4aa80[r=ErrorContent [org.eclipse.jetty.util.StaticException: Unconsumed content],t=ErrorContent [org.eclipse.jetty.util.StaticException: Unconsumed content],i=null,error=false,c=HttpChannelOverHttp@2bd1adfd{s=HttpChannelState@53bc62f3{s=IDLE rs=BLOCKING os=OPEN is=IDLE awp=false se=false i=true al=0},r=1,c=false/false,a=IDLE,uri=http://localhost:50243/print,age=146}]
13:46:12.374 [JettyServerThreadPool-52] DEBUG org.eclipse.jetty.http.HttpParser -- reset HttpParser{s=END,60 of 60}
13:46:12.374 [JettyServerThreadPool-52] DEBUG org.eclipse.jetty.http.HttpParser -- END --> START
13:46:12.374 [JettyServerThreadPool-52] DEBUG org.eclipse.jetty.server.HttpChannel -- !handle TERMINATED HttpChannelOverHttp@2bd1adfd{s=HttpChannelState@53bc62f3{s=IDLE rs=BLOCKING os=OPEN is=IDLE awp=false se=false i=true al=0},r=1,c=false/false,a=IDLE,uri=null,age=0}
13:46:12.374 [JettyServerThreadPool-52] DEBUG org.eclipse.jetty.io.SocketChannelEndPoint -- filled 0 DirectByteBuffer@54b61d1f[p=0,l=0,c=8192,r=0]={<<<>>>POST /pri...\x00\x00\x00\x00\x00\x00\x00}
13:46:12.374 [JettyServerThreadPool-52] DEBUG org.eclipse.jetty.io.SocketChannelEndPoint -- filled 0 DirectByteBuffer@54b61d1f[p=0,l=0,c=8192,r=0]={<<<>>>POST /pri...\x00\x00\x00\x00\x00\x00\x00}
13:46:12.374 [JettyServerThreadPool-52] DEBUG org.eclipse.jetty.server.HttpConnection -- HttpConnection@6d01cb26::SocketChannelEndPoint@376dc932[{l=/127.0.0.1:50243,r=/127.0.0.1:50247,OPEN,fill=-,flush=-,to=13/30000}{io=0/0,kio=0,kro=1}]->[HttpConnection@6d01cb26[p=HttpParser{s=START,0 of -1},g=HttpGenerator@72940388{s=START}]=>HttpChannelOverHttp@2bd1adfd{s=HttpChannelState@53bc62f3{s=IDLE rs=BLOCKING os=OPEN is=IDLE awp=false se=false i=true al=0},r=1,c=false/false,a=IDLE,uri=null,age=0}] filled 0 RetainableByteBuffer@6e57ecdc{DirectByteBuffer@54b61d1f[p=0,l=0,c=8192,r=0]={<<<>>>POST /pri...\x00\x00\x00\x00\x00\x00\x00},r=1}
13:46:12.376 [JettyServerThreadPool-52] DEBUG org.eclipse.jetty.server.HttpConnection -- HttpConnection@6d01cb26::SocketChannelEndPoint@376dc932[{l=/127.0.0.1:50243,r=/127.0.0.1:50247,OPEN,fill=-,flush=-,to=14/30000}{io=0/0,kio=0,kro=1}]->[HttpConnection@6d01cb26[p=HttpParser{s=START,0 of -1},g=HttpGenerator@72940388{s=START}]=>HttpChannelOverHttp@2bd1adfd{s=HttpChannelState@53bc62f3{s=IDLE rs=BLOCKING os=OPEN is=IDLE awp=false se=false i=true al=0},r=1,c=false/false,a=IDLE,uri=null,age=0}] parse RetainableByteBuffer@6e57ecdc{DirectByteBuffer@54b61d1f[p=0,l=0,c=8192,r=0]={<<<>>>POST /pri...\x00\x00\x00\x00\x00\x00\x00},r=1}
13:46:12.376 [JettyServerThreadPool-52] DEBUG org.eclipse.jetty.http.HttpParser -- parseNext s=START DirectByteBuffer@54b61d1f[p=0,l=0,c=8192,r=0]={<<<>>>POST /pri...\x00\x00\x00\x00\x00\x00\x00}
13:46:12.376 [JettyServerThreadPool-52] DEBUG org.eclipse.jetty.server.HttpConnection -- HttpConnection@6d01cb26::SocketChannelEndPoint@376dc932[{l=/127.0.0.1:50243,r=/127.0.0.1:50247,OPEN,fill=-,flush=-,to=14/30000}{io=0/0,kio=0,kro=1}]->[HttpConnection@6d01cb26[p=HttpParser{s=START,0 of -1},g=HttpGenerator@72940388{s=START}]=>HttpChannelOverHttp@2bd1adfd{s=HttpChannelState@53bc62f3{s=IDLE rs=BLOCKING os=OPEN is=IDLE awp=false se=false i=true al=0},r=1,c=false/false,a=IDLE,uri=null,age=0}] parsed false HttpParser{s=START,0 of -1}
13:46:12.376 [JettyServerThreadPool-52] DEBUG org.eclipse.jetty.server.HttpConnection -- releaseRequestBuffer HttpConnection@6d01cb26::SocketChannelEndPoint@376dc932[{l=/127.0.0.1:50243,r=/127.0.0.1:50247,OPEN,fill=-,flush=-,to=14/30000}{io=0/0,kio=0,kro=1}]->[HttpConnection@6d01cb26[p=HttpParser{s=START,0 of -1},g=HttpGenerator@72940388{s=START}]=>HttpChannelOverHttp@2bd1adfd{s=HttpChannelState@53bc62f3{s=IDLE rs=BLOCKING os=OPEN is=IDLE awp=false se=false i=true al=0},r=1,c=false/false,a=IDLE,uri=null,age=0}]
13:46:12.376 [JettyServerThreadPool-52] DEBUG org.eclipse.jetty.io.AbstractConnection -- fillInterested HttpConnection@6d01cb26::SocketChannelEndPoint@376dc932[{l=/127.0.0.1:50243,r=/127.0.0.1:50247,OPEN,fill=-,flush=-,to=15/30000}{io=0/0,kio=0,kro=1}]->[HttpConnection@6d01cb26[p=HttpParser{s=START,0 of -1},g=HttpGenerator@72940388{s=START}]=>HttpChannelOverHttp@2bd1adfd{s=HttpChannelState@53bc62f3{s=IDLE rs=BLOCKING os=OPEN is=IDLE awp=false se=false i=true al=0},r=1,c=false/false,a=IDLE,uri=null,age=0}]
13:46:12.376 [JettyServerThreadPool-52] DEBUG org.eclipse.jetty.io.FillInterest -- interested FillInterest@5bf12862{ReadCallback@10b1f5d1{HttpConnection@6d01cb26::SocketChannelEndPoint@376dc932[{l=/127.0.0.1:50243,r=/127.0.0.1:50247,OPEN,fill=FI,flush=-,to=0/30000}{io=0/0,kio=0,kro=1}]->[HttpConnection@6d01cb26[p=HttpParser{s=START,0 of -1},g=HttpGenerator@72940388{s=START}]=>HttpChannelOverHttp@2bd1adfd{s=HttpChannelState@53bc62f3{s=IDLE rs=BLOCKING os=OPEN is=IDLE awp=false se=false i=true al=0},r=1,c=false/false,a=IDLE,uri=null,age=0}]}}
13:46:12.376 [JettyServerThreadPool-52] DEBUG org.eclipse.jetty.io.SelectableChannelEndPoint -- changeInterests p=false 0->1 for SocketChannelEndPoint@376dc932[{l=/127.0.0.1:50243,r=/127.0.0.1:50247,OPEN,fill=FI,flush=-,to=0/30000}{io=0/1,kio=0,kro=1}]->[HttpConnection@6d01cb26[p=HttpParser{s=START,0 of -1},g=HttpGenerator@72940388{s=START}]=>HttpChannelOverHttp@2bd1adfd{s=HttpChannelState@53bc62f3{s=IDLE rs=BLOCKING os=OPEN is=IDLE awp=false se=false i=true al=0},r=1,c=false/false,a=IDLE,uri=null,age=0}]
13:46:12.376 [JettyServerThreadPool-52] DEBUG org.eclipse.jetty.io.ManagedSelector -- Queued change lazy=false org.eclipse.jetty.io.SelectableChannelEndPoint$$Lambda/0x00000223903acc50@4b8bb825 on ManagedSelector@16872c4d{STARTED} id=1 keys=1 selected=0 updates=0
13:46:12.376 [JettyServerThreadPool-52] DEBUG org.eclipse.jetty.io.ManagedSelector -- Wakeup on submit ManagedSelector@16872c4d{STARTED} id=1 keys=1 selected=0 updates=1
13:46:12.378 [JettyServerThreadPool-52] DEBUG org.eclipse.jetty.server.HttpConnection -- HttpConnection@6d01cb26::SocketChannelEndPoint@376dc932[{l=/127.0.0.1:50243,r=/127.0.0.1:50247,OPEN,fill=FI,flush=-,to=0/30000}{io=0/1,kio=0,kro=1}]->[HttpConnection@6d01cb26[p=HttpParser{s=START,0 of -1},g=HttpGenerator@72940388{s=START}]=>HttpChannelOverHttp@2bd1adfd{s=HttpChannelState@53bc62f3{s=IDLE rs=BLOCKING os=OPEN is=IDLE awp=false se=false i=true al=0},r=1,c=false/false,a=IDLE,uri=null,age=0}] onFillable exit HttpChannelState@53bc62f3{s=IDLE rs=BLOCKING os=OPEN is=IDLE awp=false se=false i=true al=0} null
13:46:12.378 [JettyServerThreadPool-36] DEBUG org.eclipse.jetty.io.ManagedSelector -- Selector sun.nio.ch.WEPollSelectorImpl@6e9ba078 woken with none selected
13:46:12.378 [JettyServerThreadPool-36] DEBUG org.eclipse.jetty.io.ManagedSelector -- Selector sun.nio.ch.WEPollSelectorImpl@6e9ba078 woken up from select, 0/0/1 selected
13:46:12.378 [JettyServerThreadPool-52] DEBUG org.eclipse.jetty.util.thread.QueuedThreadPool -- ran SocketChannelEndPoint@376dc932[{l=/127.0.0.1:50243,r=/127.0.0.1:50247,OPEN,fill=FI,flush=-,to=1/30000}{io=0/1,kio=0,kro=1}]->[HttpConnection@6d01cb26[p=HttpParser{s=START,0 of -1},g=HttpGenerator@72940388{s=START}]=>HttpChannelOverHttp@2bd1adfd{s=HttpChannelState@53bc62f3{s=IDLE rs=BLOCKING os=OPEN is=IDLE awp=false se=false i=true al=0},r=1,c=false/false,a=IDLE,uri=null,age=0}]:runFillable:BLOCKING in QueuedThreadPool[JettyServerThreadPool]@3051e0b2{STARTED,8<=9<=250,i=0,r=-1,t=59836ms,q=0}[ReservedThreadExecutor@39008c9f{reserved=1/12,pending=0}]
13:46:12.378 [JettyServerThreadPool-36] DEBUG org.eclipse.jetty.io.ManagedSelector -- Selector sun.nio.ch.WEPollSelectorImpl@6e9ba078 processing 0 keys, 1 updates
13:46:12.378 [JettyServerThreadPool-52] DEBUG org.eclipse.jetty.util.thread.QueuedThreadPool -- Evict check, period=60000ms QueuedThreadPool[JettyServerThreadPool]@3051e0b2{STARTED,8<=9<=250,i=1,r=-1,t=59836ms,q=0}[ReservedThreadExecutor@39008c9f{reserved=1/12,pending=0}]
13:46:12.378 [JettyServerThreadPool-36] DEBUG org.eclipse.jetty.io.ManagedSelector -- updateable 1
13:46:12.379 [JettyServerThreadPool-36] DEBUG org.eclipse.jetty.io.ManagedSelector -- update org.eclipse.jetty.io.SelectableChannelEndPoint$$Lambda/0x00000223903acc50@4b8bb825
13:46:12.379 [JettyServerThreadPool-52] DEBUG org.eclipse.jetty.util.thread.QueuedThreadPool -- Evict skipped, threshold=119836ms in the future QueuedThreadPool[JettyServerThreadPool]@3051e0b2{STARTED,8<=9<=250,i=1,r=-1,t=59835ms,q=0}[ReservedThreadExecutor@39008c9f{reserved=1/12,pending=0}]
13:46:12.379 [JettyServerThreadPool-36] DEBUG org.eclipse.jetty.io.SelectableChannelEndPoint -- Key interests updated 0 -> 1 on SocketChannelEndPoint@376dc932[{l=/127.0.0.1:50243,r=/127.0.0.1:50247,OPEN,fill=FI,flush=-,to=2/30000}{io=1/1,kio=1,kro=1}]->[HttpConnection@6d01cb26[p=HttpParser{s=START,0 of -1},g=HttpGenerator@72940388{s=START}]=>HttpChannelOverHttp@2bd1adfd{s=HttpChannelState@53bc62f3{s=IDLE rs=BLOCKING os=OPEN is=IDLE awp=false se=false i=true al=0},r=1,c=false/false,a=IDLE,uri=null,age=0}]
13:46:12.379 [JettyServerThreadPool-36] DEBUG org.eclipse.jetty.io.ManagedSelector -- updates 0
13:46:12.379 [JettyServerThreadPool-36] DEBUG org.eclipse.jetty.io.ManagedSelector -- Selector sun.nio.ch.WEPollSelectorImpl@6e9ba078 waiting with 1 keys
13:46:12.421 [main] INFO io.javalin.Javalin -- Stopping Javalin ...
13:46:12.421 [main] DEBUG org.eclipse.jetty.util.component.AbstractLifeCycle -- STOPPING Server@67e28be3{STARTED}[11.0.20,sto=0]
13:46:12.421 [main] INFO org.eclipse.jetty.server.Server -- Stopped Server@67e28be3{STOPPING}[11.0.20,sto=0]
13:46:12.421 [main] DEBUG org.eclipse.jetty.server.Server -- doStop Server@67e28be3{STOPPING}[11.0.20,sto=0]
13:46:12.421 [main] DEBUG org.eclipse.jetty.util.component.AbstractLifeCycle -- STOPPING ServerConnector@7c1c5936{HTTP/1.1, (http/1.1)}{0.0.0.0:50243}
13:46:12.421 [main] DEBUG org.eclipse.jetty.util.component.AbstractLifeCycle -- STOPPING SelectorManager@ServerConnector@7c1c5936{HTTP/1.1, (http/1.1)}{0.0.0.0:0}
13:46:12.421 [main] DEBUG org.eclipse.jetty.util.component.AbstractLifeCycle -- STOPPING ManagedSelector@7b7683d4{STARTED} id=5 keys=0 selected=0 updates=0
13:46:12.421 [main] DEBUG org.eclipse.jetty.io.ManagedSelector -- Queued change lazy=false org.eclipse.jetty.io.ManagedSelector$CloseConnections@26350ea2 on ManagedSelector@7b7683d4{STOPPING} id=5 keys=0 selected=0 updates=0
13:46:12.421 [main] DEBUG org.eclipse.jetty.io.ManagedSelector -- Wakeup on submit ManagedSelector@7b7683d4{STOPPING} id=5 keys=0 selected=0 updates=1
13:46:12.421 [JettyServerThreadPool-42] DEBUG org.eclipse.jetty.util.thread.QueuedThreadPool -- ran JettyServerThreadPool-42-acceptor-0@10cd6753-ServerConnector@7c1c5936{HTTP/1.1, (http/1.1)}{0.0.0.0:50243} in QueuedThreadPool[JettyServerThreadPool]@3051e0b2{STARTED,8<=9<=250,i=1,r=-1,t=59789ms,q=0}[ReservedThreadExecutor@39008c9f{reserved=1/12,pending=0}]
13:46:12.421 [JettyServerThreadPool-42] DEBUG org.eclipse.jetty.util.thread.QueuedThreadPool -- Evict check, period=60000ms QueuedThreadPool[JettyServerThreadPool]@3051e0b2{STARTED,8<=9<=250,i=2,r=-1,t=59789ms,q=0}[ReservedThreadExecutor@39008c9f{reserved=1/12,pending=0}]
13:46:12.421 [JettyServerThreadPool-42] DEBUG org.eclipse.jetty.util.thread.QueuedThreadPool -- Evict skipped, threshold=119789ms in the future QueuedThreadPool[JettyServerThreadPool]@3051e0b2{STARTED,8<=9<=250,i=2,r=-1,t=59789ms,q=0}[ReservedThreadExecutor@39008c9f{reserved=1/12,pending=0}]
13:46:12.421 [JettyServerThreadPool-40] DEBUG org.eclipse.jetty.io.ManagedSelector -- Selector sun.nio.ch.WEPollSelectorImpl@63a2486b woken with none selected
13:46:12.421 [JettyServerThreadPool-40] DEBUG org.eclipse.jetty.io.ManagedSelector -- Selector sun.nio.ch.WEPollSelectorImpl@63a2486b woken up from select, 0/0/0 selected
13:46:12.421 [JettyServerThreadPool-40] DEBUG org.eclipse.jetty.io.ManagedSelector -- Selector sun.nio.ch.WEPollSelectorImpl@63a2486b processing 0 keys, 1 updates
13:46:12.421 [JettyServerThreadPool-40] DEBUG org.eclipse.jetty.io.ManagedSelector -- updateable 1
13:46:12.421 [JettyServerThreadPool-40] DEBUG org.eclipse.jetty.io.ManagedSelector -- update org.eclipse.jetty.io.ManagedSelector$CloseConnections@26350ea2
13:46:12.421 [JettyServerThreadPool-40] DEBUG org.eclipse.jetty.io.ManagedSelector -- Closing 0 connections on ManagedSelector@7b7683d4{STOPPING} id=5 keys=0 selected=0 updates=0
13:46:12.421 [JettyServerThreadPool-40] DEBUG org.eclipse.jetty.io.ManagedSelector -- updates 0
13:46:12.421 [JettyServerThreadPool-40] DEBUG org.eclipse.jetty.io.ManagedSelector -- Selector sun.nio.ch.WEPollSelectorImpl@63a2486b waiting with 0 keys
13:46:12.421 [main] DEBUG org.eclipse.jetty.io.ManagedSelector -- Queued change lazy=false org.eclipse.jetty.io.ManagedSelector$StopSelector@59696551 on ManagedSelector@7b7683d4{STOPPING} id=5 keys=0 selected=0 updates=0
13:46:12.421 [main] DEBUG org.eclipse.jetty.io.ManagedSelector -- Wakeup on submit ManagedSelector@7b7683d4{STOPPING} id=5 keys=0 selected=0 updates=1
13:46:12.421 [JettyServerThreadPool-40] DEBUG org.eclipse.jetty.io.ManagedSelector -- Selector sun.nio.ch.WEPollSelectorImpl@63a2486b woken with none selected
13:46:12.421 [JettyServerThreadPool-40] DEBUG org.eclipse.jetty.io.ManagedSelector -- Selector sun.nio.ch.WEPollSelectorImpl@63a2486b woken up from select, 0/0/0 selected
13:46:12.421 [JettyServerThreadPool-40] DEBUG org.eclipse.jetty.io.ManagedSelector -- Selector sun.nio.ch.WEPollSelectorImpl@63a2486b processing 0 keys, 1 updates
13:46:12.427 [JettyServerThreadPool-40] DEBUG org.eclipse.jetty.io.ManagedSelector -- updateable 1
13:46:12.427 [JettyServerThreadPool-40] DEBUG org.eclipse.jetty.io.ManagedSelector -- update org.eclipse.jetty.io.ManagedSelector$StopSelector@59696551
13:46:12.427 [JettyServerThreadPool-40] DEBUG org.eclipse.jetty.io.ManagedSelector -- updates 0
13:46:12.427 [main] DEBUG org.eclipse.jetty.util.component.AbstractLifeCycle -- STOPPING AdaptiveExecutionStrategy@2dd8239/SelectorProducer@472698d/PRODUCING/p=false/QueuedThreadPool[JettyServerThreadPool]@3051e0b2{STARTED,8<=9<=250,i=2,r=-1,t=59785ms,q=0}[ReservedThreadExecutor@39008c9f{reserved=1/12,pending=0}][pc=0,pic=0,pec=0,epc=0]@2025-08-19T13:46:12.4270012-03:00
13:46:12.427 [main] DEBUG org.eclipse.jetty.util.component.AbstractLifeCycle -- STOPPED AdaptiveExecutionStrategy@2dd8239/SelectorProducer@472698d/PRODUCING/p=false/QueuedThreadPool[JettyServerThreadPool]@3051e0b2{STARTED,8<=9<=250,i=2,r=-1,t=59785ms,q=0}[ReservedThreadExecutor@39008c9f{reserved=1/12,pending=0}][pc=0,pic=0,pec=0,epc=0]@2025-08-19T13:46:12.4270012-03:00
13:46:12.427 [main] DEBUG org.eclipse.jetty.util.component.AbstractLifeCycle -- STOPPED ManagedSelector@7b7683d4{STOPPED} id=5 keys=-1 selected=-1 updates=0
13:46:12.427 [main] DEBUG org.eclipse.jetty.util.component.AbstractLifeCycle -- STOPPING ManagedSelector@680a66dd{STARTED} id=4 keys=0 selected=0 updates=0
13:46:12.427 [main] DEBUG org.eclipse.jetty.io.ManagedSelector -- Queued change lazy=false org.eclipse.jetty.io.ManagedSelector$CloseConnections@648d0e6d on ManagedSelector@680a66dd{STOPPING} id=4 keys=0 selected=0 updates=0
13:46:12.427 [JettyServerThreadPool-40] DEBUG org.eclipse.jetty.util.thread.QueuedThreadPool -- ran org.eclipse.jetty.io.ManagedSelector$$Lambda/0x00000223902fcea0@59901c4d in QueuedThreadPool[JettyServerThreadPool]@3051e0b2{STARTED,8<=9<=250,i=2,r=-1,t=59784ms,q=0}[ReservedThreadExecutor@39008c9f{reserved=1/12,pending=0}]
13:46:12.427 [main] DEBUG org.eclipse.jetty.io.ManagedSelector -- Wakeup on submit ManagedSelector@680a66dd{STOPPING} id=4 keys=0 selected=0 updates=1
13:46:12.427 [JettyServerThreadPool-40] DEBUG org.eclipse.jetty.util.thread.QueuedThreadPool -- Evict check, period=60000ms QueuedThreadPool[JettyServerThreadPool]@3051e0b2{STARTED,8<=9<=250,i=3,r=-1,t=59784ms,q=0}[ReservedThreadExecutor@39008c9f{reserved=1/12,pending=0}]
13:46:12.427 [JettyServerThreadPool-39] DEBUG org.eclipse.jetty.io.ManagedSelector -- Selector sun.nio.ch.WEPollSelectorImpl@7342bdca woken with none selected
13:46:12.427 [JettyServerThreadPool-40] DEBUG org.eclipse.jetty.util.thread.QueuedThreadPool -- Evict skipped, threshold=119784ms in the future QueuedThreadPool[JettyServerThreadPool]@3051e0b2{STARTED,8<=9<=250,i=3,r=-1,t=59784ms,q=0}[ReservedThreadExecutor@39008c9f{reserved=1/12,pending=0}]
13:46:12.427 [JettyServerThreadPool-39] DEBUG org.eclipse.jetty.io.ManagedSelector -- Selector sun.nio.ch.WEPollSelectorImpl@7342bdca woken up from select, 0/0/0 selected
13:46:12.427 [JettyServerThreadPool-39] DEBUG org.eclipse.jetty.io.ManagedSelector -- Selector sun.nio.ch.WEPollSelectorImpl@7342bdca processing 0 keys, 1 updates
13:46:12.427 [JettyServerThreadPool-39] DEBUG org.eclipse.jetty.io.ManagedSelector -- updateable 1
13:46:12.427 [JettyServerThreadPool-39] DEBUG org.eclipse.jetty.io.ManagedSelector -- update org.eclipse.jetty.io.ManagedSelector$CloseConnections@648d0e6d
13:46:12.427 [JettyServerThreadPool-39] DEBUG org.eclipse.jetty.io.ManagedSelector -- Closing 0 connections on ManagedSelector@680a66dd{STOPPING} id=4 keys=0 selected=0 updates=0
13:46:12.427 [JettyServerThreadPool-39] DEBUG org.eclipse.jetty.io.ManagedSelector -- updates 0
13:46:12.427 [JettyServerThreadPool-39] DEBUG org.eclipse.jetty.io.ManagedSelector -- Selector sun.nio.ch.WEPollSelectorImpl@7342bdca waiting with 0 keys
13:46:12.427 [main] DEBUG org.eclipse.jetty.io.ManagedSelector -- Queued change lazy=false org.eclipse.jetty.io.ManagedSelector$StopSelector@79e66b2f on ManagedSelector@680a66dd{STOPPING} id=4 keys=0 selected=0 updates=0
13:46:12.427 [main] DEBUG org.eclipse.jetty.io.ManagedSelector -- Wakeup on submit ManagedSelector@680a66dd{STOPPING} id=4 keys=0 selected=0 updates=1
13:46:12.427 [JettyServerThreadPool-39] DEBUG org.eclipse.jetty.io.ManagedSelector -- Selector sun.nio.ch.WEPollSelectorImpl@7342bdca woken with none selected
13:46:12.427 [JettyServerThreadPool-39] DEBUG org.eclipse.jetty.io.ManagedSelector -- Selector sun.nio.ch.WEPollSelectorImpl@7342bdca woken up from select, 0/0/0 selected
13:46:12.427 [JettyServerThreadPool-39] DEBUG org.eclipse.jetty.io.ManagedSelector -- Selector sun.nio.ch.WEPollSelectorImpl@7342bdca processing 0 keys, 1 updates
13:46:12.427 [JettyServerThreadPool-39] DEBUG org.eclipse.jetty.io.ManagedSelector -- updateable 1
13:46:12.427 [JettyServerThreadPool-39] DEBUG org.eclipse.jetty.io.ManagedSelector -- update org.eclipse.jetty.io.ManagedSelector$StopSelector@79e66b2f
13:46:12.427 [JettyServerThreadPool-39] DEBUG org.eclipse.jetty.io.ManagedSelector -- updates 0
13:46:12.427 [main] DEBUG org.eclipse.jetty.util.component.AbstractLifeCycle -- STOPPING AdaptiveExecutionStrategy@67fc2aad/SelectorProducer@56f521c6/PRODUCING/p=false/QueuedThreadPool[JettyServerThreadPool]@3051e0b2{STARTED,8<=9<=250,i=3,r=-1,t=59783ms,q=0}[ReservedThreadExecutor@39008c9f{reserved=1/12,pending=0}][pc=0,pic=0,pec=0,epc=0]@2025-08-19T13:46:12.4270012-03:00
13:46:12.427 [JettyServerThreadPool-39] DEBUG org.eclipse.jetty.util.thread.QueuedThreadPool -- ran org.eclipse.jetty.io.ManagedSelector$$Lambda/0x00000223902fcea0@778d82e9 in QueuedThreadPool[JettyServerThreadPool]@3051e0b2{STARTED,8<=9<=250,i=3,r=-1,t=59783ms,q=0}[ReservedThreadExecutor@39008c9f{reserved=1/12,pending=0}]
13:46:12.427 [JettyServerThreadPool-39] DEBUG org.eclipse.jetty.util.thread.QueuedThreadPool -- Evict check, period=60000ms QueuedThreadPool[JettyServerThreadPool]@3051e0b2{STARTED,8<=9<=250,i=4,r=-1,t=59782ms,q=0}[ReservedThreadExecutor@39008c9f{reserved=1/12,pending=0}]
13:46:12.427 [JettyServerThreadPool-39] DEBUG org.eclipse.jetty.util.thread.QueuedThreadPool -- Evict skipped, threshold=119782ms in the future QueuedThreadPool[JettyServerThreadPool]@3051e0b2{STARTED,8<=9<=250,i=4,r=-1,t=59782ms,q=0}[ReservedThreadExecutor@39008c9f{reserved=1/12,pending=0}]
13:46:12.427 [main] DEBUG org.eclipse.jetty.util.component.AbstractLifeCycle -- STOPPED AdaptiveExecutionStrategy@67fc2aad/SelectorProducer@56f521c6/IDLE/p=false/QueuedThreadPool[JettyServerThreadPool]@3051e0b2{STARTED,8<=9<=250,i=4,r=-1,t=59782ms,q=0}[ReservedThreadExecutor@39008c9f{reserved=1/12,pending=0}][pc=0,pic=0,pec=0,epc=0]@2025-08-19T13:46:12.4270012-03:00
13:46:12.427 [main] DEBUG org.eclipse.jetty.util.component.AbstractLifeCycle -- STOPPED ManagedSelector@680a66dd{STOPPED} id=4 keys=-1 selected=-1 updates=0
13:46:12.427 [main] DEBUG org.eclipse.jetty.util.component.AbstractLifeCycle -- STOPPING ManagedSelector@2c58dcb1{STARTED} id=3 keys=0 selected=0 updates=0
13:46:12.427 [main] DEBUG org.eclipse.jetty.io.ManagedSelector -- Queued change lazy=false org.eclipse.jetty.io.ManagedSelector$CloseConnections@17273273 on ManagedSelector@2c58dcb1{STOPPING} id=3 keys=0 selected=0 updates=0
13:46:12.427 [main] DEBUG org.eclipse.jetty.io.ManagedSelector -- Wakeup on submit ManagedSelector@2c58dcb1{STOPPING} id=3 keys=0 selected=0 updates=1
13:46:12.427 [JettyServerThreadPool-38] DEBUG org.eclipse.jetty.io.ManagedSelector -- Selector sun.nio.ch.WEPollSelectorImpl@643c334a woken with none selected
13:46:12.427 [JettyServerThreadPool-38] DEBUG org.eclipse.jetty.io.ManagedSelector -- Selector sun.nio.ch.WEPollSelectorImpl@643c334a woken up from select, 0/0/0 selected
13:46:12.427 [JettyServerThreadPool-38] DEBUG org.eclipse.jetty.io.ManagedSelector -- Selector sun.nio.ch.WEPollSelectorImpl@643c334a processing 0 keys, 1 updates
13:46:12.427 [JettyServerThreadPool-38] DEBUG org.eclipse.jetty.io.ManagedSelector -- updateable 1
13:46:12.427 [JettyServerThreadPool-38] DEBUG org.eclipse.jetty.io.ManagedSelector -- update org.eclipse.jetty.io.ManagedSelector$CloseConnections@17273273
13:46:12.427 [JettyServerThreadPool-38] DEBUG org.eclipse.jetty.io.ManagedSelector -- Closing 0 connections on ManagedSelector@2c58dcb1{STOPPING} id=3 keys=0 selected=0 updates=0
13:46:12.427 [JettyServerThreadPool-38] DEBUG org.eclipse.jetty.io.ManagedSelector -- updates 0
13:46:12.427 [JettyServerThreadPool-38] DEBUG org.eclipse.jetty.io.ManagedSelector -- Selector sun.nio.ch.WEPollSelectorImpl@643c334a waiting with 0 keys
13:46:12.427 [main] DEBUG org.eclipse.jetty.io.ManagedSelector -- Queued change lazy=false org.eclipse.jetty.io.ManagedSelector$StopSelector@5f69e2b on ManagedSelector@2c58dcb1{STOPPING} id=3 keys=0 selected=0 updates=0
13:46:12.427 [main] DEBUG org.eclipse.jetty.io.ManagedSelector -- Wakeup on submit ManagedSelector@2c58dcb1{STOPPING} id=3 keys=0 selected=0 updates=1
13:46:12.427 [JettyServerThreadPool-38] DEBUG org.eclipse.jetty.io.ManagedSelector -- Selector sun.nio.ch.WEPollSelectorImpl@643c334a woken with none selected
13:46:12.427 [JettyServerThreadPool-38] DEBUG org.eclipse.jetty.io.ManagedSelector -- Selector sun.nio.ch.WEPollSelectorImpl@643c334a woken up from select, 0/0/0 selected
13:46:12.427 [JettyServerThreadPool-38] DEBUG org.eclipse.jetty.io.ManagedSelector -- Selector sun.nio.ch.WEPollSelectorImpl@643c334a processing 0 keys, 1 updates
13:46:12.427 [JettyServerThreadPool-38] DEBUG org.eclipse.jetty.io.ManagedSelector -- updateable 1
13:46:12.427 [JettyServerThreadPool-38] DEBUG org.eclipse.jetty.io.ManagedSelector -- update org.eclipse.jetty.io.ManagedSelector$StopSelector@5f69e2b
13:46:12.427 [JettyServerThreadPool-38] DEBUG org.eclipse.jetty.io.ManagedSelector -- updates 0
13:46:12.427 [JettyServerThreadPool-38] DEBUG org.eclipse.jetty.util.thread.QueuedThreadPool -- ran org.eclipse.jetty.io.ManagedSelector$$Lambda/0x00000223902fcea0@61af1510 in QueuedThreadPool[JettyServerThreadPool]@3051e0b2{STARTED,8<=9<=250,i=4,r=-1,t=59781ms,q=0}[ReservedThreadExecutor@39008c9f{reserved=1/12,pending=0}]
13:46:12.427 [JettyServerThreadPool-38] DEBUG org.eclipse.jetty.util.thread.QueuedThreadPool -- Evict check, period=60000ms QueuedThreadPool[JettyServerThreadPool]@3051e0b2{STARTED,8<=9<=250,i=5,r=-1,t=59781ms,q=0}[ReservedThreadExecutor@39008c9f{reserved=1/12,pending=0}]
13:46:12.427 [JettyServerThreadPool-38] DEBUG org.eclipse.jetty.util.thread.QueuedThreadPool -- Evict skipped, threshold=119781ms in the future QueuedThreadPool[JettyServerThreadPool]@3051e0b2{STARTED,8<=9<=250,i=5,r=-1,t=59781ms,q=0}[ReservedThreadExecutor@39008c9f{reserved=1/12,pending=0}]
13:46:12.427 [main] DEBUG org.eclipse.jetty.util.component.AbstractLifeCycle -- STOPPING AdaptiveExecutionStrategy@3a01773b/SelectorProducer@20e3c449/IDLE/p=false/QueuedThreadPool[JettyServerThreadPool]@3051e0b2{STARTED,8<=9<=250,i=5,r=-1,t=59781ms,q=0}[ReservedThreadExecutor@39008c9f{reserved=1/12,pending=0}][pc=0,pic=0,pec=0,epc=0]@2025-08-19T13:46:12.4270012-03:00
13:46:12.427 [main] DEBUG org.eclipse.jetty.util.component.AbstractLifeCycle -- STOPPED AdaptiveExecutionStrategy@3a01773b/SelectorProducer@20e3c449/IDLE/p=false/QueuedThreadPool[JettyServerThreadPool]@3051e0b2{STARTED,8<=9<=250,i=5,r=-1,t=59781ms,q=0}[ReservedThreadExecutor@39008c9f{reserved=1/12,pending=0}][pc=0,pic=0,pec=0,epc=0]@2025-08-19T13:46:12.4270012-03:00
13:46:12.427 [main] DEBUG org.eclipse.jetty.util.component.AbstractLifeCycle -- STOPPED ManagedSelector@2c58dcb1{STOPPED} id=3 keys=-1 selected=-1 updates=0
13:46:12.427 [main] DEBUG org.eclipse.jetty.util.component.AbstractLifeCycle -- STOPPING ManagedSelector@154bd49b{STARTED} id=2 keys=0 selected=0 updates=0
13:46:12.427 [main] DEBUG org.eclipse.jetty.io.ManagedSelector -- Queued change lazy=false org.eclipse.jetty.io.ManagedSelector$CloseConnections@984169e on ManagedSelector@154bd49b{STOPPING} id=2 keys=0 selected=0 updates=0
13:46:12.427 [main] DEBUG org.eclipse.jetty.io.ManagedSelector -- Wakeup on submit ManagedSelector@154bd49b{STOPPING} id=2 keys=0 selected=0 updates=1
13:46:12.427 [JettyServerThreadPool-37] DEBUG org.eclipse.jetty.io.ManagedSelector -- Selector sun.nio.ch.WEPollSelectorImpl@4e07b57e woken with none selected
13:46:12.427 [JettyServerThreadPool-37] DEBUG org.eclipse.jetty.io.ManagedSelector -- Selector sun.nio.ch.WEPollSelectorImpl@4e07b57e woken up from select, 0/0/0 selected
13:46:12.427 [JettyServerThreadPool-37] DEBUG org.eclipse.jetty.io.ManagedSelector -- Selector sun.nio.ch.WEPollSelectorImpl@4e07b57e processing 0 keys, 1 updates
13:46:12.427 [JettyServerThreadPool-37] DEBUG org.eclipse.jetty.io.ManagedSelector -- updateable 1
13:46:12.427 [JettyServerThreadPool-37] DEBUG org.eclipse.jetty.io.ManagedSelector -- update org.eclipse.jetty.io.ManagedSelector$CloseConnections@984169e
13:46:12.427 [JettyServerThreadPool-37] DEBUG org.eclipse.jetty.io.ManagedSelector -- Closing 0 connections on ManagedSelector@154bd49b{STOPPING} id=2 keys=0 selected=0 updates=0
13:46:12.427 [JettyServerThreadPool-37] DEBUG org.eclipse.jetty.io.ManagedSelector -- updates 0
13:46:12.427 [JettyServerThreadPool-37] DEBUG org.eclipse.jetty.io.ManagedSelector -- Selector sun.nio.ch.WEPollSelectorImpl@4e07b57e waiting with 0 keys
13:46:12.427 [main] DEBUG org.eclipse.jetty.io.ManagedSelector -- Queued change lazy=false org.eclipse.jetty.io.ManagedSelector$StopSelector@43f1bb92 on ManagedSelector@154bd49b{STOPPING} id=2 keys=0 selected=0 updates=0
13:46:12.427 [main] DEBUG org.eclipse.jetty.io.ManagedSelector -- Wakeup on submit ManagedSelector@154bd49b{STOPPING} id=2 keys=0 selected=0 updates=1
13:46:12.427 [JettyServerThreadPool-37] DEBUG org.eclipse.jetty.io.ManagedSelector -- Selector sun.nio.ch.WEPollSelectorImpl@4e07b57e woken with none selected
13:46:12.427 [JettyServerThreadPool-37] DEBUG org.eclipse.jetty.io.ManagedSelector -- Selector sun.nio.ch.WEPollSelectorImpl@4e07b57e woken up from select, 0/0/0 selected
13:46:12.427 [JettyServerThreadPool-37] DEBUG org.eclipse.jetty.io.ManagedSelector -- Selector sun.nio.ch.WEPollSelectorImpl@4e07b57e processing 0 keys, 1 updates
13:46:12.427 [JettyServerThreadPool-37] DEBUG org.eclipse.jetty.io.ManagedSelector -- updateable 1
13:46:12.427 [JettyServerThreadPool-37] DEBUG org.eclipse.jetty.io.ManagedSelector -- update org.eclipse.jetty.io.ManagedSelector$StopSelector@43f1bb92
13:46:12.427 [JettyServerThreadPool-37] DEBUG org.eclipse.jetty.io.ManagedSelector -- updates 0
13:46:12.427 [JettyServerThreadPool-37] DEBUG org.eclipse.jetty.util.thread.QueuedThreadPool -- ran org.eclipse.jetty.io.ManagedSelector$$Lambda/0x00000223902fcea0@2eadc9f6 in QueuedThreadPool[JettyServerThreadPool]@3051e0b2{STARTED,8<=9<=250,i=5,r=-1,t=59780ms,q=0}[ReservedThreadExecutor@39008c9f{reserved=1/12,pending=0}]
13:46:12.427 [JettyServerThreadPool-37] DEBUG org.eclipse.jetty.util.thread.QueuedThreadPool -- Evict check, period=60000ms QueuedThreadPool[JettyServerThreadPool]@3051e0b2{STARTED,8<=9<=250,i=6,r=-1,t=59780ms,q=0}[ReservedThreadExecutor@39008c9f{reserved=1/12,pending=0}]
13:46:12.427 [JettyServerThreadPool-37] DEBUG org.eclipse.jetty.util.thread.QueuedThreadPool -- Evict skipped, threshold=119780ms in the future QueuedThreadPool[JettyServerThreadPool]@3051e0b2{STARTED,8<=9<=250,i=6,r=-1,t=59780ms,q=0}[ReservedThreadExecutor@39008c9f{reserved=1/12,pending=0}]
13:46:12.427 [main] DEBUG org.eclipse.jetty.util.component.AbstractLifeCycle -- STOPPING AdaptiveExecutionStrategy@671facee/SelectorProducer@46a953cf/IDLE/p=false/QueuedThreadPool[JettyServerThreadPool]@3051e0b2{STARTED,8<=9<=250,i=6,r=-1,t=59780ms,q=0}[ReservedThreadExecutor@39008c9f{reserved=1/12,pending=0}][pc=0,pic=0,pec=0,epc=0]@2025-08-19T13:46:12.4270012-03:00
13:46:12.427 [main] DEBUG org.eclipse.jetty.util.component.AbstractLifeCycle -- STOPPED AdaptiveExecutionStrategy@671facee/SelectorProducer@46a953cf/IDLE/p=false/QueuedThreadPool[JettyServerThreadPool]@3051e0b2{STARTED,8<=9<=250,i=6,r=-1,t=59779ms,q=0}[ReservedThreadExecutor@39008c9f{reserved=1/12,pending=0}][pc=0,pic=0,pec=0,epc=0]@2025-08-19T13:46:12.4270012-03:00
13:46:12.427 [main] DEBUG org.eclipse.jetty.util.component.AbstractLifeCycle -- STOPPED ManagedSelector@154bd49b{STOPPED} id=2 keys=-1 selected=-1 updates=0
13:46:12.427 [main] DEBUG org.eclipse.jetty.util.component.AbstractLifeCycle -- STOPPING ManagedSelector@16872c4d{STARTED} id=1 keys=1 selected=0 updates=0
13:46:12.427 [main] DEBUG org.eclipse.jetty.io.ManagedSelector -- Queued change lazy=false org.eclipse.jetty.io.ManagedSelector$CloseConnections@6d6bbd35 on ManagedSelector@16872c4d{STOPPING} id=1 keys=1 selected=0 updates=0
13:46:12.427 [main] DEBUG org.eclipse.jetty.io.ManagedSelector -- Wakeup on submit ManagedSelector@16872c4d{STOPPING} id=1 keys=1 selected=0 updates=1
13:46:12.427 [JettyServerThreadPool-36] DEBUG org.eclipse.jetty.io.ManagedSelector -- Selector sun.nio.ch.WEPollSelectorImpl@6e9ba078 woken with none selected
13:46:12.427 [JettyServerThreadPool-36] DEBUG org.eclipse.jetty.io.ManagedSelector -- Selector sun.nio.ch.WEPollSelectorImpl@6e9ba078 woken up from select, 0/0/1 selected
13:46:12.427 [JettyServerThreadPool-36] DEBUG org.eclipse.jetty.io.ManagedSelector -- Selector sun.nio.ch.WEPollSelectorImpl@6e9ba078 processing 0 keys, 1 updates
13:46:12.427 [JettyServerThreadPool-36] DEBUG org.eclipse.jetty.io.ManagedSelector -- updateable 1
13:46:12.427 [JettyServerThreadPool-36] DEBUG org.eclipse.jetty.io.ManagedSelector -- update org.eclipse.jetty.io.ManagedSelector$CloseConnections@6d6bbd35
13:46:12.427 [JettyServerThreadPool-36] DEBUG org.eclipse.jetty.io.ManagedSelector -- Closing 1 connections on ManagedSelector@16872c4d{STOPPING} id=1 keys=1 selected=0 updates=0
13:46:12.427 [JettyServerThreadPool-36] DEBUG org.eclipse.jetty.io.AbstractEndPoint -- close SocketChannelEndPoint@376dc932[{l=/127.0.0.1:50243,r=/127.0.0.1:50247,OPEN,fill=FI,flush=-,to=58/30000}{io=1/1,kio=1,kro=1}]->[HttpConnection@6d01cb26[p=HttpParser{s=START,0 of -1},g=HttpGenerator@72940388{s=START}]=>HttpChannelOverHttp@2bd1adfd{s=HttpChannelState@53bc62f3{s=IDLE rs=BLOCKING os=OPEN is=IDLE awp=false se=false i=true al=0},r=1,c=false/false,a=IDLE,uri=null,age=0}]
13:46:12.427 [JettyServerThreadPool-36] DEBUG org.eclipse.jetty.io.AbstractEndPoint -- close(null) SocketChannelEndPoint@376dc932[{l=/127.0.0.1:50243,r=/127.0.0.1:50247,OPEN,fill=FI,flush=-,to=58/30000}{io=1/1,kio=1,kro=1}]->[HttpConnection@6d01cb26[p=HttpParser{s=START,0 of -1},g=HttpGenerator@72940388{s=START}]=>HttpChannelOverHttp@2bd1adfd{s=HttpChannelState@53bc62f3{s=IDLE rs=BLOCKING os=OPEN is=IDLE awp=false se=false i=true al=0},r=1,c=false/false,a=IDLE,uri=null,age=0}]
13:46:12.427 [JettyServerThreadPool-36] DEBUG org.eclipse.jetty.io.SelectableChannelEndPoint -- doClose SocketChannelEndPoint@376dc932[{l=/127.0.0.1:50243,r=/127.0.0.1:50247,CLOSED,fill=FI,flush=-,to=58/30000}{io=1/1,kio=1,kro=1}]->[HttpConnection@6d01cb26[p=HttpParser{s=START,0 of -1},g=HttpGenerator@72940388{s=START}]=>HttpChannelOverHttp@2bd1adfd{s=HttpChannelState@53bc62f3{s=IDLE rs=BLOCKING os=OPEN is=IDLE awp=false se=false i=true al=0},r=1,c=false/false,a=IDLE,uri=null,age=0}]
13:46:12.427 [JettyServerThreadPool-36] DEBUG org.eclipse.jetty.io.FillInterest -- onClose FillInterest@5bf12862{ReadCallback@10b1f5d1{HttpConnection@6d01cb26::SocketChannelEndPoint@376dc932[{l=null,r=null,CLOSED,fill=FI,flush=-,to=59/30000}{io=1/1,kio=-1,kro=-1}]->[HttpConnection@6d01cb26[p=HttpParser{s=START,0 of -1},g=HttpGenerator@72940388{s=START}]=>HttpChannelOverHttp@2bd1adfd{s=HttpChannelState@53bc62f3{s=IDLE rs=BLOCKING os=OPEN is=IDLE awp=false se=false i=true al=0},r=1,c=false/false,a=IDLE,uri=null,age=0}]}}
13:46:12.427 [JettyServerThreadPool-36] DEBUG org.eclipse.jetty.http.HttpParser -- close HttpParser{s=START,0 of -1}
13:46:12.427 [JettyServerThreadPool-36] DEBUG org.eclipse.jetty.http.HttpParser -- START --> CLOSE
13:46:12.427 [JettyServerThreadPool-36] DEBUG org.eclipse.jetty.io.AbstractConnection -- HttpConnection@6d01cb26::SocketChannelEndPoint@376dc932[{l=null,r=null,CLOSED,fill=-,flush=-,to=59/30000}{io=1/1,kio=-1,kro=-1}]->[HttpConnection@6d01cb26[p=HttpParser{s=CLOSE,0 of -1},g=HttpGenerator@72940388{s=START}]=>HttpChannelOverHttp@2bd1adfd{s=HttpChannelState@53bc62f3{s=IDLE rs=BLOCKING os=OPEN is=IDLE awp=false se=false i=true al=0},r=1,c=false/false,a=IDLE,uri=null,age=0}] onFillInterestedFailed {}
java.nio.channels.ClosedChannelException: null
	at org.eclipse.jetty.io.FillInterest.onClose(FillInterest.java:147)
	at org.eclipse.jetty.io.AbstractEndPoint.onClose(AbstractEndPoint.java:354)
	at org.eclipse.jetty.io.SelectableChannelEndPoint.onClose(SelectableChannelEndPoint.java:165)
	at org.eclipse.jetty.io.AbstractEndPoint.onClose(AbstractEndPoint.java:344)
	at org.eclipse.jetty.io.AbstractEndPoint.doOnClose(AbstractEndPoint.java:263)
	at org.eclipse.jetty.io.AbstractEndPoint.close(AbstractEndPoint.java:227)
	at org.eclipse.jetty.io.AbstractEndPoint.close(AbstractEndPoint.java:210)
	at org.eclipse.jetty.io.AbstractConnection.close(AbstractConnection.java:257)
	at org.eclipse.jetty.util.IO.close(IO.java:407)
	at org.eclipse.jetty.io.ManagedSelector$CloseConnections.update(ManagedSelector.java:1016)
	at org.eclipse.jetty.io.ManagedSelector$SelectorProducer.processUpdates(ManagedSelector.java:568)
	at org.eclipse.jetty.io.ManagedSelector$SelectorProducer.produce(ManagedSelector.java:538)
	at org.eclipse.jetty.util.thread.strategy.AdaptiveExecutionStrategy.produceTask(AdaptiveExecutionStrategy.java:455)
	at org.eclipse.jetty.util.thread.strategy.AdaptiveExecutionStrategy.tryProduce(AdaptiveExecutionStrategy.java:248)
	at org.eclipse.jetty.util.thread.strategy.AdaptiveExecutionStrategy.produce(AdaptiveExecutionStrategy.java:193)
	at org.eclipse.jetty.util.thread.QueuedThreadPool.runJob(QueuedThreadPool.java:969)
	at org.eclipse.jetty.util.thread.QueuedThreadPool$Runner.doRunJob(QueuedThreadPool.java:1194)
	at org.eclipse.jetty.util.thread.QueuedThreadPool$Runner.run(QueuedThreadPool.java:1149)
	at java.base/java.lang.Thread.run(Thread.java:1583)
13:46:12.427 [JettyServerThreadPool-36] DEBUG org.eclipse.jetty.io.ManagedSelector -- Wakeup ManagedSelector@16872c4d{STOPPING} id=1 keys=1 selected=0 updates=0
13:46:12.427 [JettyServerThreadPool-36] DEBUG org.eclipse.jetty.util.thread.QueuedThreadPool -- queue org.eclipse.jetty.io.ManagedSelector$DestroyEndPoint@53cea82a startThread=0
13:46:12.427 [JettyServerThreadPool-52] DEBUG org.eclipse.jetty.util.thread.QueuedThreadPool -- run org.eclipse.jetty.io.ManagedSelector$DestroyEndPoint@53cea82a in QueuedThreadPool[JettyServerThreadPool]@3051e0b2{STARTED,8<=9<=250,i=5,r=-1,t=59774ms,q=0}[ReservedThreadExecutor@39008c9f{reserved=1/12,pending=0}]
13:46:12.427 [JettyServerThreadPool-36] DEBUG org.eclipse.jetty.io.ManagedSelector -- updates 0
13:46:12.427 [main] DEBUG org.eclipse.jetty.io.ManagedSelector -- Queued change lazy=false org.eclipse.jetty.io.ManagedSelector$StopSelector@5c5d6175 on ManagedSelector@16872c4d{STOPPING} id=1 keys=1 selected=0 updates=0
13:46:12.427 [JettyServerThreadPool-36] DEBUG org.eclipse.jetty.io.ManagedSelector -- Selector sun.nio.ch.WEPollSelectorImpl@6e9ba078 waiting with 1 keys
13:46:12.427 [main] DEBUG org.eclipse.jetty.io.ManagedSelector -- Wakeup on submit ManagedSelector@16872c4d{STOPPING} id=1 keys=1 selected=0 updates=1
13:46:12.427 [JettyServerThreadPool-52] DEBUG org.eclipse.jetty.io.ManagedSelector -- Destroyed SocketChannelEndPoint@376dc932[{l=null,r=null,CLOSED,fill=-,flush=-,to=63/30000}{io=1/1,kio=-1,kro=-1}]->[HttpConnection@6d01cb26[p=HttpParser{s=CLOSE,0 of -1},g=HttpGenerator@72940388{s=START}]=>HttpChannelOverHttp@2bd1adfd{s=HttpChannelState@53bc62f3{s=IDLE rs=BLOCKING os=OPEN is=IDLE awp=false se=false i=true al=0},r=1,c=false/false,a=IDLE,uri=null,age=0}]
13:46:12.427 [JettyServerThreadPool-52] DEBUG org.eclipse.jetty.io.AbstractConnection -- onClose HttpConnection@6d01cb26::SocketChannelEndPoint@376dc932[{l=null,r=null,CLOSED,fill=-,flush=-,to=64/30000}{io=1/1,kio=-1,kro=-1}]->[HttpConnection@6d01cb26[p=HttpParser{s=CLOSE,0 of -1},g=HttpGenerator@72940388{s=START}]=>HttpChannelOverHttp@2bd1adfd{s=HttpChannelState@53bc62f3{s=IDLE rs=BLOCKING os=OPEN is=IDLE awp=false se=false i=true al=0},r=1,c=false/false,a=IDLE,uri=null,age=0}]
13:46:12.427 [JettyServerThreadPool-36] DEBUG org.eclipse.jetty.io.ManagedSelector -- Selector sun.nio.ch.WEPollSelectorImpl@6e9ba078 woken with none selected
13:46:12.427 [JettyServerThreadPool-36] DEBUG org.eclipse.jetty.io.ManagedSelector -- Selector sun.nio.ch.WEPollSelectorImpl@6e9ba078 woken up from select, 0/0/0 selected
13:46:12.427 [JettyServerThreadPool-52] DEBUG org.eclipse.jetty.util.thread.QueuedThreadPool -- ran org.eclipse.jetty.io.ManagedSelector$DestroyEndPoint@53cea82a in QueuedThreadPool[JettyServerThreadPool]@3051e0b2{STARTED,8<=9<=250,i=5,r=-1,t=59773ms,q=0}[ReservedThreadExecutor@39008c9f{reserved=1/12,pending=0}]
13:46:12.427 [JettyServerThreadPool-36] DEBUG org.eclipse.jetty.io.ManagedSelector -- Selector sun.nio.ch.WEPollSelectorImpl@6e9ba078 processing 0 keys, 1 updates
13:46:12.427 [JettyServerThreadPool-52] DEBUG org.eclipse.jetty.util.thread.QueuedThreadPool -- Evict check, period=60000ms QueuedThreadPool[JettyServerThreadPool]@3051e0b2{STARTED,8<=9<=250,i=6,r=-1,t=59773ms,q=0}[ReservedThreadExecutor@39008c9f{reserved=1/12,pending=0}]
13:46:12.427 [JettyServerThreadPool-36] DEBUG org.eclipse.jetty.io.ManagedSelector -- updateable 1
13:46:12.427 [JettyServerThreadPool-52] DEBUG org.eclipse.jetty.util.thread.QueuedThreadPool -- Evict skipped, threshold=119773ms in the future QueuedThreadPool[JettyServerThreadPool]@3051e0b2{STARTED,8<=9<=250,i=6,r=-1,t=59773ms,q=0}[ReservedThreadExecutor@39008c9f{reserved=1/12,pending=0}]
13:46:12.427 [JettyServerThreadPool-36] DEBUG org.eclipse.jetty.io.ManagedSelector -- update org.eclipse.jetty.io.ManagedSelector$StopSelector@5c5d6175
13:46:12.427 [JettyServerThreadPool-36] DEBUG org.eclipse.jetty.io.ManagedSelector -- updates 0
13:46:12.427 [JettyServerThreadPool-36] DEBUG org.eclipse.jetty.util.thread.QueuedThreadPool -- ran org.eclipse.jetty.io.ManagedSelector$$Lambda/0x00000223902fcea0@5633dafd in QueuedThreadPool[JettyServerThreadPool]@3051e0b2{STARTED,8<=9<=250,i=6,r=-1,t=59773ms,q=0}[ReservedThreadExecutor@39008c9f{reserved=1/12,pending=0}]
13:46:12.427 [JettyServerThreadPool-36] DEBUG org.eclipse.jetty.util.thread.QueuedThreadPool -- Evict check, period=60000ms QueuedThreadPool[JettyServerThreadPool]@3051e0b2{STARTED,8<=9<=250,i=7,r=-1,t=59773ms,q=0}[ReservedThreadExecutor@39008c9f{reserved=1/12,pending=0}]
13:46:12.427 [main] DEBUG org.eclipse.jetty.util.component.AbstractLifeCycle -- STOPPING AdaptiveExecutionStrategy@17b6d426/SelectorProducer@5580d62f/IDLE/p=false/QueuedThreadPool[JettyServerThreadPool]@3051e0b2{STARTED,8<=9<=250,i=6,r=-1,t=59773ms,q=0}[ReservedThreadExecutor@39008c9f{reserved=1/12,pending=0}][pc=0,pic=0,pec=1,epc=0]@2025-08-19T13:46:12.4270012-03:00
13:46:12.427 [JettyServerThreadPool-36] DEBUG org.eclipse.jetty.util.thread.QueuedThreadPool -- Evict skipped, threshold=119773ms in the future QueuedThreadPool[JettyServerThreadPool]@3051e0b2{STARTED,8<=9<=250,i=7,r=-1,t=59772ms,q=0}[ReservedThreadExecutor@39008c9f{reserved=1/12,pending=0}]
13:46:12.427 [main] DEBUG org.eclipse.jetty.util.component.AbstractLifeCycle -- STOPPED AdaptiveExecutionStrategy@17b6d426/SelectorProducer@5580d62f/IDLE/p=false/QueuedThreadPool[JettyServerThreadPool]@3051e0b2{STARTED,8<=9<=250,i=7,r=-1,t=59772ms,q=0}[ReservedThreadExecutor@39008c9f{reserved=1/12,pending=0}][pc=0,pic=0,pec=1,epc=0]@2025-08-19T13:46:12.4270012-03:00
13:46:12.427 [main] DEBUG org.eclipse.jetty.util.component.AbstractLifeCycle -- STOPPED ManagedSelector@16872c4d{STOPPED} id=1 keys=-1 selected=-1 updates=0
13:46:12.427 [main] DEBUG org.eclipse.jetty.util.component.AbstractLifeCycle -- STOPPING ManagedSelector@5cb5bb88{STARTED} id=0 keys=0 selected=0 updates=0
13:46:12.427 [main] DEBUG org.eclipse.jetty.io.ManagedSelector -- Queued change lazy=false org.eclipse.jetty.io.ManagedSelector$CloseConnections@7544ac86 on ManagedSelector@5cb5bb88{STOPPING} id=0 keys=0 selected=0 updates=0
13:46:12.427 [main] DEBUG org.eclipse.jetty.io.ManagedSelector -- Wakeup on submit ManagedSelector@5cb5bb88{STOPPING} id=0 keys=0 selected=0 updates=1
13:46:12.427 [JettyServerThreadPool-35] DEBUG org.eclipse.jetty.io.ManagedSelector -- Selector sun.nio.ch.WEPollSelectorImpl@39e487ab woken with none selected
13:46:12.427 [JettyServerThreadPool-35] DEBUG org.eclipse.jetty.io.ManagedSelector -- Selector sun.nio.ch.WEPollSelectorImpl@39e487ab woken up from select, 0/0/0 selected
13:46:12.427 [JettyServerThreadPool-35] DEBUG org.eclipse.jetty.io.ManagedSelector -- Selector sun.nio.ch.WEPollSelectorImpl@39e487ab processing 0 keys, 1 updates
13:46:12.427 [JettyServerThreadPool-35] DEBUG org.eclipse.jetty.io.ManagedSelector -- updateable 1
13:46:12.427 [JettyServerThreadPool-35] DEBUG org.eclipse.jetty.io.ManagedSelector -- update org.eclipse.jetty.io.ManagedSelector$CloseConnections@7544ac86
13:46:12.427 [JettyServerThreadPool-35] DEBUG org.eclipse.jetty.io.ManagedSelector -- Closing 0 connections on ManagedSelector@5cb5bb88{STOPPING} id=0 keys=0 selected=0 updates=0
13:46:12.427 [JettyServerThreadPool-35] DEBUG org.eclipse.jetty.io.ManagedSelector -- updates 0
13:46:12.442 [JettyServerThreadPool-35] DEBUG org.eclipse.jetty.io.ManagedSelector -- Selector sun.nio.ch.WEPollSelectorImpl@39e487ab waiting with 0 keys
13:46:12.442 [main] DEBUG org.eclipse.jetty.io.ManagedSelector -- Queued change lazy=false org.eclipse.jetty.io.ManagedSelector$StopSelector@3b27b497 on ManagedSelector@5cb5bb88{STOPPING} id=0 keys=0 selected=0 updates=0
13:46:12.442 [main] DEBUG org.eclipse.jetty.io.ManagedSelector -- Wakeup on submit ManagedSelector@5cb5bb88{STOPPING} id=0 keys=0 selected=0 updates=1
13:46:12.442 [JettyServerThreadPool-35] DEBUG org.eclipse.jetty.io.ManagedSelector -- Selector sun.nio.ch.WEPollSelectorImpl@39e487ab woken with none selected
13:46:12.442 [JettyServerThreadPool-35] DEBUG org.eclipse.jetty.io.ManagedSelector -- Selector sun.nio.ch.WEPollSelectorImpl@39e487ab woken up from select, 0/0/0 selected
13:46:12.442 [JettyServerThreadPool-35] DEBUG org.eclipse.jetty.io.ManagedSelector -- Selector sun.nio.ch.WEPollSelectorImpl@39e487ab processing 0 keys, 1 updates
13:46:12.442 [JettyServerThreadPool-35] DEBUG org.eclipse.jetty.io.ManagedSelector -- updateable 1
13:46:12.442 [JettyServerThreadPool-35] DEBUG org.eclipse.jetty.io.ManagedSelector -- update org.eclipse.jetty.io.ManagedSelector$StopSelector@3b27b497
13:46:12.442 [JettyServerThreadPool-35] DEBUG org.eclipse.jetty.io.ManagedSelector -- updates 0
13:46:12.442 [JettyServerThreadPool-35] DEBUG org.eclipse.jetty.util.thread.QueuedThreadPool -- ran org.eclipse.jetty.io.ManagedSelector$$Lambda/0x00000223902fcea0@7d199c68 in QueuedThreadPool[JettyServerThreadPool]@3051e0b2{STARTED,8<=9<=250,i=7,r=-1,t=59771ms,q=0}[ReservedThreadExecutor@39008c9f{reserved=1/12,pending=0}]
13:46:12.442 [JettyServerThreadPool-35] DEBUG org.eclipse.jetty.util.thread.QueuedThreadPool -- Evict check, period=60000ms QueuedThreadPool[JettyServerThreadPool]@3051e0b2{STARTED,8<=9<=250,i=8,r=-1,t=59771ms,q=0}[ReservedThreadExecutor@39008c9f{reserved=1/12,pending=0}]
13:46:12.442 [JettyServerThreadPool-35] DEBUG org.eclipse.jetty.util.thread.QueuedThreadPool -- Evict skipped, threshold=119771ms in the future QueuedThreadPool[JettyServerThreadPool]@3051e0b2{STARTED,8<=9<=250,i=8,r=-1,t=59771ms,q=0}[ReservedThreadExecutor@39008c9f{reserved=1/12,pending=0}]
13:46:12.442 [main] DEBUG org.eclipse.jetty.util.component.AbstractLifeCycle -- STOPPING AdaptiveExecutionStrategy@6794ac0b/SelectorProducer@7be71476/IDLE/p=false/QueuedThreadPool[JettyServerThreadPool]@3051e0b2{STARTED,8<=9<=250,i=8,r=-1,t=59771ms,q=0}[ReservedThreadExecutor@39008c9f{reserved=1/12,pending=0}][pc=0,pic=0,pec=0,epc=0]@2025-08-19T13:46:12.4429331-03:00
13:46:12.442 [main] DEBUG org.eclipse.jetty.util.component.AbstractLifeCycle -- STOPPED AdaptiveExecutionStrategy@6794ac0b/SelectorProducer@7be71476/IDLE/p=false/QueuedThreadPool[JettyServerThreadPool]@3051e0b2{STARTED,8<=9<=250,i=8,r=-1,t=59770ms,q=0}[ReservedThreadExecutor@39008c9f{reserved=1/12,pending=0}][pc=0,pic=0,pec=0,epc=0]@2025-08-19T13:46:12.4429331-03:00
13:46:12.442 [main] DEBUG org.eclipse.jetty.util.component.AbstractLifeCycle -- STOPPED ManagedSelector@5cb5bb88{STOPPED} id=0 keys=-1 selected=-1 updates=0
13:46:12.442 [main] DEBUG org.eclipse.jetty.util.component.AbstractLifeCycle -- STOPPED SelectorManager@ServerConnector@7c1c5936{HTTP/1.1, (http/1.1)}{0.0.0.0:0}
13:46:12.442 [main] DEBUG org.eclipse.jetty.util.component.AbstractLifeCycle -- STOPPING HttpConnectionFactory@44841b43[HTTP/1.1]
13:46:12.442 [main] DEBUG org.eclipse.jetty.util.component.AbstractLifeCycle -- STOPPED HttpConnectionFactory@44841b43[HTTP/1.1]
13:46:12.442 [main] DEBUG org.eclipse.jetty.util.component.AbstractLifeCycle -- STOPPING ScheduledExecutorScheduler@38018b62{STARTED}
13:46:12.442 [main] DEBUG org.eclipse.jetty.util.component.AbstractLifeCycle -- STOPPED ScheduledExecutorScheduler@38018b62{STOPPED}
13:46:12.442 [main] INFO org.eclipse.jetty.server.AbstractConnector -- Stopped ServerConnector@7c1c5936{HTTP/1.1, (http/1.1)}{0.0.0.0:0}
13:46:12.442 [main] DEBUG org.eclipse.jetty.util.component.AbstractLifeCycle -- STOPPED ServerConnector@7c1c5936{HTTP/1.1, (http/1.1)}{0.0.0.0:0}
13:46:12.442 [main] DEBUG org.eclipse.jetty.server.handler.AbstractHandler -- stopping Server@67e28be3{STOPPING}[11.0.20,sto=0]
13:46:12.442 [main] DEBUG org.eclipse.jetty.util.component.AbstractLifeCycle -- STOPPING DefaultSessionIdManager@14d8444b{STARTED}[worker=node0]
13:46:12.442 [main] DEBUG org.eclipse.jetty.util.component.AbstractLifeCycle -- STOPPING HouseKeeper@16a49a5d{STARTED}[interval=660000, ownscheduler=true]
13:46:12.442 [main] DEBUG org.eclipse.jetty.server.session.HouseKeeper -- node0 stopped scavenging
13:46:12.442 [main] DEBUG org.eclipse.jetty.util.component.AbstractLifeCycle -- STOPPING ScheduledExecutorScheduler@31d6f3fe{STARTED}
13:46:12.442 [main] DEBUG org.eclipse.jetty.util.component.AbstractLifeCycle -- STOPPED ScheduledExecutorScheduler@31d6f3fe{STOPPED}
13:46:12.442 [main] DEBUG org.eclipse.jetty.util.component.AbstractLifeCycle -- STOPPED HouseKeeper@16a49a5d{STOPPED}[interval=660000, ownscheduler=false]
13:46:12.445 [main] DEBUG org.eclipse.jetty.util.component.AbstractLifeCycle -- STOPPED DefaultSessionIdManager@14d8444b{STOPPED}[worker=node0]
13:46:12.445 [main] DEBUG org.eclipse.jetty.util.component.AbstractLifeCycle -- STOPPING DeflaterPool@7c29adc8{STARTED,size=0,capacity=250}
13:46:12.445 [main] DEBUG org.eclipse.jetty.util.Pool -- Closing Pool@4b2e3e8f[inUse=0,size=0,max=250,closed=false]
13:46:12.445 [main] DEBUG org.eclipse.jetty.util.component.AbstractLifeCycle -- STOPPED DeflaterPool@7c29adc8{STOPPED,size=-1,capacity=250}
13:46:12.445 [main] DEBUG org.eclipse.jetty.util.component.AbstractLifeCycle -- STOPPING InflaterPool@30e6a763{STARTED,size=0,capacity=250}
13:46:12.445 [main] DEBUG org.eclipse.jetty.util.Pool -- Closing Pool@4c48fe92[inUse=0,size=0,max=250,closed=false]
13:46:12.445 [main] DEBUG org.eclipse.jetty.util.component.AbstractLifeCycle -- STOPPED InflaterPool@30e6a763{STOPPED,size=-1,capacity=250}
13:46:12.445 [main] DEBUG org.eclipse.jetty.util.component.AbstractLifeCycle -- STOPPING ErrorHandler@63716833{STARTED}
13:46:12.445 [main] DEBUG org.eclipse.jetty.server.handler.AbstractHandler -- stopping ErrorHandler@63716833{STOPPING}
13:46:12.445 [main] DEBUG org.eclipse.jetty.util.component.AbstractLifeCycle -- STOPPED ErrorHandler@63716833{STOPPED}
13:46:12.445 [main] DEBUG org.eclipse.jetty.util.component.AbstractLifeCycle -- STOPPING StatisticsHandler@37b72ea{STARTED,r=0,d=0}
13:46:12.445 [main] DEBUG org.eclipse.jetty.server.handler.AbstractHandler -- stopping StatisticsHandler@37b72ea{STOPPING,r=0,d=0}
13:46:12.445 [main] DEBUG org.eclipse.jetty.util.component.AbstractLifeCycle -- STOPPING o.e.j.s.ServletContextHandler@5136207f{/,null,AVAILABLE}
13:46:12.445 [main] DEBUG org.eclipse.jetty.util.component.AbstractLifeCycle -- STOPPING WebSocketServerComponents@61e7bf2f{STARTED}
13:46:12.445 [main] DEBUG org.eclipse.jetty.util.component.AbstractLifeCycle -- STOPPED WebSocketServerComponents@61e7bf2f{STOPPED}
13:46:12.445 [main] DEBUG org.eclipse.jetty.util.component.AbstractLifeCycle -- STOPPING JettyWebSocketServerContainer@6bbe50c9{STARTED}
13:46:12.445 [main] DEBUG org.eclipse.jetty.util.component.AbstractLifeCycle -- STOPPING SessionTracker@68577ba8{STARTED}
13:46:12.445 [main] DEBUG org.eclipse.jetty.util.component.AbstractLifeCycle -- STOPPED SessionTracker@68577ba8{STOPPED}
13:46:12.445 [main] DEBUG org.eclipse.jetty.util.component.AbstractLifeCycle -- STOPPING JettyServerFrameHandlerFactory@3c46dcbe{STARTED}
13:46:12.445 [main] DEBUG org.eclipse.jetty.util.component.AbstractLifeCycle -- STOPPED JettyServerFrameHandlerFactory@3c46dcbe{STOPPED}
13:46:12.445 [main] DEBUG org.eclipse.jetty.util.component.AbstractLifeCycle -- STOPPED JettyWebSocketServerContainer@6bbe50c9{STOPPED}
13:46:12.445 [main] DEBUG org.eclipse.jetty.server.handler.AbstractHandler -- stopping o.e.j.s.ServletContextHandler@5136207f{/,null,STOPPED}
13:46:12.445 [main] DEBUG org.eclipse.jetty.util.component.AbstractLifeCycle -- STOPPING org.eclipse.jetty.server.session.SessionHandler418299920==dftMaxIdleSec=-1
13:46:12.445 [main] DEBUG org.eclipse.jetty.server.session.DefaultSessionCache -- Shutdown sessions, invalidating = false
13:46:12.445 [main] DEBUG org.eclipse.jetty.util.component.AbstractLifeCycle -- STOPPING org.eclipse.jetty.server.session.DefaultSessionCache@2eb917d0[evict=-1,removeUnloadable=false,saveOnCreate=false,saveOnInactiveEvict=false]
13:46:12.445 [main] DEBUG org.eclipse.jetty.util.component.AbstractLifeCycle -- STOPPING org.eclipse.jetty.server.session.NullSessionDataStore@6c806c8b[passivating=false,graceSec=3600]
13:46:12.445 [main] DEBUG org.eclipse.jetty.util.component.AbstractLifeCycle -- STOPPED org.eclipse.jetty.server.session.NullSessionDataStore@6c806c8b[passivating=false,graceSec=3600]
13:46:12.445 [main] DEBUG org.eclipse.jetty.util.component.AbstractLifeCycle -- STOPPED org.eclipse.jetty.server.session.DefaultSessionCache@2eb917d0[evict=-1,removeUnloadable=false,saveOnCreate=false,saveOnInactiveEvict=false]
13:46:12.445 [main] DEBUG org.eclipse.jetty.util.component.AbstractLifeCycle -- STOPPING ScheduledExecutorScheduler@165e389b{STARTED}
13:46:12.445 [main] DEBUG org.eclipse.jetty.util.component.AbstractLifeCycle -- STOPPED ScheduledExecutorScheduler@165e389b{STOPPED}
13:46:12.445 [main] DEBUG org.eclipse.jetty.server.handler.AbstractHandler -- stopping org.eclipse.jetty.server.session.SessionHandler418299920==dftMaxIdleSec=-1
13:46:12.445 [main] DEBUG org.eclipse.jetty.util.component.AbstractLifeCycle -- STOPPING ServletHandler@69da0b12{STARTED}
13:46:12.445 [main] DEBUG org.eclipse.jetty.server.handler.AbstractHandler -- stopping ServletHandler@69da0b12{STOPPING}
13:46:12.445 [main] DEBUG org.eclipse.jetty.util.component.AbstractLifeCycle -- STOPPING org.eclipse.jetty.servlet.ServletHandler$Default404Servlet-4e6f2bb5==org.eclipse.jetty.servlet.ServletHandler$Default404Servlet@b7968cf8{jsp=null,order=-1,inst=false,async=true,src=EMBEDDED:null,STARTED}
13:46:12.445 [main] DEBUG org.eclipse.jetty.util.component.AbstractLifeCycle -- STOPPED org.eclipse.jetty.servlet.ServletHandler$Default404Servlet-4e6f2bb5==org.eclipse.jetty.servlet.ServletHandler$Default404Servlet@b7968cf8{jsp=null,order=-1,inst=false,async=true,src=EMBEDDED:null,STOPPED}
13:46:12.445 [main] DEBUG org.eclipse.jetty.util.component.AbstractLifeCycle -- STOPPING io.javalin.jetty.JavalinJettyServlet-b016b4e==io.javalin.jetty.JavalinJettyServlet@23d44d92{jsp=null,order=-1,inst=true,async=true,src=EMBEDDED:null,STARTED}
13:46:12.447 [main] DEBUG org.eclipse.jetty.util.component.AbstractLifeCycle -- STOPPED io.javalin.jetty.JavalinJettyServlet-b016b4e==io.javalin.jetty.JavalinJettyServlet@23d44d92{jsp=null,order=-1,inst=false,async=true,src=EMBEDDED:null,STOPPED}
13:46:12.449 [main] DEBUG org.eclipse.jetty.servlet.ServletHandler -- Path=/*[EMBEDDED:null] mapped to servlet=io.javalin.jetty.JavalinJettyServlet-b016b4e[EMBEDDED:null]
13:46:12.449 [main] DEBUG org.eclipse.jetty.http.pathmap.ServletPathSpec -- Creating ServletPathSpec[/*] (group: PREFIX_GLOB, prefix: "", suffix: "null")
13:46:12.449 [main] DEBUG org.eclipse.jetty.http.pathmap.PathMappings -- Added MappedResource[pathSpec=ServletPathSpec@9457a78e{/*},resource=MappedServlet1645f294{/*->io.javalin.jetty.JavalinJettyServlet-b016b4e==io.javalin.jetty.JavalinJettyServlet@23d44d92{jsp=null,order=-1,inst=false,async=true,src=EMBEDDED:null,STOPPED}}] to PathMappings[size=1]
13:46:12.449 [main] DEBUG org.eclipse.jetty.servlet.ServletHandler -- filterNameMap={} pathFilters=[] servletFilterMap={} servletPathMap=PathMappings[size=1] servletNameMap={io.javalin.jetty.JavalinJettyServlet-b016b4e=MappedServlet6325f352{null->io.javalin.jetty.JavalinJettyServlet-b016b4e==io.javalin.jetty.JavalinJettyServlet@23d44d92{jsp=null,order=-1,inst=false,async=true,src=EMBEDDED:null,STOPPED}}}
13:46:12.449 [main] DEBUG org.eclipse.jetty.util.component.AbstractLifeCycle -- STOPPED ServletHandler@69da0b12{STOPPED}
13:46:12.449 [main] DEBUG org.eclipse.jetty.util.component.AbstractLifeCycle -- STOPPED org.eclipse.jetty.server.session.SessionHandler418299920==dftMaxIdleSec=-1
13:46:12.449 [main] DEBUG org.eclipse.jetty.util.component.AbstractLifeCycle -- STOPPING ServletContainerInitializerStarter@3900fa71{STARTED}
13:46:12.449 [main] DEBUG org.eclipse.jetty.util.component.AbstractLifeCycle -- STOPPING ContainerInitializer{org.eclipse.jetty.websocket.server.config.JettyWebSocketServletContainerInitializer,interested=[],applicable=[],annotated=[]}
13:46:12.449 [main] DEBUG org.eclipse.jetty.util.component.AbstractLifeCycle -- STOPPED ContainerInitializer{org.eclipse.jetty.websocket.server.config.JettyWebSocketServletContainerInitializer,interested=[],applicable=[],annotated=[]}
13:46:12.449 [main] DEBUG org.eclipse.jetty.util.component.AbstractLifeCycle -- STOPPED ServletContainerInitializerStarter@3900fa71{STOPPED}
13:46:12.449 [main] INFO org.eclipse.jetty.server.handler.ContextHandler -- Stopped o.e.j.s.ServletContextHandler@5136207f{/,null,STOPPED}
13:46:12.449 [main] DEBUG org.eclipse.jetty.util.component.AbstractLifeCycle -- STOPPED o.e.j.s.ServletContextHandler@5136207f{/,null,STOPPED}
13:46:12.449 [main] DEBUG org.eclipse.jetty.util.component.AbstractLifeCycle -- STOPPED StatisticsHandler@37b72ea{STOPPED,r=0,d=0}
13:46:12.449 [main] DEBUG org.eclipse.jetty.util.component.AbstractLifeCycle -- STOPPING LowResourceMonitor@486bc9a4{STARTED}
13:46:12.449 [main] DEBUG org.eclipse.jetty.util.component.AbstractLifeCycle -- STOPPING LRMScheduler@4aaae508{STARTED}
13:46:12.449 [main] DEBUG org.eclipse.jetty.util.component.AbstractLifeCycle -- STOPPED LRMScheduler@4aaae508{STOPPED}
13:46:12.449 [main] DEBUG org.eclipse.jetty.util.component.AbstractLifeCycle -- STOPPED LowResourceMonitor@486bc9a4{STOPPED}
13:46:12.449 [main] DEBUG org.eclipse.jetty.util.component.AbstractLifeCycle -- STOPPING AttributeContainerMap@15dd5ac2{size=1}
13:46:12.449 [main] DEBUG org.eclipse.jetty.util.component.AbstractLifeCycle -- STOPPED AttributeContainerMap@15dd5ac2{size=1}
13:46:12.449 [main] DEBUG org.eclipse.jetty.util.component.AbstractLifeCycle -- STOPPING QueuedThreadPool[JettyServerThreadPool]@3051e0b2{STARTED,8<=9<=250,i=8,r=-1,t=59762ms,q=0}[ReservedThreadExecutor@39008c9f{reserved=1/12,pending=0}]
13:46:12.449 [main] DEBUG org.eclipse.jetty.util.thread.QueuedThreadPool -- Stopping QueuedThreadPool[JettyServerThreadPool]@3051e0b2{STOPPING,8<=9<=250,i=8,r=-1,t=59762ms,q=0}[ReservedThreadExecutor@39008c9f{reserved=1/12,pending=0}]
13:46:12.449 [main] DEBUG org.eclipse.jetty.util.component.AbstractLifeCycle -- STOPPING ReservedThreadExecutor@39008c9f{reserved=1/12,pending=0}
13:46:12.449 [JettyServerThreadPool-41] DEBUG org.eclipse.jetty.util.thread.ReservedThreadExecutor -- ReservedThread@5530c795{RESERVED,thread=Thread[#41,JettyServerThreadPool-41,5,main]} task=STOP ReservedThreadExecutor@39008c9f{reserved=-1/12,pending=0}
13:46:12.449 [JettyServerThreadPool-41] DEBUG org.eclipse.jetty.util.thread.ReservedThreadExecutor -- ReservedThread@5530c795{RESERVED,thread=Thread[#41,JettyServerThreadPool-41,5,main]} exited ReservedThreadExecutor@39008c9f{reserved=-1/12,pending=0}
13:46:12.449 [JettyServerThreadPool-41] DEBUG org.eclipse.jetty.util.thread.QueuedThreadPool -- ran ReservedThread@5530c795{RESERVED,thread=null} in QueuedThreadPool[JettyServerThreadPool]@3051e0b2{STOPPING,8<=9<=250,i=8,r=-1,t=59762ms,q=0}[ReservedThreadExecutor@39008c9f{reserved=-1/12,pending=0}]
13:46:12.449 [JettyServerThreadPool-41] DEBUG org.eclipse.jetty.util.thread.QueuedThreadPool -- Evict check, period=60000ms QueuedThreadPool[JettyServerThreadPool]@3051e0b2{STOPPING,8<=9<=250,i=9,r=-1,t=59762ms,q=0}[ReservedThreadExecutor@39008c9f{reserved=-1/12,pending=0}]
13:46:12.449 [JettyServerThreadPool-41] DEBUG org.eclipse.jetty.util.thread.QueuedThreadPool -- Evict skipped, threshold=119762ms in the future QueuedThreadPool[JettyServerThreadPool]@3051e0b2{STOPPING,8<=9<=250,i=9,r=-1,t=59761ms,q=0}[ReservedThreadExecutor@39008c9f{reserved=-1/12,pending=0}]
13:46:12.449 [main] DEBUG org.eclipse.jetty.util.component.AbstractLifeCycle -- STOPPED ReservedThreadExecutor@39008c9f{reserved=-1/12,pending=0}
13:46:12.449 [main] DEBUG org.eclipse.jetty.util.thread.QueuedThreadPool -- Waiting for Thread[#35,JettyServerThreadPool-35,5,main] for 2499
13:46:12.449 [JettyServerThreadPool-39] DEBUG org.eclipse.jetty.util.thread.QueuedThreadPool -- run org.eclipse.jetty.util.thread.QueuedThreadPool$$Lambda/0x00000223902a37d0@25eaa2d in QueuedThreadPool[JettyServerThreadPool]@3051e0b2{STOPPING,8<=0<=250,i=9,r=-1,t=59759ms,q=0}[NO_TRY]
13:46:12.449 [JettyServerThreadPool-40] DEBUG org.eclipse.jetty.util.thread.QueuedThreadPool -- run org.eclipse.jetty.util.thread.QueuedThreadPool$$Lambda/0x00000223902a37d0@25eaa2d in QueuedThreadPool[JettyServerThreadPool]@3051e0b2{STOPPING,8<=0<=250,i=9,r=-1,t=59759ms,q=0}[NO_TRY]
13:46:12.455 [JettyServerThreadPool-38] DEBUG org.eclipse.jetty.util.thread.QueuedThreadPool -- run org.eclipse.jetty.util.thread.QueuedThreadPool$$Lambda/0x00000223902a37d0@25eaa2d in QueuedThreadPool[JettyServerThreadPool]@3051e0b2{STOPPING,8<=0<=250,i=9,r=-1,t=59759ms,q=0}[NO_TRY]
13:46:12.455 [JettyServerThreadPool-35] DEBUG org.eclipse.jetty.util.thread.QueuedThreadPool -- run org.eclipse.jetty.util.thread.QueuedThreadPool$$Lambda/0x00000223902a37d0@25eaa2d in QueuedThreadPool[JettyServerThreadPool]@3051e0b2{STOPPING,8<=0<=250,i=9,r=-1,t=59759ms,q=0}[NO_TRY]
13:46:12.455 [JettyServerThreadPool-36] DEBUG org.eclipse.jetty.util.thread.QueuedThreadPool -- run org.eclipse.jetty.util.thread.QueuedThreadPool$$Lambda/0x00000223902a37d0@25eaa2d in QueuedThreadPool[JettyServerThreadPool]@3051e0b2{STOPPING,8<=0<=250,i=9,r=-1,t=59759ms,q=0}[NO_TRY]
13:46:12.455 [JettyServerThreadPool-35] DEBUG org.eclipse.jetty.util.thread.QueuedThreadPool -- ran org.eclipse.jetty.util.thread.QueuedThreadPool$$Lambda/0x00000223902a37d0@25eaa2d in QueuedThreadPool[JettyServerThreadPool]@3051e0b2{STOPPING,8<=0<=250,i=9,r=-1,t=59759ms,q=0}[NO_TRY]
13:46:12.455 [JettyServerThreadPool-36] DEBUG org.eclipse.jetty.util.thread.QueuedThreadPool -- ran org.eclipse.jetty.util.thread.QueuedThreadPool$$Lambda/0x00000223902a37d0@25eaa2d in QueuedThreadPool[JettyServerThreadPool]@3051e0b2{STOPPING,8<=0<=250,i=9,r=-1,t=59759ms,q=0}[NO_TRY]
13:46:12.455 [JettyServerThreadPool-35] DEBUG org.eclipse.jetty.util.thread.QueuedThreadPool -- Evict skipped, no excess threads QueuedThreadPool[JettyServerThreadPool]@3051e0b2{STOPPING,8<=0<=250,i=10,r=-1,t=59758ms,q=0}[NO_TRY]
13:46:12.455 [JettyServerThreadPool-41] DEBUG org.eclipse.jetty.util.thread.QueuedThreadPool -- run org.eclipse.jetty.util.thread.QueuedThreadPool$$Lambda/0x00000223902a37d0@25eaa2d in QueuedThreadPool[JettyServerThreadPool]@3051e0b2{STOPPING,8<=0<=250,i=10,r=-1,t=59758ms,q=0}[NO_TRY]
13:46:12.455 [JettyServerThreadPool-36] DEBUG org.eclipse.jetty.util.thread.QueuedThreadPool -- Evict skipped, no excess threads QueuedThreadPool[JettyServerThreadPool]@3051e0b2{STOPPING,8<=0<=250,i=11,r=-1,t=59758ms,q=0}[NO_TRY]
13:46:12.455 [JettyServerThreadPool-41] DEBUG org.eclipse.jetty.util.thread.QueuedThreadPool -- ran org.eclipse.jetty.util.thread.QueuedThreadPool$$Lambda/0x00000223902a37d0@25eaa2d in QueuedThreadPool[JettyServerThreadPool]@3051e0b2{STOPPING,8<=0<=250,i=11,r=-1,t=59758ms,q=0}[NO_TRY]
13:46:12.455 [JettyServerThreadPool-35] DEBUG org.eclipse.jetty.util.thread.QueuedThreadPool -- Thread[#35,JettyServerThreadPool-35,5,main] exited for QueuedThreadPool[JettyServerThreadPool]@3051e0b2{STOPPING,8<=0<=250,i=12,r=-1,t=59758ms,q=0}[NO_TRY]
13:46:12.455 [JettyServerThreadPool-40] DEBUG org.eclipse.jetty.util.thread.QueuedThreadPool -- ran org.eclipse.jetty.util.thread.QueuedThreadPool$$Lambda/0x00000223902a37d0@25eaa2d in QueuedThreadPool[JettyServerThreadPool]@3051e0b2{STOPPING,8<=0<=250,i=9,r=-1,t=59759ms,q=0}[NO_TRY]
13:46:12.455 [JettyServerThreadPool-40] DEBUG org.eclipse.jetty.util.thread.QueuedThreadPool -- Evict skipped, no excess threads QueuedThreadPool[JettyServerThreadPool]@3051e0b2{STOPPING,8<=0<=250,i=13,r=-1,t=59758ms,q=0}[NO_TRY]
13:46:12.455 [JettyServerThreadPool-40] DEBUG org.eclipse.jetty.util.thread.QueuedThreadPool -- Thread[#40,JettyServerThreadPool-40,5,main] exited for QueuedThreadPool[JettyServerThreadPool]@3051e0b2{STOPPING,8<=0<=250,i=13,r=-1,t=59758ms,q=0}[NO_TRY]
13:46:12.456 [main] DEBUG org.eclipse.jetty.util.thread.QueuedThreadPool -- Waiting for Thread[#38,JettyServerThreadPool-38,5,main] for 2498
13:46:12.449 [JettyServerThreadPool-42] DEBUG org.eclipse.jetty.util.thread.QueuedThreadPool -- run org.eclipse.jetty.util.thread.QueuedThreadPool$$Lambda/0x00000223902a37d0@25eaa2d in QueuedThreadPool[JettyServerThreadPool]@3051e0b2{STOPPING,8<=0<=250,i=9,r=-1,t=59759ms,q=0}[NO_TRY]
13:46:12.455 [JettyServerThreadPool-52] DEBUG org.eclipse.jetty.util.thread.QueuedThreadPool -- run org.eclipse.jetty.util.thread.QueuedThreadPool$$Lambda/0x00000223902a37d0@25eaa2d in QueuedThreadPool[JettyServerThreadPool]@3051e0b2{STOPPING,8<=0<=250,i=9,r=-1,t=59759ms,q=0}[NO_TRY]
13:46:12.455 [JettyServerThreadPool-39] DEBUG org.eclipse.jetty.util.thread.QueuedThreadPool -- ran org.eclipse.jetty.util.thread.QueuedThreadPool$$Lambda/0x00000223902a37d0@25eaa2d in QueuedThreadPool[JettyServerThreadPool]@3051e0b2{STOPPING,8<=0<=250,i=9,r=-1,t=59759ms,q=0}[NO_TRY]
13:46:12.456 [JettyServerThreadPool-42] DEBUG org.eclipse.jetty.util.thread.QueuedThreadPool -- ran org.eclipse.jetty.util.thread.QueuedThreadPool$$Lambda/0x00000223902a37d0@25eaa2d in QueuedThreadPool[JettyServerThreadPool]@3051e0b2{STOPPING,8<=0<=250,i=13,r=-1,t=59757ms,q=0}[NO_TRY]
13:46:12.455 [JettyServerThreadPool-37] DEBUG org.eclipse.jetty.util.thread.QueuedThreadPool -- run org.eclipse.jetty.util.thread.QueuedThreadPool$$Lambda/0x00000223902a37d0@25eaa2d in QueuedThreadPool[JettyServerThreadPool]@3051e0b2{STOPPING,8<=0<=250,i=9,r=-1,t=59759ms,q=0}[NO_TRY]
13:46:12.456 [JettyServerThreadPool-42] DEBUG org.eclipse.jetty.util.thread.QueuedThreadPool -- Evict skipped, no excess threads QueuedThreadPool[JettyServerThreadPool]@3051e0b2{STOPPING,8<=0<=250,i=15,r=-1,t=59757ms,q=0}[NO_TRY]
13:46:12.456 [JettyServerThreadPool-39] DEBUG org.eclipse.jetty.util.thread.QueuedThreadPool -- Evict skipped, no excess threads QueuedThreadPool[JettyServerThreadPool]@3051e0b2{STOPPING,8<=0<=250,i=15,r=-1,t=59757ms,q=0}[NO_TRY]
13:46:12.456 [JettyServerThreadPool-42] DEBUG org.eclipse.jetty.util.thread.QueuedThreadPool -- Thread[#42,JettyServerThreadPool-42,5,main] exited for QueuedThreadPool[JettyServerThreadPool]@3051e0b2{STOPPING,8<=0<=250,i=15,r=-1,t=59757ms,q=0}[NO_TRY]
13:46:12.456 [JettyServerThreadPool-37] DEBUG org.eclipse.jetty.util.thread.QueuedThreadPool -- ran org.eclipse.jetty.util.thread.QueuedThreadPool$$Lambda/0x00000223902a37d0@25eaa2d in QueuedThreadPool[JettyServerThreadPool]@3051e0b2{STOPPING,8<=0<=250,i=15,r=-1,t=59757ms,q=0}[NO_TRY]
13:46:12.455 [JettyServerThreadPool-36] DEBUG org.eclipse.jetty.util.thread.QueuedThreadPool -- Thread[#36,JettyServerThreadPool-36,5,main] exited for QueuedThreadPool[JettyServerThreadPool]@3051e0b2{STOPPING,8<=0<=250,i=12,r=-1,t=59758ms,q=0}[NO_TRY]
13:46:12.456 [JettyServerThreadPool-37] DEBUG org.eclipse.jetty.util.thread.QueuedThreadPool -- Evict skipped, no excess threads QueuedThreadPool[JettyServerThreadPool]@3051e0b2{STOPPING,8<=0<=250,i=16,r=-1,t=59757ms,q=0}[NO_TRY]
13:46:12.455 [JettyServerThreadPool-41] DEBUG org.eclipse.jetty.util.thread.QueuedThreadPool -- Evict skipped, no excess threads QueuedThreadPool[JettyServerThreadPool]@3051e0b2{STOPPING,8<=0<=250,i=12,r=-1,t=59758ms,q=0}[NO_TRY]
13:46:12.455 [JettyServerThreadPool-38] DEBUG org.eclipse.jetty.util.thread.QueuedThreadPool -- ran org.eclipse.jetty.util.thread.QueuedThreadPool$$Lambda/0x00000223902a37d0@25eaa2d in QueuedThreadPool[JettyServerThreadPool]@3051e0b2{STOPPING,8<=0<=250,i=13,r=-1,t=59758ms,q=0}[NO_TRY]
13:46:12.456 [JettyServerThreadPool-38] DEBUG org.eclipse.jetty.util.thread.QueuedThreadPool -- Evict skipped, no excess threads QueuedThreadPool[JettyServerThreadPool]@3051e0b2{STOPPING,8<=0<=250,i=17,r=-1,t=59757ms,q=0}[NO_TRY]
13:46:12.456 [JettyServerThreadPool-41] DEBUG org.eclipse.jetty.util.thread.QueuedThreadPool -- Thread[#41,JettyServerThreadPool-41,5,main] exited for QueuedThreadPool[JettyServerThreadPool]@3051e0b2{STOPPING,8<=0<=250,i=17,r=-1,t=59757ms,q=0}[NO_TRY]
13:46:12.456 [JettyServerThreadPool-38] DEBUG org.eclipse.jetty.util.thread.QueuedThreadPool -- Thread[#38,JettyServerThreadPool-38,5,main] exited for QueuedThreadPool[JettyServerThreadPool]@3051e0b2{STOPPING,8<=0<=250,i=17,r=-1,t=59757ms,q=0}[NO_TRY]
13:46:12.456 [JettyServerThreadPool-52] DEBUG org.eclipse.jetty.util.thread.QueuedThreadPool -- ran org.eclipse.jetty.util.thread.QueuedThreadPool$$Lambda/0x00000223902a37d0@25eaa2d in QueuedThreadPool[JettyServerThreadPool]@3051e0b2{STOPPING,8<=0<=250,i=13,r=-1,t=59757ms,q=0}[NO_TRY]
13:46:12.456 [JettyServerThreadPool-39] DEBUG org.eclipse.jetty.util.thread.QueuedThreadPool -- Thread[#39,JettyServerThreadPool-39,5,main] exited for QueuedThreadPool[JettyServerThreadPool]@3051e0b2{STOPPING,8<=0<=250,i=15,r=-1,t=59757ms,q=0}[NO_TRY]
13:46:12.456 [JettyServerThreadPool-52] DEBUG org.eclipse.jetty.util.thread.QueuedThreadPool -- Evict skipped, no excess threads QueuedThreadPool[JettyServerThreadPool]@3051e0b2{STOPPING,8<=0<=250,i=18,r=-1,t=59757ms,q=0}[NO_TRY]
13:46:12.456 [JettyServerThreadPool-37] DEBUG org.eclipse.jetty.util.thread.QueuedThreadPool -- Thread[#37,JettyServerThreadPool-37,5,main] exited for QueuedThreadPool[JettyServerThreadPool]@3051e0b2{STOPPING,8<=0<=250,i=16,r=-1,t=59757ms,q=0}[NO_TRY]
13:46:12.457 [main] DEBUG org.eclipse.jetty.util.thread.QueuedThreadPool -- Waiting for Thread[#37,JettyServerThreadPool-37,5,main] for 2497
13:46:12.457 [JettyServerThreadPool-52] DEBUG org.eclipse.jetty.util.thread.QueuedThreadPool -- Thread[#52,JettyServerThreadPool-52,5,main] exited for QueuedThreadPool[JettyServerThreadPool]@3051e0b2{STOPPING,8<=0<=250,i=18,r=-1,t=59757ms,q=0}[NO_TRY]
13:46:12.457 [main] DEBUG org.eclipse.jetty.util.component.AbstractLifeCycle -- STOPPED QueuedThreadPool[JettyServerThreadPool]@3051e0b2{STOPPED,8<=0<=250,i=18,r=-1,t=59756ms,q=0}[NO_TRY]
13:46:12.457 [main] DEBUG org.eclipse.jetty.util.component.AbstractLifeCycle -- STOPPED Server@67e28be3{STOPPED}[11.0.20,sto=0]
13:46:12.457 [main] INFO io.javalin.Javalin -- Javalin has stopped
]]></system-out>
    <system-err><![CDATA[WARNING: A Java agent has been loaded dynamically (C:\Users\vista\.m2\repository\net\bytebuddy\byte-buddy-agent\1.14.15\byte-buddy-agent-1.14.15.jar)
WARNING: If a serviceability tool is in use, please run with -XX:+EnableDynamicAgentLoading to hide this warning
WARNING: If a serviceability tool is not in use, please run with -Djdk.instrument.traceUsage for more information
WARNING: Dynamic loading of agents will be disallowed by default in a future release
]]></system-err>
  </testcase>
  <testcase name="postToPrintValidade_withValidRequest_shouldReturn200" classname="br.com.espacovista.controller.PrintControllerIntegrationTest" time="0.113">
    <system-out><![CDATA[13:46:12.520 [main] DEBUG org.eclipse.jetty.util.component.ContainerLifeCycle -- QueuedThreadPool[qtp1218496682]@48a0c8aa{STOPPED,8<=0<=250,i=0,r=-1,t=-5158692ms,q=0}[NO_TRY] added {org.eclipse.jetty.util.thread.ThreadPoolBudget@6192a5d5,POJO}
13:46:12.520 [main] DEBUG org.eclipse.jetty.util.component.ContainerLifeCycle -- Server@3722c145{STOPPED}[11.0.20,sto=0] added {QueuedThreadPool[JettyServerThreadPool]@48a0c8aa{STOPPED,8<=0<=250,i=0,r=-1,t=-5158692ms,q=0}[NO_TRY],AUTO}
13:46:12.520 [main] DEBUG org.eclipse.jetty.util.component.ContainerLifeCycle -- Server@3722c145{STOPPED}[11.0.20,sto=0] added {AttributeContainerMap@4cbc2e3b{size=0},AUTO}
13:46:12.520 [main] DEBUG org.eclipse.jetty.util.component.ContainerLifeCycle -- Server@3722c145{STOPPED}[11.0.20,sto=0] added {LowResourceMonitor@2975a9e{STOPPED},AUTO}
13:46:12.520 [main] DEBUG org.eclipse.jetty.util.component.ContainerLifeCycle -- Server@3722c145{STOPPED}[11.0.20,sto=0] added {StatisticsHandler@765ffb14{STOPPED,r=0,d=0},MANAGED}
13:46:12.520 [main] DEBUG org.eclipse.jetty.util.component.ContainerLifeCycle -- AttributeContainerMap@4cbc2e3b{size=1} added {true,POJO}
13:46:12.520 [main] DEBUG org.eclipse.jetty.util.component.ContainerLifeCycle -- o.e.j.s.ServletContextHandler@57562473{/,null,STOPPED} added {org.eclipse.jetty.server.session.SessionHandler2050360660==dftMaxIdleSec=-1,MANAGED}
13:46:12.520 [main] DEBUG org.eclipse.jetty.util.component.ContainerLifeCycle -- org.eclipse.jetty.server.session.SessionHandler2050360660==dftMaxIdleSec=-1 added {ServletHandler@424de326{STOPPED},MANAGED}
13:46:12.522 [main] DEBUG org.eclipse.jetty.util.component.ContainerLifeCycle -- o.e.j.s.ServletContextHandler@57562473{/,null,STOPPED} added {ServletContainerInitializerStarter@4bc33720{STOPPED},MANAGED}
13:46:12.522 [main] DEBUG org.eclipse.jetty.util.component.ContainerLifeCycle -- ServletContainerInitializerStarter@4bc33720{STOPPED} added {ContainerInitializer{org.eclipse.jetty.websocket.server.config.JettyWebSocketServletContainerInitializer,interested=[],applicable=[],annotated=[]},MANAGED}
13:46:12.522 [main] DEBUG org.eclipse.jetty.util.component.ContainerLifeCycle -- o.e.j.s.ServletContextHandler@57562473{/,null,STOPPED} added {org.eclipse.jetty.server.session.SessionHandler1249890505==dftMaxIdleSec=-1,MANAGED}
13:46:12.522 [main] DEBUG org.eclipse.jetty.util.component.ContainerLifeCycle -- org.eclipse.jetty.server.session.SessionHandler1249890505==dftMaxIdleSec=-1 added {ServletHandler@424de326{STOPPED},MANAGED}
13:46:12.522 [main] DEBUG org.eclipse.jetty.util.component.ContainerLifeCycle -- ServletHandler@424de326{STOPPED} added {io.javalin.jetty.JavalinJettyServlet-18578491==io.javalin.jetty.JavalinJettyServlet@229c054b{jsp=null,order=-1,inst=false,async=true,src=EMBEDDED:null,STOPPED},AUTO}
13:46:12.522 [main] DEBUG org.eclipse.jetty.util.component.ContainerLifeCycle -- ServletHandler@424de326{STOPPED} added {[/*]=>io.javalin.jetty.JavalinJettyServlet-18578491,POJO}
13:46:12.522 [main] DEBUG org.eclipse.jetty.util.component.ContainerLifeCycle -- StatisticsHandler@765ffb14{STOPPED,r=0,d=0} added {o.e.j.s.ServletContextHandler@57562473{/,null,STOPPED},MANAGED}
13:46:12.522 [main] DEBUG org.eclipse.jetty.util.component.ContainerLifeCycle -- HttpConnectionFactory@3291b443[HTTP/1.1] added {HttpConfiguration@671c4166{32768/8192,8192/8192,https://:0,[]},POJO}
13:46:12.522 [main] DEBUG org.eclipse.jetty.util.component.ContainerLifeCycle -- ServerConnector@53d13cd4{null, ()}{0.0.0.0:0} added {QueuedThreadPool[JettyServerThreadPool]@48a0c8aa{STOPPED,8<=0<=250,i=0,r=-1,t=-5158694ms,q=0}[NO_TRY],AUTO}
13:46:12.522 [main] DEBUG org.eclipse.jetty.util.component.ContainerLifeCycle -- ServerConnector@53d13cd4{null, ()}{0.0.0.0:0} added {ScheduledExecutorScheduler@77865933{STOPPED},AUTO}
13:46:12.522 [main] DEBUG org.eclipse.jetty.util.component.ContainerLifeCycle -- Server@3722c145{STOPPED}[11.0.20,sto=0] added {LogarithmicArrayByteBufferPool@480ad82c{minBufferCapacity=0, maxBufferCapacity=65536, maxQueueLength=-1, factor=4096},POJO}
13:46:12.522 [main] DEBUG org.eclipse.jetty.util.component.ContainerLifeCycle -- ServerConnector@53d13cd4{null, ()}{0.0.0.0:0} added {LogarithmicArrayByteBufferPool@480ad82c{minBufferCapacity=0, maxBufferCapacity=65536, maxQueueLength=-1, factor=4096},UNMANAGED}
13:46:12.522 [main] DEBUG org.eclipse.jetty.util.component.ContainerLifeCycle -- ServerConnector@53d13cd4{null, ()}{0.0.0.0:0} added {org.eclipse.jetty.io.LogarithmicArrayByteBufferPool$LogarithmicRetainablePool@4d18b73a{min=0,max=65536,buckets=17,heap=0/-1,direct=0/-1},POJO}
13:46:12.522 [main] DEBUG org.eclipse.jetty.util.component.ContainerLifeCycle -- ServerConnector@53d13cd4{null, ()}{0.0.0.0:0} added {org.eclipse.jetty.server.AbstractConnector$1@177515d1,POJO}
13:46:12.522 [main] DEBUG org.eclipse.jetty.util.component.ContainerLifeCycle -- ServerConnector@53d13cd4{null, (http/1.1)}{0.0.0.0:0} added {HttpConnectionFactory@3291b443[HTTP/1.1],AUTO}
13:46:12.522 [main] DEBUG org.eclipse.jetty.server.AbstractConnector -- ServerConnector@53d13cd4{HTTP/1.1, (http/1.1)}{0.0.0.0:0} added HttpConnectionFactory@3291b443[HTTP/1.1]
13:46:12.522 [main] DEBUG org.eclipse.jetty.util.component.ContainerLifeCycle -- ServerConnector@53d13cd4{HTTP/1.1, (http/1.1)}{0.0.0.0:0} added {SelectorManager@ServerConnector@53d13cd4{HTTP/1.1, (http/1.1)}{0.0.0.0:0},MANAGED}
13:46:12.522 [main] DEBUG org.eclipse.jetty.util.component.ContainerLifeCycle -- Server@3722c145{STOPPED}[11.0.20,sto=0] added {ServerConnector@53d13cd4{HTTP/1.1, (http/1.1)}{0.0.0.0:0},AUTO}
13:46:12.522 [main] INFO io.javalin.Javalin -- Starting Javalin ...
13:46:12.522 [main] DEBUG org.eclipse.jetty.util.component.AbstractLifeCycle -- STARTING Server@3722c145{STOPPED}[11.0.20,sto=0]
13:46:12.522 [main] DEBUG org.eclipse.jetty.util.component.ContainerLifeCycle -- Server@3722c145{STARTING}[11.0.20,sto=0] added {ErrorHandler@52ff99cd{STOPPED},AUTO}
13:46:12.522 [main] INFO org.eclipse.jetty.server.Server -- jetty-11.0.20; built: 2024-01-29T21:04:22.394Z; git: 922f8dc188f7011e60d0361de585fd4ac4d63064; jvm 21.0.7+8-LTS-245
13:46:12.524 [main] DEBUG org.eclipse.jetty.server.AbstractConnector -- Could not configure SO_REUSEPORT to false on sun.nio.ch.ServerSocketChannelImpl[unbound]
java.lang.UnsupportedOperationException: 'SO_REUSEPORT' not supported
	at java.base/sun.nio.ch.ServerSocketChannelImpl.setOption(ServerSocketChannelImpl.java:219)
	at org.eclipse.jetty.server.ServerConnector.setSocketOption(ServerConnector.java:355)
	at org.eclipse.jetty.server.ServerConnector.openAcceptChannel(ServerConnector.java:336)
	at org.eclipse.jetty.server.ServerConnector.open(ServerConnector.java:304)
	at org.eclipse.jetty.server.Server.lambda$doStart$0(Server.java:402)
	at java.base/java.util.stream.ForEachOps$ForEachOp$OfRef.accept(ForEachOps.java:184)
	at java.base/java.util.stream.ReferencePipeline$3$1.accept(ReferencePipeline.java:197)
	at java.base/java.util.stream.ReferencePipeline$2$1.accept(ReferencePipeline.java:179)
	at java.base/java.util.Spliterators$ArraySpliterator.forEachRemaining(Spliterators.java:1024)
	at java.base/java.util.stream.AbstractPipeline.copyInto(AbstractPipeline.java:509)
	at java.base/java.util.stream.AbstractPipeline.wrapAndCopyInto(AbstractPipeline.java:499)
	at java.base/java.util.stream.ForEachOps$ForEachOp.evaluateSequential(ForEachOps.java:151)
	at java.base/java.util.stream.ForEachOps$ForEachOp$OfRef.evaluateSequential(ForEachOps.java:174)
	at java.base/java.util.stream.AbstractPipeline.evaluate(AbstractPipeline.java:234)
	at java.base/java.util.stream.ReferencePipeline.forEach(ReferencePipeline.java:596)
	at org.eclipse.jetty.server.Server.doStart(Server.java:398)
	at org.eclipse.jetty.util.component.AbstractLifeCycle.start(AbstractLifeCycle.java:93)
	at io.javalin.jetty.JettyServer.start(JettyServer.kt:93)
	at io.javalin.Javalin.start(Javalin.java:123)
	at br.com.espacovista.controller.PrintControllerIntegrationTest.setUp(PrintControllerIntegrationTest.java:40)
	at java.base/jdk.internal.reflect.DirectMethodHandleAccessor.invoke(DirectMethodHandleAccessor.java:103)
	at java.base/java.lang.reflect.Method.invoke(Method.java:580)
	at org.junit.platform.commons.util.ReflectionUtils.invokeMethod(ReflectionUtils.java:728)
	at org.junit.jupiter.engine.execution.MethodInvocation.proceed(MethodInvocation.java:60)
	at org.junit.jupiter.engine.execution.InvocationInterceptorChain$ValidatingInvocation.proceed(InvocationInterceptorChain.java:131)
	at org.junit.jupiter.engine.extension.TimeoutExtension.intercept(TimeoutExtension.java:156)
	at org.junit.jupiter.engine.extension.TimeoutExtension.interceptLifecycleMethod(TimeoutExtension.java:128)
	at org.junit.jupiter.engine.extension.TimeoutExtension.interceptBeforeEachMethod(TimeoutExtension.java:78)
	at org.junit.jupiter.engine.execution.InterceptingExecutableInvoker$ReflectiveInterceptorCall.lambda$ofVoidMethod$0(InterceptingExecutableInvoker.java:103)
	at org.junit.jupiter.engine.execution.InterceptingExecutableInvoker.lambda$invoke$0(InterceptingExecutableInvoker.java:93)
	at org.junit.jupiter.engine.execution.InvocationInterceptorChain$InterceptedInvocation.proceed(InvocationInterceptorChain.java:106)
	at org.junit.jupiter.engine.execution.InvocationInterceptorChain.proceed(InvocationInterceptorChain.java:64)
	at org.junit.jupiter.engine.execution.InvocationInterceptorChain.chainAndInvoke(InvocationInterceptorChain.java:45)
	at org.junit.jupiter.engine.execution.InvocationInterceptorChain.invoke(InvocationInterceptorChain.java:37)
	at org.junit.jupiter.engine.execution.InterceptingExecutableInvoker.invoke(InterceptingExecutableInvoker.java:92)
	at org.junit.jupiter.engine.execution.InterceptingExecutableInvoker.invoke(InterceptingExecutableInvoker.java:86)
	at org.junit.jupiter.engine.descriptor.ClassBasedTestDescriptor.invokeMethodInExtensionContext(ClassBasedTestDescriptor.java:521)
	at org.junit.jupiter.engine.descriptor.ClassBasedTestDescriptor.lambda$synthesizeBeforeEachMethodAdapter$23(ClassBasedTestDescriptor.java:506)
	at org.junit.jupiter.engine.descriptor.TestMethodTestDescriptor.lambda$invokeBeforeEachMethods$3(TestMethodTestDescriptor.java:175)
	at org.junit.jupiter.engine.descriptor.TestMethodTestDescriptor.lambda$invokeBeforeMethodsOrCallbacksUntilExceptionOccurs$6(TestMethodTestDescriptor.java:203)
	at org.junit.platform.engine.support.hierarchical.ThrowableCollector.execute(ThrowableCollector.java:73)
	at org.junit.jupiter.engine.descriptor.TestMethodTestDescriptor.invokeBeforeMethodsOrCallbacksUntilExceptionOccurs(TestMethodTestDescriptor.java:203)
	at org.junit.jupiter.engine.descriptor.TestMethodTestDescriptor.invokeBeforeEachMethods(TestMethodTestDescriptor.java:172)
	at org.junit.jupiter.engine.descriptor.TestMethodTestDescriptor.execute(TestMethodTestDescriptor.java:135)
	at org.junit.jupiter.engine.descriptor.TestMethodTestDescriptor.execute(TestMethodTestDescriptor.java:69)
	at org.junit.platform.engine.support.hierarchical.NodeTestTask.lambda$executeRecursively$6(NodeTestTask.java:151)
	at org.junit.platform.engine.support.hierarchical.ThrowableCollector.execute(ThrowableCollector.java:73)
	at org.junit.platform.engine.support.hierarchical.NodeTestTask.lambda$executeRecursively$8(NodeTestTask.java:141)
	at org.junit.platform.engine.support.hierarchical.Node.around(Node.java:137)
	at org.junit.platform.engine.support.hierarchical.NodeTestTask.lambda$executeRecursively$9(NodeTestTask.java:139)
	at org.junit.platform.engine.support.hierarchical.ThrowableCollector.execute(ThrowableCollector.java:73)
	at org.junit.platform.engine.support.hierarchical.NodeTestTask.executeRecursively(NodeTestTask.java:138)
	at org.junit.platform.engine.support.hierarchical.NodeTestTask.execute(NodeTestTask.java:95)
	at java.base/java.util.ArrayList.forEach(ArrayList.java:1596)
	at org.junit.platform.engine.support.hierarchical.SameThreadHierarchicalTestExecutorService.invokeAll(SameThreadHierarchicalTestExecutorService.java:41)
	at org.junit.platform.engine.support.hierarchical.NodeTestTask.lambda$executeRecursively$6(NodeTestTask.java:155)
	at org.junit.platform.engine.support.hierarchical.ThrowableCollector.execute(ThrowableCollector.java:73)
	at org.junit.platform.engine.support.hierarchical.NodeTestTask.lambda$executeRecursively$8(NodeTestTask.java:141)
	at org.junit.platform.engine.support.hierarchical.Node.around(Node.java:137)
	at org.junit.platform.engine.support.hierarchical.NodeTestTask.lambda$executeRecursively$9(NodeTestTask.java:139)
	at org.junit.platform.engine.support.hierarchical.ThrowableCollector.execute(ThrowableCollector.java:73)
	at org.junit.platform.engine.support.hierarchical.NodeTestTask.executeRecursively(NodeTestTask.java:138)
	at org.junit.platform.engine.support.hierarchical.NodeTestTask.execute(NodeTestTask.java:95)
	at java.base/java.util.ArrayList.forEach(ArrayList.java:1596)
	at org.junit.platform.engine.support.hierarchical.SameThreadHierarchicalTestExecutorService.invokeAll(SameThreadHierarchicalTestExecutorService.java:41)
	at org.junit.platform.engine.support.hierarchical.NodeTestTask.lambda$executeRecursively$6(NodeTestTask.java:155)
	at org.junit.platform.engine.support.hierarchical.ThrowableCollector.execute(ThrowableCollector.java:73)
	at org.junit.platform.engine.support.hierarchical.NodeTestTask.lambda$executeRecursively$8(NodeTestTask.java:141)
	at org.junit.platform.engine.support.hierarchical.Node.around(Node.java:137)
	at org.junit.platform.engine.support.hierarchical.NodeTestTask.lambda$executeRecursively$9(NodeTestTask.java:139)
	at org.junit.platform.engine.support.hierarchical.ThrowableCollector.execute(ThrowableCollector.java:73)
	at org.junit.platform.engine.support.hierarchical.NodeTestTask.executeRecursively(NodeTestTask.java:138)
	at org.junit.platform.engine.support.hierarchical.NodeTestTask.execute(NodeTestTask.java:95)
	at org.junit.platform.engine.support.hierarchical.SameThreadHierarchicalTestExecutorService.submit(SameThreadHierarchicalTestExecutorService.java:35)
	at org.junit.platform.engine.support.hierarchical.HierarchicalTestExecutor.execute(HierarchicalTestExecutor.java:57)
	at org.junit.platform.engine.support.hierarchical.HierarchicalTestEngine.execute(HierarchicalTestEngine.java:54)
	at org.junit.platform.launcher.core.EngineExecutionOrchestrator.execute(EngineExecutionOrchestrator.java:198)
	at org.junit.platform.launcher.core.EngineExecutionOrchestrator.execute(EngineExecutionOrchestrator.java:169)
	at org.junit.platform.launcher.core.EngineExecutionOrchestrator.execute(EngineExecutionOrchestrator.java:93)
	at org.junit.platform.launcher.core.EngineExecutionOrchestrator.lambda$execute$0(EngineExecutionOrchestrator.java:58)
	at org.junit.platform.launcher.core.EngineExecutionOrchestrator.withInterceptedStreams(EngineExecutionOrchestrator.java:141)
	at org.junit.platform.launcher.core.EngineExecutionOrchestrator.execute(EngineExecutionOrchestrator.java:57)
	at org.junit.platform.launcher.core.DefaultLauncher.execute(DefaultLauncher.java:103)
	at org.junit.platform.launcher.core.DefaultLauncher.execute(DefaultLauncher.java:85)
	at org.junit.platform.launcher.core.DelegatingLauncher.execute(DelegatingLauncher.java:47)
	at org.apache.maven.surefire.junitplatform.LazyLauncher.execute(LazyLauncher.java:56)
	at org.apache.maven.surefire.junitplatform.JUnitPlatformProvider.execute(JUnitPlatformProvider.java:184)
	at org.apache.maven.surefire.junitplatform.JUnitPlatformProvider.invokeAllTests(JUnitPlatformProvider.java:148)
	at org.apache.maven.surefire.junitplatform.JUnitPlatformProvider.invoke(JUnitPlatformProvider.java:122)
	at org.apache.maven.surefire.booter.ForkedBooter.runSuitesInProcess(ForkedBooter.java:385)
	at org.apache.maven.surefire.booter.ForkedBooter.execute(ForkedBooter.java:162)
	at org.apache.maven.surefire.booter.ForkedBooter.run(ForkedBooter.java:507)
	at org.apache.maven.surefire.booter.ForkedBooter.main(ForkedBooter.java:495)
13:46:12.524 [main] DEBUG org.eclipse.jetty.util.component.ContainerLifeCycle -- ServerConnector@53d13cd4{HTTP/1.1, (http/1.1)}{0.0.0.0:50249} added {sun.nio.ch.ServerSocketChannelImpl[/[0:0:0:0:0:0:0:0]:50249],POJO}
13:46:12.524 [main] DEBUG org.eclipse.jetty.server.handler.AbstractHandler -- starting Server@3722c145{STARTING}[11.0.20,sto=0]
13:46:12.524 [main] DEBUG org.eclipse.jetty.util.component.AbstractLifeCycle -- STARTING QueuedThreadPool[JettyServerThreadPool]@48a0c8aa{STOPPED,8<=0<=250,i=0,r=-1,t=-5158697ms,q=0}[NO_TRY]
13:46:12.524 [main] DEBUG org.eclipse.jetty.util.thread.ReservedThreadExecutor -- ReservedThreadExecutor@44032fde{reserved=0/12,pending=0}
13:46:12.524 [main] DEBUG org.eclipse.jetty.util.component.ContainerLifeCycle -- QueuedThreadPool[JettyServerThreadPool]@48a0c8aa{STARTING,8<=0<=250,i=0,r=-1,t=-5158697ms,q=0}[ReservedThreadExecutor@44032fde{reserved=0/12,pending=0}] added {ReservedThreadExecutor@44032fde{reserved=0/12,pending=0},AUTO}
13:46:12.524 [main] DEBUG org.eclipse.jetty.util.component.AbstractLifeCycle -- STARTING ReservedThreadExecutor@44032fde{reserved=0/12,pending=0}
13:46:12.524 [main] DEBUG org.eclipse.jetty.util.component.AbstractLifeCycle -- STARTED @4013ms ReservedThreadExecutor@44032fde{reserved=0/12,pending=0}
13:46:12.524 [main] DEBUG org.eclipse.jetty.util.thread.QueuedThreadPool -- Starting Thread[#54,JettyServerThreadPool-54,5,main]
13:46:12.524 [main] DEBUG org.eclipse.jetty.util.thread.QueuedThreadPool -- Starting Thread[#55,JettyServerThreadPool-55,5,main]
13:46:12.524 [main] DEBUG org.eclipse.jetty.util.thread.QueuedThreadPool -- Starting Thread[#56,JettyServerThreadPool-56,5,main]
13:46:12.524 [JettyServerThreadPool-54] DEBUG org.eclipse.jetty.util.thread.QueuedThreadPool -- Runner started for QueuedThreadPool[JettyServerThreadPool]@48a0c8aa{STARTING,8<=3<=250,i=3,r=-1,t=59999ms,q=0}[ReservedThreadExecutor@44032fde{reserved=0/12,pending=0}]
13:46:12.524 [main] DEBUG org.eclipse.jetty.util.thread.QueuedThreadPool -- Starting Thread[#57,JettyServerThreadPool-57,5,main]
13:46:12.524 [JettyServerThreadPool-55] DEBUG org.eclipse.jetty.util.thread.QueuedThreadPool -- Runner started for QueuedThreadPool[JettyServerThreadPool]@48a0c8aa{STARTING,8<=4<=250,i=4,r=-1,t=59999ms,q=0}[ReservedThreadExecutor@44032fde{reserved=0/12,pending=0}]
13:46:12.524 [JettyServerThreadPool-56] DEBUG org.eclipse.jetty.util.thread.QueuedThreadPool -- Runner started for QueuedThreadPool[JettyServerThreadPool]@48a0c8aa{STARTING,8<=5<=250,i=5,r=-1,t=59999ms,q=0}[ReservedThreadExecutor@44032fde{reserved=0/12,pending=0}]
13:46:12.524 [main] DEBUG org.eclipse.jetty.util.thread.QueuedThreadPool -- Starting Thread[#58,JettyServerThreadPool-58,5,main]
13:46:12.524 [main] DEBUG org.eclipse.jetty.util.thread.QueuedThreadPool -- Starting Thread[#59,JettyServerThreadPool-59,5,main]
13:46:12.524 [JettyServerThreadPool-57] DEBUG org.eclipse.jetty.util.thread.QueuedThreadPool -- Runner started for QueuedThreadPool[JettyServerThreadPool]@48a0c8aa{STARTING,8<=6<=250,i=6,r=-1,t=59999ms,q=0}[ReservedThreadExecutor@44032fde{reserved=0/12,pending=0}]
13:46:12.524 [main] DEBUG org.eclipse.jetty.util.thread.QueuedThreadPool -- Starting Thread[#60,JettyServerThreadPool-60,5,main]
13:46:12.524 [JettyServerThreadPool-58] DEBUG org.eclipse.jetty.util.thread.QueuedThreadPool -- Runner started for QueuedThreadPool[JettyServerThreadPool]@48a0c8aa{STARTING,8<=7<=250,i=7,r=-1,t=59999ms,q=0}[ReservedThreadExecutor@44032fde{reserved=0/12,pending=0}]
13:46:12.524 [main] DEBUG org.eclipse.jetty.util.thread.QueuedThreadPool -- Starting Thread[#61,JettyServerThreadPool-61,5,main]
13:46:12.524 [JettyServerThreadPool-59] DEBUG org.eclipse.jetty.util.thread.QueuedThreadPool -- Runner started for QueuedThreadPool[JettyServerThreadPool]@48a0c8aa{STARTING,8<=8<=250,i=8,r=-1,t=59999ms,q=0}[ReservedThreadExecutor@44032fde{reserved=0/12,pending=0}]
13:46:12.524 [main] DEBUG org.eclipse.jetty.util.component.AbstractLifeCycle -- STARTED @4015ms QueuedThreadPool[JettyServerThreadPool]@48a0c8aa{STARTED,8<=8<=250,i=8,r=-1,t=59999ms,q=0}[ReservedThreadExecutor@44032fde{reserved=0/12,pending=0}]
13:46:12.524 [main] DEBUG org.eclipse.jetty.util.component.AbstractLifeCycle -- STARTING AttributeContainerMap@4cbc2e3b{size=1}
13:46:12.524 [main] DEBUG org.eclipse.jetty.util.component.AbstractLifeCycle -- STARTED @4015ms AttributeContainerMap@4cbc2e3b{size=1}
13:46:12.524 [main] DEBUG org.eclipse.jetty.util.component.AbstractLifeCycle -- STARTING LowResourceMonitor@2975a9e{STOPPED}
13:46:12.524 [JettyServerThreadPool-60] DEBUG org.eclipse.jetty.util.thread.QueuedThreadPool -- Runner started for QueuedThreadPool[JettyServerThreadPool]@48a0c8aa{STARTED,8<=8<=250,i=8,r=-1,t=59999ms,q=0}[ReservedThreadExecutor@44032fde{reserved=0/12,pending=0}]
13:46:12.524 [JettyServerThreadPool-61] DEBUG org.eclipse.jetty.util.thread.QueuedThreadPool -- Runner started for QueuedThreadPool[JettyServerThreadPool]@48a0c8aa{STARTED,8<=8<=250,i=8,r=-1,t=59999ms,q=0}[ReservedThreadExecutor@44032fde{reserved=0/12,pending=0}]
13:46:12.524 [main] DEBUG org.eclipse.jetty.util.component.AbstractLifeCycle -- STARTING LRMScheduler@7f93dd4e{STOPPED}
13:46:12.524 [main] DEBUG org.eclipse.jetty.util.component.AbstractLifeCycle -- STARTED @4015ms LRMScheduler@7f93dd4e{STARTED}
13:46:12.524 [main] DEBUG org.eclipse.jetty.util.component.AbstractLifeCycle -- STARTED @4015ms LowResourceMonitor@2975a9e{STARTED}
13:46:12.524 [main] DEBUG org.eclipse.jetty.util.component.AbstractLifeCycle -- STARTING StatisticsHandler@765ffb14{STOPPED,r=0,d=0}
13:46:12.524 [main] DEBUG org.eclipse.jetty.server.handler.AbstractHandler -- starting StatisticsHandler@765ffb14{STARTING,r=0,d=0}
13:46:12.524 [main] DEBUG org.eclipse.jetty.util.component.AbstractLifeCycle -- STARTING o.e.j.s.ServletContextHandler@57562473{/,null,STOPPED}
13:46:12.524 [main] DEBUG org.eclipse.jetty.util.DecoratedObjectFactory -- Adding Decorator: org.eclipse.jetty.util.DeprecationWarning@12e5da86
13:46:12.524 [main] DEBUG org.eclipse.jetty.util.component.AbstractLifeCycle -- STARTING ServletContainerInitializerStarter@4bc33720{STOPPED}
13:46:12.524 [main] DEBUG org.eclipse.jetty.servlet.ServletContextHandler -- Starting SCIs
13:46:12.524 [main] DEBUG org.eclipse.jetty.util.component.AbstractLifeCycle -- STARTING ContainerInitializer{org.eclipse.jetty.websocket.server.config.JettyWebSocketServletContainerInitializer,interested=[],applicable=[],annotated=[]}
13:46:12.524 [main] DEBUG org.eclipse.jetty.util.component.AbstractLifeCycle -- STARTING InflaterPool@6535117e{STOPPED,size=-1,capacity=250}
13:46:12.524 [main] DEBUG org.eclipse.jetty.util.component.ContainerLifeCycle -- InflaterPool@6535117e{STARTING,size=0,capacity=250} added {Pool@1d1cbd0f[inUse=0,size=0,max=250,closed=false],POJO}
13:46:12.524 [main] DEBUG org.eclipse.jetty.util.component.AbstractLifeCycle -- STARTED @4016ms InflaterPool@6535117e{STARTED,size=0,capacity=250}
13:46:12.524 [main] DEBUG org.eclipse.jetty.util.component.ContainerLifeCycle -- Server@3722c145{STARTING}[11.0.20,sto=0] added {InflaterPool@6535117e{STARTED,size=0,capacity=250},MANAGED}
13:46:12.524 [main] DEBUG org.eclipse.jetty.util.component.AbstractLifeCycle -- STARTING DeflaterPool@6fa13e6{STOPPED,size=-1,capacity=250}
13:46:12.524 [main] DEBUG org.eclipse.jetty.util.component.ContainerLifeCycle -- DeflaterPool@6fa13e6{STARTING,size=0,capacity=250} added {Pool@3af7d855[inUse=0,size=0,max=250,closed=false],POJO}
13:46:12.524 [main] DEBUG org.eclipse.jetty.util.component.AbstractLifeCycle -- STARTED @4017ms DeflaterPool@6fa13e6{STARTED,size=0,capacity=250}
13:46:12.524 [main] DEBUG org.eclipse.jetty.util.component.ContainerLifeCycle -- Server@3722c145{STARTING}[11.0.20,sto=0] added {DeflaterPool@6fa13e6{STARTED,size=0,capacity=250},MANAGED}
13:46:12.524 [main] DEBUG org.eclipse.jetty.util.component.ContainerLifeCycle -- WebSocketServerComponents@446626a7{STOPPED} added {InflaterPool@6535117e{STARTED,size=0,capacity=250},UNMANAGED}
13:46:12.524 [main] DEBUG org.eclipse.jetty.util.component.ContainerLifeCycle -- WebSocketServerComponents@446626a7{STOPPED} added {DeflaterPool@6fa13e6{STARTED,size=0,capacity=250},UNMANAGED}
13:46:12.524 [main] DEBUG org.eclipse.jetty.util.component.ContainerLifeCycle -- WebSocketServerComponents@446626a7{STOPPED} added {LogarithmicArrayByteBufferPool@480ad82c{minBufferCapacity=0, maxBufferCapacity=65536, maxQueueLength=-1, factor=4096},POJO}
13:46:12.524 [main] DEBUG org.eclipse.jetty.util.component.ContainerLifeCycle -- WebSocketServerComponents@446626a7{STOPPED} added {org.eclipse.jetty.websocket.core.WebSocketExtensionRegistry@429f7919,POJO}
13:46:12.524 [main] DEBUG org.eclipse.jetty.util.component.ContainerLifeCycle -- WebSocketServerComponents@446626a7{STOPPED} added {org.eclipse.jetty.util.DecoratedObjectFactory[decorators=1],POJO}
13:46:12.524 [main] DEBUG org.eclipse.jetty.util.component.ContainerLifeCycle -- WebSocketServerComponents@446626a7{STOPPED} added {QueuedThreadPool[JettyServerThreadPool]@48a0c8aa{STARTED,8<=8<=250,i=8,r=-1,t=59994ms,q=0}[ReservedThreadExecutor@44032fde{reserved=0/12,pending=0}],UNMANAGED}
13:46:12.524 [main] DEBUG org.eclipse.jetty.util.component.ContainerLifeCycle -- o.e.j.s.ServletContextHandler@57562473{/,null,STARTING} added {WebSocketServerComponents@446626a7{STOPPED},MANAGED}
13:46:12.524 [main] DEBUG org.eclipse.jetty.util.component.AbstractLifeCycle -- STARTING WebSocketServerComponents@446626a7{STOPPED}
13:46:12.524 [main] DEBUG org.eclipse.jetty.util.component.AbstractLifeCycle -- STARTED @4020ms WebSocketServerComponents@446626a7{STARTED}
13:46:12.524 [main] DEBUG org.eclipse.jetty.util.component.ContainerLifeCycle -- o.e.j.s.ServletContextHandler@57562473{/,null,STARTING} added {WebSocketServerComponentsCleanupListener,POJO}
13:46:12.524 [main] DEBUG org.eclipse.jetty.util.component.ContainerLifeCycle -- JettyWebSocketServerContainer@cda6019{STOPPED} added {JettyServerFrameHandlerFactory@797c3c3b{STOPPED},AUTO}
13:46:12.524 [main] DEBUG org.eclipse.jetty.util.component.ContainerLifeCycle -- JettyWebSocketServerContainer@cda6019{STOPPED} added {SessionTracker@4012d5bc{STOPPED},AUTO}
13:46:12.524 [main] DEBUG org.eclipse.jetty.util.component.ContainerLifeCycle -- o.e.j.s.ServletContextHandler@57562473{/,null,STARTING} added {JettyWebSocketServerContainer@cda6019{STOPPED},MANAGED}
13:46:12.524 [main] DEBUG org.eclipse.jetty.util.component.AbstractLifeCycle -- STARTING JettyWebSocketServerContainer@cda6019{STOPPED}
13:46:12.524 [main] DEBUG org.eclipse.jetty.util.component.AbstractLifeCycle -- STARTING JettyServerFrameHandlerFactory@797c3c3b{STOPPED}
13:46:12.524 [main] DEBUG org.eclipse.jetty.util.component.AbstractLifeCycle -- STARTED @4021ms JettyServerFrameHandlerFactory@797c3c3b{STARTED}
13:46:12.524 [main] DEBUG org.eclipse.jetty.util.component.AbstractLifeCycle -- STARTING SessionTracker@4012d5bc{STOPPED}
13:46:12.524 [main] DEBUG org.eclipse.jetty.util.component.AbstractLifeCycle -- STARTED @4021ms SessionTracker@4012d5bc{STARTED}
13:46:12.524 [main] DEBUG org.eclipse.jetty.util.component.AbstractLifeCycle -- STARTED @4021ms JettyWebSocketServerContainer@cda6019{STARTED}
13:46:12.524 [main] DEBUG org.eclipse.jetty.util.component.ContainerLifeCycle -- o.e.j.s.ServletContextHandler@57562473{/,null,STARTING} added {JettyWebSocketServerContainerCleanupListener,POJO}
13:46:12.524 [main] DEBUG org.eclipse.jetty.websocket.server.config.JettyWebSocketServletContainerInitializer -- initialize JettyWebSocketServerContainer@cda6019{STARTED} WebSocketServerComponents@446626a7{STARTED}
13:46:12.524 [main] DEBUG org.eclipse.jetty.websocket.server.config.JettyWebSocketServletContainerInitializer -- onStartup JettyWebSocketServerContainer@cda6019{STARTED}
13:46:12.524 [main] DEBUG org.eclipse.jetty.servlet.ServletContainerInitializerHolder -- ServletContainerInitializer org.eclipse.jetty.websocket.server.config.JettyWebSocketServletContainerInitializer called in 5ms
13:46:12.524 [main] DEBUG org.eclipse.jetty.util.component.AbstractLifeCycle -- STARTED @4021ms ContainerInitializer{org.eclipse.jetty.websocket.server.config.JettyWebSocketServletContainerInitializer,interested=[],applicable=[],annotated=[]}
13:46:12.524 [main] DEBUG org.eclipse.jetty.util.component.AbstractLifeCycle -- STARTED @4022ms ServletContainerInitializerStarter@4bc33720{STARTED}
13:46:12.524 [main] DEBUG org.eclipse.jetty.server.handler.AbstractHandler -- starting o.e.j.s.ServletContextHandler@57562473{/,null,STARTING}
13:46:12.524 [main] DEBUG org.eclipse.jetty.util.component.AbstractLifeCycle -- STARTING org.eclipse.jetty.server.session.SessionHandler1249890505==dftMaxIdleSec=-1
13:46:12.524 [main] DEBUG org.eclipse.jetty.util.component.ContainerLifeCycle -- org.eclipse.jetty.server.session.SessionHandler1249890505==dftMaxIdleSec=-1 added {org.eclipse.jetty.server.session.DefaultSessionCache@1cf0cacc[evict=-1,removeUnloadable=false,saveOnCreate=false,saveOnInactiveEvict=false],AUTO}
13:46:12.524 [main] DEBUG org.eclipse.jetty.util.component.ContainerLifeCycle -- org.eclipse.jetty.server.session.DefaultSessionCache@1cf0cacc[evict=-1,removeUnloadable=false,saveOnCreate=false,saveOnInactiveEvict=false] added {org.eclipse.jetty.server.session.NullSessionDataStore@4f5b08d[passivating=false,graceSec=3600],AUTO}
13:46:12.524 [main] DEBUG org.eclipse.jetty.util.component.AbstractLifeCycle -- STARTING DefaultSessionIdManager@529c2a9a{STOPPED}[worker=null]
13:46:12.536 [main] DEBUG org.eclipse.jetty.util.component.ContainerLifeCycle -- DefaultSessionIdManager@529c2a9a{STARTING}[worker=node0] added {HouseKeeper@3c87fdf2{STOPPED}[interval=600000, ownscheduler=false],MANAGED}
13:46:12.536 [main] INFO org.eclipse.jetty.server.session.DefaultSessionIdManager -- Session workerName=node0
13:46:12.536 [main] DEBUG org.eclipse.jetty.util.component.AbstractLifeCycle -- STARTING HouseKeeper@3c87fdf2{STOPPED}[interval=600000, ownscheduler=false]
13:46:12.536 [main] DEBUG org.eclipse.jetty.util.component.AbstractLifeCycle -- STARTING ScheduledExecutorScheduler@26bbe604{STOPPED}
13:46:12.536 [main] DEBUG org.eclipse.jetty.util.component.AbstractLifeCycle -- STARTED @4023ms ScheduledExecutorScheduler@26bbe604{STARTED}
13:46:12.536 [main] DEBUG org.eclipse.jetty.server.session.HouseKeeper -- node0 using own scheduler for scavenging
13:46:12.536 [main] DEBUG org.eclipse.jetty.server.session.HouseKeeper -- node0 scavenging every 660000ms
13:46:12.536 [main] DEBUG org.eclipse.jetty.util.component.AbstractLifeCycle -- STARTED @4024ms HouseKeeper@3c87fdf2{STARTED}[interval=660000, ownscheduler=true]
13:46:12.536 [main] DEBUG org.eclipse.jetty.util.component.AbstractLifeCycle -- STARTED @4024ms DefaultSessionIdManager@529c2a9a{STARTED}[worker=node0]
13:46:12.536 [main] DEBUG org.eclipse.jetty.util.component.ContainerLifeCycle -- Server@3722c145{STARTING}[11.0.20,sto=0] added {DefaultSessionIdManager@529c2a9a{STARTED}[worker=node0],MANAGED}
13:46:12.536 [main] DEBUG org.eclipse.jetty.util.component.ContainerLifeCycle -- org.eclipse.jetty.server.session.SessionHandler1249890505==dftMaxIdleSec=-1 added {DefaultSessionIdManager@529c2a9a{STARTED}[worker=node0],UNMANAGED}
13:46:12.536 [main] DEBUG org.eclipse.jetty.util.component.AbstractLifeCycle -- STARTING ScheduledExecutorScheduler@4601203a{STOPPED}
13:46:12.536 [main] DEBUG org.eclipse.jetty.util.component.AbstractLifeCycle -- STARTED @4024ms ScheduledExecutorScheduler@4601203a{STARTED}
13:46:12.536 [main] DEBUG org.eclipse.jetty.server.handler.AbstractHandler -- starting org.eclipse.jetty.server.session.SessionHandler1249890505==dftMaxIdleSec=-1
13:46:12.536 [main] DEBUG org.eclipse.jetty.util.component.AbstractLifeCycle -- STARTING ServletHandler@424de326{STOPPED}
13:46:12.536 [main] DEBUG org.eclipse.jetty.servlet.ServletHandler -- Path=/*[EMBEDDED:null] mapped to servlet=io.javalin.jetty.JavalinJettyServlet-18578491[EMBEDDED:null]
13:46:12.536 [main] DEBUG org.eclipse.jetty.http.pathmap.ServletPathSpec -- Creating ServletPathSpec[/*] (group: PREFIX_GLOB, prefix: "", suffix: "null")
13:46:12.536 [main] DEBUG org.eclipse.jetty.http.pathmap.PathMappings -- Added MappedResource[pathSpec=ServletPathSpec@9457a78e{/*},resource=MappedServlet80bfa9d{/*->io.javalin.jetty.JavalinJettyServlet-18578491==io.javalin.jetty.JavalinJettyServlet@229c054b{jsp=null,order=-1,inst=false,async=true,src=EMBEDDED:null,STOPPED}}] to PathMappings[size=1]
13:46:12.536 [main] DEBUG org.eclipse.jetty.servlet.ServletHandler -- filterNameMap={} pathFilters=[] servletFilterMap={} servletPathMap=PathMappings[size=1] servletNameMap={io.javalin.jetty.JavalinJettyServlet-18578491=MappedServlet47c40b56{null->io.javalin.jetty.JavalinJettyServlet-18578491==io.javalin.jetty.JavalinJettyServlet@229c054b{jsp=null,order=-1,inst=false,async=true,src=EMBEDDED:null,STOPPED}}}
13:46:12.536 [main] DEBUG org.eclipse.jetty.servlet.ServletHandler -- Adding Default404Servlet to ServletHandler@424de326{STARTING}
13:46:12.536 [main] DEBUG org.eclipse.jetty.util.component.ContainerLifeCycle -- ServletHandler@424de326{STARTING} added {org.eclipse.jetty.servlet.ServletHandler$Default404Servlet-4b039c6d==org.eclipse.jetty.servlet.ServletHandler$Default404Servlet@bdb45fd{jsp=null,order=-1,inst=false,async=true,src=EMBEDDED:null,STOPPED},AUTO}
13:46:12.536 [main] DEBUG org.eclipse.jetty.util.component.ContainerLifeCycle -- ServletHandler@424de326{STARTING} added {[/]=>org.eclipse.jetty.servlet.ServletHandler$Default404Servlet-4b039c6d,POJO}
13:46:12.536 [main] DEBUG org.eclipse.jetty.servlet.ServletHandler -- Path=/*[EMBEDDED:null] mapped to servlet=io.javalin.jetty.JavalinJettyServlet-18578491[EMBEDDED:null]
13:46:12.536 [main] DEBUG org.eclipse.jetty.http.pathmap.ServletPathSpec -- Creating ServletPathSpec[/*] (group: PREFIX_GLOB, prefix: "", suffix: "null")
13:46:12.536 [main] DEBUG org.eclipse.jetty.http.pathmap.PathMappings -- Added MappedResource[pathSpec=ServletPathSpec@9457a78e{/*},resource=MappedServlet37045b48{/*->io.javalin.jetty.JavalinJettyServlet-18578491==io.javalin.jetty.JavalinJettyServlet@229c054b{jsp=null,order=-1,inst=false,async=true,src=EMBEDDED:null,STOPPED}}] to PathMappings[size=1]
13:46:12.536 [main] DEBUG org.eclipse.jetty.servlet.ServletHandler -- Path=/[EMBEDDED:null] mapped to servlet=org.eclipse.jetty.servlet.ServletHandler$Default404Servlet-4b039c6d[EMBEDDED:null]
13:46:12.536 [main] DEBUG org.eclipse.jetty.http.pathmap.PathMappings -- Added MappedResource[pathSpec=ServletPathSpec@9457dcb7{/},resource=MappedServlet60b34931{/->org.eclipse.jetty.servlet.ServletHandler$Default404Servlet-4b039c6d==org.eclipse.jetty.servlet.ServletHandler$Default404Servlet@bdb45fd{jsp=null,order=-1,inst=false,async=true,src=EMBEDDED:null,STOPPED}}] to PathMappings[size=2]
13:46:12.536 [main] DEBUG org.eclipse.jetty.servlet.ServletHandler -- filterNameMap={} pathFilters=[] servletFilterMap={} servletPathMap=PathMappings[size=2] servletNameMap={org.eclipse.jetty.servlet.ServletHandler$Default404Servlet-4b039c6d=MappedServlet4aa21f9d{null->org.eclipse.jetty.servlet.ServletHandler$Default404Servlet-4b039c6d==org.eclipse.jetty.servlet.ServletHandler$Default404Servlet@bdb45fd{jsp=null,order=-1,inst=false,async=true,src=EMBEDDED:null,STOPPED}}, io.javalin.jetty.JavalinJettyServlet-18578491=MappedServlet71c17a57{null->io.javalin.jetty.JavalinJettyServlet-18578491==io.javalin.jetty.JavalinJettyServlet@229c054b{jsp=null,order=-1,inst=false,async=true,src=EMBEDDED:null,STOPPED}}}
13:46:12.536 [main] DEBUG org.eclipse.jetty.servlet.ServletHandler -- Path=/*[EMBEDDED:null] mapped to servlet=io.javalin.jetty.JavalinJettyServlet-18578491[EMBEDDED:null]
13:46:12.536 [main] DEBUG org.eclipse.jetty.http.pathmap.ServletPathSpec -- Creating ServletPathSpec[/*] (group: PREFIX_GLOB, prefix: "", suffix: "null")
13:46:12.536 [main] DEBUG org.eclipse.jetty.http.pathmap.PathMappings -- Added MappedResource[pathSpec=ServletPathSpec@9457a78e{/*},resource=MappedServlet640ab13c{/*->io.javalin.jetty.JavalinJettyServlet-18578491==io.javalin.jetty.JavalinJettyServlet@229c054b{jsp=null,order=-1,inst=false,async=true,src=EMBEDDED:null,STOPPED}}] to PathMappings[size=1]
13:46:12.536 [main] DEBUG org.eclipse.jetty.servlet.ServletHandler -- Path=/[EMBEDDED:null] mapped to servlet=org.eclipse.jetty.servlet.ServletHandler$Default404Servlet-4b039c6d[EMBEDDED:null]
13:46:12.536 [main] DEBUG org.eclipse.jetty.http.pathmap.PathMappings -- Added MappedResource[pathSpec=ServletPathSpec@9457dcb7{/},resource=MappedServlet1e0a864d{/->org.eclipse.jetty.servlet.ServletHandler$Default404Servlet-4b039c6d==org.eclipse.jetty.servlet.ServletHandler$Default404Servlet@bdb45fd{jsp=null,order=-1,inst=false,async=true,src=EMBEDDED:null,STOPPED}}] to PathMappings[size=2]
13:46:12.536 [main] DEBUG org.eclipse.jetty.servlet.ServletHandler -- filterNameMap={} pathFilters=[] servletFilterMap={} servletPathMap=PathMappings[size=2] servletNameMap={org.eclipse.jetty.servlet.ServletHandler$Default404Servlet-4b039c6d=MappedServlet4aa21f9d{null->org.eclipse.jetty.servlet.ServletHandler$Default404Servlet-4b039c6d==org.eclipse.jetty.servlet.ServletHandler$Default404Servlet@bdb45fd{jsp=null,order=-1,inst=false,async=true,src=EMBEDDED:null,STOPPED}}, io.javalin.jetty.JavalinJettyServlet-18578491=MappedServlet71c17a57{null->io.javalin.jetty.JavalinJettyServlet-18578491==io.javalin.jetty.JavalinJettyServlet@229c054b{jsp=null,order=-1,inst=false,async=true,src=EMBEDDED:null,STOPPED}}}
13:46:12.536 [main] DEBUG org.eclipse.jetty.server.handler.AbstractHandler -- starting ServletHandler@424de326{STARTING}
13:46:12.536 [main] DEBUG org.eclipse.jetty.util.component.AbstractLifeCycle -- STARTED @4025ms ServletHandler@424de326{STARTED}
13:46:12.536 [main] DEBUG org.eclipse.jetty.util.component.AbstractLifeCycle -- STARTING org.eclipse.jetty.server.session.DefaultSessionCache@1cf0cacc[evict=-1,removeUnloadable=false,saveOnCreate=false,saveOnInactiveEvict=false]
13:46:12.536 [main] DEBUG org.eclipse.jetty.util.component.AbstractLifeCycle -- STARTING org.eclipse.jetty.server.session.NullSessionDataStore@4f5b08d[passivating=false,graceSec=3600]
13:46:12.536 [main] DEBUG org.eclipse.jetty.util.component.AbstractLifeCycle -- STARTED @4025ms org.eclipse.jetty.server.session.NullSessionDataStore@4f5b08d[passivating=false,graceSec=3600]
13:46:12.536 [main] DEBUG org.eclipse.jetty.util.component.AbstractLifeCycle -- STARTED @4025ms org.eclipse.jetty.server.session.DefaultSessionCache@1cf0cacc[evict=-1,removeUnloadable=false,saveOnCreate=false,saveOnInactiveEvict=false]
13:46:12.536 [main] DEBUG org.eclipse.jetty.util.component.AbstractLifeCycle -- STARTED @4025ms org.eclipse.jetty.server.session.SessionHandler1249890505==dftMaxIdleSec=-1
13:46:12.536 [main] DEBUG org.eclipse.jetty.util.component.AbstractLifeCycle -- STARTING io.javalin.jetty.JavalinJettyServlet-18578491==io.javalin.jetty.JavalinJettyServlet@229c054b{jsp=null,order=-1,inst=false,async=true,src=EMBEDDED:null,STOPPED}
13:46:12.536 [main] DEBUG org.eclipse.jetty.util.component.AbstractLifeCycle -- STARTED @4025ms io.javalin.jetty.JavalinJettyServlet-18578491==io.javalin.jetty.JavalinJettyServlet@229c054b{jsp=null,order=-1,inst=false,async=true,src=EMBEDDED:null,STARTED}
13:46:12.536 [main] DEBUG org.eclipse.jetty.servlet.ServletHolder -- Servlet.init null for io.javalin.jetty.JavalinJettyServlet-18578491
13:46:12.536 [main] DEBUG org.eclipse.jetty.http.pathmap.PathMappings -- Added MappedResource[pathSpec=ServletPathSpec@9457dcb7{/},resource=CreatorNegotiator@440e3ce6{org.eclipse.jetty.websocket.server.JettyWebSocketServlet$WrappedJettyCreator@3e67f5f2,JettyServerFrameHandlerFactory@797c3c3b{STARTED}}] to PathMappings[size=1]
13:46:12.536 [main] DEBUG org.eclipse.jetty.util.component.AbstractLifeCycle -- STARTING org.eclipse.jetty.servlet.ServletHandler$Default404Servlet-4b039c6d==org.eclipse.jetty.servlet.ServletHandler$Default404Servlet@bdb45fd{jsp=null,order=-1,inst=false,async=true,src=EMBEDDED:null,STOPPED}
13:46:12.536 [main] DEBUG org.eclipse.jetty.util.component.AbstractLifeCycle -- STARTED @4026ms org.eclipse.jetty.servlet.ServletHandler$Default404Servlet-4b039c6d==org.eclipse.jetty.servlet.ServletHandler$Default404Servlet@bdb45fd{jsp=null,order=-1,inst=false,async=true,src=EMBEDDED:null,STARTED}
13:46:12.536 [main] INFO org.eclipse.jetty.server.handler.ContextHandler -- Started o.e.j.s.ServletContextHandler@57562473{/,null,AVAILABLE}
13:46:12.536 [main] DEBUG org.eclipse.jetty.util.component.AbstractLifeCycle -- STARTED @4026ms o.e.j.s.ServletContextHandler@57562473{/,null,AVAILABLE}
13:46:12.536 [main] DEBUG org.eclipse.jetty.util.component.AbstractLifeCycle -- STARTED @4026ms StatisticsHandler@765ffb14{STARTED,r=0,d=0}
13:46:12.536 [main] DEBUG org.eclipse.jetty.util.component.AbstractLifeCycle -- STARTING ErrorHandler@52ff99cd{STOPPED}
13:46:12.536 [main] DEBUG org.eclipse.jetty.server.handler.AbstractHandler -- starting ErrorHandler@52ff99cd{STARTING}
13:46:12.536 [main] DEBUG org.eclipse.jetty.util.component.AbstractLifeCycle -- STARTED @4026ms ErrorHandler@52ff99cd{STARTED}
13:46:12.536 [main] DEBUG org.eclipse.jetty.util.component.AbstractLifeCycle -- STARTING ServerConnector@53d13cd4{HTTP/1.1, (http/1.1)}{0.0.0.0:50249}
13:46:12.536 [main] DEBUG org.eclipse.jetty.util.component.AbstractLifeCycle -- STARTING ScheduledExecutorScheduler@77865933{STOPPED}
13:46:12.536 [main] DEBUG org.eclipse.jetty.util.component.AbstractLifeCycle -- STARTED @4026ms ScheduledExecutorScheduler@77865933{STARTED}
13:46:12.536 [main] DEBUG org.eclipse.jetty.util.component.AbstractLifeCycle -- STARTING HttpConnectionFactory@3291b443[HTTP/1.1]
13:46:12.536 [main] DEBUG org.eclipse.jetty.util.component.AbstractLifeCycle -- STARTED @4026ms HttpConnectionFactory@3291b443[HTTP/1.1]
13:46:12.536 [main] DEBUG org.eclipse.jetty.util.component.AbstractLifeCycle -- STARTING SelectorManager@ServerConnector@53d13cd4{HTTP/1.1, (http/1.1)}{0.0.0.0:50249}
13:46:12.536 [main] DEBUG org.eclipse.jetty.util.component.ContainerLifeCycle -- AdaptiveExecutionStrategy@57435801/SelectorProducer@2da66a44/IDLE/p=false/QueuedThreadPool[JettyServerThreadPool]@48a0c8aa{STARTED,8<=8<=250,i=8,r=-1,t=59988ms,q=0}[ReservedThreadExecutor@44032fde{reserved=0/12,pending=0}][pc=0,pic=0,pec=0,epc=0]@2025-08-19T13:46:12.5360371-03:00 added {SelectorProducer@2da66a44,POJO}
13:46:12.536 [main] DEBUG org.eclipse.jetty.util.component.ContainerLifeCycle -- AdaptiveExecutionStrategy@57435801/SelectorProducer@2da66a44/IDLE/p=false/QueuedThreadPool[JettyServerThreadPool]@48a0c8aa{STARTED,8<=8<=250,i=8,r=-1,t=59987ms,q=0}[ReservedThreadExecutor@44032fde{reserved=0/12,pending=0}][pc=0,pic=0,pec=0,epc=0]@2025-08-19T13:46:12.5360371-03:00 added {QueuedThreadPool[JettyServerThreadPool]@48a0c8aa{STARTED,8<=8<=250,i=8,r=-1,t=59987ms,q=0}[ReservedThreadExecutor@44032fde{reserved=0/12,pending=0}],UNMANAGED}
13:46:12.536 [main] DEBUG org.eclipse.jetty.util.thread.strategy.AdaptiveExecutionStrategy -- AdaptiveExecutionStrategy@57435801/SelectorProducer@2da66a44/IDLE/p=false/QueuedThreadPool[JettyServerThreadPool]@48a0c8aa{STARTED,8<=8<=250,i=8,r=-1,t=59987ms,q=0}[ReservedThreadExecutor@44032fde{reserved=0/12,pending=0}][pc=0,pic=0,pec=0,epc=0]@2025-08-19T13:46:12.5360371-03:00 created
13:46:12.536 [main] DEBUG org.eclipse.jetty.util.component.ContainerLifeCycle -- ManagedSelector@527fc8e{STOPPED} id=0 keys=-1 selected=-1 updates=0 added {AdaptiveExecutionStrategy@57435801/SelectorProducer@2da66a44/IDLE/p=false/QueuedThreadPool[JettyServerThreadPool]@48a0c8aa{STARTED,8<=8<=250,i=8,r=-1,t=59987ms,q=0}[ReservedThreadExecutor@44032fde{reserved=0/12,pending=0}][pc=0,pic=0,pec=0,epc=0]@2025-08-19T13:46:12.5360371-03:00,MANAGED}
13:46:12.536 [main] DEBUG org.eclipse.jetty.util.component.ContainerLifeCycle -- SelectorManager@ServerConnector@53d13cd4{HTTP/1.1, (http/1.1)}{0.0.0.0:50249} added {ManagedSelector@527fc8e{STOPPED} id=0 keys=-1 selected=-1 updates=0,AUTO}
13:46:12.536 [main] DEBUG org.eclipse.jetty.util.component.ContainerLifeCycle -- AdaptiveExecutionStrategy@61bfc9bf/SelectorProducer@2c7106d9/IDLE/p=false/QueuedThreadPool[JettyServerThreadPool]@48a0c8aa{STARTED,8<=8<=250,i=8,r=-1,t=59987ms,q=0}[ReservedThreadExecutor@44032fde{reserved=0/12,pending=0}][pc=0,pic=0,pec=0,epc=0]@2025-08-19T13:46:12.5360371-03:00 added {SelectorProducer@2c7106d9,POJO}
13:46:12.536 [main] DEBUG org.eclipse.jetty.util.component.ContainerLifeCycle -- AdaptiveExecutionStrategy@61bfc9bf/SelectorProducer@2c7106d9/IDLE/p=false/QueuedThreadPool[JettyServerThreadPool]@48a0c8aa{STARTED,8<=8<=250,i=8,r=-1,t=59987ms,q=0}[ReservedThreadExecutor@44032fde{reserved=0/12,pending=0}][pc=0,pic=0,pec=0,epc=0]@2025-08-19T13:46:12.5360371-03:00 added {QueuedThreadPool[JettyServerThreadPool]@48a0c8aa{STARTED,8<=8<=250,i=8,r=-1,t=59987ms,q=0}[ReservedThreadExecutor@44032fde{reserved=0/12,pending=0}],UNMANAGED}
13:46:12.536 [main] DEBUG org.eclipse.jetty.util.thread.strategy.AdaptiveExecutionStrategy -- AdaptiveExecutionStrategy@61bfc9bf/SelectorProducer@2c7106d9/IDLE/p=false/QueuedThreadPool[JettyServerThreadPool]@48a0c8aa{STARTED,8<=8<=250,i=8,r=-1,t=59987ms,q=0}[ReservedThreadExecutor@44032fde{reserved=0/12,pending=0}][pc=0,pic=0,pec=0,epc=0]@2025-08-19T13:46:12.5360371-03:00 created
13:46:12.536 [main] DEBUG org.eclipse.jetty.util.component.ContainerLifeCycle -- ManagedSelector@329bad59{STOPPED} id=1 keys=-1 selected=-1 updates=0 added {AdaptiveExecutionStrategy@61bfc9bf/SelectorProducer@2c7106d9/IDLE/p=false/QueuedThreadPool[JettyServerThreadPool]@48a0c8aa{STARTED,8<=8<=250,i=8,r=-1,t=59987ms,q=0}[ReservedThreadExecutor@44032fde{reserved=0/12,pending=0}][pc=0,pic=0,pec=0,epc=0]@2025-08-19T13:46:12.5360371-03:00,MANAGED}
13:46:12.536 [main] DEBUG org.eclipse.jetty.util.component.ContainerLifeCycle -- SelectorManager@ServerConnector@53d13cd4{HTTP/1.1, (http/1.1)}{0.0.0.0:50249} added {ManagedSelector@329bad59{STOPPED} id=1 keys=-1 selected=-1 updates=0,AUTO}
13:46:12.536 [main] DEBUG org.eclipse.jetty.util.component.ContainerLifeCycle -- AdaptiveExecutionStrategy@862f408/SelectorProducer@178f268a/IDLE/p=false/QueuedThreadPool[JettyServerThreadPool]@48a0c8aa{STARTED,8<=8<=250,i=8,r=-1,t=59987ms,q=0}[ReservedThreadExecutor@44032fde{reserved=0/12,pending=0}][pc=0,pic=0,pec=0,epc=0]@2025-08-19T13:46:12.5360371-03:00 added {SelectorProducer@178f268a,POJO}
13:46:12.536 [main] DEBUG org.eclipse.jetty.util.component.ContainerLifeCycle -- AdaptiveExecutionStrategy@862f408/SelectorProducer@178f268a/IDLE/p=false/QueuedThreadPool[JettyServerThreadPool]@48a0c8aa{STARTED,8<=8<=250,i=8,r=-1,t=59987ms,q=0}[ReservedThreadExecutor@44032fde{reserved=0/12,pending=0}][pc=0,pic=0,pec=0,epc=0]@2025-08-19T13:46:12.5360371-03:00 added {QueuedThreadPool[JettyServerThreadPool]@48a0c8aa{STARTED,8<=8<=250,i=8,r=-1,t=59987ms,q=0}[ReservedThreadExecutor@44032fde{reserved=0/12,pending=0}],UNMANAGED}
13:46:12.536 [main] DEBUG org.eclipse.jetty.util.thread.strategy.AdaptiveExecutionStrategy -- AdaptiveExecutionStrategy@862f408/SelectorProducer@178f268a/IDLE/p=false/QueuedThreadPool[JettyServerThreadPool]@48a0c8aa{STARTED,8<=8<=250,i=8,r=-1,t=59987ms,q=0}[ReservedThreadExecutor@44032fde{reserved=0/12,pending=0}][pc=0,pic=0,pec=0,epc=0]@2025-08-19T13:46:12.5360371-03:00 created
13:46:12.536 [main] DEBUG org.eclipse.jetty.util.component.ContainerLifeCycle -- ManagedSelector@33ecbd6c{STOPPED} id=2 keys=-1 selected=-1 updates=0 added {AdaptiveExecutionStrategy@862f408/SelectorProducer@178f268a/IDLE/p=false/QueuedThreadPool[JettyServerThreadPool]@48a0c8aa{STARTED,8<=8<=250,i=8,r=-1,t=59987ms,q=0}[ReservedThreadExecutor@44032fde{reserved=0/12,pending=0}][pc=0,pic=0,pec=0,epc=0]@2025-08-19T13:46:12.5360371-03:00,MANAGED}
13:46:12.536 [main] DEBUG org.eclipse.jetty.util.component.ContainerLifeCycle -- SelectorManager@ServerConnector@53d13cd4{HTTP/1.1, (http/1.1)}{0.0.0.0:50249} added {ManagedSelector@33ecbd6c{STOPPED} id=2 keys=-1 selected=-1 updates=0,AUTO}
13:46:12.536 [main] DEBUG org.eclipse.jetty.util.component.ContainerLifeCycle -- AdaptiveExecutionStrategy@5c723f2d/SelectorProducer@432f521f/IDLE/p=false/QueuedThreadPool[JettyServerThreadPool]@48a0c8aa{STARTED,8<=8<=250,i=8,r=-1,t=59987ms,q=0}[ReservedThreadExecutor@44032fde{reserved=0/12,pending=0}][pc=0,pic=0,pec=0,epc=0]@2025-08-19T13:46:12.5360371-03:00 added {SelectorProducer@432f521f,POJO}
13:46:12.536 [main] DEBUG org.eclipse.jetty.util.component.ContainerLifeCycle -- AdaptiveExecutionStrategy@5c723f2d/SelectorProducer@432f521f/IDLE/p=false/QueuedThreadPool[JettyServerThreadPool]@48a0c8aa{STARTED,8<=8<=250,i=8,r=-1,t=59987ms,q=0}[ReservedThreadExecutor@44032fde{reserved=0/12,pending=0}][pc=0,pic=0,pec=0,epc=0]@2025-08-19T13:46:12.5360371-03:00 added {QueuedThreadPool[JettyServerThreadPool]@48a0c8aa{STARTED,8<=8<=250,i=8,r=-1,t=59987ms,q=0}[ReservedThreadExecutor@44032fde{reserved=0/12,pending=0}],UNMANAGED}
13:46:12.536 [main] DEBUG org.eclipse.jetty.util.thread.strategy.AdaptiveExecutionStrategy -- AdaptiveExecutionStrategy@5c723f2d/SelectorProducer@432f521f/IDLE/p=false/QueuedThreadPool[JettyServerThreadPool]@48a0c8aa{STARTED,8<=8<=250,i=8,r=-1,t=59987ms,q=0}[ReservedThreadExecutor@44032fde{reserved=0/12,pending=0}][pc=0,pic=0,pec=0,epc=0]@2025-08-19T13:46:12.5360371-03:00 created
13:46:12.536 [main] DEBUG org.eclipse.jetty.util.component.ContainerLifeCycle -- ManagedSelector@2d7a9786{STOPPED} id=3 keys=-1 selected=-1 updates=0 added {AdaptiveExecutionStrategy@5c723f2d/SelectorProducer@432f521f/IDLE/p=false/QueuedThreadPool[JettyServerThreadPool]@48a0c8aa{STARTED,8<=8<=250,i=8,r=-1,t=59987ms,q=0}[ReservedThreadExecutor@44032fde{reserved=0/12,pending=0}][pc=0,pic=0,pec=0,epc=0]@2025-08-19T13:46:12.5360371-03:00,MANAGED}
13:46:12.536 [main] DEBUG org.eclipse.jetty.util.component.ContainerLifeCycle -- SelectorManager@ServerConnector@53d13cd4{HTTP/1.1, (http/1.1)}{0.0.0.0:50249} added {ManagedSelector@2d7a9786{STOPPED} id=3 keys=-1 selected=-1 updates=0,AUTO}
13:46:12.536 [main] DEBUG org.eclipse.jetty.util.component.ContainerLifeCycle -- AdaptiveExecutionStrategy@7bab5898/SelectorProducer@366d8b97/IDLE/p=false/QueuedThreadPool[JettyServerThreadPool]@48a0c8aa{STARTED,8<=8<=250,i=8,r=-1,t=59987ms,q=0}[ReservedThreadExecutor@44032fde{reserved=0/12,pending=0}][pc=0,pic=0,pec=0,epc=0]@2025-08-19T13:46:12.5360371-03:00 added {SelectorProducer@366d8b97,POJO}
13:46:12.536 [main] DEBUG org.eclipse.jetty.util.component.ContainerLifeCycle -- AdaptiveExecutionStrategy@7bab5898/SelectorProducer@366d8b97/IDLE/p=false/QueuedThreadPool[JettyServerThreadPool]@48a0c8aa{STARTED,8<=8<=250,i=8,r=-1,t=59986ms,q=0}[ReservedThreadExecutor@44032fde{reserved=0/12,pending=0}][pc=0,pic=0,pec=0,epc=0]@2025-08-19T13:46:12.5360371-03:00 added {QueuedThreadPool[JettyServerThreadPool]@48a0c8aa{STARTED,8<=8<=250,i=8,r=-1,t=59986ms,q=0}[ReservedThreadExecutor@44032fde{reserved=0/12,pending=0}],UNMANAGED}
13:46:12.536 [main] DEBUG org.eclipse.jetty.util.thread.strategy.AdaptiveExecutionStrategy -- AdaptiveExecutionStrategy@7bab5898/SelectorProducer@366d8b97/IDLE/p=false/QueuedThreadPool[JettyServerThreadPool]@48a0c8aa{STARTED,8<=8<=250,i=8,r=-1,t=59986ms,q=0}[ReservedThreadExecutor@44032fde{reserved=0/12,pending=0}][pc=0,pic=0,pec=0,epc=0]@2025-08-19T13:46:12.5360371-03:00 created
13:46:12.536 [main] DEBUG org.eclipse.jetty.util.component.ContainerLifeCycle -- ManagedSelector@feb98ef{STOPPED} id=4 keys=-1 selected=-1 updates=0 added {AdaptiveExecutionStrategy@7bab5898/SelectorProducer@366d8b97/IDLE/p=false/QueuedThreadPool[JettyServerThreadPool]@48a0c8aa{STARTED,8<=8<=250,i=8,r=-1,t=59986ms,q=0}[ReservedThreadExecutor@44032fde{reserved=0/12,pending=0}][pc=0,pic=0,pec=0,epc=0]@2025-08-19T13:46:12.5360371-03:00,MANAGED}
13:46:12.536 [main] DEBUG org.eclipse.jetty.util.component.ContainerLifeCycle -- SelectorManager@ServerConnector@53d13cd4{HTTP/1.1, (http/1.1)}{0.0.0.0:50249} added {ManagedSelector@feb98ef{STOPPED} id=4 keys=-1 selected=-1 updates=0,AUTO}
13:46:12.536 [main] DEBUG org.eclipse.jetty.util.component.ContainerLifeCycle -- AdaptiveExecutionStrategy@7654f833/SelectorProducer@571a01f9/IDLE/p=false/QueuedThreadPool[JettyServerThreadPool]@48a0c8aa{STARTED,8<=8<=250,i=8,r=-1,t=59986ms,q=0}[ReservedThreadExecutor@44032fde{reserved=0/12,pending=0}][pc=0,pic=0,pec=0,epc=0]@2025-08-19T13:46:12.5360371-03:00 added {SelectorProducer@571a01f9,POJO}
13:46:12.536 [main] DEBUG org.eclipse.jetty.util.component.ContainerLifeCycle -- AdaptiveExecutionStrategy@7654f833/SelectorProducer@571a01f9/IDLE/p=false/QueuedThreadPool[JettyServerThreadPool]@48a0c8aa{STARTED,8<=8<=250,i=8,r=-1,t=59986ms,q=0}[ReservedThreadExecutor@44032fde{reserved=0/12,pending=0}][pc=0,pic=0,pec=0,epc=0]@2025-08-19T13:46:12.5360371-03:00 added {QueuedThreadPool[JettyServerThreadPool]@48a0c8aa{STARTED,8<=8<=250,i=8,r=-1,t=59986ms,q=0}[ReservedThreadExecutor@44032fde{reserved=0/12,pending=0}],UNMANAGED}
13:46:12.536 [main] DEBUG org.eclipse.jetty.util.thread.strategy.AdaptiveExecutionStrategy -- AdaptiveExecutionStrategy@7654f833/SelectorProducer@571a01f9/IDLE/p=false/QueuedThreadPool[JettyServerThreadPool]@48a0c8aa{STARTED,8<=8<=250,i=8,r=-1,t=59986ms,q=0}[ReservedThreadExecutor@44032fde{reserved=0/12,pending=0}][pc=0,pic=0,pec=0,epc=0]@2025-08-19T13:46:12.5360371-03:00 created
13:46:12.536 [main] DEBUG org.eclipse.jetty.util.component.ContainerLifeCycle -- ManagedSelector@d7109be{STOPPED} id=5 keys=-1 selected=-1 updates=0 added {AdaptiveExecutionStrategy@7654f833/SelectorProducer@571a01f9/IDLE/p=false/QueuedThreadPool[JettyServerThreadPool]@48a0c8aa{STARTED,8<=8<=250,i=8,r=-1,t=59986ms,q=0}[ReservedThreadExecutor@44032fde{reserved=0/12,pending=0}][pc=0,pic=0,pec=0,epc=0]@2025-08-19T13:46:12.5360371-03:00,MANAGED}
13:46:12.536 [main] DEBUG org.eclipse.jetty.util.component.ContainerLifeCycle -- SelectorManager@ServerConnector@53d13cd4{HTTP/1.1, (http/1.1)}{0.0.0.0:50249} added {ManagedSelector@d7109be{STOPPED} id=5 keys=-1 selected=-1 updates=0,AUTO}
13:46:12.536 [main] DEBUG org.eclipse.jetty.util.component.AbstractLifeCycle -- STARTING ManagedSelector@527fc8e{STOPPED} id=0 keys=-1 selected=-1 updates=0
13:46:12.536 [main] DEBUG org.eclipse.jetty.util.component.AbstractLifeCycle -- STARTING AdaptiveExecutionStrategy@57435801/SelectorProducer@2da66a44/IDLE/p=false/QueuedThreadPool[JettyServerThreadPool]@48a0c8aa{STARTED,8<=8<=250,i=8,r=-1,t=59986ms,q=0}[ReservedThreadExecutor@44032fde{reserved=0/12,pending=0}][pc=0,pic=0,pec=0,epc=0]@2025-08-19T13:46:12.5360371-03:00
13:46:12.536 [main] DEBUG org.eclipse.jetty.util.component.AbstractLifeCycle -- STARTED @4028ms AdaptiveExecutionStrategy@57435801/SelectorProducer@2da66a44/IDLE/p=false/QueuedThreadPool[JettyServerThreadPool]@48a0c8aa{STARTED,8<=8<=250,i=8,r=-1,t=59986ms,q=0}[ReservedThreadExecutor@44032fde{reserved=0/12,pending=0}][pc=0,pic=0,pec=0,epc=0]@2025-08-19T13:46:12.5360371-03:00
13:46:12.544 [main] DEBUG org.eclipse.jetty.util.thread.QueuedThreadPool -- queue org.eclipse.jetty.io.ManagedSelector$$Lambda/0x00000223902fcea0@5e0ec41f startThread=0
13:46:12.544 [JettyServerThreadPool-54] DEBUG org.eclipse.jetty.util.thread.QueuedThreadPool -- run org.eclipse.jetty.io.ManagedSelector$$Lambda/0x00000223902fcea0@5e0ec41f in QueuedThreadPool[JettyServerThreadPool]@48a0c8aa{STARTED,8<=8<=250,i=7,r=-1,t=59981ms,q=0}[ReservedThreadExecutor@44032fde{reserved=0/12,pending=0}]
13:46:12.544 [main] DEBUG org.eclipse.jetty.io.ManagedSelector -- Queued change lazy=false org.eclipse.jetty.io.ManagedSelector$Start@f4a3a8d on ManagedSelector@527fc8e{STARTING} id=0 keys=0 selected=0 updates=0
13:46:12.544 [JettyServerThreadPool-54] DEBUG org.eclipse.jetty.util.thread.strategy.AdaptiveExecutionStrategy -- AdaptiveExecutionStrategy@57435801/SelectorProducer@2da66a44/IDLE/p=false/QueuedThreadPool[JettyServerThreadPool]@48a0c8aa{STARTED,8<=8<=250,i=7,r=-1,t=59980ms,q=0}[ReservedThreadExecutor@44032fde{reserved=0/12,pending=0}][pc=0,pic=0,pec=0,epc=0]@2025-08-19T13:46:12.5445622-03:00 tryProduce false
13:46:12.544 [JettyServerThreadPool-54] DEBUG org.eclipse.jetty.io.ManagedSelector -- updateable 1
13:46:12.544 [JettyServerThreadPool-54] DEBUG org.eclipse.jetty.io.ManagedSelector -- update org.eclipse.jetty.io.ManagedSelector$Start@f4a3a8d
13:46:12.544 [JettyServerThreadPool-54] DEBUG org.eclipse.jetty.io.ManagedSelector -- updates 0
13:46:12.544 [JettyServerThreadPool-54] DEBUG org.eclipse.jetty.io.ManagedSelector -- Selector sun.nio.ch.WEPollSelectorImpl@420d6ea2 waiting with 0 keys
13:46:12.544 [main] DEBUG org.eclipse.jetty.util.component.AbstractLifeCycle -- STARTED @4034ms ManagedSelector@527fc8e{STARTED} id=0 keys=0 selected=0 updates=0
13:46:12.544 [main] DEBUG org.eclipse.jetty.util.component.AbstractLifeCycle -- STARTING ManagedSelector@329bad59{STOPPED} id=1 keys=-1 selected=-1 updates=0
13:46:12.544 [main] DEBUG org.eclipse.jetty.util.component.AbstractLifeCycle -- STARTING AdaptiveExecutionStrategy@61bfc9bf/SelectorProducer@2c7106d9/IDLE/p=false/QueuedThreadPool[JettyServerThreadPool]@48a0c8aa{STARTED,8<=8<=250,i=7,r=-1,t=59980ms,q=0}[ReservedThreadExecutor@44032fde{reserved=0/12,pending=0}][pc=0,pic=0,pec=0,epc=0]@2025-08-19T13:46:12.5445622-03:00
13:46:12.544 [main] DEBUG org.eclipse.jetty.util.component.AbstractLifeCycle -- STARTED @4034ms AdaptiveExecutionStrategy@61bfc9bf/SelectorProducer@2c7106d9/IDLE/p=false/QueuedThreadPool[JettyServerThreadPool]@48a0c8aa{STARTED,8<=8<=250,i=7,r=-1,t=59980ms,q=0}[ReservedThreadExecutor@44032fde{reserved=0/12,pending=0}][pc=0,pic=0,pec=0,epc=0]@2025-08-19T13:46:12.5445622-03:00
13:46:12.550 [main] DEBUG org.eclipse.jetty.util.thread.QueuedThreadPool -- queue org.eclipse.jetty.io.ManagedSelector$$Lambda/0x00000223902fcea0@8d8f754 startThread=0
13:46:12.550 [JettyServerThreadPool-55] DEBUG org.eclipse.jetty.util.thread.QueuedThreadPool -- run org.eclipse.jetty.io.ManagedSelector$$Lambda/0x00000223902fcea0@8d8f754 in QueuedThreadPool[JettyServerThreadPool]@48a0c8aa{STARTED,8<=8<=250,i=6,r=-1,t=59976ms,q=0}[ReservedThreadExecutor@44032fde{reserved=0/12,pending=0}]
13:46:12.552 [main] DEBUG org.eclipse.jetty.io.ManagedSelector -- Queued change lazy=false org.eclipse.jetty.io.ManagedSelector$Start@d613308 on ManagedSelector@329bad59{STARTING} id=1 keys=0 selected=0 updates=0
13:46:12.552 [JettyServerThreadPool-55] DEBUG org.eclipse.jetty.util.thread.strategy.AdaptiveExecutionStrategy -- AdaptiveExecutionStrategy@61bfc9bf/SelectorProducer@2c7106d9/IDLE/p=false/QueuedThreadPool[JettyServerThreadPool]@48a0c8aa{STARTED,8<=8<=250,i=6,r=-1,t=59975ms,q=0}[ReservedThreadExecutor@44032fde{reserved=0/12,pending=0}][pc=0,pic=0,pec=0,epc=0]@2025-08-19T13:46:12.5521038-03:00 tryProduce false
13:46:12.552 [JettyServerThreadPool-55] DEBUG org.eclipse.jetty.io.ManagedSelector -- updateable 1
13:46:12.552 [JettyServerThreadPool-55] DEBUG org.eclipse.jetty.io.ManagedSelector -- update org.eclipse.jetty.io.ManagedSelector$Start@d613308
13:46:12.552 [JettyServerThreadPool-55] DEBUG org.eclipse.jetty.io.ManagedSelector -- updates 0
13:46:12.552 [JettyServerThreadPool-55] DEBUG org.eclipse.jetty.io.ManagedSelector -- Selector sun.nio.ch.WEPollSelectorImpl@50013c9f waiting with 0 keys
13:46:12.552 [main] DEBUG org.eclipse.jetty.util.component.AbstractLifeCycle -- STARTED @4040ms ManagedSelector@329bad59{STARTED} id=1 keys=0 selected=0 updates=0
13:46:12.552 [main] DEBUG org.eclipse.jetty.util.component.AbstractLifeCycle -- STARTING ManagedSelector@33ecbd6c{STOPPED} id=2 keys=-1 selected=-1 updates=0
13:46:12.552 [main] DEBUG org.eclipse.jetty.util.component.AbstractLifeCycle -- STARTING AdaptiveExecutionStrategy@862f408/SelectorProducer@178f268a/IDLE/p=false/QueuedThreadPool[JettyServerThreadPool]@48a0c8aa{STARTED,8<=8<=250,i=6,r=-1,t=59974ms,q=0}[ReservedThreadExecutor@44032fde{reserved=0/12,pending=0}][pc=0,pic=0,pec=0,epc=0]@2025-08-19T13:46:12.5521038-03:00
13:46:12.552 [main] DEBUG org.eclipse.jetty.util.component.AbstractLifeCycle -- STARTED @4040ms AdaptiveExecutionStrategy@862f408/SelectorProducer@178f268a/IDLE/p=false/QueuedThreadPool[JettyServerThreadPool]@48a0c8aa{STARTED,8<=8<=250,i=6,r=-1,t=59974ms,q=0}[ReservedThreadExecutor@44032fde{reserved=0/12,pending=0}][pc=0,pic=0,pec=0,epc=0]@2025-08-19T13:46:12.554123-03:00
13:46:12.558 [main] DEBUG org.eclipse.jetty.util.thread.QueuedThreadPool -- queue org.eclipse.jetty.io.ManagedSelector$$Lambda/0x00000223902fcea0@25673087 startThread=0
13:46:12.558 [JettyServerThreadPool-56] DEBUG org.eclipse.jetty.util.thread.QueuedThreadPool -- run org.eclipse.jetty.io.ManagedSelector$$Lambda/0x00000223902fcea0@25673087 in QueuedThreadPool[JettyServerThreadPool]@48a0c8aa{STARTED,8<=8<=250,i=5,r=-1,t=59968ms,q=0}[ReservedThreadExecutor@44032fde{reserved=0/12,pending=0}]
13:46:12.558 [main] DEBUG org.eclipse.jetty.io.ManagedSelector -- Queued change lazy=false org.eclipse.jetty.io.ManagedSelector$Start@7b27e8f4 on ManagedSelector@33ecbd6c{STARTING} id=2 keys=0 selected=0 updates=0
13:46:12.558 [JettyServerThreadPool-56] DEBUG org.eclipse.jetty.util.thread.strategy.AdaptiveExecutionStrategy -- AdaptiveExecutionStrategy@862f408/SelectorProducer@178f268a/IDLE/p=false/QueuedThreadPool[JettyServerThreadPool]@48a0c8aa{STARTED,8<=8<=250,i=5,r=-1,t=59968ms,q=0}[ReservedThreadExecutor@44032fde{reserved=0/12,pending=0}][pc=0,pic=0,pec=0,epc=0]@2025-08-19T13:46:12.560191-03:00 tryProduce false
13:46:12.560 [JettyServerThreadPool-56] DEBUG org.eclipse.jetty.io.ManagedSelector -- updateable 1
13:46:12.560 [JettyServerThreadPool-56] DEBUG org.eclipse.jetty.io.ManagedSelector -- update org.eclipse.jetty.io.ManagedSelector$Start@7b27e8f4
13:46:12.560 [JettyServerThreadPool-56] DEBUG org.eclipse.jetty.io.ManagedSelector -- updates 0
13:46:12.560 [JettyServerThreadPool-56] DEBUG org.eclipse.jetty.io.ManagedSelector -- Selector sun.nio.ch.WEPollSelectorImpl@6446127a waiting with 0 keys
13:46:12.560 [main] DEBUG org.eclipse.jetty.util.component.AbstractLifeCycle -- STARTED @4047ms ManagedSelector@33ecbd6c{STARTED} id=2 keys=0 selected=0 updates=0
13:46:12.560 [main] DEBUG org.eclipse.jetty.util.component.AbstractLifeCycle -- STARTING ManagedSelector@2d7a9786{STOPPED} id=3 keys=-1 selected=-1 updates=0
13:46:12.560 [main] DEBUG org.eclipse.jetty.util.component.AbstractLifeCycle -- STARTING AdaptiveExecutionStrategy@5c723f2d/SelectorProducer@432f521f/IDLE/p=false/QueuedThreadPool[JettyServerThreadPool]@48a0c8aa{STARTED,8<=8<=250,i=5,r=-1,t=59967ms,q=0}[ReservedThreadExecutor@44032fde{reserved=0/12,pending=0}][pc=0,pic=0,pec=0,epc=0]@2025-08-19T13:46:12.560191-03:00
13:46:12.560 [main] DEBUG org.eclipse.jetty.util.component.AbstractLifeCycle -- STARTED @4047ms AdaptiveExecutionStrategy@5c723f2d/SelectorProducer@432f521f/IDLE/p=false/QueuedThreadPool[JettyServerThreadPool]@48a0c8aa{STARTED,8<=8<=250,i=5,r=-1,t=59967ms,q=0}[ReservedThreadExecutor@44032fde{reserved=0/12,pending=0}][pc=0,pic=0,pec=0,epc=0]@2025-08-19T13:46:12.560191-03:00
13:46:12.563 [main] DEBUG org.eclipse.jetty.util.thread.QueuedThreadPool -- queue org.eclipse.jetty.io.ManagedSelector$$Lambda/0x00000223902fcea0@348ad293 startThread=0
13:46:12.563 [JettyServerThreadPool-57] DEBUG org.eclipse.jetty.util.thread.QueuedThreadPool -- run org.eclipse.jetty.io.ManagedSelector$$Lambda/0x00000223902fcea0@348ad293 in QueuedThreadPool[JettyServerThreadPool]@48a0c8aa{STARTED,8<=8<=250,i=4,r=-1,t=59963ms,q=0}[ReservedThreadExecutor@44032fde{reserved=0/12,pending=0}]
13:46:12.563 [main] DEBUG org.eclipse.jetty.io.ManagedSelector -- Queued change lazy=false org.eclipse.jetty.io.ManagedSelector$Start@30f74e79 on ManagedSelector@2d7a9786{STARTING} id=3 keys=0 selected=0 updates=0
13:46:12.563 [JettyServerThreadPool-57] DEBUG org.eclipse.jetty.util.thread.strategy.AdaptiveExecutionStrategy -- AdaptiveExecutionStrategy@5c723f2d/SelectorProducer@432f521f/IDLE/p=false/QueuedThreadPool[JettyServerThreadPool]@48a0c8aa{STARTED,8<=8<=250,i=4,r=-1,t=59963ms,q=0}[ReservedThreadExecutor@44032fde{reserved=0/12,pending=0}][pc=0,pic=0,pec=0,epc=0]@2025-08-19T13:46:12.5632918-03:00 tryProduce false
13:46:12.563 [JettyServerThreadPool-57] DEBUG org.eclipse.jetty.io.ManagedSelector -- updateable 1
13:46:12.563 [JettyServerThreadPool-57] DEBUG org.eclipse.jetty.io.ManagedSelector -- update org.eclipse.jetty.io.ManagedSelector$Start@30f74e79
13:46:12.563 [JettyServerThreadPool-57] DEBUG org.eclipse.jetty.io.ManagedSelector -- updates 0
13:46:12.563 [JettyServerThreadPool-57] DEBUG org.eclipse.jetty.io.ManagedSelector -- Selector sun.nio.ch.WEPollSelectorImpl@34dc42bb waiting with 0 keys
13:46:12.563 [main] DEBUG org.eclipse.jetty.util.component.AbstractLifeCycle -- STARTED @4052ms ManagedSelector@2d7a9786{STARTED} id=3 keys=0 selected=0 updates=0
13:46:12.565 [main] DEBUG org.eclipse.jetty.util.component.AbstractLifeCycle -- STARTING ManagedSelector@feb98ef{STOPPED} id=4 keys=-1 selected=-1 updates=0
13:46:12.565 [main] DEBUG org.eclipse.jetty.util.component.AbstractLifeCycle -- STARTING AdaptiveExecutionStrategy@7bab5898/SelectorProducer@366d8b97/IDLE/p=false/QueuedThreadPool[JettyServerThreadPool]@48a0c8aa{STARTED,8<=8<=250,i=4,r=-1,t=59962ms,q=0}[ReservedThreadExecutor@44032fde{reserved=0/12,pending=0}][pc=0,pic=0,pec=0,epc=0]@2025-08-19T13:46:12.5653007-03:00
13:46:12.565 [main] DEBUG org.eclipse.jetty.util.component.AbstractLifeCycle -- STARTED @4052ms AdaptiveExecutionStrategy@7bab5898/SelectorProducer@366d8b97/IDLE/p=false/QueuedThreadPool[JettyServerThreadPool]@48a0c8aa{STARTED,8<=8<=250,i=4,r=-1,t=59962ms,q=0}[ReservedThreadExecutor@44032fde{reserved=0/12,pending=0}][pc=0,pic=0,pec=0,epc=0]@2025-08-19T13:46:12.5653007-03:00
13:46:12.567 [main] DEBUG org.eclipse.jetty.util.thread.QueuedThreadPool -- queue org.eclipse.jetty.io.ManagedSelector$$Lambda/0x00000223902fcea0@2c88a3e8 startThread=0
13:46:12.567 [JettyServerThreadPool-58] DEBUG org.eclipse.jetty.util.thread.QueuedThreadPool -- run org.eclipse.jetty.io.ManagedSelector$$Lambda/0x00000223902fcea0@2c88a3e8 in QueuedThreadPool[JettyServerThreadPool]@48a0c8aa{STARTED,8<=8<=250,i=3,r=-1,t=59959ms,q=0}[ReservedThreadExecutor@44032fde{reserved=0/12,pending=0}]
13:46:12.567 [main] DEBUG org.eclipse.jetty.io.ManagedSelector -- Queued change lazy=false org.eclipse.jetty.io.ManagedSelector$Start@68ac9ec5 on ManagedSelector@feb98ef{STARTING} id=4 keys=0 selected=0 updates=0
13:46:12.567 [JettyServerThreadPool-58] DEBUG org.eclipse.jetty.util.thread.strategy.AdaptiveExecutionStrategy -- AdaptiveExecutionStrategy@7bab5898/SelectorProducer@366d8b97/IDLE/p=false/QueuedThreadPool[JettyServerThreadPool]@48a0c8aa{STARTED,8<=8<=250,i=3,r=-1,t=59959ms,q=0}[ReservedThreadExecutor@44032fde{reserved=0/12,pending=0}][pc=0,pic=0,pec=0,epc=0]@2025-08-19T13:46:12.5678143-03:00 tryProduce false
13:46:12.567 [JettyServerThreadPool-58] DEBUG org.eclipse.jetty.io.ManagedSelector -- updateable 1
13:46:12.567 [JettyServerThreadPool-58] DEBUG org.eclipse.jetty.io.ManagedSelector -- update org.eclipse.jetty.io.ManagedSelector$Start@68ac9ec5
13:46:12.567 [JettyServerThreadPool-58] DEBUG org.eclipse.jetty.io.ManagedSelector -- updates 0
13:46:12.567 [JettyServerThreadPool-58] DEBUG org.eclipse.jetty.io.ManagedSelector -- Selector sun.nio.ch.WEPollSelectorImpl@5e407326 waiting with 0 keys
13:46:12.567 [main] DEBUG org.eclipse.jetty.util.component.AbstractLifeCycle -- STARTED @4056ms ManagedSelector@feb98ef{STARTED} id=4 keys=0 selected=0 updates=0
13:46:12.567 [main] DEBUG org.eclipse.jetty.util.component.AbstractLifeCycle -- STARTING ManagedSelector@d7109be{STOPPED} id=5 keys=-1 selected=-1 updates=0
13:46:12.567 [main] DEBUG org.eclipse.jetty.util.component.AbstractLifeCycle -- STARTING AdaptiveExecutionStrategy@7654f833/SelectorProducer@571a01f9/IDLE/p=false/QueuedThreadPool[JettyServerThreadPool]@48a0c8aa{STARTED,8<=8<=250,i=3,r=-1,t=59958ms,q=0}[ReservedThreadExecutor@44032fde{reserved=0/12,pending=0}][pc=0,pic=0,pec=0,epc=0]@2025-08-19T13:46:12.5678143-03:00
13:46:12.567 [main] DEBUG org.eclipse.jetty.util.component.AbstractLifeCycle -- STARTED @4056ms AdaptiveExecutionStrategy@7654f833/SelectorProducer@571a01f9/IDLE/p=false/QueuedThreadPool[JettyServerThreadPool]@48a0c8aa{STARTED,8<=8<=250,i=3,r=-1,t=59958ms,q=0}[ReservedThreadExecutor@44032fde{reserved=0/12,pending=0}][pc=0,pic=0,pec=0,epc=0]@2025-08-19T13:46:12.5678143-03:00
13:46:12.571 [main] DEBUG org.eclipse.jetty.util.thread.QueuedThreadPool -- queue org.eclipse.jetty.io.ManagedSelector$$Lambda/0x00000223902fcea0@a50d709 startThread=0
13:46:12.571 [JettyServerThreadPool-59] DEBUG org.eclipse.jetty.util.thread.QueuedThreadPool -- run org.eclipse.jetty.io.ManagedSelector$$Lambda/0x00000223902fcea0@a50d709 in QueuedThreadPool[JettyServerThreadPool]@48a0c8aa{STARTED,8<=8<=250,i=2,r=-1,t=59956ms,q=0}[ReservedThreadExecutor@44032fde{reserved=0/12,pending=0}]
13:46:12.571 [main] DEBUG org.eclipse.jetty.io.ManagedSelector -- Queued change lazy=false org.eclipse.jetty.io.ManagedSelector$Start@5ed4bc on ManagedSelector@d7109be{STARTING} id=5 keys=0 selected=0 updates=0
13:46:12.571 [JettyServerThreadPool-59] DEBUG org.eclipse.jetty.util.thread.strategy.AdaptiveExecutionStrategy -- AdaptiveExecutionStrategy@7654f833/SelectorProducer@571a01f9/IDLE/p=false/QueuedThreadPool[JettyServerThreadPool]@48a0c8aa{STARTED,8<=8<=250,i=2,r=-1,t=59956ms,q=0}[ReservedThreadExecutor@44032fde{reserved=0/12,pending=0}][pc=0,pic=0,pec=0,epc=0]@2025-08-19T13:46:12.5712268-03:00 tryProduce false
13:46:12.571 [JettyServerThreadPool-59] DEBUG org.eclipse.jetty.io.ManagedSelector -- updateable 1
13:46:12.571 [JettyServerThreadPool-59] DEBUG org.eclipse.jetty.io.ManagedSelector -- update org.eclipse.jetty.io.ManagedSelector$Start@5ed4bc
13:46:12.571 [JettyServerThreadPool-59] DEBUG org.eclipse.jetty.io.ManagedSelector -- updates 0
13:46:12.571 [JettyServerThreadPool-59] DEBUG org.eclipse.jetty.io.ManagedSelector -- Selector sun.nio.ch.WEPollSelectorImpl@676f65a4 waiting with 0 keys
13:46:12.571 [main] DEBUG org.eclipse.jetty.util.component.AbstractLifeCycle -- STARTED @4059ms ManagedSelector@d7109be{STARTED} id=5 keys=0 selected=0 updates=0
13:46:12.571 [main] DEBUG org.eclipse.jetty.util.component.AbstractLifeCycle -- STARTED @4059ms SelectorManager@ServerConnector@53d13cd4{HTTP/1.1, (http/1.1)}{0.0.0.0:50249}
13:46:12.571 [main] DEBUG org.eclipse.jetty.util.component.ContainerLifeCycle -- ServerConnector@53d13cd4{HTTP/1.1, (http/1.1)}{0.0.0.0:50249} added {acceptor-0@6920b0bc,POJO}
13:46:12.571 [main] DEBUG org.eclipse.jetty.util.thread.QueuedThreadPool -- queue acceptor-0@6920b0bc startThread=0
13:46:12.571 [main] INFO org.eclipse.jetty.server.AbstractConnector -- Started ServerConnector@53d13cd4{HTTP/1.1, (http/1.1)}{0.0.0.0:50249}
13:46:12.571 [JettyServerThreadPool-60] DEBUG org.eclipse.jetty.util.thread.QueuedThreadPool -- run acceptor-0@6920b0bc in QueuedThreadPool[JettyServerThreadPool]@48a0c8aa{STARTED,8<=8<=250,i=1,r=-1,t=59955ms,q=0}[ReservedThreadExecutor@44032fde{reserved=0/12,pending=0}]
13:46:12.571 [main] DEBUG org.eclipse.jetty.util.component.AbstractLifeCycle -- STARTED @4060ms ServerConnector@53d13cd4{HTTP/1.1, (http/1.1)}{0.0.0.0:50249}
13:46:12.571 [main] INFO org.eclipse.jetty.server.Server -- Started Server@3722c145{STARTING}[11.0.20,sto=0] @4060ms
13:46:12.571 [main] DEBUG org.eclipse.jetty.util.component.AbstractLifeCycle -- STARTED @4060ms Server@3722c145{STARTED}[11.0.20,sto=0]
13:46:12.571 [main] INFO io.javalin.Javalin -- 
       __                  ___           _____
      / /___ __   ______ _/ (_)___      / ___/
 __  / / __ `/ | / / __ `/ / / __ \    / __ \
/ /_/ / /_/ /| |/ / /_/ / / / / / /   / /_/ /
\____/\__,_/ |___/\__,_/_/_/_/ /_/    \____/

       https://javalin.io/documentation

13:46:12.571 [main] INFO io.javalin.Javalin -- Javalin started in 51ms \o/
13:46:12.571 [main] INFO io.javalin.Javalin -- Listening on http://localhost:50249/
13:46:12.571 [main] INFO io.javalin.Javalin -- You are running Javalin 6.1.3 (released March 2, 2024. Your Javalin version is 534 days old. Consider checking for a newer version.).
13:46:12.577 [JettyServerThreadPool-60-acceptor-0@6920b0bc-ServerConnector@53d13cd4{HTTP/1.1, (http/1.1)}{0.0.0.0:50249}] DEBUG org.eclipse.jetty.io.ManagedSelector -- Queued change lazy=false Accept@2d073cc1[java.nio.channels.SocketChannel[connected local=/127.0.0.1:50249 remote=/127.0.0.1:50250]] on ManagedSelector@329bad59{STARTED} id=1 keys=0 selected=0 updates=0
13:46:12.577 [JettyServerThreadPool-60-acceptor-0@6920b0bc-ServerConnector@53d13cd4{HTTP/1.1, (http/1.1)}{0.0.0.0:50249}] DEBUG org.eclipse.jetty.io.ManagedSelector -- Wakeup on submit ManagedSelector@329bad59{STARTED} id=1 keys=0 selected=0 updates=1
13:46:12.577 [JettyServerThreadPool-55] DEBUG org.eclipse.jetty.io.ManagedSelector -- Selector sun.nio.ch.WEPollSelectorImpl@50013c9f woken with none selected
13:46:12.577 [JettyServerThreadPool-55] DEBUG org.eclipse.jetty.io.ManagedSelector -- Selector sun.nio.ch.WEPollSelectorImpl@50013c9f woken up from select, 0/0/0 selected
13:46:12.577 [JettyServerThreadPool-55] DEBUG org.eclipse.jetty.io.ManagedSelector -- Selector sun.nio.ch.WEPollSelectorImpl@50013c9f processing 0 keys, 1 updates
13:46:12.577 [JettyServerThreadPool-55] DEBUG org.eclipse.jetty.io.ManagedSelector -- updateable 1
13:46:12.577 [JettyServerThreadPool-55] DEBUG org.eclipse.jetty.io.ManagedSelector -- update Accept@2d073cc1[java.nio.channels.SocketChannel[connected local=/127.0.0.1:50249 remote=/127.0.0.1:50250]]
13:46:12.577 [JettyServerThreadPool-55] DEBUG org.eclipse.jetty.util.thread.QueuedThreadPool -- queue Accept@2d073cc1[java.nio.channels.SocketChannel[connected local=/127.0.0.1:50249 remote=/127.0.0.1:50250]] startThread=0
13:46:12.577 [JettyServerThreadPool-55] DEBUG org.eclipse.jetty.io.ManagedSelector -- updates 0
13:46:12.577 [JettyServerThreadPool-55] DEBUG org.eclipse.jetty.io.ManagedSelector -- Selector sun.nio.ch.WEPollSelectorImpl@50013c9f waiting with 1 keys
13:46:12.577 [JettyServerThreadPool-61] DEBUG org.eclipse.jetty.util.thread.QueuedThreadPool -- run Accept@2d073cc1[java.nio.channels.SocketChannel[connected local=/127.0.0.1:50249 remote=/127.0.0.1:50250]] in QueuedThreadPool[JettyServerThreadPool]@48a0c8aa{STARTED,8<=8<=250,i=0,r=-1,t=59947ms,q=0}[ReservedThreadExecutor@44032fde{reserved=0/12,pending=0}]
13:46:12.577 [JettyServerThreadPool-61] DEBUG org.eclipse.jetty.io.IdleTimeout -- Setting idle timeout 0 -> 30000 on SocketChannelEndPoint@9f32177[{l=/127.0.0.1:50249,r=/127.0.0.1:50250,OPEN,fill=-,flush=-,to=0/30000}{io=0/0,kio=0,kro=0}]->[<null>]
13:46:12.577 [JettyServerThreadPool-61] DEBUG org.eclipse.jetty.io.IdleTimeout -- SocketChannelEndPoint@9f32177[{l=/127.0.0.1:50249,r=/127.0.0.1:50250,OPEN,fill=-,flush=-,to=0/30000}{io=0/0,kio=0,kro=0}]->[<null>] idle timeout check, elapsed: 0 ms, remaining: 30000 ms
13:46:12.577 [JettyServerThreadPool-61] DEBUG org.eclipse.jetty.server.HttpChannel -- new HttpChannelOverHttp@30b4a07{s=HttpChannelState@4609c402{s=IDLE rs=BLOCKING os=OPEN is=IDLE awp=false se=false i=true al=0},r=0,c=false/false,a=IDLE,uri=null,age=0} -> SocketChannelEndPoint@9f32177[{l=/127.0.0.1:50249,r=/127.0.0.1:50250,OPEN,fill=-,flush=-,to=0/30000}{io=0/0,kio=0,kro=0}]->[<null>],null,HttpChannelState@4609c402{s=IDLE rs=BLOCKING os=OPEN is=IDLE awp=false se=false i=true al=0}
13:46:12.577 [JettyServerThreadPool-61] DEBUG org.eclipse.jetty.server.HttpConnection -- New HTTP Connection HttpConnection@56e1ad2d::SocketChannelEndPoint@9f32177[{l=/127.0.0.1:50249,r=/127.0.0.1:50250,OPEN,fill=-,flush=-,to=0/30000}{io=0/0,kio=0,kro=0}]->[<null>]
13:46:12.577 [JettyServerThreadPool-61] DEBUG org.eclipse.jetty.io.ManagedSelector -- Queued change lazy=true org.eclipse.jetty.io.ManagedSelector$$Lambda/0x00000223903bb790@7705e4ce on ManagedSelector@329bad59{STARTED} id=1 keys=1 selected=0 updates=0
13:46:12.577 [JettyServerThreadPool-61] DEBUG org.eclipse.jetty.io.AbstractEndPoint -- onOpen SocketChannelEndPoint@9f32177[{l=/127.0.0.1:50249,r=/127.0.0.1:50250,OPEN,fill=-,flush=-,to=0/30000}{io=0/0,kio=0,kro=0}]->[HttpConnection@56e1ad2d[p=HttpParser{s=START,0 of -1},g=HttpGenerator@2e07d35b{s=START}]=>HttpChannelOverHttp@30b4a07{s=HttpChannelState@4609c402{s=IDLE rs=BLOCKING os=OPEN is=IDLE awp=false se=false i=true al=0},r=0,c=false/false,a=IDLE,uri=null,age=0}]
13:46:12.577 [JettyServerThreadPool-61] DEBUG org.eclipse.jetty.io.AbstractConnection -- onOpen HttpConnection@56e1ad2d::SocketChannelEndPoint@9f32177[{l=/127.0.0.1:50249,r=/127.0.0.1:50250,OPEN,fill=-,flush=-,to=1/30000}{io=0/0,kio=0,kro=0}]->[HttpConnection@56e1ad2d[p=HttpParser{s=START,0 of -1},g=HttpGenerator@2e07d35b{s=START}]=>HttpChannelOverHttp@30b4a07{s=HttpChannelState@4609c402{s=IDLE rs=BLOCKING os=OPEN is=IDLE awp=false se=false i=true al=0},r=0,c=false/false,a=IDLE,uri=null,age=0}]
13:46:12.577 [JettyServerThreadPool-61] DEBUG org.eclipse.jetty.io.AbstractConnection -- fillInterested HttpConnection@56e1ad2d::SocketChannelEndPoint@9f32177[{l=/127.0.0.1:50249,r=/127.0.0.1:50250,OPEN,fill=-,flush=-,to=1/30000}{io=0/0,kio=0,kro=0}]->[HttpConnection@56e1ad2d[p=HttpParser{s=START,0 of -1},g=HttpGenerator@2e07d35b{s=START}]=>HttpChannelOverHttp@30b4a07{s=HttpChannelState@4609c402{s=IDLE rs=BLOCKING os=OPEN is=IDLE awp=false se=false i=true al=0},r=0,c=false/false,a=IDLE,uri=null,age=0}]
13:46:12.577 [JettyServerThreadPool-61] DEBUG org.eclipse.jetty.io.FillInterest -- interested FillInterest@26263b4d{ReadCallback@7df56261{HttpConnection@56e1ad2d::SocketChannelEndPoint@9f32177[{l=/127.0.0.1:50249,r=/127.0.0.1:50250,OPEN,fill=FI,flush=-,to=0/30000}{io=0/0,kio=0,kro=0}]->[HttpConnection@56e1ad2d[p=HttpParser{s=START,0 of -1},g=HttpGenerator@2e07d35b{s=START}]=>HttpChannelOverHttp@30b4a07{s=HttpChannelState@4609c402{s=IDLE rs=BLOCKING os=OPEN is=IDLE awp=false se=false i=true al=0},r=0,c=false/false,a=IDLE,uri=null,age=0}]}}
13:46:12.577 [JettyServerThreadPool-61] DEBUG org.eclipse.jetty.io.SelectableChannelEndPoint -- changeInterests p=false 0->1 for SocketChannelEndPoint@9f32177[{l=/127.0.0.1:50249,r=/127.0.0.1:50250,OPEN,fill=FI,flush=-,to=0/30000}{io=0/1,kio=0,kro=0}]->[HttpConnection@56e1ad2d[p=HttpParser{s=START,0 of -1},g=HttpGenerator@2e07d35b{s=START}]=>HttpChannelOverHttp@30b4a07{s=HttpChannelState@4609c402{s=IDLE rs=BLOCKING os=OPEN is=IDLE awp=false se=false i=true al=0},r=0,c=false/false,a=IDLE,uri=null,age=0}]
13:46:12.577 [JettyServerThreadPool-61] DEBUG org.eclipse.jetty.io.ManagedSelector -- Queued change lazy=false org.eclipse.jetty.io.SelectableChannelEndPoint$$Lambda/0x00000223903acc50@250eca85 on ManagedSelector@329bad59{STARTED} id=1 keys=1 selected=0 updates=1
13:46:12.577 [JettyServerThreadPool-61] DEBUG org.eclipse.jetty.io.ManagedSelector -- Wakeup on submit ManagedSelector@329bad59{STARTED} id=1 keys=1 selected=0 updates=2
13:46:12.577 [JettyServerThreadPool-61] DEBUG org.eclipse.jetty.io.ManagedSelector -- Created SocketChannelEndPoint@9f32177[{l=/127.0.0.1:50249,r=/127.0.0.1:50250,OPEN,fill=FI,flush=-,to=0/30000}{io=0/1,kio=0,kro=0}]->[HttpConnection@56e1ad2d[p=HttpParser{s=START,0 of -1},g=HttpGenerator@2e07d35b{s=START}]=>HttpChannelOverHttp@30b4a07{s=HttpChannelState@4609c402{s=IDLE rs=BLOCKING os=OPEN is=IDLE awp=false se=false i=true al=0},r=0,c=false/false,a=IDLE,uri=null,age=0}]
13:46:12.577 [JettyServerThreadPool-55] DEBUG org.eclipse.jetty.io.ManagedSelector -- Selector sun.nio.ch.WEPollSelectorImpl@50013c9f woken with none selected
13:46:12.577 [JettyServerThreadPool-61] DEBUG org.eclipse.jetty.util.thread.QueuedThreadPool -- ran Accept@2d073cc1[java.nio.channels.SocketChannel[connected local=/127.0.0.1:50249 remote=/127.0.0.1:50250]] in QueuedThreadPool[JettyServerThreadPool]@48a0c8aa{STARTED,8<=8<=250,i=0,r=-1,t=59946ms,q=0}[ReservedThreadExecutor@44032fde{reserved=0/12,pending=0}]
13:46:12.577 [JettyServerThreadPool-55] DEBUG org.eclipse.jetty.io.ManagedSelector -- Selector sun.nio.ch.WEPollSelectorImpl@50013c9f woken up from select, 0/0/1 selected
13:46:12.577 [JettyServerThreadPool-61] DEBUG org.eclipse.jetty.util.thread.QueuedThreadPool -- Evict skipped, no excess threads QueuedThreadPool[JettyServerThreadPool]@48a0c8aa{STARTED,8<=8<=250,i=1,r=-1,t=59946ms,q=0}[ReservedThreadExecutor@44032fde{reserved=0/12,pending=0}]
13:46:12.577 [JettyServerThreadPool-55] DEBUG org.eclipse.jetty.io.ManagedSelector -- Selector sun.nio.ch.WEPollSelectorImpl@50013c9f processing 0 keys, 2 updates
13:46:12.577 [JettyServerThreadPool-55] DEBUG org.eclipse.jetty.io.ManagedSelector -- updateable 2
13:46:12.577 [JettyServerThreadPool-55] DEBUG org.eclipse.jetty.io.ManagedSelector -- update org.eclipse.jetty.io.ManagedSelector$$Lambda/0x00000223903bb790@7705e4ce
13:46:12.577 [JettyServerThreadPool-55] DEBUG org.eclipse.jetty.io.ManagedSelector -- update org.eclipse.jetty.io.SelectableChannelEndPoint$$Lambda/0x00000223903acc50@250eca85
13:46:12.577 [JettyServerThreadPool-55] DEBUG org.eclipse.jetty.io.SelectableChannelEndPoint -- Key interests updated 0 -> 1 on SocketChannelEndPoint@9f32177[{l=/127.0.0.1:50249,r=/127.0.0.1:50250,OPEN,fill=FI,flush=-,to=0/30000}{io=1/1,kio=1,kro=0}]->[HttpConnection@56e1ad2d[p=HttpParser{s=START,0 of -1},g=HttpGenerator@2e07d35b{s=START}]=>HttpChannelOverHttp@30b4a07{s=HttpChannelState@4609c402{s=IDLE rs=BLOCKING os=OPEN is=IDLE awp=false se=false i=true al=0},r=0,c=false/false,a=IDLE,uri=null,age=0}]
13:46:12.577 [JettyServerThreadPool-55] DEBUG org.eclipse.jetty.io.ManagedSelector -- updates 0
13:46:12.577 [JettyServerThreadPool-55] DEBUG org.eclipse.jetty.io.ManagedSelector -- Selector sun.nio.ch.WEPollSelectorImpl@50013c9f waiting with 1 keys
13:46:12.577 [JettyServerThreadPool-55] DEBUG org.eclipse.jetty.io.ManagedSelector -- Selector sun.nio.ch.WEPollSelectorImpl@50013c9f woken up from select, 1/1/1 selected
13:46:12.577 [JettyServerThreadPool-55] DEBUG org.eclipse.jetty.io.ManagedSelector -- Selector sun.nio.ch.WEPollSelectorImpl@50013c9f processing 1 keys, 0 updates
13:46:12.577 [JettyServerThreadPool-55] DEBUG org.eclipse.jetty.io.ManagedSelector -- selected 1 channel=java.nio.channels.SocketChannel[connected local=/127.0.0.1:50249 remote=/127.0.0.1:50250], selector=sun.nio.ch.WEPollSelectorImpl@50013c9f, interestOps=1, readyOps=1 SocketChannelEndPoint@9f32177[{l=/127.0.0.1:50249,r=/127.0.0.1:50250,OPEN,fill=FI,flush=-,to=0/30000}{io=1/1,kio=1,kro=1}]->[HttpConnection@56e1ad2d[p=HttpParser{s=START,0 of -1},g=HttpGenerator@2e07d35b{s=START}]=>HttpChannelOverHttp@30b4a07{s=HttpChannelState@4609c402{s=IDLE rs=BLOCKING os=OPEN is=IDLE awp=false se=false i=true al=0},r=0,c=false/false,a=IDLE,uri=null,age=0}] 
13:46:12.577 [JettyServerThreadPool-55] DEBUG org.eclipse.jetty.io.SelectableChannelEndPoint -- onSelected 1->0 r=true w=false for SocketChannelEndPoint@9f32177[{l=/127.0.0.1:50249,r=/127.0.0.1:50250,OPEN,fill=FI,flush=-,to=0/30000}{io=1/0,kio=1,kro=1}]->[HttpConnection@56e1ad2d[p=HttpParser{s=START,0 of -1},g=HttpGenerator@2e07d35b{s=START}]=>HttpChannelOverHttp@30b4a07{s=HttpChannelState@4609c402{s=IDLE rs=BLOCKING os=OPEN is=IDLE awp=false se=false i=true al=0},r=0,c=false/false,a=IDLE,uri=null,age=0}]
13:46:12.577 [JettyServerThreadPool-55] DEBUG org.eclipse.jetty.io.SelectableChannelEndPoint -- task SocketChannelEndPoint@9f32177[{l=/127.0.0.1:50249,r=/127.0.0.1:50250,OPEN,fill=FI,flush=-,to=0/30000}{io=1/0,kio=1,kro=1}]->[HttpConnection@56e1ad2d[p=HttpParser{s=START,0 of -1},g=HttpGenerator@2e07d35b{s=START}]=>HttpChannelOverHttp@30b4a07{s=HttpChannelState@4609c402{s=IDLE rs=BLOCKING os=OPEN is=IDLE awp=false se=false i=true al=0},r=0,c=false/false,a=IDLE,uri=null,age=0}]:runFillable:BLOCKING
13:46:12.577 [JettyServerThreadPool-55] DEBUG org.eclipse.jetty.util.thread.ReservedThreadExecutor -- ReservedThreadExecutor@44032fde{reserved=0/12,pending=0} tryExecute AdaptiveExecutionStrategy@61bfc9bf/SelectorProducer@2c7106d9/PRODUCING/p=false/QueuedThreadPool[JettyServerThreadPool]@48a0c8aa{STARTED,8<=8<=250,i=1,r=-1,t=59945ms,q=0}[ReservedThreadExecutor@44032fde{reserved=0/12,pending=0}][pc=0,pic=0,pec=0,epc=0]@2025-08-19T13:46:12.577285-03:00
13:46:12.577 [JettyServerThreadPool-55] DEBUG org.eclipse.jetty.util.thread.ReservedThreadExecutor -- ReservedThreadExecutor@44032fde{reserved=0/12,pending=1} startReservedThread p=1
13:46:12.577 [JettyServerThreadPool-55] DEBUG org.eclipse.jetty.util.thread.QueuedThreadPool -- queue ReservedThread@5af957ef{PENDING,thread=null} startThread=0
13:46:12.577 [JettyServerThreadPool-55] DEBUG org.eclipse.jetty.util.thread.strategy.AdaptiveExecutionStrategy -- ss=PRODUCE_EXECUTE_CONSUME t=SocketChannelEndPoint@9f32177[{l=/127.0.0.1:50249,r=/127.0.0.1:50250,OPEN,fill=FI,flush=-,to=1/30000}{io=1/0,kio=1,kro=1}]->[HttpConnection@56e1ad2d[p=HttpParser{s=START,0 of -1},g=HttpGenerator@2e07d35b{s=START}]=>HttpChannelOverHttp@30b4a07{s=HttpChannelState@4609c402{s=IDLE rs=BLOCKING os=OPEN is=IDLE awp=false se=false i=true al=0},r=0,c=false/false,a=IDLE,uri=null,age=0}]:runFillable:BLOCKING/BLOCKING AdaptiveExecutionStrategy@61bfc9bf/SelectorProducer@2c7106d9/PRODUCING/p=false/QueuedThreadPool[JettyServerThreadPool]@48a0c8aa{STARTED,8<=8<=250,i=0,r=-1,t=59945ms,q=0}[ReservedThreadExecutor@44032fde{reserved=0/12,pending=1}][pc=0,pic=0,pec=0,epc=0]@2025-08-19T13:46:12.577285-03:00
13:46:12.577 [JettyServerThreadPool-61] DEBUG org.eclipse.jetty.util.thread.QueuedThreadPool -- run ReservedThread@5af957ef{PENDING,thread=null} in QueuedThreadPool[JettyServerThreadPool]@48a0c8aa{STARTED,8<=8<=250,i=0,r=-1,t=59945ms,q=0}[ReservedThreadExecutor@44032fde{reserved=0/12,pending=1}]
13:46:12.577 [JettyServerThreadPool-55] DEBUG org.eclipse.jetty.util.thread.QueuedThreadPool -- queue SocketChannelEndPoint@9f32177[{l=/127.0.0.1:50249,r=/127.0.0.1:50250,OPEN,fill=FI,flush=-,to=1/30000}{io=1/0,kio=1,kro=1}]->[HttpConnection@56e1ad2d[p=HttpParser{s=START,0 of -1},g=HttpGenerator@2e07d35b{s=START}]=>HttpChannelOverHttp@30b4a07{s=HttpChannelState@4609c402{s=IDLE rs=BLOCKING os=OPEN is=IDLE awp=false se=false i=true al=0},r=0,c=false/false,a=IDLE,uri=null,age=0}]:runFillable:BLOCKING startThread=1
13:46:12.577 [JettyServerThreadPool-61] DEBUG org.eclipse.jetty.util.thread.ReservedThreadExecutor -- ReservedThread@5af957ef{PENDING,thread=Thread[#61,JettyServerThreadPool-61,5,main]} was=PENDING next=RESERVED size=0+1 capacity=12
13:46:12.577 [JettyServerThreadPool-61] DEBUG org.eclipse.jetty.util.thread.ReservedThreadExecutor -- ReservedThread@5af957ef{RESERVED,thread=Thread[#61,JettyServerThreadPool-61,5,main]} waiting ReservedThreadExecutor@44032fde{reserved=1/12,pending=0}
13:46:12.577 [JettyServerThreadPool-55] DEBUG org.eclipse.jetty.util.thread.QueuedThreadPool -- Starting Thread[#68,JettyServerThreadPool-68,5,main]
13:46:12.577 [JettyServerThreadPool-55] DEBUG org.eclipse.jetty.io.ManagedSelector -- updateable 0
13:46:12.577 [JettyServerThreadPool-55] DEBUG org.eclipse.jetty.io.ManagedSelector -- updates 0
13:46:12.577 [JettyServerThreadPool-55] DEBUG org.eclipse.jetty.io.SelectableChannelEndPoint -- Key interests updated 1 -> 0 on SocketChannelEndPoint@9f32177[{l=/127.0.0.1:50249,r=/127.0.0.1:50250,OPEN,fill=FI,flush=-,to=1/30000}{io=0/0,kio=0,kro=1}]->[HttpConnection@56e1ad2d[p=HttpParser{s=START,0 of -1},g=HttpGenerator@2e07d35b{s=START}]=>HttpChannelOverHttp@30b4a07{s=HttpChannelState@4609c402{s=IDLE rs=BLOCKING os=OPEN is=IDLE awp=false se=false i=true al=0},r=0,c=false/false,a=IDLE,uri=null,age=0}]
13:46:12.577 [JettyServerThreadPool-55] DEBUG org.eclipse.jetty.io.ManagedSelector -- Selector sun.nio.ch.WEPollSelectorImpl@50013c9f waiting with 1 keys
13:46:12.583 [JettyServerThreadPool-68] DEBUG org.eclipse.jetty.util.thread.QueuedThreadPool -- Runner started for QueuedThreadPool[JettyServerThreadPool]@48a0c8aa{STARTED,8<=9<=250,i=0,r=-1,t=59999ms,q=0}[ReservedThreadExecutor@44032fde{reserved=1/12,pending=0}]
13:46:12.583 [JettyServerThreadPool-68] DEBUG org.eclipse.jetty.util.thread.QueuedThreadPool -- run SocketChannelEndPoint@9f32177[{l=/127.0.0.1:50249,r=/127.0.0.1:50250,OPEN,fill=FI,flush=-,to=2/30000}{io=0/0,kio=0,kro=1}]->[HttpConnection@56e1ad2d[p=HttpParser{s=START,0 of -1},g=HttpGenerator@2e07d35b{s=START}]=>HttpChannelOverHttp@30b4a07{s=HttpChannelState@4609c402{s=IDLE rs=BLOCKING os=OPEN is=IDLE awp=false se=false i=true al=0},r=0,c=false/false,a=IDLE,uri=null,age=0}]:runFillable:BLOCKING in QueuedThreadPool[JettyServerThreadPool]@48a0c8aa{STARTED,8<=9<=250,i=0,r=-1,t=59998ms,q=0}[ReservedThreadExecutor@44032fde{reserved=1/12,pending=0}]
13:46:12.583 [JettyServerThreadPool-68] DEBUG org.eclipse.jetty.io.FillInterest -- fillable FillInterest@26263b4d{ReadCallback@7df56261{HttpConnection@56e1ad2d::SocketChannelEndPoint@9f32177[{l=/127.0.0.1:50249,r=/127.0.0.1:50250,OPEN,fill=FI,flush=-,to=2/30000}{io=0/0,kio=0,kro=1}]->[HttpConnection@56e1ad2d[p=HttpParser{s=START,0 of -1},g=HttpGenerator@2e07d35b{s=START}]=>HttpChannelOverHttp@30b4a07{s=HttpChannelState@4609c402{s=IDLE rs=BLOCKING os=OPEN is=IDLE awp=false se=false i=true al=0},r=0,c=false/false,a=IDLE,uri=null,age=0}]}}
13:46:12.583 [JettyServerThreadPool-68] DEBUG org.eclipse.jetty.server.HttpConnection -- HttpConnection@56e1ad2d::SocketChannelEndPoint@9f32177[{l=/127.0.0.1:50249,r=/127.0.0.1:50250,OPEN,fill=-,flush=-,to=2/30000}{io=0/0,kio=0,kro=1}]->[HttpConnection@56e1ad2d[p=HttpParser{s=START,0 of -1},g=HttpGenerator@2e07d35b{s=START}]=>HttpChannelOverHttp@30b4a07{s=HttpChannelState@4609c402{s=IDLE rs=BLOCKING os=OPEN is=IDLE awp=false se=false i=true al=0},r=0,c=false/false,a=IDLE,uri=null,age=0}] onFillable enter HttpChannelState@4609c402{s=IDLE rs=BLOCKING os=OPEN is=IDLE awp=false se=false i=true al=0} null
13:46:12.583 [JettyServerThreadPool-68] DEBUG org.eclipse.jetty.util.Pool -- RetainedBucket@2b4351b1[inUse=0,size=1,max=-1,closed=false]{capacity=8192,inuse=0(0%)} returning new reserved entry MonoEntry@2584baa9{PENDING,pooled=null}
13:46:12.583 [JettyServerThreadPool-68] DEBUG org.eclipse.jetty.io.SocketChannelEndPoint -- filled 374 DirectByteBuffer@21bb3ac1[p=0,l=374,c=8192,r=374]={<<<POST /print-validade HTTP...elType":"SIXTY_TWO_MM"}>>>\x00\x00\x00\x00\x00\x00\x00\x00\x00...\x00\x00\x00\x00\x00\x00\x00}
13:46:12.583 [JettyServerThreadPool-68] DEBUG org.eclipse.jetty.server.HttpConnection -- HttpConnection@56e1ad2d::SocketChannelEndPoint@9f32177[{l=/127.0.0.1:50249,r=/127.0.0.1:50250,OPEN,fill=-,flush=-,to=0/30000}{io=0/0,kio=0,kro=1}]->[HttpConnection@56e1ad2d[p=HttpParser{s=START,0 of -1},g=HttpGenerator@2e07d35b{s=START}]=>HttpChannelOverHttp@30b4a07{s=HttpChannelState@4609c402{s=IDLE rs=BLOCKING os=OPEN is=IDLE awp=false se=false i=true al=0},r=0,c=false/false,a=IDLE,uri=null,age=0}] filled 374 RetainableByteBuffer@64b9b092{DirectByteBuffer@21bb3ac1[p=0,l=374,c=8192,r=374]={<<<POST /print-validade HTTP...elType":"SIXTY_TWO_MM"}>>>\x00\x00\x00\x00\x00\x00\x00\x00\x00...\x00\x00\x00\x00\x00\x00\x00},r=1}
13:46:12.583 [JettyServerThreadPool-68] DEBUG org.eclipse.jetty.server.HttpConnection -- HttpConnection@56e1ad2d::SocketChannelEndPoint@9f32177[{l=/127.0.0.1:50249,r=/127.0.0.1:50250,OPEN,fill=-,flush=-,to=0/30000}{io=0/0,kio=0,kro=1}]->[HttpConnection@56e1ad2d[p=HttpParser{s=START,0 of -1},g=HttpGenerator@2e07d35b{s=START}]=>HttpChannelOverHttp@30b4a07{s=HttpChannelState@4609c402{s=IDLE rs=BLOCKING os=OPEN is=IDLE awp=false se=false i=true al=0},r=0,c=false/false,a=IDLE,uri=null,age=0}] parse RetainableByteBuffer@64b9b092{DirectByteBuffer@21bb3ac1[p=0,l=374,c=8192,r=374]={<<<POST /print-validade HTTP...elType":"SIXTY_TWO_MM"}>>>\x00\x00\x00\x00\x00\x00\x00\x00\x00...\x00\x00\x00\x00\x00\x00\x00},r=1}
13:46:12.583 [JettyServerThreadPool-68] DEBUG org.eclipse.jetty.http.HttpParser -- parseNext s=START DirectByteBuffer@21bb3ac1[p=0,l=374,c=8192,r=374]={<<<POST /print-validade HTTP...elType":"SIXTY_TWO_MM"}>>>\x00\x00\x00\x00\x00\x00\x00\x00\x00...\x00\x00\x00\x00\x00\x00\x00}
13:46:12.583 [JettyServerThreadPool-68] DEBUG org.eclipse.jetty.http.HttpParser -- START --> SPACE1
13:46:12.583 [JettyServerThreadPool-68] DEBUG org.eclipse.jetty.http.HttpParser -- SPACE1 --> URI
13:46:12.583 [JettyServerThreadPool-68] DEBUG org.eclipse.jetty.http.HttpParser -- URI --> SPACE2
13:46:12.583 [JettyServerThreadPool-68] DEBUG org.eclipse.jetty.http.HttpParser -- SPACE2 --> REQUEST_VERSION
13:46:12.583 [JettyServerThreadPool-68] DEBUG org.eclipse.jetty.http.HttpParser -- REQUEST_VERSION --> HEADER
13:46:12.583 [JettyServerThreadPool-68] DEBUG org.eclipse.jetty.http.HttpParser -- HEADER:Connection --> IN_VALUE
13:46:12.583 [JettyServerThreadPool-68] DEBUG org.eclipse.jetty.http.HttpParser -- HEADER:Connection --> FIELD
13:46:12.583 [JettyServerThreadPool-68] DEBUG org.eclipse.jetty.http.HttpParser -- parsedHeader(Connection: Upgrade, HTTP2-Settings) header=Connection, headerString=[Connection], valueString=[Upgrade, HTTP2-Settings]
13:46:12.583 [JettyServerThreadPool-68] DEBUG org.eclipse.jetty.http.HttpParser -- HEADER:Content-Length --> VALUE
13:46:12.583 [JettyServerThreadPool-68] DEBUG org.eclipse.jetty.http.HttpParser -- HEADER:Content-Length --> IN_VALUE
13:46:12.583 [JettyServerThreadPool-68] DEBUG org.eclipse.jetty.http.HttpParser -- HEADER:Content-Length --> FIELD
13:46:12.583 [JettyServerThreadPool-68] DEBUG org.eclipse.jetty.http.HttpParser -- parsedHeader(null) header=Content-Length, headerString=[Content-Length], valueString=[111]
13:46:12.583 [JettyServerThreadPool-68] DEBUG org.eclipse.jetty.http.HttpParser -- HEADER:Host --> VALUE
13:46:12.583 [JettyServerThreadPool-68] DEBUG org.eclipse.jetty.http.HttpParser -- HEADER:Host --> IN_VALUE
13:46:12.583 [JettyServerThreadPool-68] DEBUG org.eclipse.jetty.http.HttpParser -- HEADER:Host --> FIELD
13:46:12.583 [JettyServerThreadPool-68] DEBUG org.eclipse.jetty.http.HttpParser -- parsedHeader(Host: localhost:50249) header=Host, headerString=[Host], valueString=[localhost:50249]
13:46:12.583 [JettyServerThreadPool-68] DEBUG org.eclipse.jetty.http.HttpParser -- HEADER:HTTP2-Settings --> VALUE
13:46:12.583 [JettyServerThreadPool-68] DEBUG org.eclipse.jetty.http.HttpParser -- HEADER:HTTP2-Settings --> IN_VALUE
13:46:12.583 [JettyServerThreadPool-68] DEBUG org.eclipse.jetty.http.HttpParser -- HEADER:HTTP2-Settings --> FIELD
13:46:12.583 [JettyServerThreadPool-68] DEBUG org.eclipse.jetty.http.HttpParser -- parsedHeader(null) header=HTTP2-Settings, headerString=[HTTP2-Settings], valueString=[AAEAAEAAAAIAAAAAAAMAAAAAAAQBAAAAAAUAAEAAAAYABgAA]
13:46:12.583 [JettyServerThreadPool-68] DEBUG org.eclipse.jetty.http.HttpParser -- HEADER:Upgrade --> VALUE
13:46:12.583 [JettyServerThreadPool-68] DEBUG org.eclipse.jetty.http.HttpParser -- HEADER:Upgrade --> IN_VALUE
13:46:12.583 [JettyServerThreadPool-68] DEBUG org.eclipse.jetty.http.HttpParser -- HEADER:Upgrade --> FIELD
13:46:12.583 [JettyServerThreadPool-68] DEBUG org.eclipse.jetty.http.HttpParser -- parsedHeader(null) header=Upgrade, headerString=[Upgrade], valueString=[h2c]
13:46:12.583 [JettyServerThreadPool-68] DEBUG org.eclipse.jetty.http.HttpParser -- HEADER:User-Agent --> VALUE
13:46:12.583 [JettyServerThreadPool-68] DEBUG org.eclipse.jetty.http.HttpParser -- HEADER:User-Agent --> IN_VALUE
13:46:12.583 [JettyServerThreadPool-68] DEBUG org.eclipse.jetty.http.HttpParser -- HEADER:User-Agent --> FIELD
13:46:12.583 [JettyServerThreadPool-68] DEBUG org.eclipse.jetty.http.HttpParser -- parsedHeader(User-Agent: Java-http-client/21.0.7) header=User-Agent, headerString=[User-Agent], valueString=[Java-http-client/21.0.7]
13:46:12.583 [JettyServerThreadPool-68] DEBUG org.eclipse.jetty.http.HttpParser -- HEADER:Content-Type: application/json --> IN_VALUE
13:46:12.583 [JettyServerThreadPool-68] DEBUG org.eclipse.jetty.http.HttpParser -- HEADER:Content-Type: application/json --> FIELD
13:46:12.583 [JettyServerThreadPool-68] DEBUG org.eclipse.jetty.http.HttpParser -- parsedHeader(Content-Type: application/json) header=Content-Type, headerString=[Content-Type], valueString=[application/json]
13:46:12.583 [JettyServerThreadPool-68] DEBUG org.eclipse.jetty.http.HttpParser -- HEADER --> CONTENT
13:46:12.583 [JettyServerThreadPool-68] DEBUG org.eclipse.jetty.server.HttpInput -- reopen HttpInput@1439083373 cs=HttpChannelState@4609c402{s=IDLE rs=BLOCKING os=OPEN is=IDLE awp=false se=false i=true al=0} cp=org.eclipse.jetty.server.BlockingContentProducer@5597128e eof=false
13:46:12.583 [JettyServerThreadPool-68] DEBUG org.eclipse.jetty.server.BlockingContentProducer -- reopening org.eclipse.jetty.server.BlockingContentProducer@5597128e
13:46:12.583 [JettyServerThreadPool-68] DEBUG org.eclipse.jetty.server.AsyncContentProducer -- reopening AsyncContentProducer@2d0257cf[r=null,t=null,i=null,error=false,c=HttpChannelOverHttp@30b4a07{s=HttpChannelState@4609c402{s=IDLE rs=BLOCKING os=OPEN is=IDLE awp=false se=false i=true al=0},r=1,c=false/false,a=IDLE,uri=null,age=0}]
13:46:12.583 [JettyServerThreadPool-68] DEBUG org.eclipse.jetty.server.HttpChannel -- REQUEST for /print-validade on HttpChannelOverHttp@30b4a07{s=HttpChannelState@4609c402{s=IDLE rs=BLOCKING os=OPEN is=IDLE awp=false se=false i=true al=0},r=1,c=false/false,a=IDLE,uri=http://localhost:50249/print-validade,age=0}
POST /print-validade HTTP/1.1
Connection: Upgrade, HTTP2-Settings
Content-Length: 111
Host: localhost:50249
HTTP2-Settings: AAEAAEAAAAIAAAAAAAMAAAAAAAQBAAAAAAUAAEAAAAYABgAA
Upgrade: h2c
User-Agent: Java-http-client/21.0.7
Content-Type: application/json


13:46:12.583 [JettyServerThreadPool-68] DEBUG org.eclipse.jetty.server.HttpChannelOverHttp -- upgrade HttpChannelOverHttp@30b4a07{s=HttpChannelState@4609c402{s=IDLE rs=BLOCKING os=OPEN is=IDLE awp=false se=false i=true al=0},r=1,c=false/false,a=IDLE,uri=http://localhost:50249/print-validade,age=0} Upgrade: h2c
13:46:12.583 [JettyServerThreadPool-68] DEBUG org.eclipse.jetty.server.HttpChannelOverHttp -- No factory for Upgrade: h2c in ServerConnector@53d13cd4{HTTP/1.1, (http/1.1)}{0.0.0.0:50249}
13:46:12.583 [JettyServerThreadPool-68] DEBUG org.eclipse.jetty.server.HttpConnection -- HttpConnection@56e1ad2d::SocketChannelEndPoint@9f32177[{l=/127.0.0.1:50249,r=/127.0.0.1:50250,OPEN,fill=-,flush=-,to=2/30000}{io=0/0,kio=0,kro=1}]->[HttpConnection@56e1ad2d[p=HttpParser{s=CONTENT,0 of 111},g=HttpGenerator@2e07d35b{s=START}]=>HttpChannelOverHttp@30b4a07{s=HttpChannelState@4609c402{s=IDLE rs=BLOCKING os=OPEN is=IDLE awp=false se=false i=true al=0},r=1,c=false/false,a=IDLE,uri=http://localhost:50249/print-validade,age=0}] parsed true HttpParser{s=CONTENT,0 of 111}
13:46:12.583 [JettyServerThreadPool-68] DEBUG org.eclipse.jetty.server.HttpChannel -- handle http://localhost:50249/print-validade HttpChannelOverHttp@30b4a07{s=HttpChannelState@4609c402{s=IDLE rs=BLOCKING os=OPEN is=IDLE awp=false se=false i=true al=0},r=1,c=false/false,a=IDLE,uri=http://localhost:50249/print-validade,age=0} 
13:46:12.583 [JettyServerThreadPool-68] DEBUG org.eclipse.jetty.server.HttpChannelState -- handling HttpChannelState@4609c402{s=IDLE rs=BLOCKING os=OPEN is=IDLE awp=false se=false i=true al=0}
13:46:12.583 [JettyServerThreadPool-68] DEBUG org.eclipse.jetty.server.HttpChannel -- action DISPATCH HttpChannelOverHttp@30b4a07{s=HttpChannelState@4609c402{s=HANDLING rs=BLOCKING os=OPEN is=IDLE awp=false se=false i=true al=0},r=1,c=false/false,a=HANDLING,uri=http://localhost:50249/print-validade,age=0}
13:46:12.583 [JettyServerThreadPool-68] DEBUG org.eclipse.jetty.server.Server -- REQUEST POST /print-validade ?null on HttpChannelOverHttp@30b4a07{s=HttpChannelState@4609c402{s=HANDLING rs=BLOCKING os=OPEN is=IDLE awp=false se=false i=true al=0},r=1,c=false/false,a=HANDLING,uri=http://localhost:50249/print-validade,age=0}
13:46:12.583 [JettyServerThreadPool-68] DEBUG org.eclipse.jetty.server.handler.ContextHandler -- scope null||/print-validade @ o.e.j.s.ServletContextHandler@57562473{/,null,AVAILABLE}
13:46:12.583 [JettyServerThreadPool-68] DEBUG org.eclipse.jetty.server.handler.ContextHandler -- context=||/print-validade @ o.e.j.s.ServletContextHandler@57562473{/,null,AVAILABLE}
13:46:12.583 [JettyServerThreadPool-68] DEBUG org.eclipse.jetty.server.session.SessionHandler -- Entering scope org.eclipse.jetty.server.session.SessionHandler1249890505==dftMaxIdleSec=-1, dispatch=REQUEST asyncstarted=false
13:46:12.583 [JettyServerThreadPool-68] DEBUG org.eclipse.jetty.server.session.SessionHandler -- sessionHandler=org.eclipse.jetty.server.session.SessionHandler1249890505==dftMaxIdleSec=-1 session=null
13:46:12.583 [JettyServerThreadPool-68] DEBUG org.eclipse.jetty.servlet.ServletHandler -- servlet ||/print-validade|ServletPathMapping{matchValue=, pattern=/*, servletName=io.javalin.jetty.JavalinJettyServlet-18578491, mappingMatch=PATH, servletPath=, pathInfo=/print-validade} -> io.javalin.jetty.JavalinJettyServlet-18578491==io.javalin.jetty.JavalinJettyServlet@229c054b{jsp=null,order=-1,inst=true,async=true,src=EMBEDDED:null,STARTED}
13:46:12.583 [JettyServerThreadPool-68] DEBUG org.eclipse.jetty.servlet.ServletHandler -- chain=null
13:46:12.583 [JettyServerThreadPool-68] DEBUG org.eclipse.jetty.server.AsyncContentProducer -- nextTransformedContent AsyncContentProducer@2d0257cf[r=null,t=null,i=null,error=false,c=HttpChannelOverHttp@30b4a07{s=HttpChannelState@4609c402{s=HANDLING rs=BLOCKING os=OPEN is=IDLE awp=false se=false i=true al=0},r=1,c=false/false,a=HANDLING,uri=http://localhost:50249/print-validade,age=0}]
13:46:12.583 [JettyServerThreadPool-68] DEBUG org.eclipse.jetty.server.AsyncContentProducer -- producing new raw content AsyncContentProducer@2d0257cf[r=null,t=null,i=null,error=false,c=HttpChannelOverHttp@30b4a07{s=HttpChannelState@4609c402{s=HANDLING rs=BLOCKING os=OPEN is=IDLE awp=false se=false i=true al=0},r=1,c=false/false,a=HANDLING,uri=http://localhost:50249/print-validade,age=0}]
13:46:12.583 [JettyServerThreadPool-68] DEBUG org.eclipse.jetty.server.HttpChannelOverHttp -- produceContent has no content, parsing and filling
13:46:12.583 [JettyServerThreadPool-68] DEBUG org.eclipse.jetty.server.HttpConnection -- HttpConnection@56e1ad2d::SocketChannelEndPoint@9f32177[{l=/127.0.0.1:50249,r=/127.0.0.1:50250,OPEN,fill=-,flush=-,to=3/30000}{io=0/0,kio=0,kro=1}]->[HttpConnection@56e1ad2d[p=HttpParser{s=CONTENT,0 of 111},g=HttpGenerator@2e07d35b{s=START}]=>HttpChannelOverHttp@30b4a07{s=HttpChannelState@4609c402{s=HANDLING rs=BLOCKING os=OPEN is=IDLE awp=false se=false i=true al=0},r=1,c=false/false,a=HANDLING,uri=http://localhost:50249/print-validade,age=0}] parse RetainableByteBuffer@64b9b092{DirectByteBuffer@21bb3ac1[p=263,l=374,c=8192,r=111]={POST /pri...son\r\n\r\n<<<{"productName":"Bolo de T...elType":"SIXTY_TWO_MM"}>>>\x00\x00\x00\x00\x00\x00\x00\x00\x00...\x00\x00\x00\x00\x00\x00\x00},r=1}
13:46:12.583 [JettyServerThreadPool-68] DEBUG org.eclipse.jetty.http.HttpParser -- parseNext s=CONTENT DirectByteBuffer@21bb3ac1[p=263,l=374,c=8192,r=111]={POST /pri...son\r\n\r\n<<<{"productName":"Bolo de T...elType":"SIXTY_TWO_MM"}>>>\x00\x00\x00\x00\x00\x00\x00\x00\x00...\x00\x00\x00\x00\x00\x00\x00}
13:46:12.583 [JettyServerThreadPool-68] DEBUG org.eclipse.jetty.server.HttpChannel -- onContent HttpChannelOverHttp@30b4a07{s=HttpChannelState@4609c402{s=HANDLING rs=BLOCKING os=OPEN is=IDLE awp=false se=false i=true al=0},r=1,c=false/false,a=HANDLING,uri=http://localhost:50249/print-validade,age=0} Content@4964fdd{DirectByteBufferR@64eb01e1[p=263,l=374,c=8192,r=111]={POST /pri...son\r\n\r\n<<<{"productName":"Bolo de T...elType":"SIXTY_TWO_MM"}>>>\x00\x00\x00\x00\x00\x00\x00\x00\x00...\x00\x00\x00\x00\x00\x00\x00},spc=false,eof=false,err=null}
13:46:12.583 [JettyServerThreadPool-68] DEBUG org.eclipse.jetty.server.HttpConnection -- HttpConnection@56e1ad2d::SocketChannelEndPoint@9f32177[{l=/127.0.0.1:50249,r=/127.0.0.1:50250,OPEN,fill=-,flush=-,to=3/30000}{io=0/0,kio=0,kro=1}]->[HttpConnection@56e1ad2d[p=HttpParser{s=CONTENT,111 of 111},g=HttpGenerator@2e07d35b{s=START}]=>HttpChannelOverHttp@30b4a07{s=HttpChannelState@4609c402{s=HANDLING rs=BLOCKING os=OPEN is=IDLE awp=false se=false i=true al=0},r=1,c=false/false,a=HANDLING,uri=http://localhost:50249/print-validade,age=0}] parsed true HttpParser{s=CONTENT,111 of 111}
13:46:12.583 [JettyServerThreadPool-68] DEBUG org.eclipse.jetty.server.HttpChannelOverHttp -- produceContent produced Content@4964fdd{DirectByteBufferR@64eb01e1[p=263,l=374,c=8192,r=111]={POST /pri...son\r\n\r\n<<<{"productName":"Bolo de T...elType":"SIXTY_TWO_MM"}>>>\x00\x00\x00\x00\x00\x00\x00\x00\x00...\x00\x00\x00\x00\x00\x00\x00},spc=false,eof=false,err=null}
13:46:12.583 [JettyServerThreadPool-68] DEBUG org.eclipse.jetty.server.AsyncContentProducer -- produceRawContent updated rawContentArrived to 111 and firstByteTimeStamp to 5158759470000 AsyncContentProducer@2d0257cf[r=null,t=null,i=null,error=false,c=HttpChannelOverHttp@30b4a07{s=HttpChannelState@4609c402{s=HANDLING rs=BLOCKING os=OPEN is=IDLE awp=false se=false i=true al=0},r=1,c=false/false,a=HANDLING,uri=http://localhost:50249/print-validade,age=0}]
13:46:12.583 [JettyServerThreadPool-68] DEBUG org.eclipse.jetty.server.AsyncContentProducer -- produceRawContent produced Content@4964fdd{DirectByteBufferR@64eb01e1[p=263,l=374,c=8192,r=111]={POST /pri...son\r\n\r\n<<<{"productName":"Bolo de T...elType":"SIXTY_TWO_MM"}>>>\x00\x00\x00\x00\x00\x00\x00\x00\x00...\x00\x00\x00\x00\x00\x00\x00},spc=false,eof=false,err=null} AsyncContentProducer@2d0257cf[r=null,t=null,i=null,error=false,c=HttpChannelOverHttp@30b4a07{s=HttpChannelState@4609c402{s=HANDLING rs=BLOCKING os=OPEN is=IDLE awp=false se=false i=true al=0},r=1,c=false/false,a=HANDLING,uri=http://localhost:50249/print-validade,age=0}]
13:46:12.583 [JettyServerThreadPool-68] DEBUG org.eclipse.jetty.server.AsyncContentProducer -- transforming raw content AsyncContentProducer@2d0257cf[r=Content@4964fdd{DirectByteBufferR@64eb01e1[p=263,l=374,c=8192,r=111]={POST /pri...son\r\n\r\n<<<{"productName":"Bolo de T...elType":"SIXTY_TWO_MM"}>>>\x00\x00\x00\x00\x00\x00\x00\x00\x00...\x00\x00\x00\x00\x00\x00\x00},spc=false,eof=false,err=null},t=null,i=null,error=false,c=HttpChannelOverHttp@30b4a07{s=HttpChannelState@4609c402{s=HANDLING rs=BLOCKING os=OPEN is=IDLE awp=false se=false i=true al=0},r=1,c=false/false,a=HANDLING,uri=http://localhost:50249/print-validade,age=0}]
13:46:12.583 [JettyServerThreadPool-68] DEBUG org.eclipse.jetty.server.AsyncContentProducer -- no interceptor, transformed content is raw content AsyncContentProducer@2d0257cf[r=Content@4964fdd{DirectByteBufferR@64eb01e1[p=263,l=374,c=8192,r=111]={POST /pri...son\r\n\r\n<<<{"productName":"Bolo de T...elType":"SIXTY_TWO_MM"}>>>\x00\x00\x00\x00\x00\x00\x00\x00\x00...\x00\x00\x00\x00\x00\x00\x00},spc=false,eof=false,err=null},t=null,i=null,error=false,c=HttpChannelOverHttp@30b4a07{s=HttpChannelState@4609c402{s=HANDLING rs=BLOCKING os=OPEN is=IDLE awp=false se=false i=true al=0},r=1,c=false/false,a=HANDLING,uri=http://localhost:50249/print-validade,age=0}]
13:46:12.583 [JettyServerThreadPool-68] DEBUG org.eclipse.jetty.server.AsyncContentProducer -- transformed content not yet depleted, returning it AsyncContentProducer@2d0257cf[r=Content@4964fdd{DirectByteBufferR@64eb01e1[p=263,l=374,c=8192,r=111]={POST /pri...son\r\n\r\n<<<{"productName":"Bolo de T...elType":"SIXTY_TWO_MM"}>>>\x00\x00\x00\x00\x00\x00\x00\x00\x00...\x00\x00\x00\x00\x00\x00\x00},spc=false,eof=false,err=null},t=Content@4964fdd{DirectByteBufferR@64eb01e1[p=263,l=374,c=8192,r=111]={POST /pri...son\r\n\r\n<<<{"productName":"Bolo de T...elType":"SIXTY_TWO_MM"}>>>\x00\x00\x00\x00\x00\x00\x00\x00\x00...\x00\x00\x00\x00\x00\x00\x00},spc=false,eof=false,err=null},i=null,error=false,c=HttpChannelOverHttp@30b4a07{s=HttpChannelState@4609c402{s=HANDLING rs=BLOCKING os=OPEN is=IDLE awp=false se=false i=true al=0},r=1,c=false/false,a=HANDLING,uri=http://localhost:50249/print-validade,age=0}]
13:46:12.583 [JettyServerThreadPool-68] DEBUG org.eclipse.jetty.server.AsyncContentProducer -- available = 111 AsyncContentProducer@2d0257cf[r=Content@4964fdd{DirectByteBufferR@64eb01e1[p=263,l=374,c=8192,r=111]={POST /pri...son\r\n\r\n<<<{"productName":"Bolo de T...elType":"SIXTY_TWO_MM"}>>>\x00\x00\x00\x00\x00\x00\x00\x00\x00...\x00\x00\x00\x00\x00\x00\x00},spc=false,eof=false,err=null},t=Content@4964fdd{DirectByteBufferR@64eb01e1[p=263,l=374,c=8192,r=111]={POST /pri...son\r\n\r\n<<<{"productName":"Bolo de T...elType":"SIXTY_TWO_MM"}>>>\x00\x00\x00\x00\x00\x00\x00\x00\x00...\x00\x00\x00\x00\x00\x00\x00},spc=false,eof=false,err=null},i=null,error=false,c=HttpChannelOverHttp@30b4a07{s=HttpChannelState@4609c402{s=HANDLING rs=BLOCKING os=OPEN is=IDLE awp=false se=false i=true al=0},r=1,c=false/false,a=HANDLING,uri=http://localhost:50249/print-validade,age=0}]
13:46:12.583 [JettyServerThreadPool-68] DEBUG org.eclipse.jetty.server.HttpInput -- available=111 HttpInput@1439083373 cs=HttpChannelState@4609c402{s=HANDLING rs=BLOCKING os=OPEN is=IDLE awp=false se=false i=true al=0} cp=org.eclipse.jetty.server.BlockingContentProducer@5597128e eof=false
13:46:12.583 [JettyServerThreadPool-68] DEBUG org.eclipse.jetty.server.AsyncContentProducer -- checkMinDataRate [m=0,t=5158759470000] AsyncContentProducer@2d0257cf[r=Content@4964fdd{DirectByteBufferR@64eb01e1[p=263,l=374,c=8192,r=111]={POST /pri...son\r\n\r\n<<<{"productName":"Bolo de T...elType":"SIXTY_TWO_MM"}>>>\x00\x00\x00\x00\x00\x00\x00\x00\x00...\x00\x00\x00\x00\x00\x00\x00},spc=false,eof=false,err=null},t=Content@4964fdd{DirectByteBufferR@64eb01e1[p=263,l=374,c=8192,r=111]={POST /pri...son\r\n\r\n<<<{"productName":"Bolo de T...elType":"SIXTY_TWO_MM"}>>>\x00\x00\x00\x00\x00\x00\x00\x00\x00...\x00\x00\x00\x00\x00\x00\x00},spc=false,eof=false,err=null},i=null,error=false,c=HttpChannelOverHttp@30b4a07{s=HttpChannelState@4609c402{s=HANDLING rs=BLOCKING os=OPEN is=IDLE awp=false se=false i=true al=0},r=1,c=false/false,a=HANDLING,uri=http://localhost:50249/print-validade,age=0}]
13:46:12.583 [JettyServerThreadPool-68] DEBUG org.eclipse.jetty.server.AsyncContentProducer -- nextTransformedContent AsyncContentProducer@2d0257cf[r=Content@4964fdd{DirectByteBufferR@64eb01e1[p=263,l=374,c=8192,r=111]={POST /pri...son\r\n\r\n<<<{"productName":"Bolo de T...elType":"SIXTY_TWO_MM"}>>>\x00\x00\x00\x00\x00\x00\x00\x00\x00...\x00\x00\x00\x00\x00\x00\x00},spc=false,eof=false,err=null},t=Content@4964fdd{DirectByteBufferR@64eb01e1[p=263,l=374,c=8192,r=111]={POST /pri...son\r\n\r\n<<<{"productName":"Bolo de T...elType":"SIXTY_TWO_MM"}>>>\x00\x00\x00\x00\x00\x00\x00\x00\x00...\x00\x00\x00\x00\x00\x00\x00},spc=false,eof=false,err=null},i=null,error=false,c=HttpChannelOverHttp@30b4a07{s=HttpChannelState@4609c402{s=HANDLING rs=BLOCKING os=OPEN is=IDLE awp=false se=false i=true al=0},r=1,c=false/false,a=HANDLING,uri=http://localhost:50249/print-validade,age=0}]
13:46:12.583 [JettyServerThreadPool-68] DEBUG org.eclipse.jetty.server.AsyncContentProducer -- transformed content not yet depleted, returning it AsyncContentProducer@2d0257cf[r=Content@4964fdd{DirectByteBufferR@64eb01e1[p=263,l=374,c=8192,r=111]={POST /pri...son\r\n\r\n<<<{"productName":"Bolo de T...elType":"SIXTY_TWO_MM"}>>>\x00\x00\x00\x00\x00\x00\x00\x00\x00...\x00\x00\x00\x00\x00\x00\x00},spc=false,eof=false,err=null},t=Content@4964fdd{DirectByteBufferR@64eb01e1[p=263,l=374,c=8192,r=111]={POST /pri...son\r\n\r\n<<<{"productName":"Bolo de T...elType":"SIXTY_TWO_MM"}>>>\x00\x00\x00\x00\x00\x00\x00\x00\x00...\x00\x00\x00\x00\x00\x00\x00},spc=false,eof=false,err=null},i=null,error=false,c=HttpChannelOverHttp@30b4a07{s=HttpChannelState@4609c402{s=HANDLING rs=BLOCKING os=OPEN is=IDLE awp=false se=false i=true al=0},r=1,c=false/false,a=HANDLING,uri=http://localhost:50249/print-validade,age=0}]
13:46:12.583 [JettyServerThreadPool-68] DEBUG org.eclipse.jetty.server.AsyncContentProducer -- nextContent = Content@4964fdd{DirectByteBufferR@64eb01e1[p=263,l=374,c=8192,r=111]={POST /pri...son\r\n\r\n<<<{"productName":"Bolo de T...elType":"SIXTY_TWO_MM"}>>>\x00\x00\x00\x00\x00\x00\x00\x00\x00...\x00\x00\x00\x00\x00\x00\x00},spc=false,eof=false,err=null} AsyncContentProducer@2d0257cf[r=Content@4964fdd{DirectByteBufferR@64eb01e1[p=263,l=374,c=8192,r=111]={POST /pri...son\r\n\r\n<<<{"productName":"Bolo de T...elType":"SIXTY_TWO_MM"}>>>\x00\x00\x00\x00\x00\x00\x00\x00\x00...\x00\x00\x00\x00\x00\x00\x00},spc=false,eof=false,err=null},t=Content@4964fdd{DirectByteBufferR@64eb01e1[p=263,l=374,c=8192,r=111]={POST /pri...son\r\n\r\n<<<{"productName":"Bolo de T...elType":"SIXTY_TWO_MM"}>>>\x00\x00\x00\x00\x00\x00\x00\x00\x00...\x00\x00\x00\x00\x00\x00\x00},spc=false,eof=false,err=null},i=null,error=false,c=HttpChannelOverHttp@30b4a07{s=HttpChannelState@4609c402{s=HANDLING rs=BLOCKING os=OPEN is=IDLE awp=false se=false i=true al=0},r=1,c=false/false,a=HANDLING,uri=http://localhost:50249/print-validade,age=0}]
13:46:12.583 [JettyServerThreadPool-68] DEBUG org.eclipse.jetty.server.HttpChannelState -- onReadIdle HttpChannelState@4609c402{s=HANDLING rs=BLOCKING os=OPEN is=IDLE awp=false se=false i=true al=0}
13:46:12.583 [JettyServerThreadPool-68] DEBUG org.eclipse.jetty.server.BlockingContentProducer -- nextContent async producer returned Content@4964fdd{DirectByteBufferR@64eb01e1[p=263,l=374,c=8192,r=111]={POST /pri...son\r\n\r\n<<<{"productName":"Bolo de T...elType":"SIXTY_TWO_MM"}>>>\x00\x00\x00\x00\x00\x00\x00\x00\x00...\x00\x00\x00\x00\x00\x00\x00},spc=false,eof=false,err=null}
13:46:12.583 [JettyServerThreadPool-68] DEBUG org.eclipse.jetty.server.HttpInput -- read produced 111 byte(s) HttpInput@1439083373 cs=HttpChannelState@4609c402{s=HANDLING rs=BLOCKING os=OPEN is=IDLE awp=false se=false i=true al=0} cp=org.eclipse.jetty.server.BlockingContentProducer@5597128e eof=false
13:46:12.583 [JettyServerThreadPool-68] DEBUG org.eclipse.jetty.server.AsyncContentProducer -- reclaim Content@4964fdd{DirectByteBufferR@64eb01e1[p=374,l=374,c=8192,r=0]={POST /pri...WO_MM"}<<<>>>\x00\x00\x00\x00\x00\x00\x00\x00\x00...\x00\x00\x00\x00\x00\x00\x00},spc=false,eof=false,err=null} AsyncContentProducer@2d0257cf[r=Content@4964fdd{DirectByteBufferR@64eb01e1[p=374,l=374,c=8192,r=0]={POST /pri...WO_MM"}<<<>>>\x00\x00\x00\x00\x00\x00\x00\x00\x00...\x00\x00\x00\x00\x00\x00\x00},spc=false,eof=false,err=null},t=Content@4964fdd{DirectByteBufferR@64eb01e1[p=374,l=374,c=8192,r=0]={POST /pri...WO_MM"}<<<>>>\x00\x00\x00\x00\x00\x00\x00\x00\x00...\x00\x00\x00\x00\x00\x00\x00},spc=false,eof=false,err=null},i=null,error=false,c=HttpChannelOverHttp@30b4a07{s=HttpChannelState@4609c402{s=HANDLING rs=BLOCKING os=OPEN is=IDLE awp=false se=false i=true al=0},r=1,c=false/false,a=HANDLING,uri=http://localhost:50249/print-validade,age=0}]
13:46:12.583 [JettyServerThreadPool-68] DEBUG org.eclipse.jetty.server.AsyncContentProducer -- checkMinDataRate [m=0,t=5158759470000] AsyncContentProducer@2d0257cf[r=null,t=null,i=null,error=false,c=HttpChannelOverHttp@30b4a07{s=HttpChannelState@4609c402{s=HANDLING rs=BLOCKING os=OPEN is=IDLE awp=false se=false i=true al=0},r=1,c=false/false,a=HANDLING,uri=http://localhost:50249/print-validade,age=0}]
13:46:12.583 [JettyServerThreadPool-68] DEBUG org.eclipse.jetty.server.AsyncContentProducer -- nextTransformedContent AsyncContentProducer@2d0257cf[r=null,t=null,i=null,error=false,c=HttpChannelOverHttp@30b4a07{s=HttpChannelState@4609c402{s=HANDLING rs=BLOCKING os=OPEN is=IDLE awp=false se=false i=true al=0},r=1,c=false/false,a=HANDLING,uri=http://localhost:50249/print-validade,age=0}]
13:46:12.583 [JettyServerThreadPool-68] DEBUG org.eclipse.jetty.server.AsyncContentProducer -- producing new raw content AsyncContentProducer@2d0257cf[r=null,t=null,i=null,error=false,c=HttpChannelOverHttp@30b4a07{s=HttpChannelState@4609c402{s=HANDLING rs=BLOCKING os=OPEN is=IDLE awp=false se=false i=true al=0},r=1,c=false/false,a=HANDLING,uri=http://localhost:50249/print-validade,age=0}]
13:46:12.583 [JettyServerThreadPool-68] DEBUG org.eclipse.jetty.server.HttpChannelOverHttp -- produceContent has no content, parsing and filling
13:46:12.583 [JettyServerThreadPool-68] DEBUG org.eclipse.jetty.server.HttpConnection -- HttpConnection@56e1ad2d::SocketChannelEndPoint@9f32177[{l=/127.0.0.1:50249,r=/127.0.0.1:50250,OPEN,fill=-,flush=-,to=5/30000}{io=0/0,kio=0,kro=1}]->[HttpConnection@56e1ad2d[p=HttpParser{s=CONTENT,111 of 111},g=HttpGenerator@2e07d35b{s=START}]=>HttpChannelOverHttp@30b4a07{s=HttpChannelState@4609c402{s=HANDLING rs=BLOCKING os=OPEN is=IDLE awp=false se=false i=true al=0},r=1,c=false/false,a=HANDLING,uri=http://localhost:50249/print-validade,age=0}] parse RetainableByteBuffer@64b9b092{DirectByteBuffer@21bb3ac1[p=374,l=374,c=8192,r=0]={POST /pri...WO_MM"}<<<>>>\x00\x00\x00\x00\x00\x00\x00\x00\x00...\x00\x00\x00\x00\x00\x00\x00},r=1}
13:46:12.583 [JettyServerThreadPool-68] DEBUG org.eclipse.jetty.http.HttpParser -- parseNext s=CONTENT DirectByteBuffer@21bb3ac1[p=374,l=374,c=8192,r=0]={POST /pri...WO_MM"}<<<>>>\x00\x00\x00\x00\x00\x00\x00\x00\x00...\x00\x00\x00\x00\x00\x00\x00}
13:46:12.583 [JettyServerThreadPool-68] DEBUG org.eclipse.jetty.http.HttpParser -- CONTENT --> CONTENT_END
13:46:12.583 [JettyServerThreadPool-68] DEBUG org.eclipse.jetty.server.HttpChannel -- onContentComplete HttpChannelOverHttp@30b4a07{s=HttpChannelState@4609c402{s=HANDLING rs=BLOCKING os=OPEN is=IDLE awp=false se=false i=true al=0},r=1,c=false/false,a=HANDLING,uri=http://localhost:50249/print-validade,age=0}
13:46:12.583 [JettyServerThreadPool-68] DEBUG org.eclipse.jetty.http.HttpParser -- CONTENT_END --> END
13:46:12.583 [JettyServerThreadPool-68] DEBUG org.eclipse.jetty.server.HttpChannel -- onRequestComplete HttpChannelOverHttp@30b4a07{s=HttpChannelState@4609c402{s=HANDLING rs=BLOCKING os=OPEN is=IDLE awp=false se=false i=true al=0},r=1,c=false/false,a=HANDLING,uri=http://localhost:50249/print-validade,age=0}
13:46:12.583 [JettyServerThreadPool-68] DEBUG org.eclipse.jetty.server.HttpChannelOverHttp -- received EOF, content = null
13:46:12.583 [JettyServerThreadPool-68] DEBUG org.eclipse.jetty.server.HttpConnection -- HttpConnection@56e1ad2d::SocketChannelEndPoint@9f32177[{l=/127.0.0.1:50249,r=/127.0.0.1:50250,OPEN,fill=-,flush=-,to=5/30000}{io=0/0,kio=0,kro=1}]->[HttpConnection@56e1ad2d[p=HttpParser{s=END,111 of 111},g=HttpGenerator@2e07d35b{s=START}]=>HttpChannelOverHttp@30b4a07{s=HttpChannelState@4609c402{s=HANDLING rs=BLOCKING os=OPEN is=IDLE awp=false se=false i=true al=0},r=1,c=false/false,a=HANDLING,uri=http://localhost:50249/print-validade,age=0}] parsed false HttpParser{s=END,111 of 111}
13:46:12.583 [JettyServerThreadPool-68] DEBUG org.eclipse.jetty.server.HttpConnection -- releaseRequestBuffer HttpConnection@56e1ad2d::SocketChannelEndPoint@9f32177[{l=/127.0.0.1:50249,r=/127.0.0.1:50250,OPEN,fill=-,flush=-,to=5/30000}{io=0/0,kio=0,kro=1}]->[HttpConnection@56e1ad2d[p=HttpParser{s=END,111 of 111},g=HttpGenerator@2e07d35b{s=START}]=>HttpChannelOverHttp@30b4a07{s=HttpChannelState@4609c402{s=HANDLING rs=BLOCKING os=OPEN is=IDLE awp=false se=false i=true al=0},r=1,c=false/false,a=HANDLING,uri=http://localhost:50249/print-validade,age=0}]
13:46:12.583 [JettyServerThreadPool-68] DEBUG org.eclipse.jetty.server.HttpChannelOverHttp -- produceContent produced EofContent
13:46:12.583 [JettyServerThreadPool-68] DEBUG org.eclipse.jetty.server.AsyncContentProducer -- produceRawContent updated rawContentArrived to 111 and firstByteTimeStamp to 5158759470000 AsyncContentProducer@2d0257cf[r=null,t=null,i=null,error=false,c=HttpChannelOverHttp@30b4a07{s=HttpChannelState@4609c402{s=HANDLING rs=BLOCKING os=OPEN is=IDLE awp=false se=false i=true al=0},r=1,c=false/false,a=HANDLING,uri=http://localhost:50249/print-validade,age=0}]
13:46:12.583 [JettyServerThreadPool-68] DEBUG org.eclipse.jetty.server.AsyncContentProducer -- produceRawContent produced EofContent AsyncContentProducer@2d0257cf[r=null,t=null,i=null,error=false,c=HttpChannelOverHttp@30b4a07{s=HttpChannelState@4609c402{s=HANDLING rs=BLOCKING os=OPEN is=IDLE awp=false se=false i=true al=0},r=1,c=false/false,a=HANDLING,uri=http://localhost:50249/print-validade,age=0}]
13:46:12.583 [JettyServerThreadPool-68] DEBUG org.eclipse.jetty.server.AsyncContentProducer -- transforming raw content AsyncContentProducer@2d0257cf[r=EofContent,t=null,i=null,error=false,c=HttpChannelOverHttp@30b4a07{s=HttpChannelState@4609c402{s=HANDLING rs=BLOCKING os=OPEN is=IDLE awp=false se=false i=true al=0},r=1,c=false/false,a=HANDLING,uri=http://localhost:50249/print-validade,age=0}]
13:46:12.583 [JettyServerThreadPool-68] DEBUG org.eclipse.jetty.server.AsyncContentProducer -- no interceptor, transformed content is raw content AsyncContentProducer@2d0257cf[r=EofContent,t=null,i=null,error=false,c=HttpChannelOverHttp@30b4a07{s=HttpChannelState@4609c402{s=HANDLING rs=BLOCKING os=OPEN is=IDLE awp=false se=false i=true al=0},r=1,c=false/false,a=HANDLING,uri=http://localhost:50249/print-validade,age=0}]
13:46:12.583 [JettyServerThreadPool-68] DEBUG org.eclipse.jetty.server.AsyncContentProducer -- transformed content not yet depleted, returning it AsyncContentProducer@2d0257cf[r=EofContent,t=EofContent,i=null,error=false,c=HttpChannelOverHttp@30b4a07{s=HttpChannelState@4609c402{s=HANDLING rs=BLOCKING os=OPEN is=IDLE awp=false se=false i=true al=0},r=1,c=false/false,a=HANDLING,uri=http://localhost:50249/print-validade,age=0}]
13:46:12.583 [JettyServerThreadPool-68] DEBUG org.eclipse.jetty.server.AsyncContentProducer -- nextContent = EofContent AsyncContentProducer@2d0257cf[r=EofContent,t=EofContent,i=null,error=false,c=HttpChannelOverHttp@30b4a07{s=HttpChannelState@4609c402{s=HANDLING rs=BLOCKING os=OPEN is=IDLE awp=false se=false i=true al=0},r=1,c=false/false,a=HANDLING,uri=http://localhost:50249/print-validade,age=0}]
13:46:12.583 [JettyServerThreadPool-68] DEBUG org.eclipse.jetty.server.HttpChannelState -- onReadIdle HttpChannelState@4609c402{s=HANDLING rs=BLOCKING os=OPEN is=IDLE awp=false se=false i=true al=0}
13:46:12.583 [JettyServerThreadPool-68] DEBUG org.eclipse.jetty.server.BlockingContentProducer -- nextContent async producer returned EofContent
13:46:12.583 [JettyServerThreadPool-68] DEBUG org.eclipse.jetty.server.HttpInput -- read error=null HttpInput@1439083373 cs=HttpChannelState@4609c402{s=HANDLING rs=BLOCKING os=OPEN is=IDLE awp=false se=false i=true al=0} cp=org.eclipse.jetty.server.BlockingContentProducer@5597128e eof=false
13:46:12.583 [JettyServerThreadPool-68] DEBUG org.eclipse.jetty.server.HttpInput -- read at EOF, setting consumed EOF to true HttpInput@1439083373 cs=HttpChannelState@4609c402{s=HANDLING rs=BLOCKING os=OPEN is=IDLE awp=false se=false i=true al=0} cp=org.eclipse.jetty.server.BlockingContentProducer@5597128e eof=false
13:46:12.583 [JettyServerThreadPool-68] DEBUG org.eclipse.jetty.server.BlockingContentProducer -- onContentProducible releasing semaphore LockedSemaphore permits=0 unready=false
13:46:12.583 [JettyServerThreadPool-68] INFO controller.PrintController -- Recebida requisição para /print-validade: {"productName":"Bolo de Teste","mfgDate":"2025-08-04","validityDays":5,"quantity":2,"labelType":"SIXTY_TWO_MM"}
13:46:12.583 [JettyServerThreadPool-68] DEBUG org.eclipse.jetty.server.HttpOutput -- write(array HeapByteBuffer@9856c90[p=0,l=41,c=4096,r=41]={<<<Etiqueta de validade enviada com sucesso!>>>\x00\x00\x00\x00\x00\x00\x00\x00\x00...\x00\x00\x00\x00\x00\x00\x00})
13:46:12.583 [JettyServerThreadPool-68] DEBUG org.eclipse.jetty.server.HttpOutput -- write(array) s=OPEN,api=BLOCKING,sc=false,e=null aggregated !flush DirectByteBuffer@3606fe40[p=0,l=41,c=32768,r=41]={<<<Etiqueta de validade enviada com sucesso!>>>\x00\x00\x00\x00\x00\x00\x00\x00\x00...\x00\x00\x00\x00\x00\x00\x00}
13:46:12.583 [JettyServerThreadPool-68] DEBUG org.eclipse.jetty.server.session.SessionHandler -- Leaving scope org.eclipse.jetty.server.session.SessionHandler1249890505==dftMaxIdleSec=-1 dispatch=REQUEST, async=false, session=null, oldsession=null, oldsessionhandler=null
13:46:12.583 [JettyServerThreadPool-68] DEBUG org.eclipse.jetty.server.Server -- handled=true async=false committed=false on HttpChannelOverHttp@30b4a07{s=HttpChannelState@4609c402{s=HANDLING rs=BLOCKING os=OPEN is=IDLE awp=false se=false i=true al=0},r=1,c=false/false,a=HANDLING,uri=http://localhost:50249/print-validade,age=0}
13:46:12.583 [JettyServerThreadPool-68] DEBUG org.eclipse.jetty.server.HttpChannelState -- unhandle HttpChannelState@4609c402{s=HANDLING rs=BLOCKING os=OPEN is=IDLE awp=false se=false i=true al=0}
13:46:12.583 [JettyServerThreadPool-68] DEBUG org.eclipse.jetty.server.HttpChannelState -- nextAction(false) COMPLETE HttpChannelState@4609c402{s=HANDLING rs=COMPLETING os=OPEN is=IDLE awp=false se=false i=false al=0}
13:46:12.583 [JettyServerThreadPool-68] DEBUG org.eclipse.jetty.server.HttpChannel -- action COMPLETE HttpChannelOverHttp@30b4a07{s=HttpChannelState@4609c402{s=HANDLING rs=COMPLETING os=OPEN is=IDLE awp=false se=false i=false al=0},r=1,c=false/false,a=HANDLING,uri=http://localhost:50249/print-validade,age=0}
13:46:12.583 [JettyServerThreadPool-68] DEBUG org.eclipse.jetty.server.HttpInput -- consumeAll HttpInput@1439083373 cs=HttpChannelState@4609c402{s=HANDLING rs=COMPLETING os=OPEN is=IDLE awp=false se=false i=false al=0} cp=org.eclipse.jetty.server.BlockingContentProducer@5597128e eof=true
13:46:12.583 [JettyServerThreadPool-68] DEBUG org.eclipse.jetty.server.HttpChannelOverHttp -- failing all content with org.eclipse.jetty.util.StaticException: Unconsumed content HttpChannelOverHttp@30b4a07{s=HttpChannelState@4609c402{s=HANDLING rs=COMPLETING os=OPEN is=IDLE awp=false se=false i=false al=0},r=1,c=false/false,a=HANDLING,uri=http://localhost:50249/print-validade,age=0}
13:46:12.583 [JettyServerThreadPool-68] DEBUG org.eclipse.jetty.server.AsyncContentProducer -- failed all content of http channel EOF=true AsyncContentProducer@2d0257cf[r=ErrorContent [org.eclipse.jetty.util.StaticException: Unconsumed content],t=ErrorContent [org.eclipse.jetty.util.StaticException: Unconsumed content],i=null,error=false,c=HttpChannelOverHttp@30b4a07{s=HttpChannelState@4609c402{s=HANDLING rs=COMPLETING os=OPEN is=IDLE awp=false se=false i=false al=0},r=1,c=false/false,a=HANDLING,uri=http://localhost:50249/print-validade,age=0}]
13:46:12.583 [JettyServerThreadPool-68] DEBUG org.eclipse.jetty.server.HttpInput -- isFinished=true HttpInput@1439083373 cs=HttpChannelState@4609c402{s=HANDLING rs=COMPLETING os=OPEN is=IDLE awp=false se=false i=false al=0} cp=org.eclipse.jetty.server.BlockingContentProducer@5597128e eof=true
13:46:12.583 [JettyServerThreadPool-68] DEBUG org.eclipse.jetty.server.AsyncContentProducer -- isError = false AsyncContentProducer@2d0257cf[r=ErrorContent [org.eclipse.jetty.util.StaticException: Unconsumed content],t=ErrorContent [org.eclipse.jetty.util.StaticException: Unconsumed content],i=null,error=false,c=HttpChannelOverHttp@30b4a07{s=HttpChannelState@4609c402{s=HANDLING rs=COMPLETING os=OPEN is=IDLE awp=false se=false i=false al=0},r=1,c=false/false,a=HANDLING,uri=http://localhost:50249/print-validade,age=0}]
13:46:12.583 [JettyServerThreadPool-68] DEBUG org.eclipse.jetty.server.HttpInput -- isError=false HttpInput@1439083373 cs=HttpChannelState@4609c402{s=HANDLING rs=COMPLETING os=OPEN is=IDLE awp=false se=false i=false al=0} cp=org.eclipse.jetty.server.BlockingContentProducer@5597128e eof=true
13:46:12.583 [JettyServerThreadPool-68] DEBUG org.eclipse.jetty.server.HttpOutput -- complete(org.eclipse.jetty.util.Callback$3@d8b7fa) s=CLOSING,api=BLOCKED,sc=false,e=null s=false e=null, c=DirectByteBuffer@3606fe40[p=0,l=41,c=32768,r=41]={<<<Etiqueta de validade enviada com sucesso!>>>\x00\x00\x00\x00\x00\x00\x00\x00\x00...\x00\x00\x00\x00\x00\x00\x00}
13:46:12.583 [JettyServerThreadPool-68] DEBUG org.eclipse.jetty.server.HttpChannel -- sendResponse info=null content=DirectByteBuffer@3606fe40[p=0,l=41,c=32768,r=41]={<<<Etiqueta de validade enviada com sucesso!>>>\x00\x00\x00\x00\x00\x00\x00\x00\x00...\x00\x00\x00\x00\x00\x00\x00} complete=true committing=true callback=org.eclipse.jetty.server.HttpOutput$WriteCompleteCB@3c005a09
13:46:12.583 [JettyServerThreadPool-68] DEBUG org.eclipse.jetty.server.HttpChannel -- COMMIT for /print-validade on HttpChannelOverHttp@30b4a07{s=HttpChannelState@4609c402{s=HANDLING rs=COMPLETING os=COMMITTED is=IDLE awp=false se=false i=false al=0},r=1,c=false/false,a=HANDLING,uri=http://localhost:50249/print-validade,age=0}
200 null HTTP/1.1
Date: Tue, 19 Aug 2025 16:46:12 GMT
Content-Type: text/plain


13:46:12.583 [JettyServerThreadPool-68] DEBUG org.eclipse.jetty.server.HttpConnection -- generate: NEED_HEADER for SendCallback@1ec350f5[PROCESSING][i=HTTP/1.1{s=200,h=2,cl=-1},cb=org.eclipse.jetty.server.HttpChannel$SendCallback@1f365993] (null,[p=0,l=41,c=32768,r=41],true)@START
13:46:12.583 [JettyServerThreadPool-68] DEBUG org.eclipse.jetty.http.HttpGenerator -- generateHeaders HTTP/1.1{s=200,h=2,cl=-1} last=true content=DirectByteBuffer@3606fe40[p=0,l=41,c=32768,r=41]={<<<Etiqueta de validade enviada com sucesso!>>>\x00\x00\x00\x00\x00\x00\x00\x00\x00...\x00\x00\x00\x00\x00\x00\x00}
13:46:12.583 [JettyServerThreadPool-68] DEBUG org.eclipse.jetty.http.HttpGenerator -- Date: Tue, 19 Aug 2025 16:46:12 GMT
Content-Type: text/plain


13:46:12.583 [JettyServerThreadPool-68] DEBUG org.eclipse.jetty.http.HttpGenerator -- CONTENT_LENGTH
13:46:12.583 [JettyServerThreadPool-68] DEBUG org.eclipse.jetty.server.HttpConnection -- generate: FLUSH for SendCallback@1ec350f5[PROCESSING][i=HTTP/1.1{s=200,h=2,cl=-1},cb=org.eclipse.jetty.server.HttpChannel$SendCallback@1f365993] ([p=0,l=102,c=8192,r=102],[p=0,l=41,c=32768,r=41],true)@COMPLETING
13:46:12.583 [JettyServerThreadPool-68] DEBUG org.eclipse.jetty.io.WriteFlusher -- write: WriteFlusher@647a83a1{IDLE}->null [DirectByteBuffer@5a945ae8[p=0,l=102,c=8192,r=102]={<<<HTTP/1.1 200 OK\r\nDate: Tu...\nContent-Length: 41\r\n\r\n>>>\x00\x00\x00\x00\x00\x00\x00\x00\x00...\x00\x00\x00\x00\x00\x00\x00},DirectByteBuffer@3606fe40[p=0,l=41,c=32768,r=41]={<<<Etiqueta de validade enviada com sucesso!>>>\x00\x00\x00\x00\x00\x00\x00\x00\x00...\x00\x00\x00\x00\x00\x00\x00}]
13:46:12.583 [JettyServerThreadPool-68] DEBUG org.eclipse.jetty.io.WriteFlusher -- update WriteFlusher@647a83a1{WRITING}->null:IDLE-->WRITING
13:46:12.583 [JettyServerThreadPool-68] DEBUG org.eclipse.jetty.io.SocketChannelEndPoint -- flushed 143 SocketChannelEndPoint@9f32177[{l=/127.0.0.1:50249,r=/127.0.0.1:50250,OPEN,fill=-,flush=W,to=12/30000}{io=0/0,kio=0,kro=1}]->[HttpConnection@56e1ad2d[p=HttpParser{s=END,111 of 111},g=HttpGenerator@2e07d35b{s=COMPLETING}]=>HttpChannelOverHttp@30b4a07{s=HttpChannelState@4609c402{s=HANDLING rs=COMPLETING os=COMMITTED is=IDLE awp=false se=false i=false al=0},r=1,c=false/false,a=HANDLING,uri=http://localhost:50249/print-validade,age=0}]
13:46:12.583 [JettyServerThreadPool-68] DEBUG org.eclipse.jetty.io.WriteFlusher -- Flushed=true written=143 remaining=0 WriteFlusher@647a83a1{WRITING}->null
13:46:12.583 [JettyServerThreadPool-68] DEBUG org.eclipse.jetty.io.WriteFlusher -- update WriteFlusher@647a83a1{IDLE}->null:WRITING-->IDLE
13:46:12.583 [JettyServerThreadPool-68] DEBUG org.eclipse.jetty.server.HttpConnection -- generate: DONE for SendCallback@1ec350f5[PROCESSING][i=HTTP/1.1{s=200,h=2,cl=-1},cb=org.eclipse.jetty.server.HttpChannel$SendCallback@1f365993] ([p=102,l=102,c=8192,r=0],[p=41,l=41,c=32768,r=0],true)@END
13:46:12.583 [JettyServerThreadPool-68] DEBUG org.eclipse.jetty.server.HttpOutput -- onWriteComplete(true,null) s=CLOSING,api=BLOCKED,sc=false,e=null->s=CLOSED,api=BLOCKING,sc=false,e=null c=null cb=org.eclipse.jetty.util.Callback$3@d8b7fa w=false
13:46:12.583 [JettyServerThreadPool-68] DEBUG org.eclipse.jetty.server.HttpChannelState -- completed HttpChannelState@4609c402{s=HANDLING rs=COMPLETING os=COMPLETED is=IDLE awp=false se=false i=false al=0}
13:46:12.583 [JettyServerThreadPool-68] DEBUG org.eclipse.jetty.server.HttpChannelState -- unhandle HttpChannelState@4609c402{s=HANDLING rs=COMPLETED os=COMPLETED is=IDLE awp=false se=false i=false al=0}
13:46:12.583 [JettyServerThreadPool-68] DEBUG org.eclipse.jetty.server.HttpChannelState -- nextAction(false) TERMINATED HttpChannelState@4609c402{s=IDLE rs=COMPLETED os=COMPLETED is=IDLE awp=false se=false i=false al=0}
13:46:12.583 [JettyServerThreadPool-68] DEBUG org.eclipse.jetty.server.HttpChannel -- action TERMINATED HttpChannelOverHttp@30b4a07{s=HttpChannelState@4609c402{s=IDLE rs=COMPLETED os=COMPLETED is=IDLE awp=false se=false i=false al=0},r=1,c=true/true,a=IDLE,uri=http://localhost:50249/print-validade,age=0}
13:46:12.597 [JettyServerThreadPool-68] DEBUG org.eclipse.jetty.server.HttpChannel -- onCompleted for /print-validade written=41
13:46:12.597 [JettyServerThreadPool-68] DEBUG org.eclipse.jetty.server.HttpInput -- consumeAll HttpInput@1439083373 cs=HttpChannelState@4609c402{s=IDLE rs=COMPLETED os=COMPLETED is=IDLE awp=false se=false i=false al=0} cp=org.eclipse.jetty.server.BlockingContentProducer@5597128e eof=true
13:46:12.597 [JettyServerThreadPool-68] DEBUG org.eclipse.jetty.server.HttpChannelOverHttp -- failing all content with org.eclipse.jetty.util.StaticException: Unconsumed content HttpChannelOverHttp@30b4a07{s=HttpChannelState@4609c402{s=IDLE rs=COMPLETED os=COMPLETED is=IDLE awp=false se=false i=false al=0},r=1,c=true/true,a=IDLE,uri=http://localhost:50249/print-validade,age=14}
13:46:12.597 [JettyServerThreadPool-68] DEBUG org.eclipse.jetty.server.AsyncContentProducer -- failed all content of http channel EOF=true AsyncContentProducer@2d0257cf[r=ErrorContent [org.eclipse.jetty.util.StaticException: Unconsumed content],t=ErrorContent [org.eclipse.jetty.util.StaticException: Unconsumed content],i=null,error=false,c=HttpChannelOverHttp@30b4a07{s=HttpChannelState@4609c402{s=IDLE rs=COMPLETED os=COMPLETED is=IDLE awp=false se=false i=false al=0},r=1,c=true/true,a=IDLE,uri=http://localhost:50249/print-validade,age=14}]
13:46:12.597 [JettyServerThreadPool-68] DEBUG org.eclipse.jetty.server.HttpInput -- isFinished=true HttpInput@1439083373 cs=HttpChannelState@4609c402{s=IDLE rs=COMPLETED os=COMPLETED is=IDLE awp=false se=false i=false al=0} cp=org.eclipse.jetty.server.BlockingContentProducer@5597128e eof=true
13:46:12.597 [JettyServerThreadPool-68] DEBUG org.eclipse.jetty.server.AsyncContentProducer -- isError = false AsyncContentProducer@2d0257cf[r=ErrorContent [org.eclipse.jetty.util.StaticException: Unconsumed content],t=ErrorContent [org.eclipse.jetty.util.StaticException: Unconsumed content],i=null,error=false,c=HttpChannelOverHttp@30b4a07{s=HttpChannelState@4609c402{s=IDLE rs=COMPLETED os=COMPLETED is=IDLE awp=false se=false i=false al=0},r=1,c=true/true,a=IDLE,uri=http://localhost:50249/print-validade,age=14}]
13:46:12.597 [JettyServerThreadPool-68] DEBUG org.eclipse.jetty.server.HttpInput -- isError=false HttpInput@1439083373 cs=HttpChannelState@4609c402{s=IDLE rs=COMPLETED os=COMPLETED is=IDLE awp=false se=false i=false al=0} cp=org.eclipse.jetty.server.BlockingContentProducer@5597128e eof=true
13:46:12.597 [JettyServerThreadPool-68] DEBUG org.eclipse.jetty.server.HttpChannelState -- recycle HttpChannelState@4609c402{s=IDLE rs=COMPLETED os=COMPLETED is=IDLE awp=false se=false i=false al=0}
13:46:12.597 [JettyServerThreadPool-68] DEBUG org.eclipse.jetty.server.HttpInput -- recycle HttpInput@1439083373 cs=HttpChannelState@4609c402{s=IDLE rs=BLOCKING os=OPEN is=IDLE awp=false se=false i=true al=0} cp=org.eclipse.jetty.server.BlockingContentProducer@5597128e eof=true
13:46:12.597 [JettyServerThreadPool-68] DEBUG org.eclipse.jetty.server.BlockingContentProducer -- recycling org.eclipse.jetty.server.BlockingContentProducer@5597128e
13:46:12.597 [JettyServerThreadPool-68] DEBUG org.eclipse.jetty.server.AsyncContentProducer -- recycling AsyncContentProducer@2d0257cf[r=ErrorContent [org.eclipse.jetty.util.StaticException: Unconsumed content],t=ErrorContent [org.eclipse.jetty.util.StaticException: Unconsumed content],i=null,error=false,c=HttpChannelOverHttp@30b4a07{s=HttpChannelState@4609c402{s=IDLE rs=BLOCKING os=OPEN is=IDLE awp=false se=false i=true al=0},r=1,c=false/false,a=IDLE,uri=http://localhost:50249/print-validade,age=14}]
13:46:12.597 [JettyServerThreadPool-68] DEBUG org.eclipse.jetty.http.HttpParser -- reset HttpParser{s=END,111 of 111}
13:46:12.597 [JettyServerThreadPool-68] DEBUG org.eclipse.jetty.http.HttpParser -- END --> START
13:46:12.597 [JettyServerThreadPool-68] DEBUG org.eclipse.jetty.server.HttpChannel -- !handle TERMINATED HttpChannelOverHttp@30b4a07{s=HttpChannelState@4609c402{s=IDLE rs=BLOCKING os=OPEN is=IDLE awp=false se=false i=true al=0},r=1,c=false/false,a=IDLE,uri=null,age=0}
13:46:12.598 [JettyServerThreadPool-68] DEBUG org.eclipse.jetty.io.SocketChannelEndPoint -- filled 0 DirectByteBuffer@21bb3ac1[p=0,l=0,c=8192,r=0]={<<<>>>POST /pri...\x00\x00\x00\x00\x00\x00\x00}
13:46:12.598 [JettyServerThreadPool-68] DEBUG org.eclipse.jetty.io.SocketChannelEndPoint -- filled 0 DirectByteBuffer@21bb3ac1[p=0,l=0,c=8192,r=0]={<<<>>>POST /pri...\x00\x00\x00\x00\x00\x00\x00}
13:46:12.599 [JettyServerThreadPool-68] DEBUG org.eclipse.jetty.server.HttpConnection -- HttpConnection@56e1ad2d::SocketChannelEndPoint@9f32177[{l=/127.0.0.1:50249,r=/127.0.0.1:50250,OPEN,fill=-,flush=-,to=2/30000}{io=0/0,kio=0,kro=1}]->[HttpConnection@56e1ad2d[p=HttpParser{s=START,0 of -1},g=HttpGenerator@2e07d35b{s=START}]=>HttpChannelOverHttp@30b4a07{s=HttpChannelState@4609c402{s=IDLE rs=BLOCKING os=OPEN is=IDLE awp=false se=false i=true al=0},r=1,c=false/false,a=IDLE,uri=null,age=0}] filled 0 RetainableByteBuffer@64b9b092{DirectByteBuffer@21bb3ac1[p=0,l=0,c=8192,r=0]={<<<>>>POST /pri...\x00\x00\x00\x00\x00\x00\x00},r=1}
13:46:12.599 [JettyServerThreadPool-68] DEBUG org.eclipse.jetty.server.HttpConnection -- HttpConnection@56e1ad2d::SocketChannelEndPoint@9f32177[{l=/127.0.0.1:50249,r=/127.0.0.1:50250,OPEN,fill=-,flush=-,to=3/30000}{io=0/0,kio=0,kro=1}]->[HttpConnection@56e1ad2d[p=HttpParser{s=START,0 of -1},g=HttpGenerator@2e07d35b{s=START}]=>HttpChannelOverHttp@30b4a07{s=HttpChannelState@4609c402{s=IDLE rs=BLOCKING os=OPEN is=IDLE awp=false se=false i=true al=0},r=1,c=false/false,a=IDLE,uri=null,age=0}] parse RetainableByteBuffer@64b9b092{DirectByteBuffer@21bb3ac1[p=0,l=0,c=8192,r=0]={<<<>>>POST /pri...\x00\x00\x00\x00\x00\x00\x00},r=1}
13:46:12.599 [JettyServerThreadPool-68] DEBUG org.eclipse.jetty.http.HttpParser -- parseNext s=START DirectByteBuffer@21bb3ac1[p=0,l=0,c=8192,r=0]={<<<>>>POST /pri...\x00\x00\x00\x00\x00\x00\x00}
13:46:12.600 [JettyServerThreadPool-68] DEBUG org.eclipse.jetty.server.HttpConnection -- HttpConnection@56e1ad2d::SocketChannelEndPoint@9f32177[{l=/127.0.0.1:50249,r=/127.0.0.1:50250,OPEN,fill=-,flush=-,to=3/30000}{io=0/0,kio=0,kro=1}]->[HttpConnection@56e1ad2d[p=HttpParser{s=START,0 of -1},g=HttpGenerator@2e07d35b{s=START}]=>HttpChannelOverHttp@30b4a07{s=HttpChannelState@4609c402{s=IDLE rs=BLOCKING os=OPEN is=IDLE awp=false se=false i=true al=0},r=1,c=false/false,a=IDLE,uri=null,age=0}] parsed false HttpParser{s=START,0 of -1}
13:46:12.600 [JettyServerThreadPool-68] DEBUG org.eclipse.jetty.server.HttpConnection -- releaseRequestBuffer HttpConnection@56e1ad2d::SocketChannelEndPoint@9f32177[{l=/127.0.0.1:50249,r=/127.0.0.1:50250,OPEN,fill=-,flush=-,to=4/30000}{io=0/0,kio=0,kro=1}]->[HttpConnection@56e1ad2d[p=HttpParser{s=START,0 of -1},g=HttpGenerator@2e07d35b{s=START}]=>HttpChannelOverHttp@30b4a07{s=HttpChannelState@4609c402{s=IDLE rs=BLOCKING os=OPEN is=IDLE awp=false se=false i=true al=0},r=1,c=false/false,a=IDLE,uri=null,age=0}]
13:46:12.600 [JettyServerThreadPool-68] DEBUG org.eclipse.jetty.io.AbstractConnection -- fillInterested HttpConnection@56e1ad2d::SocketChannelEndPoint@9f32177[{l=/127.0.0.1:50249,r=/127.0.0.1:50250,OPEN,fill=-,flush=-,to=4/30000}{io=0/0,kio=0,kro=1}]->[HttpConnection@56e1ad2d[p=HttpParser{s=START,0 of -1},g=HttpGenerator@2e07d35b{s=START}]=>HttpChannelOverHttp@30b4a07{s=HttpChannelState@4609c402{s=IDLE rs=BLOCKING os=OPEN is=IDLE awp=false se=false i=true al=0},r=1,c=false/false,a=IDLE,uri=null,age=0}]
13:46:12.600 [JettyServerThreadPool-68] DEBUG org.eclipse.jetty.io.FillInterest -- interested FillInterest@26263b4d{ReadCallback@7df56261{HttpConnection@56e1ad2d::SocketChannelEndPoint@9f32177[{l=/127.0.0.1:50249,r=/127.0.0.1:50250,OPEN,fill=FI,flush=-,to=0/30000}{io=0/0,kio=0,kro=1}]->[HttpConnection@56e1ad2d[p=HttpParser{s=START,0 of -1},g=HttpGenerator@2e07d35b{s=START}]=>HttpChannelOverHttp@30b4a07{s=HttpChannelState@4609c402{s=IDLE rs=BLOCKING os=OPEN is=IDLE awp=false se=false i=true al=0},r=1,c=false/false,a=IDLE,uri=null,age=0}]}}
13:46:12.600 [JettyServerThreadPool-68] DEBUG org.eclipse.jetty.io.SelectableChannelEndPoint -- changeInterests p=false 0->1 for SocketChannelEndPoint@9f32177[{l=/127.0.0.1:50249,r=/127.0.0.1:50250,OPEN,fill=FI,flush=-,to=0/30000}{io=0/1,kio=0,kro=1}]->[HttpConnection@56e1ad2d[p=HttpParser{s=START,0 of -1},g=HttpGenerator@2e07d35b{s=START}]=>HttpChannelOverHttp@30b4a07{s=HttpChannelState@4609c402{s=IDLE rs=BLOCKING os=OPEN is=IDLE awp=false se=false i=true al=0},r=1,c=false/false,a=IDLE,uri=null,age=0}]
13:46:12.600 [JettyServerThreadPool-68] DEBUG org.eclipse.jetty.io.ManagedSelector -- Queued change lazy=false org.eclipse.jetty.io.SelectableChannelEndPoint$$Lambda/0x00000223903acc50@250eca85 on ManagedSelector@329bad59{STARTED} id=1 keys=1 selected=0 updates=0
13:46:12.600 [JettyServerThreadPool-68] DEBUG org.eclipse.jetty.io.ManagedSelector -- Wakeup on submit ManagedSelector@329bad59{STARTED} id=1 keys=1 selected=0 updates=1
13:46:12.600 [main] INFO io.javalin.Javalin -- Stopping Javalin ...
13:46:12.600 [main] DEBUG org.eclipse.jetty.util.component.AbstractLifeCycle -- STOPPING Server@3722c145{STARTED}[11.0.20,sto=0]
13:46:12.600 [main] INFO org.eclipse.jetty.server.Server -- Stopped Server@3722c145{STOPPING}[11.0.20,sto=0]
13:46:12.600 [main] DEBUG org.eclipse.jetty.server.Server -- doStop Server@3722c145{STOPPING}[11.0.20,sto=0]
13:46:12.602 [JettyServerThreadPool-55] DEBUG org.eclipse.jetty.io.ManagedSelector -- Selector sun.nio.ch.WEPollSelectorImpl@50013c9f woken with none selected
13:46:12.602 [JettyServerThreadPool-68] DEBUG org.eclipse.jetty.server.HttpConnection -- HttpConnection@56e1ad2d::SocketChannelEndPoint@9f32177[{l=/127.0.0.1:50249,r=/127.0.0.1:50250,OPEN,fill=FI,flush=-,to=1/30000}{io=0/1,kio=0,kro=1}]->[HttpConnection@56e1ad2d[p=HttpParser{s=START,0 of -1},g=HttpGenerator@2e07d35b{s=START}]=>HttpChannelOverHttp@30b4a07{s=HttpChannelState@4609c402{s=IDLE rs=BLOCKING os=OPEN is=IDLE awp=false se=false i=true al=0},r=1,c=false/false,a=IDLE,uri=null,age=0}] onFillable exit HttpChannelState@4609c402{s=IDLE rs=BLOCKING os=OPEN is=IDLE awp=false se=false i=true al=0} null
13:46:12.602 [JettyServerThreadPool-55] DEBUG org.eclipse.jetty.io.ManagedSelector -- Selector sun.nio.ch.WEPollSelectorImpl@50013c9f woken up from select, 0/0/1 selected
13:46:12.600 [main] DEBUG org.eclipse.jetty.util.component.AbstractLifeCycle -- STOPPING ServerConnector@53d13cd4{HTTP/1.1, (http/1.1)}{0.0.0.0:50249}
13:46:12.602 [JettyServerThreadPool-55] DEBUG org.eclipse.jetty.io.ManagedSelector -- Selector sun.nio.ch.WEPollSelectorImpl@50013c9f processing 0 keys, 1 updates
13:46:12.602 [JettyServerThreadPool-55] DEBUG org.eclipse.jetty.io.ManagedSelector -- updateable 1
13:46:12.602 [JettyServerThreadPool-55] DEBUG org.eclipse.jetty.io.ManagedSelector -- update org.eclipse.jetty.io.SelectableChannelEndPoint$$Lambda/0x00000223903acc50@250eca85
13:46:12.602 [JettyServerThreadPool-55] DEBUG org.eclipse.jetty.io.SelectableChannelEndPoint -- Key interests updated 0 -> 1 on SocketChannelEndPoint@9f32177[{l=/127.0.0.1:50249,r=/127.0.0.1:50250,OPEN,fill=FI,flush=-,to=1/30000}{io=1/1,kio=1,kro=1}]->[HttpConnection@56e1ad2d[p=HttpParser{s=START,0 of -1},g=HttpGenerator@2e07d35b{s=START}]=>HttpChannelOverHttp@30b4a07{s=HttpChannelState@4609c402{s=IDLE rs=BLOCKING os=OPEN is=IDLE awp=false se=false i=true al=0},r=1,c=false/false,a=IDLE,uri=null,age=0}]
13:46:12.602 [JettyServerThreadPool-55] DEBUG org.eclipse.jetty.io.ManagedSelector -- updates 0
13:46:12.602 [JettyServerThreadPool-55] DEBUG org.eclipse.jetty.io.ManagedSelector -- Selector sun.nio.ch.WEPollSelectorImpl@50013c9f waiting with 1 keys
13:46:12.602 [JettyServerThreadPool-68] DEBUG org.eclipse.jetty.util.thread.QueuedThreadPool -- ran SocketChannelEndPoint@9f32177[{l=/127.0.0.1:50249,r=/127.0.0.1:50250,OPEN,fill=FI,flush=-,to=1/30000}{io=0/1,kio=0,kro=1}]->[HttpConnection@56e1ad2d[p=HttpParser{s=START,0 of -1},g=HttpGenerator@2e07d35b{s=START}]=>HttpChannelOverHttp@30b4a07{s=HttpChannelState@4609c402{s=IDLE rs=BLOCKING os=OPEN is=IDLE awp=false se=false i=true al=0},r=1,c=false/false,a=IDLE,uri=null,age=0}]:runFillable:BLOCKING in QueuedThreadPool[JettyServerThreadPool]@48a0c8aa{STARTED,8<=9<=250,i=0,r=-1,t=59979ms,q=0}[ReservedThreadExecutor@44032fde{reserved=1/12,pending=0}]
13:46:12.602 [main] DEBUG org.eclipse.jetty.util.component.AbstractLifeCycle -- STOPPING SelectorManager@ServerConnector@53d13cd4{HTTP/1.1, (http/1.1)}{0.0.0.0:0}
13:46:12.602 [JettyServerThreadPool-68] DEBUG org.eclipse.jetty.util.thread.QueuedThreadPool -- Evict check, period=60000ms QueuedThreadPool[JettyServerThreadPool]@48a0c8aa{STARTED,8<=9<=250,i=1,r=-1,t=59979ms,q=0}[ReservedThreadExecutor@44032fde{reserved=1/12,pending=0}]
13:46:12.602 [JettyServerThreadPool-68] DEBUG org.eclipse.jetty.util.thread.QueuedThreadPool -- Evict skipped, threshold=119979ms in the future QueuedThreadPool[JettyServerThreadPool]@48a0c8aa{STARTED,8<=9<=250,i=1,r=-1,t=59979ms,q=0}[ReservedThreadExecutor@44032fde{reserved=1/12,pending=0}]
13:46:12.602 [main] DEBUG org.eclipse.jetty.util.component.AbstractLifeCycle -- STOPPING ManagedSelector@d7109be{STARTED} id=5 keys=0 selected=0 updates=0
13:46:12.602 [main] DEBUG org.eclipse.jetty.io.ManagedSelector -- Queued change lazy=false org.eclipse.jetty.io.ManagedSelector$CloseConnections@3c78e551 on ManagedSelector@d7109be{STOPPING} id=5 keys=0 selected=0 updates=0
13:46:12.602 [main] DEBUG org.eclipse.jetty.io.ManagedSelector -- Wakeup on submit ManagedSelector@d7109be{STOPPING} id=5 keys=0 selected=0 updates=1
13:46:12.602 [JettyServerThreadPool-59] DEBUG org.eclipse.jetty.io.ManagedSelector -- Selector sun.nio.ch.WEPollSelectorImpl@676f65a4 woken with none selected
13:46:12.602 [JettyServerThreadPool-59] DEBUG org.eclipse.jetty.io.ManagedSelector -- Selector sun.nio.ch.WEPollSelectorImpl@676f65a4 woken up from select, 0/0/0 selected
13:46:12.602 [JettyServerThreadPool-59] DEBUG org.eclipse.jetty.io.ManagedSelector -- Selector sun.nio.ch.WEPollSelectorImpl@676f65a4 processing 0 keys, 1 updates
13:46:12.602 [JettyServerThreadPool-59] DEBUG org.eclipse.jetty.io.ManagedSelector -- updateable 1
13:46:12.602 [JettyServerThreadPool-59] DEBUG org.eclipse.jetty.io.ManagedSelector -- update org.eclipse.jetty.io.ManagedSelector$CloseConnections@3c78e551
13:46:12.602 [JettyServerThreadPool-59] DEBUG org.eclipse.jetty.io.ManagedSelector -- Closing 0 connections on ManagedSelector@d7109be{STOPPING} id=5 keys=0 selected=0 updates=0
13:46:12.602 [JettyServerThreadPool-59] DEBUG org.eclipse.jetty.io.ManagedSelector -- updates 0
13:46:12.602 [JettyServerThreadPool-60] DEBUG org.eclipse.jetty.util.thread.QueuedThreadPool -- ran JettyServerThreadPool-60-acceptor-0@6920b0bc-ServerConnector@53d13cd4{HTTP/1.1, (http/1.1)}{0.0.0.0:50249} in QueuedThreadPool[JettyServerThreadPool]@48a0c8aa{STARTED,8<=9<=250,i=1,r=-1,t=59978ms,q=0}[ReservedThreadExecutor@44032fde{reserved=1/12,pending=0}]
13:46:12.602 [JettyServerThreadPool-59] DEBUG org.eclipse.jetty.io.ManagedSelector -- Selector sun.nio.ch.WEPollSelectorImpl@676f65a4 waiting with 0 keys
13:46:12.602 [main] DEBUG org.eclipse.jetty.io.ManagedSelector -- Queued change lazy=false org.eclipse.jetty.io.ManagedSelector$StopSelector@7f1ef916 on ManagedSelector@d7109be{STOPPING} id=5 keys=0 selected=0 updates=0
13:46:12.602 [JettyServerThreadPool-60] DEBUG org.eclipse.jetty.util.thread.QueuedThreadPool -- Evict check, period=60000ms QueuedThreadPool[JettyServerThreadPool]@48a0c8aa{STARTED,8<=9<=250,i=2,r=-1,t=59978ms,q=0}[ReservedThreadExecutor@44032fde{reserved=1/12,pending=0}]
13:46:12.602 [JettyServerThreadPool-60] DEBUG org.eclipse.jetty.util.thread.QueuedThreadPool -- Evict skipped, threshold=119978ms in the future QueuedThreadPool[JettyServerThreadPool]@48a0c8aa{STARTED,8<=9<=250,i=2,r=-1,t=59978ms,q=0}[ReservedThreadExecutor@44032fde{reserved=1/12,pending=0}]
13:46:12.602 [main] DEBUG org.eclipse.jetty.io.ManagedSelector -- Wakeup on submit ManagedSelector@d7109be{STOPPING} id=5 keys=0 selected=0 updates=1
13:46:12.602 [JettyServerThreadPool-59] DEBUG org.eclipse.jetty.io.ManagedSelector -- Selector sun.nio.ch.WEPollSelectorImpl@676f65a4 woken with none selected
13:46:12.602 [JettyServerThreadPool-59] DEBUG org.eclipse.jetty.io.ManagedSelector -- Selector sun.nio.ch.WEPollSelectorImpl@676f65a4 woken up from select, 0/0/0 selected
13:46:12.602 [JettyServerThreadPool-59] DEBUG org.eclipse.jetty.io.ManagedSelector -- Selector sun.nio.ch.WEPollSelectorImpl@676f65a4 processing 0 keys, 1 updates
13:46:12.602 [JettyServerThreadPool-59] DEBUG org.eclipse.jetty.io.ManagedSelector -- updateable 1
13:46:12.602 [JettyServerThreadPool-59] DEBUG org.eclipse.jetty.io.ManagedSelector -- update org.eclipse.jetty.io.ManagedSelector$StopSelector@7f1ef916
13:46:12.604 [JettyServerThreadPool-59] DEBUG org.eclipse.jetty.io.ManagedSelector -- updates 0
13:46:12.604 [main] DEBUG org.eclipse.jetty.util.component.AbstractLifeCycle -- STOPPING AdaptiveExecutionStrategy@7654f833/SelectorProducer@571a01f9/PRODUCING/p=false/QueuedThreadPool[JettyServerThreadPool]@48a0c8aa{STARTED,8<=9<=250,i=2,r=-1,t=59977ms,q=0}[ReservedThreadExecutor@44032fde{reserved=1/12,pending=0}][pc=0,pic=0,pec=0,epc=0]@2025-08-19T13:46:12.6048041-03:00
13:46:12.604 [main] DEBUG org.eclipse.jetty.util.component.AbstractLifeCycle -- STOPPED AdaptiveExecutionStrategy@7654f833/SelectorProducer@571a01f9/IDLE/p=false/QueuedThreadPool[JettyServerThreadPool]@48a0c8aa{STARTED,8<=9<=250,i=2,r=-1,t=59977ms,q=0}[ReservedThreadExecutor@44032fde{reserved=1/12,pending=0}][pc=0,pic=0,pec=0,epc=0]@2025-08-19T13:46:12.6048041-03:00
13:46:12.604 [main] DEBUG org.eclipse.jetty.util.component.AbstractLifeCycle -- STOPPED ManagedSelector@d7109be{STOPPED} id=5 keys=-1 selected=-1 updates=0
13:46:12.604 [JettyServerThreadPool-59] DEBUG org.eclipse.jetty.util.thread.QueuedThreadPool -- ran org.eclipse.jetty.io.ManagedSelector$$Lambda/0x00000223902fcea0@a50d709 in QueuedThreadPool[JettyServerThreadPool]@48a0c8aa{STARTED,8<=9<=250,i=2,r=-1,t=59977ms,q=0}[ReservedThreadExecutor@44032fde{reserved=1/12,pending=0}]
13:46:12.604 [main] DEBUG org.eclipse.jetty.util.component.AbstractLifeCycle -- STOPPING ManagedSelector@feb98ef{STARTED} id=4 keys=0 selected=0 updates=0
13:46:12.604 [JettyServerThreadPool-59] DEBUG org.eclipse.jetty.util.thread.QueuedThreadPool -- Evict check, period=60000ms QueuedThreadPool[JettyServerThreadPool]@48a0c8aa{STARTED,8<=9<=250,i=3,r=-1,t=59977ms,q=0}[ReservedThreadExecutor@44032fde{reserved=1/12,pending=0}]
13:46:12.604 [JettyServerThreadPool-59] DEBUG org.eclipse.jetty.util.thread.QueuedThreadPool -- Evict skipped, threshold=119977ms in the future QueuedThreadPool[JettyServerThreadPool]@48a0c8aa{STARTED,8<=9<=250,i=3,r=-1,t=59977ms,q=0}[ReservedThreadExecutor@44032fde{reserved=1/12,pending=0}]
13:46:12.604 [main] DEBUG org.eclipse.jetty.io.ManagedSelector -- Queued change lazy=false org.eclipse.jetty.io.ManagedSelector$CloseConnections@1886991b on ManagedSelector@feb98ef{STOPPING} id=4 keys=0 selected=0 updates=0
13:46:12.604 [main] DEBUG org.eclipse.jetty.io.ManagedSelector -- Wakeup on submit ManagedSelector@feb98ef{STOPPING} id=4 keys=0 selected=0 updates=1
13:46:12.604 [JettyServerThreadPool-58] DEBUG org.eclipse.jetty.io.ManagedSelector -- Selector sun.nio.ch.WEPollSelectorImpl@5e407326 woken with none selected
13:46:12.604 [JettyServerThreadPool-58] DEBUG org.eclipse.jetty.io.ManagedSelector -- Selector sun.nio.ch.WEPollSelectorImpl@5e407326 woken up from select, 0/0/0 selected
13:46:12.604 [JettyServerThreadPool-58] DEBUG org.eclipse.jetty.io.ManagedSelector -- Selector sun.nio.ch.WEPollSelectorImpl@5e407326 processing 0 keys, 1 updates
13:46:12.604 [JettyServerThreadPool-58] DEBUG org.eclipse.jetty.io.ManagedSelector -- updateable 1
13:46:12.604 [JettyServerThreadPool-58] DEBUG org.eclipse.jetty.io.ManagedSelector -- update org.eclipse.jetty.io.ManagedSelector$CloseConnections@1886991b
13:46:12.604 [JettyServerThreadPool-58] DEBUG org.eclipse.jetty.io.ManagedSelector -- Closing 0 connections on ManagedSelector@feb98ef{STOPPING} id=4 keys=0 selected=0 updates=0
13:46:12.604 [JettyServerThreadPool-58] DEBUG org.eclipse.jetty.io.ManagedSelector -- updates 0
13:46:12.604 [JettyServerThreadPool-58] DEBUG org.eclipse.jetty.io.ManagedSelector -- Selector sun.nio.ch.WEPollSelectorImpl@5e407326 waiting with 0 keys
13:46:12.604 [main] DEBUG org.eclipse.jetty.io.ManagedSelector -- Queued change lazy=false org.eclipse.jetty.io.ManagedSelector$StopSelector@64aad809 on ManagedSelector@feb98ef{STOPPING} id=4 keys=0 selected=0 updates=0
13:46:12.604 [main] DEBUG org.eclipse.jetty.io.ManagedSelector -- Wakeup on submit ManagedSelector@feb98ef{STOPPING} id=4 keys=0 selected=0 updates=1
13:46:12.604 [JettyServerThreadPool-58] DEBUG org.eclipse.jetty.io.ManagedSelector -- Selector sun.nio.ch.WEPollSelectorImpl@5e407326 woken with none selected
13:46:12.604 [JettyServerThreadPool-58] DEBUG org.eclipse.jetty.io.ManagedSelector -- Selector sun.nio.ch.WEPollSelectorImpl@5e407326 woken up from select, 0/0/0 selected
13:46:12.604 [JettyServerThreadPool-58] DEBUG org.eclipse.jetty.io.ManagedSelector -- Selector sun.nio.ch.WEPollSelectorImpl@5e407326 processing 0 keys, 1 updates
13:46:12.604 [JettyServerThreadPool-58] DEBUG org.eclipse.jetty.io.ManagedSelector -- updateable 1
13:46:12.604 [JettyServerThreadPool-58] DEBUG org.eclipse.jetty.io.ManagedSelector -- update org.eclipse.jetty.io.ManagedSelector$StopSelector@64aad809
13:46:12.606 [JettyServerThreadPool-58] DEBUG org.eclipse.jetty.io.ManagedSelector -- updates 0
13:46:12.606 [main] DEBUG org.eclipse.jetty.util.component.AbstractLifeCycle -- STOPPING AdaptiveExecutionStrategy@7bab5898/SelectorProducer@366d8b97/PRODUCING/p=false/QueuedThreadPool[JettyServerThreadPool]@48a0c8aa{STARTED,8<=9<=250,i=3,r=-1,t=59976ms,q=0}[ReservedThreadExecutor@44032fde{reserved=1/12,pending=0}][pc=0,pic=0,pec=0,epc=0]@2025-08-19T13:46:12.6068158-03:00
13:46:12.606 [JettyServerThreadPool-58] DEBUG org.eclipse.jetty.util.thread.QueuedThreadPool -- ran org.eclipse.jetty.io.ManagedSelector$$Lambda/0x00000223902fcea0@2c88a3e8 in QueuedThreadPool[JettyServerThreadPool]@48a0c8aa{STARTED,8<=9<=250,i=3,r=-1,t=59975ms,q=0}[ReservedThreadExecutor@44032fde{reserved=1/12,pending=0}]
13:46:12.606 [main] DEBUG org.eclipse.jetty.util.component.AbstractLifeCycle -- STOPPED AdaptiveExecutionStrategy@7bab5898/SelectorProducer@366d8b97/IDLE/p=false/QueuedThreadPool[JettyServerThreadPool]@48a0c8aa{STARTED,8<=9<=250,i=3,r=-1,t=59975ms,q=0}[ReservedThreadExecutor@44032fde{reserved=1/12,pending=0}][pc=0,pic=0,pec=0,epc=0]@2025-08-19T13:46:12.6068158-03:00
13:46:12.606 [JettyServerThreadPool-58] DEBUG org.eclipse.jetty.util.thread.QueuedThreadPool -- Evict check, period=60000ms QueuedThreadPool[JettyServerThreadPool]@48a0c8aa{STARTED,8<=9<=250,i=4,r=-1,t=59975ms,q=0}[ReservedThreadExecutor@44032fde{reserved=1/12,pending=0}]
13:46:12.606 [main] DEBUG org.eclipse.jetty.util.component.AbstractLifeCycle -- STOPPED ManagedSelector@feb98ef{STOPPED} id=4 keys=-1 selected=-1 updates=0
13:46:12.606 [JettyServerThreadPool-58] DEBUG org.eclipse.jetty.util.thread.QueuedThreadPool -- Evict skipped, threshold=119975ms in the future QueuedThreadPool[JettyServerThreadPool]@48a0c8aa{STARTED,8<=9<=250,i=4,r=-1,t=59975ms,q=0}[ReservedThreadExecutor@44032fde{reserved=1/12,pending=0}]
13:46:12.606 [main] DEBUG org.eclipse.jetty.util.component.AbstractLifeCycle -- STOPPING ManagedSelector@2d7a9786{STARTED} id=3 keys=0 selected=0 updates=0
13:46:12.606 [main] DEBUG org.eclipse.jetty.io.ManagedSelector -- Queued change lazy=false org.eclipse.jetty.io.ManagedSelector$CloseConnections@1f03fba0 on ManagedSelector@2d7a9786{STOPPING} id=3 keys=0 selected=0 updates=0
13:46:12.606 [main] DEBUG org.eclipse.jetty.io.ManagedSelector -- Wakeup on submit ManagedSelector@2d7a9786{STOPPING} id=3 keys=0 selected=0 updates=1
13:46:12.606 [JettyServerThreadPool-57] DEBUG org.eclipse.jetty.io.ManagedSelector -- Selector sun.nio.ch.WEPollSelectorImpl@34dc42bb woken with none selected
13:46:12.607 [JettyServerThreadPool-57] DEBUG org.eclipse.jetty.io.ManagedSelector -- Selector sun.nio.ch.WEPollSelectorImpl@34dc42bb woken up from select, 0/0/0 selected
13:46:12.607 [JettyServerThreadPool-57] DEBUG org.eclipse.jetty.io.ManagedSelector -- Selector sun.nio.ch.WEPollSelectorImpl@34dc42bb processing 0 keys, 1 updates
13:46:12.607 [JettyServerThreadPool-57] DEBUG org.eclipse.jetty.io.ManagedSelector -- updateable 1
13:46:12.607 [JettyServerThreadPool-57] DEBUG org.eclipse.jetty.io.ManagedSelector -- update org.eclipse.jetty.io.ManagedSelector$CloseConnections@1f03fba0
13:46:12.607 [JettyServerThreadPool-57] DEBUG org.eclipse.jetty.io.ManagedSelector -- Closing 0 connections on ManagedSelector@2d7a9786{STOPPING} id=3 keys=0 selected=0 updates=0
13:46:12.607 [JettyServerThreadPool-57] DEBUG org.eclipse.jetty.io.ManagedSelector -- updates 0
13:46:12.607 [JettyServerThreadPool-57] DEBUG org.eclipse.jetty.io.ManagedSelector -- Selector sun.nio.ch.WEPollSelectorImpl@34dc42bb waiting with 0 keys
13:46:12.607 [main] DEBUG org.eclipse.jetty.io.ManagedSelector -- Queued change lazy=false org.eclipse.jetty.io.ManagedSelector$StopSelector@17dd671f on ManagedSelector@2d7a9786{STOPPING} id=3 keys=0 selected=0 updates=0
13:46:12.607 [main] DEBUG org.eclipse.jetty.io.ManagedSelector -- Wakeup on submit ManagedSelector@2d7a9786{STOPPING} id=3 keys=0 selected=0 updates=1
13:46:12.607 [JettyServerThreadPool-57] DEBUG org.eclipse.jetty.io.ManagedSelector -- Selector sun.nio.ch.WEPollSelectorImpl@34dc42bb woken with none selected
13:46:12.607 [JettyServerThreadPool-57] DEBUG org.eclipse.jetty.io.ManagedSelector -- Selector sun.nio.ch.WEPollSelectorImpl@34dc42bb woken up from select, 0/0/0 selected
13:46:12.607 [JettyServerThreadPool-57] DEBUG org.eclipse.jetty.io.ManagedSelector -- Selector sun.nio.ch.WEPollSelectorImpl@34dc42bb processing 0 keys, 1 updates
13:46:12.607 [JettyServerThreadPool-57] DEBUG org.eclipse.jetty.io.ManagedSelector -- updateable 1
13:46:12.607 [JettyServerThreadPool-57] DEBUG org.eclipse.jetty.io.ManagedSelector -- update org.eclipse.jetty.io.ManagedSelector$StopSelector@17dd671f
13:46:12.607 [JettyServerThreadPool-57] DEBUG org.eclipse.jetty.io.ManagedSelector -- updates 0
13:46:12.607 [JettyServerThreadPool-57] DEBUG org.eclipse.jetty.util.thread.QueuedThreadPool -- ran org.eclipse.jetty.io.ManagedSelector$$Lambda/0x00000223902fcea0@348ad293 in QueuedThreadPool[JettyServerThreadPool]@48a0c8aa{STARTED,8<=9<=250,i=4,r=-1,t=59974ms,q=0}[ReservedThreadExecutor@44032fde{reserved=1/12,pending=0}]
13:46:12.607 [JettyServerThreadPool-57] DEBUG org.eclipse.jetty.util.thread.QueuedThreadPool -- Evict check, period=60000ms QueuedThreadPool[JettyServerThreadPool]@48a0c8aa{STARTED,8<=9<=250,i=5,r=-1,t=59974ms,q=0}[ReservedThreadExecutor@44032fde{reserved=1/12,pending=0}]
13:46:12.607 [JettyServerThreadPool-57] DEBUG org.eclipse.jetty.util.thread.QueuedThreadPool -- Evict skipped, threshold=119974ms in the future QueuedThreadPool[JettyServerThreadPool]@48a0c8aa{STARTED,8<=9<=250,i=5,r=-1,t=59974ms,q=0}[ReservedThreadExecutor@44032fde{reserved=1/12,pending=0}]
13:46:12.607 [main] DEBUG org.eclipse.jetty.util.component.AbstractLifeCycle -- STOPPING AdaptiveExecutionStrategy@5c723f2d/SelectorProducer@432f521f/IDLE/p=false/QueuedThreadPool[JettyServerThreadPool]@48a0c8aa{STARTED,8<=9<=250,i=5,r=-1,t=59974ms,q=0}[ReservedThreadExecutor@44032fde{reserved=1/12,pending=0}][pc=0,pic=0,pec=0,epc=0]@2025-08-19T13:46:12.6078714-03:00
13:46:12.607 [main] DEBUG org.eclipse.jetty.util.component.AbstractLifeCycle -- STOPPED AdaptiveExecutionStrategy@5c723f2d/SelectorProducer@432f521f/IDLE/p=false/QueuedThreadPool[JettyServerThreadPool]@48a0c8aa{STARTED,8<=9<=250,i=5,r=-1,t=59974ms,q=0}[ReservedThreadExecutor@44032fde{reserved=1/12,pending=0}][pc=0,pic=0,pec=0,epc=0]@2025-08-19T13:46:12.6078714-03:00
13:46:12.607 [main] DEBUG org.eclipse.jetty.util.component.AbstractLifeCycle -- STOPPED ManagedSelector@2d7a9786{STOPPED} id=3 keys=-1 selected=-1 updates=0
13:46:12.607 [main] DEBUG org.eclipse.jetty.util.component.AbstractLifeCycle -- STOPPING ManagedSelector@33ecbd6c{STARTED} id=2 keys=0 selected=0 updates=0
13:46:12.607 [main] DEBUG org.eclipse.jetty.io.ManagedSelector -- Queued change lazy=false org.eclipse.jetty.io.ManagedSelector$CloseConnections@3bbf6abe on ManagedSelector@33ecbd6c{STOPPING} id=2 keys=0 selected=0 updates=0
13:46:12.607 [main] DEBUG org.eclipse.jetty.io.ManagedSelector -- Wakeup on submit ManagedSelector@33ecbd6c{STOPPING} id=2 keys=0 selected=0 updates=1
13:46:12.609 [JettyServerThreadPool-56] DEBUG org.eclipse.jetty.io.ManagedSelector -- Selector sun.nio.ch.WEPollSelectorImpl@6446127a woken with none selected
13:46:12.609 [JettyServerThreadPool-56] DEBUG org.eclipse.jetty.io.ManagedSelector -- Selector sun.nio.ch.WEPollSelectorImpl@6446127a woken up from select, 0/0/0 selected
13:46:12.609 [JettyServerThreadPool-56] DEBUG org.eclipse.jetty.io.ManagedSelector -- Selector sun.nio.ch.WEPollSelectorImpl@6446127a processing 0 keys, 1 updates
13:46:12.609 [JettyServerThreadPool-56] DEBUG org.eclipse.jetty.io.ManagedSelector -- updateable 1
13:46:12.609 [JettyServerThreadPool-56] DEBUG org.eclipse.jetty.io.ManagedSelector -- update org.eclipse.jetty.io.ManagedSelector$CloseConnections@3bbf6abe
13:46:12.609 [JettyServerThreadPool-56] DEBUG org.eclipse.jetty.io.ManagedSelector -- Closing 0 connections on ManagedSelector@33ecbd6c{STOPPING} id=2 keys=0 selected=0 updates=0
13:46:12.609 [JettyServerThreadPool-56] DEBUG org.eclipse.jetty.io.ManagedSelector -- updates 0
13:46:12.609 [JettyServerThreadPool-56] DEBUG org.eclipse.jetty.io.ManagedSelector -- Selector sun.nio.ch.WEPollSelectorImpl@6446127a waiting with 0 keys
13:46:12.609 [main] DEBUG org.eclipse.jetty.io.ManagedSelector -- Queued change lazy=false org.eclipse.jetty.io.ManagedSelector$StopSelector@9679750 on ManagedSelector@33ecbd6c{STOPPING} id=2 keys=0 selected=0 updates=0
13:46:12.609 [main] DEBUG org.eclipse.jetty.io.ManagedSelector -- Wakeup on submit ManagedSelector@33ecbd6c{STOPPING} id=2 keys=0 selected=0 updates=1
13:46:12.609 [JettyServerThreadPool-56] DEBUG org.eclipse.jetty.io.ManagedSelector -- Selector sun.nio.ch.WEPollSelectorImpl@6446127a woken with none selected
13:46:12.609 [JettyServerThreadPool-56] DEBUG org.eclipse.jetty.io.ManagedSelector -- Selector sun.nio.ch.WEPollSelectorImpl@6446127a woken up from select, 0/0/0 selected
13:46:12.609 [JettyServerThreadPool-56] DEBUG org.eclipse.jetty.io.ManagedSelector -- Selector sun.nio.ch.WEPollSelectorImpl@6446127a processing 0 keys, 1 updates
13:46:12.609 [JettyServerThreadPool-56] DEBUG org.eclipse.jetty.io.ManagedSelector -- updateable 1
13:46:12.609 [JettyServerThreadPool-56] DEBUG org.eclipse.jetty.io.ManagedSelector -- update org.eclipse.jetty.io.ManagedSelector$StopSelector@9679750
13:46:12.609 [JettyServerThreadPool-56] DEBUG org.eclipse.jetty.io.ManagedSelector -- updates 0
13:46:12.609 [JettyServerThreadPool-56] DEBUG org.eclipse.jetty.util.thread.QueuedThreadPool -- ran org.eclipse.jetty.io.ManagedSelector$$Lambda/0x00000223902fcea0@25673087 in QueuedThreadPool[JettyServerThreadPool]@48a0c8aa{STARTED,8<=9<=250,i=5,r=-1,t=59972ms,q=0}[ReservedThreadExecutor@44032fde{reserved=1/12,pending=0}]
13:46:12.609 [JettyServerThreadPool-56] DEBUG org.eclipse.jetty.util.thread.QueuedThreadPool -- Evict check, period=60000ms QueuedThreadPool[JettyServerThreadPool]@48a0c8aa{STARTED,8<=9<=250,i=6,r=-1,t=59972ms,q=0}[ReservedThreadExecutor@44032fde{reserved=1/12,pending=0}]
13:46:12.609 [JettyServerThreadPool-56] DEBUG org.eclipse.jetty.util.thread.QueuedThreadPool -- Evict skipped, threshold=119972ms in the future QueuedThreadPool[JettyServerThreadPool]@48a0c8aa{STARTED,8<=9<=250,i=6,r=-1,t=59972ms,q=0}[ReservedThreadExecutor@44032fde{reserved=1/12,pending=0}]
13:46:12.609 [main] DEBUG org.eclipse.jetty.util.component.AbstractLifeCycle -- STOPPING AdaptiveExecutionStrategy@862f408/SelectorProducer@178f268a/IDLE/p=false/QueuedThreadPool[JettyServerThreadPool]@48a0c8aa{STARTED,8<=9<=250,i=5,r=-1,t=59972ms,q=0}[ReservedThreadExecutor@44032fde{reserved=1/12,pending=0}][pc=0,pic=0,pec=0,epc=0]@2025-08-19T13:46:12.6092672-03:00
13:46:12.609 [main] DEBUG org.eclipse.jetty.util.component.AbstractLifeCycle -- STOPPED AdaptiveExecutionStrategy@862f408/SelectorProducer@178f268a/IDLE/p=false/QueuedThreadPool[JettyServerThreadPool]@48a0c8aa{STARTED,8<=9<=250,i=6,r=-1,t=59972ms,q=0}[ReservedThreadExecutor@44032fde{reserved=1/12,pending=0}][pc=0,pic=0,pec=0,epc=0]@2025-08-19T13:46:12.6092672-03:00
13:46:12.609 [main] DEBUG org.eclipse.jetty.util.component.AbstractLifeCycle -- STOPPED ManagedSelector@33ecbd6c{STOPPED} id=2 keys=-1 selected=-1 updates=0
13:46:12.609 [main] DEBUG org.eclipse.jetty.util.component.AbstractLifeCycle -- STOPPING ManagedSelector@329bad59{STARTED} id=1 keys=1 selected=0 updates=0
13:46:12.609 [main] DEBUG org.eclipse.jetty.io.ManagedSelector -- Queued change lazy=false org.eclipse.jetty.io.ManagedSelector$CloseConnections@9b9a327 on ManagedSelector@329bad59{STOPPING} id=1 keys=1 selected=0 updates=0
13:46:12.609 [main] DEBUG org.eclipse.jetty.io.ManagedSelector -- Wakeup on submit ManagedSelector@329bad59{STOPPING} id=1 keys=1 selected=0 updates=1
13:46:12.609 [JettyServerThreadPool-55] DEBUG org.eclipse.jetty.io.ManagedSelector -- Selector sun.nio.ch.WEPollSelectorImpl@50013c9f woken with none selected
13:46:12.609 [JettyServerThreadPool-55] DEBUG org.eclipse.jetty.io.ManagedSelector -- Selector sun.nio.ch.WEPollSelectorImpl@50013c9f woken up from select, 0/0/1 selected
13:46:12.609 [JettyServerThreadPool-55] DEBUG org.eclipse.jetty.io.ManagedSelector -- Selector sun.nio.ch.WEPollSelectorImpl@50013c9f processing 0 keys, 1 updates
13:46:12.609 [JettyServerThreadPool-55] DEBUG org.eclipse.jetty.io.ManagedSelector -- updateable 1
13:46:12.609 [JettyServerThreadPool-55] DEBUG org.eclipse.jetty.io.ManagedSelector -- update org.eclipse.jetty.io.ManagedSelector$CloseConnections@9b9a327
13:46:12.609 [JettyServerThreadPool-55] DEBUG org.eclipse.jetty.io.ManagedSelector -- Closing 1 connections on ManagedSelector@329bad59{STOPPING} id=1 keys=1 selected=0 updates=0
13:46:12.609 [JettyServerThreadPool-55] DEBUG org.eclipse.jetty.io.AbstractEndPoint -- close SocketChannelEndPoint@9f32177[{l=/127.0.0.1:50249,r=/127.0.0.1:50250,OPEN,fill=FI,flush=-,to=9/30000}{io=1/1,kio=1,kro=1}]->[HttpConnection@56e1ad2d[p=HttpParser{s=START,0 of -1},g=HttpGenerator@2e07d35b{s=START}]=>HttpChannelOverHttp@30b4a07{s=HttpChannelState@4609c402{s=IDLE rs=BLOCKING os=OPEN is=IDLE awp=false se=false i=true al=0},r=1,c=false/false,a=IDLE,uri=null,age=0}]
13:46:12.609 [JettyServerThreadPool-55] DEBUG org.eclipse.jetty.io.AbstractEndPoint -- close(null) SocketChannelEndPoint@9f32177[{l=/127.0.0.1:50249,r=/127.0.0.1:50250,OPEN,fill=FI,flush=-,to=9/30000}{io=1/1,kio=1,kro=1}]->[HttpConnection@56e1ad2d[p=HttpParser{s=START,0 of -1},g=HttpGenerator@2e07d35b{s=START}]=>HttpChannelOverHttp@30b4a07{s=HttpChannelState@4609c402{s=IDLE rs=BLOCKING os=OPEN is=IDLE awp=false se=false i=true al=0},r=1,c=false/false,a=IDLE,uri=null,age=0}]
13:46:12.611 [JettyServerThreadPool-55] DEBUG org.eclipse.jetty.io.SelectableChannelEndPoint -- doClose SocketChannelEndPoint@9f32177[{l=/127.0.0.1:50249,r=/127.0.0.1:50250,CLOSED,fill=FI,flush=-,to=9/30000}{io=1/1,kio=1,kro=1}]->[HttpConnection@56e1ad2d[p=HttpParser{s=START,0 of -1},g=HttpGenerator@2e07d35b{s=START}]=>HttpChannelOverHttp@30b4a07{s=HttpChannelState@4609c402{s=IDLE rs=BLOCKING os=OPEN is=IDLE awp=false se=false i=true al=0},r=1,c=false/false,a=IDLE,uri=null,age=0}]
13:46:12.611 [JettyServerThreadPool-55] DEBUG org.eclipse.jetty.io.FillInterest -- onClose FillInterest@26263b4d{ReadCallback@7df56261{HttpConnection@56e1ad2d::SocketChannelEndPoint@9f32177[{l=null,r=null,CLOSED,fill=FI,flush=-,to=10/30000}{io=1/1,kio=-1,kro=-1}]->[HttpConnection@56e1ad2d[p=HttpParser{s=START,0 of -1},g=HttpGenerator@2e07d35b{s=START}]=>HttpChannelOverHttp@30b4a07{s=HttpChannelState@4609c402{s=IDLE rs=BLOCKING os=OPEN is=IDLE awp=false se=false i=true al=0},r=1,c=false/false,a=IDLE,uri=null,age=0}]}}
13:46:12.611 [JettyServerThreadPool-55] DEBUG org.eclipse.jetty.http.HttpParser -- close HttpParser{s=START,0 of -1}
13:46:12.612 [JettyServerThreadPool-55] DEBUG org.eclipse.jetty.http.HttpParser -- START --> CLOSE
13:46:12.612 [JettyServerThreadPool-55] DEBUG org.eclipse.jetty.io.AbstractConnection -- HttpConnection@56e1ad2d::SocketChannelEndPoint@9f32177[{l=null,r=null,CLOSED,fill=-,flush=-,to=10/30000}{io=1/1,kio=-1,kro=-1}]->[HttpConnection@56e1ad2d[p=HttpParser{s=CLOSE,0 of -1},g=HttpGenerator@2e07d35b{s=START}]=>HttpChannelOverHttp@30b4a07{s=HttpChannelState@4609c402{s=IDLE rs=BLOCKING os=OPEN is=IDLE awp=false se=false i=true al=0},r=1,c=false/false,a=IDLE,uri=null,age=0}] onFillInterestedFailed {}
java.nio.channels.ClosedChannelException: null
	at org.eclipse.jetty.io.FillInterest.onClose(FillInterest.java:147)
	at org.eclipse.jetty.io.AbstractEndPoint.onClose(AbstractEndPoint.java:354)
	at org.eclipse.jetty.io.SelectableChannelEndPoint.onClose(SelectableChannelEndPoint.java:165)
	at org.eclipse.jetty.io.AbstractEndPoint.onClose(AbstractEndPoint.java:344)
	at org.eclipse.jetty.io.AbstractEndPoint.doOnClose(AbstractEndPoint.java:263)
	at org.eclipse.jetty.io.AbstractEndPoint.close(AbstractEndPoint.java:227)
	at org.eclipse.jetty.io.AbstractEndPoint.close(AbstractEndPoint.java:210)
	at org.eclipse.jetty.io.AbstractConnection.close(AbstractConnection.java:257)
	at org.eclipse.jetty.util.IO.close(IO.java:407)
	at org.eclipse.jetty.io.ManagedSelector$CloseConnections.update(ManagedSelector.java:1016)
	at org.eclipse.jetty.io.ManagedSelector$SelectorProducer.processUpdates(ManagedSelector.java:568)
	at org.eclipse.jetty.io.ManagedSelector$SelectorProducer.produce(ManagedSelector.java:538)
	at org.eclipse.jetty.util.thread.strategy.AdaptiveExecutionStrategy.produceTask(AdaptiveExecutionStrategy.java:455)
	at org.eclipse.jetty.util.thread.strategy.AdaptiveExecutionStrategy.tryProduce(AdaptiveExecutionStrategy.java:248)
	at org.eclipse.jetty.util.thread.strategy.AdaptiveExecutionStrategy.produce(AdaptiveExecutionStrategy.java:193)
	at org.eclipse.jetty.util.thread.QueuedThreadPool.runJob(QueuedThreadPool.java:969)
	at org.eclipse.jetty.util.thread.QueuedThreadPool$Runner.doRunJob(QueuedThreadPool.java:1194)
	at org.eclipse.jetty.util.thread.QueuedThreadPool$Runner.run(QueuedThreadPool.java:1149)
	at java.base/java.lang.Thread.run(Thread.java:1583)
13:46:12.612 [JettyServerThreadPool-55] DEBUG org.eclipse.jetty.io.ManagedSelector -- Wakeup ManagedSelector@329bad59{STOPPING} id=1 keys=1 selected=0 updates=0
13:46:12.612 [JettyServerThreadPool-55] DEBUG org.eclipse.jetty.util.thread.QueuedThreadPool -- queue org.eclipse.jetty.io.ManagedSelector$DestroyEndPoint@2e2ed9e7 startThread=0
13:46:12.612 [JettyServerThreadPool-55] DEBUG org.eclipse.jetty.io.ManagedSelector -- updates 0
13:46:12.612 [JettyServerThreadPool-55] DEBUG org.eclipse.jetty.io.ManagedSelector -- Selector sun.nio.ch.WEPollSelectorImpl@50013c9f waiting with 1 keys
13:46:12.612 [main] DEBUG org.eclipse.jetty.io.ManagedSelector -- Queued change lazy=false org.eclipse.jetty.io.ManagedSelector$StopSelector@75a0c890 on ManagedSelector@329bad59{STOPPING} id=1 keys=1 selected=0 updates=0
13:46:12.612 [main] DEBUG org.eclipse.jetty.io.ManagedSelector -- Wakeup on submit ManagedSelector@329bad59{STOPPING} id=1 keys=0 selected=0 updates=1
13:46:12.612 [JettyServerThreadPool-68] DEBUG org.eclipse.jetty.util.thread.QueuedThreadPool -- run org.eclipse.jetty.io.ManagedSelector$DestroyEndPoint@2e2ed9e7 in QueuedThreadPool[JettyServerThreadPool]@48a0c8aa{STARTED,8<=9<=250,i=5,r=-1,t=59969ms,q=0}[ReservedThreadExecutor@44032fde{reserved=1/12,pending=0}]
13:46:12.612 [JettyServerThreadPool-55] DEBUG org.eclipse.jetty.io.ManagedSelector -- Selector sun.nio.ch.WEPollSelectorImpl@50013c9f woken with none selected
13:46:12.612 [JettyServerThreadPool-55] DEBUG org.eclipse.jetty.io.ManagedSelector -- Selector sun.nio.ch.WEPollSelectorImpl@50013c9f woken up from select, 0/0/0 selected
13:46:12.612 [JettyServerThreadPool-68] DEBUG org.eclipse.jetty.io.ManagedSelector -- Destroyed SocketChannelEndPoint@9f32177[{l=null,r=null,CLOSED,fill=-,flush=-,to=11/30000}{io=1/1,kio=-1,kro=-1}]->[HttpConnection@56e1ad2d[p=HttpParser{s=CLOSE,0 of -1},g=HttpGenerator@2e07d35b{s=START}]=>HttpChannelOverHttp@30b4a07{s=HttpChannelState@4609c402{s=IDLE rs=BLOCKING os=OPEN is=IDLE awp=false se=false i=true al=0},r=1,c=false/false,a=IDLE,uri=null,age=0}]
13:46:12.612 [JettyServerThreadPool-55] DEBUG org.eclipse.jetty.io.ManagedSelector -- Selector sun.nio.ch.WEPollSelectorImpl@50013c9f processing 0 keys, 1 updates
13:46:12.612 [JettyServerThreadPool-55] DEBUG org.eclipse.jetty.io.ManagedSelector -- updateable 1
13:46:12.612 [JettyServerThreadPool-55] DEBUG org.eclipse.jetty.io.ManagedSelector -- update org.eclipse.jetty.io.ManagedSelector$StopSelector@75a0c890
13:46:12.612 [JettyServerThreadPool-68] DEBUG org.eclipse.jetty.io.AbstractConnection -- onClose HttpConnection@56e1ad2d::SocketChannelEndPoint@9f32177[{l=null,r=null,CLOSED,fill=-,flush=-,to=11/30000}{io=1/1,kio=-1,kro=-1}]->[HttpConnection@56e1ad2d[p=HttpParser{s=CLOSE,0 of -1},g=HttpGenerator@2e07d35b{s=START}]=>HttpChannelOverHttp@30b4a07{s=HttpChannelState@4609c402{s=IDLE rs=BLOCKING os=OPEN is=IDLE awp=false se=false i=true al=0},r=1,c=false/false,a=IDLE,uri=null,age=0}]
13:46:12.612 [JettyServerThreadPool-68] DEBUG org.eclipse.jetty.util.thread.QueuedThreadPool -- ran org.eclipse.jetty.io.ManagedSelector$DestroyEndPoint@2e2ed9e7 in QueuedThreadPool[JettyServerThreadPool]@48a0c8aa{STARTED,8<=9<=250,i=5,r=-1,t=59969ms,q=0}[ReservedThreadExecutor@44032fde{reserved=1/12,pending=0}]
13:46:12.612 [JettyServerThreadPool-55] DEBUG org.eclipse.jetty.io.ManagedSelector -- updates 0
13:46:12.612 [JettyServerThreadPool-68] DEBUG org.eclipse.jetty.util.thread.QueuedThreadPool -- Evict check, period=60000ms QueuedThreadPool[JettyServerThreadPool]@48a0c8aa{STARTED,8<=9<=250,i=6,r=-1,t=59969ms,q=0}[ReservedThreadExecutor@44032fde{reserved=1/12,pending=0}]
13:46:12.612 [JettyServerThreadPool-68] DEBUG org.eclipse.jetty.util.thread.QueuedThreadPool -- Evict skipped, threshold=119969ms in the future QueuedThreadPool[JettyServerThreadPool]@48a0c8aa{STARTED,8<=9<=250,i=6,r=-1,t=59969ms,q=0}[ReservedThreadExecutor@44032fde{reserved=1/12,pending=0}]
13:46:12.612 [JettyServerThreadPool-55] DEBUG org.eclipse.jetty.util.thread.QueuedThreadPool -- ran org.eclipse.jetty.io.ManagedSelector$$Lambda/0x00000223902fcea0@8d8f754 in QueuedThreadPool[JettyServerThreadPool]@48a0c8aa{STARTED,8<=9<=250,i=6,r=-1,t=59969ms,q=0}[ReservedThreadExecutor@44032fde{reserved=1/12,pending=0}]
13:46:12.612 [JettyServerThreadPool-55] DEBUG org.eclipse.jetty.util.thread.QueuedThreadPool -- Evict check, period=60000ms QueuedThreadPool[JettyServerThreadPool]@48a0c8aa{STARTED,8<=9<=250,i=7,r=-1,t=59969ms,q=0}[ReservedThreadExecutor@44032fde{reserved=1/12,pending=0}]
13:46:12.612 [JettyServerThreadPool-55] DEBUG org.eclipse.jetty.util.thread.QueuedThreadPool -- Evict skipped, threshold=119969ms in the future QueuedThreadPool[JettyServerThreadPool]@48a0c8aa{STARTED,8<=9<=250,i=7,r=-1,t=59969ms,q=0}[ReservedThreadExecutor@44032fde{reserved=1/12,pending=0}]
13:46:12.612 [main] DEBUG org.eclipse.jetty.util.component.AbstractLifeCycle -- STOPPING AdaptiveExecutionStrategy@61bfc9bf/SelectorProducer@2c7106d9/IDLE/p=false/QueuedThreadPool[JettyServerThreadPool]@48a0c8aa{STARTED,8<=9<=250,i=6,r=-1,t=59969ms,q=0}[ReservedThreadExecutor@44032fde{reserved=1/12,pending=0}][pc=0,pic=0,pec=1,epc=0]@2025-08-19T13:46:12.612261-03:00
13:46:12.612 [main] DEBUG org.eclipse.jetty.util.component.AbstractLifeCycle -- STOPPED AdaptiveExecutionStrategy@61bfc9bf/SelectorProducer@2c7106d9/IDLE/p=false/QueuedThreadPool[JettyServerThreadPool]@48a0c8aa{STARTED,8<=9<=250,i=7,r=-1,t=59969ms,q=0}[ReservedThreadExecutor@44032fde{reserved=1/12,pending=0}][pc=0,pic=0,pec=1,epc=0]@2025-08-19T13:46:12.612261-03:00
13:46:12.612 [main] DEBUG org.eclipse.jetty.util.component.AbstractLifeCycle -- STOPPED ManagedSelector@329bad59{STOPPED} id=1 keys=-1 selected=-1 updates=0
13:46:12.612 [main] DEBUG org.eclipse.jetty.util.component.AbstractLifeCycle -- STOPPING ManagedSelector@527fc8e{STARTED} id=0 keys=0 selected=0 updates=0
13:46:12.612 [main] DEBUG org.eclipse.jetty.io.ManagedSelector -- Queued change lazy=false org.eclipse.jetty.io.ManagedSelector$CloseConnections@358ab600 on ManagedSelector@527fc8e{STOPPING} id=0 keys=0 selected=0 updates=0
13:46:12.612 [main] DEBUG org.eclipse.jetty.io.ManagedSelector -- Wakeup on submit ManagedSelector@527fc8e{STOPPING} id=0 keys=0 selected=0 updates=1
13:46:12.612 [JettyServerThreadPool-54] DEBUG org.eclipse.jetty.io.ManagedSelector -- Selector sun.nio.ch.WEPollSelectorImpl@420d6ea2 woken with none selected
13:46:12.612 [JettyServerThreadPool-54] DEBUG org.eclipse.jetty.io.ManagedSelector -- Selector sun.nio.ch.WEPollSelectorImpl@420d6ea2 woken up from select, 0/0/0 selected
13:46:12.612 [JettyServerThreadPool-54] DEBUG org.eclipse.jetty.io.ManagedSelector -- Selector sun.nio.ch.WEPollSelectorImpl@420d6ea2 processing 0 keys, 1 updates
13:46:12.612 [JettyServerThreadPool-54] DEBUG org.eclipse.jetty.io.ManagedSelector -- updateable 1
13:46:12.612 [JettyServerThreadPool-54] DEBUG org.eclipse.jetty.io.ManagedSelector -- update org.eclipse.jetty.io.ManagedSelector$CloseConnections@358ab600
13:46:12.612 [JettyServerThreadPool-54] DEBUG org.eclipse.jetty.io.ManagedSelector -- Closing 0 connections on ManagedSelector@527fc8e{STOPPING} id=0 keys=0 selected=0 updates=0
13:46:12.612 [JettyServerThreadPool-54] DEBUG org.eclipse.jetty.io.ManagedSelector -- updates 0
13:46:12.612 [JettyServerThreadPool-54] DEBUG org.eclipse.jetty.io.ManagedSelector -- Selector sun.nio.ch.WEPollSelectorImpl@420d6ea2 waiting with 0 keys
13:46:12.612 [main] DEBUG org.eclipse.jetty.io.ManagedSelector -- Queued change lazy=false org.eclipse.jetty.io.ManagedSelector$StopSelector@e26af6 on ManagedSelector@527fc8e{STOPPING} id=0 keys=0 selected=0 updates=0
13:46:12.612 [main] DEBUG org.eclipse.jetty.io.ManagedSelector -- Wakeup on submit ManagedSelector@527fc8e{STOPPING} id=0 keys=0 selected=0 updates=1
13:46:12.612 [JettyServerThreadPool-54] DEBUG org.eclipse.jetty.io.ManagedSelector -- Selector sun.nio.ch.WEPollSelectorImpl@420d6ea2 woken with none selected
13:46:12.612 [JettyServerThreadPool-54] DEBUG org.eclipse.jetty.io.ManagedSelector -- Selector sun.nio.ch.WEPollSelectorImpl@420d6ea2 woken up from select, 0/0/0 selected
13:46:12.612 [JettyServerThreadPool-54] DEBUG org.eclipse.jetty.io.ManagedSelector -- Selector sun.nio.ch.WEPollSelectorImpl@420d6ea2 processing 0 keys, 1 updates
13:46:12.612 [JettyServerThreadPool-54] DEBUG org.eclipse.jetty.io.ManagedSelector -- updateable 1
13:46:12.612 [JettyServerThreadPool-54] DEBUG org.eclipse.jetty.io.ManagedSelector -- update org.eclipse.jetty.io.ManagedSelector$StopSelector@e26af6
13:46:12.614 [JettyServerThreadPool-54] DEBUG org.eclipse.jetty.io.ManagedSelector -- updates 0
13:46:12.614 [JettyServerThreadPool-54] DEBUG org.eclipse.jetty.util.thread.QueuedThreadPool -- ran org.eclipse.jetty.io.ManagedSelector$$Lambda/0x00000223902fcea0@5e0ec41f in QueuedThreadPool[JettyServerThreadPool]@48a0c8aa{STARTED,8<=9<=250,i=7,r=-1,t=59968ms,q=0}[ReservedThreadExecutor@44032fde{reserved=1/12,pending=0}]
13:46:12.614 [JettyServerThreadPool-54] DEBUG org.eclipse.jetty.util.thread.QueuedThreadPool -- Evict check, period=60000ms QueuedThreadPool[JettyServerThreadPool]@48a0c8aa{STARTED,8<=9<=250,i=8,r=-1,t=59968ms,q=0}[ReservedThreadExecutor@44032fde{reserved=1/12,pending=0}]
13:46:12.614 [JettyServerThreadPool-54] DEBUG org.eclipse.jetty.util.thread.QueuedThreadPool -- Evict skipped, threshold=119968ms in the future QueuedThreadPool[JettyServerThreadPool]@48a0c8aa{STARTED,8<=9<=250,i=8,r=-1,t=59968ms,q=0}[ReservedThreadExecutor@44032fde{reserved=1/12,pending=0}]
13:46:12.614 [main] DEBUG org.eclipse.jetty.util.component.AbstractLifeCycle -- STOPPING AdaptiveExecutionStrategy@57435801/SelectorProducer@2da66a44/IDLE/p=false/QueuedThreadPool[JettyServerThreadPool]@48a0c8aa{STARTED,8<=9<=250,i=7,r=-1,t=59968ms,q=0}[ReservedThreadExecutor@44032fde{reserved=1/12,pending=0}][pc=0,pic=0,pec=0,epc=0]@2025-08-19T13:46:12.6145945-03:00
13:46:12.614 [main] DEBUG org.eclipse.jetty.util.component.AbstractLifeCycle -- STOPPED AdaptiveExecutionStrategy@57435801/SelectorProducer@2da66a44/IDLE/p=false/QueuedThreadPool[JettyServerThreadPool]@48a0c8aa{STARTED,8<=9<=250,i=8,r=-1,t=59967ms,q=0}[ReservedThreadExecutor@44032fde{reserved=1/12,pending=0}][pc=0,pic=0,pec=0,epc=0]@2025-08-19T13:46:12.6145945-03:00
13:46:12.614 [main] DEBUG org.eclipse.jetty.util.component.AbstractLifeCycle -- STOPPED ManagedSelector@527fc8e{STOPPED} id=0 keys=-1 selected=-1 updates=0
13:46:12.614 [main] DEBUG org.eclipse.jetty.util.component.AbstractLifeCycle -- STOPPED SelectorManager@ServerConnector@53d13cd4{HTTP/1.1, (http/1.1)}{0.0.0.0:0}
13:46:12.614 [main] DEBUG org.eclipse.jetty.util.component.AbstractLifeCycle -- STOPPING HttpConnectionFactory@3291b443[HTTP/1.1]
13:46:12.614 [main] DEBUG org.eclipse.jetty.util.component.AbstractLifeCycle -- STOPPED HttpConnectionFactory@3291b443[HTTP/1.1]
13:46:12.614 [main] DEBUG org.eclipse.jetty.util.component.AbstractLifeCycle -- STOPPING ScheduledExecutorScheduler@77865933{STARTED}
13:46:12.614 [main] DEBUG org.eclipse.jetty.util.component.AbstractLifeCycle -- STOPPED ScheduledExecutorScheduler@77865933{STOPPED}
13:46:12.614 [main] INFO org.eclipse.jetty.server.AbstractConnector -- Stopped ServerConnector@53d13cd4{HTTP/1.1, (http/1.1)}{0.0.0.0:0}
13:46:12.614 [main] DEBUG org.eclipse.jetty.util.component.AbstractLifeCycle -- STOPPED ServerConnector@53d13cd4{HTTP/1.1, (http/1.1)}{0.0.0.0:0}
13:46:12.614 [main] DEBUG org.eclipse.jetty.server.handler.AbstractHandler -- stopping Server@3722c145{STOPPING}[11.0.20,sto=0]
13:46:12.614 [main] DEBUG org.eclipse.jetty.util.component.AbstractLifeCycle -- STOPPING DefaultSessionIdManager@529c2a9a{STARTED}[worker=node0]
13:46:12.614 [main] DEBUG org.eclipse.jetty.util.component.AbstractLifeCycle -- STOPPING HouseKeeper@3c87fdf2{STARTED}[interval=660000, ownscheduler=true]
13:46:12.614 [main] DEBUG org.eclipse.jetty.server.session.HouseKeeper -- node0 stopped scavenging
13:46:12.614 [main] DEBUG org.eclipse.jetty.util.component.AbstractLifeCycle -- STOPPING ScheduledExecutorScheduler@26bbe604{STARTED}
13:46:12.614 [main] DEBUG org.eclipse.jetty.util.component.AbstractLifeCycle -- STOPPED ScheduledExecutorScheduler@26bbe604{STOPPED}
13:46:12.614 [main] DEBUG org.eclipse.jetty.util.component.AbstractLifeCycle -- STOPPED HouseKeeper@3c87fdf2{STOPPED}[interval=660000, ownscheduler=false]
13:46:12.614 [main] DEBUG org.eclipse.jetty.util.component.AbstractLifeCycle -- STOPPED DefaultSessionIdManager@529c2a9a{STOPPED}[worker=node0]
13:46:12.614 [main] DEBUG org.eclipse.jetty.util.component.AbstractLifeCycle -- STOPPING DeflaterPool@6fa13e6{STARTED,size=0,capacity=250}
13:46:12.614 [main] DEBUG org.eclipse.jetty.util.Pool -- Closing Pool@3af7d855[inUse=0,size=0,max=250,closed=false]
13:46:12.614 [main] DEBUG org.eclipse.jetty.util.component.AbstractLifeCycle -- STOPPED DeflaterPool@6fa13e6{STOPPED,size=-1,capacity=250}
13:46:12.614 [main] DEBUG org.eclipse.jetty.util.component.AbstractLifeCycle -- STOPPING InflaterPool@6535117e{STARTED,size=0,capacity=250}
13:46:12.614 [main] DEBUG org.eclipse.jetty.util.Pool -- Closing Pool@1d1cbd0f[inUse=0,size=0,max=250,closed=false]
13:46:12.614 [main] DEBUG org.eclipse.jetty.util.component.AbstractLifeCycle -- STOPPED InflaterPool@6535117e{STOPPED,size=-1,capacity=250}
13:46:12.614 [main] DEBUG org.eclipse.jetty.util.component.AbstractLifeCycle -- STOPPING ErrorHandler@52ff99cd{STARTED}
13:46:12.614 [main] DEBUG org.eclipse.jetty.server.handler.AbstractHandler -- stopping ErrorHandler@52ff99cd{STOPPING}
13:46:12.614 [main] DEBUG org.eclipse.jetty.util.component.AbstractLifeCycle -- STOPPED ErrorHandler@52ff99cd{STOPPED}
13:46:12.614 [main] DEBUG org.eclipse.jetty.util.component.AbstractLifeCycle -- STOPPING StatisticsHandler@765ffb14{STARTED,r=0,d=0}
13:46:12.614 [main] DEBUG org.eclipse.jetty.server.handler.AbstractHandler -- stopping StatisticsHandler@765ffb14{STOPPING,r=0,d=0}
13:46:12.614 [main] DEBUG org.eclipse.jetty.util.component.AbstractLifeCycle -- STOPPING o.e.j.s.ServletContextHandler@57562473{/,null,AVAILABLE}
13:46:12.614 [main] DEBUG org.eclipse.jetty.util.component.AbstractLifeCycle -- STOPPING WebSocketServerComponents@446626a7{STARTED}
13:46:12.614 [main] DEBUG org.eclipse.jetty.util.component.AbstractLifeCycle -- STOPPED WebSocketServerComponents@446626a7{STOPPED}
13:46:12.614 [main] DEBUG org.eclipse.jetty.util.component.AbstractLifeCycle -- STOPPING JettyWebSocketServerContainer@cda6019{STARTED}
13:46:12.614 [main] DEBUG org.eclipse.jetty.util.component.AbstractLifeCycle -- STOPPING SessionTracker@4012d5bc{STARTED}
13:46:12.614 [main] DEBUG org.eclipse.jetty.util.component.AbstractLifeCycle -- STOPPED SessionTracker@4012d5bc{STOPPED}
13:46:12.614 [main] DEBUG org.eclipse.jetty.util.component.AbstractLifeCycle -- STOPPING JettyServerFrameHandlerFactory@797c3c3b{STARTED}
13:46:12.614 [main] DEBUG org.eclipse.jetty.util.component.AbstractLifeCycle -- STOPPED JettyServerFrameHandlerFactory@797c3c3b{STOPPED}
13:46:12.617 [main] DEBUG org.eclipse.jetty.util.component.AbstractLifeCycle -- STOPPED JettyWebSocketServerContainer@cda6019{STOPPED}
13:46:12.617 [main] DEBUG org.eclipse.jetty.server.handler.AbstractHandler -- stopping o.e.j.s.ServletContextHandler@57562473{/,null,STOPPED}
13:46:12.617 [main] DEBUG org.eclipse.jetty.util.component.AbstractLifeCycle -- STOPPING org.eclipse.jetty.server.session.SessionHandler1249890505==dftMaxIdleSec=-1
13:46:12.617 [main] DEBUG org.eclipse.jetty.server.session.DefaultSessionCache -- Shutdown sessions, invalidating = false
13:46:12.617 [main] DEBUG org.eclipse.jetty.util.component.AbstractLifeCycle -- STOPPING org.eclipse.jetty.server.session.DefaultSessionCache@1cf0cacc[evict=-1,removeUnloadable=false,saveOnCreate=false,saveOnInactiveEvict=false]
13:46:12.617 [main] DEBUG org.eclipse.jetty.util.component.AbstractLifeCycle -- STOPPING org.eclipse.jetty.server.session.NullSessionDataStore@4f5b08d[passivating=false,graceSec=3600]
13:46:12.617 [main] DEBUG org.eclipse.jetty.util.component.AbstractLifeCycle -- STOPPED org.eclipse.jetty.server.session.NullSessionDataStore@4f5b08d[passivating=false,graceSec=3600]
13:46:12.617 [main] DEBUG org.eclipse.jetty.util.component.AbstractLifeCycle -- STOPPED org.eclipse.jetty.server.session.DefaultSessionCache@1cf0cacc[evict=-1,removeUnloadable=false,saveOnCreate=false,saveOnInactiveEvict=false]
13:46:12.617 [main] DEBUG org.eclipse.jetty.util.component.AbstractLifeCycle -- STOPPING ScheduledExecutorScheduler@4601203a{STARTED}
13:46:12.617 [main] DEBUG org.eclipse.jetty.util.component.AbstractLifeCycle -- STOPPED ScheduledExecutorScheduler@4601203a{STOPPED}
13:46:12.617 [main] DEBUG org.eclipse.jetty.server.handler.AbstractHandler -- stopping org.eclipse.jetty.server.session.SessionHandler1249890505==dftMaxIdleSec=-1
13:46:12.617 [main] DEBUG org.eclipse.jetty.util.component.AbstractLifeCycle -- STOPPING ServletHandler@424de326{STARTED}
13:46:12.617 [main] DEBUG org.eclipse.jetty.server.handler.AbstractHandler -- stopping ServletHandler@424de326{STOPPING}
13:46:12.617 [main] DEBUG org.eclipse.jetty.util.component.AbstractLifeCycle -- STOPPING org.eclipse.jetty.servlet.ServletHandler$Default404Servlet-4b039c6d==org.eclipse.jetty.servlet.ServletHandler$Default404Servlet@bdb45fd{jsp=null,order=-1,inst=false,async=true,src=EMBEDDED:null,STARTED}
13:46:12.617 [main] DEBUG org.eclipse.jetty.util.component.AbstractLifeCycle -- STOPPED org.eclipse.jetty.servlet.ServletHandler$Default404Servlet-4b039c6d==org.eclipse.jetty.servlet.ServletHandler$Default404Servlet@bdb45fd{jsp=null,order=-1,inst=false,async=true,src=EMBEDDED:null,STOPPED}
13:46:12.617 [main] DEBUG org.eclipse.jetty.util.component.AbstractLifeCycle -- STOPPING io.javalin.jetty.JavalinJettyServlet-18578491==io.javalin.jetty.JavalinJettyServlet@229c054b{jsp=null,order=-1,inst=true,async=true,src=EMBEDDED:null,STARTED}
13:46:12.617 [main] DEBUG org.eclipse.jetty.util.component.AbstractLifeCycle -- STOPPED io.javalin.jetty.JavalinJettyServlet-18578491==io.javalin.jetty.JavalinJettyServlet@229c054b{jsp=null,order=-1,inst=false,async=true,src=EMBEDDED:null,STOPPED}
13:46:12.617 [main] DEBUG org.eclipse.jetty.servlet.ServletHandler -- Path=/*[EMBEDDED:null] mapped to servlet=io.javalin.jetty.JavalinJettyServlet-18578491[EMBEDDED:null]
13:46:12.617 [main] DEBUG org.eclipse.jetty.http.pathmap.ServletPathSpec -- Creating ServletPathSpec[/*] (group: PREFIX_GLOB, prefix: "", suffix: "null")
13:46:12.617 [main] DEBUG org.eclipse.jetty.http.pathmap.PathMappings -- Added MappedResource[pathSpec=ServletPathSpec@9457a78e{/*},resource=MappedServlet26c89563{/*->io.javalin.jetty.JavalinJettyServlet-18578491==io.javalin.jetty.JavalinJettyServlet@229c054b{jsp=null,order=-1,inst=false,async=true,src=EMBEDDED:null,STOPPED}}] to PathMappings[size=1]
13:46:12.617 [main] DEBUG org.eclipse.jetty.servlet.ServletHandler -- filterNameMap={} pathFilters=[] servletFilterMap={} servletPathMap=PathMappings[size=1] servletNameMap={io.javalin.jetty.JavalinJettyServlet-18578491=MappedServlet3bd6ba24{null->io.javalin.jetty.JavalinJettyServlet-18578491==io.javalin.jetty.JavalinJettyServlet@229c054b{jsp=null,order=-1,inst=false,async=true,src=EMBEDDED:null,STOPPED}}}
13:46:12.617 [main] DEBUG org.eclipse.jetty.util.component.AbstractLifeCycle -- STOPPED ServletHandler@424de326{STOPPED}
13:46:12.617 [main] DEBUG org.eclipse.jetty.util.component.AbstractLifeCycle -- STOPPED org.eclipse.jetty.server.session.SessionHandler1249890505==dftMaxIdleSec=-1
13:46:12.617 [main] DEBUG org.eclipse.jetty.util.component.AbstractLifeCycle -- STOPPING ServletContainerInitializerStarter@4bc33720{STARTED}
13:46:12.617 [main] DEBUG org.eclipse.jetty.util.component.AbstractLifeCycle -- STOPPING ContainerInitializer{org.eclipse.jetty.websocket.server.config.JettyWebSocketServletContainerInitializer,interested=[],applicable=[],annotated=[]}
13:46:12.617 [main] DEBUG org.eclipse.jetty.util.component.AbstractLifeCycle -- STOPPED ContainerInitializer{org.eclipse.jetty.websocket.server.config.JettyWebSocketServletContainerInitializer,interested=[],applicable=[],annotated=[]}
13:46:12.617 [main] DEBUG org.eclipse.jetty.util.component.AbstractLifeCycle -- STOPPED ServletContainerInitializerStarter@4bc33720{STOPPED}
13:46:12.617 [main] INFO org.eclipse.jetty.server.handler.ContextHandler -- Stopped o.e.j.s.ServletContextHandler@57562473{/,null,STOPPED}
13:46:12.617 [main] DEBUG org.eclipse.jetty.util.component.AbstractLifeCycle -- STOPPED o.e.j.s.ServletContextHandler@57562473{/,null,STOPPED}
13:46:12.617 [main] DEBUG org.eclipse.jetty.util.component.AbstractLifeCycle -- STOPPED StatisticsHandler@765ffb14{STOPPED,r=0,d=0}
13:46:12.617 [main] DEBUG org.eclipse.jetty.util.component.AbstractLifeCycle -- STOPPING LowResourceMonitor@2975a9e{STARTED}
13:46:12.617 [main] DEBUG org.eclipse.jetty.util.component.AbstractLifeCycle -- STOPPING LRMScheduler@7f93dd4e{STARTED}
13:46:12.618 [main] DEBUG org.eclipse.jetty.util.component.AbstractLifeCycle -- STOPPED LRMScheduler@7f93dd4e{STOPPED}
13:46:12.618 [main] DEBUG org.eclipse.jetty.util.component.AbstractLifeCycle -- STOPPED LowResourceMonitor@2975a9e{STOPPED}
13:46:12.618 [main] DEBUG org.eclipse.jetty.util.component.AbstractLifeCycle -- STOPPING AttributeContainerMap@4cbc2e3b{size=1}
13:46:12.618 [main] DEBUG org.eclipse.jetty.util.component.AbstractLifeCycle -- STOPPED AttributeContainerMap@4cbc2e3b{size=1}
13:46:12.618 [main] DEBUG org.eclipse.jetty.util.component.AbstractLifeCycle -- STOPPING QueuedThreadPool[JettyServerThreadPool]@48a0c8aa{STARTED,8<=9<=250,i=8,r=-1,t=59964ms,q=0}[ReservedThreadExecutor@44032fde{reserved=1/12,pending=0}]
13:46:12.618 [main] DEBUG org.eclipse.jetty.util.thread.QueuedThreadPool -- Stopping QueuedThreadPool[JettyServerThreadPool]@48a0c8aa{STOPPING,8<=9<=250,i=8,r=-1,t=59964ms,q=0}[ReservedThreadExecutor@44032fde{reserved=1/12,pending=0}]
13:46:12.618 [main] DEBUG org.eclipse.jetty.util.component.AbstractLifeCycle -- STOPPING ReservedThreadExecutor@44032fde{reserved=1/12,pending=0}
13:46:12.618 [JettyServerThreadPool-61] DEBUG org.eclipse.jetty.util.thread.ReservedThreadExecutor -- ReservedThread@5af957ef{RESERVED,thread=Thread[#61,JettyServerThreadPool-61,5,main]} task=STOP ReservedThreadExecutor@44032fde{reserved=-1/12,pending=0}
13:46:12.618 [main] DEBUG org.eclipse.jetty.util.component.AbstractLifeCycle -- STOPPED ReservedThreadExecutor@44032fde{reserved=-1/12,pending=0}
13:46:12.618 [JettyServerThreadPool-61] DEBUG org.eclipse.jetty.util.thread.ReservedThreadExecutor -- ReservedThread@5af957ef{RESERVED,thread=Thread[#61,JettyServerThreadPool-61,5,main]} exited ReservedThreadExecutor@44032fde{reserved=-1/12,pending=0}
13:46:12.618 [JettyServerThreadPool-61] DEBUG org.eclipse.jetty.util.thread.QueuedThreadPool -- ran ReservedThread@5af957ef{RESERVED,thread=null} in QueuedThreadPool[JettyServerThreadPool]@48a0c8aa{STOPPING,8<=0<=250,i=8,r=-1,t=59963ms,q=0}[NO_TRY]
13:46:12.618 [main] DEBUG org.eclipse.jetty.util.thread.QueuedThreadPool -- Waiting for Thread[#56,JettyServerThreadPool-56,5,main] for 2499
13:46:12.618 [JettyServerThreadPool-60] DEBUG org.eclipse.jetty.util.thread.QueuedThreadPool -- run org.eclipse.jetty.util.thread.QueuedThreadPool$$Lambda/0x00000223902a37d0@25eaa2d in QueuedThreadPool[JettyServerThreadPool]@48a0c8aa{STOPPING,8<=0<=250,i=9,r=-1,t=59963ms,q=0}[NO_TRY]
13:46:12.618 [JettyServerThreadPool-59] DEBUG org.eclipse.jetty.util.thread.QueuedThreadPool -- run org.eclipse.jetty.util.thread.QueuedThreadPool$$Lambda/0x00000223902a37d0@25eaa2d in QueuedThreadPool[JettyServerThreadPool]@48a0c8aa{STOPPING,8<=0<=250,i=9,r=-1,t=59963ms,q=0}[NO_TRY]
13:46:12.618 [JettyServerThreadPool-58] DEBUG org.eclipse.jetty.util.thread.QueuedThreadPool -- run org.eclipse.jetty.util.thread.QueuedThreadPool$$Lambda/0x00000223902a37d0@25eaa2d in QueuedThreadPool[JettyServerThreadPool]@48a0c8aa{STOPPING,8<=0<=250,i=9,r=-1,t=59963ms,q=0}[NO_TRY]
13:46:12.618 [JettyServerThreadPool-59] DEBUG org.eclipse.jetty.util.thread.QueuedThreadPool -- ran org.eclipse.jetty.util.thread.QueuedThreadPool$$Lambda/0x00000223902a37d0@25eaa2d in QueuedThreadPool[JettyServerThreadPool]@48a0c8aa{STOPPING,8<=0<=250,i=9,r=-1,t=59963ms,q=0}[NO_TRY]
13:46:12.618 [JettyServerThreadPool-58] DEBUG org.eclipse.jetty.util.thread.QueuedThreadPool -- ran org.eclipse.jetty.util.thread.QueuedThreadPool$$Lambda/0x00000223902a37d0@25eaa2d in QueuedThreadPool[JettyServerThreadPool]@48a0c8aa{STOPPING,8<=0<=250,i=9,r=-1,t=59963ms,q=0}[NO_TRY]
13:46:12.618 [JettyServerThreadPool-57] DEBUG org.eclipse.jetty.util.thread.QueuedThreadPool -- run org.eclipse.jetty.util.thread.QueuedThreadPool$$Lambda/0x00000223902a37d0@25eaa2d in QueuedThreadPool[JettyServerThreadPool]@48a0c8aa{STOPPING,8<=0<=250,i=9,r=-1,t=59963ms,q=0}[NO_TRY]
13:46:12.618 [JettyServerThreadPool-61] DEBUG org.eclipse.jetty.util.thread.QueuedThreadPool -- Evict skipped, no excess threads QueuedThreadPool[JettyServerThreadPool]@48a0c8aa{STOPPING,8<=0<=250,i=9,r=-1,t=59963ms,q=0}[NO_TRY]
13:46:12.618 [JettyServerThreadPool-60] DEBUG org.eclipse.jetty.util.thread.QueuedThreadPool -- ran org.eclipse.jetty.util.thread.QueuedThreadPool$$Lambda/0x00000223902a37d0@25eaa2d in QueuedThreadPool[JettyServerThreadPool]@48a0c8aa{STOPPING,8<=0<=250,i=9,r=-1,t=59963ms,q=0}[NO_TRY]
13:46:12.619 [JettyServerThreadPool-57] DEBUG org.eclipse.jetty.util.thread.QueuedThreadPool -- ran org.eclipse.jetty.util.thread.QueuedThreadPool$$Lambda/0x00000223902a37d0@25eaa2d in QueuedThreadPool[JettyServerThreadPool]@48a0c8aa{STOPPING,8<=0<=250,i=11,r=-1,t=59963ms,q=0}[NO_TRY]
13:46:12.619 [JettyServerThreadPool-58] DEBUG org.eclipse.jetty.util.thread.QueuedThreadPool -- Evict skipped, no excess threads QueuedThreadPool[JettyServerThreadPool]@48a0c8aa{STOPPING,8<=0<=250,i=11,r=-1,t=59963ms,q=0}[NO_TRY]
13:46:12.619 [JettyServerThreadPool-57] DEBUG org.eclipse.jetty.util.thread.QueuedThreadPool -- Evict skipped, no excess threads QueuedThreadPool[JettyServerThreadPool]@48a0c8aa{STOPPING,8<=0<=250,i=13,r=-1,t=59963ms,q=0}[NO_TRY]
13:46:12.619 [JettyServerThreadPool-60] DEBUG org.eclipse.jetty.util.thread.QueuedThreadPool -- Evict skipped, no excess threads QueuedThreadPool[JettyServerThreadPool]@48a0c8aa{STOPPING,8<=0<=250,i=13,r=-1,t=59963ms,q=0}[NO_TRY]
13:46:12.619 [JettyServerThreadPool-58] DEBUG org.eclipse.jetty.util.thread.QueuedThreadPool -- Thread[#58,JettyServerThreadPool-58,5,main] exited for QueuedThreadPool[JettyServerThreadPool]@48a0c8aa{STOPPING,8<=0<=250,i=13,r=-1,t=59963ms,q=0}[NO_TRY]
13:46:12.619 [JettyServerThreadPool-57] DEBUG org.eclipse.jetty.util.thread.QueuedThreadPool -- Thread[#57,JettyServerThreadPool-57,5,main] exited for QueuedThreadPool[JettyServerThreadPool]@48a0c8aa{STOPPING,8<=0<=250,i=13,r=-1,t=59963ms,q=0}[NO_TRY]
13:46:12.619 [JettyServerThreadPool-59] DEBUG org.eclipse.jetty.util.thread.QueuedThreadPool -- Evict skipped, no excess threads QueuedThreadPool[JettyServerThreadPool]@48a0c8aa{STOPPING,8<=0<=250,i=10,r=-1,t=59963ms,q=0}[NO_TRY]
13:46:12.619 [JettyServerThreadPool-60] DEBUG org.eclipse.jetty.util.thread.QueuedThreadPool -- Thread[#60,JettyServerThreadPool-60,5,main] exited for QueuedThreadPool[JettyServerThreadPool]@48a0c8aa{STOPPING,8<=0<=250,i=13,r=-1,t=59963ms,q=0}[NO_TRY]
13:46:12.619 [JettyServerThreadPool-56] DEBUG org.eclipse.jetty.util.thread.QueuedThreadPool -- run org.eclipse.jetty.util.thread.QueuedThreadPool$$Lambda/0x00000223902a37d0@25eaa2d in QueuedThreadPool[JettyServerThreadPool]@48a0c8aa{STOPPING,8<=0<=250,i=11,r=-1,t=59963ms,q=0}[NO_TRY]
13:46:12.619 [JettyServerThreadPool-55] DEBUG org.eclipse.jetty.util.thread.QueuedThreadPool -- run org.eclipse.jetty.util.thread.QueuedThreadPool$$Lambda/0x00000223902a37d0@25eaa2d in QueuedThreadPool[JettyServerThreadPool]@48a0c8aa{STOPPING,8<=0<=250,i=13,r=-1,t=59963ms,q=0}[NO_TRY]
13:46:12.619 [JettyServerThreadPool-56] DEBUG org.eclipse.jetty.util.thread.QueuedThreadPool -- ran org.eclipse.jetty.util.thread.QueuedThreadPool$$Lambda/0x00000223902a37d0@25eaa2d in QueuedThreadPool[JettyServerThreadPool]@48a0c8aa{STOPPING,8<=0<=250,i=13,r=-1,t=59963ms,q=0}[NO_TRY]
13:46:12.619 [JettyServerThreadPool-59] DEBUG org.eclipse.jetty.util.thread.QueuedThreadPool -- Thread[#59,JettyServerThreadPool-59,5,main] exited for QueuedThreadPool[JettyServerThreadPool]@48a0c8aa{STOPPING,8<=0<=250,i=13,r=-1,t=59963ms,q=0}[NO_TRY]
13:46:12.619 [JettyServerThreadPool-54] DEBUG org.eclipse.jetty.util.thread.QueuedThreadPool -- run org.eclipse.jetty.util.thread.QueuedThreadPool$$Lambda/0x00000223902a37d0@25eaa2d in QueuedThreadPool[JettyServerThreadPool]@48a0c8aa{STOPPING,8<=0<=250,i=13,r=-1,t=59963ms,q=0}[NO_TRY]
13:46:12.619 [JettyServerThreadPool-56] DEBUG org.eclipse.jetty.util.thread.QueuedThreadPool -- Evict skipped, no excess threads QueuedThreadPool[JettyServerThreadPool]@48a0c8aa{STOPPING,8<=0<=250,i=14,r=-1,t=59963ms,q=0}[NO_TRY]
13:46:12.619 [JettyServerThreadPool-54] DEBUG org.eclipse.jetty.util.thread.QueuedThreadPool -- ran org.eclipse.jetty.util.thread.QueuedThreadPool$$Lambda/0x00000223902a37d0@25eaa2d in QueuedThreadPool[JettyServerThreadPool]@48a0c8aa{STOPPING,8<=0<=250,i=14,r=-1,t=59963ms,q=0}[NO_TRY]
13:46:12.619 [JettyServerThreadPool-68] DEBUG org.eclipse.jetty.util.thread.QueuedThreadPool -- run org.eclipse.jetty.util.thread.QueuedThreadPool$$Lambda/0x00000223902a37d0@25eaa2d in QueuedThreadPool[JettyServerThreadPool]@48a0c8aa{STOPPING,8<=0<=250,i=13,r=-1,t=59963ms,q=0}[NO_TRY]
13:46:12.619 [JettyServerThreadPool-61] DEBUG org.eclipse.jetty.util.thread.QueuedThreadPool -- Thread[#61,JettyServerThreadPool-61,5,main] exited for QueuedThreadPool[JettyServerThreadPool]@48a0c8aa{STOPPING,8<=0<=250,i=11,r=-1,t=59963ms,q=0}[NO_TRY]
13:46:12.619 [JettyServerThreadPool-55] DEBUG org.eclipse.jetty.util.thread.QueuedThreadPool -- ran org.eclipse.jetty.util.thread.QueuedThreadPool$$Lambda/0x00000223902a37d0@25eaa2d in QueuedThreadPool[JettyServerThreadPool]@48a0c8aa{STOPPING,8<=0<=250,i=13,r=-1,t=59963ms,q=0}[NO_TRY]
13:46:12.619 [JettyServerThreadPool-68] DEBUG org.eclipse.jetty.util.thread.QueuedThreadPool -- ran org.eclipse.jetty.util.thread.QueuedThreadPool$$Lambda/0x00000223902a37d0@25eaa2d in QueuedThreadPool[JettyServerThreadPool]@48a0c8aa{STOPPING,8<=0<=250,i=15,r=-1,t=59963ms,q=0}[NO_TRY]
13:46:12.619 [JettyServerThreadPool-55] DEBUG org.eclipse.jetty.util.thread.QueuedThreadPool -- Evict skipped, no excess threads QueuedThreadPool[JettyServerThreadPool]@48a0c8aa{STOPPING,8<=0<=250,i=16,r=-1,t=59963ms,q=0}[NO_TRY]
13:46:12.619 [JettyServerThreadPool-54] DEBUG org.eclipse.jetty.util.thread.QueuedThreadPool -- Evict skipped, no excess threads QueuedThreadPool[JettyServerThreadPool]@48a0c8aa{STOPPING,8<=0<=250,i=15,r=-1,t=59963ms,q=0}[NO_TRY]
13:46:12.619 [JettyServerThreadPool-55] DEBUG org.eclipse.jetty.util.thread.QueuedThreadPool -- Thread[#55,JettyServerThreadPool-55,5,main] exited for QueuedThreadPool[JettyServerThreadPool]@48a0c8aa{STOPPING,8<=0<=250,i=16,r=-1,t=59963ms,q=0}[NO_TRY]
13:46:12.619 [JettyServerThreadPool-56] DEBUG org.eclipse.jetty.util.thread.QueuedThreadPool -- Thread[#56,JettyServerThreadPool-56,5,main] exited for QueuedThreadPool[JettyServerThreadPool]@48a0c8aa{STOPPING,8<=0<=250,i=14,r=-1,t=59963ms,q=0}[NO_TRY]
13:46:12.619 [JettyServerThreadPool-54] DEBUG org.eclipse.jetty.util.thread.QueuedThreadPool -- Thread[#54,JettyServerThreadPool-54,5,main] exited for QueuedThreadPool[JettyServerThreadPool]@48a0c8aa{STOPPING,8<=0<=250,i=16,r=-1,t=59963ms,q=0}[NO_TRY]
13:46:12.619 [JettyServerThreadPool-68] DEBUG org.eclipse.jetty.util.thread.QueuedThreadPool -- Evict skipped, no excess threads QueuedThreadPool[JettyServerThreadPool]@48a0c8aa{STOPPING,8<=0<=250,i=17,r=-1,t=59963ms,q=0}[NO_TRY]
13:46:12.619 [JettyServerThreadPool-68] DEBUG org.eclipse.jetty.util.thread.QueuedThreadPool -- Thread[#68,JettyServerThreadPool-68,5,main] exited for QueuedThreadPool[JettyServerThreadPool]@48a0c8aa{STOPPING,8<=0<=250,i=17,r=-1,t=59963ms,q=0}[NO_TRY]
13:46:12.619 [main] DEBUG org.eclipse.jetty.util.thread.QueuedThreadPool -- Waiting for Thread[#54,JettyServerThreadPool-54,5,] for 2499
13:46:12.619 [main] DEBUG org.eclipse.jetty.util.component.AbstractLifeCycle -- STOPPED QueuedThreadPool[JettyServerThreadPool]@48a0c8aa{STOPPED,8<=0<=250,i=17,r=-1,t=59962ms,q=0}[NO_TRY]
13:46:12.619 [main] DEBUG org.eclipse.jetty.util.component.AbstractLifeCycle -- STOPPED Server@3722c145{STOPPED}[11.0.20,sto=0]
13:46:12.619 [main] INFO io.javalin.Javalin -- Javalin has stopped
]]></system-out>
  </testcase>
</testsuite>