<?xml version="1.0" encoding="UTF-8"?>
<testsuite xmlns:xsi="http://www.w3.org/2001/XMLSchema-instance" xsi:noNamespaceSchemaLocation="https://maven.apache.org/surefire/maven-surefire-plugin/xsd/surefire-test-report-3.0.xsd" version="3.0" name="br.com.espacovista.controller.PrintControllerIntegrationTest" time="4.455" tests="2" errors="0" skipped="0" failures="0">
  <properties>
    <property name="java.specification.version" value="21"/>
    <property name="sun.cpu.isalist" value="amd64"/>
    <property name="sun.jnu.encoding" value="Cp1252"/>
    <property name="java.class.path" value="C:\Users\vista\OneDrive\Área de Trabalho\Desenvolvimento\app-impressora-etiquetas\backend\target\test-classes;C:\Users\vista\OneDrive\Área de Trabalho\Desenvolvimento\app-impressora-etiquetas\backend\target\classes;C:\Users\vista\.m2\repository\io\javalin\javalin\6.1.3\javalin-6.1.3.jar;C:\Users\vista\.m2\repository\org\eclipse\jetty\jetty-server\11.0.20\jetty-server-11.0.20.jar;C:\Users\vista\.m2\repository\org\eclipse\jetty\jetty-http\11.0.20\jetty-http-11.0.20.jar;C:\Users\vista\.m2\repository\org\eclipse\jetty\jetty-util\11.0.20\jetty-util-11.0.20.jar;C:\Users\vista\.m2\repository\org\eclipse\jetty\jetty-io\11.0.20\jetty-io-11.0.20.jar;C:\Users\vista\.m2\repository\org\eclipse\jetty\toolchain\jetty-jakarta-servlet-api\5.0.2\jetty-jakarta-servlet-api-5.0.2.jar;C:\Users\vista\.m2\repository\org\eclipse\jetty\websocket\websocket-jetty-server\11.0.20\websocket-jetty-server-11.0.20.jar;C:\Users\vista\.m2\repository\org\eclipse\jetty\jetty-servlet\11.0.20\jetty-servlet-11.0.20.jar;C:\Users\vista\.m2\repository\org\eclipse\jetty\jetty-security\11.0.20\jetty-security-11.0.20.jar;C:\Users\vista\.m2\repository\org\eclipse\jetty\jetty-webapp\11.0.20\jetty-webapp-11.0.20.jar;C:\Users\vista\.m2\repository\org\eclipse\jetty\jetty-xml\11.0.20\jetty-xml-11.0.20.jar;C:\Users\vista\.m2\repository\org\eclipse\jetty\websocket\websocket-jetty-api\11.0.20\websocket-jetty-api-11.0.20.jar;C:\Users\vista\.m2\repository\org\eclipse\jetty\websocket\websocket-jetty-common\11.0.20\websocket-jetty-common-11.0.20.jar;C:\Users\vista\.m2\repository\org\eclipse\jetty\websocket\websocket-core-common\11.0.20\websocket-core-common-11.0.20.jar;C:\Users\vista\.m2\repository\org\eclipse\jetty\websocket\websocket-servlet\11.0.20\websocket-servlet-11.0.20.jar;C:\Users\vista\.m2\repository\org\eclipse\jetty\websocket\websocket-core-server\11.0.20\websocket-core-server-11.0.20.jar;C:\Users\vista\.m2\repository\org\jetbrains\kotlin\kotlin-stdlib-jdk8\1.9.22\kotlin-stdlib-jdk8-1.9.22.jar;C:\Users\vista\.m2\repository\org\jetbrains\kotlin\kotlin-stdlib\1.9.22\kotlin-stdlib-1.9.22.jar;C:\Users\vista\.m2\repository\org\jetbrains\annotations\13.0\annotations-13.0.jar;C:\Users\vista\.m2\repository\org\jetbrains\kotlin\kotlin-stdlib-jdk7\1.9.22\kotlin-stdlib-jdk7-1.9.22.jar;C:\Users\vista\.m2\repository\org\slf4j\slf4j-api\2.0.13\slf4j-api-2.0.13.jar;C:\Users\vista\.m2\repository\ch\qos\logback\logback-classic\1.5.6\logback-classic-1.5.6.jar;C:\Users\vista\.m2\repository\ch\qos\logback\logback-core\1.5.6\logback-core-1.5.6.jar;C:\Users\vista\.m2\repository\com\google\code\gson\gson\2.11.0\gson-2.11.0.jar;C:\Users\vista\.m2\repository\com\google\errorprone\error_prone_annotations\2.27.0\error_prone_annotations-2.27.0.jar;C:\Users\vista\.m2\repository\org\junit\jupiter\junit-jupiter-api\5.10.2\junit-jupiter-api-5.10.2.jar;C:\Users\vista\.m2\repository\org\opentest4j\opentest4j\1.3.0\opentest4j-1.3.0.jar;C:\Users\vista\.m2\repository\org\junit\platform\junit-platform-commons\1.10.2\junit-platform-commons-1.10.2.jar;C:\Users\vista\.m2\repository\org\apiguardian\apiguardian-api\1.1.2\apiguardian-api-1.1.2.jar;C:\Users\vista\.m2\repository\org\junit\jupiter\junit-jupiter-engine\5.10.2\junit-jupiter-engine-5.10.2.jar;C:\Users\vista\.m2\repository\org\junit\platform\junit-platform-engine\1.10.2\junit-platform-engine-1.10.2.jar;C:\Users\vista\.m2\repository\org\mockito\mockito-core\5.12.0\mockito-core-5.12.0.jar;C:\Users\vista\.m2\repository\net\bytebuddy\byte-buddy\1.14.15\byte-buddy-1.14.15.jar;C:\Users\vista\.m2\repository\net\bytebuddy\byte-buddy-agent\1.14.15\byte-buddy-agent-1.14.15.jar;C:\Users\vista\.m2\repository\org\objenesis\objenesis\3.3\objenesis-3.3.jar;C:\Users\vista\.m2\repository\org\mockito\mockito-junit-jupiter\5.12.0\mockito-junit-jupiter-5.12.0.jar;C:\Users\vista\.m2\repository\fr\w3blog\zebra-zpl\0.0.3\zebra-zpl-0.0.3.jar;C:\Users\vista\.m2\repository\junit\junit\4.13.1\junit-4.13.1.jar;C:\Users\vista\.m2\repository\org\hamcrest\hamcrest-core\1.3\hamcrest-core-1.3.jar;"/>
    <property name="java.vm.vendor" value="Oracle Corporation"/>
    <property name="sun.arch.data.model" value="64"/>
    <property name="user.variant" value=""/>
    <property name="java.vendor.url" value="https://java.oracle.com/"/>
    <property name="user.timezone" value="America/Sao_Paulo"/>
    <property name="os.name" value="Windows 11"/>
    <property name="java.vm.specification.version" value="21"/>
    <property name="user.country" value="BR"/>
    <property name="sun.java.launcher" value="SUN_STANDARD"/>
    <property name="sun.boot.library.path" value="C:\Program Files\Java\jdk-21\bin"/>
    <property name="sun.java.command" value="C:\Users\vista\AppData\Local\Temp\surefire656355165037140248\surefirebooter-20250902093434859_3.jar C:\Users\vista\AppData\Local\Temp\surefire656355165037140248 2025-09-02T09-34-34_512-jvmRun1 surefire-20250902093434859_1tmp surefire_0-20250902093434859_2tmp"/>
    <property name="jdk.debug" value="release"/>
    <property name="surefire.test.class.path" value="C:\Users\vista\OneDrive\Área de Trabalho\Desenvolvimento\app-impressora-etiquetas\backend\target\test-classes;C:\Users\vista\OneDrive\Área de Trabalho\Desenvolvimento\app-impressora-etiquetas\backend\target\classes;C:\Users\vista\.m2\repository\io\javalin\javalin\6.1.3\javalin-6.1.3.jar;C:\Users\vista\.m2\repository\org\eclipse\jetty\jetty-server\11.0.20\jetty-server-11.0.20.jar;C:\Users\vista\.m2\repository\org\eclipse\jetty\jetty-http\11.0.20\jetty-http-11.0.20.jar;C:\Users\vista\.m2\repository\org\eclipse\jetty\jetty-util\11.0.20\jetty-util-11.0.20.jar;C:\Users\vista\.m2\repository\org\eclipse\jetty\jetty-io\11.0.20\jetty-io-11.0.20.jar;C:\Users\vista\.m2\repository\org\eclipse\jetty\toolchain\jetty-jakarta-servlet-api\5.0.2\jetty-jakarta-servlet-api-5.0.2.jar;C:\Users\vista\.m2\repository\org\eclipse\jetty\websocket\websocket-jetty-server\11.0.20\websocket-jetty-server-11.0.20.jar;C:\Users\vista\.m2\repository\org\eclipse\jetty\jetty-servlet\11.0.20\jetty-servlet-11.0.20.jar;C:\Users\vista\.m2\repository\org\eclipse\jetty\jetty-security\11.0.20\jetty-security-11.0.20.jar;C:\Users\vista\.m2\repository\org\eclipse\jetty\jetty-webapp\11.0.20\jetty-webapp-11.0.20.jar;C:\Users\vista\.m2\repository\org\eclipse\jetty\jetty-xml\11.0.20\jetty-xml-11.0.20.jar;C:\Users\vista\.m2\repository\org\eclipse\jetty\websocket\websocket-jetty-api\11.0.20\websocket-jetty-api-11.0.20.jar;C:\Users\vista\.m2\repository\org\eclipse\jetty\websocket\websocket-jetty-common\11.0.20\websocket-jetty-common-11.0.20.jar;C:\Users\vista\.m2\repository\org\eclipse\jetty\websocket\websocket-core-common\11.0.20\websocket-core-common-11.0.20.jar;C:\Users\vista\.m2\repository\org\eclipse\jetty\websocket\websocket-servlet\11.0.20\websocket-servlet-11.0.20.jar;C:\Users\vista\.m2\repository\org\eclipse\jetty\websocket\websocket-core-server\11.0.20\websocket-core-server-11.0.20.jar;C:\Users\vista\.m2\repository\org\jetbrains\kotlin\kotlin-stdlib-jdk8\1.9.22\kotlin-stdlib-jdk8-1.9.22.jar;C:\Users\vista\.m2\repository\org\jetbrains\kotlin\kotlin-stdlib\1.9.22\kotlin-stdlib-1.9.22.jar;C:\Users\vista\.m2\repository\org\jetbrains\annotations\13.0\annotations-13.0.jar;C:\Users\vista\.m2\repository\org\jetbrains\kotlin\kotlin-stdlib-jdk7\1.9.22\kotlin-stdlib-jdk7-1.9.22.jar;C:\Users\vista\.m2\repository\org\slf4j\slf4j-api\2.0.13\slf4j-api-2.0.13.jar;C:\Users\vista\.m2\repository\ch\qos\logback\logback-classic\1.5.6\logback-classic-1.5.6.jar;C:\Users\vista\.m2\repository\ch\qos\logback\logback-core\1.5.6\logback-core-1.5.6.jar;C:\Users\vista\.m2\repository\com\google\code\gson\gson\2.11.0\gson-2.11.0.jar;C:\Users\vista\.m2\repository\com\google\errorprone\error_prone_annotations\2.27.0\error_prone_annotations-2.27.0.jar;C:\Users\vista\.m2\repository\org\junit\jupiter\junit-jupiter-api\5.10.2\junit-jupiter-api-5.10.2.jar;C:\Users\vista\.m2\repository\org\opentest4j\opentest4j\1.3.0\opentest4j-1.3.0.jar;C:\Users\vista\.m2\repository\org\junit\platform\junit-platform-commons\1.10.2\junit-platform-commons-1.10.2.jar;C:\Users\vista\.m2\repository\org\apiguardian\apiguardian-api\1.1.2\apiguardian-api-1.1.2.jar;C:\Users\vista\.m2\repository\org\junit\jupiter\junit-jupiter-engine\5.10.2\junit-jupiter-engine-5.10.2.jar;C:\Users\vista\.m2\repository\org\junit\platform\junit-platform-engine\1.10.2\junit-platform-engine-1.10.2.jar;C:\Users\vista\.m2\repository\org\mockito\mockito-core\5.12.0\mockito-core-5.12.0.jar;C:\Users\vista\.m2\repository\net\bytebuddy\byte-buddy\1.14.15\byte-buddy-1.14.15.jar;C:\Users\vista\.m2\repository\net\bytebuddy\byte-buddy-agent\1.14.15\byte-buddy-agent-1.14.15.jar;C:\Users\vista\.m2\repository\org\objenesis\objenesis\3.3\objenesis-3.3.jar;C:\Users\vista\.m2\repository\org\mockito\mockito-junit-jupiter\5.12.0\mockito-junit-jupiter-5.12.0.jar;C:\Users\vista\.m2\repository\fr\w3blog\zebra-zpl\0.0.3\zebra-zpl-0.0.3.jar;C:\Users\vista\.m2\repository\junit\junit\4.13.1\junit-4.13.1.jar;C:\Users\vista\.m2\repository\org\hamcrest\hamcrest-core\1.3\hamcrest-core-1.3.jar;"/>
    <property name="sun.cpu.endian" value="little"/>
    <property name="user.home" value="C:\Users\vista"/>
    <property name="user.language" value="pt"/>
    <property name="java.specification.vendor" value="Oracle Corporation"/>
    <property name="java.version.date" value="2025-04-15"/>
    <property name="java.home" value="C:\Program Files\Java\jdk-21"/>
    <property name="file.separator" value="\"/>
    <property name="basedir" value="C:\Users\vista\OneDrive\Área de Trabalho\Desenvolvimento\app-impressora-etiquetas\backend"/>
    <property name="style.color" value="always"/>
    <property name="java.vm.compressedOopsMode" value="32-bit"/>
    <property name="line.separator" value="&#10;"/>
    <property name="java.vm.specification.vendor" value="Oracle Corporation"/>
    <property name="java.specification.name" value="Java Platform API Specification"/>
    <property name="surefire.real.class.path" value="C:\Users\vista\AppData\Local\Temp\surefire656355165037140248\surefirebooter-20250902093434859_3.jar"/>
    <property name="user.script" value=""/>
    <property name="sun.management.compiler" value="HotSpot 64-Bit Tiered Compilers"/>
    <property name="java.runtime.version" value="21.0.7+8-LTS-245"/>
    <property name="user.name" value="vista"/>
    <property name="stdout.encoding" value="Cp1252"/>
    <property name="path.separator" value=";"/>
    <property name="os.version" value="10.0"/>
    <property name="java.runtime.name" value="Java(TM) SE Runtime Environment"/>
    <property name="file.encoding" value="UTF-8"/>
    <property name="java.vm.name" value="Java HotSpot(TM) 64-Bit Server VM"/>
    <property name="maven.ext.class.path" value="C:\Program Files\JetBrains\IntelliJ IDEA Community Edition 2025.1.2\plugins\maven\lib\maven-event-listener.jar"/>
    <property name="localRepository" value="C:\Users\vista\.m2\repository"/>
    <property name="java.vendor.url.bug" value="https://bugreport.java.com/bugreport/"/>
    <property name="jetty.git.hash" value="922f8dc188f7011e60d0361de585fd4ac4d63064"/>
    <property name="java.io.tmpdir" value="C:\Users\vista\AppData\Local\Temp\"/>
    <property name="idea.version" value="2025.2"/>
    <property name="java.version" value="21.0.7"/>
    <property name="user.dir" value="C:\Users\vista\OneDrive\Área de Trabalho\Desenvolvimento\app-impressora-etiquetas\backend"/>
    <property name="os.arch" value="amd64"/>
    <property name="jansi.passthrough" value="true"/>
    <property name="java.vm.specification.name" value="Java Virtual Machine Specification"/>
    <property name="sun.os.patch.level" value=""/>
    <property name="native.encoding" value="Cp1252"/>
    <property name="java.library.path" value="C:\Program Files\Java\jdk-21\bin;C:\WINDOWS\Sun\Java\bin;C:\WINDOWS\system32;C:\WINDOWS;C:\Program Files\Common Files\Oracle\Java\javapath;C:\WINDOWS\system32;C:\WINDOWS;C:\WINDOWS\System32\Wbem;C:\WINDOWS\System32\WindowsPowerShell\v1.0\;C:\WINDOWS\System32\OpenSSH\;C:\Program Files\dotnet\;C:\Program Files (x86)\OPOS\Epson3\;C:\Program Files\Git\cmd;C:\Program Files\nodejs\;C:\Program Files\MySQL\MySQL Shell 8.0\bin\;C:\Users\vista\AppData\Local\Programs\Python\Launcher\;c:\Users\vista\AppData\Local\Programs\Trae\bin;C:\Users\vista\AppData\Local\Microsoft\WindowsApps;C:\Users\vista\AppData\Local\Programs\Microsoft VS Code\bin;C:\Users\vista\AppData\Roaming\npm;."/>
    <property name="java.vm.info" value="mixed mode, sharing"/>
    <property name="stderr.encoding" value="Cp1252"/>
    <property name="java.vendor" value="Oracle Corporation"/>
    <property name="java.vm.version" value="21.0.7+8-LTS-245"/>
    <property name="sun.io.unicode.encoding" value="UnicodeLittle"/>
    <property name="java.class.version" value="65.0"/>
  </properties>
  <testcase name="postToPrint_withValidRequest_shouldReturn200" classname="br.com.espacovista.controller.PrintControllerIntegrationTest" time="4.152">
    <system-out><![CDATA[09:34:39.082 [main] DEBUG org.eclipse.jetty.http.PreEncodedHttpField -- HttpField encoders loaded: [org.eclipse.jetty.http.Http1FieldPreEncoder@6b474074]
09:34:39.263 [main] DEBUG org.eclipse.jetty.util.component.ContainerLifeCycle -- QueuedThreadPool[qtp1410186665]@540dbda9{STOPPED,8<=0<=250,i=0,r=-1,t=-62126066ms,q=0}[NO_TRY] added {org.eclipse.jetty.util.thread.ThreadPoolBudget@7f829c76,POJO}
09:34:39.270 [main] DEBUG org.eclipse.jetty.util.component.ContainerLifeCycle -- Server@58a4a74d{STOPPED}[11.0.20,sto=0] added {QueuedThreadPool[JettyServerThreadPool]@540dbda9{STOPPED,8<=0<=250,i=0,r=-1,t=-62126083ms,q=0}[NO_TRY],AUTO}
09:34:39.281 [main] DEBUG org.eclipse.jetty.util.component.ContainerLifeCycle -- Server@58a4a74d{STOPPED}[11.0.20,sto=0] added {AttributeContainerMap@421a4ee1{size=0},AUTO}
09:34:39.289 [main] DEBUG org.eclipse.jetty.util.component.ContainerLifeCycle -- Server@58a4a74d{STOPPED}[11.0.20,sto=0] added {LowResourceMonitor@5b4d25e7{STOPPED},AUTO}
09:34:39.297 [main] DEBUG org.eclipse.jetty.util.component.ContainerLifeCycle -- Server@58a4a74d{STOPPED}[11.0.20,sto=0] added {StatisticsHandler@12958360{STOPPED,r=0,d=0},MANAGED}
09:34:39.297 [main] DEBUG org.eclipse.jetty.util.component.ContainerLifeCycle -- AttributeContainerMap@421a4ee1{size=1} added {true,POJO}
09:34:39.328 [main] DEBUG org.eclipse.jetty.util.component.ContainerLifeCycle -- o.e.j.s.ServletContextHandler@bb9ab64{/,null,STOPPED} added {org.eclipse.jetty.server.session.SessionHandler173197870==dftMaxIdleSec=-1,MANAGED}
09:34:39.328 [main] DEBUG org.eclipse.jetty.util.component.ContainerLifeCycle -- org.eclipse.jetty.server.session.SessionHandler173197870==dftMaxIdleSec=-1 added {ServletHandler@507d20bb{STOPPED},MANAGED}
09:34:39.344 [main] DEBUG org.eclipse.jetty.util.component.ContainerLifeCycle -- o.e.j.s.ServletContextHandler@bb9ab64{/,null,STOPPED} added {ServletContainerInitializerStarter@39e67516{STOPPED},MANAGED}
09:34:39.360 [main] DEBUG org.eclipse.jetty.util.component.ContainerLifeCycle -- ServletContainerInitializerStarter@39e67516{STOPPED} added {ContainerInitializer{org.eclipse.jetty.websocket.server.config.JettyWebSocketServletContainerInitializer,interested=[],applicable=[],annotated=[]},MANAGED}
09:34:39.360 [main] DEBUG org.eclipse.jetty.util.component.ContainerLifeCycle -- o.e.j.s.ServletContextHandler@bb9ab64{/,null,STOPPED} added {org.eclipse.jetty.server.session.SessionHandler1468192631==dftMaxIdleSec=-1,MANAGED}
09:34:39.360 [main] DEBUG org.eclipse.jetty.util.component.ContainerLifeCycle -- org.eclipse.jetty.server.session.SessionHandler1468192631==dftMaxIdleSec=-1 added {ServletHandler@507d20bb{STOPPED},MANAGED}
09:34:39.360 [main] DEBUG org.eclipse.jetty.util.component.ContainerLifeCycle -- ServletHandler@507d20bb{STOPPED} added {io.javalin.jetty.JavalinJettyServlet-7ae9a33a==io.javalin.jetty.JavalinJettyServlet@5cd9fbac{jsp=null,order=-1,inst=false,async=true,src=EMBEDDED:null,STOPPED},AUTO}
09:34:39.360 [main] DEBUG org.eclipse.jetty.util.component.ContainerLifeCycle -- ServletHandler@507d20bb{STOPPED} added {[/*]=>io.javalin.jetty.JavalinJettyServlet-7ae9a33a,POJO}
09:34:39.360 [main] DEBUG org.eclipse.jetty.util.component.ContainerLifeCycle -- StatisticsHandler@12958360{STOPPED,r=0,d=0} added {o.e.j.s.ServletContextHandler@bb9ab64{/,null,STOPPED},MANAGED}
09:34:39.409 [main] DEBUG org.eclipse.jetty.util.component.ContainerLifeCycle -- HttpConnectionFactory@598260a6[HTTP/1.1] added {HttpConfiguration@58b67519{32768/8192,8192/8192,https://:0,[]},POJO}
09:34:39.425 [main] DEBUG org.eclipse.jetty.util.component.ContainerLifeCycle -- ServerConnector@270b6b5e{null, ()}{0.0.0.0:0} added {QueuedThreadPool[JettyServerThreadPool]@540dbda9{STOPPED,8<=0<=250,i=0,r=-1,t=-62126230ms,q=0}[NO_TRY],AUTO}
09:34:39.425 [main] DEBUG org.eclipse.jetty.util.component.ContainerLifeCycle -- ServerConnector@270b6b5e{null, ()}{0.0.0.0:0} added {ScheduledExecutorScheduler@138caeca{STOPPED},AUTO}
09:34:39.441 [main] DEBUG org.eclipse.jetty.util.component.ContainerLifeCycle -- Server@58a4a74d{STOPPED}[11.0.20,sto=0] added {LogarithmicArrayByteBufferPool@66153688{minBufferCapacity=0, maxBufferCapacity=65536, maxQueueLength=-1, factor=4096},POJO}
09:34:39.441 [main] DEBUG org.eclipse.jetty.util.component.ContainerLifeCycle -- ServerConnector@270b6b5e{null, ()}{0.0.0.0:0} added {LogarithmicArrayByteBufferPool@66153688{minBufferCapacity=0, maxBufferCapacity=65536, maxQueueLength=-1, factor=4096},UNMANAGED}
09:34:39.441 [main] DEBUG org.eclipse.jetty.util.component.ContainerLifeCycle -- ServerConnector@270b6b5e{null, ()}{0.0.0.0:0} added {org.eclipse.jetty.io.LogarithmicArrayByteBufferPool$LogarithmicRetainablePool@455824ad{min=0,max=65536,buckets=17,heap=0/-1,direct=0/-1},POJO}
09:34:39.441 [main] DEBUG org.eclipse.jetty.util.component.ContainerLifeCycle -- ServerConnector@270b6b5e{null, ()}{0.0.0.0:0} added {org.eclipse.jetty.server.AbstractConnector$1@37864b77,POJO}
09:34:39.441 [main] DEBUG org.eclipse.jetty.util.component.ContainerLifeCycle -- ServerConnector@270b6b5e{null, (http/1.1)}{0.0.0.0:0} added {HttpConnectionFactory@598260a6[HTTP/1.1],AUTO}
09:34:39.441 [main] DEBUG org.eclipse.jetty.server.AbstractConnector -- ServerConnector@270b6b5e{HTTP/1.1, (http/1.1)}{0.0.0.0:0} added HttpConnectionFactory@598260a6[HTTP/1.1]
09:34:39.441 [main] DEBUG org.eclipse.jetty.util.component.ContainerLifeCycle -- ServerConnector@270b6b5e{HTTP/1.1, (http/1.1)}{0.0.0.0:0} added {SelectorManager@ServerConnector@270b6b5e{HTTP/1.1, (http/1.1)}{0.0.0.0:0},MANAGED}
09:34:39.441 [main] DEBUG org.eclipse.jetty.util.component.ContainerLifeCycle -- Server@58a4a74d{STOPPED}[11.0.20,sto=0] added {ServerConnector@270b6b5e{HTTP/1.1, (http/1.1)}{0.0.0.0:0},AUTO}
09:34:39.441 [main] INFO io.javalin.Javalin -- Starting Javalin ...
09:34:39.457 [main] DEBUG org.eclipse.jetty.util.component.AbstractLifeCycle -- STARTING Server@58a4a74d{STOPPED}[11.0.20,sto=0]
09:34:39.457 [main] DEBUG org.eclipse.jetty.util.component.ContainerLifeCycle -- Server@58a4a74d{STARTING}[11.0.20,sto=0] added {ErrorHandler@128c502c{STOPPED},AUTO}
09:34:39.457 [main] INFO org.eclipse.jetty.server.Server -- jetty-11.0.20; built: 2024-01-29T21:04:22.394Z; git: 922f8dc188f7011e60d0361de585fd4ac4d63064; jvm 21.0.7+8-LTS-245
09:34:39.492 [main] DEBUG org.eclipse.jetty.server.AbstractConnector -- Could not configure SO_REUSEPORT to false on sun.nio.ch.ServerSocketChannelImpl[unbound]
java.lang.UnsupportedOperationException: 'SO_REUSEPORT' not supported
	at java.base/sun.nio.ch.ServerSocketChannelImpl.setOption(ServerSocketChannelImpl.java:219)
	at org.eclipse.jetty.server.ServerConnector.setSocketOption(ServerConnector.java:355)
	at org.eclipse.jetty.server.ServerConnector.openAcceptChannel(ServerConnector.java:336)
	at org.eclipse.jetty.server.ServerConnector.open(ServerConnector.java:304)
	at org.eclipse.jetty.server.Server.lambda$doStart$0(Server.java:402)
	at java.base/java.util.stream.ForEachOps$ForEachOp$OfRef.accept(ForEachOps.java:184)
	at java.base/java.util.stream.ReferencePipeline$3$1.accept(ReferencePipeline.java:197)
	at java.base/java.util.stream.ReferencePipeline$2$1.accept(ReferencePipeline.java:179)
	at java.base/java.util.Spliterators$ArraySpliterator.forEachRemaining(Spliterators.java:1024)
	at java.base/java.util.stream.AbstractPipeline.copyInto(AbstractPipeline.java:509)
	at java.base/java.util.stream.AbstractPipeline.wrapAndCopyInto(AbstractPipeline.java:499)
	at java.base/java.util.stream.ForEachOps$ForEachOp.evaluateSequential(ForEachOps.java:151)
	at java.base/java.util.stream.ForEachOps$ForEachOp$OfRef.evaluateSequential(ForEachOps.java:174)
	at java.base/java.util.stream.AbstractPipeline.evaluate(AbstractPipeline.java:234)
	at java.base/java.util.stream.ReferencePipeline.forEach(ReferencePipeline.java:596)
	at org.eclipse.jetty.server.Server.doStart(Server.java:398)
	at org.eclipse.jetty.util.component.AbstractLifeCycle.start(AbstractLifeCycle.java:93)
	at io.javalin.jetty.JettyServer.start(JettyServer.kt:93)
	at io.javalin.Javalin.start(Javalin.java:123)
	at br.com.espacovista.controller.PrintControllerIntegrationTest.setUp(PrintControllerIntegrationTest.java:40)
	at java.base/jdk.internal.reflect.DirectMethodHandleAccessor.invoke(DirectMethodHandleAccessor.java:103)
	at java.base/java.lang.reflect.Method.invoke(Method.java:580)
	at org.junit.platform.commons.util.ReflectionUtils.invokeMethod(ReflectionUtils.java:728)
	at org.junit.jupiter.engine.execution.MethodInvocation.proceed(MethodInvocation.java:60)
	at org.junit.jupiter.engine.execution.InvocationInterceptorChain$ValidatingInvocation.proceed(InvocationInterceptorChain.java:131)
	at org.junit.jupiter.engine.extension.TimeoutExtension.intercept(TimeoutExtension.java:156)
	at org.junit.jupiter.engine.extension.TimeoutExtension.interceptLifecycleMethod(TimeoutExtension.java:128)
	at org.junit.jupiter.engine.extension.TimeoutExtension.interceptBeforeEachMethod(TimeoutExtension.java:78)
	at org.junit.jupiter.engine.execution.InterceptingExecutableInvoker$ReflectiveInterceptorCall.lambda$ofVoidMethod$0(InterceptingExecutableInvoker.java:103)
	at org.junit.jupiter.engine.execution.InterceptingExecutableInvoker.lambda$invoke$0(InterceptingExecutableInvoker.java:93)
	at org.junit.jupiter.engine.execution.InvocationInterceptorChain$InterceptedInvocation.proceed(InvocationInterceptorChain.java:106)
	at org.junit.jupiter.engine.execution.InvocationInterceptorChain.proceed(InvocationInterceptorChain.java:64)
	at org.junit.jupiter.engine.execution.InvocationInterceptorChain.chainAndInvoke(InvocationInterceptorChain.java:45)
	at org.junit.jupiter.engine.execution.InvocationInterceptorChain.invoke(InvocationInterceptorChain.java:37)
	at org.junit.jupiter.engine.execution.InterceptingExecutableInvoker.invoke(InterceptingExecutableInvoker.java:92)
	at org.junit.jupiter.engine.execution.InterceptingExecutableInvoker.invoke(InterceptingExecutableInvoker.java:86)
	at org.junit.jupiter.engine.descriptor.ClassBasedTestDescriptor.invokeMethodInExtensionContext(ClassBasedTestDescriptor.java:521)
	at org.junit.jupiter.engine.descriptor.ClassBasedTestDescriptor.lambda$synthesizeBeforeEachMethodAdapter$23(ClassBasedTestDescriptor.java:506)
	at org.junit.jupiter.engine.descriptor.TestMethodTestDescriptor.lambda$invokeBeforeEachMethods$3(TestMethodTestDescriptor.java:175)
	at org.junit.jupiter.engine.descriptor.TestMethodTestDescriptor.lambda$invokeBeforeMethodsOrCallbacksUntilExceptionOccurs$6(TestMethodTestDescriptor.java:203)
	at org.junit.platform.engine.support.hierarchical.ThrowableCollector.execute(ThrowableCollector.java:73)
	at org.junit.jupiter.engine.descriptor.TestMethodTestDescriptor.invokeBeforeMethodsOrCallbacksUntilExceptionOccurs(TestMethodTestDescriptor.java:203)
	at org.junit.jupiter.engine.descriptor.TestMethodTestDescriptor.invokeBeforeEachMethods(TestMethodTestDescriptor.java:172)
	at org.junit.jupiter.engine.descriptor.TestMethodTestDescriptor.execute(TestMethodTestDescriptor.java:135)
	at org.junit.jupiter.engine.descriptor.TestMethodTestDescriptor.execute(TestMethodTestDescriptor.java:69)
	at org.junit.platform.engine.support.hierarchical.NodeTestTask.lambda$executeRecursively$6(NodeTestTask.java:151)
	at org.junit.platform.engine.support.hierarchical.ThrowableCollector.execute(ThrowableCollector.java:73)
	at org.junit.platform.engine.support.hierarchical.NodeTestTask.lambda$executeRecursively$8(NodeTestTask.java:141)
	at org.junit.platform.engine.support.hierarchical.Node.around(Node.java:137)
	at org.junit.platform.engine.support.hierarchical.NodeTestTask.lambda$executeRecursively$9(NodeTestTask.java:139)
	at org.junit.platform.engine.support.hierarchical.ThrowableCollector.execute(ThrowableCollector.java:73)
	at org.junit.platform.engine.support.hierarchical.NodeTestTask.executeRecursively(NodeTestTask.java:138)
	at org.junit.platform.engine.support.hierarchical.NodeTestTask.execute(NodeTestTask.java:95)
	at java.base/java.util.ArrayList.forEach(ArrayList.java:1596)
	at org.junit.platform.engine.support.hierarchical.SameThreadHierarchicalTestExecutorService.invokeAll(SameThreadHierarchicalTestExecutorService.java:41)
	at org.junit.platform.engine.support.hierarchical.NodeTestTask.lambda$executeRecursively$6(NodeTestTask.java:155)
	at org.junit.platform.engine.support.hierarchical.ThrowableCollector.execute(ThrowableCollector.java:73)
	at org.junit.platform.engine.support.hierarchical.NodeTestTask.lambda$executeRecursively$8(NodeTestTask.java:141)
	at org.junit.platform.engine.support.hierarchical.Node.around(Node.java:137)
	at org.junit.platform.engine.support.hierarchical.NodeTestTask.lambda$executeRecursively$9(NodeTestTask.java:139)
	at org.junit.platform.engine.support.hierarchical.ThrowableCollector.execute(ThrowableCollector.java:73)
	at org.junit.platform.engine.support.hierarchical.NodeTestTask.executeRecursively(NodeTestTask.java:138)
	at org.junit.platform.engine.support.hierarchical.NodeTestTask.execute(NodeTestTask.java:95)
	at java.base/java.util.ArrayList.forEach(ArrayList.java:1596)
	at org.junit.platform.engine.support.hierarchical.SameThreadHierarchicalTestExecutorService.invokeAll(SameThreadHierarchicalTestExecutorService.java:41)
	at org.junit.platform.engine.support.hierarchical.NodeTestTask.lambda$executeRecursively$6(NodeTestTask.java:155)
	at org.junit.platform.engine.support.hierarchical.ThrowableCollector.execute(ThrowableCollector.java:73)
	at org.junit.platform.engine.support.hierarchical.NodeTestTask.lambda$executeRecursively$8(NodeTestTask.java:141)
	at org.junit.platform.engine.support.hierarchical.Node.around(Node.java:137)
	at org.junit.platform.engine.support.hierarchical.NodeTestTask.lambda$executeRecursively$9(NodeTestTask.java:139)
	at org.junit.platform.engine.support.hierarchical.ThrowableCollector.execute(ThrowableCollector.java:73)
	at org.junit.platform.engine.support.hierarchical.NodeTestTask.executeRecursively(NodeTestTask.java:138)
	at org.junit.platform.engine.support.hierarchical.NodeTestTask.execute(NodeTestTask.java:95)
	at org.junit.platform.engine.support.hierarchical.SameThreadHierarchicalTestExecutorService.submit(SameThreadHierarchicalTestExecutorService.java:35)
	at org.junit.platform.engine.support.hierarchical.HierarchicalTestExecutor.execute(HierarchicalTestExecutor.java:57)
	at org.junit.platform.engine.support.hierarchical.HierarchicalTestEngine.execute(HierarchicalTestEngine.java:54)
	at org.junit.platform.launcher.core.EngineExecutionOrchestrator.execute(EngineExecutionOrchestrator.java:198)
	at org.junit.platform.launcher.core.EngineExecutionOrchestrator.execute(EngineExecutionOrchestrator.java:169)
	at org.junit.platform.launcher.core.EngineExecutionOrchestrator.execute(EngineExecutionOrchestrator.java:93)
	at org.junit.platform.launcher.core.EngineExecutionOrchestrator.lambda$execute$0(EngineExecutionOrchestrator.java:58)
	at org.junit.platform.launcher.core.EngineExecutionOrchestrator.withInterceptedStreams(EngineExecutionOrchestrator.java:141)
	at org.junit.platform.launcher.core.EngineExecutionOrchestrator.execute(EngineExecutionOrchestrator.java:57)
	at org.junit.platform.launcher.core.DefaultLauncher.execute(DefaultLauncher.java:103)
	at org.junit.platform.launcher.core.DefaultLauncher.execute(DefaultLauncher.java:85)
	at org.junit.platform.launcher.core.DelegatingLauncher.execute(DelegatingLauncher.java:47)
	at org.apache.maven.surefire.junitplatform.LazyLauncher.execute(LazyLauncher.java:56)
	at org.apache.maven.surefire.junitplatform.JUnitPlatformProvider.execute(JUnitPlatformProvider.java:184)
	at org.apache.maven.surefire.junitplatform.JUnitPlatformProvider.invokeAllTests(JUnitPlatformProvider.java:148)
	at org.apache.maven.surefire.junitplatform.JUnitPlatformProvider.invoke(JUnitPlatformProvider.java:122)
	at org.apache.maven.surefire.booter.ForkedBooter.runSuitesInProcess(ForkedBooter.java:385)
	at org.apache.maven.surefire.booter.ForkedBooter.execute(ForkedBooter.java:162)
	at org.apache.maven.surefire.booter.ForkedBooter.run(ForkedBooter.java:507)
	at org.apache.maven.surefire.booter.ForkedBooter.main(ForkedBooter.java:495)
09:34:39.498 [main] DEBUG org.eclipse.jetty.util.component.ContainerLifeCycle -- ServerConnector@270b6b5e{HTTP/1.1, (http/1.1)}{0.0.0.0:51078} added {sun.nio.ch.ServerSocketChannelImpl[/[0:0:0:0:0:0:0:0]:51078],POJO}
09:34:39.498 [main] DEBUG org.eclipse.jetty.server.handler.AbstractHandler -- starting Server@58a4a74d{STARTING}[11.0.20,sto=0]
09:34:39.498 [main] DEBUG org.eclipse.jetty.util.component.AbstractLifeCycle -- STARTING QueuedThreadPool[JettyServerThreadPool]@540dbda9{STOPPED,8<=0<=250,i=0,r=-1,t=-62126305ms,q=0}[NO_TRY]
09:34:39.506 [main] DEBUG org.eclipse.jetty.util.thread.ReservedThreadExecutor -- ReservedThreadExecutor@3a5c2626{reserved=0/12,pending=0}
09:34:39.506 [main] DEBUG org.eclipse.jetty.util.component.ContainerLifeCycle -- QueuedThreadPool[JettyServerThreadPool]@540dbda9{STARTING,8<=0<=250,i=0,r=-1,t=-62126310ms,q=0}[ReservedThreadExecutor@3a5c2626{reserved=0/12,pending=0}] added {ReservedThreadExecutor@3a5c2626{reserved=0/12,pending=0},AUTO}
09:34:39.506 [main] DEBUG org.eclipse.jetty.util.component.AbstractLifeCycle -- STARTING ReservedThreadExecutor@3a5c2626{reserved=0/12,pending=0}
09:34:39.514 [main] DEBUG org.eclipse.jetty.util.component.AbstractLifeCycle -- STARTED @4160ms ReservedThreadExecutor@3a5c2626{reserved=0/12,pending=0}
09:34:39.514 [main] DEBUG org.eclipse.jetty.util.thread.QueuedThreadPool -- Starting Thread[#35,JettyServerThreadPool-35,5,main]
09:34:39.514 [main] DEBUG org.eclipse.jetty.util.thread.QueuedThreadPool -- Starting Thread[#36,JettyServerThreadPool-36,5,main]
09:34:39.514 [main] DEBUG org.eclipse.jetty.util.thread.QueuedThreadPool -- Starting Thread[#37,JettyServerThreadPool-37,5,main]
09:34:39.514 [main] DEBUG org.eclipse.jetty.util.thread.QueuedThreadPool -- Starting Thread[#38,JettyServerThreadPool-38,5,main]
09:34:39.514 [JettyServerThreadPool-35] DEBUG org.eclipse.jetty.util.thread.QueuedThreadPool -- Runner started for QueuedThreadPool[JettyServerThreadPool]@540dbda9{STARTING,8<=4<=250,i=4,r=-1,t=59999ms,q=0}[ReservedThreadExecutor@3a5c2626{reserved=0/12,pending=0}]
09:34:39.514 [JettyServerThreadPool-36] DEBUG org.eclipse.jetty.util.thread.QueuedThreadPool -- Runner started for QueuedThreadPool[JettyServerThreadPool]@540dbda9{STARTING,8<=5<=250,i=5,r=-1,t=59999ms,q=0}[ReservedThreadExecutor@3a5c2626{reserved=0/12,pending=0}]
09:34:39.514 [main] DEBUG org.eclipse.jetty.util.thread.QueuedThreadPool -- Starting Thread[#39,JettyServerThreadPool-39,5,main]
09:34:39.514 [JettyServerThreadPool-37] DEBUG org.eclipse.jetty.util.thread.QueuedThreadPool -- Runner started for QueuedThreadPool[JettyServerThreadPool]@540dbda9{STARTING,8<=5<=250,i=5,r=-1,t=59999ms,q=0}[ReservedThreadExecutor@3a5c2626{reserved=0/12,pending=0}]
09:34:39.514 [JettyServerThreadPool-38] DEBUG org.eclipse.jetty.util.thread.QueuedThreadPool -- Runner started for QueuedThreadPool[JettyServerThreadPool]@540dbda9{STARTING,8<=5<=250,i=5,r=-1,t=59999ms,q=0}[ReservedThreadExecutor@3a5c2626{reserved=0/12,pending=0}]
09:34:39.514 [main] DEBUG org.eclipse.jetty.util.thread.QueuedThreadPool -- Starting Thread[#40,JettyServerThreadPool-40,5,main]
09:34:39.514 [main] DEBUG org.eclipse.jetty.util.thread.QueuedThreadPool -- Starting Thread[#41,JettyServerThreadPool-41,5,main]
09:34:39.514 [JettyServerThreadPool-39] DEBUG org.eclipse.jetty.util.thread.QueuedThreadPool -- Runner started for QueuedThreadPool[JettyServerThreadPool]@540dbda9{STARTING,8<=7<=250,i=7,r=-1,t=59999ms,q=0}[ReservedThreadExecutor@3a5c2626{reserved=0/12,pending=0}]
09:34:39.514 [main] DEBUG org.eclipse.jetty.util.thread.QueuedThreadPool -- Starting Thread[#42,JettyServerThreadPool-42,5,main]
09:34:39.514 [JettyServerThreadPool-40] DEBUG org.eclipse.jetty.util.thread.QueuedThreadPool -- Runner started for QueuedThreadPool[JettyServerThreadPool]@540dbda9{STARTING,8<=8<=250,i=8,r=-1,t=59999ms,q=0}[ReservedThreadExecutor@3a5c2626{reserved=0/12,pending=0}]
09:34:39.514 [JettyServerThreadPool-41] DEBUG org.eclipse.jetty.util.thread.QueuedThreadPool -- Runner started for QueuedThreadPool[JettyServerThreadPool]@540dbda9{STARTED,8<=8<=250,i=8,r=-1,t=59999ms,q=0}[ReservedThreadExecutor@3a5c2626{reserved=0/12,pending=0}]
09:34:39.514 [main] DEBUG org.eclipse.jetty.util.component.AbstractLifeCycle -- STARTED @4167ms QueuedThreadPool[JettyServerThreadPool]@540dbda9{STARTED,8<=8<=250,i=8,r=-1,t=59999ms,q=0}[ReservedThreadExecutor@3a5c2626{reserved=0/12,pending=0}]
09:34:39.514 [main] DEBUG org.eclipse.jetty.util.component.AbstractLifeCycle -- STARTING AttributeContainerMap@421a4ee1{size=1}
09:34:39.514 [JettyServerThreadPool-42] DEBUG org.eclipse.jetty.util.thread.QueuedThreadPool -- Runner started for QueuedThreadPool[JettyServerThreadPool]@540dbda9{STARTED,8<=8<=250,i=8,r=-1,t=59999ms,q=0}[ReservedThreadExecutor@3a5c2626{reserved=0/12,pending=0}]
09:34:39.514 [main] DEBUG org.eclipse.jetty.util.component.AbstractLifeCycle -- STARTED @4168ms AttributeContainerMap@421a4ee1{size=1}
09:34:39.514 [main] DEBUG org.eclipse.jetty.util.component.AbstractLifeCycle -- STARTING LowResourceMonitor@5b4d25e7{STOPPED}
09:34:39.514 [main] DEBUG org.eclipse.jetty.util.component.AbstractLifeCycle -- STARTING LRMScheduler@36fcf6c0{STOPPED}
09:34:39.514 [main] DEBUG org.eclipse.jetty.util.component.AbstractLifeCycle -- STARTED @4172ms LRMScheduler@36fcf6c0{STARTED}
09:34:39.530 [main] DEBUG org.eclipse.jetty.util.component.AbstractLifeCycle -- STARTED @4180ms LowResourceMonitor@5b4d25e7{STARTED}
09:34:39.530 [main] DEBUG org.eclipse.jetty.util.component.AbstractLifeCycle -- STARTING StatisticsHandler@12958360{STOPPED,r=0,d=0}
09:34:39.530 [main] DEBUG org.eclipse.jetty.server.handler.AbstractHandler -- starting StatisticsHandler@12958360{STARTING,r=0,d=0}
09:34:39.530 [main] DEBUG org.eclipse.jetty.util.component.AbstractLifeCycle -- STARTING o.e.j.s.ServletContextHandler@bb9ab64{/,null,STOPPED}
09:34:39.530 [main] DEBUG org.eclipse.jetty.util.DecoratedObjectFactory -- Adding Decorator: org.eclipse.jetty.util.DeprecationWarning@38320e34
09:34:39.530 [main] DEBUG org.eclipse.jetty.util.component.AbstractLifeCycle -- STARTING ServletContainerInitializerStarter@39e67516{STOPPED}
09:34:39.530 [main] DEBUG org.eclipse.jetty.servlet.ServletContextHandler -- Starting SCIs
09:34:39.530 [main] DEBUG org.eclipse.jetty.util.component.AbstractLifeCycle -- STARTING ContainerInitializer{org.eclipse.jetty.websocket.server.config.JettyWebSocketServletContainerInitializer,interested=[],applicable=[],annotated=[]}
09:34:39.546 [main] DEBUG org.eclipse.jetty.util.component.AbstractLifeCycle -- STARTING InflaterPool@514cd540{STOPPED,size=-1,capacity=250}
09:34:39.546 [main] DEBUG org.eclipse.jetty.util.component.ContainerLifeCycle -- InflaterPool@514cd540{STARTING,size=0,capacity=250} added {Pool@11d4dbd6[inUse=0,size=0,max=250,closed=false],POJO}
09:34:39.546 [main] DEBUG org.eclipse.jetty.util.component.AbstractLifeCycle -- STARTED @4194ms InflaterPool@514cd540{STARTED,size=0,capacity=250}
09:34:39.546 [main] DEBUG org.eclipse.jetty.util.component.ContainerLifeCycle -- Server@58a4a74d{STARTING}[11.0.20,sto=0] added {InflaterPool@514cd540{STARTED,size=0,capacity=250},MANAGED}
09:34:39.546 [main] DEBUG org.eclipse.jetty.util.component.AbstractLifeCycle -- STARTING DeflaterPool@7fc7c4a{STOPPED,size=-1,capacity=250}
09:34:39.546 [main] DEBUG org.eclipse.jetty.util.component.ContainerLifeCycle -- DeflaterPool@7fc7c4a{STARTING,size=0,capacity=250} added {Pool@7aa9e414[inUse=0,size=0,max=250,closed=false],POJO}
09:34:39.546 [main] DEBUG org.eclipse.jetty.util.component.AbstractLifeCycle -- STARTED @4196ms DeflaterPool@7fc7c4a{STARTED,size=0,capacity=250}
09:34:39.546 [main] DEBUG org.eclipse.jetty.util.component.ContainerLifeCycle -- Server@58a4a74d{STARTING}[11.0.20,sto=0] added {DeflaterPool@7fc7c4a{STARTED,size=0,capacity=250},MANAGED}
09:34:39.580 [main] DEBUG org.eclipse.jetty.util.component.ContainerLifeCycle -- WebSocketServerComponents@27a97e08{STOPPED} added {InflaterPool@514cd540{STARTED,size=0,capacity=250},UNMANAGED}
09:34:39.580 [main] DEBUG org.eclipse.jetty.util.component.ContainerLifeCycle -- WebSocketServerComponents@27a97e08{STOPPED} added {DeflaterPool@7fc7c4a{STARTED,size=0,capacity=250},UNMANAGED}
09:34:39.580 [main] DEBUG org.eclipse.jetty.util.component.ContainerLifeCycle -- WebSocketServerComponents@27a97e08{STOPPED} added {LogarithmicArrayByteBufferPool@66153688{minBufferCapacity=0, maxBufferCapacity=65536, maxQueueLength=-1, factor=4096},POJO}
09:34:39.580 [main] DEBUG org.eclipse.jetty.util.component.ContainerLifeCycle -- WebSocketServerComponents@27a97e08{STOPPED} added {org.eclipse.jetty.websocket.core.WebSocketExtensionRegistry@77e7246b,POJO}
09:34:39.580 [main] DEBUG org.eclipse.jetty.util.component.ContainerLifeCycle -- WebSocketServerComponents@27a97e08{STOPPED} added {org.eclipse.jetty.util.DecoratedObjectFactory[decorators=1],POJO}
09:34:39.580 [main] DEBUG org.eclipse.jetty.util.component.ContainerLifeCycle -- WebSocketServerComponents@27a97e08{STOPPED} added {QueuedThreadPool[JettyServerThreadPool]@540dbda9{STARTED,8<=8<=250,i=8,r=-1,t=59940ms,q=0}[ReservedThreadExecutor@3a5c2626{reserved=0/12,pending=0}],UNMANAGED}
09:34:39.580 [main] DEBUG org.eclipse.jetty.util.component.ContainerLifeCycle -- o.e.j.s.ServletContextHandler@bb9ab64{/,null,STARTING} added {WebSocketServerComponents@27a97e08{STOPPED},MANAGED}
09:34:39.580 [main] DEBUG org.eclipse.jetty.util.component.AbstractLifeCycle -- STARTING WebSocketServerComponents@27a97e08{STOPPED}
09:34:39.580 [main] DEBUG org.eclipse.jetty.util.component.AbstractLifeCycle -- STARTED @4227ms WebSocketServerComponents@27a97e08{STARTED}
09:34:39.587 [main] DEBUG org.eclipse.jetty.util.component.ContainerLifeCycle -- o.e.j.s.ServletContextHandler@bb9ab64{/,null,STARTING} added {WebSocketServerComponentsCleanupListener,POJO}
09:34:39.644 [main] DEBUG org.eclipse.jetty.util.component.ContainerLifeCycle -- JettyWebSocketServerContainer@1c6c6f24{STOPPED} added {JettyServerFrameHandlerFactory@2eb917d0{STOPPED},AUTO}
09:34:39.644 [main] DEBUG org.eclipse.jetty.util.component.ContainerLifeCycle -- JettyWebSocketServerContainer@1c6c6f24{STOPPED} added {SessionTracker@c6b2dd9{STOPPED},AUTO}
09:34:39.644 [main] DEBUG org.eclipse.jetty.util.component.ContainerLifeCycle -- o.e.j.s.ServletContextHandler@bb9ab64{/,null,STARTING} added {JettyWebSocketServerContainer@1c6c6f24{STOPPED},MANAGED}
09:34:39.644 [main] DEBUG org.eclipse.jetty.util.component.AbstractLifeCycle -- STARTING JettyWebSocketServerContainer@1c6c6f24{STOPPED}
09:34:39.644 [main] DEBUG org.eclipse.jetty.util.component.AbstractLifeCycle -- STARTING JettyServerFrameHandlerFactory@2eb917d0{STOPPED}
09:34:39.649 [main] DEBUG org.eclipse.jetty.util.component.AbstractLifeCycle -- STARTED @4294ms JettyServerFrameHandlerFactory@2eb917d0{STARTED}
09:34:39.649 [main] DEBUG org.eclipse.jetty.util.component.AbstractLifeCycle -- STARTING SessionTracker@c6b2dd9{STOPPED}
09:34:39.649 [main] DEBUG org.eclipse.jetty.util.component.AbstractLifeCycle -- STARTED @4295ms SessionTracker@c6b2dd9{STARTED}
09:34:39.649 [main] DEBUG org.eclipse.jetty.util.component.AbstractLifeCycle -- STARTED @4295ms JettyWebSocketServerContainer@1c6c6f24{STARTED}
09:34:39.651 [main] DEBUG org.eclipse.jetty.util.component.ContainerLifeCycle -- o.e.j.s.ServletContextHandler@bb9ab64{/,null,STARTING} added {JettyWebSocketServerContainerCleanupListener,POJO}
09:34:39.653 [main] DEBUG org.eclipse.jetty.websocket.server.config.JettyWebSocketServletContainerInitializer -- initialize JettyWebSocketServerContainer@1c6c6f24{STARTED} WebSocketServerComponents@27a97e08{STARTED}
09:34:39.653 [main] DEBUG org.eclipse.jetty.websocket.server.config.JettyWebSocketServletContainerInitializer -- onStartup JettyWebSocketServerContainer@1c6c6f24{STARTED}
09:34:39.653 [main] DEBUG org.eclipse.jetty.servlet.ServletContainerInitializerHolder -- ServletContainerInitializer org.eclipse.jetty.websocket.server.config.JettyWebSocketServletContainerInitializer called in 113ms
09:34:39.653 [main] DEBUG org.eclipse.jetty.util.component.AbstractLifeCycle -- STARTED @4299ms ContainerInitializer{org.eclipse.jetty.websocket.server.config.JettyWebSocketServletContainerInitializer,interested=[],applicable=[],annotated=[]}
09:34:39.653 [main] DEBUG org.eclipse.jetty.util.component.AbstractLifeCycle -- STARTED @4299ms ServletContainerInitializerStarter@39e67516{STARTED}
09:34:39.653 [main] DEBUG org.eclipse.jetty.server.handler.AbstractHandler -- starting o.e.j.s.ServletContextHandler@bb9ab64{/,null,STARTING}
09:34:39.653 [main] DEBUG org.eclipse.jetty.util.component.AbstractLifeCycle -- STARTING org.eclipse.jetty.server.session.SessionHandler1468192631==dftMaxIdleSec=-1
09:34:39.668 [main] DEBUG org.eclipse.jetty.util.component.ContainerLifeCycle -- org.eclipse.jetty.server.session.SessionHandler1468192631==dftMaxIdleSec=-1 added {org.eclipse.jetty.server.session.DefaultSessionCache@71466383[evict=-1,removeUnloadable=false,saveOnCreate=false,saveOnInactiveEvict=false],AUTO}
09:34:39.668 [main] DEBUG org.eclipse.jetty.util.component.ContainerLifeCycle -- org.eclipse.jetty.server.session.DefaultSessionCache@71466383[evict=-1,removeUnloadable=false,saveOnCreate=false,saveOnInactiveEvict=false] added {org.eclipse.jetty.server.session.NullSessionDataStore@11b377c5[passivating=false,graceSec=3600],AUTO}
09:34:39.676 [main] DEBUG org.eclipse.jetty.util.component.AbstractLifeCycle -- STARTING DefaultSessionIdManager@5833f5cd{STOPPED}[worker=null]
09:34:39.676 [main] DEBUG org.eclipse.jetty.util.component.ContainerLifeCycle -- DefaultSessionIdManager@5833f5cd{STARTING}[worker=node0] added {HouseKeeper@760cf594{STOPPED}[interval=600000, ownscheduler=false],MANAGED}
09:34:39.697 [main] INFO org.eclipse.jetty.server.session.DefaultSessionIdManager -- Session workerName=node0
09:34:39.697 [main] DEBUG org.eclipse.jetty.util.component.AbstractLifeCycle -- STARTING HouseKeeper@760cf594{STOPPED}[interval=600000, ownscheduler=false]
09:34:39.697 [main] DEBUG org.eclipse.jetty.util.component.AbstractLifeCycle -- STARTING ScheduledExecutorScheduler@3ed03652{STOPPED}
09:34:39.697 [main] DEBUG org.eclipse.jetty.util.component.AbstractLifeCycle -- STARTED @4343ms ScheduledExecutorScheduler@3ed03652{STARTED}
09:34:39.697 [main] DEBUG org.eclipse.jetty.server.session.HouseKeeper -- node0 using own scheduler for scavenging
09:34:39.700 [main] DEBUG org.eclipse.jetty.server.session.HouseKeeper -- node0 scavenging every 600000ms
09:34:39.701 [main] DEBUG org.eclipse.jetty.util.component.AbstractLifeCycle -- STARTED @4346ms HouseKeeper@760cf594{STARTED}[interval=600000, ownscheduler=true]
09:34:39.701 [main] DEBUG org.eclipse.jetty.util.component.AbstractLifeCycle -- STARTED @4347ms DefaultSessionIdManager@5833f5cd{STARTED}[worker=node0]
09:34:39.701 [main] DEBUG org.eclipse.jetty.util.component.ContainerLifeCycle -- Server@58a4a74d{STARTING}[11.0.20,sto=0] added {DefaultSessionIdManager@5833f5cd{STARTED}[worker=node0],MANAGED}
09:34:39.701 [main] DEBUG org.eclipse.jetty.util.component.ContainerLifeCycle -- org.eclipse.jetty.server.session.SessionHandler1468192631==dftMaxIdleSec=-1 added {DefaultSessionIdManager@5833f5cd{STARTED}[worker=node0],UNMANAGED}
09:34:39.703 [main] DEBUG org.eclipse.jetty.util.component.AbstractLifeCycle -- STARTING ScheduledExecutorScheduler@1dc76fa1{STOPPED}
09:34:39.703 [main] DEBUG org.eclipse.jetty.util.component.AbstractLifeCycle -- STARTED @4349ms ScheduledExecutorScheduler@1dc76fa1{STARTED}
09:34:39.705 [main] DEBUG org.eclipse.jetty.server.handler.AbstractHandler -- starting org.eclipse.jetty.server.session.SessionHandler1468192631==dftMaxIdleSec=-1
09:34:39.705 [main] DEBUG org.eclipse.jetty.util.component.AbstractLifeCycle -- STARTING ServletHandler@507d20bb{STOPPED}
09:34:39.724 [main] DEBUG org.eclipse.jetty.servlet.ServletHandler -- Path=/*[EMBEDDED:null] mapped to servlet=io.javalin.jetty.JavalinJettyServlet-7ae9a33a[EMBEDDED:null]
09:34:39.735 [main] DEBUG org.eclipse.jetty.http.pathmap.ServletPathSpec -- Creating ServletPathSpec[/*] (group: PREFIX_GLOB, prefix: "", suffix: "null")
09:34:39.735 [main] DEBUG org.eclipse.jetty.http.pathmap.PathMappings -- Added MappedResource[pathSpec=ServletPathSpec@9457a78e{/*},resource=MappedServlet5fac521d{/*->io.javalin.jetty.JavalinJettyServlet-7ae9a33a==io.javalin.jetty.JavalinJettyServlet@5cd9fbac{jsp=null,order=-1,inst=false,async=true,src=EMBEDDED:null,STOPPED}}] to PathMappings[size=1]
09:34:39.740 [main] DEBUG org.eclipse.jetty.servlet.ServletHandler -- filterNameMap={} pathFilters=[] servletFilterMap={} servletPathMap=PathMappings[size=1] servletNameMap={io.javalin.jetty.JavalinJettyServlet-7ae9a33a=MappedServlet3abfe845{null->io.javalin.jetty.JavalinJettyServlet-7ae9a33a==io.javalin.jetty.JavalinJettyServlet@5cd9fbac{jsp=null,order=-1,inst=false,async=true,src=EMBEDDED:null,STOPPED}}}
09:34:39.740 [main] DEBUG org.eclipse.jetty.servlet.ServletHandler -- Adding Default404Servlet to ServletHandler@507d20bb{STARTING}
09:34:39.740 [main] DEBUG org.eclipse.jetty.util.component.ContainerLifeCycle -- ServletHandler@507d20bb{STARTING} added {org.eclipse.jetty.servlet.ServletHandler$Default404Servlet-4248b963==org.eclipse.jetty.servlet.ServletHandler$Default404Servlet@27dc072a{jsp=null,order=-1,inst=false,async=true,src=EMBEDDED:null,STOPPED},AUTO}
09:34:39.740 [main] DEBUG org.eclipse.jetty.util.component.ContainerLifeCycle -- ServletHandler@507d20bb{STARTING} added {[/]=>org.eclipse.jetty.servlet.ServletHandler$Default404Servlet-4248b963,POJO}
09:34:39.740 [main] DEBUG org.eclipse.jetty.servlet.ServletHandler -- Path=/*[EMBEDDED:null] mapped to servlet=io.javalin.jetty.JavalinJettyServlet-7ae9a33a[EMBEDDED:null]
09:34:39.740 [main] DEBUG org.eclipse.jetty.http.pathmap.ServletPathSpec -- Creating ServletPathSpec[/*] (group: PREFIX_GLOB, prefix: "", suffix: "null")
09:34:39.740 [main] DEBUG org.eclipse.jetty.http.pathmap.PathMappings -- Added MappedResource[pathSpec=ServletPathSpec@9457a78e{/*},resource=MappedServlet2330e3e0{/*->io.javalin.jetty.JavalinJettyServlet-7ae9a33a==io.javalin.jetty.JavalinJettyServlet@5cd9fbac{jsp=null,order=-1,inst=false,async=true,src=EMBEDDED:null,STOPPED}}] to PathMappings[size=1]
09:34:39.740 [main] DEBUG org.eclipse.jetty.servlet.ServletHandler -- Path=/[EMBEDDED:null] mapped to servlet=org.eclipse.jetty.servlet.ServletHandler$Default404Servlet-4248b963[EMBEDDED:null]
09:34:39.740 [main] DEBUG org.eclipse.jetty.http.pathmap.PathMappings -- Added MappedResource[pathSpec=ServletPathSpec@9457dcb7{/},resource=MappedServlet24b4d544{/->org.eclipse.jetty.servlet.ServletHandler$Default404Servlet-4248b963==org.eclipse.jetty.servlet.ServletHandler$Default404Servlet@27dc072a{jsp=null,order=-1,inst=false,async=true,src=EMBEDDED:null,STOPPED}}] to PathMappings[size=2]
09:34:39.740 [main] DEBUG org.eclipse.jetty.servlet.ServletHandler -- filterNameMap={} pathFilters=[] servletFilterMap={} servletPathMap=PathMappings[size=2] servletNameMap={io.javalin.jetty.JavalinJettyServlet-7ae9a33a=MappedServlet27a2a089{null->io.javalin.jetty.JavalinJettyServlet-7ae9a33a==io.javalin.jetty.JavalinJettyServlet@5cd9fbac{jsp=null,order=-1,inst=false,async=true,src=EMBEDDED:null,STOPPED}}, org.eclipse.jetty.servlet.ServletHandler$Default404Servlet-4248b963=MappedServlet54657dd2{null->org.eclipse.jetty.servlet.ServletHandler$Default404Servlet-4248b963==org.eclipse.jetty.servlet.ServletHandler$Default404Servlet@27dc072a{jsp=null,order=-1,inst=false,async=true,src=EMBEDDED:null,STOPPED}}}
09:34:39.740 [main] DEBUG org.eclipse.jetty.servlet.ServletHandler -- Path=/*[EMBEDDED:null] mapped to servlet=io.javalin.jetty.JavalinJettyServlet-7ae9a33a[EMBEDDED:null]
09:34:39.740 [main] DEBUG org.eclipse.jetty.http.pathmap.ServletPathSpec -- Creating ServletPathSpec[/*] (group: PREFIX_GLOB, prefix: "", suffix: "null")
09:34:39.740 [main] DEBUG org.eclipse.jetty.http.pathmap.PathMappings -- Added MappedResource[pathSpec=ServletPathSpec@9457a78e{/*},resource=MappedServlet706eab5d{/*->io.javalin.jetty.JavalinJettyServlet-7ae9a33a==io.javalin.jetty.JavalinJettyServlet@5cd9fbac{jsp=null,order=-1,inst=false,async=true,src=EMBEDDED:null,STOPPED}}] to PathMappings[size=1]
09:34:39.740 [main] DEBUG org.eclipse.jetty.servlet.ServletHandler -- Path=/[EMBEDDED:null] mapped to servlet=org.eclipse.jetty.servlet.ServletHandler$Default404Servlet-4248b963[EMBEDDED:null]
09:34:39.740 [main] DEBUG org.eclipse.jetty.http.pathmap.PathMappings -- Added MappedResource[pathSpec=ServletPathSpec@9457dcb7{/},resource=MappedServlet72725ee1{/->org.eclipse.jetty.servlet.ServletHandler$Default404Servlet-4248b963==org.eclipse.jetty.servlet.ServletHandler$Default404Servlet@27dc072a{jsp=null,order=-1,inst=false,async=true,src=EMBEDDED:null,STOPPED}}] to PathMappings[size=2]
09:34:39.740 [main] DEBUG org.eclipse.jetty.servlet.ServletHandler -- filterNameMap={} pathFilters=[] servletFilterMap={} servletPathMap=PathMappings[size=2] servletNameMap={io.javalin.jetty.JavalinJettyServlet-7ae9a33a=MappedServlet27a2a089{null->io.javalin.jetty.JavalinJettyServlet-7ae9a33a==io.javalin.jetty.JavalinJettyServlet@5cd9fbac{jsp=null,order=-1,inst=false,async=true,src=EMBEDDED:null,STOPPED}}, org.eclipse.jetty.servlet.ServletHandler$Default404Servlet-4248b963=MappedServlet54657dd2{null->org.eclipse.jetty.servlet.ServletHandler$Default404Servlet-4248b963==org.eclipse.jetty.servlet.ServletHandler$Default404Servlet@27dc072a{jsp=null,order=-1,inst=false,async=true,src=EMBEDDED:null,STOPPED}}}
09:34:39.740 [main] DEBUG org.eclipse.jetty.server.handler.AbstractHandler -- starting ServletHandler@507d20bb{STARTING}
09:34:39.740 [main] DEBUG org.eclipse.jetty.util.component.AbstractLifeCycle -- STARTED @4391ms ServletHandler@507d20bb{STARTED}
09:34:39.740 [main] DEBUG org.eclipse.jetty.util.component.AbstractLifeCycle -- STARTING org.eclipse.jetty.server.session.DefaultSessionCache@71466383[evict=-1,removeUnloadable=false,saveOnCreate=false,saveOnInactiveEvict=false]
09:34:39.740 [main] DEBUG org.eclipse.jetty.util.component.AbstractLifeCycle -- STARTING org.eclipse.jetty.server.session.NullSessionDataStore@11b377c5[passivating=false,graceSec=3600]
09:34:39.740 [main] DEBUG org.eclipse.jetty.util.component.AbstractLifeCycle -- STARTED @4391ms org.eclipse.jetty.server.session.NullSessionDataStore@11b377c5[passivating=false,graceSec=3600]
09:34:39.740 [main] DEBUG org.eclipse.jetty.util.component.AbstractLifeCycle -- STARTED @4391ms org.eclipse.jetty.server.session.DefaultSessionCache@71466383[evict=-1,removeUnloadable=false,saveOnCreate=false,saveOnInactiveEvict=false]
09:34:39.740 [main] DEBUG org.eclipse.jetty.util.component.AbstractLifeCycle -- STARTED @4392ms org.eclipse.jetty.server.session.SessionHandler1468192631==dftMaxIdleSec=-1
09:34:39.748 [main] DEBUG org.eclipse.jetty.util.component.AbstractLifeCycle -- STARTING io.javalin.jetty.JavalinJettyServlet-7ae9a33a==io.javalin.jetty.JavalinJettyServlet@5cd9fbac{jsp=null,order=-1,inst=false,async=true,src=EMBEDDED:null,STOPPED}
09:34:39.748 [main] DEBUG org.eclipse.jetty.util.component.AbstractLifeCycle -- STARTED @4406ms io.javalin.jetty.JavalinJettyServlet-7ae9a33a==io.javalin.jetty.JavalinJettyServlet@5cd9fbac{jsp=null,order=-1,inst=false,async=true,src=EMBEDDED:null,STARTED}
09:34:39.763 [main] DEBUG org.eclipse.jetty.servlet.ServletHolder -- Servlet.init null for io.javalin.jetty.JavalinJettyServlet-7ae9a33a
09:34:39.769 [main] DEBUG org.eclipse.jetty.http.pathmap.PathMappings -- Added MappedResource[pathSpec=ServletPathSpec@9457dcb7{/},resource=CreatorNegotiator@7397c6{org.eclipse.jetty.websocket.server.JettyWebSocketServlet$WrappedJettyCreator@1abfe081,JettyServerFrameHandlerFactory@2eb917d0{STARTED}}] to PathMappings[size=1]
09:34:39.769 [main] DEBUG org.eclipse.jetty.util.component.AbstractLifeCycle -- STARTING org.eclipse.jetty.servlet.ServletHandler$Default404Servlet-4248b963==org.eclipse.jetty.servlet.ServletHandler$Default404Servlet@27dc072a{jsp=null,order=-1,inst=false,async=true,src=EMBEDDED:null,STOPPED}
09:34:39.769 [main] DEBUG org.eclipse.jetty.util.component.AbstractLifeCycle -- STARTED @4419ms org.eclipse.jetty.servlet.ServletHandler$Default404Servlet-4248b963==org.eclipse.jetty.servlet.ServletHandler$Default404Servlet@27dc072a{jsp=null,order=-1,inst=false,async=true,src=EMBEDDED:null,STARTED}
09:34:39.769 [main] INFO org.eclipse.jetty.server.handler.ContextHandler -- Started o.e.j.s.ServletContextHandler@bb9ab64{/,null,AVAILABLE}
09:34:39.769 [main] DEBUG org.eclipse.jetty.util.component.AbstractLifeCycle -- STARTED @4419ms o.e.j.s.ServletContextHandler@bb9ab64{/,null,AVAILABLE}
09:34:39.769 [main] DEBUG org.eclipse.jetty.util.component.AbstractLifeCycle -- STARTED @4420ms StatisticsHandler@12958360{STARTED,r=0,d=0}
09:34:39.769 [main] DEBUG org.eclipse.jetty.util.component.AbstractLifeCycle -- STARTING ErrorHandler@128c502c{STOPPED}
09:34:39.769 [main] DEBUG org.eclipse.jetty.server.handler.AbstractHandler -- starting ErrorHandler@128c502c{STARTING}
09:34:39.769 [main] DEBUG org.eclipse.jetty.util.component.AbstractLifeCycle -- STARTED @4420ms ErrorHandler@128c502c{STARTED}
09:34:39.769 [main] DEBUG org.eclipse.jetty.util.component.AbstractLifeCycle -- STARTING ServerConnector@270b6b5e{HTTP/1.1, (http/1.1)}{0.0.0.0:51078}
09:34:39.779 [main] DEBUG org.eclipse.jetty.util.component.AbstractLifeCycle -- STARTING ScheduledExecutorScheduler@138caeca{STOPPED}
09:34:39.779 [main] DEBUG org.eclipse.jetty.util.component.AbstractLifeCycle -- STARTED @4428ms ScheduledExecutorScheduler@138caeca{STARTED}
09:34:39.783 [main] DEBUG org.eclipse.jetty.util.component.AbstractLifeCycle -- STARTING HttpConnectionFactory@598260a6[HTTP/1.1]
09:34:39.783 [main] DEBUG org.eclipse.jetty.util.component.AbstractLifeCycle -- STARTED @4428ms HttpConnectionFactory@598260a6[HTTP/1.1]
09:34:39.783 [main] DEBUG org.eclipse.jetty.util.component.AbstractLifeCycle -- STARTING SelectorManager@ServerConnector@270b6b5e{HTTP/1.1, (http/1.1)}{0.0.0.0:51078}
09:34:39.783 [main] DEBUG org.eclipse.jetty.util.component.ContainerLifeCycle -- AdaptiveExecutionStrategy@7b7683d4/SelectorProducer@40712ee9/IDLE/p=false/QueuedThreadPool[JettyServerThreadPool]@540dbda9{STARTED,8<=8<=250,i=8,r=-1,t=59730ms,q=0}[ReservedThreadExecutor@3a5c2626{reserved=0/12,pending=0}][pc=0,pic=0,pec=0,epc=0]@2025-09-02T09:34:39.7838827-03:00 added {SelectorProducer@40712ee9,POJO}
09:34:39.783 [main] DEBUG org.eclipse.jetty.util.component.ContainerLifeCycle -- AdaptiveExecutionStrategy@7b7683d4/SelectorProducer@40712ee9/IDLE/p=false/QueuedThreadPool[JettyServerThreadPool]@540dbda9{STARTED,8<=8<=250,i=8,r=-1,t=59729ms,q=0}[ReservedThreadExecutor@3a5c2626{reserved=0/12,pending=0}][pc=0,pic=0,pec=0,epc=0]@2025-09-02T09:34:39.7838827-03:00 added {QueuedThreadPool[JettyServerThreadPool]@540dbda9{STARTED,8<=8<=250,i=8,r=-1,t=59729ms,q=0}[ReservedThreadExecutor@3a5c2626{reserved=0/12,pending=0}],UNMANAGED}
09:34:39.783 [main] DEBUG org.eclipse.jetty.util.thread.strategy.AdaptiveExecutionStrategy -- AdaptiveExecutionStrategy@7b7683d4/SelectorProducer@40712ee9/IDLE/p=false/QueuedThreadPool[JettyServerThreadPool]@540dbda9{STARTED,8<=8<=250,i=8,r=-1,t=59728ms,q=0}[ReservedThreadExecutor@3a5c2626{reserved=0/12,pending=0}][pc=0,pic=0,pec=0,epc=0]@2025-09-02T09:34:39.7838827-03:00 created
09:34:39.783 [main] DEBUG org.eclipse.jetty.util.component.ContainerLifeCycle -- ManagedSelector@2e53b094{STOPPED} id=0 keys=-1 selected=-1 updates=0 added {AdaptiveExecutionStrategy@7b7683d4/SelectorProducer@40712ee9/IDLE/p=false/QueuedThreadPool[JettyServerThreadPool]@540dbda9{STARTED,8<=8<=250,i=8,r=-1,t=59728ms,q=0}[ReservedThreadExecutor@3a5c2626{reserved=0/12,pending=0}][pc=0,pic=0,pec=0,epc=0]@2025-09-02T09:34:39.7838827-03:00,MANAGED}
09:34:39.783 [main] DEBUG org.eclipse.jetty.util.component.ContainerLifeCycle -- SelectorManager@ServerConnector@270b6b5e{HTTP/1.1, (http/1.1)}{0.0.0.0:51078} added {ManagedSelector@2e53b094{STOPPED} id=0 keys=-1 selected=-1 updates=0,AUTO}
09:34:39.783 [main] DEBUG org.eclipse.jetty.util.component.ContainerLifeCycle -- AdaptiveExecutionStrategy@39fa8ad2/SelectorProducer@76ddd61a/IDLE/p=false/QueuedThreadPool[JettyServerThreadPool]@540dbda9{STARTED,8<=8<=250,i=8,r=-1,t=59727ms,q=0}[ReservedThreadExecutor@3a5c2626{reserved=0/12,pending=0}][pc=0,pic=0,pec=0,epc=0]@2025-09-02T09:34:39.7838827-03:00 added {SelectorProducer@76ddd61a,POJO}
09:34:39.795 [main] DEBUG org.eclipse.jetty.util.component.ContainerLifeCycle -- AdaptiveExecutionStrategy@39fa8ad2/SelectorProducer@76ddd61a/IDLE/p=false/QueuedThreadPool[JettyServerThreadPool]@540dbda9{STARTED,8<=8<=250,i=8,r=-1,t=59727ms,q=0}[ReservedThreadExecutor@3a5c2626{reserved=0/12,pending=0}][pc=0,pic=0,pec=0,epc=0]@2025-09-02T09:34:39.7956355-03:00 added {QueuedThreadPool[JettyServerThreadPool]@540dbda9{STARTED,8<=8<=250,i=8,r=-1,t=59727ms,q=0}[ReservedThreadExecutor@3a5c2626{reserved=0/12,pending=0}],UNMANAGED}
09:34:39.795 [main] DEBUG org.eclipse.jetty.util.thread.strategy.AdaptiveExecutionStrategy -- AdaptiveExecutionStrategy@39fa8ad2/SelectorProducer@76ddd61a/IDLE/p=false/QueuedThreadPool[JettyServerThreadPool]@540dbda9{STARTED,8<=8<=250,i=8,r=-1,t=59726ms,q=0}[ReservedThreadExecutor@3a5c2626{reserved=0/12,pending=0}][pc=0,pic=0,pec=0,epc=0]@2025-09-02T09:34:39.7956355-03:00 created
09:34:39.795 [main] DEBUG org.eclipse.jetty.util.component.ContainerLifeCycle -- ManagedSelector@3f92a84e{STOPPED} id=1 keys=-1 selected=-1 updates=0 added {AdaptiveExecutionStrategy@39fa8ad2/SelectorProducer@76ddd61a/IDLE/p=false/QueuedThreadPool[JettyServerThreadPool]@540dbda9{STARTED,8<=8<=250,i=8,r=-1,t=59726ms,q=0}[ReservedThreadExecutor@3a5c2626{reserved=0/12,pending=0}][pc=0,pic=0,pec=0,epc=0]@2025-09-02T09:34:39.7956355-03:00,MANAGED}
09:34:39.795 [main] DEBUG org.eclipse.jetty.util.component.ContainerLifeCycle -- SelectorManager@ServerConnector@270b6b5e{HTTP/1.1, (http/1.1)}{0.0.0.0:51078} added {ManagedSelector@3f92a84e{STOPPED} id=1 keys=-1 selected=-1 updates=0,AUTO}
09:34:39.795 [main] DEBUG org.eclipse.jetty.util.component.ContainerLifeCycle -- AdaptiveExecutionStrategy@cf67838/SelectorProducer@6137cf6e/IDLE/p=false/QueuedThreadPool[JettyServerThreadPool]@540dbda9{STARTED,8<=8<=250,i=8,r=-1,t=59725ms,q=0}[ReservedThreadExecutor@3a5c2626{reserved=0/12,pending=0}][pc=0,pic=0,pec=0,epc=0]@2025-09-02T09:34:39.7956355-03:00 added {SelectorProducer@6137cf6e,POJO}
09:34:39.795 [main] DEBUG org.eclipse.jetty.util.component.ContainerLifeCycle -- AdaptiveExecutionStrategy@cf67838/SelectorProducer@6137cf6e/IDLE/p=false/QueuedThreadPool[JettyServerThreadPool]@540dbda9{STARTED,8<=8<=250,i=8,r=-1,t=59725ms,q=0}[ReservedThreadExecutor@3a5c2626{reserved=0/12,pending=0}][pc=0,pic=0,pec=0,epc=0]@2025-09-02T09:34:39.7956355-03:00 added {QueuedThreadPool[JettyServerThreadPool]@540dbda9{STARTED,8<=8<=250,i=8,r=-1,t=59725ms,q=0}[ReservedThreadExecutor@3a5c2626{reserved=0/12,pending=0}],UNMANAGED}
09:34:39.795 [main] DEBUG org.eclipse.jetty.util.thread.strategy.AdaptiveExecutionStrategy -- AdaptiveExecutionStrategy@cf67838/SelectorProducer@6137cf6e/IDLE/p=false/QueuedThreadPool[JettyServerThreadPool]@540dbda9{STARTED,8<=8<=250,i=8,r=-1,t=59725ms,q=0}[ReservedThreadExecutor@3a5c2626{reserved=0/12,pending=0}][pc=0,pic=0,pec=0,epc=0]@2025-09-02T09:34:39.7956355-03:00 created
09:34:39.795 [main] DEBUG org.eclipse.jetty.util.component.ContainerLifeCycle -- ManagedSelector@7942a854{STOPPED} id=2 keys=-1 selected=-1 updates=0 added {AdaptiveExecutionStrategy@cf67838/SelectorProducer@6137cf6e/IDLE/p=false/QueuedThreadPool[JettyServerThreadPool]@540dbda9{STARTED,8<=8<=250,i=8,r=-1,t=59724ms,q=0}[ReservedThreadExecutor@3a5c2626{reserved=0/12,pending=0}][pc=0,pic=0,pec=0,epc=0]@2025-09-02T09:34:39.7956355-03:00,MANAGED}
09:34:39.795 [main] DEBUG org.eclipse.jetty.util.component.ContainerLifeCycle -- SelectorManager@ServerConnector@270b6b5e{HTTP/1.1, (http/1.1)}{0.0.0.0:51078} added {ManagedSelector@7942a854{STOPPED} id=2 keys=-1 selected=-1 updates=0,AUTO}
09:34:39.795 [main] DEBUG org.eclipse.jetty.util.component.ContainerLifeCycle -- AdaptiveExecutionStrategy@53b8afea/SelectorProducer@6c302a1d/IDLE/p=false/QueuedThreadPool[JettyServerThreadPool]@540dbda9{STARTED,8<=8<=250,i=8,r=-1,t=59724ms,q=0}[ReservedThreadExecutor@3a5c2626{reserved=0/12,pending=0}][pc=0,pic=0,pec=0,epc=0]@2025-09-02T09:34:39.7956355-03:00 added {SelectorProducer@6c302a1d,POJO}
09:34:39.795 [main] DEBUG org.eclipse.jetty.util.component.ContainerLifeCycle -- AdaptiveExecutionStrategy@53b8afea/SelectorProducer@6c302a1d/IDLE/p=false/QueuedThreadPool[JettyServerThreadPool]@540dbda9{STARTED,8<=8<=250,i=8,r=-1,t=59724ms,q=0}[ReservedThreadExecutor@3a5c2626{reserved=0/12,pending=0}][pc=0,pic=0,pec=0,epc=0]@2025-09-02T09:34:39.7956355-03:00 added {QueuedThreadPool[JettyServerThreadPool]@540dbda9{STARTED,8<=8<=250,i=8,r=-1,t=59723ms,q=0}[ReservedThreadExecutor@3a5c2626{reserved=0/12,pending=0}],UNMANAGED}
09:34:39.795 [main] DEBUG org.eclipse.jetty.util.thread.strategy.AdaptiveExecutionStrategy -- AdaptiveExecutionStrategy@53b8afea/SelectorProducer@6c302a1d/IDLE/p=false/QueuedThreadPool[JettyServerThreadPool]@540dbda9{STARTED,8<=8<=250,i=8,r=-1,t=59723ms,q=0}[ReservedThreadExecutor@3a5c2626{reserved=0/12,pending=0}][pc=0,pic=0,pec=0,epc=0]@2025-09-02T09:34:39.7956355-03:00 created
09:34:39.795 [main] DEBUG org.eclipse.jetty.util.component.ContainerLifeCycle -- ManagedSelector@33a3c44a{STOPPED} id=3 keys=-1 selected=-1 updates=0 added {AdaptiveExecutionStrategy@53b8afea/SelectorProducer@6c302a1d/IDLE/p=false/QueuedThreadPool[JettyServerThreadPool]@540dbda9{STARTED,8<=8<=250,i=8,r=-1,t=59723ms,q=0}[ReservedThreadExecutor@3a5c2626{reserved=0/12,pending=0}][pc=0,pic=0,pec=0,epc=0]@2025-09-02T09:34:39.7956355-03:00,MANAGED}
09:34:39.795 [main] DEBUG org.eclipse.jetty.util.component.ContainerLifeCycle -- SelectorManager@ServerConnector@270b6b5e{HTTP/1.1, (http/1.1)}{0.0.0.0:51078} added {ManagedSelector@33a3c44a{STOPPED} id=3 keys=-1 selected=-1 updates=0,AUTO}
09:34:39.795 [main] DEBUG org.eclipse.jetty.util.component.ContainerLifeCycle -- AdaptiveExecutionStrategy@5fcfca62/SelectorProducer@499ef98e/IDLE/p=false/QueuedThreadPool[JettyServerThreadPool]@540dbda9{STARTED,8<=8<=250,i=8,r=-1,t=59722ms,q=0}[ReservedThreadExecutor@3a5c2626{reserved=0/12,pending=0}][pc=0,pic=0,pec=0,epc=0]@2025-09-02T09:34:39.7956355-03:00 added {SelectorProducer@499ef98e,POJO}
09:34:39.795 [main] DEBUG org.eclipse.jetty.util.component.ContainerLifeCycle -- AdaptiveExecutionStrategy@5fcfca62/SelectorProducer@499ef98e/IDLE/p=false/QueuedThreadPool[JettyServerThreadPool]@540dbda9{STARTED,8<=8<=250,i=8,r=-1,t=59722ms,q=0}[ReservedThreadExecutor@3a5c2626{reserved=0/12,pending=0}][pc=0,pic=0,pec=0,epc=0]@2025-09-02T09:34:39.7956355-03:00 added {QueuedThreadPool[JettyServerThreadPool]@540dbda9{STARTED,8<=8<=250,i=8,r=-1,t=59722ms,q=0}[ReservedThreadExecutor@3a5c2626{reserved=0/12,pending=0}],UNMANAGED}
09:34:39.795 [main] DEBUG org.eclipse.jetty.util.thread.strategy.AdaptiveExecutionStrategy -- AdaptiveExecutionStrategy@5fcfca62/SelectorProducer@499ef98e/IDLE/p=false/QueuedThreadPool[JettyServerThreadPool]@540dbda9{STARTED,8<=8<=250,i=8,r=-1,t=59722ms,q=0}[ReservedThreadExecutor@3a5c2626{reserved=0/12,pending=0}][pc=0,pic=0,pec=0,epc=0]@2025-09-02T09:34:39.7956355-03:00 created
09:34:39.795 [main] DEBUG org.eclipse.jetty.util.component.ContainerLifeCycle -- ManagedSelector@24934262{STOPPED} id=4 keys=-1 selected=-1 updates=0 added {AdaptiveExecutionStrategy@5fcfca62/SelectorProducer@499ef98e/IDLE/p=false/QueuedThreadPool[JettyServerThreadPool]@540dbda9{STARTED,8<=8<=250,i=8,r=-1,t=59722ms,q=0}[ReservedThreadExecutor@3a5c2626{reserved=0/12,pending=0}][pc=0,pic=0,pec=0,epc=0]@2025-09-02T09:34:39.7956355-03:00,MANAGED}
09:34:39.795 [main] DEBUG org.eclipse.jetty.util.component.ContainerLifeCycle -- SelectorManager@ServerConnector@270b6b5e{HTTP/1.1, (http/1.1)}{0.0.0.0:51078} added {ManagedSelector@24934262{STOPPED} id=4 keys=-1 selected=-1 updates=0,AUTO}
09:34:39.795 [main] DEBUG org.eclipse.jetty.util.component.ContainerLifeCycle -- AdaptiveExecutionStrategy@93f432e/SelectorProducer@288214b1/IDLE/p=false/QueuedThreadPool[JettyServerThreadPool]@540dbda9{STARTED,8<=8<=250,i=8,r=-1,t=59720ms,q=0}[ReservedThreadExecutor@3a5c2626{reserved=0/12,pending=0}][pc=0,pic=0,pec=0,epc=0]@2025-09-02T09:34:39.7956355-03:00 added {SelectorProducer@288214b1,POJO}
09:34:39.795 [main] DEBUG org.eclipse.jetty.util.component.ContainerLifeCycle -- AdaptiveExecutionStrategy@93f432e/SelectorProducer@288214b1/IDLE/p=false/QueuedThreadPool[JettyServerThreadPool]@540dbda9{STARTED,8<=8<=250,i=8,r=-1,t=59720ms,q=0}[ReservedThreadExecutor@3a5c2626{reserved=0/12,pending=0}][pc=0,pic=0,pec=0,epc=0]@2025-09-02T09:34:39.7956355-03:00 added {QueuedThreadPool[JettyServerThreadPool]@540dbda9{STARTED,8<=8<=250,i=8,r=-1,t=59720ms,q=0}[ReservedThreadExecutor@3a5c2626{reserved=0/12,pending=0}],UNMANAGED}
09:34:39.795 [main] DEBUG org.eclipse.jetty.util.thread.strategy.AdaptiveExecutionStrategy -- AdaptiveExecutionStrategy@93f432e/SelectorProducer@288214b1/IDLE/p=false/QueuedThreadPool[JettyServerThreadPool]@540dbda9{STARTED,8<=8<=250,i=8,r=-1,t=59719ms,q=0}[ReservedThreadExecutor@3a5c2626{reserved=0/12,pending=0}][pc=0,pic=0,pec=0,epc=0]@2025-09-02T09:34:39.7956355-03:00 created
09:34:39.795 [main] DEBUG org.eclipse.jetty.util.component.ContainerLifeCycle -- ManagedSelector@16eedaa6{STOPPED} id=5 keys=-1 selected=-1 updates=0 added {AdaptiveExecutionStrategy@93f432e/SelectorProducer@288214b1/IDLE/p=false/QueuedThreadPool[JettyServerThreadPool]@540dbda9{STARTED,8<=8<=250,i=8,r=-1,t=59719ms,q=0}[ReservedThreadExecutor@3a5c2626{reserved=0/12,pending=0}][pc=0,pic=0,pec=0,epc=0]@2025-09-02T09:34:39.7956355-03:00,MANAGED}
09:34:39.795 [main] DEBUG org.eclipse.jetty.util.component.ContainerLifeCycle -- SelectorManager@ServerConnector@270b6b5e{HTTP/1.1, (http/1.1)}{0.0.0.0:51078} added {ManagedSelector@16eedaa6{STOPPED} id=5 keys=-1 selected=-1 updates=0,AUTO}
09:34:39.795 [main] DEBUG org.eclipse.jetty.util.component.AbstractLifeCycle -- STARTING ManagedSelector@2e53b094{STOPPED} id=0 keys=-1 selected=-1 updates=0
09:34:39.795 [main] DEBUG org.eclipse.jetty.util.component.AbstractLifeCycle -- STARTING AdaptiveExecutionStrategy@7b7683d4/SelectorProducer@40712ee9/IDLE/p=false/QueuedThreadPool[JettyServerThreadPool]@540dbda9{STARTED,8<=8<=250,i=8,r=-1,t=59719ms,q=0}[ReservedThreadExecutor@3a5c2626{reserved=0/12,pending=0}][pc=0,pic=0,pec=0,epc=0]@2025-09-02T09:34:39.7956355-03:00
09:34:39.795 [main] DEBUG org.eclipse.jetty.util.component.AbstractLifeCycle -- STARTED @4448ms AdaptiveExecutionStrategy@7b7683d4/SelectorProducer@40712ee9/IDLE/p=false/QueuedThreadPool[JettyServerThreadPool]@540dbda9{STARTED,8<=8<=250,i=8,r=-1,t=59718ms,q=0}[ReservedThreadExecutor@3a5c2626{reserved=0/12,pending=0}][pc=0,pic=0,pec=0,epc=0]@2025-09-02T09:34:39.7956355-03:00
09:34:39.911 [main] DEBUG org.eclipse.jetty.util.thread.QueuedThreadPool -- queue org.eclipse.jetty.io.ManagedSelector$$Lambda/0x000001cc112fc348@d8d9199 startThread=0
09:34:39.911 [JettyServerThreadPool-35] DEBUG org.eclipse.jetty.util.thread.QueuedThreadPool -- run org.eclipse.jetty.io.ManagedSelector$$Lambda/0x000001cc112fc348@d8d9199 in QueuedThreadPool[JettyServerThreadPool]@540dbda9{STARTED,8<=8<=250,i=7,r=-1,t=59611ms,q=0}[ReservedThreadExecutor@3a5c2626{reserved=0/12,pending=0}]
09:34:39.911 [JettyServerThreadPool-35] DEBUG org.eclipse.jetty.util.thread.strategy.AdaptiveExecutionStrategy -- AdaptiveExecutionStrategy@7b7683d4/SelectorProducer@40712ee9/IDLE/p=false/QueuedThreadPool[JettyServerThreadPool]@540dbda9{STARTED,8<=8<=250,i=7,r=-1,t=59610ms,q=0}[ReservedThreadExecutor@3a5c2626{reserved=0/12,pending=0}][pc=0,pic=0,pec=0,epc=0]@2025-09-02T09:34:39.9110549-03:00 tryProduce false
09:34:39.913 [JettyServerThreadPool-35] DEBUG org.eclipse.jetty.io.ManagedSelector -- updateable 0
09:34:39.913 [JettyServerThreadPool-35] DEBUG org.eclipse.jetty.io.ManagedSelector -- updates 0
09:34:39.913 [JettyServerThreadPool-35] DEBUG org.eclipse.jetty.io.ManagedSelector -- Selector sun.nio.ch.WEPollSelectorImpl@53b29e2f waiting with 0 keys
09:34:39.913 [main] DEBUG org.eclipse.jetty.io.ManagedSelector -- Queued change lazy=false org.eclipse.jetty.io.ManagedSelector$Start@47af099e on ManagedSelector@2e53b094{STARTING} id=0 keys=0 selected=0 updates=0
09:34:39.915 [main] DEBUG org.eclipse.jetty.io.ManagedSelector -- Wakeup on submit ManagedSelector@2e53b094{STARTING} id=0 keys=0 selected=0 updates=1
09:34:39.915 [JettyServerThreadPool-35] DEBUG org.eclipse.jetty.io.ManagedSelector -- Selector sun.nio.ch.WEPollSelectorImpl@53b29e2f woken with none selected
09:34:39.915 [JettyServerThreadPool-35] DEBUG org.eclipse.jetty.io.ManagedSelector -- Selector sun.nio.ch.WEPollSelectorImpl@53b29e2f woken up from select, 0/0/0 selected
09:34:39.915 [JettyServerThreadPool-35] DEBUG org.eclipse.jetty.io.ManagedSelector -- Selector sun.nio.ch.WEPollSelectorImpl@53b29e2f processing 0 keys, 1 updates
09:34:39.915 [JettyServerThreadPool-35] DEBUG org.eclipse.jetty.io.ManagedSelector -- updateable 1
09:34:39.915 [JettyServerThreadPool-35] DEBUG org.eclipse.jetty.io.ManagedSelector -- update org.eclipse.jetty.io.ManagedSelector$Start@47af099e
09:34:39.915 [JettyServerThreadPool-35] DEBUG org.eclipse.jetty.io.ManagedSelector -- updates 0
09:34:39.915 [JettyServerThreadPool-35] DEBUG org.eclipse.jetty.io.ManagedSelector -- Selector sun.nio.ch.WEPollSelectorImpl@53b29e2f waiting with 0 keys
09:34:39.915 [main] DEBUG org.eclipse.jetty.util.component.AbstractLifeCycle -- STARTED @4562ms ManagedSelector@2e53b094{STARTED} id=0 keys=0 selected=0 updates=0
09:34:39.915 [main] DEBUG org.eclipse.jetty.util.component.AbstractLifeCycle -- STARTING ManagedSelector@3f92a84e{STOPPED} id=1 keys=-1 selected=-1 updates=0
09:34:39.917 [main] DEBUG org.eclipse.jetty.util.component.AbstractLifeCycle -- STARTING AdaptiveExecutionStrategy@39fa8ad2/SelectorProducer@76ddd61a/IDLE/p=false/QueuedThreadPool[JettyServerThreadPool]@540dbda9{STARTED,8<=8<=250,i=7,r=-1,t=59605ms,q=0}[ReservedThreadExecutor@3a5c2626{reserved=0/12,pending=0}][pc=0,pic=0,pec=0,epc=0]@2025-09-02T09:34:39.9179208-03:00
09:34:39.917 [main] DEBUG org.eclipse.jetty.util.component.AbstractLifeCycle -- STARTED @4562ms AdaptiveExecutionStrategy@39fa8ad2/SelectorProducer@76ddd61a/IDLE/p=false/QueuedThreadPool[JettyServerThreadPool]@540dbda9{STARTED,8<=8<=250,i=7,r=-1,t=59604ms,q=0}[ReservedThreadExecutor@3a5c2626{reserved=0/12,pending=0}][pc=0,pic=0,pec=0,epc=0]@2025-09-02T09:34:39.9179208-03:00
09:34:39.919 [main] DEBUG org.eclipse.jetty.util.thread.QueuedThreadPool -- queue org.eclipse.jetty.io.ManagedSelector$$Lambda/0x000001cc112fc348@b835727 startThread=0
09:34:39.919 [JettyServerThreadPool-36] DEBUG org.eclipse.jetty.util.thread.QueuedThreadPool -- run org.eclipse.jetty.io.ManagedSelector$$Lambda/0x000001cc112fc348@b835727 in QueuedThreadPool[JettyServerThreadPool]@540dbda9{STARTED,8<=8<=250,i=6,r=-1,t=59601ms,q=0}[ReservedThreadExecutor@3a5c2626{reserved=0/12,pending=0}]
09:34:39.921 [main] DEBUG org.eclipse.jetty.io.ManagedSelector -- Queued change lazy=false org.eclipse.jetty.io.ManagedSelector$Start@13da7ab0 on ManagedSelector@3f92a84e{STARTING} id=1 keys=0 selected=0 updates=0
09:34:39.921 [JettyServerThreadPool-36] DEBUG org.eclipse.jetty.util.thread.strategy.AdaptiveExecutionStrategy -- AdaptiveExecutionStrategy@39fa8ad2/SelectorProducer@76ddd61a/IDLE/p=false/QueuedThreadPool[JettyServerThreadPool]@540dbda9{STARTED,8<=8<=250,i=6,r=-1,t=59600ms,q=0}[ReservedThreadExecutor@3a5c2626{reserved=0/12,pending=0}][pc=0,pic=0,pec=0,epc=0]@2025-09-02T09:34:39.9219647-03:00 tryProduce false
09:34:39.921 [JettyServerThreadPool-36] DEBUG org.eclipse.jetty.io.ManagedSelector -- updateable 1
09:34:39.922 [JettyServerThreadPool-36] DEBUG org.eclipse.jetty.io.ManagedSelector -- update org.eclipse.jetty.io.ManagedSelector$Start@13da7ab0
09:34:39.922 [JettyServerThreadPool-36] DEBUG org.eclipse.jetty.io.ManagedSelector -- updates 0
09:34:39.922 [JettyServerThreadPool-36] DEBUG org.eclipse.jetty.io.ManagedSelector -- Selector sun.nio.ch.WEPollSelectorImpl@431ba989 waiting with 0 keys
09:34:39.922 [main] DEBUG org.eclipse.jetty.util.component.AbstractLifeCycle -- STARTED @4567ms ManagedSelector@3f92a84e{STARTED} id=1 keys=0 selected=0 updates=0
09:34:39.922 [main] DEBUG org.eclipse.jetty.util.component.AbstractLifeCycle -- STARTING ManagedSelector@7942a854{STOPPED} id=2 keys=-1 selected=-1 updates=0
09:34:39.922 [main] DEBUG org.eclipse.jetty.util.component.AbstractLifeCycle -- STARTING AdaptiveExecutionStrategy@cf67838/SelectorProducer@6137cf6e/IDLE/p=false/QueuedThreadPool[JettyServerThreadPool]@540dbda9{STARTED,8<=8<=250,i=6,r=-1,t=59598ms,q=0}[ReservedThreadExecutor@3a5c2626{reserved=0/12,pending=0}][pc=0,pic=0,pec=0,epc=0]@2025-09-02T09:34:39.9229812-03:00
09:34:39.922 [main] DEBUG org.eclipse.jetty.util.component.AbstractLifeCycle -- STARTED @4569ms AdaptiveExecutionStrategy@cf67838/SelectorProducer@6137cf6e/IDLE/p=false/QueuedThreadPool[JettyServerThreadPool]@540dbda9{STARTED,8<=8<=250,i=6,r=-1,t=59598ms,q=0}[ReservedThreadExecutor@3a5c2626{reserved=0/12,pending=0}][pc=0,pic=0,pec=0,epc=0]@2025-09-02T09:34:39.9229812-03:00
09:34:39.929 [main] DEBUG org.eclipse.jetty.util.thread.QueuedThreadPool -- queue org.eclipse.jetty.io.ManagedSelector$$Lambda/0x000001cc112fc348@2c8662ac startThread=0
09:34:39.929 [JettyServerThreadPool-37] DEBUG org.eclipse.jetty.util.thread.QueuedThreadPool -- run org.eclipse.jetty.io.ManagedSelector$$Lambda/0x000001cc112fc348@2c8662ac in QueuedThreadPool[JettyServerThreadPool]@540dbda9{STARTED,8<=8<=250,i=5,r=-1,t=59592ms,q=0}[ReservedThreadExecutor@3a5c2626{reserved=0/12,pending=0}]
09:34:39.929 [main] DEBUG org.eclipse.jetty.io.ManagedSelector -- Queued change lazy=false org.eclipse.jetty.io.ManagedSelector$Start@260ff5b7 on ManagedSelector@7942a854{STARTING} id=2 keys=0 selected=0 updates=0
09:34:39.929 [JettyServerThreadPool-37] DEBUG org.eclipse.jetty.util.thread.strategy.AdaptiveExecutionStrategy -- AdaptiveExecutionStrategy@cf67838/SelectorProducer@6137cf6e/IDLE/p=false/QueuedThreadPool[JettyServerThreadPool]@540dbda9{STARTED,8<=8<=250,i=5,r=-1,t=59591ms,q=0}[ReservedThreadExecutor@3a5c2626{reserved=0/12,pending=0}][pc=0,pic=0,pec=0,epc=0]@2025-09-02T09:34:39.9313138-03:00 tryProduce false
09:34:39.931 [JettyServerThreadPool-37] DEBUG org.eclipse.jetty.io.ManagedSelector -- updateable 1
09:34:39.931 [JettyServerThreadPool-37] DEBUG org.eclipse.jetty.io.ManagedSelector -- update org.eclipse.jetty.io.ManagedSelector$Start@260ff5b7
09:34:39.931 [JettyServerThreadPool-37] DEBUG org.eclipse.jetty.io.ManagedSelector -- updates 0
09:34:39.931 [JettyServerThreadPool-37] DEBUG org.eclipse.jetty.io.ManagedSelector -- Selector sun.nio.ch.WEPollSelectorImpl@3f95f7b3 waiting with 0 keys
09:34:39.931 [main] DEBUG org.eclipse.jetty.util.component.AbstractLifeCycle -- STARTED @4577ms ManagedSelector@7942a854{STARTED} id=2 keys=0 selected=0 updates=0
09:34:39.932 [main] DEBUG org.eclipse.jetty.util.component.AbstractLifeCycle -- STARTING ManagedSelector@33a3c44a{STOPPED} id=3 keys=-1 selected=-1 updates=0
09:34:39.932 [main] DEBUG org.eclipse.jetty.util.component.AbstractLifeCycle -- STARTING AdaptiveExecutionStrategy@53b8afea/SelectorProducer@6c302a1d/IDLE/p=false/QueuedThreadPool[JettyServerThreadPool]@540dbda9{STARTED,8<=8<=250,i=5,r=-1,t=59589ms,q=0}[ReservedThreadExecutor@3a5c2626{reserved=0/12,pending=0}][pc=0,pic=0,pec=0,epc=0]@2025-09-02T09:34:39.93277-03:00
09:34:39.935 [main] DEBUG org.eclipse.jetty.util.component.AbstractLifeCycle -- STARTED @4580ms AdaptiveExecutionStrategy@53b8afea/SelectorProducer@6c302a1d/IDLE/p=false/QueuedThreadPool[JettyServerThreadPool]@540dbda9{STARTED,8<=8<=250,i=5,r=-1,t=59587ms,q=0}[ReservedThreadExecutor@3a5c2626{reserved=0/12,pending=0}][pc=0,pic=0,pec=0,epc=0]@2025-09-02T09:34:39.9356863-03:00
09:34:39.943 [main] DEBUG org.eclipse.jetty.util.thread.QueuedThreadPool -- queue org.eclipse.jetty.io.ManagedSelector$$Lambda/0x000001cc112fc348@3724b43e startThread=0
09:34:39.943 [JettyServerThreadPool-38] DEBUG org.eclipse.jetty.util.thread.QueuedThreadPool -- run org.eclipse.jetty.io.ManagedSelector$$Lambda/0x000001cc112fc348@3724b43e in QueuedThreadPool[JettyServerThreadPool]@540dbda9{STARTED,8<=8<=250,i=4,r=-1,t=59579ms,q=0}[ReservedThreadExecutor@3a5c2626{reserved=0/12,pending=0}]
09:34:39.943 [main] DEBUG org.eclipse.jetty.io.ManagedSelector -- Queued change lazy=false org.eclipse.jetty.io.ManagedSelector$Start@77eb5790 on ManagedSelector@33a3c44a{STARTING} id=3 keys=0 selected=0 updates=0
09:34:39.943 [JettyServerThreadPool-38] DEBUG org.eclipse.jetty.util.thread.strategy.AdaptiveExecutionStrategy -- AdaptiveExecutionStrategy@53b8afea/SelectorProducer@6c302a1d/IDLE/p=false/QueuedThreadPool[JettyServerThreadPool]@540dbda9{STARTED,8<=8<=250,i=4,r=-1,t=59578ms,q=0}[ReservedThreadExecutor@3a5c2626{reserved=0/12,pending=0}][pc=0,pic=0,pec=0,epc=0]@2025-09-02T09:34:39.9432919-03:00 tryProduce false
09:34:39.943 [JettyServerThreadPool-38] DEBUG org.eclipse.jetty.io.ManagedSelector -- updateable 1
09:34:39.943 [JettyServerThreadPool-38] DEBUG org.eclipse.jetty.io.ManagedSelector -- update org.eclipse.jetty.io.ManagedSelector$Start@77eb5790
09:34:39.943 [JettyServerThreadPool-38] DEBUG org.eclipse.jetty.io.ManagedSelector -- updates 0
09:34:39.943 [main] DEBUG org.eclipse.jetty.util.component.AbstractLifeCycle -- STARTED @4589ms ManagedSelector@33a3c44a{STARTED} id=3 keys=0 selected=0 updates=0
09:34:39.943 [JettyServerThreadPool-38] DEBUG org.eclipse.jetty.io.ManagedSelector -- Selector sun.nio.ch.WEPollSelectorImpl@4b1be36e waiting with 0 keys
09:34:39.943 [main] DEBUG org.eclipse.jetty.util.component.AbstractLifeCycle -- STARTING ManagedSelector@24934262{STOPPED} id=4 keys=-1 selected=-1 updates=0
09:34:39.945 [main] DEBUG org.eclipse.jetty.util.component.AbstractLifeCycle -- STARTING AdaptiveExecutionStrategy@5fcfca62/SelectorProducer@499ef98e/IDLE/p=false/QueuedThreadPool[JettyServerThreadPool]@540dbda9{STARTED,8<=8<=250,i=4,r=-1,t=59577ms,q=0}[ReservedThreadExecutor@3a5c2626{reserved=0/12,pending=0}][pc=0,pic=0,pec=0,epc=0]@2025-09-02T09:34:39.9457171-03:00
09:34:39.945 [main] DEBUG org.eclipse.jetty.util.component.AbstractLifeCycle -- STARTED @4591ms AdaptiveExecutionStrategy@5fcfca62/SelectorProducer@499ef98e/IDLE/p=false/QueuedThreadPool[JettyServerThreadPool]@540dbda9{STARTED,8<=8<=250,i=4,r=-1,t=59575ms,q=0}[ReservedThreadExecutor@3a5c2626{reserved=0/12,pending=0}][pc=0,pic=0,pec=0,epc=0]@2025-09-02T09:34:39.9457171-03:00
09:34:39.951 [main] DEBUG org.eclipse.jetty.util.thread.QueuedThreadPool -- queue org.eclipse.jetty.io.ManagedSelector$$Lambda/0x000001cc112fc348@68e7c8c3 startThread=0
09:34:39.953 [JettyServerThreadPool-39] DEBUG org.eclipse.jetty.util.thread.QueuedThreadPool -- run org.eclipse.jetty.io.ManagedSelector$$Lambda/0x000001cc112fc348@68e7c8c3 in QueuedThreadPool[JettyServerThreadPool]@540dbda9{STARTED,8<=8<=250,i=3,r=-1,t=59569ms,q=0}[ReservedThreadExecutor@3a5c2626{reserved=0/12,pending=0}]
09:34:39.953 [main] DEBUG org.eclipse.jetty.io.ManagedSelector -- Queued change lazy=false org.eclipse.jetty.io.ManagedSelector$Start@319c3a25 on ManagedSelector@24934262{STARTING} id=4 keys=0 selected=0 updates=0
09:34:39.953 [JettyServerThreadPool-39] DEBUG org.eclipse.jetty.util.thread.strategy.AdaptiveExecutionStrategy -- AdaptiveExecutionStrategy@5fcfca62/SelectorProducer@499ef98e/IDLE/p=false/QueuedThreadPool[JettyServerThreadPool]@540dbda9{STARTED,8<=8<=250,i=3,r=-1,t=59568ms,q=0}[ReservedThreadExecutor@3a5c2626{reserved=0/12,pending=0}][pc=0,pic=0,pec=0,epc=0]@2025-09-02T09:34:39.9535131-03:00 tryProduce false
09:34:39.953 [JettyServerThreadPool-39] DEBUG org.eclipse.jetty.io.ManagedSelector -- updateable 1
09:34:39.953 [JettyServerThreadPool-39] DEBUG org.eclipse.jetty.io.ManagedSelector -- update org.eclipse.jetty.io.ManagedSelector$Start@319c3a25
09:34:39.953 [JettyServerThreadPool-39] DEBUG org.eclipse.jetty.io.ManagedSelector -- updates 0
09:34:39.953 [JettyServerThreadPool-39] DEBUG org.eclipse.jetty.io.ManagedSelector -- Selector sun.nio.ch.WEPollSelectorImpl@1928ddaa waiting with 0 keys
09:34:39.953 [main] DEBUG org.eclipse.jetty.util.component.AbstractLifeCycle -- STARTED @4600ms ManagedSelector@24934262{STARTED} id=4 keys=0 selected=0 updates=0
09:34:39.953 [main] DEBUG org.eclipse.jetty.util.component.AbstractLifeCycle -- STARTING ManagedSelector@16eedaa6{STOPPED} id=5 keys=-1 selected=-1 updates=0
09:34:39.953 [main] DEBUG org.eclipse.jetty.util.component.AbstractLifeCycle -- STARTING AdaptiveExecutionStrategy@93f432e/SelectorProducer@288214b1/IDLE/p=false/QueuedThreadPool[JettyServerThreadPool]@540dbda9{STARTED,8<=8<=250,i=3,r=-1,t=59566ms,q=0}[ReservedThreadExecutor@3a5c2626{reserved=0/12,pending=0}][pc=0,pic=0,pec=0,epc=0]@2025-09-02T09:34:39.9535131-03:00
09:34:39.953 [main] DEBUG org.eclipse.jetty.util.component.AbstractLifeCycle -- STARTED @4601ms AdaptiveExecutionStrategy@93f432e/SelectorProducer@288214b1/IDLE/p=false/QueuedThreadPool[JettyServerThreadPool]@540dbda9{STARTED,8<=8<=250,i=3,r=-1,t=59566ms,q=0}[ReservedThreadExecutor@3a5c2626{reserved=0/12,pending=0}][pc=0,pic=0,pec=0,epc=0]@2025-09-02T09:34:39.9535131-03:00
09:34:39.960 [main] DEBUG org.eclipse.jetty.util.thread.QueuedThreadPool -- queue org.eclipse.jetty.io.ManagedSelector$$Lambda/0x000001cc112fc348@238bfd6c startThread=0
09:34:39.960 [JettyServerThreadPool-40] DEBUG org.eclipse.jetty.util.thread.QueuedThreadPool -- run org.eclipse.jetty.io.ManagedSelector$$Lambda/0x000001cc112fc348@238bfd6c in QueuedThreadPool[JettyServerThreadPool]@540dbda9{STARTED,8<=8<=250,i=2,r=-1,t=59561ms,q=0}[ReservedThreadExecutor@3a5c2626{reserved=0/12,pending=0}]
09:34:39.962 [main] DEBUG org.eclipse.jetty.io.ManagedSelector -- Queued change lazy=false org.eclipse.jetty.io.ManagedSelector$Start@ef1695a on ManagedSelector@16eedaa6{STARTING} id=5 keys=0 selected=0 updates=0
09:34:39.962 [JettyServerThreadPool-40] DEBUG org.eclipse.jetty.util.thread.strategy.AdaptiveExecutionStrategy -- AdaptiveExecutionStrategy@93f432e/SelectorProducer@288214b1/IDLE/p=false/QueuedThreadPool[JettyServerThreadPool]@540dbda9{STARTED,8<=8<=250,i=2,r=-1,t=59560ms,q=0}[ReservedThreadExecutor@3a5c2626{reserved=0/12,pending=0}][pc=0,pic=0,pec=0,epc=0]@2025-09-02T09:34:39.9624132-03:00 tryProduce false
09:34:39.962 [JettyServerThreadPool-40] DEBUG org.eclipse.jetty.io.ManagedSelector -- updateable 1
09:34:39.962 [JettyServerThreadPool-40] DEBUG org.eclipse.jetty.io.ManagedSelector -- update org.eclipse.jetty.io.ManagedSelector$Start@ef1695a
09:34:39.962 [JettyServerThreadPool-40] DEBUG org.eclipse.jetty.io.ManagedSelector -- updates 0
09:34:39.962 [JettyServerThreadPool-40] DEBUG org.eclipse.jetty.io.ManagedSelector -- Selector sun.nio.ch.WEPollSelectorImpl@1f50552d waiting with 0 keys
09:34:39.964 [main] DEBUG org.eclipse.jetty.util.component.AbstractLifeCycle -- STARTED @4608ms ManagedSelector@16eedaa6{STARTED} id=5 keys=0 selected=0 updates=0
09:34:39.964 [main] DEBUG org.eclipse.jetty.util.component.AbstractLifeCycle -- STARTED @4609ms SelectorManager@ServerConnector@270b6b5e{HTTP/1.1, (http/1.1)}{0.0.0.0:51078}
09:34:39.964 [main] DEBUG org.eclipse.jetty.util.component.ContainerLifeCycle -- ServerConnector@270b6b5e{HTTP/1.1, (http/1.1)}{0.0.0.0:51078} added {acceptor-0@7139bd31,POJO}
09:34:39.964 [main] DEBUG org.eclipse.jetty.util.thread.QueuedThreadPool -- queue acceptor-0@7139bd31 startThread=0
09:34:39.964 [main] INFO org.eclipse.jetty.server.AbstractConnector -- Started ServerConnector@270b6b5e{HTTP/1.1, (http/1.1)}{0.0.0.0:51078}
09:34:39.964 [JettyServerThreadPool-41] DEBUG org.eclipse.jetty.util.thread.QueuedThreadPool -- run acceptor-0@7139bd31 in QueuedThreadPool[JettyServerThreadPool]@540dbda9{STARTED,8<=8<=250,i=1,r=-1,t=59556ms,q=0}[ReservedThreadExecutor@3a5c2626{reserved=0/12,pending=0}]
09:34:39.964 [main] DEBUG org.eclipse.jetty.util.component.AbstractLifeCycle -- STARTED @4611ms ServerConnector@270b6b5e{HTTP/1.1, (http/1.1)}{0.0.0.0:51078}
09:34:39.964 [main] INFO org.eclipse.jetty.server.Server -- Started Server@58a4a74d{STARTING}[11.0.20,sto=0] @4611ms
09:34:39.964 [main] DEBUG org.eclipse.jetty.util.component.AbstractLifeCycle -- STARTED @4611ms Server@58a4a74d{STARTED}[11.0.20,sto=0]
09:34:39.964 [main] INFO io.javalin.Javalin -- 
       __                  ___           _____
      / /___ __   ______ _/ (_)___      / ___/
 __  / / __ `/ | / / __ `/ / / __ \    / __ \
/ /_/ / /_/ /| |/ / /_/ / / / / / /   / /_/ /
\____/\__,_/ |___/\__,_/_/_/_/ /_/    \____/

       https://javalin.io/documentation

09:34:39.964 [main] INFO io.javalin.Javalin -- Javalin started in 758ms \o/
09:34:39.981 [main] INFO io.javalin.Javalin -- Listening on http://localhost:51078/
09:34:40.011 [main] INFO io.javalin.Javalin -- You are running Javalin 6.1.3 (released March 2, 2024. Your Javalin version is 548 days old. Consider checking for a newer version.).
09:34:40.518 [JettyServerThreadPool-41-acceptor-0@7139bd31-ServerConnector@270b6b5e{HTTP/1.1, (http/1.1)}{0.0.0.0:51078}] DEBUG org.eclipse.jetty.io.ManagedSelector -- Queued change lazy=false Accept@588a4b20[java.nio.channels.SocketChannel[connected local=/127.0.0.1:51078 remote=/127.0.0.1:51079]] on ManagedSelector@3f92a84e{STARTED} id=1 keys=0 selected=0 updates=0
09:34:40.518 [JettyServerThreadPool-41-acceptor-0@7139bd31-ServerConnector@270b6b5e{HTTP/1.1, (http/1.1)}{0.0.0.0:51078}] DEBUG org.eclipse.jetty.io.ManagedSelector -- Wakeup on submit ManagedSelector@3f92a84e{STARTED} id=1 keys=0 selected=0 updates=1
09:34:40.518 [JettyServerThreadPool-36] DEBUG org.eclipse.jetty.io.ManagedSelector -- Selector sun.nio.ch.WEPollSelectorImpl@431ba989 woken with none selected
09:34:40.518 [JettyServerThreadPool-36] DEBUG org.eclipse.jetty.io.ManagedSelector -- Selector sun.nio.ch.WEPollSelectorImpl@431ba989 woken up from select, 0/0/0 selected
09:34:40.518 [JettyServerThreadPool-36] DEBUG org.eclipse.jetty.io.ManagedSelector -- Selector sun.nio.ch.WEPollSelectorImpl@431ba989 processing 0 keys, 1 updates
09:34:40.518 [JettyServerThreadPool-36] DEBUG org.eclipse.jetty.io.ManagedSelector -- updateable 1
09:34:40.518 [JettyServerThreadPool-36] DEBUG org.eclipse.jetty.io.ManagedSelector -- update Accept@588a4b20[java.nio.channels.SocketChannel[connected local=/127.0.0.1:51078 remote=/127.0.0.1:51079]]
09:34:40.518 [JettyServerThreadPool-36] DEBUG org.eclipse.jetty.util.thread.QueuedThreadPool -- queue Accept@588a4b20[java.nio.channels.SocketChannel[connected local=/127.0.0.1:51078 remote=/127.0.0.1:51079]] startThread=0
09:34:40.518 [JettyServerThreadPool-36] DEBUG org.eclipse.jetty.io.ManagedSelector -- updates 0
09:34:40.518 [JettyServerThreadPool-36] DEBUG org.eclipse.jetty.io.ManagedSelector -- Selector sun.nio.ch.WEPollSelectorImpl@431ba989 waiting with 1 keys
09:34:40.518 [JettyServerThreadPool-42] DEBUG org.eclipse.jetty.util.thread.QueuedThreadPool -- run Accept@588a4b20[java.nio.channels.SocketChannel[connected local=/127.0.0.1:51078 remote=/127.0.0.1:51079]] in QueuedThreadPool[JettyServerThreadPool]@540dbda9{STARTED,8<=8<=250,i=0,r=-1,t=58998ms,q=0}[ReservedThreadExecutor@3a5c2626{reserved=0/12,pending=0}]
09:34:40.545 [JettyServerThreadPool-42] DEBUG org.eclipse.jetty.io.IdleTimeout -- Setting idle timeout 0 -> 30000 on SocketChannelEndPoint@7346e442[{l=/127.0.0.1:51078,r=/127.0.0.1:51079,OPEN,fill=-,flush=-,to=10/30000}{io=0/0,kio=0,kro=0}]->[<null>]
09:34:40.545 [JettyServerThreadPool-42] DEBUG org.eclipse.jetty.io.IdleTimeout -- SocketChannelEndPoint@7346e442[{l=/127.0.0.1:51078,r=/127.0.0.1:51079,OPEN,fill=-,flush=-,to=10/30000}{io=0/0,kio=0,kro=0}]->[<null>] idle timeout check, elapsed: 10 ms, remaining: 29990 ms
09:34:40.627 [JettyServerThreadPool-42] DEBUG org.eclipse.jetty.server.HttpChannel -- new HttpChannelOverHttp@6492dae5{s=HttpChannelState@3ca76bd7{s=IDLE rs=BLOCKING os=OPEN is=IDLE awp=false se=false i=true al=0},r=0,c=false/false,a=IDLE,uri=null,age=0} -> SocketChannelEndPoint@7346e442[{l=/127.0.0.1:51078,r=/127.0.0.1:51079,OPEN,fill=-,flush=-,to=91/30000}{io=0/0,kio=0,kro=0}]->[<null>],null,HttpChannelState@3ca76bd7{s=IDLE rs=BLOCKING os=OPEN is=IDLE awp=false se=false i=true al=0}
09:34:40.647 [JettyServerThreadPool-42] DEBUG org.eclipse.jetty.server.HttpConnection -- New HTTP Connection HttpConnection@345a8ae1::SocketChannelEndPoint@7346e442[{l=/127.0.0.1:51078,r=/127.0.0.1:51079,OPEN,fill=-,flush=-,to=110/30000}{io=0/0,kio=0,kro=0}]->[<null>]
09:34:40.649 [JettyServerThreadPool-42] DEBUG org.eclipse.jetty.io.ManagedSelector -- Queued change lazy=true org.eclipse.jetty.io.ManagedSelector$$Lambda/0x000001cc113ba608@caf417b on ManagedSelector@3f92a84e{STARTED} id=1 keys=1 selected=0 updates=0
09:34:40.649 [JettyServerThreadPool-42] DEBUG org.eclipse.jetty.io.AbstractEndPoint -- onOpen SocketChannelEndPoint@7346e442[{l=/127.0.0.1:51078,r=/127.0.0.1:51079,OPEN,fill=-,flush=-,to=111/30000}{io=0/0,kio=0,kro=0}]->[HttpConnection@345a8ae1[p=HttpParser{s=START,0 of -1},g=HttpGenerator@6f2481eb{s=START}]=>HttpChannelOverHttp@6492dae5{s=HttpChannelState@3ca76bd7{s=IDLE rs=BLOCKING os=OPEN is=IDLE awp=false se=false i=true al=0},r=0,c=false/false,a=IDLE,uri=null,age=0}]
09:34:40.649 [JettyServerThreadPool-42] DEBUG org.eclipse.jetty.io.AbstractConnection -- onOpen HttpConnection@345a8ae1::SocketChannelEndPoint@7346e442[{l=/127.0.0.1:51078,r=/127.0.0.1:51079,OPEN,fill=-,flush=-,to=112/30000}{io=0/0,kio=0,kro=0}]->[HttpConnection@345a8ae1[p=HttpParser{s=START,0 of -1},g=HttpGenerator@6f2481eb{s=START}]=>HttpChannelOverHttp@6492dae5{s=HttpChannelState@3ca76bd7{s=IDLE rs=BLOCKING os=OPEN is=IDLE awp=false se=false i=true al=0},r=0,c=false/false,a=IDLE,uri=null,age=0}]
09:34:40.649 [JettyServerThreadPool-42] DEBUG org.eclipse.jetty.io.AbstractConnection -- fillInterested HttpConnection@345a8ae1::SocketChannelEndPoint@7346e442[{l=/127.0.0.1:51078,r=/127.0.0.1:51079,OPEN,fill=-,flush=-,to=112/30000}{io=0/0,kio=0,kro=0}]->[HttpConnection@345a8ae1[p=HttpParser{s=START,0 of -1},g=HttpGenerator@6f2481eb{s=START}]=>HttpChannelOverHttp@6492dae5{s=HttpChannelState@3ca76bd7{s=IDLE rs=BLOCKING os=OPEN is=IDLE awp=false se=false i=true al=0},r=0,c=false/false,a=IDLE,uri=null,age=0}]
09:34:40.649 [JettyServerThreadPool-42] DEBUG org.eclipse.jetty.io.FillInterest -- interested FillInterest@78a863{ReadCallback@2d4b12b{HttpConnection@345a8ae1::SocketChannelEndPoint@7346e442[{l=/127.0.0.1:51078,r=/127.0.0.1:51079,OPEN,fill=FI,flush=-,to=0/30000}{io=0/0,kio=0,kro=0}]->[HttpConnection@345a8ae1[p=HttpParser{s=START,0 of -1},g=HttpGenerator@6f2481eb{s=START}]=>HttpChannelOverHttp@6492dae5{s=HttpChannelState@3ca76bd7{s=IDLE rs=BLOCKING os=OPEN is=IDLE awp=false se=false i=true al=0},r=0,c=false/false,a=IDLE,uri=null,age=0}]}}
09:34:40.649 [JettyServerThreadPool-42] DEBUG org.eclipse.jetty.io.SelectableChannelEndPoint -- changeInterests p=false 0->1 for SocketChannelEndPoint@7346e442[{l=/127.0.0.1:51078,r=/127.0.0.1:51079,OPEN,fill=FI,flush=-,to=0/30000}{io=0/1,kio=0,kro=0}]->[HttpConnection@345a8ae1[p=HttpParser{s=START,0 of -1},g=HttpGenerator@6f2481eb{s=START}]=>HttpChannelOverHttp@6492dae5{s=HttpChannelState@3ca76bd7{s=IDLE rs=BLOCKING os=OPEN is=IDLE awp=false se=false i=true al=0},r=0,c=false/false,a=IDLE,uri=null,age=0}]
09:34:40.649 [JettyServerThreadPool-42] DEBUG org.eclipse.jetty.io.ManagedSelector -- Queued change lazy=false org.eclipse.jetty.io.SelectableChannelEndPoint$$Lambda/0x000001cc113a49e8@74068c93 on ManagedSelector@3f92a84e{STARTED} id=1 keys=1 selected=0 updates=1
09:34:40.649 [JettyServerThreadPool-42] DEBUG org.eclipse.jetty.io.ManagedSelector -- Wakeup on submit ManagedSelector@3f92a84e{STARTED} id=1 keys=1 selected=0 updates=2
09:34:40.649 [JettyServerThreadPool-42] DEBUG org.eclipse.jetty.io.ManagedSelector -- Created SocketChannelEndPoint@7346e442[{l=/127.0.0.1:51078,r=/127.0.0.1:51079,OPEN,fill=FI,flush=-,to=0/30000}{io=0/1,kio=0,kro=0}]->[HttpConnection@345a8ae1[p=HttpParser{s=START,0 of -1},g=HttpGenerator@6f2481eb{s=START}]=>HttpChannelOverHttp@6492dae5{s=HttpChannelState@3ca76bd7{s=IDLE rs=BLOCKING os=OPEN is=IDLE awp=false se=false i=true al=0},r=0,c=false/false,a=IDLE,uri=null,age=0}]
09:34:40.649 [JettyServerThreadPool-36] DEBUG org.eclipse.jetty.io.ManagedSelector -- Selector sun.nio.ch.WEPollSelectorImpl@431ba989 woken with none selected
09:34:40.649 [JettyServerThreadPool-42] DEBUG org.eclipse.jetty.util.thread.QueuedThreadPool -- ran Accept@588a4b20[java.nio.channels.SocketChannel[connected local=/127.0.0.1:51078 remote=/127.0.0.1:51079]] in QueuedThreadPool[JettyServerThreadPool]@540dbda9{STARTED,8<=8<=250,i=0,r=-1,t=58871ms,q=0}[ReservedThreadExecutor@3a5c2626{reserved=0/12,pending=0}]
09:34:40.649 [JettyServerThreadPool-36] DEBUG org.eclipse.jetty.io.ManagedSelector -- Selector sun.nio.ch.WEPollSelectorImpl@431ba989 woken up from select, 0/0/1 selected
09:34:40.649 [JettyServerThreadPool-42] DEBUG org.eclipse.jetty.util.thread.QueuedThreadPool -- Evict skipped, no excess threads QueuedThreadPool[JettyServerThreadPool]@540dbda9{STARTED,8<=8<=250,i=1,r=-1,t=58870ms,q=0}[ReservedThreadExecutor@3a5c2626{reserved=0/12,pending=0}]
09:34:40.649 [JettyServerThreadPool-36] DEBUG org.eclipse.jetty.io.ManagedSelector -- Selector sun.nio.ch.WEPollSelectorImpl@431ba989 processing 0 keys, 2 updates
09:34:40.649 [JettyServerThreadPool-36] DEBUG org.eclipse.jetty.io.ManagedSelector -- updateable 2
09:34:40.649 [JettyServerThreadPool-36] DEBUG org.eclipse.jetty.io.ManagedSelector -- update org.eclipse.jetty.io.ManagedSelector$$Lambda/0x000001cc113ba608@caf417b
09:34:40.649 [JettyServerThreadPool-36] DEBUG org.eclipse.jetty.io.ManagedSelector -- update org.eclipse.jetty.io.SelectableChannelEndPoint$$Lambda/0x000001cc113a49e8@74068c93
09:34:40.649 [JettyServerThreadPool-36] DEBUG org.eclipse.jetty.io.SelectableChannelEndPoint -- Key interests updated 0 -> 1 on SocketChannelEndPoint@7346e442[{l=/127.0.0.1:51078,r=/127.0.0.1:51079,OPEN,fill=FI,flush=-,to=1/30000}{io=1/1,kio=1,kro=0}]->[HttpConnection@345a8ae1[p=HttpParser{s=START,0 of -1},g=HttpGenerator@6f2481eb{s=START}]=>HttpChannelOverHttp@6492dae5{s=HttpChannelState@3ca76bd7{s=IDLE rs=BLOCKING os=OPEN is=IDLE awp=false se=false i=true al=0},r=0,c=false/false,a=IDLE,uri=null,age=0}]
09:34:40.649 [JettyServerThreadPool-36] DEBUG org.eclipse.jetty.io.ManagedSelector -- updates 0
09:34:40.649 [JettyServerThreadPool-36] DEBUG org.eclipse.jetty.io.ManagedSelector -- Selector sun.nio.ch.WEPollSelectorImpl@431ba989 waiting with 1 keys
09:34:40.649 [JettyServerThreadPool-36] DEBUG org.eclipse.jetty.io.ManagedSelector -- Selector sun.nio.ch.WEPollSelectorImpl@431ba989 woken up from select, 1/1/1 selected
09:34:40.649 [JettyServerThreadPool-36] DEBUG org.eclipse.jetty.io.ManagedSelector -- Selector sun.nio.ch.WEPollSelectorImpl@431ba989 processing 1 keys, 0 updates
09:34:40.649 [JettyServerThreadPool-36] DEBUG org.eclipse.jetty.io.ManagedSelector -- selected 1 channel=java.nio.channels.SocketChannel[connected local=/127.0.0.1:51078 remote=/127.0.0.1:51079], selector=sun.nio.ch.WEPollSelectorImpl@431ba989, interestOps=1, readyOps=1 SocketChannelEndPoint@7346e442[{l=/127.0.0.1:51078,r=/127.0.0.1:51079,OPEN,fill=FI,flush=-,to=2/30000}{io=1/1,kio=1,kro=1}]->[HttpConnection@345a8ae1[p=HttpParser{s=START,0 of -1},g=HttpGenerator@6f2481eb{s=START}]=>HttpChannelOverHttp@6492dae5{s=HttpChannelState@3ca76bd7{s=IDLE rs=BLOCKING os=OPEN is=IDLE awp=false se=false i=true al=0},r=0,c=false/false,a=IDLE,uri=null,age=0}] 
09:34:40.649 [JettyServerThreadPool-36] DEBUG org.eclipse.jetty.io.SelectableChannelEndPoint -- onSelected 1->0 r=true w=false for SocketChannelEndPoint@7346e442[{l=/127.0.0.1:51078,r=/127.0.0.1:51079,OPEN,fill=FI,flush=-,to=2/30000}{io=1/0,kio=1,kro=1}]->[HttpConnection@345a8ae1[p=HttpParser{s=START,0 of -1},g=HttpGenerator@6f2481eb{s=START}]=>HttpChannelOverHttp@6492dae5{s=HttpChannelState@3ca76bd7{s=IDLE rs=BLOCKING os=OPEN is=IDLE awp=false se=false i=true al=0},r=0,c=false/false,a=IDLE,uri=null,age=0}]
09:34:40.649 [JettyServerThreadPool-36] DEBUG org.eclipse.jetty.io.SelectableChannelEndPoint -- task SocketChannelEndPoint@7346e442[{l=/127.0.0.1:51078,r=/127.0.0.1:51079,OPEN,fill=FI,flush=-,to=3/30000}{io=1/0,kio=1,kro=1}]->[HttpConnection@345a8ae1[p=HttpParser{s=START,0 of -1},g=HttpGenerator@6f2481eb{s=START}]=>HttpChannelOverHttp@6492dae5{s=HttpChannelState@3ca76bd7{s=IDLE rs=BLOCKING os=OPEN is=IDLE awp=false se=false i=true al=0},r=0,c=false/false,a=IDLE,uri=null,age=0}]:runFillable:BLOCKING
09:34:40.649 [JettyServerThreadPool-36] DEBUG org.eclipse.jetty.util.thread.ReservedThreadExecutor -- ReservedThreadExecutor@3a5c2626{reserved=0/12,pending=0} tryExecute AdaptiveExecutionStrategy@39fa8ad2/SelectorProducer@76ddd61a/PRODUCING/p=false/QueuedThreadPool[JettyServerThreadPool]@540dbda9{STARTED,8<=8<=250,i=1,r=-1,t=58868ms,q=0}[ReservedThreadExecutor@3a5c2626{reserved=0/12,pending=0}][pc=0,pic=0,pec=0,epc=0]@2025-09-02T09:34:40.6495479-03:00
09:34:40.649 [JettyServerThreadPool-36] DEBUG org.eclipse.jetty.util.thread.ReservedThreadExecutor -- ReservedThreadExecutor@3a5c2626{reserved=0/12,pending=1} startReservedThread p=1
09:34:40.657 [JettyServerThreadPool-36] DEBUG org.eclipse.jetty.util.thread.QueuedThreadPool -- queue ReservedThread@61bf07b2{PENDING,thread=null} startThread=0
09:34:40.657 [JettyServerThreadPool-42] DEBUG org.eclipse.jetty.util.thread.QueuedThreadPool -- run ReservedThread@61bf07b2{PENDING,thread=null} in QueuedThreadPool[JettyServerThreadPool]@540dbda9{STARTED,8<=8<=250,i=0,r=-1,t=58864ms,q=0}[ReservedThreadExecutor@3a5c2626{reserved=0/12,pending=1}]
09:34:40.657 [JettyServerThreadPool-42] DEBUG org.eclipse.jetty.util.thread.ReservedThreadExecutor -- ReservedThread@61bf07b2{PENDING,thread=Thread[#42,JettyServerThreadPool-42,5,main]} was=PENDING next=RESERVED size=0+1 capacity=12
09:34:40.657 [JettyServerThreadPool-42] DEBUG org.eclipse.jetty.util.thread.ReservedThreadExecutor -- ReservedThread@61bf07b2{RESERVED,thread=Thread[#42,JettyServerThreadPool-42,5,main]} waiting ReservedThreadExecutor@3a5c2626{reserved=1/12,pending=0}
09:34:40.657 [JettyServerThreadPool-36] DEBUG org.eclipse.jetty.util.thread.strategy.AdaptiveExecutionStrategy -- ss=PRODUCE_EXECUTE_CONSUME t=SocketChannelEndPoint@7346e442[{l=/127.0.0.1:51078,r=/127.0.0.1:51079,OPEN,fill=FI,flush=-,to=9/30000}{io=1/0,kio=1,kro=1}]->[HttpConnection@345a8ae1[p=HttpParser{s=START,0 of -1},g=HttpGenerator@6f2481eb{s=START}]=>HttpChannelOverHttp@6492dae5{s=HttpChannelState@3ca76bd7{s=IDLE rs=BLOCKING os=OPEN is=IDLE awp=false se=false i=true al=0},r=0,c=false/false,a=IDLE,uri=null,age=0}]:runFillable:BLOCKING/BLOCKING AdaptiveExecutionStrategy@39fa8ad2/SelectorProducer@76ddd61a/PRODUCING/p=false/QueuedThreadPool[JettyServerThreadPool]@540dbda9{STARTED,8<=8<=250,i=0,r=-1,t=58862ms,q=0}[ReservedThreadExecutor@3a5c2626{reserved=1/12,pending=0}][pc=0,pic=0,pec=0,epc=0]@2025-09-02T09:34:40.6573024-03:00
09:34:40.657 [JettyServerThreadPool-36] DEBUG org.eclipse.jetty.util.thread.QueuedThreadPool -- queue SocketChannelEndPoint@7346e442[{l=/127.0.0.1:51078,r=/127.0.0.1:51079,OPEN,fill=FI,flush=-,to=9/30000}{io=1/0,kio=1,kro=1}]->[HttpConnection@345a8ae1[p=HttpParser{s=START,0 of -1},g=HttpGenerator@6f2481eb{s=START}]=>HttpChannelOverHttp@6492dae5{s=HttpChannelState@3ca76bd7{s=IDLE rs=BLOCKING os=OPEN is=IDLE awp=false se=false i=true al=0},r=0,c=false/false,a=IDLE,uri=null,age=0}]:runFillable:BLOCKING startThread=1
09:34:40.657 [JettyServerThreadPool-36] DEBUG org.eclipse.jetty.util.thread.QueuedThreadPool -- Starting Thread[#51,JettyServerThreadPool-51,5,main]
09:34:40.657 [JettyServerThreadPool-36] DEBUG org.eclipse.jetty.io.ManagedSelector -- updateable 0
09:34:40.657 [JettyServerThreadPool-36] DEBUG org.eclipse.jetty.io.ManagedSelector -- updates 0
09:34:40.657 [JettyServerThreadPool-36] DEBUG org.eclipse.jetty.io.SelectableChannelEndPoint -- Key interests updated 1 -> 0 on SocketChannelEndPoint@7346e442[{l=/127.0.0.1:51078,r=/127.0.0.1:51079,OPEN,fill=FI,flush=-,to=10/30000}{io=0/0,kio=0,kro=1}]->[HttpConnection@345a8ae1[p=HttpParser{s=START,0 of -1},g=HttpGenerator@6f2481eb{s=START}]=>HttpChannelOverHttp@6492dae5{s=HttpChannelState@3ca76bd7{s=IDLE rs=BLOCKING os=OPEN is=IDLE awp=false se=false i=true al=0},r=0,c=false/false,a=IDLE,uri=null,age=0}]
09:34:40.657 [JettyServerThreadPool-36] DEBUG org.eclipse.jetty.io.ManagedSelector -- Selector sun.nio.ch.WEPollSelectorImpl@431ba989 waiting with 1 keys
09:34:40.657 [JettyServerThreadPool-51] DEBUG org.eclipse.jetty.util.thread.QueuedThreadPool -- Runner started for QueuedThreadPool[JettyServerThreadPool]@540dbda9{STARTED,8<=9<=250,i=0,r=-1,t=59999ms,q=0}[ReservedThreadExecutor@3a5c2626{reserved=1/12,pending=0}]
09:34:40.657 [JettyServerThreadPool-51] DEBUG org.eclipse.jetty.util.thread.QueuedThreadPool -- run SocketChannelEndPoint@7346e442[{l=/127.0.0.1:51078,r=/127.0.0.1:51079,OPEN,fill=FI,flush=-,to=11/30000}{io=0/0,kio=0,kro=1}]->[HttpConnection@345a8ae1[p=HttpParser{s=START,0 of -1},g=HttpGenerator@6f2481eb{s=START}]=>HttpChannelOverHttp@6492dae5{s=HttpChannelState@3ca76bd7{s=IDLE rs=BLOCKING os=OPEN is=IDLE awp=false se=false i=true al=0},r=0,c=false/false,a=IDLE,uri=null,age=0}]:runFillable:BLOCKING in QueuedThreadPool[JettyServerThreadPool]@540dbda9{STARTED,8<=9<=250,i=0,r=-1,t=59998ms,q=0}[ReservedThreadExecutor@3a5c2626{reserved=1/12,pending=0}]
09:34:40.657 [JettyServerThreadPool-51] DEBUG org.eclipse.jetty.io.FillInterest -- fillable FillInterest@78a863{ReadCallback@2d4b12b{HttpConnection@345a8ae1::SocketChannelEndPoint@7346e442[{l=/127.0.0.1:51078,r=/127.0.0.1:51079,OPEN,fill=FI,flush=-,to=11/30000}{io=0/0,kio=0,kro=1}]->[HttpConnection@345a8ae1[p=HttpParser{s=START,0 of -1},g=HttpGenerator@6f2481eb{s=START}]=>HttpChannelOverHttp@6492dae5{s=HttpChannelState@3ca76bd7{s=IDLE rs=BLOCKING os=OPEN is=IDLE awp=false se=false i=true al=0},r=0,c=false/false,a=IDLE,uri=null,age=0}]}}
09:34:40.657 [JettyServerThreadPool-51] DEBUG org.eclipse.jetty.server.HttpConnection -- HttpConnection@345a8ae1::SocketChannelEndPoint@7346e442[{l=/127.0.0.1:51078,r=/127.0.0.1:51079,OPEN,fill=-,flush=-,to=12/30000}{io=0/0,kio=0,kro=1}]->[HttpConnection@345a8ae1[p=HttpParser{s=START,0 of -1},g=HttpGenerator@6f2481eb{s=START}]=>HttpChannelOverHttp@6492dae5{s=HttpChannelState@3ca76bd7{s=IDLE rs=BLOCKING os=OPEN is=IDLE awp=false se=false i=true al=0},r=0,c=false/false,a=IDLE,uri=null,age=0}] onFillable enter HttpChannelState@3ca76bd7{s=IDLE rs=BLOCKING os=OPEN is=IDLE awp=false se=false i=true al=0} null
09:34:40.657 [JettyServerThreadPool-51] DEBUG org.eclipse.jetty.util.Pool -- RetainedBucket@50cf965c[inUse=0,size=1,max=-1,closed=false]{capacity=8192,inuse=0(0%)} returning new reserved entry MonoEntry@54f0089d{PENDING,pooled=null}
09:34:40.665 [JettyServerThreadPool-51] DEBUG org.eclipse.jetty.io.SocketChannelEndPoint -- filled 313 DirectByteBuffer@75937e5c[p=0,l=313,c=8192,r=313]={<<<POST /print HTTP/1.1\r\nCon..."labelType":"STANDARD"}>>>\x00\x00\x00\x00\x00\x00\x00\x00\x00...\x00\x00\x00\x00\x00\x00\x00}
09:34:40.665 [JettyServerThreadPool-51] DEBUG org.eclipse.jetty.server.HttpConnection -- HttpConnection@345a8ae1::SocketChannelEndPoint@7346e442[{l=/127.0.0.1:51078,r=/127.0.0.1:51079,OPEN,fill=-,flush=-,to=0/30000}{io=0/0,kio=0,kro=1}]->[HttpConnection@345a8ae1[p=HttpParser{s=START,0 of -1},g=HttpGenerator@6f2481eb{s=START}]=>HttpChannelOverHttp@6492dae5{s=HttpChannelState@3ca76bd7{s=IDLE rs=BLOCKING os=OPEN is=IDLE awp=false se=false i=true al=0},r=0,c=false/false,a=IDLE,uri=null,age=0}] filled 313 RetainableByteBuffer@fc79472{DirectByteBuffer@75937e5c[p=0,l=313,c=8192,r=313]={<<<POST /print HTTP/1.1\r\nCon..."labelType":"STANDARD"}>>>\x00\x00\x00\x00\x00\x00\x00\x00\x00...\x00\x00\x00\x00\x00\x00\x00},r=1}
09:34:40.667 [JettyServerThreadPool-51] DEBUG org.eclipse.jetty.server.HttpConnection -- HttpConnection@345a8ae1::SocketChannelEndPoint@7346e442[{l=/127.0.0.1:51078,r=/127.0.0.1:51079,OPEN,fill=-,flush=-,to=0/30000}{io=0/0,kio=0,kro=1}]->[HttpConnection@345a8ae1[p=HttpParser{s=START,0 of -1},g=HttpGenerator@6f2481eb{s=START}]=>HttpChannelOverHttp@6492dae5{s=HttpChannelState@3ca76bd7{s=IDLE rs=BLOCKING os=OPEN is=IDLE awp=false se=false i=true al=0},r=0,c=false/false,a=IDLE,uri=null,age=0}] parse RetainableByteBuffer@fc79472{DirectByteBuffer@75937e5c[p=0,l=313,c=8192,r=313]={<<<POST /print HTTP/1.1\r\nCon..."labelType":"STANDARD"}>>>\x00\x00\x00\x00\x00\x00\x00\x00\x00...\x00\x00\x00\x00\x00\x00\x00},r=1}
09:34:40.667 [JettyServerThreadPool-51] DEBUG org.eclipse.jetty.http.HttpParser -- parseNext s=START DirectByteBuffer@75937e5c[p=0,l=313,c=8192,r=313]={<<<POST /print HTTP/1.1\r\nCon..."labelType":"STANDARD"}>>>\x00\x00\x00\x00\x00\x00\x00\x00\x00...\x00\x00\x00\x00\x00\x00\x00}
09:34:40.667 [JettyServerThreadPool-51] DEBUG org.eclipse.jetty.http.HttpParser -- START --> SPACE1
09:34:40.669 [JettyServerThreadPool-51] DEBUG org.eclipse.jetty.http.HttpParser -- SPACE1 --> URI
09:34:40.669 [JettyServerThreadPool-51] DEBUG org.eclipse.jetty.http.HttpParser -- URI --> SPACE2
09:34:40.669 [JettyServerThreadPool-51] DEBUG org.eclipse.jetty.http.HttpParser -- SPACE2 --> REQUEST_VERSION
09:34:40.669 [JettyServerThreadPool-51] DEBUG org.eclipse.jetty.http.HttpParser -- REQUEST_VERSION --> HEADER
09:34:40.669 [JettyServerThreadPool-51] DEBUG org.eclipse.jetty.http.HttpParser -- HEADER:Connection --> IN_VALUE
09:34:40.669 [JettyServerThreadPool-51] DEBUG org.eclipse.jetty.http.HttpParser -- HEADER:Connection --> FIELD
09:34:40.669 [JettyServerThreadPool-51] DEBUG org.eclipse.jetty.http.HttpParser -- parsedHeader(Connection: Upgrade, HTTP2-Settings) header=Connection, headerString=[Connection], valueString=[Upgrade, HTTP2-Settings]
09:34:40.671 [JettyServerThreadPool-51] DEBUG org.eclipse.jetty.http.HttpParser -- HEADER:Content-Length --> VALUE
09:34:40.671 [JettyServerThreadPool-51] DEBUG org.eclipse.jetty.http.HttpParser -- HEADER:Content-Length --> IN_VALUE
09:34:40.671 [JettyServerThreadPool-51] DEBUG org.eclipse.jetty.http.HttpParser -- HEADER:Content-Length --> FIELD
09:34:40.671 [JettyServerThreadPool-51] DEBUG org.eclipse.jetty.http.HttpParser -- parsedHeader(null) header=Content-Length, headerString=[Content-Length], valueString=[60]
09:34:40.671 [JettyServerThreadPool-51] DEBUG org.eclipse.jetty.http.HttpParser -- HEADER:Host --> VALUE
09:34:40.671 [JettyServerThreadPool-51] DEBUG org.eclipse.jetty.http.HttpParser -- HEADER:Host --> IN_VALUE
09:34:40.671 [JettyServerThreadPool-51] DEBUG org.eclipse.jetty.http.HttpParser -- HEADER:Host --> FIELD
09:34:40.672 [JettyServerThreadPool-51] DEBUG org.eclipse.jetty.http.HttpParser -- parsedHeader(Host: localhost:51078) header=Host, headerString=[Host], valueString=[localhost:51078]
09:34:40.672 [JettyServerThreadPool-51] DEBUG org.eclipse.jetty.http.HttpParser -- HEADER:HTTP2-Settings --> VALUE
09:34:40.672 [JettyServerThreadPool-51] DEBUG org.eclipse.jetty.http.HttpParser -- HEADER:HTTP2-Settings --> IN_VALUE
09:34:40.672 [JettyServerThreadPool-51] DEBUG org.eclipse.jetty.http.HttpParser -- HEADER:HTTP2-Settings --> FIELD
09:34:40.672 [JettyServerThreadPool-51] DEBUG org.eclipse.jetty.http.HttpParser -- parsedHeader(null) header=HTTP2-Settings, headerString=[HTTP2-Settings], valueString=[AAEAAEAAAAIAAAAAAAMAAAAAAAQBAAAAAAUAAEAAAAYABgAA]
09:34:40.672 [JettyServerThreadPool-51] DEBUG org.eclipse.jetty.http.HttpParser -- HEADER:Upgrade --> VALUE
09:34:40.674 [JettyServerThreadPool-51] DEBUG org.eclipse.jetty.http.HttpParser -- HEADER:Upgrade --> IN_VALUE
09:34:40.674 [JettyServerThreadPool-51] DEBUG org.eclipse.jetty.http.HttpParser -- HEADER:Upgrade --> FIELD
09:34:40.674 [JettyServerThreadPool-51] DEBUG org.eclipse.jetty.http.HttpParser -- parsedHeader(null) header=Upgrade, headerString=[Upgrade], valueString=[h2c]
09:34:40.674 [JettyServerThreadPool-51] DEBUG org.eclipse.jetty.http.HttpParser -- HEADER:User-Agent --> VALUE
09:34:40.674 [JettyServerThreadPool-51] DEBUG org.eclipse.jetty.http.HttpParser -- HEADER:User-Agent --> IN_VALUE
09:34:40.674 [JettyServerThreadPool-51] DEBUG org.eclipse.jetty.http.HttpParser -- HEADER:User-Agent --> FIELD
09:34:40.674 [JettyServerThreadPool-51] DEBUG org.eclipse.jetty.http.HttpParser -- parsedHeader(User-Agent: Java-http-client/21.0.7) header=User-Agent, headerString=[User-Agent], valueString=[Java-http-client/21.0.7]
09:34:40.674 [JettyServerThreadPool-51] DEBUG org.eclipse.jetty.http.HttpParser -- HEADER:Content-Type: application/json --> IN_VALUE
09:34:40.674 [JettyServerThreadPool-51] DEBUG org.eclipse.jetty.http.HttpParser -- HEADER:Content-Type: application/json --> FIELD
09:34:40.674 [JettyServerThreadPool-51] DEBUG org.eclipse.jetty.http.HttpParser -- parsedHeader(Content-Type: application/json) header=Content-Type, headerString=[Content-Type], valueString=[application/json]
09:34:40.674 [JettyServerThreadPool-51] DEBUG org.eclipse.jetty.http.HttpParser -- HEADER --> CONTENT
09:34:40.678 [JettyServerThreadPool-51] DEBUG org.eclipse.jetty.server.HttpInput -- reopen HttpInput@1918969311 cs=HttpChannelState@3ca76bd7{s=IDLE rs=BLOCKING os=OPEN is=IDLE awp=false se=false i=true al=0} cp=org.eclipse.jetty.server.BlockingContentProducer@3b6de445 eof=false
09:34:40.685 [JettyServerThreadPool-51] DEBUG org.eclipse.jetty.server.BlockingContentProducer -- reopening org.eclipse.jetty.server.BlockingContentProducer@3b6de445
09:34:40.685 [JettyServerThreadPool-51] DEBUG org.eclipse.jetty.server.AsyncContentProducer -- reopening AsyncContentProducer@4c691f6c[r=null,t=null,i=null,error=false,c=HttpChannelOverHttp@6492dae5{s=HttpChannelState@3ca76bd7{s=IDLE rs=BLOCKING os=OPEN is=IDLE awp=false se=false i=true al=0},r=1,c=false/false,a=IDLE,uri=null,age=9}]
09:34:40.685 [JettyServerThreadPool-51] DEBUG org.eclipse.jetty.server.HttpChannel -- REQUEST for /print on HttpChannelOverHttp@6492dae5{s=HttpChannelState@3ca76bd7{s=IDLE rs=BLOCKING os=OPEN is=IDLE awp=false se=false i=true al=0},r=1,c=false/false,a=IDLE,uri=http://localhost:51078/print,age=9}
POST /print HTTP/1.1
Connection: Upgrade, HTTP2-Settings
Content-Length: 60
Host: localhost:51078
HTTP2-Settings: AAEAAEAAAAIAAAAAAAMAAAAAAAQBAAAAAAUAAEAAAAYABgAA
Upgrade: h2c
User-Agent: Java-http-client/21.0.7
Content-Type: application/json


09:34:40.689 [JettyServerThreadPool-51] DEBUG org.eclipse.jetty.server.HttpChannelOverHttp -- upgrade HttpChannelOverHttp@6492dae5{s=HttpChannelState@3ca76bd7{s=IDLE rs=BLOCKING os=OPEN is=IDLE awp=false se=false i=true al=0},r=1,c=false/false,a=IDLE,uri=http://localhost:51078/print,age=13} Upgrade: h2c
09:34:40.697 [JettyServerThreadPool-51] DEBUG org.eclipse.jetty.server.HttpChannelOverHttp -- No factory for Upgrade: h2c in ServerConnector@270b6b5e{HTTP/1.1, (http/1.1)}{0.0.0.0:51078}
09:34:40.697 [JettyServerThreadPool-51] DEBUG org.eclipse.jetty.server.HttpConnection -- HttpConnection@345a8ae1::SocketChannelEndPoint@7346e442[{l=/127.0.0.1:51078,r=/127.0.0.1:51079,OPEN,fill=-,flush=-,to=34/30000}{io=0/0,kio=0,kro=1}]->[HttpConnection@345a8ae1[p=HttpParser{s=CONTENT,0 of 60},g=HttpGenerator@6f2481eb{s=START}]=>HttpChannelOverHttp@6492dae5{s=HttpChannelState@3ca76bd7{s=IDLE rs=BLOCKING os=OPEN is=IDLE awp=false se=false i=true al=0},r=1,c=false/false,a=IDLE,uri=http://localhost:51078/print,age=21}] parsed true HttpParser{s=CONTENT,0 of 60}
09:34:40.697 [JettyServerThreadPool-51] DEBUG org.eclipse.jetty.server.HttpChannel -- handle http://localhost:51078/print HttpChannelOverHttp@6492dae5{s=HttpChannelState@3ca76bd7{s=IDLE rs=BLOCKING os=OPEN is=IDLE awp=false se=false i=true al=0},r=1,c=false/false,a=IDLE,uri=http://localhost:51078/print,age=21} 
09:34:40.697 [JettyServerThreadPool-51] DEBUG org.eclipse.jetty.server.HttpChannelState -- handling HttpChannelState@3ca76bd7{s=IDLE rs=BLOCKING os=OPEN is=IDLE awp=false se=false i=true al=0}
09:34:40.697 [JettyServerThreadPool-51] DEBUG org.eclipse.jetty.server.HttpChannel -- action DISPATCH HttpChannelOverHttp@6492dae5{s=HttpChannelState@3ca76bd7{s=HANDLING rs=BLOCKING os=OPEN is=IDLE awp=false se=false i=true al=0},r=1,c=false/false,a=HANDLING,uri=http://localhost:51078/print,age=21}
09:34:40.697 [JettyServerThreadPool-51] DEBUG org.eclipse.jetty.server.Server -- REQUEST POST /print ?null on HttpChannelOverHttp@6492dae5{s=HttpChannelState@3ca76bd7{s=HANDLING rs=BLOCKING os=OPEN is=IDLE awp=false se=false i=true al=0},r=1,c=false/false,a=HANDLING,uri=http://localhost:51078/print,age=21}
09:34:40.697 [JettyServerThreadPool-51] DEBUG org.eclipse.jetty.server.handler.ContextHandler -- scope null||/print @ o.e.j.s.ServletContextHandler@bb9ab64{/,null,AVAILABLE}
09:34:40.697 [JettyServerThreadPool-51] DEBUG org.eclipse.jetty.server.handler.ContextHandler -- context=||/print @ o.e.j.s.ServletContextHandler@bb9ab64{/,null,AVAILABLE}
09:34:40.697 [JettyServerThreadPool-51] DEBUG org.eclipse.jetty.server.session.SessionHandler -- Entering scope org.eclipse.jetty.server.session.SessionHandler1468192631==dftMaxIdleSec=-1, dispatch=REQUEST asyncstarted=false
09:34:40.706 [JettyServerThreadPool-51] DEBUG org.eclipse.jetty.server.session.SessionHandler -- sessionHandler=org.eclipse.jetty.server.session.SessionHandler1468192631==dftMaxIdleSec=-1 session=null
09:34:40.710 [JettyServerThreadPool-51] DEBUG org.eclipse.jetty.servlet.ServletHandler -- servlet ||/print|ServletPathMapping{matchValue=, pattern=/*, servletName=io.javalin.jetty.JavalinJettyServlet-7ae9a33a, mappingMatch=PATH, servletPath=, pathInfo=/print} -> io.javalin.jetty.JavalinJettyServlet-7ae9a33a==io.javalin.jetty.JavalinJettyServlet@5cd9fbac{jsp=null,order=-1,inst=true,async=true,src=EMBEDDED:null,STARTED}
09:34:40.714 [JettyServerThreadPool-51] DEBUG org.eclipse.jetty.servlet.ServletHandler -- chain=null
09:34:40.766 [JettyServerThreadPool-51] DEBUG org.eclipse.jetty.server.AsyncContentProducer -- nextTransformedContent AsyncContentProducer@4c691f6c[r=null,t=null,i=null,error=false,c=HttpChannelOverHttp@6492dae5{s=HttpChannelState@3ca76bd7{s=HANDLING rs=BLOCKING os=OPEN is=IDLE awp=false se=false i=true al=0},r=1,c=false/false,a=HANDLING,uri=http://localhost:51078/print,age=90}]
09:34:40.766 [JettyServerThreadPool-51] DEBUG org.eclipse.jetty.server.AsyncContentProducer -- producing new raw content AsyncContentProducer@4c691f6c[r=null,t=null,i=null,error=false,c=HttpChannelOverHttp@6492dae5{s=HttpChannelState@3ca76bd7{s=HANDLING rs=BLOCKING os=OPEN is=IDLE awp=false se=false i=true al=0},r=1,c=false/false,a=HANDLING,uri=http://localhost:51078/print,age=90}]
09:34:40.766 [JettyServerThreadPool-51] DEBUG org.eclipse.jetty.server.HttpChannelOverHttp -- produceContent has no content, parsing and filling
09:34:40.766 [JettyServerThreadPool-51] DEBUG org.eclipse.jetty.server.HttpConnection -- HttpConnection@345a8ae1::SocketChannelEndPoint@7346e442[{l=/127.0.0.1:51078,r=/127.0.0.1:51079,OPEN,fill=-,flush=-,to=100/30000}{io=0/0,kio=0,kro=1}]->[HttpConnection@345a8ae1[p=HttpParser{s=CONTENT,0 of 60},g=HttpGenerator@6f2481eb{s=START}]=>HttpChannelOverHttp@6492dae5{s=HttpChannelState@3ca76bd7{s=HANDLING rs=BLOCKING os=OPEN is=IDLE awp=false se=false i=true al=0},r=1,c=false/false,a=HANDLING,uri=http://localhost:51078/print,age=90}] parse RetainableByteBuffer@fc79472{DirectByteBuffer@75937e5c[p=253,l=313,c=8192,r=60]={POST /pri...son\r\n\r\n<<<{"text":"TESTE-SIMPLES","..."labelType":"STANDARD"}>>>\x00\x00\x00\x00\x00\x00\x00\x00\x00...\x00\x00\x00\x00\x00\x00\x00},r=1}
09:34:40.766 [JettyServerThreadPool-51] DEBUG org.eclipse.jetty.http.HttpParser -- parseNext s=CONTENT DirectByteBuffer@75937e5c[p=253,l=313,c=8192,r=60]={POST /pri...son\r\n\r\n<<<{"text":"TESTE-SIMPLES","..."labelType":"STANDARD"}>>>\x00\x00\x00\x00\x00\x00\x00\x00\x00...\x00\x00\x00\x00\x00\x00\x00}
09:34:40.768 [JettyServerThreadPool-51] DEBUG org.eclipse.jetty.server.HttpChannel -- onContent HttpChannelOverHttp@6492dae5{s=HttpChannelState@3ca76bd7{s=HANDLING rs=BLOCKING os=OPEN is=IDLE awp=false se=false i=true al=0},r=1,c=false/false,a=HANDLING,uri=http://localhost:51078/print,age=92} Content@255c36b3{DirectByteBufferR@22181d44[p=253,l=313,c=8192,r=60]={POST /pri...son\r\n\r\n<<<{"text":"TESTE-SIMPLES","..."labelType":"STANDARD"}>>>\x00\x00\x00\x00\x00\x00\x00\x00\x00...\x00\x00\x00\x00\x00\x00\x00},spc=false,eof=false,err=null}
09:34:40.768 [JettyServerThreadPool-51] DEBUG org.eclipse.jetty.server.HttpConnection -- HttpConnection@345a8ae1::SocketChannelEndPoint@7346e442[{l=/127.0.0.1:51078,r=/127.0.0.1:51079,OPEN,fill=-,flush=-,to=102/30000}{io=0/0,kio=0,kro=1}]->[HttpConnection@345a8ae1[p=HttpParser{s=CONTENT,60 of 60},g=HttpGenerator@6f2481eb{s=START}]=>HttpChannelOverHttp@6492dae5{s=HttpChannelState@3ca76bd7{s=HANDLING rs=BLOCKING os=OPEN is=IDLE awp=false se=false i=true al=0},r=1,c=false/false,a=HANDLING,uri=http://localhost:51078/print,age=92}] parsed true HttpParser{s=CONTENT,60 of 60}
09:34:40.768 [JettyServerThreadPool-51] DEBUG org.eclipse.jetty.server.HttpChannelOverHttp -- produceContent produced Content@255c36b3{DirectByteBufferR@22181d44[p=253,l=313,c=8192,r=60]={POST /pri...son\r\n\r\n<<<{"text":"TESTE-SIMPLES","..."labelType":"STANDARD"}>>>\x00\x00\x00\x00\x00\x00\x00\x00\x00...\x00\x00\x00\x00\x00\x00\x00},spc=false,eof=false,err=null}
09:34:40.768 [JettyServerThreadPool-51] DEBUG org.eclipse.jetty.server.AsyncContentProducer -- produceRawContent updated rawContentArrived to 60 and firstByteTimeStamp to 62127569473600 AsyncContentProducer@4c691f6c[r=null,t=null,i=null,error=false,c=HttpChannelOverHttp@6492dae5{s=HttpChannelState@3ca76bd7{s=HANDLING rs=BLOCKING os=OPEN is=IDLE awp=false se=false i=true al=0},r=1,c=false/false,a=HANDLING,uri=http://localhost:51078/print,age=92}]
09:34:40.768 [JettyServerThreadPool-51] DEBUG org.eclipse.jetty.server.AsyncContentProducer -- produceRawContent produced Content@255c36b3{DirectByteBufferR@22181d44[p=253,l=313,c=8192,r=60]={POST /pri...son\r\n\r\n<<<{"text":"TESTE-SIMPLES","..."labelType":"STANDARD"}>>>\x00\x00\x00\x00\x00\x00\x00\x00\x00...\x00\x00\x00\x00\x00\x00\x00},spc=false,eof=false,err=null} AsyncContentProducer@4c691f6c[r=null,t=null,i=null,error=false,c=HttpChannelOverHttp@6492dae5{s=HttpChannelState@3ca76bd7{s=HANDLING rs=BLOCKING os=OPEN is=IDLE awp=false se=false i=true al=0},r=1,c=false/false,a=HANDLING,uri=http://localhost:51078/print,age=92}]
09:34:40.768 [JettyServerThreadPool-51] DEBUG org.eclipse.jetty.server.AsyncContentProducer -- transforming raw content AsyncContentProducer@4c691f6c[r=Content@255c36b3{DirectByteBufferR@22181d44[p=253,l=313,c=8192,r=60]={POST /pri...son\r\n\r\n<<<{"text":"TESTE-SIMPLES","..."labelType":"STANDARD"}>>>\x00\x00\x00\x00\x00\x00\x00\x00\x00...\x00\x00\x00\x00\x00\x00\x00},spc=false,eof=false,err=null},t=null,i=null,error=false,c=HttpChannelOverHttp@6492dae5{s=HttpChannelState@3ca76bd7{s=HANDLING rs=BLOCKING os=OPEN is=IDLE awp=false se=false i=true al=0},r=1,c=false/false,a=HANDLING,uri=http://localhost:51078/print,age=92}]
09:34:40.768 [JettyServerThreadPool-51] DEBUG org.eclipse.jetty.server.AsyncContentProducer -- no interceptor, transformed content is raw content AsyncContentProducer@4c691f6c[r=Content@255c36b3{DirectByteBufferR@22181d44[p=253,l=313,c=8192,r=60]={POST /pri...son\r\n\r\n<<<{"text":"TESTE-SIMPLES","..."labelType":"STANDARD"}>>>\x00\x00\x00\x00\x00\x00\x00\x00\x00...\x00\x00\x00\x00\x00\x00\x00},spc=false,eof=false,err=null},t=null,i=null,error=false,c=HttpChannelOverHttp@6492dae5{s=HttpChannelState@3ca76bd7{s=HANDLING rs=BLOCKING os=OPEN is=IDLE awp=false se=false i=true al=0},r=1,c=false/false,a=HANDLING,uri=http://localhost:51078/print,age=94}]
09:34:40.770 [JettyServerThreadPool-51] DEBUG org.eclipse.jetty.server.AsyncContentProducer -- transformed content not yet depleted, returning it AsyncContentProducer@4c691f6c[r=Content@255c36b3{DirectByteBufferR@22181d44[p=253,l=313,c=8192,r=60]={POST /pri...son\r\n\r\n<<<{"text":"TESTE-SIMPLES","..."labelType":"STANDARD"}>>>\x00\x00\x00\x00\x00\x00\x00\x00\x00...\x00\x00\x00\x00\x00\x00\x00},spc=false,eof=false,err=null},t=Content@255c36b3{DirectByteBufferR@22181d44[p=253,l=313,c=8192,r=60]={POST /pri...son\r\n\r\n<<<{"text":"TESTE-SIMPLES","..."labelType":"STANDARD"}>>>\x00\x00\x00\x00\x00\x00\x00\x00\x00...\x00\x00\x00\x00\x00\x00\x00},spc=false,eof=false,err=null},i=null,error=false,c=HttpChannelOverHttp@6492dae5{s=HttpChannelState@3ca76bd7{s=HANDLING rs=BLOCKING os=OPEN is=IDLE awp=false se=false i=true al=0},r=1,c=false/false,a=HANDLING,uri=http://localhost:51078/print,age=94}]
09:34:40.770 [JettyServerThreadPool-51] DEBUG org.eclipse.jetty.server.AsyncContentProducer -- available = 60 AsyncContentProducer@4c691f6c[r=Content@255c36b3{DirectByteBufferR@22181d44[p=253,l=313,c=8192,r=60]={POST /pri...son\r\n\r\n<<<{"text":"TESTE-SIMPLES","..."labelType":"STANDARD"}>>>\x00\x00\x00\x00\x00\x00\x00\x00\x00...\x00\x00\x00\x00\x00\x00\x00},spc=false,eof=false,err=null},t=Content@255c36b3{DirectByteBufferR@22181d44[p=253,l=313,c=8192,r=60]={POST /pri...son\r\n\r\n<<<{"text":"TESTE-SIMPLES","..."labelType":"STANDARD"}>>>\x00\x00\x00\x00\x00\x00\x00\x00\x00...\x00\x00\x00\x00\x00\x00\x00},spc=false,eof=false,err=null},i=null,error=false,c=HttpChannelOverHttp@6492dae5{s=HttpChannelState@3ca76bd7{s=HANDLING rs=BLOCKING os=OPEN is=IDLE awp=false se=false i=true al=0},r=1,c=false/false,a=HANDLING,uri=http://localhost:51078/print,age=94}]
09:34:40.770 [JettyServerThreadPool-51] DEBUG org.eclipse.jetty.server.HttpInput -- available=60 HttpInput@1918969311 cs=HttpChannelState@3ca76bd7{s=HANDLING rs=BLOCKING os=OPEN is=IDLE awp=false se=false i=true al=0} cp=org.eclipse.jetty.server.BlockingContentProducer@3b6de445 eof=false
09:34:40.770 [JettyServerThreadPool-51] DEBUG org.eclipse.jetty.server.AsyncContentProducer -- checkMinDataRate [m=0,t=62127569473600] AsyncContentProducer@4c691f6c[r=Content@255c36b3{DirectByteBufferR@22181d44[p=253,l=313,c=8192,r=60]={POST /pri...son\r\n\r\n<<<{"text":"TESTE-SIMPLES","..."labelType":"STANDARD"}>>>\x00\x00\x00\x00\x00\x00\x00\x00\x00...\x00\x00\x00\x00\x00\x00\x00},spc=false,eof=false,err=null},t=Content@255c36b3{DirectByteBufferR@22181d44[p=253,l=313,c=8192,r=60]={POST /pri...son\r\n\r\n<<<{"text":"TESTE-SIMPLES","..."labelType":"STANDARD"}>>>\x00\x00\x00\x00\x00\x00\x00\x00\x00...\x00\x00\x00\x00\x00\x00\x00},spc=false,eof=false,err=null},i=null,error=false,c=HttpChannelOverHttp@6492dae5{s=HttpChannelState@3ca76bd7{s=HANDLING rs=BLOCKING os=OPEN is=IDLE awp=false se=false i=true al=0},r=1,c=false/false,a=HANDLING,uri=http://localhost:51078/print,age=94}]
09:34:40.770 [JettyServerThreadPool-51] DEBUG org.eclipse.jetty.server.AsyncContentProducer -- nextTransformedContent AsyncContentProducer@4c691f6c[r=Content@255c36b3{DirectByteBufferR@22181d44[p=253,l=313,c=8192,r=60]={POST /pri...son\r\n\r\n<<<{"text":"TESTE-SIMPLES","..."labelType":"STANDARD"}>>>\x00\x00\x00\x00\x00\x00\x00\x00\x00...\x00\x00\x00\x00\x00\x00\x00},spc=false,eof=false,err=null},t=Content@255c36b3{DirectByteBufferR@22181d44[p=253,l=313,c=8192,r=60]={POST /pri...son\r\n\r\n<<<{"text":"TESTE-SIMPLES","..."labelType":"STANDARD"}>>>\x00\x00\x00\x00\x00\x00\x00\x00\x00...\x00\x00\x00\x00\x00\x00\x00},spc=false,eof=false,err=null},i=null,error=false,c=HttpChannelOverHttp@6492dae5{s=HttpChannelState@3ca76bd7{s=HANDLING rs=BLOCKING os=OPEN is=IDLE awp=false se=false i=true al=0},r=1,c=false/false,a=HANDLING,uri=http://localhost:51078/print,age=94}]
09:34:40.770 [JettyServerThreadPool-51] DEBUG org.eclipse.jetty.server.AsyncContentProducer -- transformed content not yet depleted, returning it AsyncContentProducer@4c691f6c[r=Content@255c36b3{DirectByteBufferR@22181d44[p=253,l=313,c=8192,r=60]={POST /pri...son\r\n\r\n<<<{"text":"TESTE-SIMPLES","..."labelType":"STANDARD"}>>>\x00\x00\x00\x00\x00\x00\x00\x00\x00...\x00\x00\x00\x00\x00\x00\x00},spc=false,eof=false,err=null},t=Content@255c36b3{DirectByteBufferR@22181d44[p=253,l=313,c=8192,r=60]={POST /pri...son\r\n\r\n<<<{"text":"TESTE-SIMPLES","..."labelType":"STANDARD"}>>>\x00\x00\x00\x00\x00\x00\x00\x00\x00...\x00\x00\x00\x00\x00\x00\x00},spc=false,eof=false,err=null},i=null,error=false,c=HttpChannelOverHttp@6492dae5{s=HttpChannelState@3ca76bd7{s=HANDLING rs=BLOCKING os=OPEN is=IDLE awp=false se=false i=true al=0},r=1,c=false/false,a=HANDLING,uri=http://localhost:51078/print,age=94}]
09:34:40.770 [JettyServerThreadPool-51] DEBUG org.eclipse.jetty.server.AsyncContentProducer -- nextContent = Content@255c36b3{DirectByteBufferR@22181d44[p=253,l=313,c=8192,r=60]={POST /pri...son\r\n\r\n<<<{"text":"TESTE-SIMPLES","..."labelType":"STANDARD"}>>>\x00\x00\x00\x00\x00\x00\x00\x00\x00...\x00\x00\x00\x00\x00\x00\x00},spc=false,eof=false,err=null} AsyncContentProducer@4c691f6c[r=Content@255c36b3{DirectByteBufferR@22181d44[p=253,l=313,c=8192,r=60]={POST /pri...son\r\n\r\n<<<{"text":"TESTE-SIMPLES","..."labelType":"STANDARD"}>>>\x00\x00\x00\x00\x00\x00\x00\x00\x00...\x00\x00\x00\x00\x00\x00\x00},spc=false,eof=false,err=null},t=Content@255c36b3{DirectByteBufferR@22181d44[p=253,l=313,c=8192,r=60]={POST /pri...son\r\n\r\n<<<{"text":"TESTE-SIMPLES","..."labelType":"STANDARD"}>>>\x00\x00\x00\x00\x00\x00\x00\x00\x00...\x00\x00\x00\x00\x00\x00\x00},spc=false,eof=false,err=null},i=null,error=false,c=HttpChannelOverHttp@6492dae5{s=HttpChannelState@3ca76bd7{s=HANDLING rs=BLOCKING os=OPEN is=IDLE awp=false se=false i=true al=0},r=1,c=false/false,a=HANDLING,uri=http://localhost:51078/print,age=94}]
09:34:40.770 [JettyServerThreadPool-51] DEBUG org.eclipse.jetty.server.HttpChannelState -- onReadIdle HttpChannelState@3ca76bd7{s=HANDLING rs=BLOCKING os=OPEN is=IDLE awp=false se=false i=true al=0}
09:34:40.770 [JettyServerThreadPool-51] DEBUG org.eclipse.jetty.server.BlockingContentProducer -- nextContent async producer returned Content@255c36b3{DirectByteBufferR@22181d44[p=253,l=313,c=8192,r=60]={POST /pri...son\r\n\r\n<<<{"text":"TESTE-SIMPLES","..."labelType":"STANDARD"}>>>\x00\x00\x00\x00\x00\x00\x00\x00\x00...\x00\x00\x00\x00\x00\x00\x00},spc=false,eof=false,err=null}
09:34:40.770 [JettyServerThreadPool-51] DEBUG org.eclipse.jetty.server.HttpInput -- read produced 60 byte(s) HttpInput@1918969311 cs=HttpChannelState@3ca76bd7{s=HANDLING rs=BLOCKING os=OPEN is=IDLE awp=false se=false i=true al=0} cp=org.eclipse.jetty.server.BlockingContentProducer@3b6de445 eof=false
09:34:40.770 [JettyServerThreadPool-51] DEBUG org.eclipse.jetty.server.AsyncContentProducer -- reclaim Content@255c36b3{DirectByteBufferR@22181d44[p=313,l=313,c=8192,r=0]={POST /pri...NDARD"}<<<>>>\x00\x00\x00\x00\x00\x00\x00\x00\x00...\x00\x00\x00\x00\x00\x00\x00},spc=false,eof=false,err=null} AsyncContentProducer@4c691f6c[r=Content@255c36b3{DirectByteBufferR@22181d44[p=313,l=313,c=8192,r=0]={POST /pri...NDARD"}<<<>>>\x00\x00\x00\x00\x00\x00\x00\x00\x00...\x00\x00\x00\x00\x00\x00\x00},spc=false,eof=false,err=null},t=Content@255c36b3{DirectByteBufferR@22181d44[p=313,l=313,c=8192,r=0]={POST /pri...NDARD"}<<<>>>\x00\x00\x00\x00\x00\x00\x00\x00\x00...\x00\x00\x00\x00\x00\x00\x00},spc=false,eof=false,err=null},i=null,error=false,c=HttpChannelOverHttp@6492dae5{s=HttpChannelState@3ca76bd7{s=HANDLING rs=BLOCKING os=OPEN is=IDLE awp=false se=false i=true al=0},r=1,c=false/false,a=HANDLING,uri=http://localhost:51078/print,age=94}]
09:34:40.772 [JettyServerThreadPool-51] DEBUG org.eclipse.jetty.server.AsyncContentProducer -- checkMinDataRate [m=0,t=62127569473600] AsyncContentProducer@4c691f6c[r=null,t=null,i=null,error=false,c=HttpChannelOverHttp@6492dae5{s=HttpChannelState@3ca76bd7{s=HANDLING rs=BLOCKING os=OPEN is=IDLE awp=false se=false i=true al=0},r=1,c=false/false,a=HANDLING,uri=http://localhost:51078/print,age=96}]
09:34:40.772 [JettyServerThreadPool-51] DEBUG org.eclipse.jetty.server.AsyncContentProducer -- nextTransformedContent AsyncContentProducer@4c691f6c[r=null,t=null,i=null,error=false,c=HttpChannelOverHttp@6492dae5{s=HttpChannelState@3ca76bd7{s=HANDLING rs=BLOCKING os=OPEN is=IDLE awp=false se=false i=true al=0},r=1,c=false/false,a=HANDLING,uri=http://localhost:51078/print,age=96}]
09:34:40.772 [JettyServerThreadPool-51] DEBUG org.eclipse.jetty.server.AsyncContentProducer -- producing new raw content AsyncContentProducer@4c691f6c[r=null,t=null,i=null,error=false,c=HttpChannelOverHttp@6492dae5{s=HttpChannelState@3ca76bd7{s=HANDLING rs=BLOCKING os=OPEN is=IDLE awp=false se=false i=true al=0},r=1,c=false/false,a=HANDLING,uri=http://localhost:51078/print,age=96}]
09:34:40.772 [JettyServerThreadPool-51] DEBUG org.eclipse.jetty.server.HttpChannelOverHttp -- produceContent has no content, parsing and filling
09:34:40.772 [JettyServerThreadPool-51] DEBUG org.eclipse.jetty.server.HttpConnection -- HttpConnection@345a8ae1::SocketChannelEndPoint@7346e442[{l=/127.0.0.1:51078,r=/127.0.0.1:51079,OPEN,fill=-,flush=-,to=106/30000}{io=0/0,kio=0,kro=1}]->[HttpConnection@345a8ae1[p=HttpParser{s=CONTENT,60 of 60},g=HttpGenerator@6f2481eb{s=START}]=>HttpChannelOverHttp@6492dae5{s=HttpChannelState@3ca76bd7{s=HANDLING rs=BLOCKING os=OPEN is=IDLE awp=false se=false i=true al=0},r=1,c=false/false,a=HANDLING,uri=http://localhost:51078/print,age=96}] parse RetainableByteBuffer@fc79472{DirectByteBuffer@75937e5c[p=313,l=313,c=8192,r=0]={POST /pri...NDARD"}<<<>>>\x00\x00\x00\x00\x00\x00\x00\x00\x00...\x00\x00\x00\x00\x00\x00\x00},r=1}
09:34:40.772 [JettyServerThreadPool-51] DEBUG org.eclipse.jetty.http.HttpParser -- parseNext s=CONTENT DirectByteBuffer@75937e5c[p=313,l=313,c=8192,r=0]={POST /pri...NDARD"}<<<>>>\x00\x00\x00\x00\x00\x00\x00\x00\x00...\x00\x00\x00\x00\x00\x00\x00}
09:34:40.772 [JettyServerThreadPool-51] DEBUG org.eclipse.jetty.http.HttpParser -- CONTENT --> CONTENT_END
09:34:40.772 [JettyServerThreadPool-51] DEBUG org.eclipse.jetty.server.HttpChannel -- onContentComplete HttpChannelOverHttp@6492dae5{s=HttpChannelState@3ca76bd7{s=HANDLING rs=BLOCKING os=OPEN is=IDLE awp=false se=false i=true al=0},r=1,c=false/false,a=HANDLING,uri=http://localhost:51078/print,age=96}
09:34:40.772 [JettyServerThreadPool-51] DEBUG org.eclipse.jetty.http.HttpParser -- CONTENT_END --> END
09:34:40.772 [JettyServerThreadPool-51] DEBUG org.eclipse.jetty.server.HttpChannel -- onRequestComplete HttpChannelOverHttp@6492dae5{s=HttpChannelState@3ca76bd7{s=HANDLING rs=BLOCKING os=OPEN is=IDLE awp=false se=false i=true al=0},r=1,c=false/false,a=HANDLING,uri=http://localhost:51078/print,age=96}
09:34:40.772 [JettyServerThreadPool-51] DEBUG org.eclipse.jetty.server.HttpChannelOverHttp -- received EOF, content = null
09:34:40.772 [JettyServerThreadPool-51] DEBUG org.eclipse.jetty.server.HttpConnection -- HttpConnection@345a8ae1::SocketChannelEndPoint@7346e442[{l=/127.0.0.1:51078,r=/127.0.0.1:51079,OPEN,fill=-,flush=-,to=106/30000}{io=0/0,kio=0,kro=1}]->[HttpConnection@345a8ae1[p=HttpParser{s=END,60 of 60},g=HttpGenerator@6f2481eb{s=START}]=>HttpChannelOverHttp@6492dae5{s=HttpChannelState@3ca76bd7{s=HANDLING rs=BLOCKING os=OPEN is=IDLE awp=false se=false i=true al=0},r=1,c=false/false,a=HANDLING,uri=http://localhost:51078/print,age=96}] parsed false HttpParser{s=END,60 of 60}
09:34:40.772 [JettyServerThreadPool-51] DEBUG org.eclipse.jetty.server.HttpConnection -- releaseRequestBuffer HttpConnection@345a8ae1::SocketChannelEndPoint@7346e442[{l=/127.0.0.1:51078,r=/127.0.0.1:51079,OPEN,fill=-,flush=-,to=106/30000}{io=0/0,kio=0,kro=1}]->[HttpConnection@345a8ae1[p=HttpParser{s=END,60 of 60},g=HttpGenerator@6f2481eb{s=START}]=>HttpChannelOverHttp@6492dae5{s=HttpChannelState@3ca76bd7{s=HANDLING rs=BLOCKING os=OPEN is=IDLE awp=false se=false i=true al=0},r=1,c=false/false,a=HANDLING,uri=http://localhost:51078/print,age=96}]
09:34:40.772 [JettyServerThreadPool-51] DEBUG org.eclipse.jetty.server.HttpChannelOverHttp -- produceContent produced EofContent
09:34:40.772 [JettyServerThreadPool-51] DEBUG org.eclipse.jetty.server.AsyncContentProducer -- produceRawContent updated rawContentArrived to 60 and firstByteTimeStamp to 62127569473600 AsyncContentProducer@4c691f6c[r=null,t=null,i=null,error=false,c=HttpChannelOverHttp@6492dae5{s=HttpChannelState@3ca76bd7{s=HANDLING rs=BLOCKING os=OPEN is=IDLE awp=false se=false i=true al=0},r=1,c=false/false,a=HANDLING,uri=http://localhost:51078/print,age=96}]
09:34:40.772 [JettyServerThreadPool-51] DEBUG org.eclipse.jetty.server.AsyncContentProducer -- produceRawContent produced EofContent AsyncContentProducer@4c691f6c[r=null,t=null,i=null,error=false,c=HttpChannelOverHttp@6492dae5{s=HttpChannelState@3ca76bd7{s=HANDLING rs=BLOCKING os=OPEN is=IDLE awp=false se=false i=true al=0},r=1,c=false/false,a=HANDLING,uri=http://localhost:51078/print,age=96}]
09:34:40.772 [JettyServerThreadPool-51] DEBUG org.eclipse.jetty.server.AsyncContentProducer -- transforming raw content AsyncContentProducer@4c691f6c[r=EofContent,t=null,i=null,error=false,c=HttpChannelOverHttp@6492dae5{s=HttpChannelState@3ca76bd7{s=HANDLING rs=BLOCKING os=OPEN is=IDLE awp=false se=false i=true al=0},r=1,c=false/false,a=HANDLING,uri=http://localhost:51078/print,age=96}]
09:34:40.772 [JettyServerThreadPool-51] DEBUG org.eclipse.jetty.server.AsyncContentProducer -- no interceptor, transformed content is raw content AsyncContentProducer@4c691f6c[r=EofContent,t=null,i=null,error=false,c=HttpChannelOverHttp@6492dae5{s=HttpChannelState@3ca76bd7{s=HANDLING rs=BLOCKING os=OPEN is=IDLE awp=false se=false i=true al=0},r=1,c=false/false,a=HANDLING,uri=http://localhost:51078/print,age=96}]
09:34:40.772 [JettyServerThreadPool-51] DEBUG org.eclipse.jetty.server.AsyncContentProducer -- transformed content not yet depleted, returning it AsyncContentProducer@4c691f6c[r=EofContent,t=EofContent,i=null,error=false,c=HttpChannelOverHttp@6492dae5{s=HttpChannelState@3ca76bd7{s=HANDLING rs=BLOCKING os=OPEN is=IDLE awp=false se=false i=true al=0},r=1,c=false/false,a=HANDLING,uri=http://localhost:51078/print,age=96}]
09:34:40.772 [JettyServerThreadPool-51] DEBUG org.eclipse.jetty.server.AsyncContentProducer -- nextContent = EofContent AsyncContentProducer@4c691f6c[r=EofContent,t=EofContent,i=null,error=false,c=HttpChannelOverHttp@6492dae5{s=HttpChannelState@3ca76bd7{s=HANDLING rs=BLOCKING os=OPEN is=IDLE awp=false se=false i=true al=0},r=1,c=false/false,a=HANDLING,uri=http://localhost:51078/print,age=96}]
09:34:40.772 [JettyServerThreadPool-51] DEBUG org.eclipse.jetty.server.HttpChannelState -- onReadIdle HttpChannelState@3ca76bd7{s=HANDLING rs=BLOCKING os=OPEN is=IDLE awp=false se=false i=true al=0}
09:34:40.772 [JettyServerThreadPool-51] DEBUG org.eclipse.jetty.server.BlockingContentProducer -- nextContent async producer returned EofContent
09:34:40.772 [JettyServerThreadPool-51] DEBUG org.eclipse.jetty.server.HttpInput -- read error=null HttpInput@1918969311 cs=HttpChannelState@3ca76bd7{s=HANDLING rs=BLOCKING os=OPEN is=IDLE awp=false se=false i=true al=0} cp=org.eclipse.jetty.server.BlockingContentProducer@3b6de445 eof=false
09:34:40.772 [JettyServerThreadPool-51] DEBUG org.eclipse.jetty.server.HttpInput -- read at EOF, setting consumed EOF to true HttpInput@1918969311 cs=HttpChannelState@3ca76bd7{s=HANDLING rs=BLOCKING os=OPEN is=IDLE awp=false se=false i=true al=0} cp=org.eclipse.jetty.server.BlockingContentProducer@3b6de445 eof=false
09:34:40.772 [JettyServerThreadPool-51] DEBUG org.eclipse.jetty.server.BlockingContentProducer -- onContentProducible releasing semaphore LockedSemaphore permits=0 unready=false
09:34:40.777 [JettyServerThreadPool-51] INFO controller.PrintController -- Recebida requisição para /print: {"text":"TESTE-SIMPLES","quantity":1,"labelType":"STANDARD"}
09:34:40.842 [JettyServerThreadPool-51] DEBUG org.eclipse.jetty.server.HttpOutput -- write(array HeapByteBuffer@75052ba5[p=0,l=31,c=4096,r=31]={<<<Impress\xC3\xA3o enviada com sucesso!>>>\x00\x00\x00\x00\x00\x00\x00\x00\x00...\x00\x00\x00\x00\x00\x00\x00})
09:34:40.842 [JettyServerThreadPool-51] DEBUG org.eclipse.jetty.server.HttpOutput -- write(array) s=OPEN,api=BLOCKING,sc=false,e=null aggregated !flush DirectByteBuffer@f62bf00[p=0,l=31,c=32768,r=31]={<<<Impress\xC3\xA3o enviada com sucesso!>>>\x00\x00\x00\x00\x00\x00\x00\x00\x00...\x00\x00\x00\x00\x00\x00\x00}
09:34:40.842 [JettyServerThreadPool-51] DEBUG org.eclipse.jetty.server.session.SessionHandler -- Leaving scope org.eclipse.jetty.server.session.SessionHandler1468192631==dftMaxIdleSec=-1 dispatch=REQUEST, async=false, session=null, oldsession=null, oldsessionhandler=null
09:34:40.842 [JettyServerThreadPool-51] DEBUG org.eclipse.jetty.server.Server -- handled=true async=false committed=false on HttpChannelOverHttp@6492dae5{s=HttpChannelState@3ca76bd7{s=HANDLING rs=BLOCKING os=OPEN is=IDLE awp=false se=false i=true al=0},r=1,c=false/false,a=HANDLING,uri=http://localhost:51078/print,age=166}
09:34:40.842 [JettyServerThreadPool-51] DEBUG org.eclipse.jetty.server.HttpChannelState -- unhandle HttpChannelState@3ca76bd7{s=HANDLING rs=BLOCKING os=OPEN is=IDLE awp=false se=false i=true al=0}
09:34:40.842 [JettyServerThreadPool-51] DEBUG org.eclipse.jetty.server.HttpChannelState -- nextAction(false) COMPLETE HttpChannelState@3ca76bd7{s=HANDLING rs=COMPLETING os=OPEN is=IDLE awp=false se=false i=false al=0}
09:34:40.842 [JettyServerThreadPool-51] DEBUG org.eclipse.jetty.server.HttpChannel -- action COMPLETE HttpChannelOverHttp@6492dae5{s=HttpChannelState@3ca76bd7{s=HANDLING rs=COMPLETING os=OPEN is=IDLE awp=false se=false i=false al=0},r=1,c=false/false,a=HANDLING,uri=http://localhost:51078/print,age=166}
09:34:40.842 [JettyServerThreadPool-51] DEBUG org.eclipse.jetty.server.HttpInput -- consumeAll HttpInput@1918969311 cs=HttpChannelState@3ca76bd7{s=HANDLING rs=COMPLETING os=OPEN is=IDLE awp=false se=false i=false al=0} cp=org.eclipse.jetty.server.BlockingContentProducer@3b6de445 eof=true
09:34:40.842 [JettyServerThreadPool-51] DEBUG org.eclipse.jetty.server.HttpChannelOverHttp -- failing all content with org.eclipse.jetty.util.StaticException: Unconsumed content HttpChannelOverHttp@6492dae5{s=HttpChannelState@3ca76bd7{s=HANDLING rs=COMPLETING os=OPEN is=IDLE awp=false se=false i=false al=0},r=1,c=false/false,a=HANDLING,uri=http://localhost:51078/print,age=166}
09:34:40.842 [JettyServerThreadPool-51] DEBUG org.eclipse.jetty.server.AsyncContentProducer -- failed all content of http channel EOF=true AsyncContentProducer@4c691f6c[r=ErrorContent [org.eclipse.jetty.util.StaticException: Unconsumed content],t=ErrorContent [org.eclipse.jetty.util.StaticException: Unconsumed content],i=null,error=false,c=HttpChannelOverHttp@6492dae5{s=HttpChannelState@3ca76bd7{s=HANDLING rs=COMPLETING os=OPEN is=IDLE awp=false se=false i=false al=0},r=1,c=false/false,a=HANDLING,uri=http://localhost:51078/print,age=166}]
09:34:40.842 [JettyServerThreadPool-51] DEBUG org.eclipse.jetty.server.HttpInput -- isFinished=true HttpInput@1918969311 cs=HttpChannelState@3ca76bd7{s=HANDLING rs=COMPLETING os=OPEN is=IDLE awp=false se=false i=false al=0} cp=org.eclipse.jetty.server.BlockingContentProducer@3b6de445 eof=true
09:34:40.842 [JettyServerThreadPool-51] DEBUG org.eclipse.jetty.server.AsyncContentProducer -- isError = false AsyncContentProducer@4c691f6c[r=ErrorContent [org.eclipse.jetty.util.StaticException: Unconsumed content],t=ErrorContent [org.eclipse.jetty.util.StaticException: Unconsumed content],i=null,error=false,c=HttpChannelOverHttp@6492dae5{s=HttpChannelState@3ca76bd7{s=HANDLING rs=COMPLETING os=OPEN is=IDLE awp=false se=false i=false al=0},r=1,c=false/false,a=HANDLING,uri=http://localhost:51078/print,age=166}]
09:34:40.842 [JettyServerThreadPool-51] DEBUG org.eclipse.jetty.server.HttpInput -- isError=false HttpInput@1918969311 cs=HttpChannelState@3ca76bd7{s=HANDLING rs=COMPLETING os=OPEN is=IDLE awp=false se=false i=false al=0} cp=org.eclipse.jetty.server.BlockingContentProducer@3b6de445 eof=true
09:34:40.851 [JettyServerThreadPool-51] DEBUG org.eclipse.jetty.server.HttpOutput -- complete(org.eclipse.jetty.util.Callback$3@64529db7) s=CLOSING,api=BLOCKED,sc=false,e=null s=false e=null, c=DirectByteBuffer@f62bf00[p=0,l=31,c=32768,r=31]={<<<Impress\xC3\xA3o enviada com sucesso!>>>\x00\x00\x00\x00\x00\x00\x00\x00\x00...\x00\x00\x00\x00\x00\x00\x00}
09:34:40.851 [JettyServerThreadPool-51] DEBUG org.eclipse.jetty.server.HttpChannel -- sendResponse info=null content=DirectByteBuffer@f62bf00[p=0,l=31,c=32768,r=31]={<<<Impress\xC3\xA3o enviada com sucesso!>>>\x00\x00\x00\x00\x00\x00\x00\x00\x00...\x00\x00\x00\x00\x00\x00\x00} complete=true committing=true callback=org.eclipse.jetty.server.HttpOutput$WriteCompleteCB@22254f7b
09:34:40.851 [JettyServerThreadPool-51] DEBUG org.eclipse.jetty.server.HttpChannel -- COMMIT for /print on HttpChannelOverHttp@6492dae5{s=HttpChannelState@3ca76bd7{s=HANDLING rs=COMPLETING os=COMMITTED is=IDLE awp=false se=false i=false al=0},r=1,c=false/false,a=HANDLING,uri=http://localhost:51078/print,age=175}
200 null HTTP/1.1
Date: Tue, 02 Sep 2025 12:34:40 GMT
Content-Type: text/plain


09:34:40.851 [JettyServerThreadPool-51] DEBUG org.eclipse.jetty.server.HttpConnection -- generate: NEED_HEADER for SendCallback@3e74f216[PROCESSING][i=HTTP/1.1{s=200,h=2,cl=-1},cb=org.eclipse.jetty.server.HttpChannel$SendCallback@e467b99] (null,[p=0,l=31,c=32768,r=31],true)@START
09:34:40.851 [JettyServerThreadPool-51] DEBUG org.eclipse.jetty.http.HttpGenerator -- generateHeaders HTTP/1.1{s=200,h=2,cl=-1} last=true content=DirectByteBuffer@f62bf00[p=0,l=31,c=32768,r=31]={<<<Impress\xC3\xA3o enviada com sucesso!>>>\x00\x00\x00\x00\x00\x00\x00\x00\x00...\x00\x00\x00\x00\x00\x00\x00}
09:34:40.851 [JettyServerThreadPool-51] DEBUG org.eclipse.jetty.http.HttpGenerator -- Date: Tue, 02 Sep 2025 12:34:40 GMT
Content-Type: text/plain


09:34:40.858 [JettyServerThreadPool-51] DEBUG org.eclipse.jetty.http.HttpGenerator -- CONTENT_LENGTH
09:34:40.858 [JettyServerThreadPool-51] DEBUG org.eclipse.jetty.server.HttpConnection -- generate: FLUSH for SendCallback@3e74f216[PROCESSING][i=HTTP/1.1{s=200,h=2,cl=-1},cb=org.eclipse.jetty.server.HttpChannel$SendCallback@e467b99] ([p=0,l=102,c=8192,r=102],[p=0,l=31,c=32768,r=31],true)@COMPLETING
09:34:40.858 [JettyServerThreadPool-51] DEBUG org.eclipse.jetty.io.WriteFlusher -- write: WriteFlusher@10cb2f56{IDLE}->null [DirectByteBuffer@5d892250[p=0,l=102,c=8192,r=102]={<<<HTTP/1.1 200 OK\r\nDate: Tu...\nContent-Length: 31\r\n\r\n>>>\x00\x00\x00\x00\x00\x00\x00\x00\x00...\x00\x00\x00\x00\x00\x00\x00},DirectByteBuffer@f62bf00[p=0,l=31,c=32768,r=31]={<<<Impress\xC3\xA3o enviada com sucesso!>>>\x00\x00\x00\x00\x00\x00\x00\x00\x00...\x00\x00\x00\x00\x00\x00\x00}]
09:34:40.858 [JettyServerThreadPool-51] DEBUG org.eclipse.jetty.io.WriteFlusher -- update WriteFlusher@10cb2f56{WRITING}->null:IDLE-->WRITING
09:34:40.858 [JettyServerThreadPool-51] DEBUG org.eclipse.jetty.io.SocketChannelEndPoint -- flushed 133 SocketChannelEndPoint@7346e442[{l=/127.0.0.1:51078,r=/127.0.0.1:51079,OPEN,fill=-,flush=W,to=194/30000}{io=0/0,kio=0,kro=1}]->[HttpConnection@345a8ae1[p=HttpParser{s=END,60 of 60},g=HttpGenerator@6f2481eb{s=COMPLETING}]=>HttpChannelOverHttp@6492dae5{s=HttpChannelState@3ca76bd7{s=HANDLING rs=COMPLETING os=COMMITTED is=IDLE awp=false se=false i=false al=0},r=1,c=false/false,a=HANDLING,uri=http://localhost:51078/print,age=182}]
09:34:40.858 [JettyServerThreadPool-51] DEBUG org.eclipse.jetty.io.WriteFlusher -- Flushed=true written=133 remaining=0 WriteFlusher@10cb2f56{WRITING}->null
09:34:40.858 [JettyServerThreadPool-51] DEBUG org.eclipse.jetty.io.WriteFlusher -- update WriteFlusher@10cb2f56{IDLE}->null:WRITING-->IDLE
09:34:40.858 [JettyServerThreadPool-51] DEBUG org.eclipse.jetty.server.HttpConnection -- generate: DONE for SendCallback@3e74f216[PROCESSING][i=HTTP/1.1{s=200,h=2,cl=-1},cb=org.eclipse.jetty.server.HttpChannel$SendCallback@e467b99] ([p=102,l=102,c=8192,r=0],[p=31,l=31,c=32768,r=0],true)@END
09:34:40.858 [JettyServerThreadPool-51] DEBUG org.eclipse.jetty.server.HttpOutput -- onWriteComplete(true,null) s=CLOSING,api=BLOCKED,sc=false,e=null->s=CLOSED,api=BLOCKING,sc=false,e=null c=null cb=org.eclipse.jetty.util.Callback$3@64529db7 w=false
09:34:40.858 [JettyServerThreadPool-51] DEBUG org.eclipse.jetty.server.HttpChannelState -- completed HttpChannelState@3ca76bd7{s=HANDLING rs=COMPLETING os=COMPLETED is=IDLE awp=false se=false i=false al=0}
09:34:40.858 [JettyServerThreadPool-51] DEBUG org.eclipse.jetty.server.HttpChannelState -- unhandle HttpChannelState@3ca76bd7{s=HANDLING rs=COMPLETED os=COMPLETED is=IDLE awp=false se=false i=false al=0}
09:34:40.858 [JettyServerThreadPool-51] DEBUG org.eclipse.jetty.server.HttpChannelState -- nextAction(false) TERMINATED HttpChannelState@3ca76bd7{s=IDLE rs=COMPLETED os=COMPLETED is=IDLE awp=false se=false i=false al=0}
09:34:40.858 [JettyServerThreadPool-51] DEBUG org.eclipse.jetty.server.HttpChannel -- action TERMINATED HttpChannelOverHttp@6492dae5{s=HttpChannelState@3ca76bd7{s=IDLE rs=COMPLETED os=COMPLETED is=IDLE awp=false se=false i=false al=0},r=1,c=true/true,a=IDLE,uri=http://localhost:51078/print,age=182}
09:34:40.858 [JettyServerThreadPool-51] DEBUG org.eclipse.jetty.server.HttpChannel -- onCompleted for /print written=31
09:34:40.858 [JettyServerThreadPool-51] DEBUG org.eclipse.jetty.server.HttpInput -- consumeAll HttpInput@1918969311 cs=HttpChannelState@3ca76bd7{s=IDLE rs=COMPLETED os=COMPLETED is=IDLE awp=false se=false i=false al=0} cp=org.eclipse.jetty.server.BlockingContentProducer@3b6de445 eof=true
09:34:40.858 [JettyServerThreadPool-51] DEBUG org.eclipse.jetty.server.HttpChannelOverHttp -- failing all content with org.eclipse.jetty.util.StaticException: Unconsumed content HttpChannelOverHttp@6492dae5{s=HttpChannelState@3ca76bd7{s=IDLE rs=COMPLETED os=COMPLETED is=IDLE awp=false se=false i=false al=0},r=1,c=true/true,a=IDLE,uri=http://localhost:51078/print,age=182}
09:34:40.858 [JettyServerThreadPool-51] DEBUG org.eclipse.jetty.server.AsyncContentProducer -- failed all content of http channel EOF=true AsyncContentProducer@4c691f6c[r=ErrorContent [org.eclipse.jetty.util.StaticException: Unconsumed content],t=ErrorContent [org.eclipse.jetty.util.StaticException: Unconsumed content],i=null,error=false,c=HttpChannelOverHttp@6492dae5{s=HttpChannelState@3ca76bd7{s=IDLE rs=COMPLETED os=COMPLETED is=IDLE awp=false se=false i=false al=0},r=1,c=true/true,a=IDLE,uri=http://localhost:51078/print,age=182}]
09:34:40.858 [JettyServerThreadPool-51] DEBUG org.eclipse.jetty.server.HttpInput -- isFinished=true HttpInput@1918969311 cs=HttpChannelState@3ca76bd7{s=IDLE rs=COMPLETED os=COMPLETED is=IDLE awp=false se=false i=false al=0} cp=org.eclipse.jetty.server.BlockingContentProducer@3b6de445 eof=true
09:34:40.858 [JettyServerThreadPool-51] DEBUG org.eclipse.jetty.server.AsyncContentProducer -- isError = false AsyncContentProducer@4c691f6c[r=ErrorContent [org.eclipse.jetty.util.StaticException: Unconsumed content],t=ErrorContent [org.eclipse.jetty.util.StaticException: Unconsumed content],i=null,error=false,c=HttpChannelOverHttp@6492dae5{s=HttpChannelState@3ca76bd7{s=IDLE rs=COMPLETED os=COMPLETED is=IDLE awp=false se=false i=false al=0},r=1,c=true/true,a=IDLE,uri=http://localhost:51078/print,age=182}]
09:34:40.858 [JettyServerThreadPool-51] DEBUG org.eclipse.jetty.server.HttpInput -- isError=false HttpInput@1918969311 cs=HttpChannelState@3ca76bd7{s=IDLE rs=COMPLETED os=COMPLETED is=IDLE awp=false se=false i=false al=0} cp=org.eclipse.jetty.server.BlockingContentProducer@3b6de445 eof=true
09:34:40.858 [JettyServerThreadPool-51] DEBUG org.eclipse.jetty.server.HttpChannelState -- recycle HttpChannelState@3ca76bd7{s=IDLE rs=COMPLETED os=COMPLETED is=IDLE awp=false se=false i=false al=0}
09:34:40.858 [JettyServerThreadPool-51] DEBUG org.eclipse.jetty.server.HttpInput -- recycle HttpInput@1918969311 cs=HttpChannelState@3ca76bd7{s=IDLE rs=BLOCKING os=OPEN is=IDLE awp=false se=false i=true al=0} cp=org.eclipse.jetty.server.BlockingContentProducer@3b6de445 eof=true
09:34:40.858 [JettyServerThreadPool-51] DEBUG org.eclipse.jetty.server.BlockingContentProducer -- recycling org.eclipse.jetty.server.BlockingContentProducer@3b6de445
09:34:40.858 [JettyServerThreadPool-51] DEBUG org.eclipse.jetty.server.AsyncContentProducer -- recycling AsyncContentProducer@4c691f6c[r=ErrorContent [org.eclipse.jetty.util.StaticException: Unconsumed content],t=ErrorContent [org.eclipse.jetty.util.StaticException: Unconsumed content],i=null,error=false,c=HttpChannelOverHttp@6492dae5{s=HttpChannelState@3ca76bd7{s=IDLE rs=BLOCKING os=OPEN is=IDLE awp=false se=false i=true al=0},r=1,c=false/false,a=IDLE,uri=http://localhost:51078/print,age=182}]
09:34:40.858 [JettyServerThreadPool-51] DEBUG org.eclipse.jetty.http.HttpParser -- reset HttpParser{s=END,60 of 60}
09:34:40.858 [JettyServerThreadPool-51] DEBUG org.eclipse.jetty.http.HttpParser -- END --> START
09:34:40.858 [JettyServerThreadPool-51] DEBUG org.eclipse.jetty.server.HttpChannel -- !handle TERMINATED HttpChannelOverHttp@6492dae5{s=HttpChannelState@3ca76bd7{s=IDLE rs=BLOCKING os=OPEN is=IDLE awp=false se=false i=true al=0},r=1,c=false/false,a=IDLE,uri=null,age=0}
09:34:40.858 [JettyServerThreadPool-51] DEBUG org.eclipse.jetty.io.SocketChannelEndPoint -- filled 0 DirectByteBuffer@75937e5c[p=0,l=0,c=8192,r=0]={<<<>>>POST /pri...\x00\x00\x00\x00\x00\x00\x00}
09:34:40.858 [JettyServerThreadPool-51] DEBUG org.eclipse.jetty.io.SocketChannelEndPoint -- filled 0 DirectByteBuffer@75937e5c[p=0,l=0,c=8192,r=0]={<<<>>>POST /pri...\x00\x00\x00\x00\x00\x00\x00}
09:34:40.858 [JettyServerThreadPool-51] DEBUG org.eclipse.jetty.server.HttpConnection -- HttpConnection@345a8ae1::SocketChannelEndPoint@7346e442[{l=/127.0.0.1:51078,r=/127.0.0.1:51079,OPEN,fill=-,flush=-,to=10/30000}{io=0/0,kio=0,kro=1}]->[HttpConnection@345a8ae1[p=HttpParser{s=START,0 of -1},g=HttpGenerator@6f2481eb{s=START}]=>HttpChannelOverHttp@6492dae5{s=HttpChannelState@3ca76bd7{s=IDLE rs=BLOCKING os=OPEN is=IDLE awp=false se=false i=true al=0},r=1,c=false/false,a=IDLE,uri=null,age=0}] filled 0 RetainableByteBuffer@fc79472{DirectByteBuffer@75937e5c[p=0,l=0,c=8192,r=0]={<<<>>>POST /pri...\x00\x00\x00\x00\x00\x00\x00},r=1}
09:34:40.858 [JettyServerThreadPool-51] DEBUG org.eclipse.jetty.server.HttpConnection -- HttpConnection@345a8ae1::SocketChannelEndPoint@7346e442[{l=/127.0.0.1:51078,r=/127.0.0.1:51079,OPEN,fill=-,flush=-,to=11/30000}{io=0/0,kio=0,kro=1}]->[HttpConnection@345a8ae1[p=HttpParser{s=START,0 of -1},g=HttpGenerator@6f2481eb{s=START}]=>HttpChannelOverHttp@6492dae5{s=HttpChannelState@3ca76bd7{s=IDLE rs=BLOCKING os=OPEN is=IDLE awp=false se=false i=true al=0},r=1,c=false/false,a=IDLE,uri=null,age=0}] parse RetainableByteBuffer@fc79472{DirectByteBuffer@75937e5c[p=0,l=0,c=8192,r=0]={<<<>>>POST /pri...\x00\x00\x00\x00\x00\x00\x00},r=1}
09:34:40.858 [JettyServerThreadPool-51] DEBUG org.eclipse.jetty.http.HttpParser -- parseNext s=START DirectByteBuffer@75937e5c[p=0,l=0,c=8192,r=0]={<<<>>>POST /pri...\x00\x00\x00\x00\x00\x00\x00}
09:34:40.858 [JettyServerThreadPool-51] DEBUG org.eclipse.jetty.server.HttpConnection -- HttpConnection@345a8ae1::SocketChannelEndPoint@7346e442[{l=/127.0.0.1:51078,r=/127.0.0.1:51079,OPEN,fill=-,flush=-,to=11/30000}{io=0/0,kio=0,kro=1}]->[HttpConnection@345a8ae1[p=HttpParser{s=START,0 of -1},g=HttpGenerator@6f2481eb{s=START}]=>HttpChannelOverHttp@6492dae5{s=HttpChannelState@3ca76bd7{s=IDLE rs=BLOCKING os=OPEN is=IDLE awp=false se=false i=true al=0},r=1,c=false/false,a=IDLE,uri=null,age=0}] parsed false HttpParser{s=START,0 of -1}
09:34:40.858 [JettyServerThreadPool-51] DEBUG org.eclipse.jetty.server.HttpConnection -- releaseRequestBuffer HttpConnection@345a8ae1::SocketChannelEndPoint@7346e442[{l=/127.0.0.1:51078,r=/127.0.0.1:51079,OPEN,fill=-,flush=-,to=11/30000}{io=0/0,kio=0,kro=1}]->[HttpConnection@345a8ae1[p=HttpParser{s=START,0 of -1},g=HttpGenerator@6f2481eb{s=START}]=>HttpChannelOverHttp@6492dae5{s=HttpChannelState@3ca76bd7{s=IDLE rs=BLOCKING os=OPEN is=IDLE awp=false se=false i=true al=0},r=1,c=false/false,a=IDLE,uri=null,age=0}]
09:34:40.858 [JettyServerThreadPool-51] DEBUG org.eclipse.jetty.io.AbstractConnection -- fillInterested HttpConnection@345a8ae1::SocketChannelEndPoint@7346e442[{l=/127.0.0.1:51078,r=/127.0.0.1:51079,OPEN,fill=-,flush=-,to=11/30000}{io=0/0,kio=0,kro=1}]->[HttpConnection@345a8ae1[p=HttpParser{s=START,0 of -1},g=HttpGenerator@6f2481eb{s=START}]=>HttpChannelOverHttp@6492dae5{s=HttpChannelState@3ca76bd7{s=IDLE rs=BLOCKING os=OPEN is=IDLE awp=false se=false i=true al=0},r=1,c=false/false,a=IDLE,uri=null,age=0}]
09:34:40.858 [JettyServerThreadPool-51] DEBUG org.eclipse.jetty.io.FillInterest -- interested FillInterest@78a863{ReadCallback@2d4b12b{HttpConnection@345a8ae1::SocketChannelEndPoint@7346e442[{l=/127.0.0.1:51078,r=/127.0.0.1:51079,OPEN,fill=FI,flush=-,to=0/30000}{io=0/0,kio=0,kro=1}]->[HttpConnection@345a8ae1[p=HttpParser{s=START,0 of -1},g=HttpGenerator@6f2481eb{s=START}]=>HttpChannelOverHttp@6492dae5{s=HttpChannelState@3ca76bd7{s=IDLE rs=BLOCKING os=OPEN is=IDLE awp=false se=false i=true al=0},r=1,c=false/false,a=IDLE,uri=null,age=0}]}}
09:34:40.858 [JettyServerThreadPool-51] DEBUG org.eclipse.jetty.io.SelectableChannelEndPoint -- changeInterests p=false 0->1 for SocketChannelEndPoint@7346e442[{l=/127.0.0.1:51078,r=/127.0.0.1:51079,OPEN,fill=FI,flush=-,to=0/30000}{io=0/1,kio=0,kro=1}]->[HttpConnection@345a8ae1[p=HttpParser{s=START,0 of -1},g=HttpGenerator@6f2481eb{s=START}]=>HttpChannelOverHttp@6492dae5{s=HttpChannelState@3ca76bd7{s=IDLE rs=BLOCKING os=OPEN is=IDLE awp=false se=false i=true al=0},r=1,c=false/false,a=IDLE,uri=null,age=0}]
09:34:40.858 [JettyServerThreadPool-51] DEBUG org.eclipse.jetty.io.ManagedSelector -- Queued change lazy=false org.eclipse.jetty.io.SelectableChannelEndPoint$$Lambda/0x000001cc113a49e8@74068c93 on ManagedSelector@3f92a84e{STARTED} id=1 keys=1 selected=0 updates=0
09:34:40.858 [JettyServerThreadPool-51] DEBUG org.eclipse.jetty.io.ManagedSelector -- Wakeup on submit ManagedSelector@3f92a84e{STARTED} id=1 keys=1 selected=0 updates=1
09:34:40.858 [JettyServerThreadPool-36] DEBUG org.eclipse.jetty.io.ManagedSelector -- Selector sun.nio.ch.WEPollSelectorImpl@431ba989 woken with none selected
09:34:40.858 [JettyServerThreadPool-51] DEBUG org.eclipse.jetty.server.HttpConnection -- HttpConnection@345a8ae1::SocketChannelEndPoint@7346e442[{l=/127.0.0.1:51078,r=/127.0.0.1:51079,OPEN,fill=FI,flush=-,to=0/30000}{io=0/1,kio=0,kro=1}]->[HttpConnection@345a8ae1[p=HttpParser{s=START,0 of -1},g=HttpGenerator@6f2481eb{s=START}]=>HttpChannelOverHttp@6492dae5{s=HttpChannelState@3ca76bd7{s=IDLE rs=BLOCKING os=OPEN is=IDLE awp=false se=false i=true al=0},r=1,c=false/false,a=IDLE,uri=null,age=0}] onFillable exit HttpChannelState@3ca76bd7{s=IDLE rs=BLOCKING os=OPEN is=IDLE awp=false se=false i=true al=0} null
09:34:40.858 [JettyServerThreadPool-36] DEBUG org.eclipse.jetty.io.ManagedSelector -- Selector sun.nio.ch.WEPollSelectorImpl@431ba989 woken up from select, 0/0/1 selected
09:34:40.858 [JettyServerThreadPool-36] DEBUG org.eclipse.jetty.io.ManagedSelector -- Selector sun.nio.ch.WEPollSelectorImpl@431ba989 processing 0 keys, 1 updates
09:34:40.858 [JettyServerThreadPool-36] DEBUG org.eclipse.jetty.io.ManagedSelector -- updateable 1
09:34:40.858 [JettyServerThreadPool-36] DEBUG org.eclipse.jetty.io.ManagedSelector -- update org.eclipse.jetty.io.SelectableChannelEndPoint$$Lambda/0x000001cc113a49e8@74068c93
09:34:40.858 [JettyServerThreadPool-36] DEBUG org.eclipse.jetty.io.SelectableChannelEndPoint -- Key interests updated 0 -> 1 on SocketChannelEndPoint@7346e442[{l=/127.0.0.1:51078,r=/127.0.0.1:51079,OPEN,fill=FI,flush=-,to=1/30000}{io=1/1,kio=1,kro=1}]->[HttpConnection@345a8ae1[p=HttpParser{s=START,0 of -1},g=HttpGenerator@6f2481eb{s=START}]=>HttpChannelOverHttp@6492dae5{s=HttpChannelState@3ca76bd7{s=IDLE rs=BLOCKING os=OPEN is=IDLE awp=false se=false i=true al=0},r=1,c=false/false,a=IDLE,uri=null,age=0}]
09:34:40.858 [JettyServerThreadPool-51] DEBUG org.eclipse.jetty.util.thread.QueuedThreadPool -- ran SocketChannelEndPoint@7346e442[{l=/127.0.0.1:51078,r=/127.0.0.1:51079,OPEN,fill=FI,flush=-,to=1/30000}{io=1/1,kio=1,kro=1}]->[HttpConnection@345a8ae1[p=HttpParser{s=START,0 of -1},g=HttpGenerator@6f2481eb{s=START}]=>HttpChannelOverHttp@6492dae5{s=HttpChannelState@3ca76bd7{s=IDLE rs=BLOCKING os=OPEN is=IDLE awp=false se=false i=true al=0},r=1,c=false/false,a=IDLE,uri=null,age=0}]:runFillable:BLOCKING in QueuedThreadPool[JettyServerThreadPool]@540dbda9{STARTED,8<=9<=250,i=0,r=-1,t=59786ms,q=0}[ReservedThreadExecutor@3a5c2626{reserved=1/12,pending=0}]
09:34:40.874 [JettyServerThreadPool-36] DEBUG org.eclipse.jetty.io.ManagedSelector -- updates 0
09:34:40.874 [JettyServerThreadPool-51] DEBUG org.eclipse.jetty.util.thread.QueuedThreadPool -- Evict check, period=60000ms QueuedThreadPool[JettyServerThreadPool]@540dbda9{STARTED,8<=9<=250,i=1,r=-1,t=59786ms,q=0}[ReservedThreadExecutor@3a5c2626{reserved=1/12,pending=0}]
09:34:40.874 [JettyServerThreadPool-36] DEBUG org.eclipse.jetty.io.ManagedSelector -- Selector sun.nio.ch.WEPollSelectorImpl@431ba989 waiting with 1 keys
09:34:40.874 [JettyServerThreadPool-51] DEBUG org.eclipse.jetty.util.thread.QueuedThreadPool -- Evict skipped, threshold=119786ms in the future QueuedThreadPool[JettyServerThreadPool]@540dbda9{STARTED,8<=9<=250,i=1,r=-1,t=59786ms,q=0}[ReservedThreadExecutor@3a5c2626{reserved=1/12,pending=0}]
09:34:40.954 [main] INFO io.javalin.Javalin -- Stopping Javalin ...
09:34:40.954 [main] DEBUG org.eclipse.jetty.util.component.AbstractLifeCycle -- STOPPING Server@58a4a74d{STARTED}[11.0.20,sto=0]
09:34:40.954 [main] INFO org.eclipse.jetty.server.Server -- Stopped Server@58a4a74d{STOPPING}[11.0.20,sto=0]
09:34:40.954 [main] DEBUG org.eclipse.jetty.server.Server -- doStop Server@58a4a74d{STOPPING}[11.0.20,sto=0]
09:34:40.954 [main] DEBUG org.eclipse.jetty.util.component.AbstractLifeCycle -- STOPPING ServerConnector@270b6b5e{HTTP/1.1, (http/1.1)}{0.0.0.0:51078}
09:34:40.954 [main] DEBUG org.eclipse.jetty.util.component.AbstractLifeCycle -- STOPPING SelectorManager@ServerConnector@270b6b5e{HTTP/1.1, (http/1.1)}{0.0.0.0:0}
09:34:40.954 [main] DEBUG org.eclipse.jetty.util.component.AbstractLifeCycle -- STOPPING ManagedSelector@16eedaa6{STARTED} id=5 keys=0 selected=0 updates=0
09:34:40.954 [JettyServerThreadPool-41] DEBUG org.eclipse.jetty.util.thread.QueuedThreadPool -- ran JettyServerThreadPool-41-acceptor-0@7139bd31-ServerConnector@270b6b5e{HTTP/1.1, (http/1.1)}{0.0.0.0:51078} in QueuedThreadPool[JettyServerThreadPool]@540dbda9{STARTED,8<=9<=250,i=1,r=-1,t=59702ms,q=0}[ReservedThreadExecutor@3a5c2626{reserved=1/12,pending=0}]
09:34:40.954 [JettyServerThreadPool-41] DEBUG org.eclipse.jetty.util.thread.QueuedThreadPool -- Evict check, period=60000ms QueuedThreadPool[JettyServerThreadPool]@540dbda9{STARTED,8<=9<=250,i=2,r=-1,t=59702ms,q=0}[ReservedThreadExecutor@3a5c2626{reserved=1/12,pending=0}]
09:34:40.954 [JettyServerThreadPool-41] DEBUG org.eclipse.jetty.util.thread.QueuedThreadPool -- Evict skipped, threshold=119702ms in the future QueuedThreadPool[JettyServerThreadPool]@540dbda9{STARTED,8<=9<=250,i=2,r=-1,t=59702ms,q=0}[ReservedThreadExecutor@3a5c2626{reserved=1/12,pending=0}]
09:34:40.954 [main] DEBUG org.eclipse.jetty.io.ManagedSelector -- Queued change lazy=false org.eclipse.jetty.io.ManagedSelector$CloseConnections@6c841199 on ManagedSelector@16eedaa6{STOPPING} id=5 keys=0 selected=0 updates=0
09:34:40.954 [main] DEBUG org.eclipse.jetty.io.ManagedSelector -- Wakeup on submit ManagedSelector@16eedaa6{STOPPING} id=5 keys=0 selected=0 updates=1
09:34:40.954 [JettyServerThreadPool-40] DEBUG org.eclipse.jetty.io.ManagedSelector -- Selector sun.nio.ch.WEPollSelectorImpl@1f50552d woken with none selected
09:34:40.954 [JettyServerThreadPool-40] DEBUG org.eclipse.jetty.io.ManagedSelector -- Selector sun.nio.ch.WEPollSelectorImpl@1f50552d woken up from select, 0/0/0 selected
09:34:40.954 [JettyServerThreadPool-40] DEBUG org.eclipse.jetty.io.ManagedSelector -- Selector sun.nio.ch.WEPollSelectorImpl@1f50552d processing 0 keys, 1 updates
09:34:40.954 [JettyServerThreadPool-40] DEBUG org.eclipse.jetty.io.ManagedSelector -- updateable 1
09:34:40.954 [JettyServerThreadPool-40] DEBUG org.eclipse.jetty.io.ManagedSelector -- update org.eclipse.jetty.io.ManagedSelector$CloseConnections@6c841199
09:34:40.954 [JettyServerThreadPool-40] DEBUG org.eclipse.jetty.io.ManagedSelector -- Closing 0 connections on ManagedSelector@16eedaa6{STOPPING} id=5 keys=0 selected=0 updates=0
09:34:40.954 [JettyServerThreadPool-40] DEBUG org.eclipse.jetty.io.ManagedSelector -- updates 0
09:34:40.954 [JettyServerThreadPool-40] DEBUG org.eclipse.jetty.io.ManagedSelector -- Selector sun.nio.ch.WEPollSelectorImpl@1f50552d waiting with 0 keys
09:34:40.954 [main] DEBUG org.eclipse.jetty.io.ManagedSelector -- Queued change lazy=false org.eclipse.jetty.io.ManagedSelector$StopSelector@1de9b505 on ManagedSelector@16eedaa6{STOPPING} id=5 keys=0 selected=0 updates=0
09:34:40.954 [main] DEBUG org.eclipse.jetty.io.ManagedSelector -- Wakeup on submit ManagedSelector@16eedaa6{STOPPING} id=5 keys=0 selected=0 updates=1
09:34:40.954 [JettyServerThreadPool-40] DEBUG org.eclipse.jetty.io.ManagedSelector -- Selector sun.nio.ch.WEPollSelectorImpl@1f50552d woken with none selected
09:34:40.954 [JettyServerThreadPool-40] DEBUG org.eclipse.jetty.io.ManagedSelector -- Selector sun.nio.ch.WEPollSelectorImpl@1f50552d woken up from select, 0/0/0 selected
09:34:40.954 [JettyServerThreadPool-40] DEBUG org.eclipse.jetty.io.ManagedSelector -- Selector sun.nio.ch.WEPollSelectorImpl@1f50552d processing 0 keys, 1 updates
09:34:40.954 [JettyServerThreadPool-40] DEBUG org.eclipse.jetty.io.ManagedSelector -- updateable 1
09:34:40.954 [JettyServerThreadPool-40] DEBUG org.eclipse.jetty.io.ManagedSelector -- update org.eclipse.jetty.io.ManagedSelector$StopSelector@1de9b505
09:34:40.954 [JettyServerThreadPool-40] DEBUG org.eclipse.jetty.io.ManagedSelector -- updates 0
09:34:40.954 [JettyServerThreadPool-40] DEBUG org.eclipse.jetty.util.thread.QueuedThreadPool -- ran org.eclipse.jetty.io.ManagedSelector$$Lambda/0x000001cc112fc348@238bfd6c in QueuedThreadPool[JettyServerThreadPool]@540dbda9{STARTED,8<=9<=250,i=2,r=-1,t=59693ms,q=0}[ReservedThreadExecutor@3a5c2626{reserved=1/12,pending=0}]
09:34:40.954 [main] DEBUG org.eclipse.jetty.util.component.AbstractLifeCycle -- STOPPING AdaptiveExecutionStrategy@93f432e/SelectorProducer@288214b1/IDLE/p=false/QueuedThreadPool[JettyServerThreadPool]@540dbda9{STARTED,8<=9<=250,i=2,r=-1,t=59693ms,q=0}[ReservedThreadExecutor@3a5c2626{reserved=1/12,pending=0}][pc=0,pic=0,pec=0,epc=0]@2025-09-02T09:34:40.954191-03:00
09:34:40.954 [JettyServerThreadPool-40] DEBUG org.eclipse.jetty.util.thread.QueuedThreadPool -- Evict check, period=60000ms QueuedThreadPool[JettyServerThreadPool]@540dbda9{STARTED,8<=9<=250,i=3,r=-1,t=59693ms,q=0}[ReservedThreadExecutor@3a5c2626{reserved=1/12,pending=0}]
09:34:40.954 [main] DEBUG org.eclipse.jetty.util.component.AbstractLifeCycle -- STOPPED AdaptiveExecutionStrategy@93f432e/SelectorProducer@288214b1/IDLE/p=false/QueuedThreadPool[JettyServerThreadPool]@540dbda9{STARTED,8<=9<=250,i=3,r=-1,t=59692ms,q=0}[ReservedThreadExecutor@3a5c2626{reserved=1/12,pending=0}][pc=0,pic=0,pec=0,epc=0]@2025-09-02T09:34:40.954191-03:00
09:34:40.954 [JettyServerThreadPool-40] DEBUG org.eclipse.jetty.util.thread.QueuedThreadPool -- Evict skipped, threshold=119693ms in the future QueuedThreadPool[JettyServerThreadPool]@540dbda9{STARTED,8<=9<=250,i=3,r=-1,t=59692ms,q=0}[ReservedThreadExecutor@3a5c2626{reserved=1/12,pending=0}]
09:34:40.954 [main] DEBUG org.eclipse.jetty.util.component.AbstractLifeCycle -- STOPPED ManagedSelector@16eedaa6{STOPPED} id=5 keys=-1 selected=-1 updates=0
09:34:40.954 [main] DEBUG org.eclipse.jetty.util.component.AbstractLifeCycle -- STOPPING ManagedSelector@24934262{STARTED} id=4 keys=0 selected=0 updates=0
09:34:40.954 [main] DEBUG org.eclipse.jetty.io.ManagedSelector -- Queued change lazy=false org.eclipse.jetty.io.ManagedSelector$CloseConnections@7b122839 on ManagedSelector@24934262{STOPPING} id=4 keys=0 selected=0 updates=0
09:34:40.954 [main] DEBUG org.eclipse.jetty.io.ManagedSelector -- Wakeup on submit ManagedSelector@24934262{STOPPING} id=4 keys=0 selected=0 updates=1
09:34:40.954 [JettyServerThreadPool-39] DEBUG org.eclipse.jetty.io.ManagedSelector -- Selector sun.nio.ch.WEPollSelectorImpl@1928ddaa woken with none selected
09:34:40.954 [JettyServerThreadPool-39] DEBUG org.eclipse.jetty.io.ManagedSelector -- Selector sun.nio.ch.WEPollSelectorImpl@1928ddaa woken up from select, 0/0/0 selected
09:34:40.954 [JettyServerThreadPool-39] DEBUG org.eclipse.jetty.io.ManagedSelector -- Selector sun.nio.ch.WEPollSelectorImpl@1928ddaa processing 0 keys, 1 updates
09:34:40.954 [JettyServerThreadPool-39] DEBUG org.eclipse.jetty.io.ManagedSelector -- updateable 1
09:34:40.954 [JettyServerThreadPool-39] DEBUG org.eclipse.jetty.io.ManagedSelector -- update org.eclipse.jetty.io.ManagedSelector$CloseConnections@7b122839
09:34:40.954 [JettyServerThreadPool-39] DEBUG org.eclipse.jetty.io.ManagedSelector -- Closing 0 connections on ManagedSelector@24934262{STOPPING} id=4 keys=0 selected=0 updates=0
09:34:40.954 [JettyServerThreadPool-39] DEBUG org.eclipse.jetty.io.ManagedSelector -- updates 0
09:34:40.954 [JettyServerThreadPool-39] DEBUG org.eclipse.jetty.io.ManagedSelector -- Selector sun.nio.ch.WEPollSelectorImpl@1928ddaa waiting with 0 keys
09:34:40.954 [main] DEBUG org.eclipse.jetty.io.ManagedSelector -- Queued change lazy=false org.eclipse.jetty.io.ManagedSelector$StopSelector@3743539f on ManagedSelector@24934262{STOPPING} id=4 keys=0 selected=0 updates=0
09:34:40.954 [main] DEBUG org.eclipse.jetty.io.ManagedSelector -- Wakeup on submit ManagedSelector@24934262{STOPPING} id=4 keys=0 selected=0 updates=1
09:34:40.970 [JettyServerThreadPool-39] DEBUG org.eclipse.jetty.io.ManagedSelector -- Selector sun.nio.ch.WEPollSelectorImpl@1928ddaa woken with none selected
09:34:40.970 [JettyServerThreadPool-39] DEBUG org.eclipse.jetty.io.ManagedSelector -- Selector sun.nio.ch.WEPollSelectorImpl@1928ddaa woken up from select, 0/0/0 selected
09:34:40.970 [JettyServerThreadPool-39] DEBUG org.eclipse.jetty.io.ManagedSelector -- Selector sun.nio.ch.WEPollSelectorImpl@1928ddaa processing 0 keys, 1 updates
09:34:40.970 [JettyServerThreadPool-39] DEBUG org.eclipse.jetty.io.ManagedSelector -- updateable 1
09:34:40.970 [JettyServerThreadPool-39] DEBUG org.eclipse.jetty.io.ManagedSelector -- update org.eclipse.jetty.io.ManagedSelector$StopSelector@3743539f
09:34:40.970 [JettyServerThreadPool-39] DEBUG org.eclipse.jetty.io.ManagedSelector -- updates 0
09:34:40.970 [main] DEBUG org.eclipse.jetty.util.component.AbstractLifeCycle -- STOPPING AdaptiveExecutionStrategy@5fcfca62/SelectorProducer@499ef98e/PRODUCING/p=false/QueuedThreadPool[JettyServerThreadPool]@540dbda9{STARTED,8<=9<=250,i=3,r=-1,t=59690ms,q=0}[ReservedThreadExecutor@3a5c2626{reserved=1/12,pending=0}][pc=0,pic=0,pec=0,epc=0]@2025-09-02T09:34:40.9703106-03:00
09:34:40.970 [JettyServerThreadPool-39] DEBUG org.eclipse.jetty.util.thread.QueuedThreadPool -- ran org.eclipse.jetty.io.ManagedSelector$$Lambda/0x000001cc112fc348@68e7c8c3 in QueuedThreadPool[JettyServerThreadPool]@540dbda9{STARTED,8<=9<=250,i=3,r=-1,t=59689ms,q=0}[ReservedThreadExecutor@3a5c2626{reserved=1/12,pending=0}]
09:34:40.970 [main] DEBUG org.eclipse.jetty.util.component.AbstractLifeCycle -- STOPPED AdaptiveExecutionStrategy@5fcfca62/SelectorProducer@499ef98e/IDLE/p=false/QueuedThreadPool[JettyServerThreadPool]@540dbda9{STARTED,8<=9<=250,i=3,r=-1,t=59689ms,q=0}[ReservedThreadExecutor@3a5c2626{reserved=1/12,pending=0}][pc=0,pic=0,pec=0,epc=0]@2025-09-02T09:34:40.9703106-03:00
09:34:40.970 [JettyServerThreadPool-39] DEBUG org.eclipse.jetty.util.thread.QueuedThreadPool -- Evict check, period=60000ms QueuedThreadPool[JettyServerThreadPool]@540dbda9{STARTED,8<=9<=250,i=4,r=-1,t=59689ms,q=0}[ReservedThreadExecutor@3a5c2626{reserved=1/12,pending=0}]
09:34:40.970 [main] DEBUG org.eclipse.jetty.util.component.AbstractLifeCycle -- STOPPED ManagedSelector@24934262{STOPPED} id=4 keys=-1 selected=-1 updates=0
09:34:40.970 [JettyServerThreadPool-39] DEBUG org.eclipse.jetty.util.thread.QueuedThreadPool -- Evict skipped, threshold=119689ms in the future QueuedThreadPool[JettyServerThreadPool]@540dbda9{STARTED,8<=9<=250,i=4,r=-1,t=59689ms,q=0}[ReservedThreadExecutor@3a5c2626{reserved=1/12,pending=0}]
09:34:40.970 [main] DEBUG org.eclipse.jetty.util.component.AbstractLifeCycle -- STOPPING ManagedSelector@33a3c44a{STARTED} id=3 keys=0 selected=0 updates=0
09:34:40.970 [main] DEBUG org.eclipse.jetty.io.ManagedSelector -- Queued change lazy=false org.eclipse.jetty.io.ManagedSelector$CloseConnections@d277579 on ManagedSelector@33a3c44a{STOPPING} id=3 keys=0 selected=0 updates=0
09:34:40.970 [main] DEBUG org.eclipse.jetty.io.ManagedSelector -- Wakeup on submit ManagedSelector@33a3c44a{STOPPING} id=3 keys=0 selected=0 updates=1
09:34:40.970 [JettyServerThreadPool-38] DEBUG org.eclipse.jetty.io.ManagedSelector -- Selector sun.nio.ch.WEPollSelectorImpl@4b1be36e woken with none selected
09:34:40.970 [JettyServerThreadPool-38] DEBUG org.eclipse.jetty.io.ManagedSelector -- Selector sun.nio.ch.WEPollSelectorImpl@4b1be36e woken up from select, 0/0/0 selected
09:34:40.970 [JettyServerThreadPool-38] DEBUG org.eclipse.jetty.io.ManagedSelector -- Selector sun.nio.ch.WEPollSelectorImpl@4b1be36e processing 0 keys, 1 updates
09:34:40.970 [JettyServerThreadPool-38] DEBUG org.eclipse.jetty.io.ManagedSelector -- updateable 1
09:34:40.970 [JettyServerThreadPool-38] DEBUG org.eclipse.jetty.io.ManagedSelector -- update org.eclipse.jetty.io.ManagedSelector$CloseConnections@d277579
09:34:40.970 [JettyServerThreadPool-38] DEBUG org.eclipse.jetty.io.ManagedSelector -- Closing 0 connections on ManagedSelector@33a3c44a{STOPPING} id=3 keys=0 selected=0 updates=0
09:34:40.970 [JettyServerThreadPool-38] DEBUG org.eclipse.jetty.io.ManagedSelector -- updates 0
09:34:40.970 [JettyServerThreadPool-38] DEBUG org.eclipse.jetty.io.ManagedSelector -- Selector sun.nio.ch.WEPollSelectorImpl@4b1be36e waiting with 0 keys
09:34:40.970 [main] DEBUG org.eclipse.jetty.io.ManagedSelector -- Queued change lazy=false org.eclipse.jetty.io.ManagedSelector$StopSelector@5db6b845 on ManagedSelector@33a3c44a{STOPPING} id=3 keys=0 selected=0 updates=0
09:34:40.970 [main] DEBUG org.eclipse.jetty.io.ManagedSelector -- Wakeup on submit ManagedSelector@33a3c44a{STOPPING} id=3 keys=0 selected=0 updates=1
09:34:40.970 [JettyServerThreadPool-38] DEBUG org.eclipse.jetty.io.ManagedSelector -- Selector sun.nio.ch.WEPollSelectorImpl@4b1be36e woken with none selected
09:34:40.970 [JettyServerThreadPool-38] DEBUG org.eclipse.jetty.io.ManagedSelector -- Selector sun.nio.ch.WEPollSelectorImpl@4b1be36e woken up from select, 0/0/0 selected
09:34:40.970 [JettyServerThreadPool-38] DEBUG org.eclipse.jetty.io.ManagedSelector -- Selector sun.nio.ch.WEPollSelectorImpl@4b1be36e processing 0 keys, 1 updates
09:34:40.970 [JettyServerThreadPool-38] DEBUG org.eclipse.jetty.io.ManagedSelector -- updateable 1
09:34:40.970 [JettyServerThreadPool-38] DEBUG org.eclipse.jetty.io.ManagedSelector -- update org.eclipse.jetty.io.ManagedSelector$StopSelector@5db6b845
09:34:40.970 [JettyServerThreadPool-38] DEBUG org.eclipse.jetty.io.ManagedSelector -- updates 0
09:34:40.970 [JettyServerThreadPool-38] DEBUG org.eclipse.jetty.util.thread.QueuedThreadPool -- ran org.eclipse.jetty.io.ManagedSelector$$Lambda/0x000001cc112fc348@3724b43e in QueuedThreadPool[JettyServerThreadPool]@540dbda9{STARTED,8<=9<=250,i=4,r=-1,t=59686ms,q=0}[ReservedThreadExecutor@3a5c2626{reserved=1/12,pending=0}]
09:34:40.970 [JettyServerThreadPool-38] DEBUG org.eclipse.jetty.util.thread.QueuedThreadPool -- Evict check, period=60000ms QueuedThreadPool[JettyServerThreadPool]@540dbda9{STARTED,8<=9<=250,i=5,r=-1,t=59686ms,q=0}[ReservedThreadExecutor@3a5c2626{reserved=1/12,pending=0}]
09:34:40.970 [JettyServerThreadPool-38] DEBUG org.eclipse.jetty.util.thread.QueuedThreadPool -- Evict skipped, threshold=119686ms in the future QueuedThreadPool[JettyServerThreadPool]@540dbda9{STARTED,8<=9<=250,i=5,r=-1,t=59686ms,q=0}[ReservedThreadExecutor@3a5c2626{reserved=1/12,pending=0}]
09:34:40.970 [main] DEBUG org.eclipse.jetty.util.component.AbstractLifeCycle -- STOPPING AdaptiveExecutionStrategy@53b8afea/SelectorProducer@6c302a1d/IDLE/p=false/QueuedThreadPool[JettyServerThreadPool]@540dbda9{STARTED,8<=9<=250,i=5,r=-1,t=59686ms,q=0}[ReservedThreadExecutor@3a5c2626{reserved=1/12,pending=0}][pc=0,pic=0,pec=0,epc=0]@2025-09-02T09:34:40.9703106-03:00
09:34:40.970 [main] DEBUG org.eclipse.jetty.util.component.AbstractLifeCycle -- STOPPED AdaptiveExecutionStrategy@53b8afea/SelectorProducer@6c302a1d/IDLE/p=false/QueuedThreadPool[JettyServerThreadPool]@540dbda9{STARTED,8<=9<=250,i=5,r=-1,t=59686ms,q=0}[ReservedThreadExecutor@3a5c2626{reserved=1/12,pending=0}][pc=0,pic=0,pec=0,epc=0]@2025-09-02T09:34:40.9703106-03:00
09:34:40.970 [main] DEBUG org.eclipse.jetty.util.component.AbstractLifeCycle -- STOPPED ManagedSelector@33a3c44a{STOPPED} id=3 keys=-1 selected=-1 updates=0
09:34:40.970 [main] DEBUG org.eclipse.jetty.util.component.AbstractLifeCycle -- STOPPING ManagedSelector@7942a854{STARTED} id=2 keys=0 selected=0 updates=0
09:34:40.970 [main] DEBUG org.eclipse.jetty.io.ManagedSelector -- Queued change lazy=false org.eclipse.jetty.io.ManagedSelector$CloseConnections@378f002a on ManagedSelector@7942a854{STOPPING} id=2 keys=0 selected=0 updates=0
09:34:40.970 [main] DEBUG org.eclipse.jetty.io.ManagedSelector -- Wakeup on submit ManagedSelector@7942a854{STOPPING} id=2 keys=0 selected=0 updates=1
09:34:40.970 [JettyServerThreadPool-37] DEBUG org.eclipse.jetty.io.ManagedSelector -- Selector sun.nio.ch.WEPollSelectorImpl@3f95f7b3 woken with none selected
09:34:40.970 [JettyServerThreadPool-37] DEBUG org.eclipse.jetty.io.ManagedSelector -- Selector sun.nio.ch.WEPollSelectorImpl@3f95f7b3 woken up from select, 0/0/0 selected
09:34:40.970 [JettyServerThreadPool-37] DEBUG org.eclipse.jetty.io.ManagedSelector -- Selector sun.nio.ch.WEPollSelectorImpl@3f95f7b3 processing 0 keys, 1 updates
09:34:40.970 [JettyServerThreadPool-37] DEBUG org.eclipse.jetty.io.ManagedSelector -- updateable 1
09:34:40.970 [JettyServerThreadPool-37] DEBUG org.eclipse.jetty.io.ManagedSelector -- update org.eclipse.jetty.io.ManagedSelector$CloseConnections@378f002a
09:34:40.970 [JettyServerThreadPool-37] DEBUG org.eclipse.jetty.io.ManagedSelector -- Closing 0 connections on ManagedSelector@7942a854{STOPPING} id=2 keys=0 selected=0 updates=0
09:34:40.970 [JettyServerThreadPool-37] DEBUG org.eclipse.jetty.io.ManagedSelector -- updates 0
09:34:40.970 [JettyServerThreadPool-37] DEBUG org.eclipse.jetty.io.ManagedSelector -- Selector sun.nio.ch.WEPollSelectorImpl@3f95f7b3 waiting with 0 keys
09:34:40.970 [main] DEBUG org.eclipse.jetty.io.ManagedSelector -- Queued change lazy=false org.eclipse.jetty.io.ManagedSelector$StopSelector@1afd72ef on ManagedSelector@7942a854{STOPPING} id=2 keys=0 selected=0 updates=0
09:34:40.970 [main] DEBUG org.eclipse.jetty.io.ManagedSelector -- Wakeup on submit ManagedSelector@7942a854{STOPPING} id=2 keys=0 selected=0 updates=1
09:34:40.970 [JettyServerThreadPool-37] DEBUG org.eclipse.jetty.io.ManagedSelector -- Selector sun.nio.ch.WEPollSelectorImpl@3f95f7b3 woken with none selected
09:34:40.970 [JettyServerThreadPool-37] DEBUG org.eclipse.jetty.io.ManagedSelector -- Selector sun.nio.ch.WEPollSelectorImpl@3f95f7b3 woken up from select, 0/0/0 selected
09:34:40.970 [JettyServerThreadPool-37] DEBUG org.eclipse.jetty.io.ManagedSelector -- Selector sun.nio.ch.WEPollSelectorImpl@3f95f7b3 processing 0 keys, 1 updates
09:34:40.970 [JettyServerThreadPool-37] DEBUG org.eclipse.jetty.io.ManagedSelector -- updateable 1
09:34:40.970 [JettyServerThreadPool-37] DEBUG org.eclipse.jetty.io.ManagedSelector -- update org.eclipse.jetty.io.ManagedSelector$StopSelector@1afd72ef
09:34:40.970 [JettyServerThreadPool-37] DEBUG org.eclipse.jetty.io.ManagedSelector -- updates 0
09:34:40.970 [JettyServerThreadPool-37] DEBUG org.eclipse.jetty.util.thread.QueuedThreadPool -- ran org.eclipse.jetty.io.ManagedSelector$$Lambda/0x000001cc112fc348@2c8662ac in QueuedThreadPool[JettyServerThreadPool]@540dbda9{STARTED,8<=9<=250,i=5,r=-1,t=59684ms,q=0}[ReservedThreadExecutor@3a5c2626{reserved=1/12,pending=0}]
09:34:40.970 [JettyServerThreadPool-37] DEBUG org.eclipse.jetty.util.thread.QueuedThreadPool -- Evict check, period=60000ms QueuedThreadPool[JettyServerThreadPool]@540dbda9{STARTED,8<=9<=250,i=6,r=-1,t=59684ms,q=0}[ReservedThreadExecutor@3a5c2626{reserved=1/12,pending=0}]
09:34:40.970 [JettyServerThreadPool-37] DEBUG org.eclipse.jetty.util.thread.QueuedThreadPool -- Evict skipped, threshold=119684ms in the future QueuedThreadPool[JettyServerThreadPool]@540dbda9{STARTED,8<=9<=250,i=6,r=-1,t=59684ms,q=0}[ReservedThreadExecutor@3a5c2626{reserved=1/12,pending=0}]
09:34:40.970 [main] DEBUG org.eclipse.jetty.util.component.AbstractLifeCycle -- STOPPING AdaptiveExecutionStrategy@cf67838/SelectorProducer@6137cf6e/IDLE/p=false/QueuedThreadPool[JettyServerThreadPool]@540dbda9{STARTED,8<=9<=250,i=6,r=-1,t=59684ms,q=0}[ReservedThreadExecutor@3a5c2626{reserved=1/12,pending=0}][pc=0,pic=0,pec=0,epc=0]@2025-09-02T09:34:40.9703106-03:00
09:34:40.970 [main] DEBUG org.eclipse.jetty.util.component.AbstractLifeCycle -- STOPPED AdaptiveExecutionStrategy@cf67838/SelectorProducer@6137cf6e/IDLE/p=false/QueuedThreadPool[JettyServerThreadPool]@540dbda9{STARTED,8<=9<=250,i=6,r=-1,t=59683ms,q=0}[ReservedThreadExecutor@3a5c2626{reserved=1/12,pending=0}][pc=0,pic=0,pec=0,epc=0]@2025-09-02T09:34:40.9703106-03:00
09:34:40.970 [main] DEBUG org.eclipse.jetty.util.component.AbstractLifeCycle -- STOPPED ManagedSelector@7942a854{STOPPED} id=2 keys=-1 selected=-1 updates=0
09:34:40.970 [main] DEBUG org.eclipse.jetty.util.component.AbstractLifeCycle -- STOPPING ManagedSelector@3f92a84e{STARTED} id=1 keys=1 selected=0 updates=0
09:34:40.970 [main] DEBUG org.eclipse.jetty.io.ManagedSelector -- Queued change lazy=false org.eclipse.jetty.io.ManagedSelector$CloseConnections@2cc75074 on ManagedSelector@3f92a84e{STOPPING} id=1 keys=1 selected=0 updates=0
09:34:40.970 [main] DEBUG org.eclipse.jetty.io.ManagedSelector -- Wakeup on submit ManagedSelector@3f92a84e{STOPPING} id=1 keys=1 selected=0 updates=1
09:34:40.970 [JettyServerThreadPool-36] DEBUG org.eclipse.jetty.io.ManagedSelector -- Selector sun.nio.ch.WEPollSelectorImpl@431ba989 woken with none selected
09:34:40.970 [JettyServerThreadPool-36] DEBUG org.eclipse.jetty.io.ManagedSelector -- Selector sun.nio.ch.WEPollSelectorImpl@431ba989 woken up from select, 0/0/1 selected
09:34:40.970 [JettyServerThreadPool-36] DEBUG org.eclipse.jetty.io.ManagedSelector -- Selector sun.nio.ch.WEPollSelectorImpl@431ba989 processing 0 keys, 1 updates
09:34:40.970 [JettyServerThreadPool-36] DEBUG org.eclipse.jetty.io.ManagedSelector -- updateable 1
09:34:40.970 [JettyServerThreadPool-36] DEBUG org.eclipse.jetty.io.ManagedSelector -- update org.eclipse.jetty.io.ManagedSelector$CloseConnections@2cc75074
09:34:40.970 [JettyServerThreadPool-36] DEBUG org.eclipse.jetty.io.ManagedSelector -- Closing 1 connections on ManagedSelector@3f92a84e{STOPPING} id=1 keys=1 selected=0 updates=0
09:34:40.970 [JettyServerThreadPool-36] DEBUG org.eclipse.jetty.io.AbstractEndPoint -- close SocketChannelEndPoint@7346e442[{l=/127.0.0.1:51078,r=/127.0.0.1:51079,OPEN,fill=FI,flush=-,to=105/30000}{io=1/1,kio=1,kro=1}]->[HttpConnection@345a8ae1[p=HttpParser{s=START,0 of -1},g=HttpGenerator@6f2481eb{s=START}]=>HttpChannelOverHttp@6492dae5{s=HttpChannelState@3ca76bd7{s=IDLE rs=BLOCKING os=OPEN is=IDLE awp=false se=false i=true al=0},r=1,c=false/false,a=IDLE,uri=null,age=0}]
09:34:40.970 [JettyServerThreadPool-36] DEBUG org.eclipse.jetty.io.AbstractEndPoint -- close(null) SocketChannelEndPoint@7346e442[{l=/127.0.0.1:51078,r=/127.0.0.1:51079,OPEN,fill=FI,flush=-,to=105/30000}{io=1/1,kio=1,kro=1}]->[HttpConnection@345a8ae1[p=HttpParser{s=START,0 of -1},g=HttpGenerator@6f2481eb{s=START}]=>HttpChannelOverHttp@6492dae5{s=HttpChannelState@3ca76bd7{s=IDLE rs=BLOCKING os=OPEN is=IDLE awp=false se=false i=true al=0},r=1,c=false/false,a=IDLE,uri=null,age=0}]
09:34:40.970 [JettyServerThreadPool-36] DEBUG org.eclipse.jetty.io.SelectableChannelEndPoint -- doClose SocketChannelEndPoint@7346e442[{l=/127.0.0.1:51078,r=/127.0.0.1:51079,CLOSED,fill=FI,flush=-,to=105/30000}{io=1/1,kio=1,kro=1}]->[HttpConnection@345a8ae1[p=HttpParser{s=START,0 of -1},g=HttpGenerator@6f2481eb{s=START}]=>HttpChannelOverHttp@6492dae5{s=HttpChannelState@3ca76bd7{s=IDLE rs=BLOCKING os=OPEN is=IDLE awp=false se=false i=true al=0},r=1,c=false/false,a=IDLE,uri=null,age=0}]
09:34:40.970 [JettyServerThreadPool-36] DEBUG org.eclipse.jetty.io.FillInterest -- onClose FillInterest@78a863{ReadCallback@2d4b12b{HttpConnection@345a8ae1::SocketChannelEndPoint@7346e442[{l=null,r=null,CLOSED,fill=FI,flush=-,to=106/30000}{io=1/1,kio=-1,kro=-1}]->[HttpConnection@345a8ae1[p=HttpParser{s=START,0 of -1},g=HttpGenerator@6f2481eb{s=START}]=>HttpChannelOverHttp@6492dae5{s=HttpChannelState@3ca76bd7{s=IDLE rs=BLOCKING os=OPEN is=IDLE awp=false se=false i=true al=0},r=1,c=false/false,a=IDLE,uri=null,age=0}]}}
09:34:40.970 [JettyServerThreadPool-36] DEBUG org.eclipse.jetty.http.HttpParser -- close HttpParser{s=START,0 of -1}
09:34:40.970 [JettyServerThreadPool-36] DEBUG org.eclipse.jetty.http.HttpParser -- START --> CLOSE
09:34:40.970 [JettyServerThreadPool-36] DEBUG org.eclipse.jetty.io.AbstractConnection -- HttpConnection@345a8ae1::SocketChannelEndPoint@7346e442[{l=null,r=null,CLOSED,fill=-,flush=-,to=107/30000}{io=1/1,kio=-1,kro=-1}]->[HttpConnection@345a8ae1[p=HttpParser{s=CLOSE,0 of -1},g=HttpGenerator@6f2481eb{s=START}]=>HttpChannelOverHttp@6492dae5{s=HttpChannelState@3ca76bd7{s=IDLE rs=BLOCKING os=OPEN is=IDLE awp=false se=false i=true al=0},r=1,c=false/false,a=IDLE,uri=null,age=0}] onFillInterestedFailed {}
java.nio.channels.ClosedChannelException: null
	at org.eclipse.jetty.io.FillInterest.onClose(FillInterest.java:147)
	at org.eclipse.jetty.io.AbstractEndPoint.onClose(AbstractEndPoint.java:354)
	at org.eclipse.jetty.io.SelectableChannelEndPoint.onClose(SelectableChannelEndPoint.java:165)
	at org.eclipse.jetty.io.AbstractEndPoint.onClose(AbstractEndPoint.java:344)
	at org.eclipse.jetty.io.AbstractEndPoint.doOnClose(AbstractEndPoint.java:263)
	at org.eclipse.jetty.io.AbstractEndPoint.close(AbstractEndPoint.java:227)
	at org.eclipse.jetty.io.AbstractEndPoint.close(AbstractEndPoint.java:210)
	at org.eclipse.jetty.io.AbstractConnection.close(AbstractConnection.java:257)
	at org.eclipse.jetty.util.IO.close(IO.java:407)
	at org.eclipse.jetty.io.ManagedSelector$CloseConnections.update(ManagedSelector.java:1016)
	at org.eclipse.jetty.io.ManagedSelector$SelectorProducer.processUpdates(ManagedSelector.java:568)
	at org.eclipse.jetty.io.ManagedSelector$SelectorProducer.produce(ManagedSelector.java:538)
	at org.eclipse.jetty.util.thread.strategy.AdaptiveExecutionStrategy.produceTask(AdaptiveExecutionStrategy.java:455)
	at org.eclipse.jetty.util.thread.strategy.AdaptiveExecutionStrategy.tryProduce(AdaptiveExecutionStrategy.java:248)
	at org.eclipse.jetty.util.thread.strategy.AdaptiveExecutionStrategy.produce(AdaptiveExecutionStrategy.java:193)
	at org.eclipse.jetty.util.thread.QueuedThreadPool.runJob(QueuedThreadPool.java:969)
	at org.eclipse.jetty.util.thread.QueuedThreadPool$Runner.doRunJob(QueuedThreadPool.java:1194)
	at org.eclipse.jetty.util.thread.QueuedThreadPool$Runner.run(QueuedThreadPool.java:1149)
	at java.base/java.lang.Thread.run(Thread.java:1583)
09:34:40.970 [JettyServerThreadPool-36] DEBUG org.eclipse.jetty.io.ManagedSelector -- Wakeup ManagedSelector@3f92a84e{STOPPING} id=1 keys=1 selected=0 updates=0
09:34:40.970 [JettyServerThreadPool-36] DEBUG org.eclipse.jetty.util.thread.QueuedThreadPool -- queue org.eclipse.jetty.io.ManagedSelector$DestroyEndPoint@71f7a384 startThread=0
09:34:40.986 [JettyServerThreadPool-36] DEBUG org.eclipse.jetty.io.ManagedSelector -- updates 0
09:34:40.986 [main] DEBUG org.eclipse.jetty.io.ManagedSelector -- Queued change lazy=false org.eclipse.jetty.io.ManagedSelector$StopSelector@445bb139 on ManagedSelector@3f92a84e{STOPPING} id=1 keys=1 selected=0 updates=0
09:34:40.986 [JettyServerThreadPool-51] DEBUG org.eclipse.jetty.util.thread.QueuedThreadPool -- run org.eclipse.jetty.io.ManagedSelector$DestroyEndPoint@71f7a384 in QueuedThreadPool[JettyServerThreadPool]@540dbda9{STARTED,8<=9<=250,i=5,r=-1,t=59675ms,q=0}[ReservedThreadExecutor@3a5c2626{reserved=1/12,pending=0}]
09:34:40.986 [main] DEBUG org.eclipse.jetty.io.ManagedSelector -- Wakeup on submit ManagedSelector@3f92a84e{STOPPING} id=1 keys=1 selected=0 updates=1
09:34:40.986 [JettyServerThreadPool-36] DEBUG org.eclipse.jetty.io.ManagedSelector -- Selector sun.nio.ch.WEPollSelectorImpl@431ba989 waiting with 1 keys
09:34:40.986 [JettyServerThreadPool-51] DEBUG org.eclipse.jetty.io.ManagedSelector -- Destroyed SocketChannelEndPoint@7346e442[{l=null,r=null,CLOSED,fill=-,flush=-,to=113/30000}{io=1/1,kio=-1,kro=-1}]->[HttpConnection@345a8ae1[p=HttpParser{s=CLOSE,0 of -1},g=HttpGenerator@6f2481eb{s=START}]=>HttpChannelOverHttp@6492dae5{s=HttpChannelState@3ca76bd7{s=IDLE rs=BLOCKING os=OPEN is=IDLE awp=false se=false i=true al=0},r=1,c=false/false,a=IDLE,uri=null,age=0}]
09:34:40.986 [JettyServerThreadPool-36] DEBUG org.eclipse.jetty.io.ManagedSelector -- Selector sun.nio.ch.WEPollSelectorImpl@431ba989 woken with none selected
09:34:40.986 [JettyServerThreadPool-36] DEBUG org.eclipse.jetty.io.ManagedSelector -- Selector sun.nio.ch.WEPollSelectorImpl@431ba989 woken up from select, 0/0/0 selected
09:34:40.986 [JettyServerThreadPool-51] DEBUG org.eclipse.jetty.io.AbstractConnection -- onClose HttpConnection@345a8ae1::SocketChannelEndPoint@7346e442[{l=null,r=null,CLOSED,fill=-,flush=-,to=114/30000}{io=1/1,kio=-1,kro=-1}]->[HttpConnection@345a8ae1[p=HttpParser{s=CLOSE,0 of -1},g=HttpGenerator@6f2481eb{s=START}]=>HttpChannelOverHttp@6492dae5{s=HttpChannelState@3ca76bd7{s=IDLE rs=BLOCKING os=OPEN is=IDLE awp=false se=false i=true al=0},r=1,c=false/false,a=IDLE,uri=null,age=0}]
09:34:40.986 [JettyServerThreadPool-36] DEBUG org.eclipse.jetty.io.ManagedSelector -- Selector sun.nio.ch.WEPollSelectorImpl@431ba989 processing 0 keys, 1 updates
09:34:40.986 [JettyServerThreadPool-36] DEBUG org.eclipse.jetty.io.ManagedSelector -- updateable 1
09:34:40.986 [JettyServerThreadPool-36] DEBUG org.eclipse.jetty.io.ManagedSelector -- update org.eclipse.jetty.io.ManagedSelector$StopSelector@445bb139
09:34:40.986 [JettyServerThreadPool-51] DEBUG org.eclipse.jetty.util.thread.QueuedThreadPool -- ran org.eclipse.jetty.io.ManagedSelector$DestroyEndPoint@71f7a384 in QueuedThreadPool[JettyServerThreadPool]@540dbda9{STARTED,8<=9<=250,i=5,r=-1,t=59673ms,q=0}[ReservedThreadExecutor@3a5c2626{reserved=1/12,pending=0}]
09:34:40.986 [JettyServerThreadPool-51] DEBUG org.eclipse.jetty.util.thread.QueuedThreadPool -- Evict check, period=60000ms QueuedThreadPool[JettyServerThreadPool]@540dbda9{STARTED,8<=9<=250,i=6,r=-1,t=59673ms,q=0}[ReservedThreadExecutor@3a5c2626{reserved=1/12,pending=0}]
09:34:40.986 [JettyServerThreadPool-51] DEBUG org.eclipse.jetty.util.thread.QueuedThreadPool -- Evict skipped, threshold=119673ms in the future QueuedThreadPool[JettyServerThreadPool]@540dbda9{STARTED,8<=9<=250,i=6,r=-1,t=59673ms,q=0}[ReservedThreadExecutor@3a5c2626{reserved=1/12,pending=0}]
09:34:40.986 [JettyServerThreadPool-36] DEBUG org.eclipse.jetty.io.ManagedSelector -- updates 0
09:34:40.986 [JettyServerThreadPool-36] DEBUG org.eclipse.jetty.util.thread.QueuedThreadPool -- ran org.eclipse.jetty.io.ManagedSelector$$Lambda/0x000001cc112fc348@b835727 in QueuedThreadPool[JettyServerThreadPool]@540dbda9{STARTED,8<=9<=250,i=6,r=-1,t=59672ms,q=0}[ReservedThreadExecutor@3a5c2626{reserved=1/12,pending=0}]
09:34:40.986 [JettyServerThreadPool-36] DEBUG org.eclipse.jetty.util.thread.QueuedThreadPool -- Evict check, period=60000ms QueuedThreadPool[JettyServerThreadPool]@540dbda9{STARTED,8<=9<=250,i=7,r=-1,t=59672ms,q=0}[ReservedThreadExecutor@3a5c2626{reserved=1/12,pending=0}]
09:34:40.986 [JettyServerThreadPool-36] DEBUG org.eclipse.jetty.util.thread.QueuedThreadPool -- Evict skipped, threshold=119672ms in the future QueuedThreadPool[JettyServerThreadPool]@540dbda9{STARTED,8<=9<=250,i=7,r=-1,t=59672ms,q=0}[ReservedThreadExecutor@3a5c2626{reserved=1/12,pending=0}]
09:34:40.986 [main] DEBUG org.eclipse.jetty.util.component.AbstractLifeCycle -- STOPPING AdaptiveExecutionStrategy@39fa8ad2/SelectorProducer@76ddd61a/IDLE/p=false/QueuedThreadPool[JettyServerThreadPool]@540dbda9{STARTED,8<=9<=250,i=7,r=-1,t=59672ms,q=0}[ReservedThreadExecutor@3a5c2626{reserved=1/12,pending=0}][pc=0,pic=0,pec=1,epc=0]@2025-09-02T09:34:40.9861918-03:00
09:34:40.986 [main] DEBUG org.eclipse.jetty.util.component.AbstractLifeCycle -- STOPPED AdaptiveExecutionStrategy@39fa8ad2/SelectorProducer@76ddd61a/IDLE/p=false/QueuedThreadPool[JettyServerThreadPool]@540dbda9{STARTED,8<=9<=250,i=7,r=-1,t=59672ms,q=0}[ReservedThreadExecutor@3a5c2626{reserved=1/12,pending=0}][pc=0,pic=0,pec=1,epc=0]@2025-09-02T09:34:40.9861918-03:00
09:34:40.986 [main] DEBUG org.eclipse.jetty.util.component.AbstractLifeCycle -- STOPPED ManagedSelector@3f92a84e{STOPPED} id=1 keys=-1 selected=-1 updates=0
09:34:40.986 [main] DEBUG org.eclipse.jetty.util.component.AbstractLifeCycle -- STOPPING ManagedSelector@2e53b094{STARTED} id=0 keys=0 selected=0 updates=0
09:34:40.986 [main] DEBUG org.eclipse.jetty.io.ManagedSelector -- Queued change lazy=false org.eclipse.jetty.io.ManagedSelector$CloseConnections@b9a77c8 on ManagedSelector@2e53b094{STOPPING} id=0 keys=0 selected=0 updates=0
09:34:40.986 [main] DEBUG org.eclipse.jetty.io.ManagedSelector -- Wakeup on submit ManagedSelector@2e53b094{STOPPING} id=0 keys=0 selected=0 updates=1
09:34:40.986 [JettyServerThreadPool-35] DEBUG org.eclipse.jetty.io.ManagedSelector -- Selector sun.nio.ch.WEPollSelectorImpl@53b29e2f woken with none selected
09:34:40.986 [JettyServerThreadPool-35] DEBUG org.eclipse.jetty.io.ManagedSelector -- Selector sun.nio.ch.WEPollSelectorImpl@53b29e2f woken up from select, 0/0/0 selected
09:34:40.986 [JettyServerThreadPool-35] DEBUG org.eclipse.jetty.io.ManagedSelector -- Selector sun.nio.ch.WEPollSelectorImpl@53b29e2f processing 0 keys, 1 updates
09:34:40.986 [JettyServerThreadPool-35] DEBUG org.eclipse.jetty.io.ManagedSelector -- updateable 1
09:34:40.986 [JettyServerThreadPool-35] DEBUG org.eclipse.jetty.io.ManagedSelector -- update org.eclipse.jetty.io.ManagedSelector$CloseConnections@b9a77c8
09:34:40.986 [JettyServerThreadPool-35] DEBUG org.eclipse.jetty.io.ManagedSelector -- Closing 0 connections on ManagedSelector@2e53b094{STOPPING} id=0 keys=0 selected=0 updates=0
09:34:40.986 [JettyServerThreadPool-35] DEBUG org.eclipse.jetty.io.ManagedSelector -- updates 0
09:34:40.986 [JettyServerThreadPool-35] DEBUG org.eclipse.jetty.io.ManagedSelector -- Selector sun.nio.ch.WEPollSelectorImpl@53b29e2f waiting with 0 keys
09:34:40.986 [main] DEBUG org.eclipse.jetty.io.ManagedSelector -- Queued change lazy=false org.eclipse.jetty.io.ManagedSelector$StopSelector@7a81065e on ManagedSelector@2e53b094{STOPPING} id=0 keys=0 selected=0 updates=0
09:34:40.986 [main] DEBUG org.eclipse.jetty.io.ManagedSelector -- Wakeup on submit ManagedSelector@2e53b094{STOPPING} id=0 keys=0 selected=0 updates=1
09:34:40.986 [JettyServerThreadPool-35] DEBUG org.eclipse.jetty.io.ManagedSelector -- Selector sun.nio.ch.WEPollSelectorImpl@53b29e2f woken with none selected
09:34:40.986 [JettyServerThreadPool-35] DEBUG org.eclipse.jetty.io.ManagedSelector -- Selector sun.nio.ch.WEPollSelectorImpl@53b29e2f woken up from select, 0/0/0 selected
09:34:40.986 [JettyServerThreadPool-35] DEBUG org.eclipse.jetty.io.ManagedSelector -- Selector sun.nio.ch.WEPollSelectorImpl@53b29e2f processing 0 keys, 1 updates
09:34:40.986 [JettyServerThreadPool-35] DEBUG org.eclipse.jetty.io.ManagedSelector -- updateable 1
09:34:40.986 [JettyServerThreadPool-35] DEBUG org.eclipse.jetty.io.ManagedSelector -- update org.eclipse.jetty.io.ManagedSelector$StopSelector@7a81065e
09:34:40.986 [JettyServerThreadPool-35] DEBUG org.eclipse.jetty.io.ManagedSelector -- updates 0
09:34:40.986 [JettyServerThreadPool-35] DEBUG org.eclipse.jetty.util.thread.QueuedThreadPool -- ran org.eclipse.jetty.io.ManagedSelector$$Lambda/0x000001cc112fc348@d8d9199 in QueuedThreadPool[JettyServerThreadPool]@540dbda9{STARTED,8<=9<=250,i=7,r=-1,t=59670ms,q=0}[ReservedThreadExecutor@3a5c2626{reserved=1/12,pending=0}]
09:34:40.986 [main] DEBUG org.eclipse.jetty.util.component.AbstractLifeCycle -- STOPPING AdaptiveExecutionStrategy@7b7683d4/SelectorProducer@40712ee9/IDLE/p=false/QueuedThreadPool[JettyServerThreadPool]@540dbda9{STARTED,8<=9<=250,i=7,r=-1,t=59670ms,q=0}[ReservedThreadExecutor@3a5c2626{reserved=1/12,pending=0}][pc=0,pic=0,pec=0,epc=0]@2025-09-02T09:34:40.9861918-03:00
09:34:40.986 [JettyServerThreadPool-35] DEBUG org.eclipse.jetty.util.thread.QueuedThreadPool -- Evict check, period=60000ms QueuedThreadPool[JettyServerThreadPool]@540dbda9{STARTED,8<=9<=250,i=8,r=-1,t=59669ms,q=0}[ReservedThreadExecutor@3a5c2626{reserved=1/12,pending=0}]
09:34:40.986 [main] DEBUG org.eclipse.jetty.util.component.AbstractLifeCycle -- STOPPED AdaptiveExecutionStrategy@7b7683d4/SelectorProducer@40712ee9/IDLE/p=false/QueuedThreadPool[JettyServerThreadPool]@540dbda9{STARTED,8<=9<=250,i=8,r=-1,t=59669ms,q=0}[ReservedThreadExecutor@3a5c2626{reserved=1/12,pending=0}][pc=0,pic=0,pec=0,epc=0]@2025-09-02T09:34:40.9861918-03:00
09:34:40.986 [JettyServerThreadPool-35] DEBUG org.eclipse.jetty.util.thread.QueuedThreadPool -- Evict skipped, threshold=119669ms in the future QueuedThreadPool[JettyServerThreadPool]@540dbda9{STARTED,8<=9<=250,i=8,r=-1,t=59669ms,q=0}[ReservedThreadExecutor@3a5c2626{reserved=1/12,pending=0}]
09:34:40.986 [main] DEBUG org.eclipse.jetty.util.component.AbstractLifeCycle -- STOPPED ManagedSelector@2e53b094{STOPPED} id=0 keys=-1 selected=-1 updates=0
09:34:40.986 [main] DEBUG org.eclipse.jetty.util.component.AbstractLifeCycle -- STOPPED SelectorManager@ServerConnector@270b6b5e{HTTP/1.1, (http/1.1)}{0.0.0.0:0}
09:34:40.986 [main] DEBUG org.eclipse.jetty.util.component.AbstractLifeCycle -- STOPPING HttpConnectionFactory@598260a6[HTTP/1.1]
09:34:40.986 [main] DEBUG org.eclipse.jetty.util.component.AbstractLifeCycle -- STOPPED HttpConnectionFactory@598260a6[HTTP/1.1]
09:34:40.986 [main] DEBUG org.eclipse.jetty.util.component.AbstractLifeCycle -- STOPPING ScheduledExecutorScheduler@138caeca{STARTED}
09:34:40.986 [main] DEBUG org.eclipse.jetty.util.component.AbstractLifeCycle -- STOPPED ScheduledExecutorScheduler@138caeca{STOPPED}
09:34:40.986 [main] INFO org.eclipse.jetty.server.AbstractConnector -- Stopped ServerConnector@270b6b5e{HTTP/1.1, (http/1.1)}{0.0.0.0:0}
09:34:40.986 [main] DEBUG org.eclipse.jetty.util.component.AbstractLifeCycle -- STOPPED ServerConnector@270b6b5e{HTTP/1.1, (http/1.1)}{0.0.0.0:0}
09:34:40.986 [main] DEBUG org.eclipse.jetty.server.handler.AbstractHandler -- stopping Server@58a4a74d{STOPPING}[11.0.20,sto=0]
09:34:40.986 [main] DEBUG org.eclipse.jetty.util.component.AbstractLifeCycle -- STOPPING DefaultSessionIdManager@5833f5cd{STARTED}[worker=node0]
09:34:40.986 [main] DEBUG org.eclipse.jetty.util.component.AbstractLifeCycle -- STOPPING HouseKeeper@760cf594{STARTED}[interval=600000, ownscheduler=true]
09:34:40.986 [main] DEBUG org.eclipse.jetty.server.session.HouseKeeper -- node0 stopped scavenging
09:34:40.986 [main] DEBUG org.eclipse.jetty.util.component.AbstractLifeCycle -- STOPPING ScheduledExecutorScheduler@3ed03652{STARTED}
09:34:40.986 [main] DEBUG org.eclipse.jetty.util.component.AbstractLifeCycle -- STOPPED ScheduledExecutorScheduler@3ed03652{STOPPED}
09:34:40.986 [main] DEBUG org.eclipse.jetty.util.component.AbstractLifeCycle -- STOPPED HouseKeeper@760cf594{STOPPED}[interval=600000, ownscheduler=false]
09:34:40.986 [main] DEBUG org.eclipse.jetty.util.component.AbstractLifeCycle -- STOPPED DefaultSessionIdManager@5833f5cd{STOPPED}[worker=node0]
09:34:40.986 [main] DEBUG org.eclipse.jetty.util.component.AbstractLifeCycle -- STOPPING DeflaterPool@7fc7c4a{STARTED,size=0,capacity=250}
09:34:40.986 [main] DEBUG org.eclipse.jetty.util.Pool -- Closing Pool@7aa9e414[inUse=0,size=0,max=250,closed=false]
09:34:40.986 [main] DEBUG org.eclipse.jetty.util.component.AbstractLifeCycle -- STOPPED DeflaterPool@7fc7c4a{STOPPED,size=-1,capacity=250}
09:34:40.986 [main] DEBUG org.eclipse.jetty.util.component.AbstractLifeCycle -- STOPPING InflaterPool@514cd540{STARTED,size=0,capacity=250}
09:34:40.986 [main] DEBUG org.eclipse.jetty.util.Pool -- Closing Pool@11d4dbd6[inUse=0,size=0,max=250,closed=false]
09:34:40.986 [main] DEBUG org.eclipse.jetty.util.component.AbstractLifeCycle -- STOPPED InflaterPool@514cd540{STOPPED,size=-1,capacity=250}
09:34:40.986 [main] DEBUG org.eclipse.jetty.util.component.AbstractLifeCycle -- STOPPING ErrorHandler@128c502c{STARTED}
09:34:40.986 [main] DEBUG org.eclipse.jetty.server.handler.AbstractHandler -- stopping ErrorHandler@128c502c{STOPPING}
09:34:40.986 [main] DEBUG org.eclipse.jetty.util.component.AbstractLifeCycle -- STOPPED ErrorHandler@128c502c{STOPPED}
09:34:40.986 [main] DEBUG org.eclipse.jetty.util.component.AbstractLifeCycle -- STOPPING StatisticsHandler@12958360{STARTED,r=0,d=0}
09:34:40.986 [main] DEBUG org.eclipse.jetty.server.handler.AbstractHandler -- stopping StatisticsHandler@12958360{STOPPING,r=0,d=0}
09:34:40.986 [main] DEBUG org.eclipse.jetty.util.component.AbstractLifeCycle -- STOPPING o.e.j.s.ServletContextHandler@bb9ab64{/,null,AVAILABLE}
09:34:40.986 [main] DEBUG org.eclipse.jetty.util.component.AbstractLifeCycle -- STOPPING WebSocketServerComponents@27a97e08{STARTED}
09:34:40.986 [main] DEBUG org.eclipse.jetty.util.component.AbstractLifeCycle -- STOPPED WebSocketServerComponents@27a97e08{STOPPED}
09:34:40.986 [main] DEBUG org.eclipse.jetty.util.component.AbstractLifeCycle -- STOPPING JettyWebSocketServerContainer@1c6c6f24{STARTED}
09:34:40.986 [main] DEBUG org.eclipse.jetty.util.component.AbstractLifeCycle -- STOPPING SessionTracker@c6b2dd9{STARTED}
09:34:40.986 [main] DEBUG org.eclipse.jetty.util.component.AbstractLifeCycle -- STOPPED SessionTracker@c6b2dd9{STOPPED}
09:34:40.986 [main] DEBUG org.eclipse.jetty.util.component.AbstractLifeCycle -- STOPPING JettyServerFrameHandlerFactory@2eb917d0{STARTED}
09:34:40.986 [main] DEBUG org.eclipse.jetty.util.component.AbstractLifeCycle -- STOPPED JettyServerFrameHandlerFactory@2eb917d0{STOPPED}
09:34:40.986 [main] DEBUG org.eclipse.jetty.util.component.AbstractLifeCycle -- STOPPED JettyWebSocketServerContainer@1c6c6f24{STOPPED}
09:34:40.986 [main] DEBUG org.eclipse.jetty.server.handler.AbstractHandler -- stopping o.e.j.s.ServletContextHandler@bb9ab64{/,null,STOPPED}
09:34:40.986 [main] DEBUG org.eclipse.jetty.util.component.AbstractLifeCycle -- STOPPING org.eclipse.jetty.server.session.SessionHandler1468192631==dftMaxIdleSec=-1
09:34:40.986 [main] DEBUG org.eclipse.jetty.server.session.DefaultSessionCache -- Shutdown sessions, invalidating = false
09:34:40.986 [main] DEBUG org.eclipse.jetty.util.component.AbstractLifeCycle -- STOPPING org.eclipse.jetty.server.session.DefaultSessionCache@71466383[evict=-1,removeUnloadable=false,saveOnCreate=false,saveOnInactiveEvict=false]
09:34:40.986 [main] DEBUG org.eclipse.jetty.util.component.AbstractLifeCycle -- STOPPING org.eclipse.jetty.server.session.NullSessionDataStore@11b377c5[passivating=false,graceSec=3600]
09:34:40.986 [main] DEBUG org.eclipse.jetty.util.component.AbstractLifeCycle -- STOPPED org.eclipse.jetty.server.session.NullSessionDataStore@11b377c5[passivating=false,graceSec=3600]
09:34:40.986 [main] DEBUG org.eclipse.jetty.util.component.AbstractLifeCycle -- STOPPED org.eclipse.jetty.server.session.DefaultSessionCache@71466383[evict=-1,removeUnloadable=false,saveOnCreate=false,saveOnInactiveEvict=false]
09:34:40.986 [main] DEBUG org.eclipse.jetty.util.component.AbstractLifeCycle -- STOPPING ScheduledExecutorScheduler@1dc76fa1{STARTED}
09:34:40.986 [main] DEBUG org.eclipse.jetty.util.component.AbstractLifeCycle -- STOPPED ScheduledExecutorScheduler@1dc76fa1{STOPPED}
09:34:40.986 [main] DEBUG org.eclipse.jetty.server.handler.AbstractHandler -- stopping org.eclipse.jetty.server.session.SessionHandler1468192631==dftMaxIdleSec=-1
09:34:40.986 [main] DEBUG org.eclipse.jetty.util.component.AbstractLifeCycle -- STOPPING ServletHandler@507d20bb{STARTED}
09:34:40.986 [main] DEBUG org.eclipse.jetty.server.handler.AbstractHandler -- stopping ServletHandler@507d20bb{STOPPING}
09:34:40.986 [main] DEBUG org.eclipse.jetty.util.component.AbstractLifeCycle -- STOPPING org.eclipse.jetty.servlet.ServletHandler$Default404Servlet-4248b963==org.eclipse.jetty.servlet.ServletHandler$Default404Servlet@27dc072a{jsp=null,order=-1,inst=false,async=true,src=EMBEDDED:null,STARTED}
09:34:40.986 [main] DEBUG org.eclipse.jetty.util.component.AbstractLifeCycle -- STOPPED org.eclipse.jetty.servlet.ServletHandler$Default404Servlet-4248b963==org.eclipse.jetty.servlet.ServletHandler$Default404Servlet@27dc072a{jsp=null,order=-1,inst=false,async=true,src=EMBEDDED:null,STOPPED}
09:34:40.986 [main] DEBUG org.eclipse.jetty.util.component.AbstractLifeCycle -- STOPPING io.javalin.jetty.JavalinJettyServlet-7ae9a33a==io.javalin.jetty.JavalinJettyServlet@5cd9fbac{jsp=null,order=-1,inst=true,async=true,src=EMBEDDED:null,STARTED}
09:34:40.986 [main] DEBUG org.eclipse.jetty.util.component.AbstractLifeCycle -- STOPPED io.javalin.jetty.JavalinJettyServlet-7ae9a33a==io.javalin.jetty.JavalinJettyServlet@5cd9fbac{jsp=null,order=-1,inst=false,async=true,src=EMBEDDED:null,STOPPED}
09:34:41.002 [main] DEBUG org.eclipse.jetty.servlet.ServletHandler -- Path=/*[EMBEDDED:null] mapped to servlet=io.javalin.jetty.JavalinJettyServlet-7ae9a33a[EMBEDDED:null]
09:34:41.002 [main] DEBUG org.eclipse.jetty.http.pathmap.ServletPathSpec -- Creating ServletPathSpec[/*] (group: PREFIX_GLOB, prefix: "", suffix: "null")
09:34:41.002 [main] DEBUG org.eclipse.jetty.http.pathmap.PathMappings -- Added MappedResource[pathSpec=ServletPathSpec@9457a78e{/*},resource=MappedServlet7b4a0aef{/*->io.javalin.jetty.JavalinJettyServlet-7ae9a33a==io.javalin.jetty.JavalinJettyServlet@5cd9fbac{jsp=null,order=-1,inst=false,async=true,src=EMBEDDED:null,STOPPED}}] to PathMappings[size=1]
09:34:41.002 [main] DEBUG org.eclipse.jetty.servlet.ServletHandler -- filterNameMap={} pathFilters=[] servletFilterMap={} servletPathMap=PathMappings[size=1] servletNameMap={io.javalin.jetty.JavalinJettyServlet-7ae9a33a=MappedServlet45cec376{null->io.javalin.jetty.JavalinJettyServlet-7ae9a33a==io.javalin.jetty.JavalinJettyServlet@5cd9fbac{jsp=null,order=-1,inst=false,async=true,src=EMBEDDED:null,STOPPED}}}
09:34:41.002 [main] DEBUG org.eclipse.jetty.util.component.AbstractLifeCycle -- STOPPED ServletHandler@507d20bb{STOPPED}
09:34:41.002 [main] DEBUG org.eclipse.jetty.util.component.AbstractLifeCycle -- STOPPED org.eclipse.jetty.server.session.SessionHandler1468192631==dftMaxIdleSec=-1
09:34:41.002 [main] DEBUG org.eclipse.jetty.util.component.AbstractLifeCycle -- STOPPING ServletContainerInitializerStarter@39e67516{STARTED}
09:34:41.002 [main] DEBUG org.eclipse.jetty.util.component.AbstractLifeCycle -- STOPPING ContainerInitializer{org.eclipse.jetty.websocket.server.config.JettyWebSocketServletContainerInitializer,interested=[],applicable=[],annotated=[]}
09:34:41.002 [main] DEBUG org.eclipse.jetty.util.component.AbstractLifeCycle -- STOPPED ContainerInitializer{org.eclipse.jetty.websocket.server.config.JettyWebSocketServletContainerInitializer,interested=[],applicable=[],annotated=[]}
09:34:41.002 [main] DEBUG org.eclipse.jetty.util.component.AbstractLifeCycle -- STOPPED ServletContainerInitializerStarter@39e67516{STOPPED}
09:34:41.002 [main] INFO org.eclipse.jetty.server.handler.ContextHandler -- Stopped o.e.j.s.ServletContextHandler@bb9ab64{/,null,STOPPED}
09:34:41.002 [main] DEBUG org.eclipse.jetty.util.component.AbstractLifeCycle -- STOPPED o.e.j.s.ServletContextHandler@bb9ab64{/,null,STOPPED}
09:34:41.002 [main] DEBUG org.eclipse.jetty.util.component.AbstractLifeCycle -- STOPPED StatisticsHandler@12958360{STOPPED,r=0,d=0}
09:34:41.002 [main] DEBUG org.eclipse.jetty.util.component.AbstractLifeCycle -- STOPPING LowResourceMonitor@5b4d25e7{STARTED}
09:34:41.002 [main] DEBUG org.eclipse.jetty.util.component.AbstractLifeCycle -- STOPPING LRMScheduler@36fcf6c0{STARTED}
09:34:41.002 [main] DEBUG org.eclipse.jetty.util.component.AbstractLifeCycle -- STOPPED LRMScheduler@36fcf6c0{STOPPED}
09:34:41.002 [main] DEBUG org.eclipse.jetty.util.component.AbstractLifeCycle -- STOPPED LowResourceMonitor@5b4d25e7{STOPPED}
09:34:41.002 [main] DEBUG org.eclipse.jetty.util.component.AbstractLifeCycle -- STOPPING AttributeContainerMap@421a4ee1{size=1}
09:34:41.002 [main] DEBUG org.eclipse.jetty.util.component.AbstractLifeCycle -- STOPPED AttributeContainerMap@421a4ee1{size=1}
09:34:41.002 [main] DEBUG org.eclipse.jetty.util.component.AbstractLifeCycle -- STOPPING QueuedThreadPool[JettyServerThreadPool]@540dbda9{STARTED,8<=9<=250,i=8,r=-1,t=59654ms,q=0}[ReservedThreadExecutor@3a5c2626{reserved=1/12,pending=0}]
09:34:41.002 [main] DEBUG org.eclipse.jetty.util.thread.QueuedThreadPool -- Stopping QueuedThreadPool[JettyServerThreadPool]@540dbda9{STOPPING,8<=9<=250,i=8,r=-1,t=59654ms,q=0}[ReservedThreadExecutor@3a5c2626{reserved=1/12,pending=0}]
09:34:41.002 [main] DEBUG org.eclipse.jetty.util.component.AbstractLifeCycle -- STOPPING ReservedThreadExecutor@3a5c2626{reserved=1/12,pending=0}
09:34:41.002 [JettyServerThreadPool-42] DEBUG org.eclipse.jetty.util.thread.ReservedThreadExecutor -- ReservedThread@61bf07b2{RESERVED,thread=Thread[#42,JettyServerThreadPool-42,5,main]} task=STOP ReservedThreadExecutor@3a5c2626{reserved=-1/12,pending=0}
09:34:41.002 [JettyServerThreadPool-42] DEBUG org.eclipse.jetty.util.thread.ReservedThreadExecutor -- ReservedThread@61bf07b2{RESERVED,thread=Thread[#42,JettyServerThreadPool-42,5,main]} exited ReservedThreadExecutor@3a5c2626{reserved=-1/12,pending=0}
09:34:41.002 [JettyServerThreadPool-42] DEBUG org.eclipse.jetty.util.thread.QueuedThreadPool -- ran ReservedThread@61bf07b2{RESERVED,thread=null} in QueuedThreadPool[JettyServerThreadPool]@540dbda9{STOPPING,8<=9<=250,i=8,r=-1,t=59653ms,q=0}[ReservedThreadExecutor@3a5c2626{reserved=-1/12,pending=0}]
09:34:41.002 [JettyServerThreadPool-42] DEBUG org.eclipse.jetty.util.thread.QueuedThreadPool -- Evict check, period=60000ms QueuedThreadPool[JettyServerThreadPool]@540dbda9{STOPPING,8<=9<=250,i=9,r=-1,t=59653ms,q=0}[ReservedThreadExecutor@3a5c2626{reserved=-1/12,pending=0}]
09:34:41.002 [JettyServerThreadPool-42] DEBUG org.eclipse.jetty.util.thread.QueuedThreadPool -- Evict skipped, threshold=119653ms in the future QueuedThreadPool[JettyServerThreadPool]@540dbda9{STOPPING,8<=9<=250,i=9,r=-1,t=59653ms,q=0}[ReservedThreadExecutor@3a5c2626{reserved=-1/12,pending=0}]
09:34:41.011 [main] DEBUG org.eclipse.jetty.util.component.AbstractLifeCycle -- STOPPED ReservedThreadExecutor@3a5c2626{reserved=-1/12,pending=0}
09:34:41.011 [main] DEBUG org.eclipse.jetty.util.thread.QueuedThreadPool -- Waiting for Thread[#36,JettyServerThreadPool-36,5,main] for 2499
09:34:41.011 [JettyServerThreadPool-40] DEBUG org.eclipse.jetty.util.thread.QueuedThreadPool -- run org.eclipse.jetty.util.thread.QueuedThreadPool$$Lambda/0x000001cc112a7130@32fc3a5b in QueuedThreadPool[JettyServerThreadPool]@540dbda9{STOPPING,8<=0<=250,i=9,r=-1,t=59647ms,q=0}[NO_TRY]
09:34:41.011 [JettyServerThreadPool-39] DEBUG org.eclipse.jetty.util.thread.QueuedThreadPool -- run org.eclipse.jetty.util.thread.QueuedThreadPool$$Lambda/0x000001cc112a7130@32fc3a5b in QueuedThreadPool[JettyServerThreadPool]@540dbda9{STOPPING,8<=0<=250,i=9,r=-1,t=59647ms,q=0}[NO_TRY]
09:34:41.011 [JettyServerThreadPool-41] DEBUG org.eclipse.jetty.util.thread.QueuedThreadPool -- run org.eclipse.jetty.util.thread.QueuedThreadPool$$Lambda/0x000001cc112a7130@32fc3a5b in QueuedThreadPool[JettyServerThreadPool]@540dbda9{STOPPING,8<=0<=250,i=9,r=-1,t=59647ms,q=0}[NO_TRY]
09:34:41.014 [JettyServerThreadPool-39] DEBUG org.eclipse.jetty.util.thread.QueuedThreadPool -- ran org.eclipse.jetty.util.thread.QueuedThreadPool$$Lambda/0x000001cc112a7130@32fc3a5b in QueuedThreadPool[JettyServerThreadPool]@540dbda9{STOPPING,8<=0<=250,i=9,r=-1,t=59647ms,q=0}[NO_TRY]
09:34:41.014 [JettyServerThreadPool-39] DEBUG org.eclipse.jetty.util.thread.QueuedThreadPool -- Evict skipped, no excess threads QueuedThreadPool[JettyServerThreadPool]@540dbda9{STOPPING,8<=0<=250,i=10,r=-1,t=59647ms,q=0}[NO_TRY]
09:34:41.014 [JettyServerThreadPool-38] DEBUG org.eclipse.jetty.util.thread.QueuedThreadPool -- run org.eclipse.jetty.util.thread.QueuedThreadPool$$Lambda/0x000001cc112a7130@32fc3a5b in QueuedThreadPool[JettyServerThreadPool]@540dbda9{STOPPING,8<=0<=250,i=9,r=-1,t=59647ms,q=0}[NO_TRY]
09:34:41.014 [JettyServerThreadPool-39] DEBUG org.eclipse.jetty.util.thread.QueuedThreadPool -- Thread[#39,JettyServerThreadPool-39,5,main] exited for QueuedThreadPool[JettyServerThreadPool]@540dbda9{STOPPING,8<=0<=250,i=10,r=-1,t=59646ms,q=0}[NO_TRY]
09:34:41.014 [JettyServerThreadPool-41] DEBUG org.eclipse.jetty.util.thread.QueuedThreadPool -- ran org.eclipse.jetty.util.thread.QueuedThreadPool$$Lambda/0x000001cc112a7130@32fc3a5b in QueuedThreadPool[JettyServerThreadPool]@540dbda9{STOPPING,8<=0<=250,i=9,r=-1,t=59647ms,q=0}[NO_TRY]
09:34:41.014 [JettyServerThreadPool-41] DEBUG org.eclipse.jetty.util.thread.QueuedThreadPool -- Evict skipped, no excess threads QueuedThreadPool[JettyServerThreadPool]@540dbda9{STOPPING,8<=0<=250,i=11,r=-1,t=59646ms,q=0}[NO_TRY]
09:34:41.014 [JettyServerThreadPool-51] DEBUG org.eclipse.jetty.util.thread.QueuedThreadPool -- run org.eclipse.jetty.util.thread.QueuedThreadPool$$Lambda/0x000001cc112a7130@32fc3a5b in QueuedThreadPool[JettyServerThreadPool]@540dbda9{STOPPING,8<=0<=250,i=11,r=-1,t=59646ms,q=0}[NO_TRY]
09:34:41.014 [JettyServerThreadPool-41] DEBUG org.eclipse.jetty.util.thread.QueuedThreadPool -- Thread[#41,JettyServerThreadPool-41,5,main] exited for QueuedThreadPool[JettyServerThreadPool]@540dbda9{STOPPING,8<=0<=250,i=11,r=-1,t=59646ms,q=0}[NO_TRY]
09:34:41.014 [JettyServerThreadPool-40] DEBUG org.eclipse.jetty.util.thread.QueuedThreadPool -- ran org.eclipse.jetty.util.thread.QueuedThreadPool$$Lambda/0x000001cc112a7130@32fc3a5b in QueuedThreadPool[JettyServerThreadPool]@540dbda9{STOPPING,8<=0<=250,i=9,r=-1,t=59647ms,q=0}[NO_TRY]
09:34:41.015 [JettyServerThreadPool-40] DEBUG org.eclipse.jetty.util.thread.QueuedThreadPool -- Evict skipped, no excess threads QueuedThreadPool[JettyServerThreadPool]@540dbda9{STOPPING,8<=0<=250,i=12,r=-1,t=59646ms,q=0}[NO_TRY]
09:34:41.015 [JettyServerThreadPool-36] DEBUG org.eclipse.jetty.util.thread.QueuedThreadPool -- run org.eclipse.jetty.util.thread.QueuedThreadPool$$Lambda/0x000001cc112a7130@32fc3a5b in QueuedThreadPool[JettyServerThreadPool]@540dbda9{STOPPING,8<=0<=250,i=11,r=-1,t=59646ms,q=0}[NO_TRY]
09:34:41.015 [JettyServerThreadPool-40] DEBUG org.eclipse.jetty.util.thread.QueuedThreadPool -- Thread[#40,JettyServerThreadPool-40,5,main] exited for QueuedThreadPool[JettyServerThreadPool]@540dbda9{STOPPING,8<=0<=250,i=12,r=-1,t=59645ms,q=0}[NO_TRY]
09:34:41.015 [JettyServerThreadPool-36] DEBUG org.eclipse.jetty.util.thread.QueuedThreadPool -- ran org.eclipse.jetty.util.thread.QueuedThreadPool$$Lambda/0x000001cc112a7130@32fc3a5b in QueuedThreadPool[JettyServerThreadPool]@540dbda9{STOPPING,8<=0<=250,i=12,r=-1,t=59645ms,q=0}[NO_TRY]
09:34:41.015 [JettyServerThreadPool-36] DEBUG org.eclipse.jetty.util.thread.QueuedThreadPool -- Evict skipped, no excess threads QueuedThreadPool[JettyServerThreadPool]@540dbda9{STOPPING,8<=0<=250,i=13,r=-1,t=59645ms,q=0}[NO_TRY]
09:34:41.015 [JettyServerThreadPool-36] DEBUG org.eclipse.jetty.util.thread.QueuedThreadPool -- Thread[#36,JettyServerThreadPool-36,5,main] exited for QueuedThreadPool[JettyServerThreadPool]@540dbda9{STOPPING,8<=0<=250,i=13,r=-1,t=59645ms,q=0}[NO_TRY]
09:34:41.015 [JettyServerThreadPool-35] DEBUG org.eclipse.jetty.util.thread.QueuedThreadPool -- run org.eclipse.jetty.util.thread.QueuedThreadPool$$Lambda/0x000001cc112a7130@32fc3a5b in QueuedThreadPool[JettyServerThreadPool]@540dbda9{STOPPING,8<=0<=250,i=13,r=-1,t=59645ms,q=0}[NO_TRY]
09:34:41.014 [JettyServerThreadPool-37] DEBUG org.eclipse.jetty.util.thread.QueuedThreadPool -- run org.eclipse.jetty.util.thread.QueuedThreadPool$$Lambda/0x000001cc112a7130@32fc3a5b in QueuedThreadPool[JettyServerThreadPool]@540dbda9{STOPPING,8<=0<=250,i=10,r=-1,t=59646ms,q=0}[NO_TRY]
09:34:41.014 [JettyServerThreadPool-38] DEBUG org.eclipse.jetty.util.thread.QueuedThreadPool -- ran org.eclipse.jetty.util.thread.QueuedThreadPool$$Lambda/0x000001cc112a7130@32fc3a5b in QueuedThreadPool[JettyServerThreadPool]@540dbda9{STOPPING,8<=0<=250,i=10,r=-1,t=59646ms,q=0}[NO_TRY]
09:34:41.014 [JettyServerThreadPool-51] DEBUG org.eclipse.jetty.util.thread.QueuedThreadPool -- ran org.eclipse.jetty.util.thread.QueuedThreadPool$$Lambda/0x000001cc112a7130@32fc3a5b in QueuedThreadPool[JettyServerThreadPool]@540dbda9{STOPPING,8<=0<=250,i=11,r=-1,t=59646ms,q=0}[NO_TRY]
09:34:41.015 [JettyServerThreadPool-42] DEBUG org.eclipse.jetty.util.thread.QueuedThreadPool -- run org.eclipse.jetty.util.thread.QueuedThreadPool$$Lambda/0x000001cc112a7130@32fc3a5b in QueuedThreadPool[JettyServerThreadPool]@540dbda9{STOPPING,8<=0<=250,i=13,r=-1,t=59645ms,q=0}[NO_TRY]
09:34:41.015 [JettyServerThreadPool-35] DEBUG org.eclipse.jetty.util.thread.QueuedThreadPool -- ran org.eclipse.jetty.util.thread.QueuedThreadPool$$Lambda/0x000001cc112a7130@32fc3a5b in QueuedThreadPool[JettyServerThreadPool]@540dbda9{STOPPING,8<=0<=250,i=13,r=-1,t=59645ms,q=0}[NO_TRY]
09:34:41.015 [JettyServerThreadPool-37] DEBUG org.eclipse.jetty.util.thread.QueuedThreadPool -- ran org.eclipse.jetty.util.thread.QueuedThreadPool$$Lambda/0x000001cc112a7130@32fc3a5b in QueuedThreadPool[JettyServerThreadPool]@540dbda9{STOPPING,8<=0<=250,i=13,r=-1,t=59645ms,q=0}[NO_TRY]
09:34:41.016 [JettyServerThreadPool-35] DEBUG org.eclipse.jetty.util.thread.QueuedThreadPool -- Evict skipped, no excess threads QueuedThreadPool[JettyServerThreadPool]@540dbda9{STOPPING,8<=0<=250,i=16,r=-1,t=59644ms,q=0}[NO_TRY]
09:34:41.016 [JettyServerThreadPool-38] DEBUG org.eclipse.jetty.util.thread.QueuedThreadPool -- Evict skipped, no excess threads QueuedThreadPool[JettyServerThreadPool]@540dbda9{STOPPING,8<=0<=250,i=14,r=-1,t=59645ms,q=0}[NO_TRY]
09:34:41.016 [JettyServerThreadPool-51] DEBUG org.eclipse.jetty.util.thread.QueuedThreadPool -- Evict skipped, no excess threads QueuedThreadPool[JettyServerThreadPool]@540dbda9{STOPPING,8<=0<=250,i=15,r=-1,t=59645ms,q=0}[NO_TRY]
09:34:41.016 [JettyServerThreadPool-42] DEBUG org.eclipse.jetty.util.thread.QueuedThreadPool -- ran org.eclipse.jetty.util.thread.QueuedThreadPool$$Lambda/0x000001cc112a7130@32fc3a5b in QueuedThreadPool[JettyServerThreadPool]@540dbda9{STOPPING,8<=0<=250,i=15,r=-1,t=59644ms,q=0}[NO_TRY]
09:34:41.016 [JettyServerThreadPool-37] DEBUG org.eclipse.jetty.util.thread.QueuedThreadPool -- Evict skipped, no excess threads QueuedThreadPool[JettyServerThreadPool]@540dbda9{STOPPING,8<=0<=250,i=17,r=-1,t=59644ms,q=0}[NO_TRY]
09:34:41.016 [JettyServerThreadPool-42] DEBUG org.eclipse.jetty.util.thread.QueuedThreadPool -- Evict skipped, no excess threads QueuedThreadPool[JettyServerThreadPool]@540dbda9{STOPPING,8<=0<=250,i=18,r=-1,t=59644ms,q=0}[NO_TRY]
09:34:41.016 [JettyServerThreadPool-35] DEBUG org.eclipse.jetty.util.thread.QueuedThreadPool -- Thread[#35,JettyServerThreadPool-35,5,main] exited for QueuedThreadPool[JettyServerThreadPool]@540dbda9{STOPPING,8<=0<=250,i=17,r=-1,t=59644ms,q=0}[NO_TRY]
09:34:41.016 [JettyServerThreadPool-38] DEBUG org.eclipse.jetty.util.thread.QueuedThreadPool -- Thread[#38,JettyServerThreadPool-38,5,main] exited for QueuedThreadPool[JettyServerThreadPool]@540dbda9{STOPPING,8<=0<=250,i=17,r=-1,t=59644ms,q=0}[NO_TRY]
09:34:41.016 [JettyServerThreadPool-51] DEBUG org.eclipse.jetty.util.thread.QueuedThreadPool -- Thread[#51,JettyServerThreadPool-51,5,main] exited for QueuedThreadPool[JettyServerThreadPool]@540dbda9{STOPPING,8<=0<=250,i=17,r=-1,t=59644ms,q=0}[NO_TRY]
09:34:41.016 [JettyServerThreadPool-37] DEBUG org.eclipse.jetty.util.thread.QueuedThreadPool -- Thread[#37,JettyServerThreadPool-37,5,main] exited for QueuedThreadPool[JettyServerThreadPool]@540dbda9{STOPPING,8<=0<=250,i=18,r=-1,t=59644ms,q=0}[NO_TRY]
09:34:41.016 [JettyServerThreadPool-42] DEBUG org.eclipse.jetty.util.thread.QueuedThreadPool -- Thread[#42,JettyServerThreadPool-42,5,main] exited for QueuedThreadPool[JettyServerThreadPool]@540dbda9{STOPPING,8<=0<=250,i=18,r=-1,t=59644ms,q=0}[NO_TRY]
09:34:41.017 [main] DEBUG org.eclipse.jetty.util.thread.QueuedThreadPool -- Waiting for Thread[#37,JettyServerThreadPool-37,5,] for 2495
09:34:41.017 [main] DEBUG org.eclipse.jetty.util.component.AbstractLifeCycle -- STOPPED QueuedThreadPool[JettyServerThreadPool]@540dbda9{STOPPED,8<=0<=250,i=18,r=-1,t=59643ms,q=0}[NO_TRY]
09:34:41.017 [main] DEBUG org.eclipse.jetty.util.component.AbstractLifeCycle -- STOPPED Server@58a4a74d{STOPPED}[11.0.20,sto=0]
09:34:41.017 [main] INFO io.javalin.Javalin -- Javalin has stopped
]]></system-out>
    <system-err><![CDATA[WARNING: A Java agent has been loaded dynamically (C:\Users\vista\.m2\repository\net\bytebuddy\byte-buddy-agent\1.14.15\byte-buddy-agent-1.14.15.jar)
WARNING: If a serviceability tool is in use, please run with -XX:+EnableDynamicAgentLoading to hide this warning
WARNING: If a serviceability tool is not in use, please run with -Djdk.instrument.traceUsage for more information
WARNING: Dynamic loading of agents will be disallowed by default in a future release
]]></system-err>
  </testcase>
  <testcase name="postToPrintValidade_withValidRequest_shouldReturn200" classname="br.com.espacovista.controller.PrintControllerIntegrationTest" time="0.148">
    <system-out><![CDATA[09:34:41.073 [main] DEBUG org.eclipse.jetty.util.component.ContainerLifeCycle -- QueuedThreadPool[qtp2005293363]@77865933{STOPPED,8<=0<=250,i=0,r=-1,t=-62127873ms,q=0}[NO_TRY] added {org.eclipse.jetty.util.thread.ThreadPoolBudget@480ad82c,POJO}
09:34:41.073 [main] DEBUG org.eclipse.jetty.util.component.ContainerLifeCycle -- Server@4d18b73a{STOPPED}[11.0.20,sto=0] added {QueuedThreadPool[JettyServerThreadPool]@77865933{STOPPED,8<=0<=250,i=0,r=-1,t=-62127873ms,q=0}[NO_TRY],AUTO}
09:34:41.073 [main] DEBUG org.eclipse.jetty.util.component.ContainerLifeCycle -- Server@4d18b73a{STOPPED}[11.0.20,sto=0] added {AttributeContainerMap@177515d1{size=0},AUTO}
09:34:41.073 [main] DEBUG org.eclipse.jetty.util.component.ContainerLifeCycle -- Server@4d18b73a{STOPPED}[11.0.20,sto=0] added {LowResourceMonitor@52ff99cd{STOPPED},AUTO}
09:34:41.073 [main] DEBUG org.eclipse.jetty.util.component.ContainerLifeCycle -- Server@4d18b73a{STOPPED}[11.0.20,sto=0] added {StatisticsHandler@4c2af006{STOPPED,r=0,d=0},MANAGED}
09:34:41.073 [main] DEBUG org.eclipse.jetty.util.component.ContainerLifeCycle -- AttributeContainerMap@177515d1{size=1} added {true,POJO}
09:34:41.073 [main] DEBUG org.eclipse.jetty.util.component.ContainerLifeCycle -- o.e.j.s.ServletContextHandler@44032fde{/,null,STOPPED} added {org.eclipse.jetty.server.session.SessionHandler2070372626==dftMaxIdleSec=-1,MANAGED}
09:34:41.073 [main] DEBUG org.eclipse.jetty.util.component.ContainerLifeCycle -- org.eclipse.jetty.server.session.SessionHandler2070372626==dftMaxIdleSec=-1 added {ServletHandler@5578be42{STOPPED},MANAGED}
09:34:41.073 [main] DEBUG org.eclipse.jetty.util.component.ContainerLifeCycle -- o.e.j.s.ServletContextHandler@44032fde{/,null,STOPPED} added {ServletContainerInitializerStarter@4e49ce2b{STOPPED},MANAGED}
09:34:41.073 [main] DEBUG org.eclipse.jetty.util.component.ContainerLifeCycle -- ServletContainerInitializerStarter@4e49ce2b{STOPPED} added {ContainerInitializer{org.eclipse.jetty.websocket.server.config.JettyWebSocketServletContainerInitializer,interested=[],applicable=[],annotated=[]},MANAGED}
09:34:41.073 [main] DEBUG org.eclipse.jetty.util.component.ContainerLifeCycle -- o.e.j.s.ServletContextHandler@44032fde{/,null,STOPPED} added {org.eclipse.jetty.server.session.SessionHandler1130153977==dftMaxIdleSec=-1,MANAGED}
09:34:41.073 [main] DEBUG org.eclipse.jetty.util.component.ContainerLifeCycle -- org.eclipse.jetty.server.session.SessionHandler1130153977==dftMaxIdleSec=-1 added {ServletHandler@5578be42{STOPPED},MANAGED}
09:34:41.073 [main] DEBUG org.eclipse.jetty.util.component.ContainerLifeCycle -- ServletHandler@5578be42{STOPPED} added {io.javalin.jetty.JavalinJettyServlet-4364712f==io.javalin.jetty.JavalinJettyServlet@534a7579{jsp=null,order=-1,inst=false,async=true,src=EMBEDDED:null,STOPPED},AUTO}
09:34:41.073 [main] DEBUG org.eclipse.jetty.util.component.ContainerLifeCycle -- ServletHandler@5578be42{STOPPED} added {[/*]=>io.javalin.jetty.JavalinJettyServlet-4364712f,POJO}
09:34:41.073 [main] DEBUG org.eclipse.jetty.util.component.ContainerLifeCycle -- StatisticsHandler@4c2af006{STOPPED,r=0,d=0} added {o.e.j.s.ServletContextHandler@44032fde{/,null,STOPPED},MANAGED}
09:34:41.073 [main] DEBUG org.eclipse.jetty.util.component.ContainerLifeCycle -- HttpConnectionFactory@1b7a52dd[HTTP/1.1] added {HttpConfiguration@7f93dd4e{32768/8192,8192/8192,https://:0,[]},POJO}
09:34:41.073 [main] DEBUG org.eclipse.jetty.util.component.ContainerLifeCycle -- ServerConnector@5ad5be4a{null, ()}{0.0.0.0:0} added {QueuedThreadPool[JettyServerThreadPool]@77865933{STOPPED,8<=0<=250,i=0,r=-1,t=-62127875ms,q=0}[NO_TRY],AUTO}
09:34:41.073 [main] DEBUG org.eclipse.jetty.util.component.ContainerLifeCycle -- ServerConnector@5ad5be4a{null, ()}{0.0.0.0:0} added {ScheduledExecutorScheduler@3ad85136{STOPPED},AUTO}
09:34:41.073 [main] DEBUG org.eclipse.jetty.util.component.ContainerLifeCycle -- Server@4d18b73a{STOPPED}[11.0.20,sto=0] added {LogarithmicArrayByteBufferPool@737d100a{minBufferCapacity=0, maxBufferCapacity=65536, maxQueueLength=-1, factor=4096},POJO}
09:34:41.073 [main] DEBUG org.eclipse.jetty.util.component.ContainerLifeCycle -- ServerConnector@5ad5be4a{null, ()}{0.0.0.0:0} added {LogarithmicArrayByteBufferPool@737d100a{minBufferCapacity=0, maxBufferCapacity=65536, maxQueueLength=-1, factor=4096},UNMANAGED}
09:34:41.073 [main] DEBUG org.eclipse.jetty.util.component.ContainerLifeCycle -- ServerConnector@5ad5be4a{null, ()}{0.0.0.0:0} added {org.eclipse.jetty.io.LogarithmicArrayByteBufferPool$LogarithmicRetainablePool@12e5da86{min=0,max=65536,buckets=17,heap=0/-1,direct=0/-1},POJO}
09:34:41.073 [main] DEBUG org.eclipse.jetty.util.component.ContainerLifeCycle -- ServerConnector@5ad5be4a{null, ()}{0.0.0.0:0} added {org.eclipse.jetty.server.AbstractConnector$1@6535117e,POJO}
09:34:41.075 [main] DEBUG org.eclipse.jetty.util.component.ContainerLifeCycle -- ServerConnector@5ad5be4a{null, (http/1.1)}{0.0.0.0:0} added {HttpConnectionFactory@1b7a52dd[HTTP/1.1],AUTO}
09:34:41.075 [main] DEBUG org.eclipse.jetty.server.AbstractConnector -- ServerConnector@5ad5be4a{HTTP/1.1, (http/1.1)}{0.0.0.0:0} added HttpConnectionFactory@1b7a52dd[HTTP/1.1]
09:34:41.075 [main] DEBUG org.eclipse.jetty.util.component.ContainerLifeCycle -- ServerConnector@5ad5be4a{HTTP/1.1, (http/1.1)}{0.0.0.0:0} added {SelectorManager@ServerConnector@5ad5be4a{HTTP/1.1, (http/1.1)}{0.0.0.0:0},MANAGED}
09:34:41.075 [main] DEBUG org.eclipse.jetty.util.component.ContainerLifeCycle -- Server@4d18b73a{STOPPED}[11.0.20,sto=0] added {ServerConnector@5ad5be4a{HTTP/1.1, (http/1.1)}{0.0.0.0:0},AUTO}
09:34:41.075 [main] INFO io.javalin.Javalin -- Starting Javalin ...
09:34:41.075 [main] DEBUG org.eclipse.jetty.util.component.AbstractLifeCycle -- STARTING Server@4d18b73a{STOPPED}[11.0.20,sto=0]
09:34:41.075 [main] DEBUG org.eclipse.jetty.util.component.ContainerLifeCycle -- Server@4d18b73a{STARTING}[11.0.20,sto=0] added {ErrorHandler@1d1cbd0f{STOPPED},AUTO}
09:34:41.075 [main] INFO org.eclipse.jetty.server.Server -- jetty-11.0.20; built: 2024-01-29T21:04:22.394Z; git: 922f8dc188f7011e60d0361de585fd4ac4d63064; jvm 21.0.7+8-LTS-245
09:34:41.075 [main] DEBUG org.eclipse.jetty.server.AbstractConnector -- Could not configure SO_REUSEPORT to false on sun.nio.ch.ServerSocketChannelImpl[unbound]
java.lang.UnsupportedOperationException: 'SO_REUSEPORT' not supported
	at java.base/sun.nio.ch.ServerSocketChannelImpl.setOption(ServerSocketChannelImpl.java:219)
	at org.eclipse.jetty.server.ServerConnector.setSocketOption(ServerConnector.java:355)
	at org.eclipse.jetty.server.ServerConnector.openAcceptChannel(ServerConnector.java:336)
	at org.eclipse.jetty.server.ServerConnector.open(ServerConnector.java:304)
	at org.eclipse.jetty.server.Server.lambda$doStart$0(Server.java:402)
	at java.base/java.util.stream.ForEachOps$ForEachOp$OfRef.accept(ForEachOps.java:184)
	at java.base/java.util.stream.ReferencePipeline$3$1.accept(ReferencePipeline.java:197)
	at java.base/java.util.stream.ReferencePipeline$2$1.accept(ReferencePipeline.java:179)
	at java.base/java.util.Spliterators$ArraySpliterator.forEachRemaining(Spliterators.java:1024)
	at java.base/java.util.stream.AbstractPipeline.copyInto(AbstractPipeline.java:509)
	at java.base/java.util.stream.AbstractPipeline.wrapAndCopyInto(AbstractPipeline.java:499)
	at java.base/java.util.stream.ForEachOps$ForEachOp.evaluateSequential(ForEachOps.java:151)
	at java.base/java.util.stream.ForEachOps$ForEachOp$OfRef.evaluateSequential(ForEachOps.java:174)
	at java.base/java.util.stream.AbstractPipeline.evaluate(AbstractPipeline.java:234)
	at java.base/java.util.stream.ReferencePipeline.forEach(ReferencePipeline.java:596)
	at org.eclipse.jetty.server.Server.doStart(Server.java:398)
	at org.eclipse.jetty.util.component.AbstractLifeCycle.start(AbstractLifeCycle.java:93)
	at io.javalin.jetty.JettyServer.start(JettyServer.kt:93)
	at io.javalin.Javalin.start(Javalin.java:123)
	at br.com.espacovista.controller.PrintControllerIntegrationTest.setUp(PrintControllerIntegrationTest.java:40)
	at java.base/jdk.internal.reflect.DirectMethodHandleAccessor.invoke(DirectMethodHandleAccessor.java:103)
	at java.base/java.lang.reflect.Method.invoke(Method.java:580)
	at org.junit.platform.commons.util.ReflectionUtils.invokeMethod(ReflectionUtils.java:728)
	at org.junit.jupiter.engine.execution.MethodInvocation.proceed(MethodInvocation.java:60)
	at org.junit.jupiter.engine.execution.InvocationInterceptorChain$ValidatingInvocation.proceed(InvocationInterceptorChain.java:131)
	at org.junit.jupiter.engine.extension.TimeoutExtension.intercept(TimeoutExtension.java:156)
	at org.junit.jupiter.engine.extension.TimeoutExtension.interceptLifecycleMethod(TimeoutExtension.java:128)
	at org.junit.jupiter.engine.extension.TimeoutExtension.interceptBeforeEachMethod(TimeoutExtension.java:78)
	at org.junit.jupiter.engine.execution.InterceptingExecutableInvoker$ReflectiveInterceptorCall.lambda$ofVoidMethod$0(InterceptingExecutableInvoker.java:103)
	at org.junit.jupiter.engine.execution.InterceptingExecutableInvoker.lambda$invoke$0(InterceptingExecutableInvoker.java:93)
	at org.junit.jupiter.engine.execution.InvocationInterceptorChain$InterceptedInvocation.proceed(InvocationInterceptorChain.java:106)
	at org.junit.jupiter.engine.execution.InvocationInterceptorChain.proceed(InvocationInterceptorChain.java:64)
	at org.junit.jupiter.engine.execution.InvocationInterceptorChain.chainAndInvoke(InvocationInterceptorChain.java:45)
	at org.junit.jupiter.engine.execution.InvocationInterceptorChain.invoke(InvocationInterceptorChain.java:37)
	at org.junit.jupiter.engine.execution.InterceptingExecutableInvoker.invoke(InterceptingExecutableInvoker.java:92)
	at org.junit.jupiter.engine.execution.InterceptingExecutableInvoker.invoke(InterceptingExecutableInvoker.java:86)
	at org.junit.jupiter.engine.descriptor.ClassBasedTestDescriptor.invokeMethodInExtensionContext(ClassBasedTestDescriptor.java:521)
	at org.junit.jupiter.engine.descriptor.ClassBasedTestDescriptor.lambda$synthesizeBeforeEachMethodAdapter$23(ClassBasedTestDescriptor.java:506)
	at org.junit.jupiter.engine.descriptor.TestMethodTestDescriptor.lambda$invokeBeforeEachMethods$3(TestMethodTestDescriptor.java:175)
	at org.junit.jupiter.engine.descriptor.TestMethodTestDescriptor.lambda$invokeBeforeMethodsOrCallbacksUntilExceptionOccurs$6(TestMethodTestDescriptor.java:203)
	at org.junit.platform.engine.support.hierarchical.ThrowableCollector.execute(ThrowableCollector.java:73)
	at org.junit.jupiter.engine.descriptor.TestMethodTestDescriptor.invokeBeforeMethodsOrCallbacksUntilExceptionOccurs(TestMethodTestDescriptor.java:203)
	at org.junit.jupiter.engine.descriptor.TestMethodTestDescriptor.invokeBeforeEachMethods(TestMethodTestDescriptor.java:172)
	at org.junit.jupiter.engine.descriptor.TestMethodTestDescriptor.execute(TestMethodTestDescriptor.java:135)
	at org.junit.jupiter.engine.descriptor.TestMethodTestDescriptor.execute(TestMethodTestDescriptor.java:69)
	at org.junit.platform.engine.support.hierarchical.NodeTestTask.lambda$executeRecursively$6(NodeTestTask.java:151)
	at org.junit.platform.engine.support.hierarchical.ThrowableCollector.execute(ThrowableCollector.java:73)
	at org.junit.platform.engine.support.hierarchical.NodeTestTask.lambda$executeRecursively$8(NodeTestTask.java:141)
	at org.junit.platform.engine.support.hierarchical.Node.around(Node.java:137)
	at org.junit.platform.engine.support.hierarchical.NodeTestTask.lambda$executeRecursively$9(NodeTestTask.java:139)
	at org.junit.platform.engine.support.hierarchical.ThrowableCollector.execute(ThrowableCollector.java:73)
	at org.junit.platform.engine.support.hierarchical.NodeTestTask.executeRecursively(NodeTestTask.java:138)
	at org.junit.platform.engine.support.hierarchical.NodeTestTask.execute(NodeTestTask.java:95)
	at java.base/java.util.ArrayList.forEach(ArrayList.java:1596)
	at org.junit.platform.engine.support.hierarchical.SameThreadHierarchicalTestExecutorService.invokeAll(SameThreadHierarchicalTestExecutorService.java:41)
	at org.junit.platform.engine.support.hierarchical.NodeTestTask.lambda$executeRecursively$6(NodeTestTask.java:155)
	at org.junit.platform.engine.support.hierarchical.ThrowableCollector.execute(ThrowableCollector.java:73)
	at org.junit.platform.engine.support.hierarchical.NodeTestTask.lambda$executeRecursively$8(NodeTestTask.java:141)
	at org.junit.platform.engine.support.hierarchical.Node.around(Node.java:137)
	at org.junit.platform.engine.support.hierarchical.NodeTestTask.lambda$executeRecursively$9(NodeTestTask.java:139)
	at org.junit.platform.engine.support.hierarchical.ThrowableCollector.execute(ThrowableCollector.java:73)
	at org.junit.platform.engine.support.hierarchical.NodeTestTask.executeRecursively(NodeTestTask.java:138)
	at org.junit.platform.engine.support.hierarchical.NodeTestTask.execute(NodeTestTask.java:95)
	at java.base/java.util.ArrayList.forEach(ArrayList.java:1596)
	at org.junit.platform.engine.support.hierarchical.SameThreadHierarchicalTestExecutorService.invokeAll(SameThreadHierarchicalTestExecutorService.java:41)
	at org.junit.platform.engine.support.hierarchical.NodeTestTask.lambda$executeRecursively$6(NodeTestTask.java:155)
	at org.junit.platform.engine.support.hierarchical.ThrowableCollector.execute(ThrowableCollector.java:73)
	at org.junit.platform.engine.support.hierarchical.NodeTestTask.lambda$executeRecursively$8(NodeTestTask.java:141)
	at org.junit.platform.engine.support.hierarchical.Node.around(Node.java:137)
	at org.junit.platform.engine.support.hierarchical.NodeTestTask.lambda$executeRecursively$9(NodeTestTask.java:139)
	at org.junit.platform.engine.support.hierarchical.ThrowableCollector.execute(ThrowableCollector.java:73)
	at org.junit.platform.engine.support.hierarchical.NodeTestTask.executeRecursively(NodeTestTask.java:138)
	at org.junit.platform.engine.support.hierarchical.NodeTestTask.execute(NodeTestTask.java:95)
	at org.junit.platform.engine.support.hierarchical.SameThreadHierarchicalTestExecutorService.submit(SameThreadHierarchicalTestExecutorService.java:35)
	at org.junit.platform.engine.support.hierarchical.HierarchicalTestExecutor.execute(HierarchicalTestExecutor.java:57)
	at org.junit.platform.engine.support.hierarchical.HierarchicalTestEngine.execute(HierarchicalTestEngine.java:54)
	at org.junit.platform.launcher.core.EngineExecutionOrchestrator.execute(EngineExecutionOrchestrator.java:198)
	at org.junit.platform.launcher.core.EngineExecutionOrchestrator.execute(EngineExecutionOrchestrator.java:169)
	at org.junit.platform.launcher.core.EngineExecutionOrchestrator.execute(EngineExecutionOrchestrator.java:93)
	at org.junit.platform.launcher.core.EngineExecutionOrchestrator.lambda$execute$0(EngineExecutionOrchestrator.java:58)
	at org.junit.platform.launcher.core.EngineExecutionOrchestrator.withInterceptedStreams(EngineExecutionOrchestrator.java:141)
	at org.junit.platform.launcher.core.EngineExecutionOrchestrator.execute(EngineExecutionOrchestrator.java:57)
	at org.junit.platform.launcher.core.DefaultLauncher.execute(DefaultLauncher.java:103)
	at org.junit.platform.launcher.core.DefaultLauncher.execute(DefaultLauncher.java:85)
	at org.junit.platform.launcher.core.DelegatingLauncher.execute(DelegatingLauncher.java:47)
	at org.apache.maven.surefire.junitplatform.LazyLauncher.execute(LazyLauncher.java:56)
	at org.apache.maven.surefire.junitplatform.JUnitPlatformProvider.execute(JUnitPlatformProvider.java:184)
	at org.apache.maven.surefire.junitplatform.JUnitPlatformProvider.invokeAllTests(JUnitPlatformProvider.java:148)
	at org.apache.maven.surefire.junitplatform.JUnitPlatformProvider.invoke(JUnitPlatformProvider.java:122)
	at org.apache.maven.surefire.booter.ForkedBooter.runSuitesInProcess(ForkedBooter.java:385)
	at org.apache.maven.surefire.booter.ForkedBooter.execute(ForkedBooter.java:162)
	at org.apache.maven.surefire.booter.ForkedBooter.run(ForkedBooter.java:507)
	at org.apache.maven.surefire.booter.ForkedBooter.main(ForkedBooter.java:495)
09:34:41.075 [main] DEBUG org.eclipse.jetty.util.component.ContainerLifeCycle -- ServerConnector@5ad5be4a{HTTP/1.1, (http/1.1)}{0.0.0.0:51080} added {sun.nio.ch.ServerSocketChannelImpl[/[0:0:0:0:0:0:0:0]:51080],POJO}
09:34:41.075 [main] DEBUG org.eclipse.jetty.server.handler.AbstractHandler -- starting Server@4d18b73a{STARTING}[11.0.20,sto=0]
09:34:41.075 [main] DEBUG org.eclipse.jetty.util.component.AbstractLifeCycle -- STARTING QueuedThreadPool[JettyServerThreadPool]@77865933{STOPPED,8<=0<=250,i=0,r=-1,t=-62127878ms,q=0}[NO_TRY]
09:34:41.075 [main] DEBUG org.eclipse.jetty.util.thread.ReservedThreadExecutor -- ReservedThreadExecutor@3af7d855{reserved=0/12,pending=0}
09:34:41.075 [main] DEBUG org.eclipse.jetty.util.component.ContainerLifeCycle -- QueuedThreadPool[JettyServerThreadPool]@77865933{STARTING,8<=0<=250,i=0,r=-1,t=-62127878ms,q=0}[ReservedThreadExecutor@3af7d855{reserved=0/12,pending=0}] added {ReservedThreadExecutor@3af7d855{reserved=0/12,pending=0},AUTO}
09:34:41.075 [main] DEBUG org.eclipse.jetty.util.component.AbstractLifeCycle -- STARTING ReservedThreadExecutor@3af7d855{reserved=0/12,pending=0}
09:34:41.075 [main] DEBUG org.eclipse.jetty.util.component.AbstractLifeCycle -- STARTED @5722ms ReservedThreadExecutor@3af7d855{reserved=0/12,pending=0}
09:34:41.075 [main] DEBUG org.eclipse.jetty.util.thread.QueuedThreadPool -- Starting Thread[#53,JettyServerThreadPool-53,5,main]
09:34:41.075 [JettyServerThreadPool-53] DEBUG org.eclipse.jetty.util.thread.QueuedThreadPool -- Runner started for QueuedThreadPool[JettyServerThreadPool]@77865933{STARTING,8<=2<=250,i=2,r=-1,t=59999ms,q=0}[ReservedThreadExecutor@3af7d855{reserved=0/12,pending=0}]
09:34:41.075 [main] DEBUG org.eclipse.jetty.util.thread.QueuedThreadPool -- Starting Thread[#54,JettyServerThreadPool-54,5,main]
09:34:41.079 [main] DEBUG org.eclipse.jetty.util.thread.QueuedThreadPool -- Starting Thread[#55,JettyServerThreadPool-55,5,main]
09:34:41.079 [JettyServerThreadPool-54] DEBUG org.eclipse.jetty.util.thread.QueuedThreadPool -- Runner started for QueuedThreadPool[JettyServerThreadPool]@77865933{STARTING,8<=3<=250,i=3,r=-1,t=59999ms,q=0}[ReservedThreadExecutor@3af7d855{reserved=0/12,pending=0}]
09:34:41.079 [main] DEBUG org.eclipse.jetty.util.thread.QueuedThreadPool -- Starting Thread[#56,JettyServerThreadPool-56,5,main]
09:34:41.079 [main] DEBUG org.eclipse.jetty.util.thread.QueuedThreadPool -- Starting Thread[#57,JettyServerThreadPool-57,5,main]
09:34:41.079 [JettyServerThreadPool-55] DEBUG org.eclipse.jetty.util.thread.QueuedThreadPool -- Runner started for QueuedThreadPool[JettyServerThreadPool]@77865933{STARTING,8<=6<=250,i=6,r=-1,t=59999ms,q=0}[ReservedThreadExecutor@3af7d855{reserved=0/12,pending=0}]
09:34:41.079 [main] DEBUG org.eclipse.jetty.util.thread.QueuedThreadPool -- Starting Thread[#58,JettyServerThreadPool-58,5,main]
09:34:41.079 [JettyServerThreadPool-56] DEBUG org.eclipse.jetty.util.thread.QueuedThreadPool -- Runner started for QueuedThreadPool[JettyServerThreadPool]@77865933{STARTING,8<=6<=250,i=6,r=-1,t=59999ms,q=0}[ReservedThreadExecutor@3af7d855{reserved=0/12,pending=0}]
09:34:41.079 [JettyServerThreadPool-57] DEBUG org.eclipse.jetty.util.thread.QueuedThreadPool -- Runner started for QueuedThreadPool[JettyServerThreadPool]@77865933{STARTING,8<=7<=250,i=7,r=-1,t=59999ms,q=0}[ReservedThreadExecutor@3af7d855{reserved=0/12,pending=0}]
09:34:41.079 [main] DEBUG org.eclipse.jetty.util.thread.QueuedThreadPool -- Starting Thread[#59,JettyServerThreadPool-59,5,main]
09:34:41.079 [main] DEBUG org.eclipse.jetty.util.thread.QueuedThreadPool -- Starting Thread[#60,JettyServerThreadPool-60,5,main]
09:34:41.079 [main] DEBUG org.eclipse.jetty.util.component.AbstractLifeCycle -- STARTED @5726ms QueuedThreadPool[JettyServerThreadPool]@77865933{STARTED,8<=8<=250,i=8,r=-1,t=59999ms,q=0}[ReservedThreadExecutor@3af7d855{reserved=0/12,pending=0}]
09:34:41.079 [main] DEBUG org.eclipse.jetty.util.component.AbstractLifeCycle -- STARTING AttributeContainerMap@177515d1{size=1}
09:34:41.079 [main] DEBUG org.eclipse.jetty.util.component.AbstractLifeCycle -- STARTED @5726ms AttributeContainerMap@177515d1{size=1}
09:34:41.079 [main] DEBUG org.eclipse.jetty.util.component.AbstractLifeCycle -- STARTING LowResourceMonitor@52ff99cd{STOPPED}
09:34:41.079 [main] DEBUG org.eclipse.jetty.util.component.AbstractLifeCycle -- STARTING LRMScheduler@cda6019{STOPPED}
09:34:41.079 [main] DEBUG org.eclipse.jetty.util.component.AbstractLifeCycle -- STARTED @5726ms LRMScheduler@cda6019{STARTED}
09:34:41.079 [JettyServerThreadPool-58] DEBUG org.eclipse.jetty.util.thread.QueuedThreadPool -- Runner started for QueuedThreadPool[JettyServerThreadPool]@77865933{STARTED,8<=8<=250,i=8,r=-1,t=59999ms,q=0}[ReservedThreadExecutor@3af7d855{reserved=0/12,pending=0}]
09:34:41.079 [main] DEBUG org.eclipse.jetty.util.component.AbstractLifeCycle -- STARTED @5727ms LowResourceMonitor@52ff99cd{STARTED}
09:34:41.079 [main] DEBUG org.eclipse.jetty.util.component.AbstractLifeCycle -- STARTING StatisticsHandler@4c2af006{STOPPED,r=0,d=0}
09:34:41.079 [main] DEBUG org.eclipse.jetty.server.handler.AbstractHandler -- starting StatisticsHandler@4c2af006{STARTING,r=0,d=0}
09:34:41.079 [main] DEBUG org.eclipse.jetty.util.component.AbstractLifeCycle -- STARTING o.e.j.s.ServletContextHandler@44032fde{/,null,STOPPED}
09:34:41.079 [main] DEBUG org.eclipse.jetty.util.DecoratedObjectFactory -- Adding Decorator: org.eclipse.jetty.util.DeprecationWarning@1cf0cacc
09:34:41.079 [JettyServerThreadPool-60] DEBUG org.eclipse.jetty.util.thread.QueuedThreadPool -- Runner started for QueuedThreadPool[JettyServerThreadPool]@77865933{STARTED,8<=8<=250,i=8,r=-1,t=59999ms,q=0}[ReservedThreadExecutor@3af7d855{reserved=0/12,pending=0}]
09:34:41.079 [JettyServerThreadPool-59] DEBUG org.eclipse.jetty.util.thread.QueuedThreadPool -- Runner started for QueuedThreadPool[JettyServerThreadPool]@77865933{STARTED,8<=8<=250,i=8,r=-1,t=59999ms,q=0}[ReservedThreadExecutor@3af7d855{reserved=0/12,pending=0}]
09:34:41.079 [main] DEBUG org.eclipse.jetty.util.component.AbstractLifeCycle -- STARTING ServletContainerInitializerStarter@4e49ce2b{STOPPED}
09:34:41.079 [main] DEBUG org.eclipse.jetty.servlet.ServletContextHandler -- Starting SCIs
09:34:41.079 [main] DEBUG org.eclipse.jetty.util.component.AbstractLifeCycle -- STARTING ContainerInitializer{org.eclipse.jetty.websocket.server.config.JettyWebSocketServletContainerInitializer,interested=[],applicable=[],annotated=[]}
09:34:41.079 [main] DEBUG org.eclipse.jetty.util.component.AbstractLifeCycle -- STARTING InflaterPool@4f5b08d{STOPPED,size=-1,capacity=250}
09:34:41.079 [main] DEBUG org.eclipse.jetty.util.component.ContainerLifeCycle -- InflaterPool@4f5b08d{STARTING,size=0,capacity=250} added {Pool@529c2a9a[inUse=0,size=0,max=250,closed=false],POJO}
09:34:41.079 [main] DEBUG org.eclipse.jetty.util.component.AbstractLifeCycle -- STARTED @5727ms InflaterPool@4f5b08d{STARTED,size=0,capacity=250}
09:34:41.079 [main] DEBUG org.eclipse.jetty.util.component.ContainerLifeCycle -- Server@4d18b73a{STARTING}[11.0.20,sto=0] added {InflaterPool@4f5b08d{STARTED,size=0,capacity=250},MANAGED}
09:34:41.079 [main] DEBUG org.eclipse.jetty.util.component.AbstractLifeCycle -- STARTING DeflaterPool@3c87fdf2{STOPPED,size=-1,capacity=250}
09:34:41.079 [main] DEBUG org.eclipse.jetty.util.component.ContainerLifeCycle -- DeflaterPool@3c87fdf2{STARTING,size=0,capacity=250} added {Pool@26bbe604[inUse=0,size=0,max=250,closed=false],POJO}
09:34:41.079 [main] DEBUG org.eclipse.jetty.util.component.AbstractLifeCycle -- STARTED @5727ms DeflaterPool@3c87fdf2{STARTED,size=0,capacity=250}
09:34:41.079 [main] DEBUG org.eclipse.jetty.util.component.ContainerLifeCycle -- Server@4d18b73a{STARTING}[11.0.20,sto=0] added {DeflaterPool@3c87fdf2{STARTED,size=0,capacity=250},MANAGED}
09:34:41.079 [main] DEBUG org.eclipse.jetty.util.component.ContainerLifeCycle -- WebSocketServerComponents@2c8c16c0{STOPPED} added {InflaterPool@4f5b08d{STARTED,size=0,capacity=250},UNMANAGED}
09:34:41.079 [main] DEBUG org.eclipse.jetty.util.component.ContainerLifeCycle -- WebSocketServerComponents@2c8c16c0{STOPPED} added {DeflaterPool@3c87fdf2{STARTED,size=0,capacity=250},UNMANAGED}
09:34:41.079 [main] DEBUG org.eclipse.jetty.util.component.ContainerLifeCycle -- WebSocketServerComponents@2c8c16c0{STOPPED} added {LogarithmicArrayByteBufferPool@737d100a{minBufferCapacity=0, maxBufferCapacity=65536, maxQueueLength=-1, factor=4096},POJO}
09:34:41.079 [main] DEBUG org.eclipse.jetty.util.component.ContainerLifeCycle -- WebSocketServerComponents@2c8c16c0{STOPPED} added {org.eclipse.jetty.websocket.core.WebSocketExtensionRegistry@80bfa9d,POJO}
09:34:41.079 [main] DEBUG org.eclipse.jetty.util.component.ContainerLifeCycle -- WebSocketServerComponents@2c8c16c0{STOPPED} added {org.eclipse.jetty.util.DecoratedObjectFactory[decorators=1],POJO}
09:34:41.079 [main] DEBUG org.eclipse.jetty.util.component.ContainerLifeCycle -- WebSocketServerComponents@2c8c16c0{STOPPED} added {QueuedThreadPool[JettyServerThreadPool]@77865933{STARTED,8<=8<=250,i=8,r=-1,t=59997ms,q=0}[ReservedThreadExecutor@3af7d855{reserved=0/12,pending=0}],UNMANAGED}
09:34:41.079 [main] DEBUG org.eclipse.jetty.util.component.ContainerLifeCycle -- o.e.j.s.ServletContextHandler@44032fde{/,null,STARTING} added {WebSocketServerComponents@2c8c16c0{STOPPED},MANAGED}
09:34:41.079 [main] DEBUG org.eclipse.jetty.util.component.AbstractLifeCycle -- STARTING WebSocketServerComponents@2c8c16c0{STOPPED}
09:34:41.079 [main] DEBUG org.eclipse.jetty.util.component.AbstractLifeCycle -- STARTED @5729ms WebSocketServerComponents@2c8c16c0{STARTED}
09:34:41.079 [main] DEBUG org.eclipse.jetty.util.component.ContainerLifeCycle -- o.e.j.s.ServletContextHandler@44032fde{/,null,STARTING} added {WebSocketServerComponentsCleanupListener,POJO}
09:34:41.079 [main] DEBUG org.eclipse.jetty.util.component.ContainerLifeCycle -- JettyWebSocketServerContainer@4b039c6d{STOPPED} added {JettyServerFrameHandlerFactory@7f5b9db{STOPPED},AUTO}
09:34:41.079 [main] DEBUG org.eclipse.jetty.util.component.ContainerLifeCycle -- JettyWebSocketServerContainer@4b039c6d{STOPPED} added {SessionTracker@507d64aa{STOPPED},AUTO}
09:34:41.079 [main] DEBUG org.eclipse.jetty.util.component.ContainerLifeCycle -- o.e.j.s.ServletContextHandler@44032fde{/,null,STARTING} added {JettyWebSocketServerContainer@4b039c6d{STOPPED},MANAGED}
09:34:41.079 [main] DEBUG org.eclipse.jetty.util.component.AbstractLifeCycle -- STARTING JettyWebSocketServerContainer@4b039c6d{STOPPED}
09:34:41.085 [main] DEBUG org.eclipse.jetty.util.component.AbstractLifeCycle -- STARTING JettyServerFrameHandlerFactory@7f5b9db{STOPPED}
09:34:41.085 [main] DEBUG org.eclipse.jetty.util.component.AbstractLifeCycle -- STARTED @5729ms JettyServerFrameHandlerFactory@7f5b9db{STARTED}
09:34:41.085 [main] DEBUG org.eclipse.jetty.util.component.AbstractLifeCycle -- STARTING SessionTracker@507d64aa{STOPPED}
09:34:41.085 [main] DEBUG org.eclipse.jetty.util.component.AbstractLifeCycle -- STARTED @5730ms SessionTracker@507d64aa{STARTED}
09:34:41.085 [main] DEBUG org.eclipse.jetty.util.component.AbstractLifeCycle -- STARTED @5730ms JettyWebSocketServerContainer@4b039c6d{STARTED}
09:34:41.085 [main] DEBUG org.eclipse.jetty.util.component.ContainerLifeCycle -- o.e.j.s.ServletContextHandler@44032fde{/,null,STARTING} added {JettyWebSocketServerContainerCleanupListener,POJO}
09:34:41.085 [main] DEBUG org.eclipse.jetty.websocket.server.config.JettyWebSocketServletContainerInitializer -- initialize JettyWebSocketServerContainer@4b039c6d{STARTED} WebSocketServerComponents@2c8c16c0{STARTED}
09:34:41.085 [main] DEBUG org.eclipse.jetty.websocket.server.config.JettyWebSocketServletContainerInitializer -- onStartup JettyWebSocketServerContainer@4b039c6d{STARTED}
09:34:41.085 [main] DEBUG org.eclipse.jetty.servlet.ServletContainerInitializerHolder -- ServletContainerInitializer org.eclipse.jetty.websocket.server.config.JettyWebSocketServletContainerInitializer called in 2ms
09:34:41.085 [main] DEBUG org.eclipse.jetty.util.component.AbstractLifeCycle -- STARTED @5730ms ContainerInitializer{org.eclipse.jetty.websocket.server.config.JettyWebSocketServletContainerInitializer,interested=[],applicable=[],annotated=[]}
09:34:41.085 [main] DEBUG org.eclipse.jetty.util.component.AbstractLifeCycle -- STARTED @5730ms ServletContainerInitializerStarter@4e49ce2b{STARTED}
09:34:41.085 [main] DEBUG org.eclipse.jetty.server.handler.AbstractHandler -- starting o.e.j.s.ServletContextHandler@44032fde{/,null,STARTING}
09:34:41.085 [main] DEBUG org.eclipse.jetty.util.component.AbstractLifeCycle -- STARTING org.eclipse.jetty.server.session.SessionHandler1130153977==dftMaxIdleSec=-1
09:34:41.085 [main] DEBUG org.eclipse.jetty.util.component.ContainerLifeCycle -- org.eclipse.jetty.server.session.SessionHandler1130153977==dftMaxIdleSec=-1 added {org.eclipse.jetty.server.session.DefaultSessionCache@60b34931[evict=-1,removeUnloadable=false,saveOnCreate=false,saveOnInactiveEvict=false],AUTO}
09:34:41.085 [main] DEBUG org.eclipse.jetty.util.component.ContainerLifeCycle -- org.eclipse.jetty.server.session.DefaultSessionCache@60b34931[evict=-1,removeUnloadable=false,saveOnCreate=false,saveOnInactiveEvict=false] added {org.eclipse.jetty.server.session.NullSessionDataStore@4aa21f9d[passivating=false,graceSec=3600],AUTO}
09:34:41.085 [main] DEBUG org.eclipse.jetty.util.component.AbstractLifeCycle -- STARTING DefaultSessionIdManager@71c17a57{STOPPED}[worker=null]
09:34:41.085 [main] DEBUG org.eclipse.jetty.util.component.ContainerLifeCycle -- DefaultSessionIdManager@71c17a57{STARTING}[worker=node0] added {HouseKeeper@640ab13c{STOPPED}[interval=600000, ownscheduler=false],MANAGED}
09:34:41.085 [main] INFO org.eclipse.jetty.server.session.DefaultSessionIdManager -- Session workerName=node0
09:34:41.085 [main] DEBUG org.eclipse.jetty.util.component.AbstractLifeCycle -- STARTING HouseKeeper@640ab13c{STOPPED}[interval=600000, ownscheduler=false]
09:34:41.085 [main] DEBUG org.eclipse.jetty.util.component.AbstractLifeCycle -- STARTING ScheduledExecutorScheduler@1e0a864d{STOPPED}
09:34:41.085 [main] DEBUG org.eclipse.jetty.util.component.AbstractLifeCycle -- STARTED @5730ms ScheduledExecutorScheduler@1e0a864d{STARTED}
09:34:41.085 [main] DEBUG org.eclipse.jetty.server.session.HouseKeeper -- node0 using own scheduler for scavenging
09:34:41.085 [main] DEBUG org.eclipse.jetty.server.session.HouseKeeper -- node0 scavenging every 600000ms
09:34:41.085 [main] DEBUG org.eclipse.jetty.util.component.AbstractLifeCycle -- STARTED @5731ms HouseKeeper@640ab13c{STARTED}[interval=600000, ownscheduler=true]
09:34:41.085 [main] DEBUG org.eclipse.jetty.util.component.AbstractLifeCycle -- STARTED @5731ms DefaultSessionIdManager@71c17a57{STARTED}[worker=node0]
09:34:41.085 [main] DEBUG org.eclipse.jetty.util.component.ContainerLifeCycle -- Server@4d18b73a{STARTING}[11.0.20,sto=0] added {DefaultSessionIdManager@71c17a57{STARTED}[worker=node0],MANAGED}
09:34:41.085 [main] DEBUG org.eclipse.jetty.util.component.ContainerLifeCycle -- org.eclipse.jetty.server.session.SessionHandler1130153977==dftMaxIdleSec=-1 added {DefaultSessionIdManager@71c17a57{STARTED}[worker=node0],UNMANAGED}
09:34:41.085 [main] DEBUG org.eclipse.jetty.util.component.AbstractLifeCycle -- STARTING ScheduledExecutorScheduler@4527f70a{STOPPED}
09:34:41.085 [main] DEBUG org.eclipse.jetty.util.component.AbstractLifeCycle -- STARTED @5731ms ScheduledExecutorScheduler@4527f70a{STARTED}
09:34:41.085 [main] DEBUG org.eclipse.jetty.server.handler.AbstractHandler -- starting org.eclipse.jetty.server.session.SessionHandler1130153977==dftMaxIdleSec=-1
09:34:41.085 [main] DEBUG org.eclipse.jetty.util.component.AbstractLifeCycle -- STARTING ServletHandler@5578be42{STOPPED}
09:34:41.085 [main] DEBUG org.eclipse.jetty.servlet.ServletHandler -- Path=/*[EMBEDDED:null] mapped to servlet=io.javalin.jetty.JavalinJettyServlet-4364712f[EMBEDDED:null]
09:34:41.085 [main] DEBUG org.eclipse.jetty.http.pathmap.ServletPathSpec -- Creating ServletPathSpec[/*] (group: PREFIX_GLOB, prefix: "", suffix: "null")
09:34:41.085 [main] DEBUG org.eclipse.jetty.http.pathmap.PathMappings -- Added MappedResource[pathSpec=ServletPathSpec@9457a78e{/*},resource=MappedServlet57435801{/*->io.javalin.jetty.JavalinJettyServlet-4364712f==io.javalin.jetty.JavalinJettyServlet@534a7579{jsp=null,order=-1,inst=false,async=true,src=EMBEDDED:null,STOPPED}}] to PathMappings[size=1]
09:34:41.085 [main] DEBUG org.eclipse.jetty.servlet.ServletHandler -- filterNameMap={} pathFilters=[] servletFilterMap={} servletPathMap=PathMappings[size=1] servletNameMap={io.javalin.jetty.JavalinJettyServlet-4364712f=MappedServlet2da66a44{null->io.javalin.jetty.JavalinJettyServlet-4364712f==io.javalin.jetty.JavalinJettyServlet@534a7579{jsp=null,order=-1,inst=false,async=true,src=EMBEDDED:null,STOPPED}}}
09:34:41.085 [main] DEBUG org.eclipse.jetty.servlet.ServletHandler -- Adding Default404Servlet to ServletHandler@5578be42{STARTING}
09:34:41.085 [main] DEBUG org.eclipse.jetty.util.component.ContainerLifeCycle -- ServletHandler@5578be42{STARTING} added {org.eclipse.jetty.servlet.ServletHandler$Default404Servlet-527fc8e==org.eclipse.jetty.servlet.ServletHandler$Default404Servlet@80c12cd0{jsp=null,order=-1,inst=false,async=true,src=EMBEDDED:null,STOPPED},AUTO}
09:34:41.085 [main] DEBUG org.eclipse.jetty.util.component.ContainerLifeCycle -- ServletHandler@5578be42{STARTING} added {[/]=>org.eclipse.jetty.servlet.ServletHandler$Default404Servlet-527fc8e,POJO}
09:34:41.085 [main] DEBUG org.eclipse.jetty.servlet.ServletHandler -- Path=/*[EMBEDDED:null] mapped to servlet=io.javalin.jetty.JavalinJettyServlet-4364712f[EMBEDDED:null]
09:34:41.085 [main] DEBUG org.eclipse.jetty.http.pathmap.ServletPathSpec -- Creating ServletPathSpec[/*] (group: PREFIX_GLOB, prefix: "", suffix: "null")
09:34:41.085 [main] DEBUG org.eclipse.jetty.http.pathmap.PathMappings -- Added MappedResource[pathSpec=ServletPathSpec@9457a78e{/*},resource=MappedServlet329bad59{/*->io.javalin.jetty.JavalinJettyServlet-4364712f==io.javalin.jetty.JavalinJettyServlet@534a7579{jsp=null,order=-1,inst=false,async=true,src=EMBEDDED:null,STOPPED}}] to PathMappings[size=1]
09:34:41.085 [main] DEBUG org.eclipse.jetty.servlet.ServletHandler -- Path=/[EMBEDDED:null] mapped to servlet=org.eclipse.jetty.servlet.ServletHandler$Default404Servlet-527fc8e[EMBEDDED:null]
09:34:41.085 [main] DEBUG org.eclipse.jetty.http.pathmap.PathMappings -- Added MappedResource[pathSpec=ServletPathSpec@9457dcb7{/},resource=MappedServlet862f408{/->org.eclipse.jetty.servlet.ServletHandler$Default404Servlet-527fc8e==org.eclipse.jetty.servlet.ServletHandler$Default404Servlet@80c12cd0{jsp=null,order=-1,inst=false,async=true,src=EMBEDDED:null,STOPPED}}] to PathMappings[size=2]
09:34:41.085 [main] DEBUG org.eclipse.jetty.servlet.ServletHandler -- filterNameMap={} pathFilters=[] servletFilterMap={} servletPathMap=PathMappings[size=2] servletNameMap={org.eclipse.jetty.servlet.ServletHandler$Default404Servlet-527fc8e=MappedServlet178f268a{null->org.eclipse.jetty.servlet.ServletHandler$Default404Servlet-527fc8e==org.eclipse.jetty.servlet.ServletHandler$Default404Servlet@80c12cd0{jsp=null,order=-1,inst=false,async=true,src=EMBEDDED:null,STOPPED}}, io.javalin.jetty.JavalinJettyServlet-4364712f=MappedServlet33ecbd6c{null->io.javalin.jetty.JavalinJettyServlet-4364712f==io.javalin.jetty.JavalinJettyServlet@534a7579{jsp=null,order=-1,inst=false,async=true,src=EMBEDDED:null,STOPPED}}}
09:34:41.085 [main] DEBUG org.eclipse.jetty.servlet.ServletHandler -- Path=/*[EMBEDDED:null] mapped to servlet=io.javalin.jetty.JavalinJettyServlet-4364712f[EMBEDDED:null]
09:34:41.085 [main] DEBUG org.eclipse.jetty.http.pathmap.ServletPathSpec -- Creating ServletPathSpec[/*] (group: PREFIX_GLOB, prefix: "", suffix: "null")
09:34:41.085 [main] DEBUG org.eclipse.jetty.http.pathmap.PathMappings -- Added MappedResource[pathSpec=ServletPathSpec@9457a78e{/*},resource=MappedServlet5c723f2d{/*->io.javalin.jetty.JavalinJettyServlet-4364712f==io.javalin.jetty.JavalinJettyServlet@534a7579{jsp=null,order=-1,inst=false,async=true,src=EMBEDDED:null,STOPPED}}] to PathMappings[size=1]
09:34:41.085 [main] DEBUG org.eclipse.jetty.servlet.ServletHandler -- Path=/[EMBEDDED:null] mapped to servlet=org.eclipse.jetty.servlet.ServletHandler$Default404Servlet-527fc8e[EMBEDDED:null]
09:34:41.085 [main] DEBUG org.eclipse.jetty.http.pathmap.PathMappings -- Added MappedResource[pathSpec=ServletPathSpec@9457dcb7{/},resource=MappedServlet432f521f{/->org.eclipse.jetty.servlet.ServletHandler$Default404Servlet-527fc8e==org.eclipse.jetty.servlet.ServletHandler$Default404Servlet@80c12cd0{jsp=null,order=-1,inst=false,async=true,src=EMBEDDED:null,STOPPED}}] to PathMappings[size=2]
09:34:41.085 [main] DEBUG org.eclipse.jetty.servlet.ServletHandler -- filterNameMap={} pathFilters=[] servletFilterMap={} servletPathMap=PathMappings[size=2] servletNameMap={org.eclipse.jetty.servlet.ServletHandler$Default404Servlet-527fc8e=MappedServlet178f268a{null->org.eclipse.jetty.servlet.ServletHandler$Default404Servlet-527fc8e==org.eclipse.jetty.servlet.ServletHandler$Default404Servlet@80c12cd0{jsp=null,order=-1,inst=false,async=true,src=EMBEDDED:null,STOPPED}}, io.javalin.jetty.JavalinJettyServlet-4364712f=MappedServlet33ecbd6c{null->io.javalin.jetty.JavalinJettyServlet-4364712f==io.javalin.jetty.JavalinJettyServlet@534a7579{jsp=null,order=-1,inst=false,async=true,src=EMBEDDED:null,STOPPED}}}
09:34:41.085 [main] DEBUG org.eclipse.jetty.server.handler.AbstractHandler -- starting ServletHandler@5578be42{STARTING}
09:34:41.085 [main] DEBUG org.eclipse.jetty.util.component.AbstractLifeCycle -- STARTED @5732ms ServletHandler@5578be42{STARTED}
09:34:41.085 [main] DEBUG org.eclipse.jetty.util.component.AbstractLifeCycle -- STARTING org.eclipse.jetty.server.session.DefaultSessionCache@60b34931[evict=-1,removeUnloadable=false,saveOnCreate=false,saveOnInactiveEvict=false]
09:34:41.085 [main] DEBUG org.eclipse.jetty.util.component.AbstractLifeCycle -- STARTING org.eclipse.jetty.server.session.NullSessionDataStore@4aa21f9d[passivating=false,graceSec=3600]
09:34:41.085 [main] DEBUG org.eclipse.jetty.util.component.AbstractLifeCycle -- STARTED @5732ms org.eclipse.jetty.server.session.NullSessionDataStore@4aa21f9d[passivating=false,graceSec=3600]
09:34:41.085 [main] DEBUG org.eclipse.jetty.util.component.AbstractLifeCycle -- STARTED @5732ms org.eclipse.jetty.server.session.DefaultSessionCache@60b34931[evict=-1,removeUnloadable=false,saveOnCreate=false,saveOnInactiveEvict=false]
09:34:41.085 [main] DEBUG org.eclipse.jetty.util.component.AbstractLifeCycle -- STARTED @5732ms org.eclipse.jetty.server.session.SessionHandler1130153977==dftMaxIdleSec=-1
09:34:41.085 [main] DEBUG org.eclipse.jetty.util.component.AbstractLifeCycle -- STARTING io.javalin.jetty.JavalinJettyServlet-4364712f==io.javalin.jetty.JavalinJettyServlet@534a7579{jsp=null,order=-1,inst=false,async=true,src=EMBEDDED:null,STOPPED}
09:34:41.085 [main] DEBUG org.eclipse.jetty.util.component.AbstractLifeCycle -- STARTED @5733ms io.javalin.jetty.JavalinJettyServlet-4364712f==io.javalin.jetty.JavalinJettyServlet@534a7579{jsp=null,order=-1,inst=false,async=true,src=EMBEDDED:null,STARTED}
09:34:41.085 [main] DEBUG org.eclipse.jetty.servlet.ServletHolder -- Servlet.init null for io.javalin.jetty.JavalinJettyServlet-4364712f
09:34:41.085 [main] DEBUG org.eclipse.jetty.http.pathmap.PathMappings -- Added MappedResource[pathSpec=ServletPathSpec@9457dcb7{/},resource=CreatorNegotiator@2d7a9786{org.eclipse.jetty.websocket.server.JettyWebSocketServlet$WrappedJettyCreator@7bab5898,JettyServerFrameHandlerFactory@7f5b9db{STARTED}}] to PathMappings[size=1]
09:34:41.085 [main] DEBUG org.eclipse.jetty.util.component.AbstractLifeCycle -- STARTING org.eclipse.jetty.servlet.ServletHandler$Default404Servlet-527fc8e==org.eclipse.jetty.servlet.ServletHandler$Default404Servlet@80c12cd0{jsp=null,order=-1,inst=false,async=true,src=EMBEDDED:null,STOPPED}
09:34:41.085 [main] DEBUG org.eclipse.jetty.util.component.AbstractLifeCycle -- STARTED @5733ms org.eclipse.jetty.servlet.ServletHandler$Default404Servlet-527fc8e==org.eclipse.jetty.servlet.ServletHandler$Default404Servlet@80c12cd0{jsp=null,order=-1,inst=false,async=true,src=EMBEDDED:null,STARTED}
09:34:41.085 [main] INFO org.eclipse.jetty.server.handler.ContextHandler -- Started o.e.j.s.ServletContextHandler@44032fde{/,null,AVAILABLE}
09:34:41.085 [main] DEBUG org.eclipse.jetty.util.component.AbstractLifeCycle -- STARTED @5733ms o.e.j.s.ServletContextHandler@44032fde{/,null,AVAILABLE}
09:34:41.085 [main] DEBUG org.eclipse.jetty.util.component.AbstractLifeCycle -- STARTED @5733ms StatisticsHandler@4c2af006{STARTED,r=0,d=0}
09:34:41.085 [main] DEBUG org.eclipse.jetty.util.component.AbstractLifeCycle -- STARTING ErrorHandler@1d1cbd0f{STOPPED}
09:34:41.085 [main] DEBUG org.eclipse.jetty.server.handler.AbstractHandler -- starting ErrorHandler@1d1cbd0f{STARTING}
09:34:41.085 [main] DEBUG org.eclipse.jetty.util.component.AbstractLifeCycle -- STARTED @5733ms ErrorHandler@1d1cbd0f{STARTED}
09:34:41.085 [main] DEBUG org.eclipse.jetty.util.component.AbstractLifeCycle -- STARTING ServerConnector@5ad5be4a{HTTP/1.1, (http/1.1)}{0.0.0.0:51080}
09:34:41.085 [main] DEBUG org.eclipse.jetty.util.component.AbstractLifeCycle -- STARTING ScheduledExecutorScheduler@3ad85136{STOPPED}
09:34:41.085 [main] DEBUG org.eclipse.jetty.util.component.AbstractLifeCycle -- STARTED @5734ms ScheduledExecutorScheduler@3ad85136{STARTED}
09:34:41.085 [main] DEBUG org.eclipse.jetty.util.component.AbstractLifeCycle -- STARTING HttpConnectionFactory@1b7a52dd[HTTP/1.1]
09:34:41.085 [main] DEBUG org.eclipse.jetty.util.component.AbstractLifeCycle -- STARTED @5734ms HttpConnectionFactory@1b7a52dd[HTTP/1.1]
09:34:41.085 [main] DEBUG org.eclipse.jetty.util.component.AbstractLifeCycle -- STARTING SelectorManager@ServerConnector@5ad5be4a{HTTP/1.1, (http/1.1)}{0.0.0.0:51080}
09:34:41.085 [main] DEBUG org.eclipse.jetty.util.component.ContainerLifeCycle -- AdaptiveExecutionStrategy@d7109be/SelectorProducer@5e0ec41f/IDLE/p=false/QueuedThreadPool[JettyServerThreadPool]@77865933{STARTED,8<=8<=250,i=8,r=-1,t=59992ms,q=0}[ReservedThreadExecutor@3af7d855{reserved=0/12,pending=0}][pc=0,pic=0,pec=0,epc=0]@2025-09-02T09:34:41.0851857-03:00 added {SelectorProducer@5e0ec41f,POJO}
09:34:41.085 [main] DEBUG org.eclipse.jetty.util.component.ContainerLifeCycle -- AdaptiveExecutionStrategy@d7109be/SelectorProducer@5e0ec41f/IDLE/p=false/QueuedThreadPool[JettyServerThreadPool]@77865933{STARTED,8<=8<=250,i=8,r=-1,t=59992ms,q=0}[ReservedThreadExecutor@3af7d855{reserved=0/12,pending=0}][pc=0,pic=0,pec=0,epc=0]@2025-09-02T09:34:41.0851857-03:00 added {QueuedThreadPool[JettyServerThreadPool]@77865933{STARTED,8<=8<=250,i=8,r=-1,t=59992ms,q=0}[ReservedThreadExecutor@3af7d855{reserved=0/12,pending=0}],UNMANAGED}
09:34:41.085 [main] DEBUG org.eclipse.jetty.util.thread.strategy.AdaptiveExecutionStrategy -- AdaptiveExecutionStrategy@d7109be/SelectorProducer@5e0ec41f/IDLE/p=false/QueuedThreadPool[JettyServerThreadPool]@77865933{STARTED,8<=8<=250,i=8,r=-1,t=59992ms,q=0}[ReservedThreadExecutor@3af7d855{reserved=0/12,pending=0}][pc=0,pic=0,pec=0,epc=0]@2025-09-02T09:34:41.0851857-03:00 created
09:34:41.085 [main] DEBUG org.eclipse.jetty.util.component.ContainerLifeCycle -- ManagedSelector@f4a3a8d{STOPPED} id=0 keys=-1 selected=-1 updates=0 added {AdaptiveExecutionStrategy@d7109be/SelectorProducer@5e0ec41f/IDLE/p=false/QueuedThreadPool[JettyServerThreadPool]@77865933{STARTED,8<=8<=250,i=8,r=-1,t=59992ms,q=0}[ReservedThreadExecutor@3af7d855{reserved=0/12,pending=0}][pc=0,pic=0,pec=0,epc=0]@2025-09-02T09:34:41.0851857-03:00,MANAGED}
09:34:41.085 [main] DEBUG org.eclipse.jetty.util.component.ContainerLifeCycle -- SelectorManager@ServerConnector@5ad5be4a{HTTP/1.1, (http/1.1)}{0.0.0.0:51080} added {ManagedSelector@f4a3a8d{STOPPED} id=0 keys=-1 selected=-1 updates=0,AUTO}
09:34:41.085 [main] DEBUG org.eclipse.jetty.util.component.ContainerLifeCycle -- AdaptiveExecutionStrategy@8d8f754/SelectorProducer@d613308/IDLE/p=false/QueuedThreadPool[JettyServerThreadPool]@77865933{STARTED,8<=8<=250,i=8,r=-1,t=59992ms,q=0}[ReservedThreadExecutor@3af7d855{reserved=0/12,pending=0}][pc=0,pic=0,pec=0,epc=0]@2025-09-02T09:34:41.0851857-03:00 added {SelectorProducer@d613308,POJO}
09:34:41.085 [main] DEBUG org.eclipse.jetty.util.component.ContainerLifeCycle -- AdaptiveExecutionStrategy@8d8f754/SelectorProducer@d613308/IDLE/p=false/QueuedThreadPool[JettyServerThreadPool]@77865933{STARTED,8<=8<=250,i=8,r=-1,t=59991ms,q=0}[ReservedThreadExecutor@3af7d855{reserved=0/12,pending=0}][pc=0,pic=0,pec=0,epc=0]@2025-09-02T09:34:41.0851857-03:00 added {QueuedThreadPool[JettyServerThreadPool]@77865933{STARTED,8<=8<=250,i=8,r=-1,t=59991ms,q=0}[ReservedThreadExecutor@3af7d855{reserved=0/12,pending=0}],UNMANAGED}
09:34:41.085 [main] DEBUG org.eclipse.jetty.util.thread.strategy.AdaptiveExecutionStrategy -- AdaptiveExecutionStrategy@8d8f754/SelectorProducer@d613308/IDLE/p=false/QueuedThreadPool[JettyServerThreadPool]@77865933{STARTED,8<=8<=250,i=8,r=-1,t=59991ms,q=0}[ReservedThreadExecutor@3af7d855{reserved=0/12,pending=0}][pc=0,pic=0,pec=0,epc=0]@2025-09-02T09:34:41.0851857-03:00 created
09:34:41.085 [main] DEBUG org.eclipse.jetty.util.component.ContainerLifeCycle -- ManagedSelector@25673087{STOPPED} id=1 keys=-1 selected=-1 updates=0 added {AdaptiveExecutionStrategy@8d8f754/SelectorProducer@d613308/IDLE/p=false/QueuedThreadPool[JettyServerThreadPool]@77865933{STARTED,8<=8<=250,i=8,r=-1,t=59991ms,q=0}[ReservedThreadExecutor@3af7d855{reserved=0/12,pending=0}][pc=0,pic=0,pec=0,epc=0]@2025-09-02T09:34:41.0851857-03:00,MANAGED}
09:34:41.085 [main] DEBUG org.eclipse.jetty.util.component.ContainerLifeCycle -- SelectorManager@ServerConnector@5ad5be4a{HTTP/1.1, (http/1.1)}{0.0.0.0:51080} added {ManagedSelector@25673087{STOPPED} id=1 keys=-1 selected=-1 updates=0,AUTO}
09:34:41.085 [main] DEBUG org.eclipse.jetty.util.component.ContainerLifeCycle -- AdaptiveExecutionStrategy@7b27e8f4/SelectorProducer@348ad293/IDLE/p=false/QueuedThreadPool[JettyServerThreadPool]@77865933{STARTED,8<=8<=250,i=8,r=-1,t=59991ms,q=0}[ReservedThreadExecutor@3af7d855{reserved=0/12,pending=0}][pc=0,pic=0,pec=0,epc=0]@2025-09-02T09:34:41.0851857-03:00 added {SelectorProducer@348ad293,POJO}
09:34:41.085 [main] DEBUG org.eclipse.jetty.util.component.ContainerLifeCycle -- AdaptiveExecutionStrategy@7b27e8f4/SelectorProducer@348ad293/IDLE/p=false/QueuedThreadPool[JettyServerThreadPool]@77865933{STARTED,8<=8<=250,i=8,r=-1,t=59991ms,q=0}[ReservedThreadExecutor@3af7d855{reserved=0/12,pending=0}][pc=0,pic=0,pec=0,epc=0]@2025-09-02T09:34:41.0851857-03:00 added {QueuedThreadPool[JettyServerThreadPool]@77865933{STARTED,8<=8<=250,i=8,r=-1,t=59991ms,q=0}[ReservedThreadExecutor@3af7d855{reserved=0/12,pending=0}],UNMANAGED}
09:34:41.085 [main] DEBUG org.eclipse.jetty.util.thread.strategy.AdaptiveExecutionStrategy -- AdaptiveExecutionStrategy@7b27e8f4/SelectorProducer@348ad293/IDLE/p=false/QueuedThreadPool[JettyServerThreadPool]@77865933{STARTED,8<=8<=250,i=8,r=-1,t=59991ms,q=0}[ReservedThreadExecutor@3af7d855{reserved=0/12,pending=0}][pc=0,pic=0,pec=0,epc=0]@2025-09-02T09:34:41.0851857-03:00 created
09:34:41.085 [main] DEBUG org.eclipse.jetty.util.component.ContainerLifeCycle -- ManagedSelector@30f74e79{STOPPED} id=2 keys=-1 selected=-1 updates=0 added {AdaptiveExecutionStrategy@7b27e8f4/SelectorProducer@348ad293/IDLE/p=false/QueuedThreadPool[JettyServerThreadPool]@77865933{STARTED,8<=8<=250,i=8,r=-1,t=59991ms,q=0}[ReservedThreadExecutor@3af7d855{reserved=0/12,pending=0}][pc=0,pic=0,pec=0,epc=0]@2025-09-02T09:34:41.0851857-03:00,MANAGED}
09:34:41.085 [main] DEBUG org.eclipse.jetty.util.component.ContainerLifeCycle -- SelectorManager@ServerConnector@5ad5be4a{HTTP/1.1, (http/1.1)}{0.0.0.0:51080} added {ManagedSelector@30f74e79{STOPPED} id=2 keys=-1 selected=-1 updates=0,AUTO}
09:34:41.085 [main] DEBUG org.eclipse.jetty.util.component.ContainerLifeCycle -- AdaptiveExecutionStrategy@2c88a3e8/SelectorProducer@68ac9ec5/IDLE/p=false/QueuedThreadPool[JettyServerThreadPool]@77865933{STARTED,8<=8<=250,i=8,r=-1,t=59991ms,q=0}[ReservedThreadExecutor@3af7d855{reserved=0/12,pending=0}][pc=0,pic=0,pec=0,epc=0]@2025-09-02T09:34:41.0851857-03:00 added {SelectorProducer@68ac9ec5,POJO}
09:34:41.085 [main] DEBUG org.eclipse.jetty.util.component.ContainerLifeCycle -- AdaptiveExecutionStrategy@2c88a3e8/SelectorProducer@68ac9ec5/IDLE/p=false/QueuedThreadPool[JettyServerThreadPool]@77865933{STARTED,8<=8<=250,i=8,r=-1,t=59991ms,q=0}[ReservedThreadExecutor@3af7d855{reserved=0/12,pending=0}][pc=0,pic=0,pec=0,epc=0]@2025-09-02T09:34:41.0851857-03:00 added {QueuedThreadPool[JettyServerThreadPool]@77865933{STARTED,8<=8<=250,i=8,r=-1,t=59991ms,q=0}[ReservedThreadExecutor@3af7d855{reserved=0/12,pending=0}],UNMANAGED}
09:34:41.085 [main] DEBUG org.eclipse.jetty.util.thread.strategy.AdaptiveExecutionStrategy -- AdaptiveExecutionStrategy@2c88a3e8/SelectorProducer@68ac9ec5/IDLE/p=false/QueuedThreadPool[JettyServerThreadPool]@77865933{STARTED,8<=8<=250,i=8,r=-1,t=59991ms,q=0}[ReservedThreadExecutor@3af7d855{reserved=0/12,pending=0}][pc=0,pic=0,pec=0,epc=0]@2025-09-02T09:34:41.0851857-03:00 created
09:34:41.085 [main] DEBUG org.eclipse.jetty.util.component.ContainerLifeCycle -- ManagedSelector@a50d709{STOPPED} id=3 keys=-1 selected=-1 updates=0 added {AdaptiveExecutionStrategy@2c88a3e8/SelectorProducer@68ac9ec5/IDLE/p=false/QueuedThreadPool[JettyServerThreadPool]@77865933{STARTED,8<=8<=250,i=8,r=-1,t=59991ms,q=0}[ReservedThreadExecutor@3af7d855{reserved=0/12,pending=0}][pc=0,pic=0,pec=0,epc=0]@2025-09-02T09:34:41.0851857-03:00,MANAGED}
09:34:41.085 [main] DEBUG org.eclipse.jetty.util.component.ContainerLifeCycle -- SelectorManager@ServerConnector@5ad5be4a{HTTP/1.1, (http/1.1)}{0.0.0.0:51080} added {ManagedSelector@a50d709{STOPPED} id=3 keys=-1 selected=-1 updates=0,AUTO}
09:34:41.085 [main] DEBUG org.eclipse.jetty.util.component.ContainerLifeCycle -- AdaptiveExecutionStrategy@5ed4bc/SelectorProducer@6920b0bc/IDLE/p=false/QueuedThreadPool[JettyServerThreadPool]@77865933{STARTED,8<=8<=250,i=8,r=-1,t=59990ms,q=0}[ReservedThreadExecutor@3af7d855{reserved=0/12,pending=0}][pc=0,pic=0,pec=0,epc=0]@2025-09-02T09:34:41.0851857-03:00 added {SelectorProducer@6920b0bc,POJO}
09:34:41.085 [main] DEBUG org.eclipse.jetty.util.component.ContainerLifeCycle -- AdaptiveExecutionStrategy@5ed4bc/SelectorProducer@6920b0bc/IDLE/p=false/QueuedThreadPool[JettyServerThreadPool]@77865933{STARTED,8<=8<=250,i=8,r=-1,t=59990ms,q=0}[ReservedThreadExecutor@3af7d855{reserved=0/12,pending=0}][pc=0,pic=0,pec=0,epc=0]@2025-09-02T09:34:41.0851857-03:00 added {QueuedThreadPool[JettyServerThreadPool]@77865933{STARTED,8<=8<=250,i=8,r=-1,t=59990ms,q=0}[ReservedThreadExecutor@3af7d855{reserved=0/12,pending=0}],UNMANAGED}
09:34:41.085 [main] DEBUG org.eclipse.jetty.util.thread.strategy.AdaptiveExecutionStrategy -- AdaptiveExecutionStrategy@5ed4bc/SelectorProducer@6920b0bc/IDLE/p=false/QueuedThreadPool[JettyServerThreadPool]@77865933{STARTED,8<=8<=250,i=8,r=-1,t=59990ms,q=0}[ReservedThreadExecutor@3af7d855{reserved=0/12,pending=0}][pc=0,pic=0,pec=0,epc=0]@2025-09-02T09:34:41.0851857-03:00 created
09:34:41.085 [main] DEBUG org.eclipse.jetty.util.component.ContainerLifeCycle -- ManagedSelector@65f651eb{STOPPED} id=4 keys=-1 selected=-1 updates=0 added {AdaptiveExecutionStrategy@5ed4bc/SelectorProducer@6920b0bc/IDLE/p=false/QueuedThreadPool[JettyServerThreadPool]@77865933{STARTED,8<=8<=250,i=8,r=-1,t=59990ms,q=0}[ReservedThreadExecutor@3af7d855{reserved=0/12,pending=0}][pc=0,pic=0,pec=0,epc=0]@2025-09-02T09:34:41.0851857-03:00,MANAGED}
09:34:41.085 [main] DEBUG org.eclipse.jetty.util.component.ContainerLifeCycle -- SelectorManager@ServerConnector@5ad5be4a{HTTP/1.1, (http/1.1)}{0.0.0.0:51080} added {ManagedSelector@65f651eb{STOPPED} id=4 keys=-1 selected=-1 updates=0,AUTO}
09:34:41.085 [main] DEBUG org.eclipse.jetty.util.component.ContainerLifeCycle -- AdaptiveExecutionStrategy@69923ac3/SelectorProducer@1f1ff879/IDLE/p=false/QueuedThreadPool[JettyServerThreadPool]@77865933{STARTED,8<=8<=250,i=8,r=-1,t=59990ms,q=0}[ReservedThreadExecutor@3af7d855{reserved=0/12,pending=0}][pc=0,pic=0,pec=0,epc=0]@2025-09-02T09:34:41.0851857-03:00 added {SelectorProducer@1f1ff879,POJO}
09:34:41.085 [main] DEBUG org.eclipse.jetty.util.component.ContainerLifeCycle -- AdaptiveExecutionStrategy@69923ac3/SelectorProducer@1f1ff879/IDLE/p=false/QueuedThreadPool[JettyServerThreadPool]@77865933{STARTED,8<=8<=250,i=8,r=-1,t=59990ms,q=0}[ReservedThreadExecutor@3af7d855{reserved=0/12,pending=0}][pc=0,pic=0,pec=0,epc=0]@2025-09-02T09:34:41.0851857-03:00 added {QueuedThreadPool[JettyServerThreadPool]@77865933{STARTED,8<=8<=250,i=8,r=-1,t=59990ms,q=0}[ReservedThreadExecutor@3af7d855{reserved=0/12,pending=0}],UNMANAGED}
09:34:41.085 [main] DEBUG org.eclipse.jetty.util.thread.strategy.AdaptiveExecutionStrategy -- AdaptiveExecutionStrategy@69923ac3/SelectorProducer@1f1ff879/IDLE/p=false/QueuedThreadPool[JettyServerThreadPool]@77865933{STARTED,8<=8<=250,i=8,r=-1,t=59990ms,q=0}[ReservedThreadExecutor@3af7d855{reserved=0/12,pending=0}][pc=0,pic=0,pec=0,epc=0]@2025-09-02T09:34:41.0851857-03:00 created
09:34:41.085 [main] DEBUG org.eclipse.jetty.util.component.ContainerLifeCycle -- ManagedSelector@73d60e76{STOPPED} id=5 keys=-1 selected=-1 updates=0 added {AdaptiveExecutionStrategy@69923ac3/SelectorProducer@1f1ff879/IDLE/p=false/QueuedThreadPool[JettyServerThreadPool]@77865933{STARTED,8<=8<=250,i=8,r=-1,t=59990ms,q=0}[ReservedThreadExecutor@3af7d855{reserved=0/12,pending=0}][pc=0,pic=0,pec=0,epc=0]@2025-09-02T09:34:41.0851857-03:00,MANAGED}
09:34:41.085 [main] DEBUG org.eclipse.jetty.util.component.ContainerLifeCycle -- SelectorManager@ServerConnector@5ad5be4a{HTTP/1.1, (http/1.1)}{0.0.0.0:51080} added {ManagedSelector@73d60e76{STOPPED} id=5 keys=-1 selected=-1 updates=0,AUTO}
09:34:41.085 [main] DEBUG org.eclipse.jetty.util.component.AbstractLifeCycle -- STARTING ManagedSelector@f4a3a8d{STOPPED} id=0 keys=-1 selected=-1 updates=0
09:34:41.085 [main] DEBUG org.eclipse.jetty.util.component.AbstractLifeCycle -- STARTING AdaptiveExecutionStrategy@d7109be/SelectorProducer@5e0ec41f/IDLE/p=false/QueuedThreadPool[JettyServerThreadPool]@77865933{STARTED,8<=8<=250,i=8,r=-1,t=59990ms,q=0}[ReservedThreadExecutor@3af7d855{reserved=0/12,pending=0}][pc=0,pic=0,pec=0,epc=0]@2025-09-02T09:34:41.0851857-03:00
09:34:41.085 [main] DEBUG org.eclipse.jetty.util.component.AbstractLifeCycle -- STARTED @5736ms AdaptiveExecutionStrategy@d7109be/SelectorProducer@5e0ec41f/IDLE/p=false/QueuedThreadPool[JettyServerThreadPool]@77865933{STARTED,8<=8<=250,i=8,r=-1,t=59989ms,q=0}[ReservedThreadExecutor@3af7d855{reserved=0/12,pending=0}][pc=0,pic=0,pec=0,epc=0]@2025-09-02T09:34:41.0851857-03:00
09:34:41.093 [main] DEBUG org.eclipse.jetty.util.thread.QueuedThreadPool -- queue org.eclipse.jetty.io.ManagedSelector$$Lambda/0x000001cc112fc348@24f870ee startThread=0
09:34:41.093 [JettyServerThreadPool-53] DEBUG org.eclipse.jetty.util.thread.QueuedThreadPool -- run org.eclipse.jetty.io.ManagedSelector$$Lambda/0x000001cc112fc348@24f870ee in QueuedThreadPool[JettyServerThreadPool]@77865933{STARTED,8<=8<=250,i=7,r=-1,t=59986ms,q=0}[ReservedThreadExecutor@3af7d855{reserved=0/12,pending=0}]
09:34:41.093 [main] DEBUG org.eclipse.jetty.io.ManagedSelector -- Queued change lazy=false org.eclipse.jetty.io.ManagedSelector$Start@5c441290 on ManagedSelector@f4a3a8d{STARTING} id=0 keys=0 selected=0 updates=0
09:34:41.095 [JettyServerThreadPool-53] DEBUG org.eclipse.jetty.util.thread.strategy.AdaptiveExecutionStrategy -- AdaptiveExecutionStrategy@d7109be/SelectorProducer@5e0ec41f/IDLE/p=false/QueuedThreadPool[JettyServerThreadPool]@77865933{STARTED,8<=8<=250,i=7,r=-1,t=59986ms,q=0}[ReservedThreadExecutor@3af7d855{reserved=0/12,pending=0}][pc=0,pic=0,pec=0,epc=0]@2025-09-02T09:34:41.0955634-03:00 tryProduce false
09:34:41.095 [JettyServerThreadPool-53] DEBUG org.eclipse.jetty.io.ManagedSelector -- updateable 1
09:34:41.095 [JettyServerThreadPool-53] DEBUG org.eclipse.jetty.io.ManagedSelector -- update org.eclipse.jetty.io.ManagedSelector$Start@5c441290
09:34:41.095 [JettyServerThreadPool-53] DEBUG org.eclipse.jetty.io.ManagedSelector -- updates 0
09:34:41.095 [JettyServerThreadPool-53] DEBUG org.eclipse.jetty.io.ManagedSelector -- Selector sun.nio.ch.WEPollSelectorImpl@3353ca42 waiting with 0 keys
09:34:41.095 [main] DEBUG org.eclipse.jetty.util.component.AbstractLifeCycle -- STARTED @5740ms ManagedSelector@f4a3a8d{STARTED} id=0 keys=0 selected=0 updates=0
09:34:41.095 [main] DEBUG org.eclipse.jetty.util.component.AbstractLifeCycle -- STARTING ManagedSelector@25673087{STOPPED} id=1 keys=-1 selected=-1 updates=0
09:34:41.095 [main] DEBUG org.eclipse.jetty.util.component.AbstractLifeCycle -- STARTING AdaptiveExecutionStrategy@8d8f754/SelectorProducer@d613308/IDLE/p=false/QueuedThreadPool[JettyServerThreadPool]@77865933{STARTED,8<=8<=250,i=7,r=-1,t=59985ms,q=0}[ReservedThreadExecutor@3af7d855{reserved=0/12,pending=0}][pc=0,pic=0,pec=0,epc=0]@2025-09-02T09:34:41.0955634-03:00
09:34:41.095 [main] DEBUG org.eclipse.jetty.util.component.AbstractLifeCycle -- STARTED @5741ms AdaptiveExecutionStrategy@8d8f754/SelectorProducer@d613308/IDLE/p=false/QueuedThreadPool[JettyServerThreadPool]@77865933{STARTED,8<=8<=250,i=7,r=-1,t=59985ms,q=0}[ReservedThreadExecutor@3af7d855{reserved=0/12,pending=0}][pc=0,pic=0,pec=0,epc=0]@2025-09-02T09:34:41.0955634-03:00
09:34:41.099 [main] DEBUG org.eclipse.jetty.util.thread.QueuedThreadPool -- queue org.eclipse.jetty.io.ManagedSelector$$Lambda/0x000001cc112fc348@3c78e551 startThread=0
09:34:41.099 [JettyServerThreadPool-54] DEBUG org.eclipse.jetty.util.thread.QueuedThreadPool -- run org.eclipse.jetty.io.ManagedSelector$$Lambda/0x000001cc112fc348@3c78e551 in QueuedThreadPool[JettyServerThreadPool]@77865933{STARTED,8<=8<=250,i=6,r=-1,t=59981ms,q=0}[ReservedThreadExecutor@3af7d855{reserved=0/12,pending=0}]
09:34:41.099 [main] DEBUG org.eclipse.jetty.io.ManagedSelector -- Queued change lazy=false org.eclipse.jetty.io.ManagedSelector$Start@7f1ef916 on ManagedSelector@25673087{STARTING} id=1 keys=0 selected=0 updates=0
09:34:41.099 [JettyServerThreadPool-54] DEBUG org.eclipse.jetty.util.thread.strategy.AdaptiveExecutionStrategy -- AdaptiveExecutionStrategy@8d8f754/SelectorProducer@d613308/IDLE/p=false/QueuedThreadPool[JettyServerThreadPool]@77865933{STARTED,8<=8<=250,i=6,r=-1,t=59981ms,q=0}[ReservedThreadExecutor@3af7d855{reserved=0/12,pending=0}][pc=0,pic=0,pec=0,epc=0]@2025-09-02T09:34:41.0996061-03:00 tryProduce false
09:34:41.099 [JettyServerThreadPool-54] DEBUG org.eclipse.jetty.io.ManagedSelector -- updateable 1
09:34:41.101 [JettyServerThreadPool-54] DEBUG org.eclipse.jetty.io.ManagedSelector -- update org.eclipse.jetty.io.ManagedSelector$Start@7f1ef916
09:34:41.101 [JettyServerThreadPool-54] DEBUG org.eclipse.jetty.io.ManagedSelector -- updates 0
09:34:41.101 [JettyServerThreadPool-54] DEBUG org.eclipse.jetty.io.ManagedSelector -- Selector sun.nio.ch.WEPollSelectorImpl@2db7c65a waiting with 0 keys
09:34:41.101 [main] DEBUG org.eclipse.jetty.util.component.AbstractLifeCycle -- STARTED @5745ms ManagedSelector@25673087{STARTED} id=1 keys=0 selected=0 updates=0
09:34:41.101 [main] DEBUG org.eclipse.jetty.util.component.AbstractLifeCycle -- STARTING ManagedSelector@30f74e79{STOPPED} id=2 keys=-1 selected=-1 updates=0
09:34:41.101 [main] DEBUG org.eclipse.jetty.util.component.AbstractLifeCycle -- STARTING AdaptiveExecutionStrategy@7b27e8f4/SelectorProducer@348ad293/IDLE/p=false/QueuedThreadPool[JettyServerThreadPool]@77865933{STARTED,8<=8<=250,i=6,r=-1,t=59980ms,q=0}[ReservedThreadExecutor@3af7d855{reserved=0/12,pending=0}][pc=0,pic=0,pec=0,epc=0]@2025-09-02T09:34:41.1011214-03:00
09:34:41.101 [main] DEBUG org.eclipse.jetty.util.component.AbstractLifeCycle -- STARTED @5746ms AdaptiveExecutionStrategy@7b27e8f4/SelectorProducer@348ad293/IDLE/p=false/QueuedThreadPool[JettyServerThreadPool]@77865933{STARTED,8<=8<=250,i=6,r=-1,t=59980ms,q=0}[ReservedThreadExecutor@3af7d855{reserved=0/12,pending=0}][pc=0,pic=0,pec=0,epc=0]@2025-09-02T09:34:41.1011214-03:00
09:34:41.105 [main] DEBUG org.eclipse.jetty.util.thread.QueuedThreadPool -- queue org.eclipse.jetty.io.ManagedSelector$$Lambda/0x000001cc112fc348@1886991b startThread=0
09:34:41.105 [JettyServerThreadPool-55] DEBUG org.eclipse.jetty.util.thread.QueuedThreadPool -- run org.eclipse.jetty.io.ManagedSelector$$Lambda/0x000001cc112fc348@1886991b in QueuedThreadPool[JettyServerThreadPool]@77865933{STARTED,8<=8<=250,i=5,r=-1,t=59975ms,q=0}[ReservedThreadExecutor@3af7d855{reserved=0/12,pending=0}]
09:34:41.105 [main] DEBUG org.eclipse.jetty.io.ManagedSelector -- Queued change lazy=false org.eclipse.jetty.io.ManagedSelector$Start@64aad809 on ManagedSelector@30f74e79{STARTING} id=2 keys=0 selected=0 updates=0
09:34:41.105 [JettyServerThreadPool-55] DEBUG org.eclipse.jetty.util.thread.strategy.AdaptiveExecutionStrategy -- AdaptiveExecutionStrategy@7b27e8f4/SelectorProducer@348ad293/IDLE/p=false/QueuedThreadPool[JettyServerThreadPool]@77865933{STARTED,8<=8<=250,i=5,r=-1,t=59975ms,q=0}[ReservedThreadExecutor@3af7d855{reserved=0/12,pending=0}][pc=0,pic=0,pec=0,epc=0]@2025-09-02T09:34:41.1051582-03:00 tryProduce false
09:34:41.105 [JettyServerThreadPool-55] DEBUG org.eclipse.jetty.io.ManagedSelector -- updateable 1
09:34:41.105 [JettyServerThreadPool-55] DEBUG org.eclipse.jetty.io.ManagedSelector -- update org.eclipse.jetty.io.ManagedSelector$Start@64aad809
09:34:41.105 [JettyServerThreadPool-55] DEBUG org.eclipse.jetty.io.ManagedSelector -- updates 0
09:34:41.105 [JettyServerThreadPool-55] DEBUG org.eclipse.jetty.io.ManagedSelector -- Selector sun.nio.ch.WEPollSelectorImpl@203c9dd8 waiting with 0 keys
09:34:41.107 [main] DEBUG org.eclipse.jetty.util.component.AbstractLifeCycle -- STARTED @5751ms ManagedSelector@30f74e79{STARTED} id=2 keys=0 selected=0 updates=0
09:34:41.107 [main] DEBUG org.eclipse.jetty.util.component.AbstractLifeCycle -- STARTING ManagedSelector@a50d709{STOPPED} id=3 keys=-1 selected=-1 updates=0
09:34:41.107 [main] DEBUG org.eclipse.jetty.util.component.AbstractLifeCycle -- STARTING AdaptiveExecutionStrategy@2c88a3e8/SelectorProducer@68ac9ec5/IDLE/p=false/QueuedThreadPool[JettyServerThreadPool]@77865933{STARTED,8<=8<=250,i=5,r=-1,t=59974ms,q=0}[ReservedThreadExecutor@3af7d855{reserved=0/12,pending=0}][pc=0,pic=0,pec=0,epc=0]@2025-09-02T09:34:41.1071736-03:00
09:34:41.107 [main] DEBUG org.eclipse.jetty.util.component.AbstractLifeCycle -- STARTED @5752ms AdaptiveExecutionStrategy@2c88a3e8/SelectorProducer@68ac9ec5/IDLE/p=false/QueuedThreadPool[JettyServerThreadPool]@77865933{STARTED,8<=8<=250,i=5,r=-1,t=59974ms,q=0}[ReservedThreadExecutor@3af7d855{reserved=0/12,pending=0}][pc=0,pic=0,pec=0,epc=0]@2025-09-02T09:34:41.1071736-03:00
09:34:41.111 [main] DEBUG org.eclipse.jetty.util.thread.QueuedThreadPool -- queue org.eclipse.jetty.io.ManagedSelector$$Lambda/0x000001cc112fc348@1f03fba0 startThread=0
09:34:41.111 [JettyServerThreadPool-56] DEBUG org.eclipse.jetty.util.thread.QueuedThreadPool -- run org.eclipse.jetty.io.ManagedSelector$$Lambda/0x000001cc112fc348@1f03fba0 in QueuedThreadPool[JettyServerThreadPool]@77865933{STARTED,8<=8<=250,i=4,r=-1,t=59970ms,q=0}[ReservedThreadExecutor@3af7d855{reserved=0/12,pending=0}]
09:34:41.111 [main] DEBUG org.eclipse.jetty.io.ManagedSelector -- Queued change lazy=false org.eclipse.jetty.io.ManagedSelector$Start@17dd671f on ManagedSelector@a50d709{STARTING} id=3 keys=0 selected=0 updates=0
09:34:41.111 [JettyServerThreadPool-56] DEBUG org.eclipse.jetty.util.thread.strategy.AdaptiveExecutionStrategy -- AdaptiveExecutionStrategy@2c88a3e8/SelectorProducer@68ac9ec5/IDLE/p=false/QueuedThreadPool[JettyServerThreadPool]@77865933{STARTED,8<=8<=250,i=4,r=-1,t=59970ms,q=0}[ReservedThreadExecutor@3af7d855{reserved=0/12,pending=0}][pc=0,pic=0,pec=0,epc=0]@2025-09-02T09:34:41.1112026-03:00 tryProduce false
09:34:41.111 [JettyServerThreadPool-56] DEBUG org.eclipse.jetty.io.ManagedSelector -- updateable 1
09:34:41.111 [JettyServerThreadPool-56] DEBUG org.eclipse.jetty.io.ManagedSelector -- update org.eclipse.jetty.io.ManagedSelector$Start@17dd671f
09:34:41.111 [JettyServerThreadPool-56] DEBUG org.eclipse.jetty.io.ManagedSelector -- updates 0
09:34:41.111 [JettyServerThreadPool-56] DEBUG org.eclipse.jetty.io.ManagedSelector -- Selector sun.nio.ch.WEPollSelectorImpl@326b7714 waiting with 0 keys
09:34:41.111 [main] DEBUG org.eclipse.jetty.util.component.AbstractLifeCycle -- STARTED @5756ms ManagedSelector@a50d709{STARTED} id=3 keys=0 selected=0 updates=0
09:34:41.111 [main] DEBUG org.eclipse.jetty.util.component.AbstractLifeCycle -- STARTING ManagedSelector@65f651eb{STOPPED} id=4 keys=-1 selected=-1 updates=0
09:34:41.111 [main] DEBUG org.eclipse.jetty.util.component.AbstractLifeCycle -- STARTING AdaptiveExecutionStrategy@5ed4bc/SelectorProducer@6920b0bc/IDLE/p=false/QueuedThreadPool[JettyServerThreadPool]@77865933{STARTED,8<=8<=250,i=4,r=-1,t=59969ms,q=0}[ReservedThreadExecutor@3af7d855{reserved=0/12,pending=0}][pc=0,pic=0,pec=0,epc=0]@2025-09-02T09:34:41.1112026-03:00
09:34:41.111 [main] DEBUG org.eclipse.jetty.util.component.AbstractLifeCycle -- STARTED @5757ms AdaptiveExecutionStrategy@5ed4bc/SelectorProducer@6920b0bc/IDLE/p=false/QueuedThreadPool[JettyServerThreadPool]@77865933{STARTED,8<=8<=250,i=4,r=-1,t=59969ms,q=0}[ReservedThreadExecutor@3af7d855{reserved=0/12,pending=0}][pc=0,pic=0,pec=0,epc=0]@2025-09-02T09:34:41.1112026-03:00
09:34:41.116 [main] DEBUG org.eclipse.jetty.util.thread.QueuedThreadPool -- queue org.eclipse.jetty.io.ManagedSelector$$Lambda/0x000001cc112fc348@3bbf6abe startThread=0
09:34:41.116 [JettyServerThreadPool-57] DEBUG org.eclipse.jetty.util.thread.QueuedThreadPool -- run org.eclipse.jetty.io.ManagedSelector$$Lambda/0x000001cc112fc348@3bbf6abe in QueuedThreadPool[JettyServerThreadPool]@77865933{STARTED,8<=8<=250,i=3,r=-1,t=59964ms,q=0}[ReservedThreadExecutor@3af7d855{reserved=0/12,pending=0}]
09:34:41.116 [main] DEBUG org.eclipse.jetty.io.ManagedSelector -- Queued change lazy=false org.eclipse.jetty.io.ManagedSelector$Start@9679750 on ManagedSelector@65f651eb{STARTING} id=4 keys=0 selected=0 updates=0
09:34:41.116 [JettyServerThreadPool-57] DEBUG org.eclipse.jetty.util.thread.strategy.AdaptiveExecutionStrategy -- AdaptiveExecutionStrategy@5ed4bc/SelectorProducer@6920b0bc/IDLE/p=false/QueuedThreadPool[JettyServerThreadPool]@77865933{STARTED,8<=8<=250,i=3,r=-1,t=59963ms,q=0}[ReservedThreadExecutor@3af7d855{reserved=0/12,pending=0}][pc=0,pic=0,pec=0,epc=0]@2025-09-02T09:34:41.1169889-03:00 tryProduce false
09:34:41.116 [JettyServerThreadPool-57] DEBUG org.eclipse.jetty.io.ManagedSelector -- updateable 1
09:34:41.116 [JettyServerThreadPool-57] DEBUG org.eclipse.jetty.io.ManagedSelector -- update org.eclipse.jetty.io.ManagedSelector$Start@9679750
09:34:41.116 [JettyServerThreadPool-57] DEBUG org.eclipse.jetty.io.ManagedSelector -- updates 0
09:34:41.116 [JettyServerThreadPool-57] DEBUG org.eclipse.jetty.io.ManagedSelector -- Selector sun.nio.ch.WEPollSelectorImpl@28a71ad waiting with 0 keys
09:34:41.116 [main] DEBUG org.eclipse.jetty.util.component.AbstractLifeCycle -- STARTED @5763ms ManagedSelector@65f651eb{STARTED} id=4 keys=0 selected=0 updates=0
09:34:41.119 [main] DEBUG org.eclipse.jetty.util.component.AbstractLifeCycle -- STARTING ManagedSelector@73d60e76{STOPPED} id=5 keys=-1 selected=-1 updates=0
09:34:41.119 [main] DEBUG org.eclipse.jetty.util.component.AbstractLifeCycle -- STARTING AdaptiveExecutionStrategy@69923ac3/SelectorProducer@1f1ff879/IDLE/p=false/QueuedThreadPool[JettyServerThreadPool]@77865933{STARTED,8<=8<=250,i=3,r=-1,t=59962ms,q=0}[ReservedThreadExecutor@3af7d855{reserved=0/12,pending=0}][pc=0,pic=0,pec=0,epc=0]@2025-09-02T09:34:41.1190112-03:00
09:34:41.119 [main] DEBUG org.eclipse.jetty.util.component.AbstractLifeCycle -- STARTED @5764ms AdaptiveExecutionStrategy@69923ac3/SelectorProducer@1f1ff879/IDLE/p=false/QueuedThreadPool[JettyServerThreadPool]@77865933{STARTED,8<=8<=250,i=3,r=-1,t=59962ms,q=0}[ReservedThreadExecutor@3af7d855{reserved=0/12,pending=0}][pc=0,pic=0,pec=0,epc=0]@2025-09-02T09:34:41.1190112-03:00
09:34:41.123 [main] DEBUG org.eclipse.jetty.util.thread.QueuedThreadPool -- queue org.eclipse.jetty.io.ManagedSelector$$Lambda/0x000001cc112fc348@9b9a327 startThread=0
09:34:41.123 [JettyServerThreadPool-58] DEBUG org.eclipse.jetty.util.thread.QueuedThreadPool -- run org.eclipse.jetty.io.ManagedSelector$$Lambda/0x000001cc112fc348@9b9a327 in QueuedThreadPool[JettyServerThreadPool]@77865933{STARTED,8<=8<=250,i=2,r=-1,t=59958ms,q=0}[ReservedThreadExecutor@3af7d855{reserved=0/12,pending=0}]
09:34:41.123 [main] DEBUG org.eclipse.jetty.io.ManagedSelector -- Queued change lazy=false org.eclipse.jetty.io.ManagedSelector$Start@75a0c890 on ManagedSelector@73d60e76{STARTING} id=5 keys=0 selected=0 updates=0
09:34:41.123 [JettyServerThreadPool-58] DEBUG org.eclipse.jetty.util.thread.strategy.AdaptiveExecutionStrategy -- AdaptiveExecutionStrategy@69923ac3/SelectorProducer@1f1ff879/IDLE/p=false/QueuedThreadPool[JettyServerThreadPool]@77865933{STARTED,8<=8<=250,i=2,r=-1,t=59957ms,q=0}[ReservedThreadExecutor@3af7d855{reserved=0/12,pending=0}][pc=0,pic=0,pec=0,epc=0]@2025-09-02T09:34:41.1230413-03:00 tryProduce false
09:34:41.123 [JettyServerThreadPool-58] DEBUG org.eclipse.jetty.io.ManagedSelector -- updateable 1
09:34:41.123 [JettyServerThreadPool-58] DEBUG org.eclipse.jetty.io.ManagedSelector -- update org.eclipse.jetty.io.ManagedSelector$Start@75a0c890
09:34:41.123 [JettyServerThreadPool-58] DEBUG org.eclipse.jetty.io.ManagedSelector -- updates 0
09:34:41.123 [JettyServerThreadPool-58] DEBUG org.eclipse.jetty.io.ManagedSelector -- Selector sun.nio.ch.WEPollSelectorImpl@7e84a7e1 waiting with 0 keys
09:34:41.123 [main] DEBUG org.eclipse.jetty.util.component.AbstractLifeCycle -- STARTED @5769ms ManagedSelector@73d60e76{STARTED} id=5 keys=0 selected=0 updates=0
09:34:41.123 [main] DEBUG org.eclipse.jetty.util.component.AbstractLifeCycle -- STARTED @5769ms SelectorManager@ServerConnector@5ad5be4a{HTTP/1.1, (http/1.1)}{0.0.0.0:51080}
09:34:41.125 [main] DEBUG org.eclipse.jetty.util.component.ContainerLifeCycle -- ServerConnector@5ad5be4a{HTTP/1.1, (http/1.1)}{0.0.0.0:51080} added {acceptor-0@358ab600,POJO}
09:34:41.125 [main] DEBUG org.eclipse.jetty.util.thread.QueuedThreadPool -- queue acceptor-0@358ab600 startThread=0
09:34:41.125 [main] INFO org.eclipse.jetty.server.AbstractConnector -- Started ServerConnector@5ad5be4a{HTTP/1.1, (http/1.1)}{0.0.0.0:51080}
09:34:41.125 [JettyServerThreadPool-60] DEBUG org.eclipse.jetty.util.thread.QueuedThreadPool -- run acceptor-0@358ab600 in QueuedThreadPool[JettyServerThreadPool]@77865933{STARTED,8<=8<=250,i=1,r=-1,t=59956ms,q=0}[ReservedThreadExecutor@3af7d855{reserved=0/12,pending=0}]
09:34:41.125 [main] DEBUG org.eclipse.jetty.util.component.AbstractLifeCycle -- STARTED @5770ms ServerConnector@5ad5be4a{HTTP/1.1, (http/1.1)}{0.0.0.0:51080}
09:34:41.125 [main] INFO org.eclipse.jetty.server.Server -- Started Server@4d18b73a{STARTING}[11.0.20,sto=0] @5770ms
09:34:41.125 [main] DEBUG org.eclipse.jetty.util.component.AbstractLifeCycle -- STARTED @5770ms Server@4d18b73a{STARTED}[11.0.20,sto=0]
09:34:41.125 [main] INFO io.javalin.Javalin -- 
       __                  ___           _____
      / /___ __   ______ _/ (_)___      / ___/
 __  / / __ `/ | / / __ `/ / / __ \    / __ \
/ /_/ / /_/ /| |/ / /_/ / / / / / /   / /_/ /
\____/\__,_/ |___/\__,_/_/_/_/ /_/    \____/

       https://javalin.io/documentation

09:34:41.125 [main] INFO io.javalin.Javalin -- Javalin started in 52ms \o/
09:34:41.125 [main] INFO io.javalin.Javalin -- Listening on http://localhost:51080/
09:34:41.127 [main] INFO io.javalin.Javalin -- You are running Javalin 6.1.3 (released March 2, 2024. Your Javalin version is 548 days old. Consider checking for a newer version.).
09:34:41.133 [JettyServerThreadPool-60-acceptor-0@358ab600-ServerConnector@5ad5be4a{HTTP/1.1, (http/1.1)}{0.0.0.0:51080}] DEBUG org.eclipse.jetty.io.ManagedSelector -- Queued change lazy=false Accept@548ff525[java.nio.channels.SocketChannel[connected local=/127.0.0.1:51080 remote=/127.0.0.1:51081]] on ManagedSelector@25673087{STARTED} id=1 keys=0 selected=0 updates=0
09:34:41.133 [JettyServerThreadPool-60-acceptor-0@358ab600-ServerConnector@5ad5be4a{HTTP/1.1, (http/1.1)}{0.0.0.0:51080}] DEBUG org.eclipse.jetty.io.ManagedSelector -- Wakeup on submit ManagedSelector@25673087{STARTED} id=1 keys=0 selected=0 updates=1
09:34:41.133 [JettyServerThreadPool-54] DEBUG org.eclipse.jetty.io.ManagedSelector -- Selector sun.nio.ch.WEPollSelectorImpl@2db7c65a woken with none selected
09:34:41.133 [JettyServerThreadPool-54] DEBUG org.eclipse.jetty.io.ManagedSelector -- Selector sun.nio.ch.WEPollSelectorImpl@2db7c65a woken up from select, 0/0/0 selected
09:34:41.137 [JettyServerThreadPool-54] DEBUG org.eclipse.jetty.io.ManagedSelector -- Selector sun.nio.ch.WEPollSelectorImpl@2db7c65a processing 0 keys, 1 updates
09:34:41.137 [JettyServerThreadPool-54] DEBUG org.eclipse.jetty.io.ManagedSelector -- updateable 1
09:34:41.137 [JettyServerThreadPool-54] DEBUG org.eclipse.jetty.io.ManagedSelector -- update Accept@548ff525[java.nio.channels.SocketChannel[connected local=/127.0.0.1:51080 remote=/127.0.0.1:51081]]
09:34:41.137 [JettyServerThreadPool-54] DEBUG org.eclipse.jetty.util.thread.QueuedThreadPool -- queue Accept@548ff525[java.nio.channels.SocketChannel[connected local=/127.0.0.1:51080 remote=/127.0.0.1:51081]] startThread=0
09:34:41.137 [JettyServerThreadPool-54] DEBUG org.eclipse.jetty.io.ManagedSelector -- updates 0
09:34:41.137 [JettyServerThreadPool-54] DEBUG org.eclipse.jetty.io.ManagedSelector -- Selector sun.nio.ch.WEPollSelectorImpl@2db7c65a waiting with 1 keys
09:34:41.137 [JettyServerThreadPool-59] DEBUG org.eclipse.jetty.util.thread.QueuedThreadPool -- run Accept@548ff525[java.nio.channels.SocketChannel[connected local=/127.0.0.1:51080 remote=/127.0.0.1:51081]] in QueuedThreadPool[JettyServerThreadPool]@77865933{STARTED,8<=8<=250,i=0,r=-1,t=59944ms,q=0}[ReservedThreadExecutor@3af7d855{reserved=0/12,pending=0}]
09:34:41.137 [JettyServerThreadPool-59] DEBUG org.eclipse.jetty.io.IdleTimeout -- Setting idle timeout 0 -> 30000 on SocketChannelEndPoint@729afbf1[{l=/127.0.0.1:51080,r=/127.0.0.1:51081,OPEN,fill=-,flush=-,to=0/30000}{io=0/0,kio=0,kro=0}]->[<null>]
09:34:41.137 [JettyServerThreadPool-59] DEBUG org.eclipse.jetty.io.IdleTimeout -- SocketChannelEndPoint@729afbf1[{l=/127.0.0.1:51080,r=/127.0.0.1:51081,OPEN,fill=-,flush=-,to=0/30000}{io=0/0,kio=0,kro=0}]->[<null>] idle timeout check, elapsed: 0 ms, remaining: 30000 ms
09:34:41.139 [JettyServerThreadPool-59] DEBUG org.eclipse.jetty.server.HttpChannel -- new HttpChannelOverHttp@78629081{s=HttpChannelState@3d6001e9{s=IDLE rs=BLOCKING os=OPEN is=IDLE awp=false se=false i=true al=0},r=0,c=false/false,a=IDLE,uri=null,age=0} -> SocketChannelEndPoint@729afbf1[{l=/127.0.0.1:51080,r=/127.0.0.1:51081,OPEN,fill=-,flush=-,to=2/30000}{io=0/0,kio=0,kro=0}]->[<null>],null,HttpChannelState@3d6001e9{s=IDLE rs=BLOCKING os=OPEN is=IDLE awp=false se=false i=true al=0}
09:34:41.139 [JettyServerThreadPool-59] DEBUG org.eclipse.jetty.server.HttpConnection -- New HTTP Connection HttpConnection@188020c7::SocketChannelEndPoint@729afbf1[{l=/127.0.0.1:51080,r=/127.0.0.1:51081,OPEN,fill=-,flush=-,to=2/30000}{io=0/0,kio=0,kro=0}]->[<null>]
09:34:41.141 [JettyServerThreadPool-59] DEBUG org.eclipse.jetty.io.ManagedSelector -- Queued change lazy=true org.eclipse.jetty.io.ManagedSelector$$Lambda/0x000001cc113ba608@c97bb9e on ManagedSelector@25673087{STARTED} id=1 keys=1 selected=0 updates=0
09:34:41.141 [JettyServerThreadPool-59] DEBUG org.eclipse.jetty.io.AbstractEndPoint -- onOpen SocketChannelEndPoint@729afbf1[{l=/127.0.0.1:51080,r=/127.0.0.1:51081,OPEN,fill=-,flush=-,to=3/30000}{io=0/0,kio=0,kro=0}]->[HttpConnection@188020c7[p=HttpParser{s=START,0 of -1},g=HttpGenerator@609dc415{s=START}]=>HttpChannelOverHttp@78629081{s=HttpChannelState@3d6001e9{s=IDLE rs=BLOCKING os=OPEN is=IDLE awp=false se=false i=true al=0},r=0,c=false/false,a=IDLE,uri=null,age=0}]
09:34:41.141 [JettyServerThreadPool-59] DEBUG org.eclipse.jetty.io.AbstractConnection -- onOpen HttpConnection@188020c7::SocketChannelEndPoint@729afbf1[{l=/127.0.0.1:51080,r=/127.0.0.1:51081,OPEN,fill=-,flush=-,to=3/30000}{io=0/0,kio=0,kro=0}]->[HttpConnection@188020c7[p=HttpParser{s=START,0 of -1},g=HttpGenerator@609dc415{s=START}]=>HttpChannelOverHttp@78629081{s=HttpChannelState@3d6001e9{s=IDLE rs=BLOCKING os=OPEN is=IDLE awp=false se=false i=true al=0},r=0,c=false/false,a=IDLE,uri=null,age=0}]
09:34:41.141 [JettyServerThreadPool-59] DEBUG org.eclipse.jetty.io.AbstractConnection -- fillInterested HttpConnection@188020c7::SocketChannelEndPoint@729afbf1[{l=/127.0.0.1:51080,r=/127.0.0.1:51081,OPEN,fill=-,flush=-,to=3/30000}{io=0/0,kio=0,kro=0}]->[HttpConnection@188020c7[p=HttpParser{s=START,0 of -1},g=HttpGenerator@609dc415{s=START}]=>HttpChannelOverHttp@78629081{s=HttpChannelState@3d6001e9{s=IDLE rs=BLOCKING os=OPEN is=IDLE awp=false se=false i=true al=0},r=0,c=false/false,a=IDLE,uri=null,age=0}]
09:34:41.141 [JettyServerThreadPool-59] DEBUG org.eclipse.jetty.io.FillInterest -- interested FillInterest@5d4ffea6{ReadCallback@44d06bd0{HttpConnection@188020c7::SocketChannelEndPoint@729afbf1[{l=/127.0.0.1:51080,r=/127.0.0.1:51081,OPEN,fill=FI,flush=-,to=0/30000}{io=0/0,kio=0,kro=0}]->[HttpConnection@188020c7[p=HttpParser{s=START,0 of -1},g=HttpGenerator@609dc415{s=START}]=>HttpChannelOverHttp@78629081{s=HttpChannelState@3d6001e9{s=IDLE rs=BLOCKING os=OPEN is=IDLE awp=false se=false i=true al=0},r=0,c=false/false,a=IDLE,uri=null,age=0}]}}
09:34:41.141 [JettyServerThreadPool-59] DEBUG org.eclipse.jetty.io.SelectableChannelEndPoint -- changeInterests p=false 0->1 for SocketChannelEndPoint@729afbf1[{l=/127.0.0.1:51080,r=/127.0.0.1:51081,OPEN,fill=FI,flush=-,to=0/30000}{io=0/1,kio=0,kro=0}]->[HttpConnection@188020c7[p=HttpParser{s=START,0 of -1},g=HttpGenerator@609dc415{s=START}]=>HttpChannelOverHttp@78629081{s=HttpChannelState@3d6001e9{s=IDLE rs=BLOCKING os=OPEN is=IDLE awp=false se=false i=true al=0},r=0,c=false/false,a=IDLE,uri=null,age=0}]
09:34:41.141 [JettyServerThreadPool-59] DEBUG org.eclipse.jetty.io.ManagedSelector -- Queued change lazy=false org.eclipse.jetty.io.SelectableChannelEndPoint$$Lambda/0x000001cc113a49e8@752a639f on ManagedSelector@25673087{STARTED} id=1 keys=1 selected=0 updates=1
09:34:41.141 [JettyServerThreadPool-59] DEBUG org.eclipse.jetty.io.ManagedSelector -- Wakeup on submit ManagedSelector@25673087{STARTED} id=1 keys=1 selected=0 updates=2
09:34:41.141 [JettyServerThreadPool-54] DEBUG org.eclipse.jetty.io.ManagedSelector -- Selector sun.nio.ch.WEPollSelectorImpl@2db7c65a woken with none selected
09:34:41.141 [JettyServerThreadPool-54] DEBUG org.eclipse.jetty.io.ManagedSelector -- Selector sun.nio.ch.WEPollSelectorImpl@2db7c65a woken up from select, 0/0/1 selected
09:34:41.141 [JettyServerThreadPool-54] DEBUG org.eclipse.jetty.io.ManagedSelector -- Selector sun.nio.ch.WEPollSelectorImpl@2db7c65a processing 0 keys, 2 updates
09:34:41.141 [JettyServerThreadPool-54] DEBUG org.eclipse.jetty.io.ManagedSelector -- updateable 2
09:34:41.141 [JettyServerThreadPool-59] DEBUG org.eclipse.jetty.io.ManagedSelector -- Created SocketChannelEndPoint@729afbf1[{l=/127.0.0.1:51080,r=/127.0.0.1:51081,OPEN,fill=FI,flush=-,to=0/30000}{io=0/1,kio=0,kro=0}]->[HttpConnection@188020c7[p=HttpParser{s=START,0 of -1},g=HttpGenerator@609dc415{s=START}]=>HttpChannelOverHttp@78629081{s=HttpChannelState@3d6001e9{s=IDLE rs=BLOCKING os=OPEN is=IDLE awp=false se=false i=true al=0},r=0,c=false/false,a=IDLE,uri=null,age=0}]
09:34:41.141 [JettyServerThreadPool-54] DEBUG org.eclipse.jetty.io.ManagedSelector -- update org.eclipse.jetty.io.ManagedSelector$$Lambda/0x000001cc113ba608@c97bb9e
09:34:41.141 [JettyServerThreadPool-54] DEBUG org.eclipse.jetty.io.ManagedSelector -- update org.eclipse.jetty.io.SelectableChannelEndPoint$$Lambda/0x000001cc113a49e8@752a639f
09:34:41.141 [JettyServerThreadPool-59] DEBUG org.eclipse.jetty.util.thread.QueuedThreadPool -- ran Accept@548ff525[java.nio.channels.SocketChannel[connected local=/127.0.0.1:51080 remote=/127.0.0.1:51081]] in QueuedThreadPool[JettyServerThreadPool]@77865933{STARTED,8<=8<=250,i=0,r=-1,t=59939ms,q=0}[ReservedThreadExecutor@3af7d855{reserved=0/12,pending=0}]
09:34:41.141 [JettyServerThreadPool-54] DEBUG org.eclipse.jetty.io.SelectableChannelEndPoint -- Key interests updated 0 -> 1 on SocketChannelEndPoint@729afbf1[{l=/127.0.0.1:51080,r=/127.0.0.1:51081,OPEN,fill=FI,flush=-,to=0/30000}{io=1/1,kio=1,kro=0}]->[HttpConnection@188020c7[p=HttpParser{s=START,0 of -1},g=HttpGenerator@609dc415{s=START}]=>HttpChannelOverHttp@78629081{s=HttpChannelState@3d6001e9{s=IDLE rs=BLOCKING os=OPEN is=IDLE awp=false se=false i=true al=0},r=0,c=false/false,a=IDLE,uri=null,age=0}]
09:34:41.141 [JettyServerThreadPool-59] DEBUG org.eclipse.jetty.util.thread.QueuedThreadPool -- Evict skipped, no excess threads QueuedThreadPool[JettyServerThreadPool]@77865933{STARTED,8<=8<=250,i=1,r=-1,t=59939ms,q=0}[ReservedThreadExecutor@3af7d855{reserved=0/12,pending=0}]
09:34:41.141 [JettyServerThreadPool-54] DEBUG org.eclipse.jetty.io.ManagedSelector -- updates 0
09:34:41.141 [JettyServerThreadPool-54] DEBUG org.eclipse.jetty.io.ManagedSelector -- Selector sun.nio.ch.WEPollSelectorImpl@2db7c65a waiting with 1 keys
09:34:41.141 [JettyServerThreadPool-54] DEBUG org.eclipse.jetty.io.ManagedSelector -- Selector sun.nio.ch.WEPollSelectorImpl@2db7c65a woken up from select, 1/1/1 selected
09:34:41.141 [JettyServerThreadPool-54] DEBUG org.eclipse.jetty.io.ManagedSelector -- Selector sun.nio.ch.WEPollSelectorImpl@2db7c65a processing 1 keys, 0 updates
09:34:41.141 [JettyServerThreadPool-54] DEBUG org.eclipse.jetty.io.ManagedSelector -- selected 1 channel=java.nio.channels.SocketChannel[connected local=/127.0.0.1:51080 remote=/127.0.0.1:51081], selector=sun.nio.ch.WEPollSelectorImpl@2db7c65a, interestOps=1, readyOps=1 SocketChannelEndPoint@729afbf1[{l=/127.0.0.1:51080,r=/127.0.0.1:51081,OPEN,fill=FI,flush=-,to=1/30000}{io=1/1,kio=1,kro=1}]->[HttpConnection@188020c7[p=HttpParser{s=START,0 of -1},g=HttpGenerator@609dc415{s=START}]=>HttpChannelOverHttp@78629081{s=HttpChannelState@3d6001e9{s=IDLE rs=BLOCKING os=OPEN is=IDLE awp=false se=false i=true al=0},r=0,c=false/false,a=IDLE,uri=null,age=0}] 
09:34:41.141 [JettyServerThreadPool-54] DEBUG org.eclipse.jetty.io.SelectableChannelEndPoint -- onSelected 1->0 r=true w=false for SocketChannelEndPoint@729afbf1[{l=/127.0.0.1:51080,r=/127.0.0.1:51081,OPEN,fill=FI,flush=-,to=1/30000}{io=1/0,kio=1,kro=1}]->[HttpConnection@188020c7[p=HttpParser{s=START,0 of -1},g=HttpGenerator@609dc415{s=START}]=>HttpChannelOverHttp@78629081{s=HttpChannelState@3d6001e9{s=IDLE rs=BLOCKING os=OPEN is=IDLE awp=false se=false i=true al=0},r=0,c=false/false,a=IDLE,uri=null,age=0}]
09:34:41.141 [JettyServerThreadPool-54] DEBUG org.eclipse.jetty.io.SelectableChannelEndPoint -- task SocketChannelEndPoint@729afbf1[{l=/127.0.0.1:51080,r=/127.0.0.1:51081,OPEN,fill=FI,flush=-,to=1/30000}{io=1/0,kio=1,kro=1}]->[HttpConnection@188020c7[p=HttpParser{s=START,0 of -1},g=HttpGenerator@609dc415{s=START}]=>HttpChannelOverHttp@78629081{s=HttpChannelState@3d6001e9{s=IDLE rs=BLOCKING os=OPEN is=IDLE awp=false se=false i=true al=0},r=0,c=false/false,a=IDLE,uri=null,age=0}]:runFillable:BLOCKING
09:34:41.141 [JettyServerThreadPool-54] DEBUG org.eclipse.jetty.util.thread.ReservedThreadExecutor -- ReservedThreadExecutor@3af7d855{reserved=0/12,pending=0} tryExecute AdaptiveExecutionStrategy@8d8f754/SelectorProducer@d613308/PRODUCING/p=false/QueuedThreadPool[JettyServerThreadPool]@77865933{STARTED,8<=8<=250,i=1,r=-1,t=59938ms,q=0}[ReservedThreadExecutor@3af7d855{reserved=0/12,pending=0}][pc=0,pic=0,pec=0,epc=0]@2025-09-02T09:34:41.141206-03:00
09:34:41.141 [JettyServerThreadPool-54] DEBUG org.eclipse.jetty.util.thread.ReservedThreadExecutor -- ReservedThreadExecutor@3af7d855{reserved=0/12,pending=1} startReservedThread p=1
09:34:41.141 [JettyServerThreadPool-54] DEBUG org.eclipse.jetty.util.thread.QueuedThreadPool -- queue ReservedThread@6c8acc61{PENDING,thread=null} startThread=0
09:34:41.141 [JettyServerThreadPool-54] DEBUG org.eclipse.jetty.util.thread.strategy.AdaptiveExecutionStrategy -- ss=PRODUCE_EXECUTE_CONSUME t=SocketChannelEndPoint@729afbf1[{l=/127.0.0.1:51080,r=/127.0.0.1:51081,OPEN,fill=FI,flush=-,to=1/30000}{io=1/0,kio=1,kro=1}]->[HttpConnection@188020c7[p=HttpParser{s=START,0 of -1},g=HttpGenerator@609dc415{s=START}]=>HttpChannelOverHttp@78629081{s=HttpChannelState@3d6001e9{s=IDLE rs=BLOCKING os=OPEN is=IDLE awp=false se=false i=true al=0},r=0,c=false/false,a=IDLE,uri=null,age=0}]:runFillable:BLOCKING/BLOCKING AdaptiveExecutionStrategy@8d8f754/SelectorProducer@d613308/PRODUCING/p=false/QueuedThreadPool[JettyServerThreadPool]@77865933{STARTED,8<=8<=250,i=0,r=-1,t=59938ms,q=0}[ReservedThreadExecutor@3af7d855{reserved=0/12,pending=1}][pc=0,pic=0,pec=0,epc=0]@2025-09-02T09:34:41.141206-03:00
09:34:41.141 [JettyServerThreadPool-59] DEBUG org.eclipse.jetty.util.thread.QueuedThreadPool -- run ReservedThread@6c8acc61{PENDING,thread=null} in QueuedThreadPool[JettyServerThreadPool]@77865933{STARTED,8<=8<=250,i=0,r=-1,t=59938ms,q=0}[ReservedThreadExecutor@3af7d855{reserved=0/12,pending=1}]
09:34:41.141 [JettyServerThreadPool-54] DEBUG org.eclipse.jetty.util.thread.QueuedThreadPool -- queue SocketChannelEndPoint@729afbf1[{l=/127.0.0.1:51080,r=/127.0.0.1:51081,OPEN,fill=FI,flush=-,to=1/30000}{io=1/0,kio=1,kro=1}]->[HttpConnection@188020c7[p=HttpParser{s=START,0 of -1},g=HttpGenerator@609dc415{s=START}]=>HttpChannelOverHttp@78629081{s=HttpChannelState@3d6001e9{s=IDLE rs=BLOCKING os=OPEN is=IDLE awp=false se=false i=true al=0},r=0,c=false/false,a=IDLE,uri=null,age=0}]:runFillable:BLOCKING startThread=1
09:34:41.141 [JettyServerThreadPool-59] DEBUG org.eclipse.jetty.util.thread.ReservedThreadExecutor -- ReservedThread@6c8acc61{PENDING,thread=Thread[#59,JettyServerThreadPool-59,5,main]} was=PENDING next=RESERVED size=0+1 capacity=12
09:34:41.141 [JettyServerThreadPool-59] DEBUG org.eclipse.jetty.util.thread.ReservedThreadExecutor -- ReservedThread@6c8acc61{RESERVED,thread=Thread[#59,JettyServerThreadPool-59,5,main]} waiting ReservedThreadExecutor@3af7d855{reserved=1/12,pending=0}
09:34:41.141 [JettyServerThreadPool-54] DEBUG org.eclipse.jetty.util.thread.QueuedThreadPool -- Starting Thread[#67,JettyServerThreadPool-67,5,main]
09:34:41.141 [JettyServerThreadPool-54] DEBUG org.eclipse.jetty.io.ManagedSelector -- updateable 0
09:34:41.141 [JettyServerThreadPool-54] DEBUG org.eclipse.jetty.io.ManagedSelector -- updates 0
09:34:41.141 [JettyServerThreadPool-54] DEBUG org.eclipse.jetty.io.SelectableChannelEndPoint -- Key interests updated 1 -> 0 on SocketChannelEndPoint@729afbf1[{l=/127.0.0.1:51080,r=/127.0.0.1:51081,OPEN,fill=FI,flush=-,to=3/30000}{io=0/0,kio=0,kro=1}]->[HttpConnection@188020c7[p=HttpParser{s=START,0 of -1},g=HttpGenerator@609dc415{s=START}]=>HttpChannelOverHttp@78629081{s=HttpChannelState@3d6001e9{s=IDLE rs=BLOCKING os=OPEN is=IDLE awp=false se=false i=true al=0},r=0,c=false/false,a=IDLE,uri=null,age=0}]
09:34:41.141 [JettyServerThreadPool-54] DEBUG org.eclipse.jetty.io.ManagedSelector -- Selector sun.nio.ch.WEPollSelectorImpl@2db7c65a waiting with 1 keys
09:34:41.141 [JettyServerThreadPool-67] DEBUG org.eclipse.jetty.util.thread.QueuedThreadPool -- Runner started for QueuedThreadPool[JettyServerThreadPool]@77865933{STARTED,8<=9<=250,i=0,r=-1,t=59998ms,q=0}[ReservedThreadExecutor@3af7d855{reserved=1/12,pending=0}]
09:34:41.141 [JettyServerThreadPool-67] DEBUG org.eclipse.jetty.util.thread.QueuedThreadPool -- run SocketChannelEndPoint@729afbf1[{l=/127.0.0.1:51080,r=/127.0.0.1:51081,OPEN,fill=FI,flush=-,to=4/30000}{io=0/0,kio=0,kro=1}]->[HttpConnection@188020c7[p=HttpParser{s=START,0 of -1},g=HttpGenerator@609dc415{s=START}]=>HttpChannelOverHttp@78629081{s=HttpChannelState@3d6001e9{s=IDLE rs=BLOCKING os=OPEN is=IDLE awp=false se=false i=true al=0},r=0,c=false/false,a=IDLE,uri=null,age=0}]:runFillable:BLOCKING in QueuedThreadPool[JettyServerThreadPool]@77865933{STARTED,8<=9<=250,i=0,r=-1,t=59998ms,q=0}[ReservedThreadExecutor@3af7d855{reserved=1/12,pending=0}]
09:34:41.141 [JettyServerThreadPool-67] DEBUG org.eclipse.jetty.io.FillInterest -- fillable FillInterest@5d4ffea6{ReadCallback@44d06bd0{HttpConnection@188020c7::SocketChannelEndPoint@729afbf1[{l=/127.0.0.1:51080,r=/127.0.0.1:51081,OPEN,fill=FI,flush=-,to=4/30000}{io=0/0,kio=0,kro=1}]->[HttpConnection@188020c7[p=HttpParser{s=START,0 of -1},g=HttpGenerator@609dc415{s=START}]=>HttpChannelOverHttp@78629081{s=HttpChannelState@3d6001e9{s=IDLE rs=BLOCKING os=OPEN is=IDLE awp=false se=false i=true al=0},r=0,c=false/false,a=IDLE,uri=null,age=0}]}}
09:34:41.141 [JettyServerThreadPool-67] DEBUG org.eclipse.jetty.server.HttpConnection -- HttpConnection@188020c7::SocketChannelEndPoint@729afbf1[{l=/127.0.0.1:51080,r=/127.0.0.1:51081,OPEN,fill=-,flush=-,to=4/30000}{io=0/0,kio=0,kro=1}]->[HttpConnection@188020c7[p=HttpParser{s=START,0 of -1},g=HttpGenerator@609dc415{s=START}]=>HttpChannelOverHttp@78629081{s=HttpChannelState@3d6001e9{s=IDLE rs=BLOCKING os=OPEN is=IDLE awp=false se=false i=true al=0},r=0,c=false/false,a=IDLE,uri=null,age=0}] onFillable enter HttpChannelState@3d6001e9{s=IDLE rs=BLOCKING os=OPEN is=IDLE awp=false se=false i=true al=0} null
09:34:41.141 [JettyServerThreadPool-67] DEBUG org.eclipse.jetty.util.Pool -- RetainedBucket@31807215[inUse=0,size=1,max=-1,closed=false]{capacity=8192,inuse=0(0%)} returning new reserved entry MonoEntry@3f479a55{PENDING,pooled=null}
09:34:41.141 [JettyServerThreadPool-67] DEBUG org.eclipse.jetty.io.SocketChannelEndPoint -- filled 374 DirectByteBuffer@3b781965[p=0,l=374,c=8192,r=374]={<<<POST /print-validade HTTP...elType":"SIXTY_TWO_MM"}>>>\x00\x00\x00\x00\x00\x00\x00\x00\x00...\x00\x00\x00\x00\x00\x00\x00}
09:34:41.141 [JettyServerThreadPool-67] DEBUG org.eclipse.jetty.server.HttpConnection -- HttpConnection@188020c7::SocketChannelEndPoint@729afbf1[{l=/127.0.0.1:51080,r=/127.0.0.1:51081,OPEN,fill=-,flush=-,to=0/30000}{io=0/0,kio=0,kro=1}]->[HttpConnection@188020c7[p=HttpParser{s=START,0 of -1},g=HttpGenerator@609dc415{s=START}]=>HttpChannelOverHttp@78629081{s=HttpChannelState@3d6001e9{s=IDLE rs=BLOCKING os=OPEN is=IDLE awp=false se=false i=true al=0},r=0,c=false/false,a=IDLE,uri=null,age=0}] filled 374 RetainableByteBuffer@7e7a906e{DirectByteBuffer@3b781965[p=0,l=374,c=8192,r=374]={<<<POST /print-validade HTTP...elType":"SIXTY_TWO_MM"}>>>\x00\x00\x00\x00\x00\x00\x00\x00\x00...\x00\x00\x00\x00\x00\x00\x00},r=1}
09:34:41.141 [JettyServerThreadPool-67] DEBUG org.eclipse.jetty.server.HttpConnection -- HttpConnection@188020c7::SocketChannelEndPoint@729afbf1[{l=/127.0.0.1:51080,r=/127.0.0.1:51081,OPEN,fill=-,flush=-,to=0/30000}{io=0/0,kio=0,kro=1}]->[HttpConnection@188020c7[p=HttpParser{s=START,0 of -1},g=HttpGenerator@609dc415{s=START}]=>HttpChannelOverHttp@78629081{s=HttpChannelState@3d6001e9{s=IDLE rs=BLOCKING os=OPEN is=IDLE awp=false se=false i=true al=0},r=0,c=false/false,a=IDLE,uri=null,age=0}] parse RetainableByteBuffer@7e7a906e{DirectByteBuffer@3b781965[p=0,l=374,c=8192,r=374]={<<<POST /print-validade HTTP...elType":"SIXTY_TWO_MM"}>>>\x00\x00\x00\x00\x00\x00\x00\x00\x00...\x00\x00\x00\x00\x00\x00\x00},r=1}
09:34:41.141 [JettyServerThreadPool-67] DEBUG org.eclipse.jetty.http.HttpParser -- parseNext s=START DirectByteBuffer@3b781965[p=0,l=374,c=8192,r=374]={<<<POST /print-validade HTTP...elType":"SIXTY_TWO_MM"}>>>\x00\x00\x00\x00\x00\x00\x00\x00\x00...\x00\x00\x00\x00\x00\x00\x00}
09:34:41.149 [JettyServerThreadPool-67] DEBUG org.eclipse.jetty.http.HttpParser -- START --> SPACE1
09:34:41.149 [JettyServerThreadPool-67] DEBUG org.eclipse.jetty.http.HttpParser -- SPACE1 --> URI
09:34:41.149 [JettyServerThreadPool-67] DEBUG org.eclipse.jetty.http.HttpParser -- URI --> SPACE2
09:34:41.149 [JettyServerThreadPool-67] DEBUG org.eclipse.jetty.http.HttpParser -- SPACE2 --> REQUEST_VERSION
09:34:41.149 [JettyServerThreadPool-67] DEBUG org.eclipse.jetty.http.HttpParser -- REQUEST_VERSION --> HEADER
09:34:41.149 [JettyServerThreadPool-67] DEBUG org.eclipse.jetty.http.HttpParser -- HEADER:Connection --> IN_VALUE
09:34:41.149 [JettyServerThreadPool-67] DEBUG org.eclipse.jetty.http.HttpParser -- HEADER:Connection --> FIELD
09:34:41.149 [JettyServerThreadPool-67] DEBUG org.eclipse.jetty.http.HttpParser -- parsedHeader(Connection: Upgrade, HTTP2-Settings) header=Connection, headerString=[Connection], valueString=[Upgrade, HTTP2-Settings]
09:34:41.149 [JettyServerThreadPool-67] DEBUG org.eclipse.jetty.http.HttpParser -- HEADER:Content-Length --> VALUE
09:34:41.149 [JettyServerThreadPool-67] DEBUG org.eclipse.jetty.http.HttpParser -- HEADER:Content-Length --> IN_VALUE
09:34:41.149 [JettyServerThreadPool-67] DEBUG org.eclipse.jetty.http.HttpParser -- HEADER:Content-Length --> FIELD
09:34:41.149 [JettyServerThreadPool-67] DEBUG org.eclipse.jetty.http.HttpParser -- parsedHeader(null) header=Content-Length, headerString=[Content-Length], valueString=[111]
09:34:41.149 [JettyServerThreadPool-67] DEBUG org.eclipse.jetty.http.HttpParser -- HEADER:Host --> VALUE
09:34:41.149 [JettyServerThreadPool-67] DEBUG org.eclipse.jetty.http.HttpParser -- HEADER:Host --> IN_VALUE
09:34:41.149 [JettyServerThreadPool-67] DEBUG org.eclipse.jetty.http.HttpParser -- HEADER:Host --> FIELD
09:34:41.149 [JettyServerThreadPool-67] DEBUG org.eclipse.jetty.http.HttpParser -- parsedHeader(Host: localhost:51080) header=Host, headerString=[Host], valueString=[localhost:51080]
09:34:41.149 [JettyServerThreadPool-67] DEBUG org.eclipse.jetty.http.HttpParser -- HEADER:HTTP2-Settings --> VALUE
09:34:41.149 [JettyServerThreadPool-67] DEBUG org.eclipse.jetty.http.HttpParser -- HEADER:HTTP2-Settings --> IN_VALUE
09:34:41.149 [JettyServerThreadPool-67] DEBUG org.eclipse.jetty.http.HttpParser -- HEADER:HTTP2-Settings --> FIELD
09:34:41.149 [JettyServerThreadPool-67] DEBUG org.eclipse.jetty.http.HttpParser -- parsedHeader(null) header=HTTP2-Settings, headerString=[HTTP2-Settings], valueString=[AAEAAEAAAAIAAAAAAAMAAAAAAAQBAAAAAAUAAEAAAAYABgAA]
09:34:41.149 [JettyServerThreadPool-67] DEBUG org.eclipse.jetty.http.HttpParser -- HEADER:Upgrade --> VALUE
09:34:41.149 [JettyServerThreadPool-67] DEBUG org.eclipse.jetty.http.HttpParser -- HEADER:Upgrade --> IN_VALUE
09:34:41.149 [JettyServerThreadPool-67] DEBUG org.eclipse.jetty.http.HttpParser -- HEADER:Upgrade --> FIELD
09:34:41.149 [JettyServerThreadPool-67] DEBUG org.eclipse.jetty.http.HttpParser -- parsedHeader(null) header=Upgrade, headerString=[Upgrade], valueString=[h2c]
09:34:41.149 [JettyServerThreadPool-67] DEBUG org.eclipse.jetty.http.HttpParser -- HEADER:User-Agent --> VALUE
09:34:41.149 [JettyServerThreadPool-67] DEBUG org.eclipse.jetty.http.HttpParser -- HEADER:User-Agent --> IN_VALUE
09:34:41.149 [JettyServerThreadPool-67] DEBUG org.eclipse.jetty.http.HttpParser -- HEADER:User-Agent --> FIELD
09:34:41.149 [JettyServerThreadPool-67] DEBUG org.eclipse.jetty.http.HttpParser -- parsedHeader(User-Agent: Java-http-client/21.0.7) header=User-Agent, headerString=[User-Agent], valueString=[Java-http-client/21.0.7]
09:34:41.149 [JettyServerThreadPool-67] DEBUG org.eclipse.jetty.http.HttpParser -- HEADER:Content-Type: application/json --> IN_VALUE
09:34:41.149 [JettyServerThreadPool-67] DEBUG org.eclipse.jetty.http.HttpParser -- HEADER:Content-Type: application/json --> FIELD
09:34:41.149 [JettyServerThreadPool-67] DEBUG org.eclipse.jetty.http.HttpParser -- parsedHeader(Content-Type: application/json) header=Content-Type, headerString=[Content-Type], valueString=[application/json]
09:34:41.149 [JettyServerThreadPool-67] DEBUG org.eclipse.jetty.http.HttpParser -- HEADER --> CONTENT
09:34:41.149 [JettyServerThreadPool-67] DEBUG org.eclipse.jetty.server.HttpInput -- reopen HttpInput@1289246062 cs=HttpChannelState@3d6001e9{s=IDLE rs=BLOCKING os=OPEN is=IDLE awp=false se=false i=true al=0} cp=org.eclipse.jetty.server.BlockingContentProducer@4f4eeb92 eof=false
09:34:41.149 [JettyServerThreadPool-67] DEBUG org.eclipse.jetty.server.BlockingContentProducer -- reopening org.eclipse.jetty.server.BlockingContentProducer@4f4eeb92
09:34:41.149 [JettyServerThreadPool-67] DEBUG org.eclipse.jetty.server.AsyncContentProducer -- reopening AsyncContentProducer@3406702f[r=null,t=null,i=null,error=false,c=HttpChannelOverHttp@78629081{s=HttpChannelState@3d6001e9{s=IDLE rs=BLOCKING os=OPEN is=IDLE awp=false se=false i=true al=0},r=1,c=false/false,a=IDLE,uri=null,age=0}]
09:34:41.149 [JettyServerThreadPool-67] DEBUG org.eclipse.jetty.server.HttpChannel -- REQUEST for /print-validade on HttpChannelOverHttp@78629081{s=HttpChannelState@3d6001e9{s=IDLE rs=BLOCKING os=OPEN is=IDLE awp=false se=false i=true al=0},r=1,c=false/false,a=IDLE,uri=http://localhost:51080/print-validade,age=0}
POST /print-validade HTTP/1.1
Connection: Upgrade, HTTP2-Settings
Content-Length: 111
Host: localhost:51080
HTTP2-Settings: AAEAAEAAAAIAAAAAAAMAAAAAAAQBAAAAAAUAAEAAAAYABgAA
Upgrade: h2c
User-Agent: Java-http-client/21.0.7
Content-Type: application/json


09:34:41.149 [JettyServerThreadPool-67] DEBUG org.eclipse.jetty.server.HttpChannelOverHttp -- upgrade HttpChannelOverHttp@78629081{s=HttpChannelState@3d6001e9{s=IDLE rs=BLOCKING os=OPEN is=IDLE awp=false se=false i=true al=0},r=1,c=false/false,a=IDLE,uri=http://localhost:51080/print-validade,age=0} Upgrade: h2c
09:34:41.149 [JettyServerThreadPool-67] DEBUG org.eclipse.jetty.server.HttpChannelOverHttp -- No factory for Upgrade: h2c in ServerConnector@5ad5be4a{HTTP/1.1, (http/1.1)}{0.0.0.0:51080}
09:34:41.149 [JettyServerThreadPool-67] DEBUG org.eclipse.jetty.server.HttpConnection -- HttpConnection@188020c7::SocketChannelEndPoint@729afbf1[{l=/127.0.0.1:51080,r=/127.0.0.1:51081,OPEN,fill=-,flush=-,to=3/30000}{io=0/0,kio=0,kro=1}]->[HttpConnection@188020c7[p=HttpParser{s=CONTENT,0 of 111},g=HttpGenerator@609dc415{s=START}]=>HttpChannelOverHttp@78629081{s=HttpChannelState@3d6001e9{s=IDLE rs=BLOCKING os=OPEN is=IDLE awp=false se=false i=true al=0},r=1,c=false/false,a=IDLE,uri=http://localhost:51080/print-validade,age=2}] parsed true HttpParser{s=CONTENT,0 of 111}
09:34:41.151 [JettyServerThreadPool-67] DEBUG org.eclipse.jetty.server.HttpChannel -- handle http://localhost:51080/print-validade HttpChannelOverHttp@78629081{s=HttpChannelState@3d6001e9{s=IDLE rs=BLOCKING os=OPEN is=IDLE awp=false se=false i=true al=0},r=1,c=false/false,a=IDLE,uri=http://localhost:51080/print-validade,age=2} 
09:34:41.151 [JettyServerThreadPool-67] DEBUG org.eclipse.jetty.server.HttpChannelState -- handling HttpChannelState@3d6001e9{s=IDLE rs=BLOCKING os=OPEN is=IDLE awp=false se=false i=true al=0}
09:34:41.151 [JettyServerThreadPool-67] DEBUG org.eclipse.jetty.server.HttpChannel -- action DISPATCH HttpChannelOverHttp@78629081{s=HttpChannelState@3d6001e9{s=HANDLING rs=BLOCKING os=OPEN is=IDLE awp=false se=false i=true al=0},r=1,c=false/false,a=HANDLING,uri=http://localhost:51080/print-validade,age=2}
09:34:41.151 [JettyServerThreadPool-67] DEBUG org.eclipse.jetty.server.Server -- REQUEST POST /print-validade ?null on HttpChannelOverHttp@78629081{s=HttpChannelState@3d6001e9{s=HANDLING rs=BLOCKING os=OPEN is=IDLE awp=false se=false i=true al=0},r=1,c=false/false,a=HANDLING,uri=http://localhost:51080/print-validade,age=2}
09:34:41.151 [JettyServerThreadPool-67] DEBUG org.eclipse.jetty.server.handler.ContextHandler -- scope null||/print-validade @ o.e.j.s.ServletContextHandler@44032fde{/,null,AVAILABLE}
09:34:41.151 [JettyServerThreadPool-67] DEBUG org.eclipse.jetty.server.handler.ContextHandler -- context=||/print-validade @ o.e.j.s.ServletContextHandler@44032fde{/,null,AVAILABLE}
09:34:41.151 [JettyServerThreadPool-67] DEBUG org.eclipse.jetty.server.session.SessionHandler -- Entering scope org.eclipse.jetty.server.session.SessionHandler1130153977==dftMaxIdleSec=-1, dispatch=REQUEST asyncstarted=false
09:34:41.151 [JettyServerThreadPool-67] DEBUG org.eclipse.jetty.server.session.SessionHandler -- sessionHandler=org.eclipse.jetty.server.session.SessionHandler1130153977==dftMaxIdleSec=-1 session=null
09:34:41.151 [JettyServerThreadPool-67] DEBUG org.eclipse.jetty.servlet.ServletHandler -- servlet ||/print-validade|ServletPathMapping{matchValue=, pattern=/*, servletName=io.javalin.jetty.JavalinJettyServlet-4364712f, mappingMatch=PATH, servletPath=, pathInfo=/print-validade} -> io.javalin.jetty.JavalinJettyServlet-4364712f==io.javalin.jetty.JavalinJettyServlet@534a7579{jsp=null,order=-1,inst=true,async=true,src=EMBEDDED:null,STARTED}
09:34:41.151 [JettyServerThreadPool-67] DEBUG org.eclipse.jetty.servlet.ServletHandler -- chain=null
09:34:41.151 [JettyServerThreadPool-67] DEBUG org.eclipse.jetty.server.AsyncContentProducer -- nextTransformedContent AsyncContentProducer@3406702f[r=null,t=null,i=null,error=false,c=HttpChannelOverHttp@78629081{s=HttpChannelState@3d6001e9{s=HANDLING rs=BLOCKING os=OPEN is=IDLE awp=false se=false i=true al=0},r=1,c=false/false,a=HANDLING,uri=http://localhost:51080/print-validade,age=2}]
09:34:41.151 [JettyServerThreadPool-67] DEBUG org.eclipse.jetty.server.AsyncContentProducer -- producing new raw content AsyncContentProducer@3406702f[r=null,t=null,i=null,error=false,c=HttpChannelOverHttp@78629081{s=HttpChannelState@3d6001e9{s=HANDLING rs=BLOCKING os=OPEN is=IDLE awp=false se=false i=true al=0},r=1,c=false/false,a=HANDLING,uri=http://localhost:51080/print-validade,age=2}]
09:34:41.151 [JettyServerThreadPool-67] DEBUG org.eclipse.jetty.server.HttpChannelOverHttp -- produceContent has no content, parsing and filling
09:34:41.151 [JettyServerThreadPool-67] DEBUG org.eclipse.jetty.server.HttpConnection -- HttpConnection@188020c7::SocketChannelEndPoint@729afbf1[{l=/127.0.0.1:51080,r=/127.0.0.1:51081,OPEN,fill=-,flush=-,to=5/30000}{io=0/0,kio=0,kro=1}]->[HttpConnection@188020c7[p=HttpParser{s=CONTENT,0 of 111},g=HttpGenerator@609dc415{s=START}]=>HttpChannelOverHttp@78629081{s=HttpChannelState@3d6001e9{s=HANDLING rs=BLOCKING os=OPEN is=IDLE awp=false se=false i=true al=0},r=1,c=false/false,a=HANDLING,uri=http://localhost:51080/print-validade,age=2}] parse RetainableByteBuffer@7e7a906e{DirectByteBuffer@3b781965[p=263,l=374,c=8192,r=111]={POST /pri...son\r\n\r\n<<<{"productName":"Bolo de T...elType":"SIXTY_TWO_MM"}>>>\x00\x00\x00\x00\x00\x00\x00\x00\x00...\x00\x00\x00\x00\x00\x00\x00},r=1}
09:34:41.151 [JettyServerThreadPool-67] DEBUG org.eclipse.jetty.http.HttpParser -- parseNext s=CONTENT DirectByteBuffer@3b781965[p=263,l=374,c=8192,r=111]={POST /pri...son\r\n\r\n<<<{"productName":"Bolo de T...elType":"SIXTY_TWO_MM"}>>>\x00\x00\x00\x00\x00\x00\x00\x00\x00...\x00\x00\x00\x00\x00\x00\x00}
09:34:41.151 [JettyServerThreadPool-67] DEBUG org.eclipse.jetty.server.HttpChannel -- onContent HttpChannelOverHttp@78629081{s=HttpChannelState@3d6001e9{s=HANDLING rs=BLOCKING os=OPEN is=IDLE awp=false se=false i=true al=0},r=1,c=false/false,a=HANDLING,uri=http://localhost:51080/print-validade,age=2} Content@1e556f21{DirectByteBufferR@10282aa0[p=263,l=374,c=8192,r=111]={POST /pri...son\r\n\r\n<<<{"productName":"Bolo de T...elType":"SIXTY_TWO_MM"}>>>\x00\x00\x00\x00\x00\x00\x00\x00\x00...\x00\x00\x00\x00\x00\x00\x00},spc=false,eof=false,err=null}
09:34:41.151 [JettyServerThreadPool-67] DEBUG org.eclipse.jetty.server.HttpConnection -- HttpConnection@188020c7::SocketChannelEndPoint@729afbf1[{l=/127.0.0.1:51080,r=/127.0.0.1:51081,OPEN,fill=-,flush=-,to=5/30000}{io=0/0,kio=0,kro=1}]->[HttpConnection@188020c7[p=HttpParser{s=CONTENT,111 of 111},g=HttpGenerator@609dc415{s=START}]=>HttpChannelOverHttp@78629081{s=HttpChannelState@3d6001e9{s=HANDLING rs=BLOCKING os=OPEN is=IDLE awp=false se=false i=true al=0},r=1,c=false/false,a=HANDLING,uri=http://localhost:51080/print-validade,age=2}] parsed true HttpParser{s=CONTENT,111 of 111}
09:34:41.151 [JettyServerThreadPool-67] DEBUG org.eclipse.jetty.server.HttpChannelOverHttp -- produceContent produced Content@1e556f21{DirectByteBufferR@10282aa0[p=263,l=374,c=8192,r=111]={POST /pri...son\r\n\r\n<<<{"productName":"Bolo de T...elType":"SIXTY_TWO_MM"}>>>\x00\x00\x00\x00\x00\x00\x00\x00\x00...\x00\x00\x00\x00\x00\x00\x00},spc=false,eof=false,err=null}
09:34:41.151 [JettyServerThreadPool-67] DEBUG org.eclipse.jetty.server.AsyncContentProducer -- produceRawContent updated rawContentArrived to 111 and firstByteTimeStamp to 62127953414200 AsyncContentProducer@3406702f[r=null,t=null,i=null,error=false,c=HttpChannelOverHttp@78629081{s=HttpChannelState@3d6001e9{s=HANDLING rs=BLOCKING os=OPEN is=IDLE awp=false se=false i=true al=0},r=1,c=false/false,a=HANDLING,uri=http://localhost:51080/print-validade,age=2}]
09:34:41.151 [JettyServerThreadPool-67] DEBUG org.eclipse.jetty.server.AsyncContentProducer -- produceRawContent produced Content@1e556f21{DirectByteBufferR@10282aa0[p=263,l=374,c=8192,r=111]={POST /pri...son\r\n\r\n<<<{"productName":"Bolo de T...elType":"SIXTY_TWO_MM"}>>>\x00\x00\x00\x00\x00\x00\x00\x00\x00...\x00\x00\x00\x00\x00\x00\x00},spc=false,eof=false,err=null} AsyncContentProducer@3406702f[r=null,t=null,i=null,error=false,c=HttpChannelOverHttp@78629081{s=HttpChannelState@3d6001e9{s=HANDLING rs=BLOCKING os=OPEN is=IDLE awp=false se=false i=true al=0},r=1,c=false/false,a=HANDLING,uri=http://localhost:51080/print-validade,age=2}]
09:34:41.151 [JettyServerThreadPool-67] DEBUG org.eclipse.jetty.server.AsyncContentProducer -- transforming raw content AsyncContentProducer@3406702f[r=Content@1e556f21{DirectByteBufferR@10282aa0[p=263,l=374,c=8192,r=111]={POST /pri...son\r\n\r\n<<<{"productName":"Bolo de T...elType":"SIXTY_TWO_MM"}>>>\x00\x00\x00\x00\x00\x00\x00\x00\x00...\x00\x00\x00\x00\x00\x00\x00},spc=false,eof=false,err=null},t=null,i=null,error=false,c=HttpChannelOverHttp@78629081{s=HttpChannelState@3d6001e9{s=HANDLING rs=BLOCKING os=OPEN is=IDLE awp=false se=false i=true al=0},r=1,c=false/false,a=HANDLING,uri=http://localhost:51080/print-validade,age=2}]
09:34:41.151 [JettyServerThreadPool-67] DEBUG org.eclipse.jetty.server.AsyncContentProducer -- no interceptor, transformed content is raw content AsyncContentProducer@3406702f[r=Content@1e556f21{DirectByteBufferR@10282aa0[p=263,l=374,c=8192,r=111]={POST /pri...son\r\n\r\n<<<{"productName":"Bolo de T...elType":"SIXTY_TWO_MM"}>>>\x00\x00\x00\x00\x00\x00\x00\x00\x00...\x00\x00\x00\x00\x00\x00\x00},spc=false,eof=false,err=null},t=null,i=null,error=false,c=HttpChannelOverHttp@78629081{s=HttpChannelState@3d6001e9{s=HANDLING rs=BLOCKING os=OPEN is=IDLE awp=false se=false i=true al=0},r=1,c=false/false,a=HANDLING,uri=http://localhost:51080/print-validade,age=4}]
09:34:41.153 [JettyServerThreadPool-67] DEBUG org.eclipse.jetty.server.AsyncContentProducer -- transformed content not yet depleted, returning it AsyncContentProducer@3406702f[r=Content@1e556f21{DirectByteBufferR@10282aa0[p=263,l=374,c=8192,r=111]={POST /pri...son\r\n\r\n<<<{"productName":"Bolo de T...elType":"SIXTY_TWO_MM"}>>>\x00\x00\x00\x00\x00\x00\x00\x00\x00...\x00\x00\x00\x00\x00\x00\x00},spc=false,eof=false,err=null},t=Content@1e556f21{DirectByteBufferR@10282aa0[p=263,l=374,c=8192,r=111]={POST /pri...son\r\n\r\n<<<{"productName":"Bolo de T...elType":"SIXTY_TWO_MM"}>>>\x00\x00\x00\x00\x00\x00\x00\x00\x00...\x00\x00\x00\x00\x00\x00\x00},spc=false,eof=false,err=null},i=null,error=false,c=HttpChannelOverHttp@78629081{s=HttpChannelState@3d6001e9{s=HANDLING rs=BLOCKING os=OPEN is=IDLE awp=false se=false i=true al=0},r=1,c=false/false,a=HANDLING,uri=http://localhost:51080/print-validade,age=4}]
09:34:41.153 [JettyServerThreadPool-67] DEBUG org.eclipse.jetty.server.AsyncContentProducer -- available = 111 AsyncContentProducer@3406702f[r=Content@1e556f21{DirectByteBufferR@10282aa0[p=263,l=374,c=8192,r=111]={POST /pri...son\r\n\r\n<<<{"productName":"Bolo de T...elType":"SIXTY_TWO_MM"}>>>\x00\x00\x00\x00\x00\x00\x00\x00\x00...\x00\x00\x00\x00\x00\x00\x00},spc=false,eof=false,err=null},t=Content@1e556f21{DirectByteBufferR@10282aa0[p=263,l=374,c=8192,r=111]={POST /pri...son\r\n\r\n<<<{"productName":"Bolo de T...elType":"SIXTY_TWO_MM"}>>>\x00\x00\x00\x00\x00\x00\x00\x00\x00...\x00\x00\x00\x00\x00\x00\x00},spc=false,eof=false,err=null},i=null,error=false,c=HttpChannelOverHttp@78629081{s=HttpChannelState@3d6001e9{s=HANDLING rs=BLOCKING os=OPEN is=IDLE awp=false se=false i=true al=0},r=1,c=false/false,a=HANDLING,uri=http://localhost:51080/print-validade,age=4}]
09:34:41.153 [JettyServerThreadPool-67] DEBUG org.eclipse.jetty.server.HttpInput -- available=111 HttpInput@1289246062 cs=HttpChannelState@3d6001e9{s=HANDLING rs=BLOCKING os=OPEN is=IDLE awp=false se=false i=true al=0} cp=org.eclipse.jetty.server.BlockingContentProducer@4f4eeb92 eof=false
09:34:41.153 [JettyServerThreadPool-67] DEBUG org.eclipse.jetty.server.AsyncContentProducer -- checkMinDataRate [m=0,t=62127953414200] AsyncContentProducer@3406702f[r=Content@1e556f21{DirectByteBufferR@10282aa0[p=263,l=374,c=8192,r=111]={POST /pri...son\r\n\r\n<<<{"productName":"Bolo de T...elType":"SIXTY_TWO_MM"}>>>\x00\x00\x00\x00\x00\x00\x00\x00\x00...\x00\x00\x00\x00\x00\x00\x00},spc=false,eof=false,err=null},t=Content@1e556f21{DirectByteBufferR@10282aa0[p=263,l=374,c=8192,r=111]={POST /pri...son\r\n\r\n<<<{"productName":"Bolo de T...elType":"SIXTY_TWO_MM"}>>>\x00\x00\x00\x00\x00\x00\x00\x00\x00...\x00\x00\x00\x00\x00\x00\x00},spc=false,eof=false,err=null},i=null,error=false,c=HttpChannelOverHttp@78629081{s=HttpChannelState@3d6001e9{s=HANDLING rs=BLOCKING os=OPEN is=IDLE awp=false se=false i=true al=0},r=1,c=false/false,a=HANDLING,uri=http://localhost:51080/print-validade,age=4}]
09:34:41.153 [JettyServerThreadPool-67] DEBUG org.eclipse.jetty.server.AsyncContentProducer -- nextTransformedContent AsyncContentProducer@3406702f[r=Content@1e556f21{DirectByteBufferR@10282aa0[p=263,l=374,c=8192,r=111]={POST /pri...son\r\n\r\n<<<{"productName":"Bolo de T...elType":"SIXTY_TWO_MM"}>>>\x00\x00\x00\x00\x00\x00\x00\x00\x00...\x00\x00\x00\x00\x00\x00\x00},spc=false,eof=false,err=null},t=Content@1e556f21{DirectByteBufferR@10282aa0[p=263,l=374,c=8192,r=111]={POST /pri...son\r\n\r\n<<<{"productName":"Bolo de T...elType":"SIXTY_TWO_MM"}>>>\x00\x00\x00\x00\x00\x00\x00\x00\x00...\x00\x00\x00\x00\x00\x00\x00},spc=false,eof=false,err=null},i=null,error=false,c=HttpChannelOverHttp@78629081{s=HttpChannelState@3d6001e9{s=HANDLING rs=BLOCKING os=OPEN is=IDLE awp=false se=false i=true al=0},r=1,c=false/false,a=HANDLING,uri=http://localhost:51080/print-validade,age=4}]
09:34:41.153 [JettyServerThreadPool-67] DEBUG org.eclipse.jetty.server.AsyncContentProducer -- transformed content not yet depleted, returning it AsyncContentProducer@3406702f[r=Content@1e556f21{DirectByteBufferR@10282aa0[p=263,l=374,c=8192,r=111]={POST /pri...son\r\n\r\n<<<{"productName":"Bolo de T...elType":"SIXTY_TWO_MM"}>>>\x00\x00\x00\x00\x00\x00\x00\x00\x00...\x00\x00\x00\x00\x00\x00\x00},spc=false,eof=false,err=null},t=Content@1e556f21{DirectByteBufferR@10282aa0[p=263,l=374,c=8192,r=111]={POST /pri...son\r\n\r\n<<<{"productName":"Bolo de T...elType":"SIXTY_TWO_MM"}>>>\x00\x00\x00\x00\x00\x00\x00\x00\x00...\x00\x00\x00\x00\x00\x00\x00},spc=false,eof=false,err=null},i=null,error=false,c=HttpChannelOverHttp@78629081{s=HttpChannelState@3d6001e9{s=HANDLING rs=BLOCKING os=OPEN is=IDLE awp=false se=false i=true al=0},r=1,c=false/false,a=HANDLING,uri=http://localhost:51080/print-validade,age=4}]
09:34:41.153 [JettyServerThreadPool-67] DEBUG org.eclipse.jetty.server.AsyncContentProducer -- nextContent = Content@1e556f21{DirectByteBufferR@10282aa0[p=263,l=374,c=8192,r=111]={POST /pri...son\r\n\r\n<<<{"productName":"Bolo de T...elType":"SIXTY_TWO_MM"}>>>\x00\x00\x00\x00\x00\x00\x00\x00\x00...\x00\x00\x00\x00\x00\x00\x00},spc=false,eof=false,err=null} AsyncContentProducer@3406702f[r=Content@1e556f21{DirectByteBufferR@10282aa0[p=263,l=374,c=8192,r=111]={POST /pri...son\r\n\r\n<<<{"productName":"Bolo de T...elType":"SIXTY_TWO_MM"}>>>\x00\x00\x00\x00\x00\x00\x00\x00\x00...\x00\x00\x00\x00\x00\x00\x00},spc=false,eof=false,err=null},t=Content@1e556f21{DirectByteBufferR@10282aa0[p=263,l=374,c=8192,r=111]={POST /pri...son\r\n\r\n<<<{"productName":"Bolo de T...elType":"SIXTY_TWO_MM"}>>>\x00\x00\x00\x00\x00\x00\x00\x00\x00...\x00\x00\x00\x00\x00\x00\x00},spc=false,eof=false,err=null},i=null,error=false,c=HttpChannelOverHttp@78629081{s=HttpChannelState@3d6001e9{s=HANDLING rs=BLOCKING os=OPEN is=IDLE awp=false se=false i=true al=0},r=1,c=false/false,a=HANDLING,uri=http://localhost:51080/print-validade,age=4}]
09:34:41.153 [JettyServerThreadPool-67] DEBUG org.eclipse.jetty.server.HttpChannelState -- onReadIdle HttpChannelState@3d6001e9{s=HANDLING rs=BLOCKING os=OPEN is=IDLE awp=false se=false i=true al=0}
09:34:41.153 [JettyServerThreadPool-67] DEBUG org.eclipse.jetty.server.BlockingContentProducer -- nextContent async producer returned Content@1e556f21{DirectByteBufferR@10282aa0[p=263,l=374,c=8192,r=111]={POST /pri...son\r\n\r\n<<<{"productName":"Bolo de T...elType":"SIXTY_TWO_MM"}>>>\x00\x00\x00\x00\x00\x00\x00\x00\x00...\x00\x00\x00\x00\x00\x00\x00},spc=false,eof=false,err=null}
09:34:41.153 [JettyServerThreadPool-67] DEBUG org.eclipse.jetty.server.HttpInput -- read produced 111 byte(s) HttpInput@1289246062 cs=HttpChannelState@3d6001e9{s=HANDLING rs=BLOCKING os=OPEN is=IDLE awp=false se=false i=true al=0} cp=org.eclipse.jetty.server.BlockingContentProducer@4f4eeb92 eof=false
09:34:41.153 [JettyServerThreadPool-67] DEBUG org.eclipse.jetty.server.AsyncContentProducer -- reclaim Content@1e556f21{DirectByteBufferR@10282aa0[p=374,l=374,c=8192,r=0]={POST /pri...WO_MM"}<<<>>>\x00\x00\x00\x00\x00\x00\x00\x00\x00...\x00\x00\x00\x00\x00\x00\x00},spc=false,eof=false,err=null} AsyncContentProducer@3406702f[r=Content@1e556f21{DirectByteBufferR@10282aa0[p=374,l=374,c=8192,r=0]={POST /pri...WO_MM"}<<<>>>\x00\x00\x00\x00\x00\x00\x00\x00\x00...\x00\x00\x00\x00\x00\x00\x00},spc=false,eof=false,err=null},t=Content@1e556f21{DirectByteBufferR@10282aa0[p=374,l=374,c=8192,r=0]={POST /pri...WO_MM"}<<<>>>\x00\x00\x00\x00\x00\x00\x00\x00\x00...\x00\x00\x00\x00\x00\x00\x00},spc=false,eof=false,err=null},i=null,error=false,c=HttpChannelOverHttp@78629081{s=HttpChannelState@3d6001e9{s=HANDLING rs=BLOCKING os=OPEN is=IDLE awp=false se=false i=true al=0},r=1,c=false/false,a=HANDLING,uri=http://localhost:51080/print-validade,age=4}]
09:34:41.153 [JettyServerThreadPool-67] DEBUG org.eclipse.jetty.server.AsyncContentProducer -- checkMinDataRate [m=0,t=62127953414200] AsyncContentProducer@3406702f[r=null,t=null,i=null,error=false,c=HttpChannelOverHttp@78629081{s=HttpChannelState@3d6001e9{s=HANDLING rs=BLOCKING os=OPEN is=IDLE awp=false se=false i=true al=0},r=1,c=false/false,a=HANDLING,uri=http://localhost:51080/print-validade,age=4}]
09:34:41.153 [JettyServerThreadPool-67] DEBUG org.eclipse.jetty.server.AsyncContentProducer -- nextTransformedContent AsyncContentProducer@3406702f[r=null,t=null,i=null,error=false,c=HttpChannelOverHttp@78629081{s=HttpChannelState@3d6001e9{s=HANDLING rs=BLOCKING os=OPEN is=IDLE awp=false se=false i=true al=0},r=1,c=false/false,a=HANDLING,uri=http://localhost:51080/print-validade,age=4}]
09:34:41.153 [JettyServerThreadPool-67] DEBUG org.eclipse.jetty.server.AsyncContentProducer -- producing new raw content AsyncContentProducer@3406702f[r=null,t=null,i=null,error=false,c=HttpChannelOverHttp@78629081{s=HttpChannelState@3d6001e9{s=HANDLING rs=BLOCKING os=OPEN is=IDLE awp=false se=false i=true al=0},r=1,c=false/false,a=HANDLING,uri=http://localhost:51080/print-validade,age=4}]
09:34:41.153 [JettyServerThreadPool-67] DEBUG org.eclipse.jetty.server.HttpChannelOverHttp -- produceContent has no content, parsing and filling
09:34:41.153 [JettyServerThreadPool-67] DEBUG org.eclipse.jetty.server.HttpConnection -- HttpConnection@188020c7::SocketChannelEndPoint@729afbf1[{l=/127.0.0.1:51080,r=/127.0.0.1:51081,OPEN,fill=-,flush=-,to=8/30000}{io=0/0,kio=0,kro=1}]->[HttpConnection@188020c7[p=HttpParser{s=CONTENT,111 of 111},g=HttpGenerator@609dc415{s=START}]=>HttpChannelOverHttp@78629081{s=HttpChannelState@3d6001e9{s=HANDLING rs=BLOCKING os=OPEN is=IDLE awp=false se=false i=true al=0},r=1,c=false/false,a=HANDLING,uri=http://localhost:51080/print-validade,age=4}] parse RetainableByteBuffer@7e7a906e{DirectByteBuffer@3b781965[p=374,l=374,c=8192,r=0]={POST /pri...WO_MM"}<<<>>>\x00\x00\x00\x00\x00\x00\x00\x00\x00...\x00\x00\x00\x00\x00\x00\x00},r=1}
09:34:41.153 [JettyServerThreadPool-67] DEBUG org.eclipse.jetty.http.HttpParser -- parseNext s=CONTENT DirectByteBuffer@3b781965[p=374,l=374,c=8192,r=0]={POST /pri...WO_MM"}<<<>>>\x00\x00\x00\x00\x00\x00\x00\x00\x00...\x00\x00\x00\x00\x00\x00\x00}
09:34:41.153 [JettyServerThreadPool-67] DEBUG org.eclipse.jetty.http.HttpParser -- CONTENT --> CONTENT_END
09:34:41.153 [JettyServerThreadPool-67] DEBUG org.eclipse.jetty.server.HttpChannel -- onContentComplete HttpChannelOverHttp@78629081{s=HttpChannelState@3d6001e9{s=HANDLING rs=BLOCKING os=OPEN is=IDLE awp=false se=false i=true al=0},r=1,c=false/false,a=HANDLING,uri=http://localhost:51080/print-validade,age=4}
09:34:41.153 [JettyServerThreadPool-67] DEBUG org.eclipse.jetty.http.HttpParser -- CONTENT_END --> END
09:34:41.153 [JettyServerThreadPool-67] DEBUG org.eclipse.jetty.server.HttpChannel -- onRequestComplete HttpChannelOverHttp@78629081{s=HttpChannelState@3d6001e9{s=HANDLING rs=BLOCKING os=OPEN is=IDLE awp=false se=false i=true al=0},r=1,c=false/false,a=HANDLING,uri=http://localhost:51080/print-validade,age=4}
09:34:41.153 [JettyServerThreadPool-67] DEBUG org.eclipse.jetty.server.HttpChannelOverHttp -- received EOF, content = null
09:34:41.153 [JettyServerThreadPool-67] DEBUG org.eclipse.jetty.server.HttpConnection -- HttpConnection@188020c7::SocketChannelEndPoint@729afbf1[{l=/127.0.0.1:51080,r=/127.0.0.1:51081,OPEN,fill=-,flush=-,to=8/30000}{io=0/0,kio=0,kro=1}]->[HttpConnection@188020c7[p=HttpParser{s=END,111 of 111},g=HttpGenerator@609dc415{s=START}]=>HttpChannelOverHttp@78629081{s=HttpChannelState@3d6001e9{s=HANDLING rs=BLOCKING os=OPEN is=IDLE awp=false se=false i=true al=0},r=1,c=false/false,a=HANDLING,uri=http://localhost:51080/print-validade,age=4}] parsed false HttpParser{s=END,111 of 111}
09:34:41.153 [JettyServerThreadPool-67] DEBUG org.eclipse.jetty.server.HttpConnection -- releaseRequestBuffer HttpConnection@188020c7::SocketChannelEndPoint@729afbf1[{l=/127.0.0.1:51080,r=/127.0.0.1:51081,OPEN,fill=-,flush=-,to=9/30000}{io=0/0,kio=0,kro=1}]->[HttpConnection@188020c7[p=HttpParser{s=END,111 of 111},g=HttpGenerator@609dc415{s=START}]=>HttpChannelOverHttp@78629081{s=HttpChannelState@3d6001e9{s=HANDLING rs=BLOCKING os=OPEN is=IDLE awp=false se=false i=true al=0},r=1,c=false/false,a=HANDLING,uri=http://localhost:51080/print-validade,age=4}]
09:34:41.153 [JettyServerThreadPool-67] DEBUG org.eclipse.jetty.server.HttpChannelOverHttp -- produceContent produced EofContent
09:34:41.153 [JettyServerThreadPool-67] DEBUG org.eclipse.jetty.server.AsyncContentProducer -- produceRawContent updated rawContentArrived to 111 and firstByteTimeStamp to 62127953414200 AsyncContentProducer@3406702f[r=null,t=null,i=null,error=false,c=HttpChannelOverHttp@78629081{s=HttpChannelState@3d6001e9{s=HANDLING rs=BLOCKING os=OPEN is=IDLE awp=false se=false i=true al=0},r=1,c=false/false,a=HANDLING,uri=http://localhost:51080/print-validade,age=4}]
09:34:41.153 [JettyServerThreadPool-67] DEBUG org.eclipse.jetty.server.AsyncContentProducer -- produceRawContent produced EofContent AsyncContentProducer@3406702f[r=null,t=null,i=null,error=false,c=HttpChannelOverHttp@78629081{s=HttpChannelState@3d6001e9{s=HANDLING rs=BLOCKING os=OPEN is=IDLE awp=false se=false i=true al=0},r=1,c=false/false,a=HANDLING,uri=http://localhost:51080/print-validade,age=4}]
09:34:41.153 [JettyServerThreadPool-67] DEBUG org.eclipse.jetty.server.AsyncContentProducer -- transforming raw content AsyncContentProducer@3406702f[r=EofContent,t=null,i=null,error=false,c=HttpChannelOverHttp@78629081{s=HttpChannelState@3d6001e9{s=HANDLING rs=BLOCKING os=OPEN is=IDLE awp=false se=false i=true al=0},r=1,c=false/false,a=HANDLING,uri=http://localhost:51080/print-validade,age=4}]
09:34:41.153 [JettyServerThreadPool-67] DEBUG org.eclipse.jetty.server.AsyncContentProducer -- no interceptor, transformed content is raw content AsyncContentProducer@3406702f[r=EofContent,t=null,i=null,error=false,c=HttpChannelOverHttp@78629081{s=HttpChannelState@3d6001e9{s=HANDLING rs=BLOCKING os=OPEN is=IDLE awp=false se=false i=true al=0},r=1,c=false/false,a=HANDLING,uri=http://localhost:51080/print-validade,age=4}]
09:34:41.153 [JettyServerThreadPool-67] DEBUG org.eclipse.jetty.server.AsyncContentProducer -- transformed content not yet depleted, returning it AsyncContentProducer@3406702f[r=EofContent,t=EofContent,i=null,error=false,c=HttpChannelOverHttp@78629081{s=HttpChannelState@3d6001e9{s=HANDLING rs=BLOCKING os=OPEN is=IDLE awp=false se=false i=true al=0},r=1,c=false/false,a=HANDLING,uri=http://localhost:51080/print-validade,age=4}]
09:34:41.153 [JettyServerThreadPool-67] DEBUG org.eclipse.jetty.server.AsyncContentProducer -- nextContent = EofContent AsyncContentProducer@3406702f[r=EofContent,t=EofContent,i=null,error=false,c=HttpChannelOverHttp@78629081{s=HttpChannelState@3d6001e9{s=HANDLING rs=BLOCKING os=OPEN is=IDLE awp=false se=false i=true al=0},r=1,c=false/false,a=HANDLING,uri=http://localhost:51080/print-validade,age=4}]
09:34:41.153 [JettyServerThreadPool-67] DEBUG org.eclipse.jetty.server.HttpChannelState -- onReadIdle HttpChannelState@3d6001e9{s=HANDLING rs=BLOCKING os=OPEN is=IDLE awp=false se=false i=true al=0}
09:34:41.153 [JettyServerThreadPool-67] DEBUG org.eclipse.jetty.server.BlockingContentProducer -- nextContent async producer returned EofContent
09:34:41.153 [JettyServerThreadPool-67] DEBUG org.eclipse.jetty.server.HttpInput -- read error=null HttpInput@1289246062 cs=HttpChannelState@3d6001e9{s=HANDLING rs=BLOCKING os=OPEN is=IDLE awp=false se=false i=true al=0} cp=org.eclipse.jetty.server.BlockingContentProducer@4f4eeb92 eof=false
09:34:41.153 [JettyServerThreadPool-67] DEBUG org.eclipse.jetty.server.HttpInput -- read at EOF, setting consumed EOF to true HttpInput@1289246062 cs=HttpChannelState@3d6001e9{s=HANDLING rs=BLOCKING os=OPEN is=IDLE awp=false se=false i=true al=0} cp=org.eclipse.jetty.server.BlockingContentProducer@4f4eeb92 eof=false
09:34:41.153 [JettyServerThreadPool-67] DEBUG org.eclipse.jetty.server.BlockingContentProducer -- onContentProducible releasing semaphore LockedSemaphore permits=0 unready=false
09:34:41.158 [JettyServerThreadPool-67] INFO controller.PrintController -- Recebida requisição para /print-validade: {"productName":"Bolo de Teste","mfgDate":"2025-08-04","validityDays":5,"quantity":2,"labelType":"SIXTY_TWO_MM"}
09:34:41.160 [JettyServerThreadPool-67] DEBUG org.eclipse.jetty.server.HttpOutput -- write(array HeapByteBuffer@2882514c[p=0,l=41,c=4096,r=41]={<<<Etiqueta de validade enviada com sucesso!>>>\x00\x00\x00\x00\x00\x00\x00\x00\x00...\x00\x00\x00\x00\x00\x00\x00})
09:34:41.160 [JettyServerThreadPool-67] DEBUG org.eclipse.jetty.server.HttpOutput -- write(array) s=OPEN,api=BLOCKING,sc=false,e=null aggregated !flush DirectByteBuffer@2f02db7b[p=0,l=41,c=32768,r=41]={<<<Etiqueta de validade enviada com sucesso!>>>\x00\x00\x00\x00\x00\x00\x00\x00\x00...\x00\x00\x00\x00\x00\x00\x00}
09:34:41.160 [JettyServerThreadPool-67] DEBUG org.eclipse.jetty.server.session.SessionHandler -- Leaving scope org.eclipse.jetty.server.session.SessionHandler1130153977==dftMaxIdleSec=-1 dispatch=REQUEST, async=false, session=null, oldsession=null, oldsessionhandler=null
09:34:41.160 [JettyServerThreadPool-67] DEBUG org.eclipse.jetty.server.Server -- handled=true async=false committed=false on HttpChannelOverHttp@78629081{s=HttpChannelState@3d6001e9{s=HANDLING rs=BLOCKING os=OPEN is=IDLE awp=false se=false i=true al=0},r=1,c=false/false,a=HANDLING,uri=http://localhost:51080/print-validade,age=11}
09:34:41.160 [JettyServerThreadPool-67] DEBUG org.eclipse.jetty.server.HttpChannelState -- unhandle HttpChannelState@3d6001e9{s=HANDLING rs=BLOCKING os=OPEN is=IDLE awp=false se=false i=true al=0}
09:34:41.160 [JettyServerThreadPool-67] DEBUG org.eclipse.jetty.server.HttpChannelState -- nextAction(false) COMPLETE HttpChannelState@3d6001e9{s=HANDLING rs=COMPLETING os=OPEN is=IDLE awp=false se=false i=false al=0}
09:34:41.160 [JettyServerThreadPool-67] DEBUG org.eclipse.jetty.server.HttpChannel -- action COMPLETE HttpChannelOverHttp@78629081{s=HttpChannelState@3d6001e9{s=HANDLING rs=COMPLETING os=OPEN is=IDLE awp=false se=false i=false al=0},r=1,c=false/false,a=HANDLING,uri=http://localhost:51080/print-validade,age=11}
09:34:41.160 [JettyServerThreadPool-67] DEBUG org.eclipse.jetty.server.HttpInput -- consumeAll HttpInput@1289246062 cs=HttpChannelState@3d6001e9{s=HANDLING rs=COMPLETING os=OPEN is=IDLE awp=false se=false i=false al=0} cp=org.eclipse.jetty.server.BlockingContentProducer@4f4eeb92 eof=true
09:34:41.160 [JettyServerThreadPool-67] DEBUG org.eclipse.jetty.server.HttpChannelOverHttp -- failing all content with org.eclipse.jetty.util.StaticException: Unconsumed content HttpChannelOverHttp@78629081{s=HttpChannelState@3d6001e9{s=HANDLING rs=COMPLETING os=OPEN is=IDLE awp=false se=false i=false al=0},r=1,c=false/false,a=HANDLING,uri=http://localhost:51080/print-validade,age=11}
09:34:41.160 [JettyServerThreadPool-67] DEBUG org.eclipse.jetty.server.AsyncContentProducer -- failed all content of http channel EOF=true AsyncContentProducer@3406702f[r=ErrorContent [org.eclipse.jetty.util.StaticException: Unconsumed content],t=ErrorContent [org.eclipse.jetty.util.StaticException: Unconsumed content],i=null,error=false,c=HttpChannelOverHttp@78629081{s=HttpChannelState@3d6001e9{s=HANDLING rs=COMPLETING os=OPEN is=IDLE awp=false se=false i=false al=0},r=1,c=false/false,a=HANDLING,uri=http://localhost:51080/print-validade,age=11}]
09:34:41.162 [JettyServerThreadPool-67] DEBUG org.eclipse.jetty.server.HttpInput -- isFinished=true HttpInput@1289246062 cs=HttpChannelState@3d6001e9{s=HANDLING rs=COMPLETING os=OPEN is=IDLE awp=false se=false i=false al=0} cp=org.eclipse.jetty.server.BlockingContentProducer@4f4eeb92 eof=true
09:34:41.162 [JettyServerThreadPool-67] DEBUG org.eclipse.jetty.server.AsyncContentProducer -- isError = false AsyncContentProducer@3406702f[r=ErrorContent [org.eclipse.jetty.util.StaticException: Unconsumed content],t=ErrorContent [org.eclipse.jetty.util.StaticException: Unconsumed content],i=null,error=false,c=HttpChannelOverHttp@78629081{s=HttpChannelState@3d6001e9{s=HANDLING rs=COMPLETING os=OPEN is=IDLE awp=false se=false i=false al=0},r=1,c=false/false,a=HANDLING,uri=http://localhost:51080/print-validade,age=13}]
09:34:41.162 [JettyServerThreadPool-67] DEBUG org.eclipse.jetty.server.HttpInput -- isError=false HttpInput@1289246062 cs=HttpChannelState@3d6001e9{s=HANDLING rs=COMPLETING os=OPEN is=IDLE awp=false se=false i=false al=0} cp=org.eclipse.jetty.server.BlockingContentProducer@4f4eeb92 eof=true
09:34:41.162 [JettyServerThreadPool-67] DEBUG org.eclipse.jetty.server.HttpOutput -- complete(org.eclipse.jetty.util.Callback$3@1a1b95dd) s=CLOSING,api=BLOCKED,sc=false,e=null s=false e=null, c=DirectByteBuffer@2f02db7b[p=0,l=41,c=32768,r=41]={<<<Etiqueta de validade enviada com sucesso!>>>\x00\x00\x00\x00\x00\x00\x00\x00\x00...\x00\x00\x00\x00\x00\x00\x00}
09:34:41.162 [JettyServerThreadPool-67] DEBUG org.eclipse.jetty.server.HttpChannel -- sendResponse info=null content=DirectByteBuffer@2f02db7b[p=0,l=41,c=32768,r=41]={<<<Etiqueta de validade enviada com sucesso!>>>\x00\x00\x00\x00\x00\x00\x00\x00\x00...\x00\x00\x00\x00\x00\x00\x00} complete=true committing=true callback=org.eclipse.jetty.server.HttpOutput$WriteCompleteCB@4bb7c114
09:34:41.162 [JettyServerThreadPool-67] DEBUG org.eclipse.jetty.server.HttpChannel -- COMMIT for /print-validade on HttpChannelOverHttp@78629081{s=HttpChannelState@3d6001e9{s=HANDLING rs=COMPLETING os=COMMITTED is=IDLE awp=false se=false i=false al=0},r=1,c=false/false,a=HANDLING,uri=http://localhost:51080/print-validade,age=13}
200 null HTTP/1.1
Date: Tue, 02 Sep 2025 12:34:41 GMT
Content-Type: text/plain


09:34:41.162 [JettyServerThreadPool-67] DEBUG org.eclipse.jetty.server.HttpConnection -- generate: NEED_HEADER for SendCallback@7185e11f[PROCESSING][i=HTTP/1.1{s=200,h=2,cl=-1},cb=org.eclipse.jetty.server.HttpChannel$SendCallback@48652557] (null,[p=0,l=41,c=32768,r=41],true)@START
09:34:41.162 [JettyServerThreadPool-67] DEBUG org.eclipse.jetty.http.HttpGenerator -- generateHeaders HTTP/1.1{s=200,h=2,cl=-1} last=true content=DirectByteBuffer@2f02db7b[p=0,l=41,c=32768,r=41]={<<<Etiqueta de validade enviada com sucesso!>>>\x00\x00\x00\x00\x00\x00\x00\x00\x00...\x00\x00\x00\x00\x00\x00\x00}
09:34:41.162 [JettyServerThreadPool-67] DEBUG org.eclipse.jetty.http.HttpGenerator -- Date: Tue, 02 Sep 2025 12:34:41 GMT
Content-Type: text/plain


09:34:41.162 [JettyServerThreadPool-67] DEBUG org.eclipse.jetty.http.HttpGenerator -- CONTENT_LENGTH
09:34:41.162 [JettyServerThreadPool-67] DEBUG org.eclipse.jetty.server.HttpConnection -- generate: FLUSH for SendCallback@7185e11f[PROCESSING][i=HTTP/1.1{s=200,h=2,cl=-1},cb=org.eclipse.jetty.server.HttpChannel$SendCallback@48652557] ([p=0,l=102,c=8192,r=102],[p=0,l=41,c=32768,r=41],true)@COMPLETING
09:34:41.162 [JettyServerThreadPool-67] DEBUG org.eclipse.jetty.io.WriteFlusher -- write: WriteFlusher@7bdc2b4c{IDLE}->null [DirectByteBuffer@e16f4fb[p=0,l=102,c=8192,r=102]={<<<HTTP/1.1 200 OK\r\nDate: Tu...\nContent-Length: 41\r\n\r\n>>>\x00\x00\x00\x00\x00\x00\x00\x00\x00...\x00\x00\x00\x00\x00\x00\x00},DirectByteBuffer@2f02db7b[p=0,l=41,c=32768,r=41]={<<<Etiqueta de validade enviada com sucesso!>>>\x00\x00\x00\x00\x00\x00\x00\x00\x00...\x00\x00\x00\x00\x00\x00\x00}]
09:34:41.162 [JettyServerThreadPool-67] DEBUG org.eclipse.jetty.io.WriteFlusher -- update WriteFlusher@7bdc2b4c{WRITING}->null:IDLE-->WRITING
09:34:41.162 [JettyServerThreadPool-67] DEBUG org.eclipse.jetty.io.SocketChannelEndPoint -- flushed 143 SocketChannelEndPoint@729afbf1[{l=/127.0.0.1:51080,r=/127.0.0.1:51081,OPEN,fill=-,flush=W,to=17/30000}{io=0/0,kio=0,kro=1}]->[HttpConnection@188020c7[p=HttpParser{s=END,111 of 111},g=HttpGenerator@609dc415{s=COMPLETING}]=>HttpChannelOverHttp@78629081{s=HttpChannelState@3d6001e9{s=HANDLING rs=COMPLETING os=COMMITTED is=IDLE awp=false se=false i=false al=0},r=1,c=false/false,a=HANDLING,uri=http://localhost:51080/print-validade,age=13}]
09:34:41.164 [JettyServerThreadPool-67] DEBUG org.eclipse.jetty.io.WriteFlusher -- Flushed=true written=143 remaining=0 WriteFlusher@7bdc2b4c{WRITING}->null
09:34:41.164 [JettyServerThreadPool-67] DEBUG org.eclipse.jetty.io.WriteFlusher -- update WriteFlusher@7bdc2b4c{IDLE}->null:WRITING-->IDLE
09:34:41.164 [JettyServerThreadPool-67] DEBUG org.eclipse.jetty.server.HttpConnection -- generate: DONE for SendCallback@7185e11f[PROCESSING][i=HTTP/1.1{s=200,h=2,cl=-1},cb=org.eclipse.jetty.server.HttpChannel$SendCallback@48652557] ([p=102,l=102,c=8192,r=0],[p=41,l=41,c=32768,r=0],true)@END
09:34:41.164 [JettyServerThreadPool-67] DEBUG org.eclipse.jetty.server.HttpOutput -- onWriteComplete(true,null) s=CLOSING,api=BLOCKED,sc=false,e=null->s=CLOSED,api=BLOCKING,sc=false,e=null c=null cb=org.eclipse.jetty.util.Callback$3@1a1b95dd w=false
09:34:41.164 [JettyServerThreadPool-67] DEBUG org.eclipse.jetty.server.HttpChannelState -- completed HttpChannelState@3d6001e9{s=HANDLING rs=COMPLETING os=COMPLETED is=IDLE awp=false se=false i=false al=0}
09:34:41.164 [JettyServerThreadPool-67] DEBUG org.eclipse.jetty.server.HttpChannelState -- unhandle HttpChannelState@3d6001e9{s=HANDLING rs=COMPLETED os=COMPLETED is=IDLE awp=false se=false i=false al=0}
09:34:41.164 [JettyServerThreadPool-67] DEBUG org.eclipse.jetty.server.HttpChannelState -- nextAction(false) TERMINATED HttpChannelState@3d6001e9{s=IDLE rs=COMPLETED os=COMPLETED is=IDLE awp=false se=false i=false al=0}
09:34:41.164 [JettyServerThreadPool-67] DEBUG org.eclipse.jetty.server.HttpChannel -- action TERMINATED HttpChannelOverHttp@78629081{s=HttpChannelState@3d6001e9{s=IDLE rs=COMPLETED os=COMPLETED is=IDLE awp=false se=false i=false al=0},r=1,c=true/true,a=IDLE,uri=http://localhost:51080/print-validade,age=15}
09:34:41.164 [JettyServerThreadPool-67] DEBUG org.eclipse.jetty.server.HttpChannel -- onCompleted for /print-validade written=41
09:34:41.164 [JettyServerThreadPool-67] DEBUG org.eclipse.jetty.server.HttpInput -- consumeAll HttpInput@1289246062 cs=HttpChannelState@3d6001e9{s=IDLE rs=COMPLETED os=COMPLETED is=IDLE awp=false se=false i=false al=0} cp=org.eclipse.jetty.server.BlockingContentProducer@4f4eeb92 eof=true
09:34:41.164 [JettyServerThreadPool-67] DEBUG org.eclipse.jetty.server.HttpChannelOverHttp -- failing all content with org.eclipse.jetty.util.StaticException: Unconsumed content HttpChannelOverHttp@78629081{s=HttpChannelState@3d6001e9{s=IDLE rs=COMPLETED os=COMPLETED is=IDLE awp=false se=false i=false al=0},r=1,c=true/true,a=IDLE,uri=http://localhost:51080/print-validade,age=15}
09:34:41.164 [JettyServerThreadPool-67] DEBUG org.eclipse.jetty.server.AsyncContentProducer -- failed all content of http channel EOF=true AsyncContentProducer@3406702f[r=ErrorContent [org.eclipse.jetty.util.StaticException: Unconsumed content],t=ErrorContent [org.eclipse.jetty.util.StaticException: Unconsumed content],i=null,error=false,c=HttpChannelOverHttp@78629081{s=HttpChannelState@3d6001e9{s=IDLE rs=COMPLETED os=COMPLETED is=IDLE awp=false se=false i=false al=0},r=1,c=true/true,a=IDLE,uri=http://localhost:51080/print-validade,age=15}]
09:34:41.164 [JettyServerThreadPool-67] DEBUG org.eclipse.jetty.server.HttpInput -- isFinished=true HttpInput@1289246062 cs=HttpChannelState@3d6001e9{s=IDLE rs=COMPLETED os=COMPLETED is=IDLE awp=false se=false i=false al=0} cp=org.eclipse.jetty.server.BlockingContentProducer@4f4eeb92 eof=true
09:34:41.166 [JettyServerThreadPool-67] DEBUG org.eclipse.jetty.server.AsyncContentProducer -- isError = false AsyncContentProducer@3406702f[r=ErrorContent [org.eclipse.jetty.util.StaticException: Unconsumed content],t=ErrorContent [org.eclipse.jetty.util.StaticException: Unconsumed content],i=null,error=false,c=HttpChannelOverHttp@78629081{s=HttpChannelState@3d6001e9{s=IDLE rs=COMPLETED os=COMPLETED is=IDLE awp=false se=false i=false al=0},r=1,c=true/true,a=IDLE,uri=http://localhost:51080/print-validade,age=17}]
09:34:41.166 [JettyServerThreadPool-67] DEBUG org.eclipse.jetty.server.HttpInput -- isError=false HttpInput@1289246062 cs=HttpChannelState@3d6001e9{s=IDLE rs=COMPLETED os=COMPLETED is=IDLE awp=false se=false i=false al=0} cp=org.eclipse.jetty.server.BlockingContentProducer@4f4eeb92 eof=true
09:34:41.166 [JettyServerThreadPool-67] DEBUG org.eclipse.jetty.server.HttpChannelState -- recycle HttpChannelState@3d6001e9{s=IDLE rs=COMPLETED os=COMPLETED is=IDLE awp=false se=false i=false al=0}
09:34:41.166 [JettyServerThreadPool-67] DEBUG org.eclipse.jetty.server.HttpInput -- recycle HttpInput@1289246062 cs=HttpChannelState@3d6001e9{s=IDLE rs=BLOCKING os=OPEN is=IDLE awp=false se=false i=true al=0} cp=org.eclipse.jetty.server.BlockingContentProducer@4f4eeb92 eof=true
09:34:41.166 [JettyServerThreadPool-67] DEBUG org.eclipse.jetty.server.BlockingContentProducer -- recycling org.eclipse.jetty.server.BlockingContentProducer@4f4eeb92
09:34:41.166 [JettyServerThreadPool-67] DEBUG org.eclipse.jetty.server.AsyncContentProducer -- recycling AsyncContentProducer@3406702f[r=ErrorContent [org.eclipse.jetty.util.StaticException: Unconsumed content],t=ErrorContent [org.eclipse.jetty.util.StaticException: Unconsumed content],i=null,error=false,c=HttpChannelOverHttp@78629081{s=HttpChannelState@3d6001e9{s=IDLE rs=BLOCKING os=OPEN is=IDLE awp=false se=false i=true al=0},r=1,c=false/false,a=IDLE,uri=http://localhost:51080/print-validade,age=17}]
09:34:41.166 [JettyServerThreadPool-67] DEBUG org.eclipse.jetty.http.HttpParser -- reset HttpParser{s=END,111 of 111}
09:34:41.166 [JettyServerThreadPool-67] DEBUG org.eclipse.jetty.http.HttpParser -- END --> START
09:34:41.166 [JettyServerThreadPool-67] DEBUG org.eclipse.jetty.server.HttpChannel -- !handle TERMINATED HttpChannelOverHttp@78629081{s=HttpChannelState@3d6001e9{s=IDLE rs=BLOCKING os=OPEN is=IDLE awp=false se=false i=true al=0},r=1,c=false/false,a=IDLE,uri=null,age=0}
09:34:41.166 [JettyServerThreadPool-67] DEBUG org.eclipse.jetty.io.SocketChannelEndPoint -- filled 0 DirectByteBuffer@3b781965[p=0,l=0,c=8192,r=0]={<<<>>>POST /pri...\x00\x00\x00\x00\x00\x00\x00}
09:34:41.166 [JettyServerThreadPool-67] DEBUG org.eclipse.jetty.io.SocketChannelEndPoint -- filled 0 DirectByteBuffer@3b781965[p=0,l=0,c=8192,r=0]={<<<>>>POST /pri...\x00\x00\x00\x00\x00\x00\x00}
09:34:41.166 [JettyServerThreadPool-67] DEBUG org.eclipse.jetty.server.HttpConnection -- HttpConnection@188020c7::SocketChannelEndPoint@729afbf1[{l=/127.0.0.1:51080,r=/127.0.0.1:51081,OPEN,fill=-,flush=-,to=3/30000}{io=0/0,kio=0,kro=1}]->[HttpConnection@188020c7[p=HttpParser{s=START,0 of -1},g=HttpGenerator@609dc415{s=START}]=>HttpChannelOverHttp@78629081{s=HttpChannelState@3d6001e9{s=IDLE rs=BLOCKING os=OPEN is=IDLE awp=false se=false i=true al=0},r=1,c=false/false,a=IDLE,uri=null,age=0}] filled 0 RetainableByteBuffer@7e7a906e{DirectByteBuffer@3b781965[p=0,l=0,c=8192,r=0]={<<<>>>POST /pri...\x00\x00\x00\x00\x00\x00\x00},r=1}
09:34:41.166 [JettyServerThreadPool-67] DEBUG org.eclipse.jetty.server.HttpConnection -- HttpConnection@188020c7::SocketChannelEndPoint@729afbf1[{l=/127.0.0.1:51080,r=/127.0.0.1:51081,OPEN,fill=-,flush=-,to=3/30000}{io=0/0,kio=0,kro=1}]->[HttpConnection@188020c7[p=HttpParser{s=START,0 of -1},g=HttpGenerator@609dc415{s=START}]=>HttpChannelOverHttp@78629081{s=HttpChannelState@3d6001e9{s=IDLE rs=BLOCKING os=OPEN is=IDLE awp=false se=false i=true al=0},r=1,c=false/false,a=IDLE,uri=null,age=0}] parse RetainableByteBuffer@7e7a906e{DirectByteBuffer@3b781965[p=0,l=0,c=8192,r=0]={<<<>>>POST /pri...\x00\x00\x00\x00\x00\x00\x00},r=1}
09:34:41.168 [JettyServerThreadPool-67] DEBUG org.eclipse.jetty.http.HttpParser -- parseNext s=START DirectByteBuffer@3b781965[p=0,l=0,c=8192,r=0]={<<<>>>POST /pri...\x00\x00\x00\x00\x00\x00\x00}
09:34:41.168 [JettyServerThreadPool-67] DEBUG org.eclipse.jetty.server.HttpConnection -- HttpConnection@188020c7::SocketChannelEndPoint@729afbf1[{l=/127.0.0.1:51080,r=/127.0.0.1:51081,OPEN,fill=-,flush=-,to=3/30000}{io=0/0,kio=0,kro=1}]->[HttpConnection@188020c7[p=HttpParser{s=START,0 of -1},g=HttpGenerator@609dc415{s=START}]=>HttpChannelOverHttp@78629081{s=HttpChannelState@3d6001e9{s=IDLE rs=BLOCKING os=OPEN is=IDLE awp=false se=false i=true al=0},r=1,c=false/false,a=IDLE,uri=null,age=0}] parsed false HttpParser{s=START,0 of -1}
09:34:41.168 [JettyServerThreadPool-67] DEBUG org.eclipse.jetty.server.HttpConnection -- releaseRequestBuffer HttpConnection@188020c7::SocketChannelEndPoint@729afbf1[{l=/127.0.0.1:51080,r=/127.0.0.1:51081,OPEN,fill=-,flush=-,to=3/30000}{io=0/0,kio=0,kro=1}]->[HttpConnection@188020c7[p=HttpParser{s=START,0 of -1},g=HttpGenerator@609dc415{s=START}]=>HttpChannelOverHttp@78629081{s=HttpChannelState@3d6001e9{s=IDLE rs=BLOCKING os=OPEN is=IDLE awp=false se=false i=true al=0},r=1,c=false/false,a=IDLE,uri=null,age=0}]
09:34:41.168 [JettyServerThreadPool-67] DEBUG org.eclipse.jetty.io.AbstractConnection -- fillInterested HttpConnection@188020c7::SocketChannelEndPoint@729afbf1[{l=/127.0.0.1:51080,r=/127.0.0.1:51081,OPEN,fill=-,flush=-,to=3/30000}{io=0/0,kio=0,kro=1}]->[HttpConnection@188020c7[p=HttpParser{s=START,0 of -1},g=HttpGenerator@609dc415{s=START}]=>HttpChannelOverHttp@78629081{s=HttpChannelState@3d6001e9{s=IDLE rs=BLOCKING os=OPEN is=IDLE awp=false se=false i=true al=0},r=1,c=false/false,a=IDLE,uri=null,age=0}]
09:34:41.168 [JettyServerThreadPool-67] DEBUG org.eclipse.jetty.io.FillInterest -- interested FillInterest@5d4ffea6{ReadCallback@44d06bd0{HttpConnection@188020c7::SocketChannelEndPoint@729afbf1[{l=/127.0.0.1:51080,r=/127.0.0.1:51081,OPEN,fill=FI,flush=-,to=0/30000}{io=0/0,kio=0,kro=1}]->[HttpConnection@188020c7[p=HttpParser{s=START,0 of -1},g=HttpGenerator@609dc415{s=START}]=>HttpChannelOverHttp@78629081{s=HttpChannelState@3d6001e9{s=IDLE rs=BLOCKING os=OPEN is=IDLE awp=false se=false i=true al=0},r=1,c=false/false,a=IDLE,uri=null,age=0}]}}
09:34:41.168 [JettyServerThreadPool-67] DEBUG org.eclipse.jetty.io.SelectableChannelEndPoint -- changeInterests p=false 0->1 for SocketChannelEndPoint@729afbf1[{l=/127.0.0.1:51080,r=/127.0.0.1:51081,OPEN,fill=FI,flush=-,to=0/30000}{io=0/1,kio=0,kro=1}]->[HttpConnection@188020c7[p=HttpParser{s=START,0 of -1},g=HttpGenerator@609dc415{s=START}]=>HttpChannelOverHttp@78629081{s=HttpChannelState@3d6001e9{s=IDLE rs=BLOCKING os=OPEN is=IDLE awp=false se=false i=true al=0},r=1,c=false/false,a=IDLE,uri=null,age=0}]
09:34:41.168 [JettyServerThreadPool-67] DEBUG org.eclipse.jetty.io.ManagedSelector -- Queued change lazy=false org.eclipse.jetty.io.SelectableChannelEndPoint$$Lambda/0x000001cc113a49e8@752a639f on ManagedSelector@25673087{STARTED} id=1 keys=1 selected=0 updates=0
09:34:41.168 [JettyServerThreadPool-67] DEBUG org.eclipse.jetty.io.ManagedSelector -- Wakeup on submit ManagedSelector@25673087{STARTED} id=1 keys=1 selected=0 updates=1
09:34:41.168 [JettyServerThreadPool-54] DEBUG org.eclipse.jetty.io.ManagedSelector -- Selector sun.nio.ch.WEPollSelectorImpl@2db7c65a woken with none selected
09:34:41.168 [JettyServerThreadPool-54] DEBUG org.eclipse.jetty.io.ManagedSelector -- Selector sun.nio.ch.WEPollSelectorImpl@2db7c65a woken up from select, 0/0/1 selected
09:34:41.168 [JettyServerThreadPool-67] DEBUG org.eclipse.jetty.server.HttpConnection -- HttpConnection@188020c7::SocketChannelEndPoint@729afbf1[{l=/127.0.0.1:51080,r=/127.0.0.1:51081,OPEN,fill=FI,flush=-,to=0/30000}{io=0/1,kio=0,kro=1}]->[HttpConnection@188020c7[p=HttpParser{s=START,0 of -1},g=HttpGenerator@609dc415{s=START}]=>HttpChannelOverHttp@78629081{s=HttpChannelState@3d6001e9{s=IDLE rs=BLOCKING os=OPEN is=IDLE awp=false se=false i=true al=0},r=1,c=false/false,a=IDLE,uri=null,age=0}] onFillable exit HttpChannelState@3d6001e9{s=IDLE rs=BLOCKING os=OPEN is=IDLE awp=false se=false i=true al=0} null
09:34:41.168 [JettyServerThreadPool-54] DEBUG org.eclipse.jetty.io.ManagedSelector -- Selector sun.nio.ch.WEPollSelectorImpl@2db7c65a processing 0 keys, 1 updates
09:34:41.168 [JettyServerThreadPool-54] DEBUG org.eclipse.jetty.io.ManagedSelector -- updateable 1
09:34:41.168 [JettyServerThreadPool-54] DEBUG org.eclipse.jetty.io.ManagedSelector -- update org.eclipse.jetty.io.SelectableChannelEndPoint$$Lambda/0x000001cc113a49e8@752a639f
09:34:41.168 [JettyServerThreadPool-54] DEBUG org.eclipse.jetty.io.SelectableChannelEndPoint -- Key interests updated 0 -> 1 on SocketChannelEndPoint@729afbf1[{l=/127.0.0.1:51080,r=/127.0.0.1:51081,OPEN,fill=FI,flush=-,to=0/30000}{io=1/1,kio=1,kro=1}]->[HttpConnection@188020c7[p=HttpParser{s=START,0 of -1},g=HttpGenerator@609dc415{s=START}]=>HttpChannelOverHttp@78629081{s=HttpChannelState@3d6001e9{s=IDLE rs=BLOCKING os=OPEN is=IDLE awp=false se=false i=true al=0},r=1,c=false/false,a=IDLE,uri=null,age=0}]
09:34:41.168 [JettyServerThreadPool-67] DEBUG org.eclipse.jetty.util.thread.QueuedThreadPool -- ran SocketChannelEndPoint@729afbf1[{l=/127.0.0.1:51080,r=/127.0.0.1:51081,OPEN,fill=FI,flush=-,to=0/30000}{io=1/1,kio=1,kro=1}]->[HttpConnection@188020c7[p=HttpParser{s=START,0 of -1},g=HttpGenerator@609dc415{s=START}]=>HttpChannelOverHttp@78629081{s=HttpChannelState@3d6001e9{s=IDLE rs=BLOCKING os=OPEN is=IDLE awp=false se=false i=true al=0},r=1,c=false/false,a=IDLE,uri=null,age=0}]:runFillable:BLOCKING in QueuedThreadPool[JettyServerThreadPool]@77865933{STARTED,8<=9<=250,i=0,r=-1,t=59974ms,q=0}[ReservedThreadExecutor@3af7d855{reserved=1/12,pending=0}]
09:34:41.168 [JettyServerThreadPool-54] DEBUG org.eclipse.jetty.io.ManagedSelector -- updates 0
09:34:41.168 [JettyServerThreadPool-67] DEBUG org.eclipse.jetty.util.thread.QueuedThreadPool -- Evict check, period=60000ms QueuedThreadPool[JettyServerThreadPool]@77865933{STARTED,8<=9<=250,i=1,r=-1,t=59974ms,q=0}[ReservedThreadExecutor@3af7d855{reserved=1/12,pending=0}]
09:34:41.168 [main] INFO io.javalin.Javalin -- Stopping Javalin ...
09:34:41.168 [JettyServerThreadPool-67] DEBUG org.eclipse.jetty.util.thread.QueuedThreadPool -- Evict skipped, threshold=119974ms in the future QueuedThreadPool[JettyServerThreadPool]@77865933{STARTED,8<=9<=250,i=1,r=-1,t=59974ms,q=0}[ReservedThreadExecutor@3af7d855{reserved=1/12,pending=0}]
09:34:41.168 [JettyServerThreadPool-54] DEBUG org.eclipse.jetty.io.ManagedSelector -- Selector sun.nio.ch.WEPollSelectorImpl@2db7c65a waiting with 1 keys
09:34:41.168 [main] DEBUG org.eclipse.jetty.util.component.AbstractLifeCycle -- STOPPING Server@4d18b73a{STARTED}[11.0.20,sto=0]
09:34:41.168 [main] INFO org.eclipse.jetty.server.Server -- Stopped Server@4d18b73a{STOPPING}[11.0.20,sto=0]
09:34:41.168 [main] DEBUG org.eclipse.jetty.server.Server -- doStop Server@4d18b73a{STOPPING}[11.0.20,sto=0]
09:34:41.168 [main] DEBUG org.eclipse.jetty.util.component.AbstractLifeCycle -- STOPPING ServerConnector@5ad5be4a{HTTP/1.1, (http/1.1)}{0.0.0.0:51080}
09:34:41.168 [main] DEBUG org.eclipse.jetty.util.component.AbstractLifeCycle -- STOPPING SelectorManager@ServerConnector@5ad5be4a{HTTP/1.1, (http/1.1)}{0.0.0.0:0}
09:34:41.168 [main] DEBUG org.eclipse.jetty.util.component.AbstractLifeCycle -- STOPPING ManagedSelector@73d60e76{STARTED} id=5 keys=0 selected=0 updates=0
09:34:41.168 [main] DEBUG org.eclipse.jetty.io.ManagedSelector -- Queued change lazy=false org.eclipse.jetty.io.ManagedSelector$CloseConnections@a96d56c on ManagedSelector@73d60e76{STOPPING} id=5 keys=0 selected=0 updates=0
09:34:41.168 [main] DEBUG org.eclipse.jetty.io.ManagedSelector -- Wakeup on submit ManagedSelector@73d60e76{STOPPING} id=5 keys=0 selected=0 updates=1
09:34:41.168 [JettyServerThreadPool-60] DEBUG org.eclipse.jetty.util.thread.QueuedThreadPool -- ran JettyServerThreadPool-60-acceptor-0@358ab600-ServerConnector@5ad5be4a{HTTP/1.1, (http/1.1)}{0.0.0.0:51080} in QueuedThreadPool[JettyServerThreadPool]@77865933{STARTED,8<=9<=250,i=1,r=-1,t=59973ms,q=0}[ReservedThreadExecutor@3af7d855{reserved=1/12,pending=0}]
09:34:41.168 [JettyServerThreadPool-60] DEBUG org.eclipse.jetty.util.thread.QueuedThreadPool -- Evict check, period=60000ms QueuedThreadPool[JettyServerThreadPool]@77865933{STARTED,8<=9<=250,i=2,r=-1,t=59972ms,q=0}[ReservedThreadExecutor@3af7d855{reserved=1/12,pending=0}]
09:34:41.168 [JettyServerThreadPool-58] DEBUG org.eclipse.jetty.io.ManagedSelector -- Selector sun.nio.ch.WEPollSelectorImpl@7e84a7e1 woken with none selected
09:34:41.168 [JettyServerThreadPool-60] DEBUG org.eclipse.jetty.util.thread.QueuedThreadPool -- Evict skipped, threshold=119972ms in the future QueuedThreadPool[JettyServerThreadPool]@77865933{STARTED,8<=9<=250,i=2,r=-1,t=59972ms,q=0}[ReservedThreadExecutor@3af7d855{reserved=1/12,pending=0}]
09:34:41.171 [JettyServerThreadPool-58] DEBUG org.eclipse.jetty.io.ManagedSelector -- Selector sun.nio.ch.WEPollSelectorImpl@7e84a7e1 woken up from select, 0/0/0 selected
09:34:41.171 [JettyServerThreadPool-58] DEBUG org.eclipse.jetty.io.ManagedSelector -- Selector sun.nio.ch.WEPollSelectorImpl@7e84a7e1 processing 0 keys, 1 updates
09:34:41.171 [JettyServerThreadPool-58] DEBUG org.eclipse.jetty.io.ManagedSelector -- updateable 1
09:34:41.171 [JettyServerThreadPool-58] DEBUG org.eclipse.jetty.io.ManagedSelector -- update org.eclipse.jetty.io.ManagedSelector$CloseConnections@a96d56c
09:34:41.171 [JettyServerThreadPool-58] DEBUG org.eclipse.jetty.io.ManagedSelector -- Closing 0 connections on ManagedSelector@73d60e76{STOPPING} id=5 keys=0 selected=0 updates=0
09:34:41.171 [JettyServerThreadPool-58] DEBUG org.eclipse.jetty.io.ManagedSelector -- updates 0
09:34:41.171 [JettyServerThreadPool-58] DEBUG org.eclipse.jetty.io.ManagedSelector -- Selector sun.nio.ch.WEPollSelectorImpl@7e84a7e1 waiting with 0 keys
09:34:41.171 [main] DEBUG org.eclipse.jetty.io.ManagedSelector -- Queued change lazy=false org.eclipse.jetty.io.ManagedSelector$StopSelector@6ab4a5b on ManagedSelector@73d60e76{STOPPING} id=5 keys=0 selected=0 updates=0
09:34:41.171 [main] DEBUG org.eclipse.jetty.io.ManagedSelector -- Wakeup on submit ManagedSelector@73d60e76{STOPPING} id=5 keys=0 selected=0 updates=1
09:34:41.171 [JettyServerThreadPool-58] DEBUG org.eclipse.jetty.io.ManagedSelector -- Selector sun.nio.ch.WEPollSelectorImpl@7e84a7e1 woken with none selected
09:34:41.171 [JettyServerThreadPool-58] DEBUG org.eclipse.jetty.io.ManagedSelector -- Selector sun.nio.ch.WEPollSelectorImpl@7e84a7e1 woken up from select, 0/0/0 selected
09:34:41.171 [JettyServerThreadPool-58] DEBUG org.eclipse.jetty.io.ManagedSelector -- Selector sun.nio.ch.WEPollSelectorImpl@7e84a7e1 processing 0 keys, 1 updates
09:34:41.171 [JettyServerThreadPool-58] DEBUG org.eclipse.jetty.io.ManagedSelector -- updateable 1
09:34:41.171 [JettyServerThreadPool-58] DEBUG org.eclipse.jetty.io.ManagedSelector -- update org.eclipse.jetty.io.ManagedSelector$StopSelector@6ab4a5b
09:34:41.171 [JettyServerThreadPool-58] DEBUG org.eclipse.jetty.io.ManagedSelector -- updates 0
09:34:41.173 [JettyServerThreadPool-58] DEBUG org.eclipse.jetty.util.thread.QueuedThreadPool -- ran org.eclipse.jetty.io.ManagedSelector$$Lambda/0x000001cc112fc348@9b9a327 in QueuedThreadPool[JettyServerThreadPool]@77865933{STARTED,8<=9<=250,i=2,r=-1,t=59971ms,q=0}[ReservedThreadExecutor@3af7d855{reserved=1/12,pending=0}]
09:34:41.173 [JettyServerThreadPool-58] DEBUG org.eclipse.jetty.util.thread.QueuedThreadPool -- Evict check, period=60000ms QueuedThreadPool[JettyServerThreadPool]@77865933{STARTED,8<=9<=250,i=3,r=-1,t=59971ms,q=0}[ReservedThreadExecutor@3af7d855{reserved=1/12,pending=0}]
09:34:41.173 [JettyServerThreadPool-58] DEBUG org.eclipse.jetty.util.thread.QueuedThreadPool -- Evict skipped, threshold=119971ms in the future QueuedThreadPool[JettyServerThreadPool]@77865933{STARTED,8<=9<=250,i=3,r=-1,t=59970ms,q=0}[ReservedThreadExecutor@3af7d855{reserved=1/12,pending=0}]
09:34:41.173 [main] DEBUG org.eclipse.jetty.util.component.AbstractLifeCycle -- STOPPING AdaptiveExecutionStrategy@69923ac3/SelectorProducer@1f1ff879/IDLE/p=false/QueuedThreadPool[JettyServerThreadPool]@77865933{STARTED,8<=9<=250,i=2,r=-1,t=59971ms,q=0}[ReservedThreadExecutor@3af7d855{reserved=1/12,pending=0}][pc=0,pic=0,pec=0,epc=0]@2025-09-02T09:34:41.173345-03:00
09:34:41.173 [main] DEBUG org.eclipse.jetty.util.component.AbstractLifeCycle -- STOPPED AdaptiveExecutionStrategy@69923ac3/SelectorProducer@1f1ff879/IDLE/p=false/QueuedThreadPool[JettyServerThreadPool]@77865933{STARTED,8<=9<=250,i=3,r=-1,t=59970ms,q=0}[ReservedThreadExecutor@3af7d855{reserved=1/12,pending=0}][pc=0,pic=0,pec=0,epc=0]@2025-09-02T09:34:41.173345-03:00
09:34:41.173 [main] DEBUG org.eclipse.jetty.util.component.AbstractLifeCycle -- STOPPED ManagedSelector@73d60e76{STOPPED} id=5 keys=-1 selected=-1 updates=0
09:34:41.173 [main] DEBUG org.eclipse.jetty.util.component.AbstractLifeCycle -- STOPPING ManagedSelector@65f651eb{STARTED} id=4 keys=0 selected=0 updates=0
09:34:41.173 [main] DEBUG org.eclipse.jetty.io.ManagedSelector -- Queued change lazy=false org.eclipse.jetty.io.ManagedSelector$CloseConnections@2abe9173 on ManagedSelector@65f651eb{STOPPING} id=4 keys=0 selected=0 updates=0
09:34:41.173 [main] DEBUG org.eclipse.jetty.io.ManagedSelector -- Wakeup on submit ManagedSelector@65f651eb{STOPPING} id=4 keys=0 selected=0 updates=1
09:34:41.173 [JettyServerThreadPool-57] DEBUG org.eclipse.jetty.io.ManagedSelector -- Selector sun.nio.ch.WEPollSelectorImpl@28a71ad woken with none selected
09:34:41.173 [JettyServerThreadPool-57] DEBUG org.eclipse.jetty.io.ManagedSelector -- Selector sun.nio.ch.WEPollSelectorImpl@28a71ad woken up from select, 0/0/0 selected
09:34:41.173 [JettyServerThreadPool-57] DEBUG org.eclipse.jetty.io.ManagedSelector -- Selector sun.nio.ch.WEPollSelectorImpl@28a71ad processing 0 keys, 1 updates
09:34:41.173 [JettyServerThreadPool-57] DEBUG org.eclipse.jetty.io.ManagedSelector -- updateable 1
09:34:41.173 [JettyServerThreadPool-57] DEBUG org.eclipse.jetty.io.ManagedSelector -- update org.eclipse.jetty.io.ManagedSelector$CloseConnections@2abe9173
09:34:41.173 [JettyServerThreadPool-57] DEBUG org.eclipse.jetty.io.ManagedSelector -- Closing 0 connections on ManagedSelector@65f651eb{STOPPING} id=4 keys=0 selected=0 updates=0
09:34:41.173 [JettyServerThreadPool-57] DEBUG org.eclipse.jetty.io.ManagedSelector -- updates 0
09:34:41.173 [JettyServerThreadPool-57] DEBUG org.eclipse.jetty.io.ManagedSelector -- Selector sun.nio.ch.WEPollSelectorImpl@28a71ad waiting with 0 keys
09:34:41.173 [main] DEBUG org.eclipse.jetty.io.ManagedSelector -- Queued change lazy=false org.eclipse.jetty.io.ManagedSelector$StopSelector@235d29d6 on ManagedSelector@65f651eb{STOPPING} id=4 keys=0 selected=0 updates=0
09:34:41.173 [main] DEBUG org.eclipse.jetty.io.ManagedSelector -- Wakeup on submit ManagedSelector@65f651eb{STOPPING} id=4 keys=0 selected=0 updates=1
09:34:41.173 [JettyServerThreadPool-57] DEBUG org.eclipse.jetty.io.ManagedSelector -- Selector sun.nio.ch.WEPollSelectorImpl@28a71ad woken with none selected
09:34:41.173 [JettyServerThreadPool-57] DEBUG org.eclipse.jetty.io.ManagedSelector -- Selector sun.nio.ch.WEPollSelectorImpl@28a71ad woken up from select, 0/0/0 selected
09:34:41.173 [JettyServerThreadPool-57] DEBUG org.eclipse.jetty.io.ManagedSelector -- Selector sun.nio.ch.WEPollSelectorImpl@28a71ad processing 0 keys, 1 updates
09:34:41.173 [JettyServerThreadPool-57] DEBUG org.eclipse.jetty.io.ManagedSelector -- updateable 1
09:34:41.173 [JettyServerThreadPool-57] DEBUG org.eclipse.jetty.io.ManagedSelector -- update org.eclipse.jetty.io.ManagedSelector$StopSelector@235d29d6
09:34:41.173 [JettyServerThreadPool-57] DEBUG org.eclipse.jetty.io.ManagedSelector -- updates 0
09:34:41.173 [JettyServerThreadPool-57] DEBUG org.eclipse.jetty.util.thread.QueuedThreadPool -- ran org.eclipse.jetty.io.ManagedSelector$$Lambda/0x000001cc112fc348@3bbf6abe in QueuedThreadPool[JettyServerThreadPool]@77865933{STARTED,8<=9<=250,i=3,r=-1,t=59968ms,q=0}[ReservedThreadExecutor@3af7d855{reserved=1/12,pending=0}]
09:34:41.173 [JettyServerThreadPool-57] DEBUG org.eclipse.jetty.util.thread.QueuedThreadPool -- Evict check, period=60000ms QueuedThreadPool[JettyServerThreadPool]@77865933{STARTED,8<=9<=250,i=4,r=-1,t=59968ms,q=0}[ReservedThreadExecutor@3af7d855{reserved=1/12,pending=0}]
09:34:41.173 [main] DEBUG org.eclipse.jetty.util.component.AbstractLifeCycle -- STOPPING AdaptiveExecutionStrategy@5ed4bc/SelectorProducer@6920b0bc/IDLE/p=false/QueuedThreadPool[JettyServerThreadPool]@77865933{STARTED,8<=9<=250,i=3,r=-1,t=59968ms,q=0}[ReservedThreadExecutor@3af7d855{reserved=1/12,pending=0}][pc=0,pic=0,pec=0,epc=0]@2025-09-02T09:34:41.173345-03:00
09:34:41.173 [JettyServerThreadPool-57] DEBUG org.eclipse.jetty.util.thread.QueuedThreadPool -- Evict skipped, threshold=119968ms in the future QueuedThreadPool[JettyServerThreadPool]@77865933{STARTED,8<=9<=250,i=4,r=-1,t=59968ms,q=0}[ReservedThreadExecutor@3af7d855{reserved=1/12,pending=0}]
09:34:41.173 [main] DEBUG org.eclipse.jetty.util.component.AbstractLifeCycle -- STOPPED AdaptiveExecutionStrategy@5ed4bc/SelectorProducer@6920b0bc/IDLE/p=false/QueuedThreadPool[JettyServerThreadPool]@77865933{STARTED,8<=9<=250,i=4,r=-1,t=59968ms,q=0}[ReservedThreadExecutor@3af7d855{reserved=1/12,pending=0}][pc=0,pic=0,pec=0,epc=0]@2025-09-02T09:34:41.173345-03:00
09:34:41.173 [main] DEBUG org.eclipse.jetty.util.component.AbstractLifeCycle -- STOPPED ManagedSelector@65f651eb{STOPPED} id=4 keys=-1 selected=-1 updates=0
09:34:41.173 [main] DEBUG org.eclipse.jetty.util.component.AbstractLifeCycle -- STOPPING ManagedSelector@a50d709{STARTED} id=3 keys=0 selected=0 updates=0
09:34:41.173 [main] DEBUG org.eclipse.jetty.io.ManagedSelector -- Queued change lazy=false org.eclipse.jetty.io.ManagedSelector$CloseConnections@1fdca564 on ManagedSelector@a50d709{STOPPING} id=3 keys=0 selected=0 updates=0
09:34:41.173 [main] DEBUG org.eclipse.jetty.io.ManagedSelector -- Wakeup on submit ManagedSelector@a50d709{STOPPING} id=3 keys=0 selected=0 updates=1
09:34:41.173 [JettyServerThreadPool-56] DEBUG org.eclipse.jetty.io.ManagedSelector -- Selector sun.nio.ch.WEPollSelectorImpl@326b7714 woken with none selected
09:34:41.173 [JettyServerThreadPool-56] DEBUG org.eclipse.jetty.io.ManagedSelector -- Selector sun.nio.ch.WEPollSelectorImpl@326b7714 woken up from select, 0/0/0 selected
09:34:41.173 [JettyServerThreadPool-56] DEBUG org.eclipse.jetty.io.ManagedSelector -- Selector sun.nio.ch.WEPollSelectorImpl@326b7714 processing 0 keys, 1 updates
09:34:41.173 [JettyServerThreadPool-56] DEBUG org.eclipse.jetty.io.ManagedSelector -- updateable 1
09:34:41.173 [JettyServerThreadPool-56] DEBUG org.eclipse.jetty.io.ManagedSelector -- update org.eclipse.jetty.io.ManagedSelector$CloseConnections@1fdca564
09:34:41.173 [JettyServerThreadPool-56] DEBUG org.eclipse.jetty.io.ManagedSelector -- Closing 0 connections on ManagedSelector@a50d709{STOPPING} id=3 keys=0 selected=0 updates=0
09:34:41.173 [JettyServerThreadPool-56] DEBUG org.eclipse.jetty.io.ManagedSelector -- updates 0
09:34:41.173 [JettyServerThreadPool-56] DEBUG org.eclipse.jetty.io.ManagedSelector -- Selector sun.nio.ch.WEPollSelectorImpl@326b7714 waiting with 0 keys
09:34:41.173 [main] DEBUG org.eclipse.jetty.io.ManagedSelector -- Queued change lazy=false org.eclipse.jetty.io.ManagedSelector$StopSelector@43f9dd56 on ManagedSelector@a50d709{STOPPING} id=3 keys=0 selected=0 updates=0
09:34:41.173 [main] DEBUG org.eclipse.jetty.io.ManagedSelector -- Wakeup on submit ManagedSelector@a50d709{STOPPING} id=3 keys=0 selected=0 updates=1
09:34:41.173 [JettyServerThreadPool-56] DEBUG org.eclipse.jetty.io.ManagedSelector -- Selector sun.nio.ch.WEPollSelectorImpl@326b7714 woken with none selected
09:34:41.173 [JettyServerThreadPool-56] DEBUG org.eclipse.jetty.io.ManagedSelector -- Selector sun.nio.ch.WEPollSelectorImpl@326b7714 woken up from select, 0/0/0 selected
09:34:41.173 [JettyServerThreadPool-56] DEBUG org.eclipse.jetty.io.ManagedSelector -- Selector sun.nio.ch.WEPollSelectorImpl@326b7714 processing 0 keys, 1 updates
09:34:41.173 [JettyServerThreadPool-56] DEBUG org.eclipse.jetty.io.ManagedSelector -- updateable 1
09:34:41.173 [JettyServerThreadPool-56] DEBUG org.eclipse.jetty.io.ManagedSelector -- update org.eclipse.jetty.io.ManagedSelector$StopSelector@43f9dd56
09:34:41.177 [JettyServerThreadPool-56] DEBUG org.eclipse.jetty.io.ManagedSelector -- updates 0
09:34:41.177 [main] DEBUG org.eclipse.jetty.util.component.AbstractLifeCycle -- STOPPING AdaptiveExecutionStrategy@2c88a3e8/SelectorProducer@68ac9ec5/PRODUCING/p=false/QueuedThreadPool[JettyServerThreadPool]@77865933{STARTED,8<=9<=250,i=4,r=-1,t=59966ms,q=0}[ReservedThreadExecutor@3af7d855{reserved=1/12,pending=0}][pc=0,pic=0,pec=0,epc=0]@2025-09-02T09:34:41.1779874-03:00
09:34:41.177 [JettyServerThreadPool-56] DEBUG org.eclipse.jetty.util.thread.QueuedThreadPool -- ran org.eclipse.jetty.io.ManagedSelector$$Lambda/0x000001cc112fc348@1f03fba0 in QueuedThreadPool[JettyServerThreadPool]@77865933{STARTED,8<=9<=250,i=4,r=-1,t=59965ms,q=0}[ReservedThreadExecutor@3af7d855{reserved=1/12,pending=0}]
09:34:41.177 [main] DEBUG org.eclipse.jetty.util.component.AbstractLifeCycle -- STOPPED AdaptiveExecutionStrategy@2c88a3e8/SelectorProducer@68ac9ec5/IDLE/p=false/QueuedThreadPool[JettyServerThreadPool]@77865933{STARTED,8<=9<=250,i=4,r=-1,t=59965ms,q=0}[ReservedThreadExecutor@3af7d855{reserved=1/12,pending=0}][pc=0,pic=0,pec=0,epc=0]@2025-09-02T09:34:41.1779874-03:00
09:34:41.177 [JettyServerThreadPool-56] DEBUG org.eclipse.jetty.util.thread.QueuedThreadPool -- Evict check, period=60000ms QueuedThreadPool[JettyServerThreadPool]@77865933{STARTED,8<=9<=250,i=5,r=-1,t=59965ms,q=0}[ReservedThreadExecutor@3af7d855{reserved=1/12,pending=0}]
09:34:41.177 [JettyServerThreadPool-56] DEBUG org.eclipse.jetty.util.thread.QueuedThreadPool -- Evict skipped, threshold=119965ms in the future QueuedThreadPool[JettyServerThreadPool]@77865933{STARTED,8<=9<=250,i=5,r=-1,t=59965ms,q=0}[ReservedThreadExecutor@3af7d855{reserved=1/12,pending=0}]
09:34:41.177 [main] DEBUG org.eclipse.jetty.util.component.AbstractLifeCycle -- STOPPED ManagedSelector@a50d709{STOPPED} id=3 keys=-1 selected=-1 updates=0
09:34:41.177 [main] DEBUG org.eclipse.jetty.util.component.AbstractLifeCycle -- STOPPING ManagedSelector@30f74e79{STARTED} id=2 keys=0 selected=0 updates=0
09:34:41.177 [main] DEBUG org.eclipse.jetty.io.ManagedSelector -- Queued change lazy=false org.eclipse.jetty.io.ManagedSelector$CloseConnections@1d12e953 on ManagedSelector@30f74e79{STOPPING} id=2 keys=0 selected=0 updates=0
09:34:41.177 [main] DEBUG org.eclipse.jetty.io.ManagedSelector -- Wakeup on submit ManagedSelector@30f74e79{STOPPING} id=2 keys=0 selected=0 updates=1
09:34:41.177 [JettyServerThreadPool-55] DEBUG org.eclipse.jetty.io.ManagedSelector -- Selector sun.nio.ch.WEPollSelectorImpl@203c9dd8 woken with none selected
09:34:41.177 [JettyServerThreadPool-55] DEBUG org.eclipse.jetty.io.ManagedSelector -- Selector sun.nio.ch.WEPollSelectorImpl@203c9dd8 woken up from select, 0/0/0 selected
09:34:41.177 [JettyServerThreadPool-55] DEBUG org.eclipse.jetty.io.ManagedSelector -- Selector sun.nio.ch.WEPollSelectorImpl@203c9dd8 processing 0 keys, 1 updates
09:34:41.177 [JettyServerThreadPool-55] DEBUG org.eclipse.jetty.io.ManagedSelector -- updateable 1
09:34:41.177 [JettyServerThreadPool-55] DEBUG org.eclipse.jetty.io.ManagedSelector -- update org.eclipse.jetty.io.ManagedSelector$CloseConnections@1d12e953
09:34:41.177 [JettyServerThreadPool-55] DEBUG org.eclipse.jetty.io.ManagedSelector -- Closing 0 connections on ManagedSelector@30f74e79{STOPPING} id=2 keys=0 selected=0 updates=0
09:34:41.177 [JettyServerThreadPool-55] DEBUG org.eclipse.jetty.io.ManagedSelector -- updates 0
09:34:41.177 [JettyServerThreadPool-55] DEBUG org.eclipse.jetty.io.ManagedSelector -- Selector sun.nio.ch.WEPollSelectorImpl@203c9dd8 waiting with 0 keys
09:34:41.177 [main] DEBUG org.eclipse.jetty.io.ManagedSelector -- Queued change lazy=false org.eclipse.jetty.io.ManagedSelector$StopSelector@57cb70be on ManagedSelector@30f74e79{STOPPING} id=2 keys=0 selected=0 updates=0
09:34:41.177 [main] DEBUG org.eclipse.jetty.io.ManagedSelector -- Wakeup on submit ManagedSelector@30f74e79{STOPPING} id=2 keys=0 selected=0 updates=1
09:34:41.177 [JettyServerThreadPool-55] DEBUG org.eclipse.jetty.io.ManagedSelector -- Selector sun.nio.ch.WEPollSelectorImpl@203c9dd8 woken with none selected
09:34:41.177 [JettyServerThreadPool-55] DEBUG org.eclipse.jetty.io.ManagedSelector -- Selector sun.nio.ch.WEPollSelectorImpl@203c9dd8 woken up from select, 0/0/0 selected
09:34:41.177 [JettyServerThreadPool-55] DEBUG org.eclipse.jetty.io.ManagedSelector -- Selector sun.nio.ch.WEPollSelectorImpl@203c9dd8 processing 0 keys, 1 updates
09:34:41.177 [JettyServerThreadPool-55] DEBUG org.eclipse.jetty.io.ManagedSelector -- updateable 1
09:34:41.177 [JettyServerThreadPool-55] DEBUG org.eclipse.jetty.io.ManagedSelector -- update org.eclipse.jetty.io.ManagedSelector$StopSelector@57cb70be
09:34:41.177 [JettyServerThreadPool-55] DEBUG org.eclipse.jetty.io.ManagedSelector -- updates 0
09:34:41.177 [JettyServerThreadPool-55] DEBUG org.eclipse.jetty.util.thread.QueuedThreadPool -- ran org.eclipse.jetty.io.ManagedSelector$$Lambda/0x000001cc112fc348@1886991b in QueuedThreadPool[JettyServerThreadPool]@77865933{STARTED,8<=9<=250,i=5,r=-1,t=59963ms,q=0}[ReservedThreadExecutor@3af7d855{reserved=1/12,pending=0}]
09:34:41.177 [JettyServerThreadPool-55] DEBUG org.eclipse.jetty.util.thread.QueuedThreadPool -- Evict check, period=60000ms QueuedThreadPool[JettyServerThreadPool]@77865933{STARTED,8<=9<=250,i=6,r=-1,t=59963ms,q=0}[ReservedThreadExecutor@3af7d855{reserved=1/12,pending=0}]
09:34:41.177 [JettyServerThreadPool-55] DEBUG org.eclipse.jetty.util.thread.QueuedThreadPool -- Evict skipped, threshold=119963ms in the future QueuedThreadPool[JettyServerThreadPool]@77865933{STARTED,8<=9<=250,i=6,r=-1,t=59963ms,q=0}[ReservedThreadExecutor@3af7d855{reserved=1/12,pending=0}]
09:34:41.177 [main] DEBUG org.eclipse.jetty.util.component.AbstractLifeCycle -- STOPPING AdaptiveExecutionStrategy@7b27e8f4/SelectorProducer@348ad293/IDLE/p=false/QueuedThreadPool[JettyServerThreadPool]@77865933{STARTED,8<=9<=250,i=5,r=-1,t=59963ms,q=0}[ReservedThreadExecutor@3af7d855{reserved=1/12,pending=0}][pc=0,pic=0,pec=0,epc=0]@2025-09-02T09:34:41.1779874-03:00
09:34:41.177 [main] DEBUG org.eclipse.jetty.util.component.AbstractLifeCycle -- STOPPED AdaptiveExecutionStrategy@7b27e8f4/SelectorProducer@348ad293/IDLE/p=false/QueuedThreadPool[JettyServerThreadPool]@77865933{STARTED,8<=9<=250,i=6,r=-1,t=59963ms,q=0}[ReservedThreadExecutor@3af7d855{reserved=1/12,pending=0}][pc=0,pic=0,pec=0,epc=0]@2025-09-02T09:34:41.1779874-03:00
09:34:41.177 [main] DEBUG org.eclipse.jetty.util.component.AbstractLifeCycle -- STOPPED ManagedSelector@30f74e79{STOPPED} id=2 keys=-1 selected=-1 updates=0
09:34:41.177 [main] DEBUG org.eclipse.jetty.util.component.AbstractLifeCycle -- STOPPING ManagedSelector@25673087{STARTED} id=1 keys=1 selected=0 updates=0
09:34:41.177 [main] DEBUG org.eclipse.jetty.io.ManagedSelector -- Queued change lazy=false org.eclipse.jetty.io.ManagedSelector$CloseConnections@2d4608a6 on ManagedSelector@25673087{STOPPING} id=1 keys=1 selected=0 updates=0
09:34:41.177 [main] DEBUG org.eclipse.jetty.io.ManagedSelector -- Wakeup on submit ManagedSelector@25673087{STOPPING} id=1 keys=1 selected=0 updates=1
09:34:41.177 [JettyServerThreadPool-54] DEBUG org.eclipse.jetty.io.ManagedSelector -- Selector sun.nio.ch.WEPollSelectorImpl@2db7c65a woken with none selected
09:34:41.177 [JettyServerThreadPool-54] DEBUG org.eclipse.jetty.io.ManagedSelector -- Selector sun.nio.ch.WEPollSelectorImpl@2db7c65a woken up from select, 0/0/1 selected
09:34:41.177 [JettyServerThreadPool-54] DEBUG org.eclipse.jetty.io.ManagedSelector -- Selector sun.nio.ch.WEPollSelectorImpl@2db7c65a processing 0 keys, 1 updates
09:34:41.177 [JettyServerThreadPool-54] DEBUG org.eclipse.jetty.io.ManagedSelector -- updateable 1
09:34:41.177 [JettyServerThreadPool-54] DEBUG org.eclipse.jetty.io.ManagedSelector -- update org.eclipse.jetty.io.ManagedSelector$CloseConnections@2d4608a6
09:34:41.177 [JettyServerThreadPool-54] DEBUG org.eclipse.jetty.io.ManagedSelector -- Closing 1 connections on ManagedSelector@25673087{STOPPING} id=1 keys=1 selected=0 updates=0
09:34:41.177 [JettyServerThreadPool-54] DEBUG org.eclipse.jetty.io.AbstractEndPoint -- close SocketChannelEndPoint@729afbf1[{l=/127.0.0.1:51080,r=/127.0.0.1:51081,OPEN,fill=FI,flush=-,to=13/30000}{io=1/1,kio=1,kro=1}]->[HttpConnection@188020c7[p=HttpParser{s=START,0 of -1},g=HttpGenerator@609dc415{s=START}]=>HttpChannelOverHttp@78629081{s=HttpChannelState@3d6001e9{s=IDLE rs=BLOCKING os=OPEN is=IDLE awp=false se=false i=true al=0},r=1,c=false/false,a=IDLE,uri=null,age=0}]
09:34:41.177 [JettyServerThreadPool-54] DEBUG org.eclipse.jetty.io.AbstractEndPoint -- close(null) SocketChannelEndPoint@729afbf1[{l=/127.0.0.1:51080,r=/127.0.0.1:51081,OPEN,fill=FI,flush=-,to=13/30000}{io=1/1,kio=1,kro=1}]->[HttpConnection@188020c7[p=HttpParser{s=START,0 of -1},g=HttpGenerator@609dc415{s=START}]=>HttpChannelOverHttp@78629081{s=HttpChannelState@3d6001e9{s=IDLE rs=BLOCKING os=OPEN is=IDLE awp=false se=false i=true al=0},r=1,c=false/false,a=IDLE,uri=null,age=0}]
09:34:41.177 [JettyServerThreadPool-54] DEBUG org.eclipse.jetty.io.SelectableChannelEndPoint -- doClose SocketChannelEndPoint@729afbf1[{l=/127.0.0.1:51080,r=/127.0.0.1:51081,CLOSED,fill=FI,flush=-,to=13/30000}{io=1/1,kio=1,kro=1}]->[HttpConnection@188020c7[p=HttpParser{s=START,0 of -1},g=HttpGenerator@609dc415{s=START}]=>HttpChannelOverHttp@78629081{s=HttpChannelState@3d6001e9{s=IDLE rs=BLOCKING os=OPEN is=IDLE awp=false se=false i=true al=0},r=1,c=false/false,a=IDLE,uri=null,age=0}]
09:34:41.177 [JettyServerThreadPool-54] DEBUG org.eclipse.jetty.io.FillInterest -- onClose FillInterest@5d4ffea6{ReadCallback@44d06bd0{HttpConnection@188020c7::SocketChannelEndPoint@729afbf1[{l=null,r=null,CLOSED,fill=FI,flush=-,to=14/30000}{io=1/1,kio=-1,kro=-1}]->[HttpConnection@188020c7[p=HttpParser{s=START,0 of -1},g=HttpGenerator@609dc415{s=START}]=>HttpChannelOverHttp@78629081{s=HttpChannelState@3d6001e9{s=IDLE rs=BLOCKING os=OPEN is=IDLE awp=false se=false i=true al=0},r=1,c=false/false,a=IDLE,uri=null,age=0}]}}
09:34:41.177 [JettyServerThreadPool-54] DEBUG org.eclipse.jetty.http.HttpParser -- close HttpParser{s=START,0 of -1}
09:34:41.177 [JettyServerThreadPool-54] DEBUG org.eclipse.jetty.http.HttpParser -- START --> CLOSE
09:34:41.177 [JettyServerThreadPool-54] DEBUG org.eclipse.jetty.io.AbstractConnection -- HttpConnection@188020c7::SocketChannelEndPoint@729afbf1[{l=null,r=null,CLOSED,fill=-,flush=-,to=15/30000}{io=1/1,kio=-1,kro=-1}]->[HttpConnection@188020c7[p=HttpParser{s=CLOSE,0 of -1},g=HttpGenerator@609dc415{s=START}]=>HttpChannelOverHttp@78629081{s=HttpChannelState@3d6001e9{s=IDLE rs=BLOCKING os=OPEN is=IDLE awp=false se=false i=true al=0},r=1,c=false/false,a=IDLE,uri=null,age=0}] onFillInterestedFailed {}
java.nio.channels.ClosedChannelException: null
	at org.eclipse.jetty.io.FillInterest.onClose(FillInterest.java:147)
	at org.eclipse.jetty.io.AbstractEndPoint.onClose(AbstractEndPoint.java:354)
	at org.eclipse.jetty.io.SelectableChannelEndPoint.onClose(SelectableChannelEndPoint.java:165)
	at org.eclipse.jetty.io.AbstractEndPoint.onClose(AbstractEndPoint.java:344)
	at org.eclipse.jetty.io.AbstractEndPoint.doOnClose(AbstractEndPoint.java:263)
	at org.eclipse.jetty.io.AbstractEndPoint.close(AbstractEndPoint.java:227)
	at org.eclipse.jetty.io.AbstractEndPoint.close(AbstractEndPoint.java:210)
	at org.eclipse.jetty.io.AbstractConnection.close(AbstractConnection.java:257)
	at org.eclipse.jetty.util.IO.close(IO.java:407)
	at org.eclipse.jetty.io.ManagedSelector$CloseConnections.update(ManagedSelector.java:1016)
	at org.eclipse.jetty.io.ManagedSelector$SelectorProducer.processUpdates(ManagedSelector.java:568)
	at org.eclipse.jetty.io.ManagedSelector$SelectorProducer.produce(ManagedSelector.java:538)
	at org.eclipse.jetty.util.thread.strategy.AdaptiveExecutionStrategy.produceTask(AdaptiveExecutionStrategy.java:455)
	at org.eclipse.jetty.util.thread.strategy.AdaptiveExecutionStrategy.tryProduce(AdaptiveExecutionStrategy.java:248)
	at org.eclipse.jetty.util.thread.strategy.AdaptiveExecutionStrategy.produce(AdaptiveExecutionStrategy.java:193)
	at org.eclipse.jetty.util.thread.QueuedThreadPool.runJob(QueuedThreadPool.java:969)
	at org.eclipse.jetty.util.thread.QueuedThreadPool$Runner.doRunJob(QueuedThreadPool.java:1194)
	at org.eclipse.jetty.util.thread.QueuedThreadPool$Runner.run(QueuedThreadPool.java:1149)
	at java.base/java.lang.Thread.run(Thread.java:1583)
09:34:41.177 [JettyServerThreadPool-54] DEBUG org.eclipse.jetty.io.ManagedSelector -- Wakeup ManagedSelector@25673087{STOPPING} id=1 keys=1 selected=0 updates=0
09:34:41.177 [JettyServerThreadPool-54] DEBUG org.eclipse.jetty.util.thread.QueuedThreadPool -- queue org.eclipse.jetty.io.ManagedSelector$DestroyEndPoint@36760845 startThread=0
09:34:41.177 [JettyServerThreadPool-54] DEBUG org.eclipse.jetty.io.ManagedSelector -- updates 0
09:34:41.177 [JettyServerThreadPool-54] DEBUG org.eclipse.jetty.io.ManagedSelector -- Selector sun.nio.ch.WEPollSelectorImpl@2db7c65a waiting with 1 keys
09:34:41.177 [main] DEBUG org.eclipse.jetty.io.ManagedSelector -- Queued change lazy=false org.eclipse.jetty.io.ManagedSelector$StopSelector@20d87335 on ManagedSelector@25673087{STOPPING} id=1 keys=1 selected=0 updates=0
09:34:41.177 [JettyServerThreadPool-67] DEBUG org.eclipse.jetty.util.thread.QueuedThreadPool -- run org.eclipse.jetty.io.ManagedSelector$DestroyEndPoint@36760845 in QueuedThreadPool[JettyServerThreadPool]@77865933{STARTED,8<=9<=250,i=5,r=-1,t=59959ms,q=0}[ReservedThreadExecutor@3af7d855{reserved=1/12,pending=0}]
09:34:41.184 [main] DEBUG org.eclipse.jetty.io.ManagedSelector -- Wakeup on submit ManagedSelector@25673087{STOPPING} id=1 keys=0 selected=0 updates=1
09:34:41.184 [JettyServerThreadPool-67] DEBUG org.eclipse.jetty.io.ManagedSelector -- Destroyed SocketChannelEndPoint@729afbf1[{l=null,r=null,CLOSED,fill=-,flush=-,to=16/30000}{io=1/1,kio=-1,kro=-1}]->[HttpConnection@188020c7[p=HttpParser{s=CLOSE,0 of -1},g=HttpGenerator@609dc415{s=START}]=>HttpChannelOverHttp@78629081{s=HttpChannelState@3d6001e9{s=IDLE rs=BLOCKING os=OPEN is=IDLE awp=false se=false i=true al=0},r=1,c=false/false,a=IDLE,uri=null,age=0}]
09:34:41.184 [JettyServerThreadPool-54] DEBUG org.eclipse.jetty.io.ManagedSelector -- Selector sun.nio.ch.WEPollSelectorImpl@2db7c65a woken with none selected
09:34:41.184 [JettyServerThreadPool-67] DEBUG org.eclipse.jetty.io.AbstractConnection -- onClose HttpConnection@188020c7::SocketChannelEndPoint@729afbf1[{l=null,r=null,CLOSED,fill=-,flush=-,to=16/30000}{io=1/1,kio=-1,kro=-1}]->[HttpConnection@188020c7[p=HttpParser{s=CLOSE,0 of -1},g=HttpGenerator@609dc415{s=START}]=>HttpChannelOverHttp@78629081{s=HttpChannelState@3d6001e9{s=IDLE rs=BLOCKING os=OPEN is=IDLE awp=false se=false i=true al=0},r=1,c=false/false,a=IDLE,uri=null,age=0}]
09:34:41.184 [JettyServerThreadPool-54] DEBUG org.eclipse.jetty.io.ManagedSelector -- Selector sun.nio.ch.WEPollSelectorImpl@2db7c65a woken up from select, 0/0/0 selected
09:34:41.184 [JettyServerThreadPool-54] DEBUG org.eclipse.jetty.io.ManagedSelector -- Selector sun.nio.ch.WEPollSelectorImpl@2db7c65a processing 0 keys, 1 updates
09:34:41.184 [JettyServerThreadPool-54] DEBUG org.eclipse.jetty.io.ManagedSelector -- updateable 1
09:34:41.184 [JettyServerThreadPool-67] DEBUG org.eclipse.jetty.util.thread.QueuedThreadPool -- ran org.eclipse.jetty.io.ManagedSelector$DestroyEndPoint@36760845 in QueuedThreadPool[JettyServerThreadPool]@77865933{STARTED,8<=9<=250,i=5,r=-1,t=59959ms,q=0}[ReservedThreadExecutor@3af7d855{reserved=1/12,pending=0}]
09:34:41.184 [JettyServerThreadPool-54] DEBUG org.eclipse.jetty.io.ManagedSelector -- update org.eclipse.jetty.io.ManagedSelector$StopSelector@20d87335
09:34:41.184 [JettyServerThreadPool-67] DEBUG org.eclipse.jetty.util.thread.QueuedThreadPool -- Evict check, period=60000ms QueuedThreadPool[JettyServerThreadPool]@77865933{STARTED,8<=9<=250,i=6,r=-1,t=59959ms,q=0}[ReservedThreadExecutor@3af7d855{reserved=1/12,pending=0}]
09:34:41.184 [JettyServerThreadPool-67] DEBUG org.eclipse.jetty.util.thread.QueuedThreadPool -- Evict skipped, threshold=119959ms in the future QueuedThreadPool[JettyServerThreadPool]@77865933{STARTED,8<=9<=250,i=6,r=-1,t=59959ms,q=0}[ReservedThreadExecutor@3af7d855{reserved=1/12,pending=0}]
09:34:41.184 [JettyServerThreadPool-54] DEBUG org.eclipse.jetty.io.ManagedSelector -- updates 0
09:34:41.184 [JettyServerThreadPool-54] DEBUG org.eclipse.jetty.util.thread.QueuedThreadPool -- ran org.eclipse.jetty.io.ManagedSelector$$Lambda/0x000001cc112fc348@3c78e551 in QueuedThreadPool[JettyServerThreadPool]@77865933{STARTED,8<=9<=250,i=6,r=-1,t=59958ms,q=0}[ReservedThreadExecutor@3af7d855{reserved=1/12,pending=0}]
09:34:41.184 [main] DEBUG org.eclipse.jetty.util.component.AbstractLifeCycle -- STOPPING AdaptiveExecutionStrategy@8d8f754/SelectorProducer@d613308/IDLE/p=false/QueuedThreadPool[JettyServerThreadPool]@77865933{STARTED,8<=9<=250,i=6,r=-1,t=59958ms,q=0}[ReservedThreadExecutor@3af7d855{reserved=1/12,pending=0}][pc=0,pic=0,pec=1,epc=0]@2025-09-02T09:34:41.1847763-03:00
09:34:41.184 [JettyServerThreadPool-54] DEBUG org.eclipse.jetty.util.thread.QueuedThreadPool -- Evict check, period=60000ms QueuedThreadPool[JettyServerThreadPool]@77865933{STARTED,8<=9<=250,i=7,r=-1,t=59958ms,q=0}[ReservedThreadExecutor@3af7d855{reserved=1/12,pending=0}]
09:34:41.184 [JettyServerThreadPool-54] DEBUG org.eclipse.jetty.util.thread.QueuedThreadPool -- Evict skipped, threshold=119958ms in the future QueuedThreadPool[JettyServerThreadPool]@77865933{STARTED,8<=9<=250,i=7,r=-1,t=59958ms,q=0}[ReservedThreadExecutor@3af7d855{reserved=1/12,pending=0}]
09:34:41.184 [main] DEBUG org.eclipse.jetty.util.component.AbstractLifeCycle -- STOPPED AdaptiveExecutionStrategy@8d8f754/SelectorProducer@d613308/IDLE/p=false/QueuedThreadPool[JettyServerThreadPool]@77865933{STARTED,8<=9<=250,i=7,r=-1,t=59958ms,q=0}[ReservedThreadExecutor@3af7d855{reserved=1/12,pending=0}][pc=0,pic=0,pec=1,epc=0]@2025-09-02T09:34:41.1847763-03:00
09:34:41.184 [main] DEBUG org.eclipse.jetty.util.component.AbstractLifeCycle -- STOPPED ManagedSelector@25673087{STOPPED} id=1 keys=-1 selected=-1 updates=0
09:34:41.184 [main] DEBUG org.eclipse.jetty.util.component.AbstractLifeCycle -- STOPPING ManagedSelector@f4a3a8d{STARTED} id=0 keys=0 selected=0 updates=0
09:34:41.184 [main] DEBUG org.eclipse.jetty.io.ManagedSelector -- Queued change lazy=false org.eclipse.jetty.io.ManagedSelector$CloseConnections@2a8a4e0c on ManagedSelector@f4a3a8d{STOPPING} id=0 keys=0 selected=0 updates=0
09:34:41.184 [main] DEBUG org.eclipse.jetty.io.ManagedSelector -- Wakeup on submit ManagedSelector@f4a3a8d{STOPPING} id=0 keys=0 selected=0 updates=1
09:34:41.184 [JettyServerThreadPool-53] DEBUG org.eclipse.jetty.io.ManagedSelector -- Selector sun.nio.ch.WEPollSelectorImpl@3353ca42 woken with none selected
09:34:41.184 [JettyServerThreadPool-53] DEBUG org.eclipse.jetty.io.ManagedSelector -- Selector sun.nio.ch.WEPollSelectorImpl@3353ca42 woken up from select, 0/0/0 selected
09:34:41.184 [JettyServerThreadPool-53] DEBUG org.eclipse.jetty.io.ManagedSelector -- Selector sun.nio.ch.WEPollSelectorImpl@3353ca42 processing 0 keys, 1 updates
09:34:41.186 [JettyServerThreadPool-53] DEBUG org.eclipse.jetty.io.ManagedSelector -- updateable 1
09:34:41.186 [JettyServerThreadPool-53] DEBUG org.eclipse.jetty.io.ManagedSelector -- update org.eclipse.jetty.io.ManagedSelector$CloseConnections@2a8a4e0c
09:34:41.186 [JettyServerThreadPool-53] DEBUG org.eclipse.jetty.io.ManagedSelector -- Closing 0 connections on ManagedSelector@f4a3a8d{STOPPING} id=0 keys=0 selected=0 updates=0
09:34:41.186 [JettyServerThreadPool-53] DEBUG org.eclipse.jetty.io.ManagedSelector -- updates 0
09:34:41.186 [JettyServerThreadPool-53] DEBUG org.eclipse.jetty.io.ManagedSelector -- Selector sun.nio.ch.WEPollSelectorImpl@3353ca42 waiting with 0 keys
09:34:41.186 [main] DEBUG org.eclipse.jetty.io.ManagedSelector -- Queued change lazy=false org.eclipse.jetty.io.ManagedSelector$StopSelector@26c89563 on ManagedSelector@f4a3a8d{STOPPING} id=0 keys=0 selected=0 updates=0
09:34:41.186 [main] DEBUG org.eclipse.jetty.io.ManagedSelector -- Wakeup on submit ManagedSelector@f4a3a8d{STOPPING} id=0 keys=0 selected=0 updates=1
09:34:41.186 [JettyServerThreadPool-53] DEBUG org.eclipse.jetty.io.ManagedSelector -- Selector sun.nio.ch.WEPollSelectorImpl@3353ca42 woken with none selected
09:34:41.186 [JettyServerThreadPool-53] DEBUG org.eclipse.jetty.io.ManagedSelector -- Selector sun.nio.ch.WEPollSelectorImpl@3353ca42 woken up from select, 0/0/0 selected
09:34:41.186 [JettyServerThreadPool-53] DEBUG org.eclipse.jetty.io.ManagedSelector -- Selector sun.nio.ch.WEPollSelectorImpl@3353ca42 processing 0 keys, 1 updates
09:34:41.186 [JettyServerThreadPool-53] DEBUG org.eclipse.jetty.io.ManagedSelector -- updateable 1
09:34:41.186 [JettyServerThreadPool-53] DEBUG org.eclipse.jetty.io.ManagedSelector -- update org.eclipse.jetty.io.ManagedSelector$StopSelector@26c89563
09:34:41.186 [JettyServerThreadPool-53] DEBUG org.eclipse.jetty.io.ManagedSelector -- updates 0
09:34:41.186 [JettyServerThreadPool-53] DEBUG org.eclipse.jetty.util.thread.QueuedThreadPool -- ran org.eclipse.jetty.io.ManagedSelector$$Lambda/0x000001cc112fc348@24f870ee in QueuedThreadPool[JettyServerThreadPool]@77865933{STARTED,8<=9<=250,i=7,r=-1,t=59956ms,q=0}[ReservedThreadExecutor@3af7d855{reserved=1/12,pending=0}]
09:34:41.186 [JettyServerThreadPool-53] DEBUG org.eclipse.jetty.util.thread.QueuedThreadPool -- Evict check, period=60000ms QueuedThreadPool[JettyServerThreadPool]@77865933{STARTED,8<=9<=250,i=8,r=-1,t=59956ms,q=0}[ReservedThreadExecutor@3af7d855{reserved=1/12,pending=0}]
09:34:41.186 [main] DEBUG org.eclipse.jetty.util.component.AbstractLifeCycle -- STOPPING AdaptiveExecutionStrategy@d7109be/SelectorProducer@5e0ec41f/IDLE/p=false/QueuedThreadPool[JettyServerThreadPool]@77865933{STARTED,8<=9<=250,i=7,r=-1,t=59956ms,q=0}[ReservedThreadExecutor@3af7d855{reserved=1/12,pending=0}][pc=0,pic=0,pec=0,epc=0]@2025-09-02T09:34:41.1867928-03:00
09:34:41.186 [JettyServerThreadPool-53] DEBUG org.eclipse.jetty.util.thread.QueuedThreadPool -- Evict skipped, threshold=119956ms in the future QueuedThreadPool[JettyServerThreadPool]@77865933{STARTED,8<=9<=250,i=8,r=-1,t=59956ms,q=0}[ReservedThreadExecutor@3af7d855{reserved=1/12,pending=0}]
09:34:41.186 [main] DEBUG org.eclipse.jetty.util.component.AbstractLifeCycle -- STOPPED AdaptiveExecutionStrategy@d7109be/SelectorProducer@5e0ec41f/IDLE/p=false/QueuedThreadPool[JettyServerThreadPool]@77865933{STARTED,8<=9<=250,i=8,r=-1,t=59956ms,q=0}[ReservedThreadExecutor@3af7d855{reserved=1/12,pending=0}][pc=0,pic=0,pec=0,epc=0]@2025-09-02T09:34:41.1867928-03:00
09:34:41.186 [main] DEBUG org.eclipse.jetty.util.component.AbstractLifeCycle -- STOPPED ManagedSelector@f4a3a8d{STOPPED} id=0 keys=-1 selected=-1 updates=0
09:34:41.186 [main] DEBUG org.eclipse.jetty.util.component.AbstractLifeCycle -- STOPPED SelectorManager@ServerConnector@5ad5be4a{HTTP/1.1, (http/1.1)}{0.0.0.0:0}
09:34:41.186 [main] DEBUG org.eclipse.jetty.util.component.AbstractLifeCycle -- STOPPING HttpConnectionFactory@1b7a52dd[HTTP/1.1]
09:34:41.186 [main] DEBUG org.eclipse.jetty.util.component.AbstractLifeCycle -- STOPPED HttpConnectionFactory@1b7a52dd[HTTP/1.1]
09:34:41.186 [main] DEBUG org.eclipse.jetty.util.component.AbstractLifeCycle -- STOPPING ScheduledExecutorScheduler@3ad85136{STARTED}
09:34:41.186 [main] DEBUG org.eclipse.jetty.util.component.AbstractLifeCycle -- STOPPED ScheduledExecutorScheduler@3ad85136{STOPPED}
09:34:41.186 [main] INFO org.eclipse.jetty.server.AbstractConnector -- Stopped ServerConnector@5ad5be4a{HTTP/1.1, (http/1.1)}{0.0.0.0:0}
09:34:41.186 [main] DEBUG org.eclipse.jetty.util.component.AbstractLifeCycle -- STOPPED ServerConnector@5ad5be4a{HTTP/1.1, (http/1.1)}{0.0.0.0:0}
09:34:41.186 [main] DEBUG org.eclipse.jetty.server.handler.AbstractHandler -- stopping Server@4d18b73a{STOPPING}[11.0.20,sto=0]
09:34:41.186 [main] DEBUG org.eclipse.jetty.util.component.AbstractLifeCycle -- STOPPING DefaultSessionIdManager@71c17a57{STARTED}[worker=node0]
09:34:41.186 [main] DEBUG org.eclipse.jetty.util.component.AbstractLifeCycle -- STOPPING HouseKeeper@640ab13c{STARTED}[interval=600000, ownscheduler=true]
09:34:41.188 [main] DEBUG org.eclipse.jetty.server.session.HouseKeeper -- node0 stopped scavenging
09:34:41.188 [main] DEBUG org.eclipse.jetty.util.component.AbstractLifeCycle -- STOPPING ScheduledExecutorScheduler@1e0a864d{STARTED}
09:34:41.188 [main] DEBUG org.eclipse.jetty.util.component.AbstractLifeCycle -- STOPPED ScheduledExecutorScheduler@1e0a864d{STOPPED}
09:34:41.188 [main] DEBUG org.eclipse.jetty.util.component.AbstractLifeCycle -- STOPPED HouseKeeper@640ab13c{STOPPED}[interval=600000, ownscheduler=false]
09:34:41.188 [main] DEBUG org.eclipse.jetty.util.component.AbstractLifeCycle -- STOPPED DefaultSessionIdManager@71c17a57{STOPPED}[worker=node0]
09:34:41.188 [main] DEBUG org.eclipse.jetty.util.component.AbstractLifeCycle -- STOPPING DeflaterPool@3c87fdf2{STARTED,size=0,capacity=250}
09:34:41.188 [main] DEBUG org.eclipse.jetty.util.Pool -- Closing Pool@26bbe604[inUse=0,size=0,max=250,closed=false]
09:34:41.188 [main] DEBUG org.eclipse.jetty.util.component.AbstractLifeCycle -- STOPPED DeflaterPool@3c87fdf2{STOPPED,size=-1,capacity=250}
09:34:41.188 [main] DEBUG org.eclipse.jetty.util.component.AbstractLifeCycle -- STOPPING InflaterPool@4f5b08d{STARTED,size=0,capacity=250}
09:34:41.188 [main] DEBUG org.eclipse.jetty.util.Pool -- Closing Pool@529c2a9a[inUse=0,size=0,max=250,closed=false]
09:34:41.188 [main] DEBUG org.eclipse.jetty.util.component.AbstractLifeCycle -- STOPPED InflaterPool@4f5b08d{STOPPED,size=-1,capacity=250}
09:34:41.188 [main] DEBUG org.eclipse.jetty.util.component.AbstractLifeCycle -- STOPPING ErrorHandler@1d1cbd0f{STARTED}
09:34:41.188 [main] DEBUG org.eclipse.jetty.server.handler.AbstractHandler -- stopping ErrorHandler@1d1cbd0f{STOPPING}
09:34:41.188 [main] DEBUG org.eclipse.jetty.util.component.AbstractLifeCycle -- STOPPED ErrorHandler@1d1cbd0f{STOPPED}
09:34:41.188 [main] DEBUG org.eclipse.jetty.util.component.AbstractLifeCycle -- STOPPING StatisticsHandler@4c2af006{STARTED,r=0,d=0}
09:34:41.188 [main] DEBUG org.eclipse.jetty.server.handler.AbstractHandler -- stopping StatisticsHandler@4c2af006{STOPPING,r=0,d=0}
09:34:41.188 [main] DEBUG org.eclipse.jetty.util.component.AbstractLifeCycle -- STOPPING o.e.j.s.ServletContextHandler@44032fde{/,null,AVAILABLE}
09:34:41.188 [main] DEBUG org.eclipse.jetty.util.component.AbstractLifeCycle -- STOPPING WebSocketServerComponents@2c8c16c0{STARTED}
09:34:41.188 [main] DEBUG org.eclipse.jetty.util.component.AbstractLifeCycle -- STOPPED WebSocketServerComponents@2c8c16c0{STOPPED}
09:34:41.188 [main] DEBUG org.eclipse.jetty.util.component.AbstractLifeCycle -- STOPPING JettyWebSocketServerContainer@4b039c6d{STARTED}
09:34:41.188 [main] DEBUG org.eclipse.jetty.util.component.AbstractLifeCycle -- STOPPING SessionTracker@507d64aa{STARTED}
09:34:41.188 [main] DEBUG org.eclipse.jetty.util.component.AbstractLifeCycle -- STOPPED SessionTracker@507d64aa{STOPPED}
09:34:41.188 [main] DEBUG org.eclipse.jetty.util.component.AbstractLifeCycle -- STOPPING JettyServerFrameHandlerFactory@7f5b9db{STARTED}
09:34:41.188 [main] DEBUG org.eclipse.jetty.util.component.AbstractLifeCycle -- STOPPED JettyServerFrameHandlerFactory@7f5b9db{STOPPED}
09:34:41.188 [main] DEBUG org.eclipse.jetty.util.component.AbstractLifeCycle -- STOPPED JettyWebSocketServerContainer@4b039c6d{STOPPED}
09:34:41.188 [main] DEBUG org.eclipse.jetty.server.handler.AbstractHandler -- stopping o.e.j.s.ServletContextHandler@44032fde{/,null,STOPPED}
09:34:41.188 [main] DEBUG org.eclipse.jetty.util.component.AbstractLifeCycle -- STOPPING org.eclipse.jetty.server.session.SessionHandler1130153977==dftMaxIdleSec=-1
09:34:41.188 [main] DEBUG org.eclipse.jetty.server.session.DefaultSessionCache -- Shutdown sessions, invalidating = false
09:34:41.188 [main] DEBUG org.eclipse.jetty.util.component.AbstractLifeCycle -- STOPPING org.eclipse.jetty.server.session.DefaultSessionCache@60b34931[evict=-1,removeUnloadable=false,saveOnCreate=false,saveOnInactiveEvict=false]
09:34:41.188 [main] DEBUG org.eclipse.jetty.util.component.AbstractLifeCycle -- STOPPING org.eclipse.jetty.server.session.NullSessionDataStore@4aa21f9d[passivating=false,graceSec=3600]
09:34:41.188 [main] DEBUG org.eclipse.jetty.util.component.AbstractLifeCycle -- STOPPED org.eclipse.jetty.server.session.NullSessionDataStore@4aa21f9d[passivating=false,graceSec=3600]
09:34:41.188 [main] DEBUG org.eclipse.jetty.util.component.AbstractLifeCycle -- STOPPED org.eclipse.jetty.server.session.DefaultSessionCache@60b34931[evict=-1,removeUnloadable=false,saveOnCreate=false,saveOnInactiveEvict=false]
09:34:41.188 [main] DEBUG org.eclipse.jetty.util.component.AbstractLifeCycle -- STOPPING ScheduledExecutorScheduler@4527f70a{STARTED}
09:34:41.188 [main] DEBUG org.eclipse.jetty.util.component.AbstractLifeCycle -- STOPPED ScheduledExecutorScheduler@4527f70a{STOPPED}
09:34:41.188 [main] DEBUG org.eclipse.jetty.server.handler.AbstractHandler -- stopping org.eclipse.jetty.server.session.SessionHandler1130153977==dftMaxIdleSec=-1
09:34:41.188 [main] DEBUG org.eclipse.jetty.util.component.AbstractLifeCycle -- STOPPING ServletHandler@5578be42{STARTED}
09:34:41.188 [main] DEBUG org.eclipse.jetty.server.handler.AbstractHandler -- stopping ServletHandler@5578be42{STOPPING}
09:34:41.188 [main] DEBUG org.eclipse.jetty.util.component.AbstractLifeCycle -- STOPPING org.eclipse.jetty.servlet.ServletHandler$Default404Servlet-527fc8e==org.eclipse.jetty.servlet.ServletHandler$Default404Servlet@80c12cd0{jsp=null,order=-1,inst=false,async=true,src=EMBEDDED:null,STARTED}
09:34:41.188 [main] DEBUG org.eclipse.jetty.util.component.AbstractLifeCycle -- STOPPED org.eclipse.jetty.servlet.ServletHandler$Default404Servlet-527fc8e==org.eclipse.jetty.servlet.ServletHandler$Default404Servlet@80c12cd0{jsp=null,order=-1,inst=false,async=true,src=EMBEDDED:null,STOPPED}
09:34:41.188 [main] DEBUG org.eclipse.jetty.util.component.AbstractLifeCycle -- STOPPING io.javalin.jetty.JavalinJettyServlet-4364712f==io.javalin.jetty.JavalinJettyServlet@534a7579{jsp=null,order=-1,inst=true,async=true,src=EMBEDDED:null,STARTED}
09:34:41.188 [main] DEBUG org.eclipse.jetty.util.component.AbstractLifeCycle -- STOPPED io.javalin.jetty.JavalinJettyServlet-4364712f==io.javalin.jetty.JavalinJettyServlet@534a7579{jsp=null,order=-1,inst=false,async=true,src=EMBEDDED:null,STOPPED}
09:34:41.190 [main] DEBUG org.eclipse.jetty.servlet.ServletHandler -- Path=/*[EMBEDDED:null] mapped to servlet=io.javalin.jetty.JavalinJettyServlet-4364712f[EMBEDDED:null]
09:34:41.190 [main] DEBUG org.eclipse.jetty.http.pathmap.ServletPathSpec -- Creating ServletPathSpec[/*] (group: PREFIX_GLOB, prefix: "", suffix: "null")
09:34:41.190 [main] DEBUG org.eclipse.jetty.http.pathmap.PathMappings -- Added MappedResource[pathSpec=ServletPathSpec@9457a78e{/*},resource=MappedServlet40e32762{/*->io.javalin.jetty.JavalinJettyServlet-4364712f==io.javalin.jetty.JavalinJettyServlet@534a7579{jsp=null,order=-1,inst=false,async=true,src=EMBEDDED:null,STOPPED}}] to PathMappings[size=1]
09:34:41.190 [main] DEBUG org.eclipse.jetty.servlet.ServletHandler -- filterNameMap={} pathFilters=[] servletFilterMap={} servletPathMap=PathMappings[size=1] servletNameMap={io.javalin.jetty.JavalinJettyServlet-4364712f=MappedServlet5a8ab2{null->io.javalin.jetty.JavalinJettyServlet-4364712f==io.javalin.jetty.JavalinJettyServlet@534a7579{jsp=null,order=-1,inst=false,async=true,src=EMBEDDED:null,STOPPED}}}
09:34:41.190 [main] DEBUG org.eclipse.jetty.util.component.AbstractLifeCycle -- STOPPED ServletHandler@5578be42{STOPPED}
09:34:41.190 [main] DEBUG org.eclipse.jetty.util.component.AbstractLifeCycle -- STOPPED org.eclipse.jetty.server.session.SessionHandler1130153977==dftMaxIdleSec=-1
09:34:41.190 [main] DEBUG org.eclipse.jetty.util.component.AbstractLifeCycle -- STOPPING ServletContainerInitializerStarter@4e49ce2b{STARTED}
09:34:41.190 [main] DEBUG org.eclipse.jetty.util.component.AbstractLifeCycle -- STOPPING ContainerInitializer{org.eclipse.jetty.websocket.server.config.JettyWebSocketServletContainerInitializer,interested=[],applicable=[],annotated=[]}
09:34:41.190 [main] DEBUG org.eclipse.jetty.util.component.AbstractLifeCycle -- STOPPED ContainerInitializer{org.eclipse.jetty.websocket.server.config.JettyWebSocketServletContainerInitializer,interested=[],applicable=[],annotated=[]}
09:34:41.190 [main] DEBUG org.eclipse.jetty.util.component.AbstractLifeCycle -- STOPPED ServletContainerInitializerStarter@4e49ce2b{STOPPED}
09:34:41.190 [main] INFO org.eclipse.jetty.server.handler.ContextHandler -- Stopped o.e.j.s.ServletContextHandler@44032fde{/,null,STOPPED}
09:34:41.190 [main] DEBUG org.eclipse.jetty.util.component.AbstractLifeCycle -- STOPPED o.e.j.s.ServletContextHandler@44032fde{/,null,STOPPED}
09:34:41.190 [main] DEBUG org.eclipse.jetty.util.component.AbstractLifeCycle -- STOPPED StatisticsHandler@4c2af006{STOPPED,r=0,d=0}
09:34:41.190 [main] DEBUG org.eclipse.jetty.util.component.AbstractLifeCycle -- STOPPING LowResourceMonitor@52ff99cd{STARTED}
09:34:41.190 [main] DEBUG org.eclipse.jetty.util.component.AbstractLifeCycle -- STOPPING LRMScheduler@cda6019{STARTED}
09:34:41.190 [main] DEBUG org.eclipse.jetty.util.component.AbstractLifeCycle -- STOPPED LRMScheduler@cda6019{STOPPED}
09:34:41.190 [main] DEBUG org.eclipse.jetty.util.component.AbstractLifeCycle -- STOPPED LowResourceMonitor@52ff99cd{STOPPED}
09:34:41.190 [main] DEBUG org.eclipse.jetty.util.component.AbstractLifeCycle -- STOPPING AttributeContainerMap@177515d1{size=1}
09:34:41.190 [main] DEBUG org.eclipse.jetty.util.component.AbstractLifeCycle -- STOPPED AttributeContainerMap@177515d1{size=1}
09:34:41.190 [main] DEBUG org.eclipse.jetty.util.component.AbstractLifeCycle -- STOPPING QueuedThreadPool[JettyServerThreadPool]@77865933{STARTED,8<=9<=250,i=8,r=-1,t=59952ms,q=0}[ReservedThreadExecutor@3af7d855{reserved=1/12,pending=0}]
09:34:41.190 [main] DEBUG org.eclipse.jetty.util.thread.QueuedThreadPool -- Stopping QueuedThreadPool[JettyServerThreadPool]@77865933{STOPPING,8<=9<=250,i=8,r=-1,t=59952ms,q=0}[ReservedThreadExecutor@3af7d855{reserved=1/12,pending=0}]
09:34:41.190 [main] DEBUG org.eclipse.jetty.util.component.AbstractLifeCycle -- STOPPING ReservedThreadExecutor@3af7d855{reserved=1/12,pending=0}
09:34:41.190 [main] DEBUG org.eclipse.jetty.util.component.AbstractLifeCycle -- STOPPED ReservedThreadExecutor@3af7d855{reserved=-1/12,pending=0}
09:34:41.190 [JettyServerThreadPool-59] DEBUG org.eclipse.jetty.util.thread.ReservedThreadExecutor -- ReservedThread@6c8acc61{RESERVED,thread=Thread[#59,JettyServerThreadPool-59,5,main]} task=STOP ReservedThreadExecutor@3af7d855{reserved=-1/12,pending=0}
09:34:41.190 [JettyServerThreadPool-60] DEBUG org.eclipse.jetty.util.thread.QueuedThreadPool -- run org.eclipse.jetty.util.thread.QueuedThreadPool$$Lambda/0x000001cc112a7130@32fc3a5b in QueuedThreadPool[JettyServerThreadPool]@77865933{STOPPING,8<=0<=250,i=8,r=-1,t=59952ms,q=0}[NO_TRY]
09:34:41.190 [JettyServerThreadPool-60] DEBUG org.eclipse.jetty.util.thread.QueuedThreadPool -- ran org.eclipse.jetty.util.thread.QueuedThreadPool$$Lambda/0x000001cc112a7130@32fc3a5b in QueuedThreadPool[JettyServerThreadPool]@77865933{STOPPING,8<=0<=250,i=8,r=-1,t=59952ms,q=0}[NO_TRY]
09:34:41.190 [JettyServerThreadPool-60] DEBUG org.eclipse.jetty.util.thread.QueuedThreadPool -- Evict skipped, no excess threads QueuedThreadPool[JettyServerThreadPool]@77865933{STOPPING,8<=0<=250,i=9,r=-1,t=59951ms,q=0}[NO_TRY]
09:34:41.190 [JettyServerThreadPool-57] DEBUG org.eclipse.jetty.util.thread.QueuedThreadPool -- run org.eclipse.jetty.util.thread.QueuedThreadPool$$Lambda/0x000001cc112a7130@32fc3a5b in QueuedThreadPool[JettyServerThreadPool]@77865933{STOPPING,8<=0<=250,i=9,r=-1,t=59951ms,q=0}[NO_TRY]
09:34:41.190 [JettyServerThreadPool-55] DEBUG org.eclipse.jetty.util.thread.QueuedThreadPool -- run org.eclipse.jetty.util.thread.QueuedThreadPool$$Lambda/0x000001cc112a7130@32fc3a5b in QueuedThreadPool[JettyServerThreadPool]@77865933{STOPPING,8<=0<=250,i=9,r=-1,t=59951ms,q=0}[NO_TRY]
09:34:41.190 [main] DEBUG org.eclipse.jetty.util.thread.QueuedThreadPool -- Waiting for Thread[#53,JettyServerThreadPool-53,5,main] for 2499
09:34:41.192 [JettyServerThreadPool-55] DEBUG org.eclipse.jetty.util.thread.QueuedThreadPool -- ran org.eclipse.jetty.util.thread.QueuedThreadPool$$Lambda/0x000001cc112a7130@32fc3a5b in QueuedThreadPool[JettyServerThreadPool]@77865933{STOPPING,8<=0<=250,i=9,r=-1,t=59951ms,q=0}[NO_TRY]
09:34:41.190 [JettyServerThreadPool-59] DEBUG org.eclipse.jetty.util.thread.ReservedThreadExecutor -- ReservedThread@6c8acc61{RESERVED,thread=Thread[#59,JettyServerThreadPool-59,5,main]} exited ReservedThreadExecutor@3af7d855{reserved=-1/12,pending=0}
09:34:41.190 [JettyServerThreadPool-58] DEBUG org.eclipse.jetty.util.thread.QueuedThreadPool -- run org.eclipse.jetty.util.thread.QueuedThreadPool$$Lambda/0x000001cc112a7130@32fc3a5b in QueuedThreadPool[JettyServerThreadPool]@77865933{STOPPING,8<=0<=250,i=8,r=-1,t=59952ms,q=0}[NO_TRY]
09:34:41.190 [JettyServerThreadPool-60] DEBUG org.eclipse.jetty.util.thread.QueuedThreadPool -- Thread[#60,JettyServerThreadPool-60,5,main] exited for QueuedThreadPool[JettyServerThreadPool]@77865933{STOPPING,8<=0<=250,i=9,r=-1,t=59951ms,q=0}[NO_TRY]
09:34:41.193 [JettyServerThreadPool-58] DEBUG org.eclipse.jetty.util.thread.QueuedThreadPool -- ran org.eclipse.jetty.util.thread.QueuedThreadPool$$Lambda/0x000001cc112a7130@32fc3a5b in QueuedThreadPool[JettyServerThreadPool]@77865933{STOPPING,8<=0<=250,i=10,r=-1,t=59951ms,q=0}[NO_TRY]
09:34:41.190 [JettyServerThreadPool-56] DEBUG org.eclipse.jetty.util.thread.QueuedThreadPool -- run org.eclipse.jetty.util.thread.QueuedThreadPool$$Lambda/0x000001cc112a7130@32fc3a5b in QueuedThreadPool[JettyServerThreadPool]@77865933{STOPPING,8<=0<=250,i=9,r=-1,t=59951ms,q=0}[NO_TRY]
09:34:41.193 [JettyServerThreadPool-58] DEBUG org.eclipse.jetty.util.thread.QueuedThreadPool -- Evict skipped, no excess threads QueuedThreadPool[JettyServerThreadPool]@77865933{STOPPING,8<=0<=250,i=11,r=-1,t=59951ms,q=0}[NO_TRY]
09:34:41.190 [JettyServerThreadPool-57] DEBUG org.eclipse.jetty.util.thread.QueuedThreadPool -- ran org.eclipse.jetty.util.thread.QueuedThreadPool$$Lambda/0x000001cc112a7130@32fc3a5b in QueuedThreadPool[JettyServerThreadPool]@77865933{STOPPING,8<=0<=250,i=9,r=-1,t=59951ms,q=0}[NO_TRY]
09:34:41.193 [JettyServerThreadPool-58] DEBUG org.eclipse.jetty.util.thread.QueuedThreadPool -- Thread[#58,JettyServerThreadPool-58,5,main] exited for QueuedThreadPool[JettyServerThreadPool]@77865933{STOPPING,8<=0<=250,i=11,r=-1,t=59951ms,q=0}[NO_TRY]
09:34:41.193 [JettyServerThreadPool-57] DEBUG org.eclipse.jetty.util.thread.QueuedThreadPool -- Evict skipped, no excess threads QueuedThreadPool[JettyServerThreadPool]@77865933{STOPPING,8<=0<=250,i=12,r=-1,t=59951ms,q=0}[NO_TRY]
09:34:41.193 [JettyServerThreadPool-56] DEBUG org.eclipse.jetty.util.thread.QueuedThreadPool -- ran org.eclipse.jetty.util.thread.QueuedThreadPool$$Lambda/0x000001cc112a7130@32fc3a5b in QueuedThreadPool[JettyServerThreadPool]@77865933{STOPPING,8<=0<=250,i=11,r=-1,t=59951ms,q=0}[NO_TRY]
09:34:41.192 [JettyServerThreadPool-67] DEBUG org.eclipse.jetty.util.thread.QueuedThreadPool -- run org.eclipse.jetty.util.thread.QueuedThreadPool$$Lambda/0x000001cc112a7130@32fc3a5b in QueuedThreadPool[JettyServerThreadPool]@77865933{STOPPING,8<=0<=250,i=9,r=-1,t=59951ms,q=0}[NO_TRY]
09:34:41.192 [JettyServerThreadPool-54] DEBUG org.eclipse.jetty.util.thread.QueuedThreadPool -- run org.eclipse.jetty.util.thread.QueuedThreadPool$$Lambda/0x000001cc112a7130@32fc3a5b in QueuedThreadPool[JettyServerThreadPool]@77865933{STOPPING,8<=0<=250,i=9,r=-1,t=59951ms,q=0}[NO_TRY]
09:34:41.192 [JettyServerThreadPool-53] DEBUG org.eclipse.jetty.util.thread.QueuedThreadPool -- run org.eclipse.jetty.util.thread.QueuedThreadPool$$Lambda/0x000001cc112a7130@32fc3a5b in QueuedThreadPool[JettyServerThreadPool]@77865933{STOPPING,8<=0<=250,i=10,r=-1,t=59951ms,q=0}[NO_TRY]
09:34:41.193 [JettyServerThreadPool-56] DEBUG org.eclipse.jetty.util.thread.QueuedThreadPool -- Evict skipped, no excess threads QueuedThreadPool[JettyServerThreadPool]@77865933{STOPPING,8<=0<=250,i=13,r=-1,t=59950ms,q=0}[NO_TRY]
09:34:41.192 [JettyServerThreadPool-59] DEBUG org.eclipse.jetty.util.thread.QueuedThreadPool -- ran ReservedThread@6c8acc61{RESERVED,thread=null} in QueuedThreadPool[JettyServerThreadPool]@77865933{STOPPING,8<=0<=250,i=11,r=-1,t=59951ms,q=0}[NO_TRY]
09:34:41.192 [JettyServerThreadPool-55] DEBUG org.eclipse.jetty.util.thread.QueuedThreadPool -- Evict skipped, no excess threads QueuedThreadPool[JettyServerThreadPool]@77865933{STOPPING,8<=0<=250,i=10,r=-1,t=59951ms,q=0}[NO_TRY]
09:34:41.193 [JettyServerThreadPool-56] DEBUG org.eclipse.jetty.util.thread.QueuedThreadPool -- Thread[#56,JettyServerThreadPool-56,5,main] exited for QueuedThreadPool[JettyServerThreadPool]@77865933{STOPPING,8<=0<=250,i=13,r=-1,t=59939ms,q=0}[NO_TRY]
09:34:41.193 [JettyServerThreadPool-57] DEBUG org.eclipse.jetty.util.thread.QueuedThreadPool -- Thread[#57,JettyServerThreadPool-57,5,main] exited for QueuedThreadPool[JettyServerThreadPool]@77865933{STOPPING,8<=0<=250,i=12,r=-1,t=59950ms,q=0}[NO_TRY]
09:34:41.204 [JettyServerThreadPool-55] DEBUG org.eclipse.jetty.util.thread.QueuedThreadPool -- Thread[#55,JettyServerThreadPool-55,5,main] exited for QueuedThreadPool[JettyServerThreadPool]@77865933{STOPPING,8<=0<=250,i=14,r=-1,t=59939ms,q=0}[NO_TRY]
09:34:41.204 [JettyServerThreadPool-59] DEBUG org.eclipse.jetty.util.thread.QueuedThreadPool -- Evict skipped, no excess threads QueuedThreadPool[JettyServerThreadPool]@77865933{STOPPING,8<=0<=250,i=14,r=-1,t=59939ms,q=0}[NO_TRY]
09:34:41.193 [JettyServerThreadPool-54] DEBUG org.eclipse.jetty.util.thread.QueuedThreadPool -- ran org.eclipse.jetty.util.thread.QueuedThreadPool$$Lambda/0x000001cc112a7130@32fc3a5b in QueuedThreadPool[JettyServerThreadPool]@77865933{STOPPING,8<=0<=250,i=13,r=-1,t=59950ms,q=0}[NO_TRY]
09:34:41.205 [JettyServerThreadPool-54] DEBUG org.eclipse.jetty.util.thread.QueuedThreadPool -- Evict skipped, no excess threads QueuedThreadPool[JettyServerThreadPool]@77865933{STOPPING,8<=0<=250,i=15,r=-1,t=59939ms,q=0}[NO_TRY]
09:34:41.205 [JettyServerThreadPool-59] DEBUG org.eclipse.jetty.util.thread.QueuedThreadPool -- Thread[#59,JettyServerThreadPool-59,5,main] exited for QueuedThreadPool[JettyServerThreadPool]@77865933{STOPPING,8<=0<=250,i=14,r=-1,t=59939ms,q=0}[NO_TRY]
09:34:41.205 [JettyServerThreadPool-54] DEBUG org.eclipse.jetty.util.thread.QueuedThreadPool -- Thread[#54,JettyServerThreadPool-54,5,main] exited for QueuedThreadPool[JettyServerThreadPool]@77865933{STOPPING,8<=0<=250,i=15,r=-1,t=59938ms,q=0}[NO_TRY]
09:34:41.193 [JettyServerThreadPool-53] DEBUG org.eclipse.jetty.util.thread.QueuedThreadPool -- ran org.eclipse.jetty.util.thread.QueuedThreadPool$$Lambda/0x000001cc112a7130@32fc3a5b in QueuedThreadPool[JettyServerThreadPool]@77865933{STOPPING,8<=0<=250,i=13,r=-1,t=59950ms,q=0}[NO_TRY]
09:34:41.207 [JettyServerThreadPool-53] DEBUG org.eclipse.jetty.util.thread.QueuedThreadPool -- Evict skipped, no excess threads QueuedThreadPool[JettyServerThreadPool]@77865933{STOPPING,8<=0<=250,i=16,r=-1,t=59937ms,q=0}[NO_TRY]
09:34:41.207 [JettyServerThreadPool-53] DEBUG org.eclipse.jetty.util.thread.QueuedThreadPool -- Thread[#53,JettyServerThreadPool-53,5,main] exited for QueuedThreadPool[JettyServerThreadPool]@77865933{STOPPING,8<=0<=250,i=16,r=-1,t=59936ms,q=0}[NO_TRY]
09:34:41.208 [main] DEBUG org.eclipse.jetty.util.thread.QueuedThreadPool -- Waiting for Thread[#55,JettyServerThreadPool-55,5,] for 2484
09:34:41.208 [main] DEBUG org.eclipse.jetty.util.thread.QueuedThreadPool -- Waiting for Thread[#67,JettyServerThreadPool-67,5,main] for 2483
09:34:41.193 [JettyServerThreadPool-67] DEBUG org.eclipse.jetty.util.thread.QueuedThreadPool -- ran org.eclipse.jetty.util.thread.QueuedThreadPool$$Lambda/0x000001cc112a7130@32fc3a5b in QueuedThreadPool[JettyServerThreadPool]@77865933{STOPPING,8<=0<=250,i=13,r=-1,t=59950ms,q=0}[NO_TRY]
09:34:41.208 [JettyServerThreadPool-67] DEBUG org.eclipse.jetty.util.thread.QueuedThreadPool -- Evict skipped, no excess threads QueuedThreadPool[JettyServerThreadPool]@77865933{STOPPING,8<=0<=250,i=17,r=-1,t=59935ms,q=0}[NO_TRY]
09:34:41.209 [JettyServerThreadPool-67] DEBUG org.eclipse.jetty.util.thread.QueuedThreadPool -- Thread[#67,JettyServerThreadPool-67,5,main] exited for QueuedThreadPool[JettyServerThreadPool]@77865933{STOPPING,8<=0<=250,i=17,r=-1,t=59934ms,q=0}[NO_TRY]
09:34:41.211 [main] DEBUG org.eclipse.jetty.util.component.AbstractLifeCycle -- STOPPED QueuedThreadPool[JettyServerThreadPool]@77865933{STOPPED,8<=0<=250,i=17,r=-1,t=59933ms,q=0}[NO_TRY]
09:34:41.211 [main] DEBUG org.eclipse.jetty.util.component.AbstractLifeCycle -- STOPPED Server@4d18b73a{STOPPED}[11.0.20,sto=0]
09:34:41.211 [main] INFO io.javalin.Javalin -- Javalin has stopped
]]></system-out>
  </testcase>
</testsuite>