<?xml version="1.0" encoding="UTF-8"?>
<testsuite xmlns:xsi="http://www.w3.org/2001/XMLSchema-instance" xsi:noNamespaceSchemaLocation="https://maven.apache.org/surefire/maven-surefire-plugin/xsd/surefire-test-report-3.0.xsd" version="3.0" name="br.com.espacovista.service.strategies.ValidadeStandardStrategyTest" time="0.024" tests="1" errors="0" skipped="0" failures="0">
  <properties>
    <property name="java.specification.version" value="21"/>
    <property name="sun.cpu.isalist" value="amd64"/>
    <property name="sun.jnu.encoding" value="Cp1252"/>
    <property name="java.class.path" value="C:\Users\vista\OneDrive\Área de Trabalho\Desenvolvimento\app-impressora-etiquetas\backend\target\test-classes;C:\Users\vista\OneDrive\Área de Trabalho\Desenvolvimento\app-impressora-etiquetas\backend\target\classes;C:\Users\vista\.m2\repository\io\javalin\javalin\6.1.3\javalin-6.1.3.jar;C:\Users\vista\.m2\repository\org\eclipse\jetty\jetty-server\11.0.20\jetty-server-11.0.20.jar;C:\Users\vista\.m2\repository\org\eclipse\jetty\jetty-http\11.0.20\jetty-http-11.0.20.jar;C:\Users\vista\.m2\repository\org\eclipse\jetty\jetty-util\11.0.20\jetty-util-11.0.20.jar;C:\Users\vista\.m2\repository\org\eclipse\jetty\jetty-io\11.0.20\jetty-io-11.0.20.jar;C:\Users\vista\.m2\repository\org\eclipse\jetty\toolchain\jetty-jakarta-servlet-api\5.0.2\jetty-jakarta-servlet-api-5.0.2.jar;C:\Users\vista\.m2\repository\org\eclipse\jetty\websocket\websocket-jetty-server\11.0.20\websocket-jetty-server-11.0.20.jar;C:\Users\vista\.m2\repository\org\eclipse\jetty\jetty-servlet\11.0.20\jetty-servlet-11.0.20.jar;C:\Users\vista\.m2\repository\org\eclipse\jetty\jetty-security\11.0.20\jetty-security-11.0.20.jar;C:\Users\vista\.m2\repository\org\eclipse\jetty\jetty-webapp\11.0.20\jetty-webapp-11.0.20.jar;C:\Users\vista\.m2\repository\org\eclipse\jetty\jetty-xml\11.0.20\jetty-xml-11.0.20.jar;C:\Users\vista\.m2\repository\org\eclipse\jetty\websocket\websocket-jetty-api\11.0.20\websocket-jetty-api-11.0.20.jar;C:\Users\vista\.m2\repository\org\eclipse\jetty\websocket\websocket-jetty-common\11.0.20\websocket-jetty-common-11.0.20.jar;C:\Users\vista\.m2\repository\org\eclipse\jetty\websocket\websocket-core-common\11.0.20\websocket-core-common-11.0.20.jar;C:\Users\vista\.m2\repository\org\eclipse\jetty\websocket\websocket-servlet\11.0.20\websocket-servlet-11.0.20.jar;C:\Users\vista\.m2\repository\org\eclipse\jetty\websocket\websocket-core-server\11.0.20\websocket-core-server-11.0.20.jar;C:\Users\vista\.m2\repository\org\jetbrains\kotlin\kotlin-stdlib-jdk8\1.9.22\kotlin-stdlib-jdk8-1.9.22.jar;C:\Users\vista\.m2\repository\org\jetbrains\kotlin\kotlin-stdlib\1.9.22\kotlin-stdlib-1.9.22.jar;C:\Users\vista\.m2\repository\org\jetbrains\annotations\13.0\annotations-13.0.jar;C:\Users\vista\.m2\repository\org\jetbrains\kotlin\kotlin-stdlib-jdk7\1.9.22\kotlin-stdlib-jdk7-1.9.22.jar;C:\Users\vista\.m2\repository\org\slf4j\slf4j-api\2.0.13\slf4j-api-2.0.13.jar;C:\Users\vista\.m2\repository\ch\qos\logback\logback-classic\1.5.6\logback-classic-1.5.6.jar;C:\Users\vista\.m2\repository\ch\qos\logback\logback-core\1.5.6\logback-core-1.5.6.jar;C:\Users\vista\.m2\repository\com\google\code\gson\gson\2.11.0\gson-2.11.0.jar;C:\Users\vista\.m2\repository\com\google\errorprone\error_prone_annotations\2.27.0\error_prone_annotations-2.27.0.jar;C:\Users\vista\.m2\repository\org\junit\jupiter\junit-jupiter-api\5.10.2\junit-jupiter-api-5.10.2.jar;C:\Users\vista\.m2\repository\org\opentest4j\opentest4j\1.3.0\opentest4j-1.3.0.jar;C:\Users\vista\.m2\repository\org\junit\platform\junit-platform-commons\1.10.2\junit-platform-commons-1.10.2.jar;C:\Users\vista\.m2\repository\org\apiguardian\apiguardian-api\1.1.2\apiguardian-api-1.1.2.jar;C:\Users\vista\.m2\repository\org\junit\jupiter\junit-jupiter-engine\5.10.2\junit-jupiter-engine-5.10.2.jar;C:\Users\vista\.m2\repository\org\junit\platform\junit-platform-engine\1.10.2\junit-platform-engine-1.10.2.jar;C:\Users\vista\.m2\repository\org\mockito\mockito-core\5.12.0\mockito-core-5.12.0.jar;C:\Users\vista\.m2\repository\net\bytebuddy\byte-buddy\1.14.15\byte-buddy-1.14.15.jar;C:\Users\vista\.m2\repository\net\bytebuddy\byte-buddy-agent\1.14.15\byte-buddy-agent-1.14.15.jar;C:\Users\vista\.m2\repository\org\objenesis\objenesis\3.3\objenesis-3.3.jar;C:\Users\vista\.m2\repository\org\mockito\mockito-junit-jupiter\5.12.0\mockito-junit-jupiter-5.12.0.jar;C:\Users\vista\.m2\repository\fr\w3blog\zebra-zpl\0.0.3\zebra-zpl-0.0.3.jar;C:\Users\vista\.m2\repository\junit\junit\4.13.1\junit-4.13.1.jar;C:\Users\vista\.m2\repository\org\hamcrest\hamcrest-core\1.3\hamcrest-core-1.3.jar;"/>
    <property name="java.vm.vendor" value="Oracle Corporation"/>
    <property name="sun.arch.data.model" value="64"/>
    <property name="user.variant" value=""/>
    <property name="java.vendor.url" value="https://java.oracle.com/"/>
    <property name="user.timezone" value="America/Sao_Paulo"/>
    <property name="os.name" value="Windows 11"/>
    <property name="java.vm.specification.version" value="21"/>
    <property name="user.country" value="BR"/>
    <property name="sun.java.launcher" value="SUN_STANDARD"/>
    <property name="sun.boot.library.path" value="C:\Program Files\Java\jdk-21\bin"/>
    <property name="sun.java.command" value="C:\Users\vista\AppData\Local\Temp\surefire656355165037140248\surefirebooter-20250902093434859_3.jar C:\Users\vista\AppData\Local\Temp\surefire656355165037140248 2025-09-02T09-34-34_512-jvmRun1 surefire-20250902093434859_1tmp surefire_0-20250902093434859_2tmp"/>
    <property name="jdk.debug" value="release"/>
    <property name="surefire.test.class.path" value="C:\Users\vista\OneDrive\Área de Trabalho\Desenvolvimento\app-impressora-etiquetas\backend\target\test-classes;C:\Users\vista\OneDrive\Área de Trabalho\Desenvolvimento\app-impressora-etiquetas\backend\target\classes;C:\Users\vista\.m2\repository\io\javalin\javalin\6.1.3\javalin-6.1.3.jar;C:\Users\vista\.m2\repository\org\eclipse\jetty\jetty-server\11.0.20\jetty-server-11.0.20.jar;C:\Users\vista\.m2\repository\org\eclipse\jetty\jetty-http\11.0.20\jetty-http-11.0.20.jar;C:\Users\vista\.m2\repository\org\eclipse\jetty\jetty-util\11.0.20\jetty-util-11.0.20.jar;C:\Users\vista\.m2\repository\org\eclipse\jetty\jetty-io\11.0.20\jetty-io-11.0.20.jar;C:\Users\vista\.m2\repository\org\eclipse\jetty\toolchain\jetty-jakarta-servlet-api\5.0.2\jetty-jakarta-servlet-api-5.0.2.jar;C:\Users\vista\.m2\repository\org\eclipse\jetty\websocket\websocket-jetty-server\11.0.20\websocket-jetty-server-11.0.20.jar;C:\Users\vista\.m2\repository\org\eclipse\jetty\jetty-servlet\11.0.20\jetty-servlet-11.0.20.jar;C:\Users\vista\.m2\repository\org\eclipse\jetty\jetty-security\11.0.20\jetty-security-11.0.20.jar;C:\Users\vista\.m2\repository\org\eclipse\jetty\jetty-webapp\11.0.20\jetty-webapp-11.0.20.jar;C:\Users\vista\.m2\repository\org\eclipse\jetty\jetty-xml\11.0.20\jetty-xml-11.0.20.jar;C:\Users\vista\.m2\repository\org\eclipse\jetty\websocket\websocket-jetty-api\11.0.20\websocket-jetty-api-11.0.20.jar;C:\Users\vista\.m2\repository\org\eclipse\jetty\websocket\websocket-jetty-common\11.0.20\websocket-jetty-common-11.0.20.jar;C:\Users\vista\.m2\repository\org\eclipse\jetty\websocket\websocket-core-common\11.0.20\websocket-core-common-11.0.20.jar;C:\Users\vista\.m2\repository\org\eclipse\jetty\websocket\websocket-servlet\11.0.20\websocket-servlet-11.0.20.jar;C:\Users\vista\.m2\repository\org\eclipse\jetty\websocket\websocket-core-server\11.0.20\websocket-core-server-11.0.20.jar;C:\Users\vista\.m2\repository\org\jetbrains\kotlin\kotlin-stdlib-jdk8\1.9.22\kotlin-stdlib-jdk8-1.9.22.jar;C:\Users\vista\.m2\repository\org\jetbrains\kotlin\kotlin-stdlib\1.9.22\kotlin-stdlib-1.9.22.jar;C:\Users\vista\.m2\repository\org\jetbrains\annotations\13.0\annotations-13.0.jar;C:\Users\vista\.m2\repository\org\jetbrains\kotlin\kotlin-stdlib-jdk7\1.9.22\kotlin-stdlib-jdk7-1.9.22.jar;C:\Users\vista\.m2\repository\org\slf4j\slf4j-api\2.0.13\slf4j-api-2.0.13.jar;C:\Users\vista\.m2\repository\ch\qos\logback\logback-classic\1.5.6\logback-classic-1.5.6.jar;C:\Users\vista\.m2\repository\ch\qos\logback\logback-core\1.5.6\logback-core-1.5.6.jar;C:\Users\vista\.m2\repository\com\google\code\gson\gson\2.11.0\gson-2.11.0.jar;C:\Users\vista\.m2\repository\com\google\errorprone\error_prone_annotations\2.27.0\error_prone_annotations-2.27.0.jar;C:\Users\vista\.m2\repository\org\junit\jupiter\junit-jupiter-api\5.10.2\junit-jupiter-api-5.10.2.jar;C:\Users\vista\.m2\repository\org\opentest4j\opentest4j\1.3.0\opentest4j-1.3.0.jar;C:\Users\vista\.m2\repository\org\junit\platform\junit-platform-commons\1.10.2\junit-platform-commons-1.10.2.jar;C:\Users\vista\.m2\repository\org\apiguardian\apiguardian-api\1.1.2\apiguardian-api-1.1.2.jar;C:\Users\vista\.m2\repository\org\junit\jupiter\junit-jupiter-engine\5.10.2\junit-jupiter-engine-5.10.2.jar;C:\Users\vista\.m2\repository\org\junit\platform\junit-platform-engine\1.10.2\junit-platform-engine-1.10.2.jar;C:\Users\vista\.m2\repository\org\mockito\mockito-core\5.12.0\mockito-core-5.12.0.jar;C:\Users\vista\.m2\repository\net\bytebuddy\byte-buddy\1.14.15\byte-buddy-1.14.15.jar;C:\Users\vista\.m2\repository\net\bytebuddy\byte-buddy-agent\1.14.15\byte-buddy-agent-1.14.15.jar;C:\Users\vista\.m2\repository\org\objenesis\objenesis\3.3\objenesis-3.3.jar;C:\Users\vista\.m2\repository\org\mockito\mockito-junit-jupiter\5.12.0\mockito-junit-jupiter-5.12.0.jar;C:\Users\vista\.m2\repository\fr\w3blog\zebra-zpl\0.0.3\zebra-zpl-0.0.3.jar;C:\Users\vista\.m2\repository\junit\junit\4.13.1\junit-4.13.1.jar;C:\Users\vista\.m2\repository\org\hamcrest\hamcrest-core\1.3\hamcrest-core-1.3.jar;"/>
    <property name="sun.cpu.endian" value="little"/>
    <property name="user.home" value="C:\Users\vista"/>
    <property name="user.language" value="pt"/>
    <property name="java.specification.vendor" value="Oracle Corporation"/>
    <property name="java.version.date" value="2025-04-15"/>
    <property name="java.home" value="C:\Program Files\Java\jdk-21"/>
    <property name="file.separator" value="\"/>
    <property name="basedir" value="C:\Users\vista\OneDrive\Área de Trabalho\Desenvolvimento\app-impressora-etiquetas\backend"/>
    <property name="style.color" value="always"/>
    <property name="java.vm.compressedOopsMode" value="32-bit"/>
    <property name="line.separator" value="&#10;"/>
    <property name="java.vm.specification.vendor" value="Oracle Corporation"/>
    <property name="java.specification.name" value="Java Platform API Specification"/>
    <property name="surefire.real.class.path" value="C:\Users\vista\AppData\Local\Temp\surefire656355165037140248\surefirebooter-20250902093434859_3.jar"/>
    <property name="user.script" value=""/>
    <property name="sun.management.compiler" value="HotSpot 64-Bit Tiered Compilers"/>
    <property name="java.runtime.version" value="21.0.7+8-LTS-245"/>
    <property name="user.name" value="vista"/>
    <property name="stdout.encoding" value="Cp1252"/>
    <property name="path.separator" value=";"/>
    <property name="os.version" value="10.0"/>
    <property name="java.runtime.name" value="Java(TM) SE Runtime Environment"/>
    <property name="file.encoding" value="UTF-8"/>
    <property name="java.vm.name" value="Java HotSpot(TM) 64-Bit Server VM"/>
    <property name="maven.ext.class.path" value="C:\Program Files\JetBrains\IntelliJ IDEA Community Edition 2025.1.2\plugins\maven\lib\maven-event-listener.jar"/>
    <property name="localRepository" value="C:\Users\vista\.m2\repository"/>
    <property name="java.vendor.url.bug" value="https://bugreport.java.com/bugreport/"/>
    <property name="jetty.git.hash" value="922f8dc188f7011e60d0361de585fd4ac4d63064"/>
    <property name="java.io.tmpdir" value="C:\Users\vista\AppData\Local\Temp\"/>
    <property name="idea.version" value="2025.2"/>
    <property name="java.version" value="21.0.7"/>
    <property name="user.dir" value="C:\Users\vista\OneDrive\Área de Trabalho\Desenvolvimento\app-impressora-etiquetas\backend"/>
    <property name="os.arch" value="amd64"/>
    <property name="jansi.passthrough" value="true"/>
    <property name="java.vm.specification.name" value="Java Virtual Machine Specification"/>
    <property name="sun.os.patch.level" value=""/>
    <property name="native.encoding" value="Cp1252"/>
    <property name="java.library.path" value="C:\Program Files\Java\jdk-21\bin;C:\WINDOWS\Sun\Java\bin;C:\WINDOWS\system32;C:\WINDOWS;C:\Program Files\Common Files\Oracle\Java\javapath;C:\WINDOWS\system32;C:\WINDOWS;C:\WINDOWS\System32\Wbem;C:\WINDOWS\System32\WindowsPowerShell\v1.0\;C:\WINDOWS\System32\OpenSSH\;C:\Program Files\dotnet\;C:\Program Files (x86)\OPOS\Epson3\;C:\Program Files\Git\cmd;C:\Program Files\nodejs\;C:\Program Files\MySQL\MySQL Shell 8.0\bin\;C:\Users\vista\AppData\Local\Programs\Python\Launcher\;c:\Users\vista\AppData\Local\Programs\Trae\bin;C:\Users\vista\AppData\Local\Microsoft\WindowsApps;C:\Users\vista\AppData\Local\Programs\Microsoft VS Code\bin;C:\Users\vista\AppData\Roaming\npm;."/>
    <property name="java.vm.info" value="mixed mode, sharing"/>
    <property name="stderr.encoding" value="Cp1252"/>
    <property name="java.vendor" value="Oracle Corporation"/>
    <property name="java.vm.version" value="21.0.7+8-LTS-245"/>
    <property name="sun.io.unicode.encoding" value="UnicodeLittle"/>
    <property name="java.class.version" value="65.0"/>
  </properties>
  <testcase name="generateZpl_forDoubleValidity_shouldGenerateTwoColumns" classname="br.com.espacovista.service.strategies.ValidadeStandardStrategyTest" time="0.021"/>
</testsuite>