<component name="libraryTable">
  <library name="junit-jupiter-api-6.0.0-M1">
    <CLASSES>
      <root url="jar://$PROJECT_DIR$/lib/junit-jupiter-api-6.0.0-M1.jar!/" />
    </CLASSES>
    <JAVADOC />
    <SOURCES />
  </library>
</component>